[I 2025-09-17 13:16:25,979] Trial 36 finished with value: 0.5 and parameters: {'num_leaves': 25, 'learning_rate': 0.16708130966082935, 'feature_fraction': 0.8715164022195837, 'bagging_fraction': 0.5640352713741082, 'bagging_freq': 3, 'min_child_samples': 47}. Best is trial 16 with value: 0.8472222222222222.
Training until validation scores don't improve for 50 rounds
Did not meet early stopping. Best iteration is:
[64]	valid_0's binary_logloss: 0.489925
Training until validation scores don't improve for 50 rounds
Did not meet early stopping. Best iteration is:
[70]	valid_0's binary_logloss: 0.573705
Training until validation scores don't improve for 50 rounds
Did not meet early stopping. Best iteration is:
[71]	valid_0's binary_logloss: 0.533958
Training until validation scores don't improve for 50 rounds
Early stopping, best iteration is:
[23]	valid_0's binary_logloss: 0.565239
Training until validation scores don't improve for 50 rounds
Did not meet early stopping. Best iteration is:
[62]	valid_0's binary_logloss: 0.584806
Training until validation scores don't improve for 50 rounds
Early stopping, best iteration is:
[41]	valid_0's binary_logloss: 0.516467
Training until validation scores don't improve for 50 rounds
Early stopping, best iteration is:
[30]	valid_0's binary_logloss: 0.549383
Training until validation scores don't improve for 50 rounds
Early stopping, best iteration is:
[33]	valid_0's binary_logloss: 0.547239
Training until validation scores don't improve for 50 rounds
Did not meet early stopping. Best iteration is:
[88]	valid_0's binary_logloss: 0.561438
Training until validation scores don't improve for 50 rounds
Early stopping, best iteration is:
[49]	valid_0's binary_logloss: 0.646407
Training until validation scores don't improve for 50 rounds
Did not meet early stopping. Best iteration is:
[100]	valid_0's binary_logloss: 0.55221
Training until validation scores don't improve for 50 rounds
Early stopping, best iteration is:
[1]	valid_0's binary_logloss: 0.657997
Training until validation scores don't improve for 50 rounds
Early stopping, best iteration is:
[49]	valid_0's binary_logloss: 0.395513
Training until validation scores don't improve for 50 rounds
Did not meet early stopping. Best iteration is:
[70]	valid_0's binary_logloss: 0.501948
Training until validation scores don't improve for 50 rounds
Early stopping, best iteration is:
[44]	valid_0's binary_logloss: 0.550024
Training until validation scores don't improve for 50 rounds
Early stopping, best iteration is:
[29]	valid_0's binary_logloss: 0.540095
Training until validation scores don't improve for 50 rounds
Did not meet early stopping. Best iteration is:
[60]	valid_0's binary_logloss: 0.522252
Training until validation scores don't improve for 50 rounds
Did not meet early stopping. Best iteration is:
[66]	valid_0's binary_logloss: 0.608923
Training until validation scores don't improve for 50 rounds
Early stopping, best iteration is:
[42]	valid_0's binary_logloss: 0.566422
Training until validation scores don't improve for 50 rounds
Early stopping, best iteration is:
[10]	valid_0's binary_logloss: 0.657997
Training until validation scores don't improve for 50 rounds
Early stopping, best iteration is:
[40]	valid_0's binary_logloss: 0.598058
Training until validation scores don't improve for 50 rounds
Did not meet early stopping. Best iteration is:
[86]	valid_0's binary_logloss: 0.586722
Training until validation scores don't improve for 50 rounds
Early stopping, best iteration is:
[15]	valid_0's binary_logloss: 0.673596
Training until validation scores don't improve for 50 rounds
Early stopping, best iteration is:
[41]	valid_0's binary_logloss: 0.673596
Training until validation scores don't improve for 50 rounds
Early stopping, best iteration is:
[9]	valid_0's binary_logloss: 0.673596
Training until validation scores don't improve for 50 rounds
Early stopping, best iteration is:
[9]	valid_0's binary_logloss: 0.673596
Training until validation scores don't improve for 50 rounds
Early stopping, best iteration is:
[40]	valid_0's binary_logloss: 0.673596
Training until validation scores don't improve for 50 rounds
Early stopping, best iteration is:
[25]	valid_0's binary_logloss: 0.553244
Training until validation scores don't improve for 50 rounds
Did not meet early stopping. Best iteration is:
[100]	valid_0's binary_logloss: 0.578082
Training until validation scores don't improve for 50 rounds
Early stopping, best iteration is:
[15]	valid_0's binary_logloss: 0.673596
Training until validation scores don't improve for 50 rounds
Early stopping, best iteration is:
[8]	valid_0's binary_logloss: 0.673596
Training until validation scores don't improve for 50 rounds
Early stopping, best iteration is:
[21]	valid_0's binary_logloss: 0.673596
Training until validation scores don't improve for 50 rounds
Did not meet early stopping. Best iteration is:
[97]	valid_0's binary_logloss: 0.598709
Training until validation scores don't improve for 50 rounds
Did not meet early stopping. Best iteration is:
[55]	valid_0's binary_logloss: 0.548378
Training until validation scores don't improve for 50 rounds
Early stopping, best iteration is:
[21]	valid_0's binary_logloss: 0.587223
Training until validation scores don't improve for 50 rounds
Early stopping, best iteration is:
[36]	valid_0's binary_logloss: 0.546197
Training until validation scores don't improve for 50 rounds
Did not meet early stopping. Best iteration is:
[80]	valid_0's binary_logloss: 0.528309
Training until validation scores don't improve for 50 rounds
Did not meet early stopping. Best iteration is:
[57]	valid_0's binary_logloss: 0.523159
Training until validation scores don't improve for 50 rounds
Early stopping, best iteration is:
[19]	valid_0's binary_logloss: 0.673596
Training until validation scores don't improve for 50 rounds
Early stopping, best iteration is:
[35]	valid_0's binary_logloss: 0.53919
Training until validation scores don't improve for 50 rounds
Early stopping, best iteration is:
[20]	valid_0's binary_logloss: 0.673596
Training until validation scores don't improve for 50 rounds
Early stopping, best iteration is:
[36]	valid_0's binary_logloss: 0.547614
Training until validation scores don't improve for 50 rounds
Early stopping, best iteration is:
[24]	valid_0's binary_logloss: 0.563773
Training until validation scores don't improve for 50 rounds
Early stopping, best iteration is:
[44]	valid_0's binary_logloss: 0.582549
Training until validation scores don't improve for 50 rounds
Early stopping, best iteration is:
[16]	valid_0's binary_logloss: 0.587085
Training until validation scores don't improve for 50 rounds
Early stopping, best iteration is:
[24]	valid_0's binary_logloss: 0.549166
Training until validation scores don't improve for 50 rounds
Did not meet early stopping. Best iteration is:
[90]	valid_0's binary_logloss: 0.567857
Training until validation scores don't improve for 50 rounds
Early stopping, best iteration is:
[2]	valid_0's binary_logloss: 0.673596
Training until validation scores don't improve for 50 rounds
Early stopping, best iteration is:
[39]	valid_0's binary_logloss: 0.548388
Training until validation scores don't improve for 50 rounds
Did not meet early stopping. Best iteration is:
[78]	valid_0's binary_logloss: 0.574165
Training until validation scores don't improve for 50 rounds
Early stopping, best iteration is:
[27]	valid_0's binary_logloss: 0.584097
Training until validation scores don't improve for 50 rounds
Did not meet early stopping. Best iteration is:
[90]	valid_0's binary_logloss: 0.589664
Training until validation scores don't improve for 50 rounds
Early stopping, best iteration is:
[30]	valid_0's binary_logloss: 0.565005
Training until validation scores don't improve for 50 rounds
Early stopping, best iteration is:
[32]	valid_0's binary_logloss: 0.552864
Training until validation scores don't improve for 50 rounds
Early stopping, best iteration is:
[32]	valid_0's binary_logloss: 0.553478
Training until validation scores don't improve for 50 rounds
Early stopping, best iteration is:
[6]	valid_0's binary_logloss: 0.673596
Training until validation scores don't improve for 50 rounds
Early stopping, best iteration is:
[44]	valid_0's binary_logloss: 0.5695
Training until validation scores don't improve for 50 rounds
Early stopping, best iteration is:
[4]	valid_0's binary_logloss: 0.673596
Training until validation scores don't improve for 50 rounds
[I 2025-09-17 13:16:26,005] Trial 37 finished with value: 0.7268518518518519 and parameters: {'num_leaves': 50, 'learning_rate': 0.12969511453141847, 'feature_fraction': 0.5056228728327696, 'bagging_fraction': 0.49945733213749643, 'bagging_freq': 2, 'min_child_samples': 27}. Best is trial 16 with value: 0.8472222222222222.
[I 2025-09-17 13:16:26,020] Trial 38 finished with value: 0.5 and parameters: {'num_leaves': 179, 'learning_rate': 0.11233419591701116, 'feature_fraction': 0.565580695722443, 'bagging_fraction': 0.729083751276149, 'bagging_freq': 4, 'min_child_samples': 59}. Best is trial 16 with value: 0.8472222222222222.
[I 2025-09-17 13:16:26,051] Trial 39 finished with value: 0.8055555555555555 and parameters: {'num_leaves': 85, 'learning_rate': 0.03756589327642085, 'feature_fraction': 0.45534955143542105, 'bagging_fraction': 0.7793368139064453, 'bagging_freq': 1, 'min_child_samples': 35}. Best is trial 16 with value: 0.8472222222222222.
[I 2025-09-17 13:16:26,065] Trial 40 finished with value: 0.5 and parameters: {'num_leaves': 117, 'learning_rate': 0.06989677161071503, 'feature_fraction': 0.6078290613569546, 'bagging_fraction': 0.606223628549378, 'bagging_freq': 3, 'min_child_samples': 76}. Best is trial 16 with value: 0.8472222222222222.
[I 2025-09-17 13:16:26,100] Trial 41 finished with value: 0.7777777777777778 and parameters: {'num_leaves': 87, 'learning_rate': 0.03860524763655046, 'feature_fraction': 0.4548392055799949, 'bagging_fraction': 0.7729040095507133, 'bagging_freq': 1, 'min_child_samples': 36}. Best is trial 16 with value: 0.8472222222222222.
[I 2025-09-17 13:16:26,129] Trial 42 finished with value: 0.7037037037037036 and parameters: {'num_leaves': 99, 'learning_rate': 0.08487662601534846, 'feature_fraction': 0.5447633363427555, 'bagging_fraction': 0.6535838555101199, 'bagging_freq': 1, 'min_child_samples': 35}. Best is trial 16 with value: 0.8472222222222222.
[I 2025-09-17 13:16:26,157] Trial 43 finished with value: 0.6851851851851852 and parameters: {'num_leaves': 51, 'learning_rate': 0.05826398445068145, 'feature_fraction': 0.42796247618549427, 'bagging_fraction': 0.8006129840684557, 'bagging_freq': 2, 'min_child_samples': 43}. Best is trial 16 with value: 0.8472222222222222.
[I 2025-09-17 13:16:26,199] Trial 44 finished with value: 0.7592592592592593 and parameters: {'num_leaves': 152, 'learning_rate': 0.02278053258571333, 'feature_fraction': 0.5054142181244115, 'bagging_fraction': 0.9220196727217675, 'bagging_freq': 6, 'min_child_samples': 28}. Best is trial 16 with value: 0.8472222222222222.
[I 2025-09-17 13:16:26,212] Trial 45 finished with value: 0.5 and parameters: {'num_leaves': 81, 'learning_rate': 0.04397328376851929, 'feature_fraction': 0.6472580995608727, 'bagging_fraction': 0.7109628399624831, 'bagging_freq': 4, 'min_child_samples': 47}. Best is trial 16 with value: 0.8472222222222222.
[I 2025-09-17 13:16:26,259] Trial 46 finished with value: 0.7777777777777777 and parameters: {'num_leaves': 112, 'learning_rate': 0.06744566883342859, 'feature_fraction': 0.42556639950449027, 'bagging_fraction': 0.837597216792771, 'bagging_freq': 5, 'min_child_samples': 22}. Best is trial 16 with value: 0.8472222222222222.
[I 2025-09-17 13:16:26,322] Trial 47 finished with value: 0.7453703703703703 and parameters: {'num_leaves': 125, 'learning_rate': 0.09973859286167983, 'feature_fraction': 0.4587796442626953, 'bagging_fraction': 0.8898250381416958, 'bagging_freq': 1, 'min_child_samples': 10}. Best is trial 16 with value: 0.8472222222222222.
[I 2025-09-17 13:16:26,352] Trial 48 finished with value: 0.7407407407407407 and parameters: {'num_leaves': 191, 'learning_rate': 0.1396526068018893, 'feature_fraction': 0.7689682859352263, 'bagging_fraction': 0.9709118893408164, 'bagging_freq': 3, 'min_child_samples': 31}. Best is trial 16 with value: 0.8472222222222222.
[I 2025-09-17 13:16:26,386] Trial 49 finished with value: 0.7499999999999999 and parameters: {'num_leaves': 25, 'learning_rate': 0.08391457292022597, 'feature_fraction': 0.6784876540352702, 'bagging_fraction': 0.7429180728069107, 'bagging_freq': 2, 'min_child_samples': 36}. Best is trial 16 with value: 0.8472222222222222.
[I 2025-09-17 13:16:26,677] A new study created in memory with name: no-name-febbaeaa-198f-4d73-9f7d-2c32141a8dee
[I 2025-09-17 13:16:26,695] Trial 0 finished with value: 0.8194444444444444 and parameters: {'num_leaves': 22, 'learning_rate': 0.1939483628123372, 'feature_fraction': 0.5838024344050063, 'bagging_fraction': 0.8113657753423715, 'bagging_freq': 7, 'min_child_samples': 35}. Best is trial 0 with value: 0.8194444444444444.
[I 2025-09-17 13:16:26,742] Trial 1 finished with value: 0.8009259259259259 and parameters: {'num_leaves': 177, 'learning_rate': 0.24304430604781627, 'feature_fraction': 0.6961343457868198, 'bagging_fraction': 0.733590699360319, 'bagging_freq': 4, 'min_child_samples': 8}. Best is trial 0 with value: 0.8194444444444444.
[I 2025-09-17 13:16:26,751] Trial 2 finished with value: 0.5 and parameters: {'num_leaves': 220, 'learning_rate': 0.13861303422540683, 'feature_fraction': 0.4869044485093008, 'bagging_fraction': 0.7618273712567767, 'bagging_freq': 5, 'min_child_samples': 100}. Best is trial 0 with value: 0.8194444444444444.
[I 2025-09-17 13:16:26,760] Trial 3 finished with value: 0.5 and parameters: {'num_leaves': 131, 'learning_rate': 0.20499108156054938, 'feature_fraction': 0.45375358825765255, 'bagging_fraction': 0.8347840475445365, 'bagging_freq': 5, 'min_child_samples': 67}. Best is trial 0 with value: 0.8194444444444444.
[I 2025-09-17 13:16:26,768] Trial 4 finished with value: 0.5 and parameters: {'num_leaves': 193, 'learning_rate': 0.05457382603958805, 'feature_fraction': 0.5147146356136134, 'bagging_fraction': 0.5952422570817697, 'bagging_freq': 3, 'min_child_samples': 84}. Best is trial 0 with value: 0.8194444444444444.
[I 2025-09-17 13:16:26,784] Trial 5 finished with value: 0.9027777777777778 and parameters: {'num_leaves': 146, 'learning_rate': 0.2578134272023012, 'feature_fraction': 0.5188387514691828, 'bagging_fraction': 0.9279534759207865, 'bagging_freq': 5, 'min_child_samples': 36}. Best is trial 5 with value: 0.9027777777777778.
[I 2025-09-17 13:16:26,819] Trial 6 finished with value: 0.7268518518518519 and parameters: {'num_leaves': 293, 'learning_rate': 0.012895518694312881, 'feature_fraction': 0.7907445615046333, 'bagging_fraction': 0.7334990361329056, 'bagging_freq': 2, 'min_child_samples': 23}. Best is trial 5 with value: 0.9027777777777778.
[I 2025-09-17 13:16:26,845] Trial 7 finished with value: 0.7685185185185185 and parameters: {'num_leaves': 298, 'learning_rate': 0.19560776934922863, 'feature_fraction': 0.9968316657037007, 'bagging_fraction': 0.5960028001889712, 'bagging_freq': 7, 'min_child_samples': 25}. Best is trial 5 with value: 0.9027777777777778.
[I 2025-09-17 13:16:26,854] Trial 8 finished with value: 0.5 and parameters: {'num_leaves': 256, 'learning_rate': 0.19935921544065294, 'feature_fraction': 0.7234647223961176, 'bagging_fraction': 0.4812805261520095, 'bagging_freq': 6, 'min_child_samples': 74}. Best is trial 5 with value: 0.9027777777777778.
[I 2025-09-17 13:16:26,869] Trial 9 finished with value: 0.5694444444444444 and parameters: {'num_leaves': 29, 'learning_rate': 0.16992296230123757, 'feature_fraction': 0.5023169858150748, 'bagging_fraction': 0.7266932958963987, 'bagging_freq': 3, 'min_child_samples': 47}. Best is trial 5 with value: 0.9027777777777778.
[I 2025-09-17 13:16:26,889] Trial 10 finished with value: 0.6203703703703703 and parameters: {'num_leaves': 112, 'learning_rate': 0.29997504357132354, 'feature_fraction': 0.6373925752724273, 'bagging_fraction': 0.9707704341609625, 'bagging_freq': 1, 'min_child_samples': 53}. Best is trial 5 with value: 0.9027777777777778.
[I 2025-09-17 13:16:26,905] Trial 11 finished with value: 0.8101851851851852 and parameters: {'num_leaves': 16, 'learning_rate': 0.28854206518214204, 'feature_fraction': 0.6140647331254947, 'bagging_fraction': 0.9433000075999822, 'bagging_freq': 7, 'min_child_samples': 40}. Best is trial 5 with value: 0.9027777777777778.
[I 2025-09-17 13:16:26,936] Trial 12 finished with value: 0.7592592592592593 and parameters: {'num_leaves': 77, 'learning_rate': 0.12930030326748326, 'feature_fraction': 0.4086663032454021, 'bagging_fraction': 0.8715358594297055, 'bagging_freq': 6, 'min_child_samples': 29}. Best is trial 5 with value: 0.9027777777777778.
[I 2025-09-17 13:16:27,006] Trial 13 finished with value: 0.8171296296296297 and parameters: {'num_leaves': 67, 'learning_rate': 0.24895787312792603, 'feature_fraction': 0.5653107718505261, 'bagging_fraction': 0.8492650772540348, 'bagging_freq': 6, 'min_child_samples': 7}. Best is trial 5 with value: 0.9027777777777778.
[I 2025-09-17 13:16:27,024] Trial 14 finished with value: 0.5324074074074074 and parameters: {'num_leaves': 83, 'learning_rate': 0.09727403831098727, 'feature_fraction': 0.7897532749283965, 'bagging_fraction': 0.9064553983714957, 'bagging_freq': 5, 'min_child_samples': 58}. Best is trial 5 with value: 0.9027777777777778.
[I 2025-09-17 13:16:27,043] Trial 15 finished with value: 0.7499999999999999 and parameters: {'num_leaves': 144, 'learning_rate': 0.25508806798160505, 'feature_fraction': 0.5809768519996549, 'bagging_fraction': 0.8091745469609746, 'bagging_freq': 7, 'min_child_samples': 38}. Best is trial 5 with value: 0.9027777777777778.
[I 2025-09-17 13:16:27,073] Trial 16 finished with value: 0.7407407407407407 and parameters: {'num_leaves': 46, 'learning_rate': 0.24626542779381488, 'feature_fraction': 0.950940678679716, 'bagging_fraction': 0.6435666468191162, 'bagging_freq': 4, 'min_child_samples': 17}. Best is trial 5 with value: 0.9027777777777778.
[I 2025-09-17 13:16:27,098] Trial 17 finished with value: 0.8379629629629629 and parameters: {'num_leaves': 109, 'learning_rate': 0.1717542465252892, 'feature_fraction': 0.6799131593553205, 'bagging_fraction': 0.9663354815367912, 'bagging_freq': 6, 'min_child_samples': 36}. Best is trial 5 with value: 0.9027777777777778.
[I 2025-09-17 13:16:27,124] Trial 18 finished with value: 0.6712962962962963 and parameters: {'num_leaves': 110, 'learning_rate': 0.10042327790791068, 'feature_fraction': 0.8822437554674947, 'bagging_fraction': 0.9618402131770107, 'bagging_freq': 4, 'min_child_samples': 48}. Best is trial 5 with value: 0.9027777777777778.
[I 2025-09-17 13:16:27,139] Trial 19 finished with value: 0.5 and parameters: {'num_leaves': 179, 'learning_rate': 0.15898527235611112, 'feature_fraction': 0.7597098246333274, 'bagging_fraction': 0.9976199353856797, 'bagging_freq': 6, 'min_child_samples': 65}. Best is trial 5 with value: 0.9027777777777778.
[I 2025-09-17 13:16:27,177] Trial 20 finished with value: 0.7268518518518519 and parameters: {'num_leaves': 210, 'learning_rate': 0.22476107511606092, 'feature_fraction': 0.679923780356068, 'bagging_fraction': 0.9088813210843948, 'bagging_freq': 5, 'min_child_samples': 18}. Best is trial 5 with value: 0.9027777777777778.
[I 2025-09-17 13:16:27,199] Trial 21 finished with value: 0.787037037037037 and parameters: {'num_leaves': 119, 'learning_rate': 0.17798706458848826, 'feature_fraction': 0.5561565242851233, 'bagging_fraction': 0.7972163966377023, 'bagging_freq': 7, 'min_child_samples': 35}. Best is trial 5 with value: 0.9027777777777778.
[I 2025-09-17 13:16:27,221] Trial 22 finished with value: 0.8379629629629629 and parameters: {'num_leaves': 160, 'learning_rate': 0.27059343193912316, 'feature_fraction': 0.6277697698029805, 'bagging_fraction': 0.9080691528749139, 'bagging_freq': 6, 'min_child_samples': 32}. Best is trial 5 with value: 0.9027777777777778.
[I 2025-09-17 13:16:27,250] Trial 23 finished with value: 0.699074074074074 and parameters: {'num_leaves': 160, 'learning_rate': 0.27538013460534505, 'feature_fraction': 0.6533269264466918, 'bagging_fraction': 0.9061987686871686, 'bagging_freq': 6, 'min_child_samples': 44}. Best is trial 5 with value: 0.9027777777777778.
[I 2025-09-17 13:16:27,272] Trial 24 finished with value: 0.6203703703703703 and parameters: {'num_leaves': 159, 'learning_rate': 0.22880090157805946, 'feature_fraction': 0.8529055245869552, 'bagging_fraction': 0.4354565668975444, 'bagging_freq': 5, 'min_child_samples': 31}. Best is trial 5 with value: 0.9027777777777778.
[I 2025-09-17 13:16:27,288] Trial 25 finished with value: 0.6481481481481481 and parameters: {'num_leaves': 233, 'learning_rate': 0.2741839751771371, 'feature_fraction': 0.4000165283236614, 'bagging_fraction': 0.9957915956820005, 'bagging_freq': 6, 'min_child_samples': 55}. Best is trial 5 with value: 0.9027777777777778.
[I 2025-09-17 13:16:27,322] Trial 26 finished with value: 0.8009259259259259 and parameters: {'num_leaves': 96, 'learning_rate': 0.22090329600746564, 'feature_fraction': 0.7360390202131631, 'bagging_fraction': 0.8881322325079063, 'bagging_freq': 5, 'min_child_samples': 21}. Best is trial 5 with value: 0.9027777777777778.
[I 2025-09-17 13:16:27,341] Trial 27 finished with value: 0.7685185185185185 and parameters: {'num_leaves': 138, 'learning_rate': 0.2677987514805327, 'feature_fraction': 0.5328243676356496, 'bagging_fraction': 0.9277365781321301, 'bagging_freq': 4, 'min_child_samples': 42}. Best is trial 5 with value: 0.9027777777777778.
