[I 2025-09-17 13:15:33,115] Trial 20 finished with value: 0.5 and parameters: {'num_leaves': 130, 'learning_rate': 0.1949749246454176, 'feature_fraction': 0.742786234994516, 'bagging_fraction': 0.4884642555206328, 'bagging_freq': 4, 'min_child_samples': 48}. Best is trial 14 with value: 0.9380165289256198.
[I 2025-09-17 13:15:33,179] Trial 21 finished with value: 0.9132231404958677 and parameters: {'num_leaves': 34, 'learning_rate': 0.21287232966047748, 'feature_fraction': 0.400242250905879, 'bagging_fraction': 0.7283312998512679, 'bagging_freq': 7, 'min_child_samples': 13}. Best is trial 14 with value: 0.9380165289256198.
[I 2025-09-17 13:15:33,291] Trial 22 finished with value: 0.9090909090909091 and parameters: {'num_leaves': 51, 'learning_rate': 0.2822355306623122, 'feature_fraction': 0.4643793581745612, 'bagging_fraction': 0.7021124305064983, 'bagging_freq': 6, 'min_child_samples': 5}. Best is trial 14 with value: 0.9380165289256198.
[I 2025-09-17 13:15:33,332] Trial 23 finished with value: 0.9049586776859505 and parameters: {'num_leaves': 91, 'learning_rate': 0.2395788163796268, 'feature_fraction': 0.47556033690919497, 'bagging_fraction': 0.8244469727201075, 'bagging_freq': 7, 'min_child_samples': 29}. Best is trial 14 with value: 0.9380165289256198.
[I 2025-09-17 13:15:33,378] Trial 24 finished with value: 0.9380165289256198 and parameters: {'num_leaves': 43, 'learning_rate': 0.1976627871957701, 'feature_fraction': 0.8123781472826067, 'bagging_fraction': 0.5925680615595007, 'bagging_freq': 5, 'min_child_samples': 14}. Best is trial 14 with value: 0.9380165289256198.
[I 2025-09-17 13:15:33,403] Trial 25 finished with value: 0.8801652892561983 and parameters: {'num_leaves': 110, 'learning_rate': 0.16970307490770128, 'feature_fraction': 0.8128361962462005, 'bagging_fraction': 0.5965643178323596, 'bagging_freq': 5, 'min_child_samples': 20}. Best is trial 14 with value: 0.9380165289256198.
[I 2025-09-17 13:15:33,441] Trial 26 finished with value: 0.8636363636363638 and parameters: {'num_leaves': 147, 'learning_rate': 0.13113293890849434, 'feature_fraction': 0.9928734262307418, 'bagging_fraction': 0.47259248747868116, 'bagging_freq': 4, 'min_child_samples': 14}. Best is trial 14 with value: 0.9380165289256198.
[I 2025-09-17 13:15:33,472] Trial 27 finished with value: 0.8636363636363636 and parameters: {'num_leaves': 54, 'learning_rate': 0.1974424430685898, 'feature_fraction': 0.9181220165144014, 'bagging_fraction': 0.5958978939739268, 'bagging_freq': 2, 'min_child_samples': 30}. Best is trial 14 with value: 0.9380165289256198.
[I 2025-09-17 13:15:33,490] Trial 28 finished with value: 0.5785123966942148 and parameters: {'num_leaves': 100, 'learning_rate': 0.271538519632147, 'feature_fraction': 0.7903079922135637, 'bagging_fraction': 0.660533926904311, 'bagging_freq': 5, 'min_child_samples': 48}. Best is trial 14 with value: 0.9380165289256198.
[I 2025-09-17 13:15:33,522] Trial 29 finished with value: 0.9090909090909091 and parameters: {'num_leaves': 179, 'learning_rate': 0.24280185523516823, 'feature_fraction': 0.6195250776791059, 'bagging_fraction': 0.6267138080261923, 'bagging_freq': 4, 'min_child_samples': 22}. Best is trial 14 with value: 0.9380165289256198.
[I 2025-09-17 13:15:33,556] Trial 30 finished with value: 0.8677685950413223 and parameters: {'num_leaves': 64, 'learning_rate': 0.2503684107054366, 'feature_fraction': 0.7003725132225833, 'bagging_fraction': 0.47272019752130734, 'bagging_freq': 6, 'min_child_samples': 11}. Best is trial 14 with value: 0.9380165289256198.
[I 2025-09-17 13:15:33,623] Trial 31 finished with value: 0.8801652892561984 and parameters: {'num_leaves': 38, 'learning_rate': 0.21629928517220992, 'feature_fraction': 0.434209375713874, 'bagging_fraction': 0.70806317002672, 'bagging_freq': 6, 'min_child_samples': 10}. Best is trial 14 with value: 0.9380165289256198.
[I 2025-09-17 13:15:33,665] Trial 32 finished with value: 0.9256198347107438 and parameters: {'num_leaves': 34, 'learning_rate': 0.21815183842029795, 'feature_fraction': 0.5171025140383662, 'bagging_fraction': 0.8043761317212426, 'bagging_freq': 7, 'min_child_samples': 18}. Best is trial 14 with value: 0.9380165289256198.
[I 2025-09-17 13:15:33,707] Trial 33 finished with value: 0.8925619834710744 and parameters: {'num_leaves': 43, 'learning_rate': 0.19302621801173123, 'feature_fraction': 0.5024102089018216, 'bagging_fraction': 0.8312350905667258, 'bagging_freq': 5, 'min_child_samples': 18}. Best is trial 14 with value: 0.9380165289256198.
[I 2025-09-17 13:15:33,734] Trial 34 finished with value: 0.8553719008264462 and parameters: {'num_leaves': 202, 'learning_rate': 0.011140639797655033, 'feature_fraction': 0.6005730479955258, 'bagging_fraction': 0.521314160123332, 'bagging_freq': 6, 'min_child_samples': 26}. Best is trial 14 with value: 0.9380165289256198.
[I 2025-09-17 13:15:33,759] Trial 35 finished with value: 0.8801652892561983 and parameters: {'num_leaves': 164, 'learning_rate': 0.27559432771894504, 'feature_fraction': 0.8679501969488124, 'bagging_fraction': 0.881960468791983, 'bagging_freq': 3, 'min_child_samples': 33}. Best is trial 14 with value: 0.9380165289256198.
[I 2025-09-17 13:15:33,771] Trial 36 finished with value: 0.5 and parameters: {'num_leaves': 11, 'learning_rate': 0.2286556219779464, 'feature_fraction': 0.7865411165736562, 'bagging_fraction': 0.8825841192044749, 'bagging_freq': 5, 'min_child_samples': 80}. Best is trial 14 with value: 0.9380165289256198.
[I 2025-09-17 13:15:33,784] Trial 37 finished with value: 0.628099173553719 and parameters: {'num_leaves': 258, 'learning_rate': 0.17622519130547734, 'feature_fraction': 0.5776728830738074, 'bagging_fraction': 0.5808744810469143, 'bagging_freq': 1, 'min_child_samples': 43}. Best is trial 14 with value: 0.9380165289256198.
[I 2025-09-17 13:15:33,825] Trial 38 finished with value: 0.9173553719008265 and parameters: {'num_leaves': 78, 'learning_rate': 0.299927389501277, 'feature_fraction': 0.6509625701971302, 'bagging_fraction': 0.8125933978711194, 'bagging_freq': 7, 'min_child_samples': 24}. Best is trial 14 with value: 0.9380165289256198.
[I 2025-09-17 13:15:33,844] Trial 39 finished with value: 0.5 and parameters: {'num_leaves': 142, 'learning_rate': 0.13884477149201066, 'feature_fraction': 0.9125449909585366, 'bagging_fraction': 0.7335726599244935, 'bagging_freq': 2, 'min_child_samples': 95}. Best is trial 14 with value: 0.9380165289256198.
[I 2025-09-17 13:15:33,869] Trial 40 finished with value: 0.768595041322314 and parameters: {'num_leaves': 28, 'learning_rate': 0.2068236328825981, 'feature_fraction': 0.5115706895548661, 'bagging_fraction': 0.9436058722469673, 'bagging_freq': 3, 'min_child_samples': 57}. Best is trial 14 with value: 0.9380165289256198.
[I 2025-09-17 13:15:33,912] Trial 41 finished with value: 0.9338842975206612 and parameters: {'num_leaves': 73, 'learning_rate': 0.28864820642722117, 'feature_fraction': 0.6594296383686912, 'bagging_fraction': 0.7976017128319791, 'bagging_freq': 7, 'min_child_samples': 24}. Best is trial 14 with value: 0.9380165289256198.
[I 2025-09-17 13:15:33,957] Trial 42 finished with value: 0.871900826446281 and parameters: {'num_leaves': 60, 'learning_rate': 0.25618823836539706, 'feature_fraction': 0.7285321573362042, 'bagging_fraction': 0.684913219946516, 'bagging_freq': 7, 'min_child_samples': 11}. Best is trial 14 with value: 0.9380165289256198.
[I 2025-09-17 13:15:33,990] Trial 43 finished with value: 0.8677685950413223 and parameters: {'num_leaves': 70, 'learning_rate': 0.28712076301041406, 'feature_fraction': 0.7821121167960171, 'bagging_fraction': 0.865498178809191, 'bagging_freq': 7, 'min_child_samples': 18}. Best is trial 14 with value: 0.9380165289256198.
[I 2025-09-17 13:15:34,076] Trial 44 finished with value: 0.9338842975206612 and parameters: {'num_leaves': 94, 'learning_rate': 0.23416769405758425, 'feature_fraction': 0.8506898598147805, 'bagging_fraction': 0.8006144201526187, 'bagging_freq': 6, 'min_child_samples': 10}. Best is trial 14 with value: 0.9380165289256198.
[I 2025-09-17 13:15:34,140] Trial 45 finished with value: 0.8677685950413223 and parameters: {'num_leaves': 98, 'learning_rate': 0.05575811019381886, 'feature_fraction': 0.9387696430374646, 'bagging_fraction': 0.632627786845934, 'bagging_freq': 6, 'min_child_samples': 10}. Best is trial 14 with value: 0.9380165289256198.
[I 2025-09-17 13:15:34,171] Trial 46 finished with value: 0.8677685950413223 and parameters: {'num_leaves': 87, 'learning_rate': 0.22935111421420246, 'feature_fraction': 0.867203730209151, 'bagging_fraction': 0.7973032035564528, 'bagging_freq': 6, 'min_child_samples': 34}. Best is trial 14 with value: 0.9380165289256198.
[I 2025-09-17 13:15:34,198] Trial 47 finished with value: 0.8760330578512396 and parameters: {'num_leaves': 109, 'learning_rate': 0.26660208194174106, 'feature_fraction': 0.5517343727405069, 'bagging_fraction': 0.7542076052138847, 'bagging_freq': 7, 'min_child_samples': 27}. Best is trial 14 with value: 0.9380165289256198.
[I 2025-09-17 13:15:34,231] Trial 48 finished with value: 0.859504132231405 and parameters: {'num_leaves': 48, 'learning_rate': 0.2886380923852553, 'feature_fraction': 0.8427945652095439, 'bagging_fraction': 0.9121785194336711, 'bagging_freq': 5, 'min_child_samples': 21}. Best is trial 14 with value: 0.9380165289256198.
[I 2025-09-17 13:15:34,310] Trial 49 finished with value: 0.9256198347107438 and parameters: {'num_leaves': 19, 'learning_rate': 0.25381818815900226, 'feature_fraction': 0.4343786482035748, 'bagging_fraction': 0.8581009196532083, 'bagging_freq': 6, 'min_child_samples': 8}. Best is trial 14 with value: 0.9380165289256198.
[I 2025-09-17 13:15:34,555] A new study created in memory with name: no-name-c33aca43-68cd-401b-8689-8fab31ce8d07
[I 2025-09-17 13:15:34,565] Trial 0 finished with value: 0.5 and parameters: {'num_leaves': 244, 'learning_rate': 0.10835085553961138, 'feature_fraction': 0.7515119874605038, 'bagging_fraction': 0.7834631705232664, 'bagging_freq': 2, 'min_child_samples': 97}. Best is trial 0 with value: 0.5.
[I 2025-09-17 13:15:34,576] Trial 1 finished with value: 0.5 and parameters: {'num_leaves': 298, 'learning_rate': 0.10124223126055507, 'feature_fraction': 0.9302918667142547, 'bagging_fraction': 0.4650021255428445, 'bagging_freq': 3, 'min_child_samples': 41}. Best is trial 0 with value: 0.5.
[I 2025-09-17 13:15:34,596] Trial 2 finished with value: 0.8925619834710744 and parameters: {'num_leaves': 183, 'learning_rate': 0.19875012579472554, 'feature_fraction': 0.6911913119573583, 'bagging_fraction': 0.8228822538672826, 'bagging_freq': 4, 'min_child_samples': 42}. Best is trial 2 with value: 0.8925619834710744.
[I 2025-09-17 13:15:34,617] Trial 3 finished with value: 0.8677685950413223 and parameters: {'num_leaves': 34, 'learning_rate': 0.021980024082287525, 'feature_fraction': 0.5758546392540751, 'bagging_fraction': 0.8387174091179281, 'bagging_freq': 2, 'min_child_samples': 41}. Best is trial 2 with value: 0.8925619834710744.
Training until validation scores don't improve for 50 rounds
Did not meet early stopping. Best iteration is:
[99]	valid_0's binary_logloss: 0.358246
Training until validation scores don't improve for 50 rounds
Early stopping, best iteration is:
[31]	valid_0's binary_logloss: 0.380661
Training until validation scores don't improve for 50 rounds
Early stopping, best iteration is:
[20]	valid_0's binary_logloss: 0.63665
Training until validation scores don't improve for 50 rounds
Did not meet early stopping. Best iteration is:
[62]	valid_0's binary_logloss: 0.505473
Training until validation scores don't improve for 50 rounds
Early stopping, best iteration is:
[35]	valid_0's binary_logloss: 0.425359
Training until validation scores don't improve for 50 rounds
Early stopping, best iteration is:
[3]	valid_0's binary_logloss: 0.63665
Training until validation scores don't improve for 50 rounds
Early stopping, best iteration is:
[3]	valid_0's binary_logloss: 0.63665
Training until validation scores don't improve for 50 rounds
Early stopping, best iteration is:
[11]	valid_0's binary_logloss: 0.351804
Training until validation scores don't improve for 50 rounds
Early stopping, best iteration is:
[1]	valid_0's binary_logloss: 0.63665
Training until validation scores don't improve for 50 rounds
Early stopping, best iteration is:
[4]	valid_0's binary_logloss: 0.63665
Training until validation scores don't improve for 50 rounds
Early stopping, best iteration is:
[1]	valid_0's binary_logloss: 0.63665
Training until validation scores don't improve for 50 rounds
Early stopping, best iteration is:
[39]	valid_0's binary_logloss: 0.461316
Training until validation scores don't improve for 50 rounds
Early stopping, best iteration is:
[26]	valid_0's binary_logloss: 0.449414
Training until validation scores don't improve for 50 rounds
Early stopping, best iteration is:
[2]	valid_0's binary_logloss: 0.63665
Training until validation scores don't improve for 50 rounds
Early stopping, best iteration is:
[20]	valid_0's binary_logloss: 0.617009
Training until validation scores don't improve for 50 rounds
Early stopping, best iteration is:
[5]	valid_0's binary_logloss: 0.402461
Training until validation scores don't improve for 50 rounds
Early stopping, best iteration is:
[20]	valid_0's binary_logloss: 0.356588
Training until validation scores don't improve for 50 rounds
Early stopping, best iteration is:
[9]	valid_0's binary_logloss: 0.416794
Training until validation scores don't improve for 50 rounds
Did not meet early stopping. Best iteration is:
[56]	valid_0's binary_logloss: 0.381576
Training until validation scores don't improve for 50 rounds
Early stopping, best iteration is:
[43]	valid_0's binary_logloss: 0.327498
Training until validation scores don't improve for 50 rounds
Early stopping, best iteration is:
[42]	valid_0's binary_logloss: 0.452208
Training until validation scores don't improve for 50 rounds
Early stopping, best iteration is:
[35]	valid_0's binary_logloss: 0.586178
Training until validation scores don't improve for 50 rounds
Early stopping, best iteration is:
[30]	valid_0's binary_logloss: 0.388637
Training until validation scores don't improve for 50 rounds
Did not meet early stopping. Best iteration is:
[73]	valid_0's binary_logloss: 0.46223
Training until validation scores don't improve for 50 rounds
Early stopping, best iteration is:
[10]	valid_0's binary_logloss: 0.362469
Training until validation scores don't improve for 50 rounds
Early stopping, best iteration is:
[21]	valid_0's binary_logloss: 0.63665
Training until validation scores don't improve for 50 rounds
Early stopping, best iteration is:
[24]	valid_0's binary_logloss: 0.358474
Training until validation scores don't improve for 50 rounds
Early stopping, best iteration is:
[7]	valid_0's binary_logloss: 0.389293
Training until validation scores don't improve for 50 rounds
Early stopping, best iteration is:
[50]	valid_0's binary_logloss: 0.382186
Training until validation scores don't improve for 50 rounds
Early stopping, best iteration is:
[36]	valid_0's binary_logloss: 0.315875
Training until validation scores don't improve for 50 rounds
Early stopping, best iteration is:
[15]	valid_0's binary_logloss: 0.430429
Training until validation scores don't improve for 50 rounds
Early stopping, best iteration is:
[35]	valid_0's binary_logloss: 0.455927
Training until validation scores don't improve for 50 rounds
Early stopping, best iteration is:
[50]	valid_0's binary_logloss: 0.420367
Training until validation scores don't improve for 50 rounds
Early stopping, best iteration is:
[45]	valid_0's binary_logloss: 0.635111
Training until validation scores don't improve for 50 rounds
Early stopping, best iteration is:
[30]	valid_0's binary_logloss: 0.371055
Training until validation scores don't improve for 50 rounds
Early stopping, best iteration is:
[9]	valid_0's binary_logloss: 0.454499
Training until validation scores don't improve for 50 rounds
Early stopping, best iteration is:
[24]	valid_0's binary_logloss: 0.412349
Training until validation scores don't improve for 50 rounds
Early stopping, best iteration is:
[25]	valid_0's binary_logloss: 0.357273
Training until validation scores don't improve for 50 rounds
Early stopping, best iteration is:
[18]	valid_0's binary_logloss: 0.409267
Training until validation scores don't improve for 50 rounds
Did not meet early stopping. Best iteration is:
[100]	valid_0's binary_logloss: 0.547514
Training until validation scores don't improve for 50 rounds
Early stopping, best iteration is:
[25]	valid_0's binary_logloss: 0.434635
Training until validation scores don't improve for 50 rounds
Early stopping, best iteration is:
[4]	valid_0's binary_logloss: 0.63665
Training until validation scores don't improve for 50 rounds
Early stopping, best iteration is:
[23]	valid_0's binary_logloss: 0.629282
Training until validation scores don't improve for 50 rounds
Early stopping, best iteration is:
[50]	valid_0's binary_logloss: 0.369745
Training until validation scores don't improve for 50 rounds
Early stopping, best iteration is:
[12]	valid_0's binary_logloss: 0.63665
Training until validation scores don't improve for 50 rounds
Did not meet early stopping. Best iteration is:
[98]	valid_0's binary_logloss: 0.582507
Training until validation scores don't improve for 50 rounds
Did not meet early stopping. Best iteration is:
[51]	valid_0's binary_logloss: 0.308978
Training until validation scores don't improve for 50 rounds
Early stopping, best iteration is:
[9]	valid_0's binary_logloss: 0.414026
Training until validation scores don't improve for 50 rounds
Early stopping, best iteration is:
[5]	valid_0's binary_logloss: 0.445804
Training until validation scores don't improve for 50 rounds
Early stopping, best iteration is:
[40]	valid_0's binary_logloss: 0.346884
Training until validation scores don't improve for 50 rounds
Did not meet early stopping. Best iteration is:
[66]	valid_0's binary_logloss: 0.449535
Training until validation scores don't improve for 50 rounds
Early stopping, best iteration is:
[43]	valid_0's binary_logloss: 0.448715
Training until validation scores don't improve for 50 rounds
Early stopping, best iteration is:
[11]	valid_0's binary_logloss: 0.402584
Training until validation scores don't improve for 50 rounds
Early stopping, best iteration is:
[7]	valid_0's binary_logloss: 0.429305
Training until validation scores don't improve for 50 rounds
Early stopping, best iteration is:
[6]	valid_0's binary_logloss: 0.363082
Training until validation scores don't improve for 50 rounds
Early stopping, best iteration is:
[9]	valid_0's binary_logloss: 0.63665
Training until validation scores don't improve for 50 rounds
Early stopping, best iteration is:
[11]	valid_0's binary_logloss: 0.63665
Training until validation scores don't improve for 50 rounds
Did not meet early stopping. Best iteration is:
[97]	valid_0's binary_logloss: 0.416666
Training until validation scores don't improve for 50 rounds
Did not meet early stopping. Best iteration is:
[100]	valid_0's binary_logloss: 0.47204
Training until validation scores don't improve for 50 rounds
[I 2025-09-17 13:15:34,640] Trial 4 finished with value: 0.884297520661157 and parameters: {'num_leaves': 144, 'learning_rate': 0.033386555995572456, 'feature_fraction': 0.48035309669132564, 'bagging_fraction': 0.8148063610799255, 'bagging_freq': 5, 'min_child_samples': 41}. Best is trial 2 with value: 0.8925619834710744.
[I 2025-09-17 13:15:34,646] Trial 5 finished with value: 0.5 and parameters: {'num_leaves': 213, 'learning_rate': 0.25437210738760213, 'feature_fraction': 0.5113132837195603, 'bagging_fraction': 0.7215160125117634, 'bagging_freq': 1, 'min_child_samples': 88}. Best is trial 2 with value: 0.8925619834710744.
[I 2025-09-17 13:15:34,650] Trial 6 finished with value: 0.5 and parameters: {'num_leaves': 192, 'learning_rate': 0.018360503820302083, 'feature_fraction': 0.951018708475114, 'bagging_fraction': 0.9871855011835399, 'bagging_freq': 4, 'min_child_samples': 95}. Best is trial 2 with value: 0.8925619834710744.
[I 2025-09-17 13:15:34,659] Trial 7 finished with value: 0.5 and parameters: {'num_leaves': 252, 'learning_rate': 0.059810228857158046, 'feature_fraction': 0.8711088246411354, 'bagging_fraction': 0.5011916101397521, 'bagging_freq': 1, 'min_child_samples': 62}. Best is trial 2 with value: 0.8925619834710744.
[I 2025-09-17 13:15:34,666] Trial 8 finished with value: 0.5 and parameters: {'num_leaves': 170, 'learning_rate': 0.14243851424341727, 'feature_fraction': 0.5364476900176908, 'bagging_fraction': 0.5540550703070173, 'bagging_freq': 5, 'min_child_samples': 83}. Best is trial 2 with value: 0.8925619834710744.
[I 2025-09-17 13:15:34,681] Trial 9 finished with value: 0.7024793388429752 and parameters: {'num_leaves': 124, 'learning_rate': 0.21493594054370638, 'feature_fraction': 0.5532971198130862, 'bagging_fraction': 0.5197150989049708, 'bagging_freq': 2, 'min_child_samples': 39}. Best is trial 2 with value: 0.8925619834710744.
[I 2025-09-17 13:15:34,776] Trial 10 finished with value: 0.9380165289256198 and parameters: {'num_leaves': 79, 'learning_rate': 0.20164649929855943, 'feature_fraction': 0.7051526953502459, 'bagging_fraction': 0.9783805270908175, 'bagging_freq': 7, 'min_child_samples': 8}. Best is trial 10 with value: 0.9380165289256198.
[I 2025-09-17 13:15:34,872] Trial 11 finished with value: 0.9173553719008264 and parameters: {'num_leaves': 75, 'learning_rate': 0.1965246896270007, 'feature_fraction': 0.6826650640831238, 'bagging_fraction': 0.9993087361069629, 'bagging_freq': 7, 'min_child_samples': 7}. Best is trial 10 with value: 0.9380165289256198.
