[I 2025-09-17 13:15:52,044] Trial 13 finished with value: 0.8741258741258742 and parameters: {'num_leaves': 231, 'learning_rate': 0.12827890287914537, 'feature_fraction': 0.5358801479111177, 'bagging_fraction': 0.9904415091807838, 'bagging_freq': 2, 'min_child_samples': 22}. Best is trial 4 with value: 0.8986013986013985.
[I 2025-09-17 13:15:52,075] Trial 14 finished with value: 0.8111888111888113 and parameters: {'num_leaves': 85, 'learning_rate': 0.16314488185818637, 'feature_fraction': 0.5651799552178731, 'bagging_fraction': 0.6841099434061246, 'bagging_freq': 5, 'min_child_samples': 22}. Best is trial 4 with value: 0.8986013986013985.
[I 2025-09-17 13:15:52,111] Trial 15 finished with value: 0.8706293706293706 and parameters: {'num_leaves': 95, 'learning_rate': 0.19816922103329146, 'feature_fraction': 0.6467072820337242, 'bagging_fraction': 0.665983721130531, 'bagging_freq': 3, 'min_child_samples': 17}. Best is trial 4 with value: 0.8986013986013985.
[I 2025-09-17 13:15:52,142] Trial 16 finished with value: 0.8041958041958042 and parameters: {'num_leaves': 237, 'learning_rate': 0.12946662300660222, 'feature_fraction': 0.4942645490756723, 'bagging_fraction': 0.5652964642577293, 'bagging_freq': 1, 'min_child_samples': 33}. Best is trial 4 with value: 0.8986013986013985.
[I 2025-09-17 13:15:52,155] Trial 17 finished with value: 0.5 and parameters: {'num_leaves': 10, 'learning_rate': 0.06522412011733188, 'feature_fraction': 0.5934593688810665, 'bagging_fraction': 0.7257385653711749, 'bagging_freq': 7, 'min_child_samples': 80}. Best is trial 4 with value: 0.8986013986013985.
[I 2025-09-17 13:15:52,201] Trial 18 finished with value: 0.7902097902097902 and parameters: {'num_leaves': 246, 'learning_rate': 0.13779386556941986, 'feature_fraction': 0.4835812667281595, 'bagging_fraction': 0.42009246225493435, 'bagging_freq': 2, 'min_child_samples': 14}. Best is trial 4 with value: 0.8986013986013985.
[I 2025-09-17 13:15:52,231] Trial 19 finished with value: 0.7832167832167832 and parameters: {'num_leaves': 202, 'learning_rate': 0.18135767322062352, 'feature_fraction': 0.7425027102181246, 'bagging_fraction': 0.9810081687153404, 'bagging_freq': 3, 'min_child_samples': 34}. Best is trial 4 with value: 0.8986013986013985.
[I 2025-09-17 13:15:52,271] Trial 20 finished with value: 0.8531468531468531 and parameters: {'num_leaves': 120, 'learning_rate': 0.09779108204809253, 'feature_fraction': 0.5594405726062119, 'bagging_fraction': 0.8712977350699689, 'bagging_freq': 5, 'min_child_samples': 25}. Best is trial 4 with value: 0.8986013986013985.
[I 2025-09-17 13:15:52,341] Trial 21 finished with value: 0.9055944055944056 and parameters: {'num_leaves': 249, 'learning_rate': 0.11768294423019088, 'feature_fraction': 0.5352461316226135, 'bagging_fraction': 0.9997583663005578, 'bagging_freq': 2, 'min_child_samples': 14}. Best is trial 21 with value: 0.9055944055944056.
[I 2025-09-17 13:15:52,448] Trial 22 finished with value: 0.9195804195804196 and parameters: {'num_leaves': 263, 'learning_rate': 0.11484867012554667, 'feature_fraction': 0.48925098001794753, 'bagging_fraction': 0.9299982517757288, 'bagging_freq': 1, 'min_child_samples': 11}. Best is trial 22 with value: 0.9195804195804196.
[I 2025-09-17 13:15:52,534] Trial 23 finished with value: 0.916083916083916 and parameters: {'num_leaves': 253, 'learning_rate': 0.04598731363332528, 'feature_fraction': 0.46131245484612554, 'bagging_fraction': 0.9443580869663114, 'bagging_freq': 2, 'min_child_samples': 14}. Best is trial 22 with value: 0.9195804195804196.
[I 2025-09-17 13:15:52,568] Trial 24 finished with value: 0.8426573426573427 and parameters: {'num_leaves': 263, 'learning_rate': 0.025489911494305656, 'feature_fraction': 0.4609096183023725, 'bagging_fraction': 0.9456913312459356, 'bagging_freq': 2, 'min_child_samples': 39}. Best is trial 22 with value: 0.9195804195804196.
[I 2025-09-17 13:15:52,640] Trial 25 finished with value: 0.8881118881118881 and parameters: {'num_leaves': 215, 'learning_rate': 0.061410448921858124, 'feature_fraction': 0.45565824128500965, 'bagging_fraction': 0.8700764678300852, 'bagging_freq': 1, 'min_child_samples': 17}. Best is trial 22 with value: 0.9195804195804196.
[I 2025-09-17 13:15:52,697] Trial 26 finished with value: 0.8286713286713286 and parameters: {'num_leaves': 263, 'learning_rate': 0.03928485958012147, 'feature_fraction': 0.6102392420473117, 'bagging_fraction': 0.9553386639124927, 'bagging_freq': 2, 'min_child_samples': 23}. Best is trial 22 with value: 0.9195804195804196.
[I 2025-09-17 13:15:52,737] Trial 27 finished with value: 0.8531468531468531 and parameters: {'num_leaves': 300, 'learning_rate': 0.08523189755964859, 'feature_fraction': 0.41427350365986026, 'bagging_fraction': 0.9017544444370226, 'bagging_freq': 1, 'min_child_samples': 29}. Best is trial 22 with value: 0.9195804195804196.
[I 2025-09-17 13:15:52,800] Trial 28 finished with value: 0.8846153846153846 and parameters: {'num_leaves': 226, 'learning_rate': 0.10721338664113603, 'feature_fraction': 0.5706323085005116, 'bagging_fraction': 0.996675876499145, 'bagging_freq': 2, 'min_child_samples': 17}. Best is trial 22 with value: 0.9195804195804196.
[I 2025-09-17 13:15:52,812] Trial 29 finished with value: 0.5 and parameters: {'num_leaves': 252, 'learning_rate': 0.06919600341982307, 'feature_fraction': 0.6419490556423435, 'bagging_fraction': 0.8221359021725179, 'bagging_freq': 4, 'min_child_samples': 75}. Best is trial 22 with value: 0.9195804195804196.
[I 2025-09-17 13:15:52,833] Trial 30 finished with value: 0.7412587412587412 and parameters: {'num_leaves': 211, 'learning_rate': 0.1455592151793553, 'feature_fraction': 0.4859512135939336, 'bagging_fraction': 0.8433393691059867, 'bagging_freq': 1, 'min_child_samples': 57}. Best is trial 22 with value: 0.9195804195804196.
[I 2025-09-17 13:15:52,904] Trial 31 finished with value: 0.8741258741258742 and parameters: {'num_leaves': 271, 'learning_rate': 0.16209747821186823, 'feature_fraction': 0.522391377956901, 'bagging_fraction': 0.9219246244717826, 'bagging_freq': 3, 'min_child_samples': 11}. Best is trial 22 with value: 0.9195804195804196.
[I 2025-09-17 13:15:52,962] Trial 32 finished with value: 0.9020979020979021 and parameters: {'num_leaves': 176, 'learning_rate': 0.17237438649869827, 'feature_fraction': 0.5045832678501889, 'bagging_fraction': 0.8928498204010423, 'bagging_freq': 3, 'min_child_samples': 12}. Best is trial 22 with value: 0.9195804195804196.
[I 2025-09-17 13:15:53,015] Trial 33 finished with value: 0.8356643356643356 and parameters: {'num_leaves': 186, 'learning_rate': 0.19939344616611201, 'feature_fraction': 0.45112687927518835, 'bagging_fraction': 0.769164509329028, 'bagging_freq': 2, 'min_child_samples': 14}. Best is trial 22 with value: 0.9195804195804196.
[I 2025-09-17 13:15:53,038] Trial 34 finished with value: 0.8251748251748251 and parameters: {'num_leaves': 168, 'learning_rate': 0.22945560318271568, 'feature_fraction': 0.5512150204997379, 'bagging_fraction': 0.9564861265580972, 'bagging_freq': 4, 'min_child_samples': 39}. Best is trial 22 with value: 0.9195804195804196.
[I 2025-09-17 13:15:53,213] Trial 35 finished with value: 0.8881118881118881 and parameters: {'num_leaves': 250, 'learning_rate': 0.1514119322080698, 'feature_fraction': 0.487986110147852, 'bagging_fraction': 0.8930185029424432, 'bagging_freq': 3, 'min_child_samples': 5}. Best is trial 22 with value: 0.9195804195804196.
[I 2025-09-17 13:15:53,259] Trial 36 finished with value: 0.8601398601398601 and parameters: {'num_leaves': 220, 'learning_rate': 0.11392797459744193, 'feature_fraction': 0.43906320976368113, 'bagging_fraction': 0.9413100084903886, 'bagging_freq': 3, 'min_child_samples': 25}. Best is trial 22 with value: 0.9195804195804196.
[I 2025-09-17 13:15:53,314] Trial 37 finished with value: 0.93006993006993 and parameters: {'num_leaves': 130, 'learning_rate': 0.2161176240787008, 'feature_fraction': 0.6461092109950797, 'bagging_fraction': 0.8500905941010869, 'bagging_freq': 2, 'min_child_samples': 12}. Best is trial 37 with value: 0.93006993006993.
[I 2025-09-17 13:15:53,348] Trial 38 finished with value: 0.8671328671328671 and parameters: {'num_leaves': 138, 'learning_rate': 0.2588546981467392, 'feature_fraction': 0.6520703836008259, 'bagging_fraction': 0.8457120245166748, 'bagging_freq': 2, 'min_child_samples': 18}. Best is trial 37 with value: 0.93006993006993.
[I 2025-09-17 13:15:53,375] Trial 39 finished with value: 0.7902097902097902 and parameters: {'num_leaves': 102, 'learning_rate': 0.21220606187393037, 'feature_fraction': 0.6999628115415611, 'bagging_fraction': 0.79796269475456, 'bagging_freq': 1, 'min_child_samples': 39}. Best is trial 37 with value: 0.93006993006993.
[I 2025-09-17 13:15:53,401] Trial 40 finished with value: 0.8006993006993006 and parameters: {'num_leaves': 68, 'learning_rate': 0.2737271089323614, 'feature_fraction': 0.7461011751058996, 'bagging_fraction': 0.7355294343811813, 'bagging_freq': 2, 'min_child_samples': 29}. Best is trial 37 with value: 0.93006993006993.
[I 2025-09-17 13:15:53,470] Trial 41 finished with value: 0.8671328671328672 and parameters: {'num_leaves': 130, 'learning_rate': 0.17624182605631472, 'feature_fraction': 0.5898804811505085, 'bagging_fraction': 0.9698426078768582, 'bagging_freq': 3, 'min_child_samples': 11}. Best is trial 37 with value: 0.93006993006993.
[I 2025-09-17 13:15:53,519] Trial 42 finished with value: 0.8881118881118881 and parameters: {'num_leaves': 159, 'learning_rate': 0.24229833785911423, 'feature_fraction': 0.9350414277539748, 'bagging_fraction': 0.9206110964593175, 'bagging_freq': 2, 'min_child_samples': 13}. Best is trial 37 with value: 0.93006993006993.
[I 2025-09-17 13:15:53,580] Trial 43 finished with value: 0.8671328671328671 and parameters: {'num_leaves': 182, 'learning_rate': 0.08655394764955472, 'feature_fraction': 0.5154591491833506, 'bagging_fraction': 0.891485497036644, 'bagging_freq': 4, 'min_child_samples': 20}. Best is trial 37 with value: 0.93006993006993.
[I 2025-09-17 13:15:53,678] Trial 44 finished with value: 0.9405594405594405 and parameters: {'num_leaves': 283, 'learning_rate': 0.21320285379982074, 'feature_fraction': 0.47189843297756034, 'bagging_fraction': 0.932543736782998, 'bagging_freq': 2, 'min_child_samples': 9}. Best is trial 44 with value: 0.9405594405594405.
[I 2025-09-17 13:15:53,785] Trial 45 finished with value: 0.8671328671328671 and parameters: {'num_leaves': 284, 'learning_rate': 0.22166333124677895, 'feature_fraction': 0.4316789030455227, 'bagging_fraction': 0.9999033788689968, 'bagging_freq': 1, 'min_child_samples': 8}. Best is trial 44 with value: 0.9405594405594405.
[I 2025-09-17 13:15:53,814] Trial 46 finished with value: 0.8181818181818181 and parameters: {'num_leaves': 277, 'learning_rate': 0.24182627795035214, 'feature_fraction': 0.401196393091639, 'bagging_fraction': 0.9328103653728439, 'bagging_freq': 1, 'min_child_samples': 52}. Best is trial 44 with value: 0.9405594405594405.
[I 2025-09-17 13:15:53,953] Trial 47 finished with value: 0.8881118881118881 and parameters: {'num_leaves': 262, 'learning_rate': 0.20805321041195757, 'feature_fraction': 0.45865412498119845, 'bagging_fraction': 0.8509544713390323, 'bagging_freq': 2, 'min_child_samples': 5}. Best is trial 44 with value: 0.9405594405594405.
[I 2025-09-17 13:15:53,997] Trial 48 finished with value: 0.8426573426573427 and parameters: {'num_leaves': 299, 'learning_rate': 0.017753391621757583, 'feature_fraction': 0.6678073729532775, 'bagging_fraction': 0.9703382085658288, 'bagging_freq': 2, 'min_child_samples': 26}. Best is trial 44 with value: 0.9405594405594405.
[I 2025-09-17 13:15:54,099] Trial 49 finished with value: 0.9055944055944055 and parameters: {'num_leaves': 234, 'learning_rate': 0.040229422485187086, 'feature_fraction': 0.6255541541286145, 'bagging_fraction': 0.9237081102228374, 'bagging_freq': 1, 'min_child_samples': 10}. Best is trial 44 with value: 0.9405594405594405.
[I 2025-09-17 13:15:54,506] A new study created in memory with name: no-name-b0757f1e-b0d3-4d61-8e3d-8f478a29bc69
[I 2025-09-17 13:15:54,526] Trial 0 finished with value: 0.7604895104895105 and parameters: {'num_leaves': 120, 'learning_rate': 0.2373007713106915, 'feature_fraction': 0.8772422007951486, 'bagging_fraction': 0.9811016042008092, 'bagging_freq': 5, 'min_child_samples': 44}. Best is trial 0 with value: 0.7604895104895105.
[I 2025-09-17 13:15:54,554] Trial 1 finished with value: 0.7272727272727273 and parameters: {'num_leaves': 67, 'learning_rate': 0.18293035672438915, 'feature_fraction': 0.6103762621655409, 'bagging_fraction': 0.6325776641549048, 'bagging_freq': 1, 'min_child_samples': 40}. Best is trial 0 with value: 0.7604895104895105.
[I 2025-09-17 13:15:54,583] Trial 2 finished with value: 0.8216783216783217 and parameters: {'num_leaves': 256, 'learning_rate': 0.2628860383627621, 'feature_fraction': 0.5035246053474327, 'bagging_fraction': 0.7447963609571937, 'bagging_freq': 5, 'min_child_samples': 25}. Best is trial 2 with value: 0.8216783216783217.
[I 2025-09-17 13:15:54,623] Trial 3 finished with value: 0.6223776223776224 and parameters: {'num_leaves': 237, 'learning_rate': 0.20505323568253672, 'feature_fraction': 0.7380556346204541, 'bagging_fraction': 0.4590917712197129, 'bagging_freq': 4, 'min_child_samples': 7}. Best is trial 2 with value: 0.8216783216783217.
[I 2025-09-17 13:15:54,631] Trial 4 finished with value: 0.5 and parameters: {'num_leaves': 77, 'learning_rate': 0.24568749967343728, 'feature_fraction': 0.7319474658083989, 'bagging_fraction': 0.8617716034174776, 'bagging_freq': 4, 'min_child_samples': 99}. Best is trial 2 with value: 0.8216783216783217.
[I 2025-09-17 13:15:54,648] Trial 5 finished with value: 0.7097902097902098 and parameters: {'num_leaves': 217, 'learning_rate': 0.06962190595048279, 'feature_fraction': 0.7834416442817222, 'bagging_fraction': 0.5802924448232113, 'bagging_freq': 3, 'min_child_samples': 42}. Best is trial 2 with value: 0.8216783216783217.
[I 2025-09-17 13:15:54,657] Trial 6 finished with value: 0.5 and parameters: {'num_leaves': 35, 'learning_rate': 0.016336115148999318, 'feature_fraction': 0.6601948426701334, 'bagging_fraction': 0.8809687092580542, 'bagging_freq': 3, 'min_child_samples': 84}. Best is trial 2 with value: 0.8216783216783217.
[I 2025-09-17 13:15:54,676] Trial 7 finished with value: 0.4930069930069931 and parameters: {'num_leaves': 288, 'learning_rate': 0.11347020803081238, 'feature_fraction': 0.9753932114080173, 'bagging_fraction': 0.40649367852118445, 'bagging_freq': 5, 'min_child_samples': 34}. Best is trial 2 with value: 0.8216783216783217.
[I 2025-09-17 13:15:54,686] Trial 8 finished with value: 0.5 and parameters: {'num_leaves': 260, 'learning_rate': 0.26950454856245937, 'feature_fraction': 0.8028346889111865, 'bagging_fraction': 0.4320733862059585, 'bagging_freq': 1, 'min_child_samples': 57}. Best is trial 2 with value: 0.8216783216783217.
[I 2025-09-17 13:15:54,695] Trial 9 finished with value: 0.5 and parameters: {'num_leaves': 206, 'learning_rate': 0.1994551236600904, 'feature_fraction': 0.5941805854851392, 'bagging_fraction': 0.7501837598891377, 'bagging_freq': 2, 'min_child_samples': 66}. Best is trial 2 with value: 0.8216783216783217.
[I 2025-09-17 13:15:54,750] Trial 10 finished with value: 0.8146853146853147 and parameters: {'num_leaves': 171, 'learning_rate': 0.28845114350661955, 'feature_fraction': 0.4388562285543728, 'bagging_fraction': 0.7530588822695742, 'bagging_freq': 7, 'min_child_samples': 12}. Best is trial 2 with value: 0.8216783216783217.
