[I 2025-09-17 13:15:31,235] Trial 27 finished with value: 0.5 and parameters: {'num_leaves': 216, 'learning_rate': 0.16350723392730215, 'feature_fraction': 0.8228038974247134, 'bagging_fraction': 0.4432574133365614, 'bagging_freq': 1, 'min_child_samples': 40}. Best is trial 23 with value: 0.9297520661157024.
[I 2025-09-17 13:15:31,316] Trial 28 finished with value: 0.8471074380165289 and parameters: {'num_leaves': 265, 'learning_rate': 0.08413705571749953, 'feature_fraction': 0.8773129642941508, 'bagging_fraction': 0.5962719868685951, 'bagging_freq': 3, 'min_child_samples': 5}. Best is trial 23 with value: 0.9297520661157024.
[I 2025-09-17 13:15:31,329] Trial 29 finished with value: 0.5 and parameters: {'num_leaves': 200, 'learning_rate': 0.22673222661439044, 'feature_fraction': 0.6527570096993237, 'bagging_fraction': 0.672663359980382, 'bagging_freq': 3, 'min_child_samples': 56}. Best is trial 23 with value: 0.9297520661157024.
[I 2025-09-17 13:15:31,360] Trial 30 finished with value: 0.8925619834710744 and parameters: {'num_leaves': 186, 'learning_rate': 0.24748300041126525, 'feature_fraction': 0.780531225458559, 'bagging_fraction': 0.6068515864381532, 'bagging_freq': 2, 'min_child_samples': 15}. Best is trial 23 with value: 0.9297520661157024.
[I 2025-09-17 13:15:31,435] Trial 31 finished with value: 0.9008264462809917 and parameters: {'num_leaves': 276, 'learning_rate': 0.1447236471990485, 'feature_fraction': 0.706987317538302, 'bagging_fraction': 0.5133343609401823, 'bagging_freq': 2, 'min_child_samples': 5}. Best is trial 23 with value: 0.9297520661157024.
[I 2025-09-17 13:15:31,527] Trial 32 finished with value: 0.8842975206611571 and parameters: {'num_leaves': 223, 'learning_rate': 0.15133822420423104, 'feature_fraction': 0.4932344094812113, 'bagging_fraction': 0.5946920084779738, 'bagging_freq': 2, 'min_child_samples': 5}. Best is trial 23 with value: 0.9297520661157024.
[I 2025-09-17 13:15:31,558] Trial 33 finished with value: 0.8925619834710744 and parameters: {'num_leaves': 246, 'learning_rate': 0.13340319018585625, 'feature_fraction': 0.8503720982235956, 'bagging_fraction': 0.5485024506811871, 'bagging_freq': 4, 'min_child_samples': 16}. Best is trial 23 with value: 0.9297520661157024.
[I 2025-09-17 13:15:31,581] Trial 34 finished with value: 0.871900826446281 and parameters: {'num_leaves': 249, 'learning_rate': 0.100311325124785, 'feature_fraction': 0.6001813326394351, 'bagging_fraction': 0.48377806803367196, 'bagging_freq': 3, 'min_child_samples': 30}. Best is trial 23 with value: 0.9297520661157024.
[I 2025-09-17 13:15:31,617] Trial 35 finished with value: 0.8925619834710743 and parameters: {'num_leaves': 285, 'learning_rate': 0.19907820214597194, 'feature_fraction': 0.7362327864259739, 'bagging_fraction': 0.7251895895692111, 'bagging_freq': 1, 'min_child_samples': 23}. Best is trial 23 with value: 0.9297520661157024.
[I 2025-09-17 13:15:31,676] Trial 36 finished with value: 0.8677685950413223 and parameters: {'num_leaves': 199, 'learning_rate': 0.17771743322065817, 'feature_fraction': 0.8990664048001547, 'bagging_fraction': 0.7573168497297598, 'bagging_freq': 4, 'min_child_samples': 11}. Best is trial 23 with value: 0.9297520661157024.
[I 2025-09-17 13:15:31,688] Trial 37 finished with value: 0.5 and parameters: {'num_leaves': 230, 'learning_rate': 0.2063072293787877, 'feature_fraction': 0.9594426471627175, 'bagging_fraction': 0.42851493915242883, 'bagging_freq': 2, 'min_child_samples': 88}. Best is trial 23 with value: 0.9297520661157024.
[I 2025-09-17 13:15:31,721] Trial 38 finished with value: 0.9132231404958678 and parameters: {'num_leaves': 17, 'learning_rate': 0.1605681679766373, 'feature_fraction': 0.6745926730699111, 'bagging_fraction': 0.5297742457906951, 'bagging_freq': 7, 'min_child_samples': 18}. Best is trial 23 with value: 0.9297520661157024.
[I 2025-09-17 13:15:31,735] Trial 39 finished with value: 0.5 and parameters: {'num_leaves': 85, 'learning_rate': 0.24146547704906093, 'feature_fraction': 0.6087798341744298, 'bagging_fraction': 0.6789662418395643, 'bagging_freq': 4, 'min_child_samples': 51}. Best is trial 23 with value: 0.9297520661157024.
[I 2025-09-17 13:15:31,799] Trial 40 finished with value: 0.8801652892561983 and parameters: {'num_leaves': 163, 'learning_rate': 0.13632974185347746, 'feature_fraction': 0.5469476682373965, 'bagging_fraction': 0.8063465372296108, 'bagging_freq': 1, 'min_child_samples': 12}. Best is trial 23 with value: 0.9297520661157024.
[I 2025-09-17 13:15:31,845] Trial 41 finished with value: 0.8966942148760331 and parameters: {'num_leaves': 281, 'learning_rate': 0.13181304921331108, 'feature_fraction': 0.4003838514642814, 'bagging_fraction': 0.5656718594898209, 'bagging_freq': 2, 'min_child_samples': 13}. Best is trial 23 with value: 0.9297520661157024.
[I 2025-09-17 13:15:31,906] Trial 42 finished with value: 0.8925619834710743 and parameters: {'num_leaves': 274, 'learning_rate': 0.18406880028226683, 'feature_fraction': 0.4462067122546725, 'bagging_fraction': 0.5877541186792002, 'bagging_freq': 2, 'min_child_samples': 8}. Best is trial 23 with value: 0.9297520661157024.
[I 2025-09-17 13:15:31,931] Trial 43 finished with value: 0.9214876033057852 and parameters: {'num_leaves': 292, 'learning_rate': 0.14970207870996197, 'feature_fraction': 0.5160539884415916, 'bagging_fraction': 0.4764599641621473, 'bagging_freq': 3, 'min_child_samples': 26}. Best is trial 23 with value: 0.9297520661157024.
[I 2025-09-17 13:15:31,957] Trial 44 finished with value: 0.8884297520661157 and parameters: {'num_leaves': 299, 'learning_rate': 0.15464120767058478, 'feature_fraction': 0.4865623913555532, 'bagging_fraction': 0.4748563384105616, 'bagging_freq': 3, 'min_child_samples': 27}. Best is trial 23 with value: 0.9297520661157024.
Training until validation scores don't improve for 50 rounds
Early stopping, best iteration is:
[38]	valid_0's binary_logloss: 0.232891
Training until validation scores don't improve for 50 rounds
Early stopping, best iteration is:
[5]	valid_0's binary_logloss: 0.636576
Training until validation scores don't improve for 50 rounds
Did not meet early stopping. Best iteration is:
[83]	valid_0's binary_logloss: 0.294208
Training until validation scores don't improve for 50 rounds
Early stopping, best iteration is:
[27]	valid_0's binary_logloss: 0.21705
Training until validation scores don't improve for 50 rounds
Early stopping, best iteration is:
[32]	valid_0's binary_logloss: 0.266792
Training until validation scores don't improve for 50 rounds
Did not meet early stopping. Best iteration is:
[100]	valid_0's binary_logloss: 0.170292
Training until validation scores don't improve for 50 rounds
Early stopping, best iteration is:
[44]	valid_0's binary_logloss: 0.256902
Training until validation scores don't improve for 50 rounds
Early stopping, best iteration is:
[45]	valid_0's binary_logloss: 0.253198
Training until validation scores don't improve for 50 rounds
Did not meet early stopping. Best iteration is:
[100]	valid_0's binary_logloss: 0.295681
Training until validation scores don't improve for 50 rounds
Early stopping, best iteration is:
[45]	valid_0's binary_logloss: 0.262564
Training until validation scores don't improve for 50 rounds
Did not meet early stopping. Best iteration is:
[75]	valid_0's binary_logloss: 0.236549
Training until validation scores don't improve for 50 rounds
Early stopping, best iteration is:
[38]	valid_0's binary_logloss: 0.224924
Training until validation scores don't improve for 50 rounds
Early stopping, best iteration is:
[7]	valid_0's binary_logloss: 0.636576
Training until validation scores don't improve for 50 rounds
Early stopping, best iteration is:
[45]	valid_0's binary_logloss: 0.24776
Training until validation scores don't improve for 50 rounds
Early stopping, best iteration is:
[37]	valid_0's binary_logloss: 0.63665
Training until validation scores don't improve for 50 rounds
Did not meet early stopping. Best iteration is:
[99]	valid_0's binary_logloss: 0.436153
Training until validation scores don't improve for 50 rounds
Early stopping, best iteration is:
[16]	valid_0's binary_logloss: 0.359528
Training until validation scores don't improve for 50 rounds
Early stopping, best iteration is:
[1]	valid_0's binary_logloss: 0.63665
Training until validation scores don't improve for 50 rounds
Early stopping, best iteration is:
[4]	valid_0's binary_logloss: 0.63665
Training until validation scores don't improve for 50 rounds
Early stopping, best iteration is:
[19]	valid_0's binary_logloss: 0.389525
Training until validation scores don't improve for 50 rounds
Early stopping, best iteration is:
[3]	valid_0's binary_logloss: 0.63665
Training until validation scores don't improve for 50 rounds
Early stopping, best iteration is:
[2]	valid_0's binary_logloss: 0.63665
Training until validation scores don't improve for 50 rounds
Early stopping, best iteration is:
[13]	valid_0's binary_logloss: 0.431518
Training until validation scores don't improve for 50 rounds
Early stopping, best iteration is:
[35]	valid_0's binary_logloss: 0.401406
Training until validation scores don't improve for 50 rounds
Early stopping, best iteration is:
[43]	valid_0's binary_logloss: 0.359228
Training until validation scores don't improve for 50 rounds
Early stopping, best iteration is:
[38]	valid_0's binary_logloss: 0.364166
Training until validation scores don't improve for 50 rounds
Early stopping, best iteration is:
[11]	valid_0's binary_logloss: 0.495151
Training until validation scores don't improve for 50 rounds
Did not meet early stopping. Best iteration is:
[97]	valid_0's binary_logloss: 0.455503
Training until validation scores don't improve for 50 rounds
Early stopping, best iteration is:
[7]	valid_0's binary_logloss: 0.408622
Training until validation scores don't improve for 50 rounds
Early stopping, best iteration is:
[9]	valid_0's binary_logloss: 0.382133
Training until validation scores don't improve for 50 rounds
Early stopping, best iteration is:
[4]	valid_0's binary_logloss: 0.63665
Training until validation scores don't improve for 50 rounds
Did not meet early stopping. Best iteration is:
[92]	valid_0's binary_logloss: 0.542922
Training until validation scores don't improve for 50 rounds
Early stopping, best iteration is:
[4]	valid_0's binary_logloss: 0.63665
Training until validation scores don't improve for 50 rounds
Early stopping, best iteration is:
[19]	valid_0's binary_logloss: 0.634254
Training until validation scores don't improve for 50 rounds
Early stopping, best iteration is:
[18]	valid_0's binary_logloss: 0.391232
Training until validation scores don't improve for 50 rounds
Early stopping, best iteration is:
[11]	valid_0's binary_logloss: 0.423353
Training until validation scores don't improve for 50 rounds
Early stopping, best iteration is:
[36]	valid_0's binary_logloss: 0.397895
Training until validation scores don't improve for 50 rounds
Early stopping, best iteration is:
[19]	valid_0's binary_logloss: 0.360902
Training until validation scores don't improve for 50 rounds
Early stopping, best iteration is:
[21]	valid_0's binary_logloss: 0.396996
Training until validation scores don't improve for 50 rounds
Early stopping, best iteration is:
[35]	valid_0's binary_logloss: 0.373644
Training until validation scores don't improve for 50 rounds
Did not meet early stopping. Best iteration is:
[78]	valid_0's binary_logloss: 0.365931
Training until validation scores don't improve for 50 rounds
Early stopping, best iteration is:
[17]	valid_0's binary_logloss: 0.63665
Training until validation scores don't improve for 50 rounds
Early stopping, best iteration is:
[15]	valid_0's binary_logloss: 0.457763
Training until validation scores don't improve for 50 rounds
Early stopping, best iteration is:
[5]	valid_0's binary_logloss: 0.63665
Training until validation scores don't improve for 50 rounds
Early stopping, best iteration is:
[10]	valid_0's binary_logloss: 0.399345
Training until validation scores don't improve for 50 rounds
Early stopping, best iteration is:
[11]	valid_0's binary_logloss: 0.404806
Training until validation scores don't improve for 50 rounds
Early stopping, best iteration is:
[11]	valid_0's binary_logloss: 0.429921
Training until validation scores don't improve for 50 rounds
Early stopping, best iteration is:
[22]	valid_0's binary_logloss: 0.409455
Training until validation scores don't improve for 50 rounds
Did not meet early stopping. Best iteration is:
[100]	valid_0's binary_logloss: 0.427941
Training until validation scores don't improve for 50 rounds
Early stopping, best iteration is:
[36]	valid_0's binary_logloss: 0.399762
Training until validation scores don't improve for 50 rounds
Early stopping, best iteration is:
[32]	valid_0's binary_logloss: 0.491617
Training until validation scores don't improve for 50 rounds
Early stopping, best iteration is:
[1]	valid_0's binary_logloss: 0.63665
Training until validation scores don't improve for 50 rounds
Early stopping, best iteration is:
[43]	valid_0's binary_logloss: 0.366177
Training until validation scores don't improve for 50 rounds
Early stopping, best iteration is:
[14]	valid_0's binary_logloss: 0.63665
Training until validation scores don't improve for 50 rounds
Early stopping, best iteration is:
[22]	valid_0's binary_logloss: 0.440729
Training until validation scores don't improve for 50 rounds
Early stopping, best iteration is:
[29]	valid_0's binary_logloss: 0.404975
Training until validation scores don't improve for 50 rounds
Early stopping, best iteration is:
[15]	valid_0's binary_logloss: 0.420811
Training until validation scores don't improve for 50 rounds
Did not meet early stopping. Best iteration is:
[66]	valid_0's binary_logloss: 0.34881
Training until validation scores don't improve for 50 rounds
Did not meet early stopping. Best iteration is:
[72]	valid_0's binary_logloss: 0.378621
[I 2025-09-17 13:15:31,989] Trial 45 finished with value: 0.9132231404958678 and parameters: {'num_leaves': 254, 'learning_rate': 0.11541818726352414, 'feature_fraction': 0.5509927774250702, 'bagging_fraction': 0.4394317807379982, 'bagging_freq': 4, 'min_child_samples': 22}. Best is trial 23 with value: 0.9297520661157024.
[I 2025-09-17 13:15:32,019] Trial 46 finished with value: 0.9256198347107437 and parameters: {'num_leaves': 238, 'learning_rate': 0.173406189753218, 'feature_fraction': 0.518979510340488, 'bagging_fraction': 0.43371727972053264, 'bagging_freq': 3, 'min_child_samples': 18}. Best is trial 23 with value: 0.9297520661157024.
[I 2025-09-17 13:15:32,034] Trial 47 finished with value: 0.5 and parameters: {'num_leaves': 239, 'learning_rate': 0.21518441269076757, 'feature_fraction': 0.516045487473904, 'bagging_fraction': 0.4228021661694301, 'bagging_freq': 3, 'min_child_samples': 45}. Best is trial 23 with value: 0.9297520661157024.
[I 2025-09-17 13:15:32,057] Trial 48 finished with value: 0.7727272727272727 and parameters: {'num_leaves': 213, 'learning_rate': 0.17390864657356897, 'feature_fraction': 0.8071988157714958, 'bagging_fraction': 0.45999581609995166, 'bagging_freq': 4, 'min_child_samples': 31}. Best is trial 23 with value: 0.9297520661157024.
[I 2025-09-17 13:15:32,102] Trial 49 finished with value: 0.9049586776859505 and parameters: {'num_leaves': 137, 'learning_rate': 0.2717225742467232, 'feature_fraction': 0.8412694131358222, 'bagging_fraction': 0.8866748467451464, 'bagging_freq': 4, 'min_child_samples': 18}. Best is trial 23 with value: 0.9297520661157024.
[I 2025-09-17 13:15:32,348] A new study created in memory with name: no-name-b46cca7e-4c02-47d6-b9cc-29a08b76e5c7
[I 2025-09-17 13:15:32,356] Trial 0 finished with value: 0.5 and parameters: {'num_leaves': 176, 'learning_rate': 0.25940112346814775, 'feature_fraction': 0.6147781100528856, 'bagging_fraction': 0.618808564981803, 'bagging_freq': 3, 'min_child_samples': 92}. Best is trial 0 with value: 0.5.
[I 2025-09-17 13:15:32,364] Trial 1 finished with value: 0.5 and parameters: {'num_leaves': 187, 'learning_rate': 0.02693443771571155, 'feature_fraction': 0.5746077128827142, 'bagging_fraction': 0.9184770598199566, 'bagging_freq': 5, 'min_child_samples': 72}. Best is trial 0 with value: 0.5.
[I 2025-09-17 13:15:32,467] Trial 2 finished with value: 0.9173553719008265 and parameters: {'num_leaves': 258, 'learning_rate': 0.23167946564034142, 'feature_fraction': 0.7942359516259523, 'bagging_fraction': 0.7967196944078556, 'bagging_freq': 3, 'min_child_samples': 5}. Best is trial 2 with value: 0.9173553719008265.
[I 2025-09-17 13:15:32,477] Trial 3 finished with value: 0.5 and parameters: {'num_leaves': 253, 'learning_rate': 0.06080419538101322, 'feature_fraction': 0.9644633968719479, 'bagging_fraction': 0.9268946168396044, 'bagging_freq': 3, 'min_child_samples': 85}. Best is trial 2 with value: 0.9173553719008265.
[I 2025-09-17 13:15:32,488] Trial 4 finished with value: 0.5 and parameters: {'num_leaves': 118, 'learning_rate': 0.15546750862896214, 'feature_fraction': 0.9074915439296357, 'bagging_fraction': 0.4251736230627682, 'bagging_freq': 5, 'min_child_samples': 55}. Best is trial 2 with value: 0.9173553719008265.
[I 2025-09-17 13:15:32,498] Trial 5 finished with value: 0.5 and parameters: {'num_leaves': 151, 'learning_rate': 0.29889343980523947, 'feature_fraction': 0.8307894262200517, 'bagging_fraction': 0.9330457639334789, 'bagging_freq': 2, 'min_child_samples': 100}. Best is trial 2 with value: 0.9173553719008265.
[I 2025-09-17 13:15:32,518] Trial 6 finished with value: 0.8471074380165289 and parameters: {'num_leaves': 206, 'learning_rate': 0.10452998629112889, 'feature_fraction': 0.523792000743396, 'bagging_fraction': 0.8805775078837017, 'bagging_freq': 4, 'min_child_samples': 38}. Best is trial 2 with value: 0.9173553719008265.
[I 2025-09-17 13:15:32,540] Trial 7 finished with value: 0.8471074380165289 and parameters: {'num_leaves': 283, 'learning_rate': 0.1548651057564024, 'feature_fraction': 0.5443044481432497, 'bagging_fraction': 0.6456877524911356, 'bagging_freq': 3, 'min_child_samples': 30}. Best is trial 2 with value: 0.9173553719008265.
[I 2025-09-17 13:15:32,547] Trial 8 finished with value: 0.5 and parameters: {'num_leaves': 295, 'learning_rate': 0.10301452659160006, 'feature_fraction': 0.6419922649876966, 'bagging_fraction': 0.4222158356583431, 'bagging_freq': 2, 'min_child_samples': 71}. Best is trial 2 with value: 0.9173553719008265.
[I 2025-09-17 13:15:32,562] Trial 9 finished with value: 0.6549586776859504 and parameters: {'num_leaves': 275, 'learning_rate': 0.09915779432617214, 'feature_fraction': 0.5545463720156758, 'bagging_fraction': 0.9985071542985277, 'bagging_freq': 3, 'min_child_samples': 63}. Best is trial 2 with value: 0.9173553719008265.
[I 2025-09-17 13:15:32,635] Trial 10 finished with value: 0.9132231404958677 and parameters: {'num_leaves': 32, 'learning_rate': 0.2189518326398972, 'feature_fraction': 0.4047397597626404, 'bagging_fraction': 0.7609128929044835, 'bagging_freq': 7, 'min_child_samples': 7}. Best is trial 2 with value: 0.9173553719008265.
[I 2025-09-17 13:15:32,762] Trial 11 finished with value: 0.9090909090909091 and parameters: {'num_leaves': 20, 'learning_rate': 0.23145792391941739, 'feature_fraction': 0.40481949746455004, 'bagging_fraction': 0.7723141161585174, 'bagging_freq': 7, 'min_child_samples': 5}. Best is trial 2 with value: 0.9173553719008265.
[I 2025-09-17 13:15:32,835] Trial 12 finished with value: 0.8636363636363636 and parameters: {'num_leaves': 13, 'learning_rate': 0.21839477075090036, 'feature_fraction': 0.7529733985103626, 'bagging_fraction': 0.7565216395647231, 'bagging_freq': 7, 'min_child_samples': 6}. Best is trial 2 with value: 0.9173553719008265.
[I 2025-09-17 13:15:32,882] Trial 13 finished with value: 0.9008264462809916 and parameters: {'num_leaves': 81, 'learning_rate': 0.19246107393408832, 'feature_fraction': 0.7536955030325696, 'bagging_fraction': 0.7860314922410824, 'bagging_freq': 1, 'min_child_samples': 21}. Best is trial 2 with value: 0.9173553719008265.
[I 2025-09-17 13:15:32,920] Trial 14 finished with value: 0.9380165289256198 and parameters: {'num_leaves': 69, 'learning_rate': 0.27703302238423866, 'feature_fraction': 0.4201859119064664, 'bagging_fraction': 0.5626738235526085, 'bagging_freq': 6, 'min_child_samples': 19}. Best is trial 14 with value: 0.9380165289256198.
[I 2025-09-17 13:15:32,947] Trial 15 finished with value: 0.8884297520661157 and parameters: {'num_leaves': 77, 'learning_rate': 0.2873582241982003, 'feature_fraction': 0.8387332210204155, 'bagging_fraction': 0.5489704358488996, 'bagging_freq': 5, 'min_child_samples': 25}. Best is trial 14 with value: 0.9380165289256198.
[I 2025-09-17 13:15:32,967] Trial 16 finished with value: 0.6446280991735537 and parameters: {'num_leaves': 120, 'learning_rate': 0.26008528351507954, 'feature_fraction': 0.7068720000846542, 'bagging_fraction': 0.5320703462282076, 'bagging_freq': 6, 'min_child_samples': 38}. Best is trial 14 with value: 0.9380165289256198.
[I 2025-09-17 13:15:33,022] Trial 17 finished with value: 0.8966942148760331 and parameters: {'num_leaves': 222, 'learning_rate': 0.17314127954695552, 'feature_fraction': 0.4684802292976804, 'bagging_fraction': 0.6720252940275284, 'bagging_freq': 4, 'min_child_samples': 16}. Best is trial 14 with value: 0.9380165289256198.
[I 2025-09-17 13:15:33,050] Trial 18 finished with value: 0.8305785123966942 and parameters: {'num_leaves': 63, 'learning_rate': 0.2639393107420178, 'feature_fraction': 0.8787032586329376, 'bagging_fraction': 0.5602576684215705, 'bagging_freq': 6, 'min_child_samples': 37}. Best is trial 14 with value: 0.9380165289256198.
[I 2025-09-17 13:15:33,097] Trial 19 finished with value: 0.8966942148760331 and parameters: {'num_leaves': 238, 'learning_rate': 0.24334826603530338, 'feature_fraction': 0.673240341215082, 'bagging_fraction': 0.8332215162247019, 'bagging_freq': 6, 'min_child_samples': 15}. Best is trial 14 with value: 0.9380165289256198.
