[I 2025-09-17 13:15:16,997] Trial 17 finished with value: 0.8140350877192983 and parameters: {'num_leaves': 227, 'learning_rate': 0.10020563772937721, 'feature_fraction': 0.9142607689363293, 'bagging_fraction': 0.7757205919984242, 'bagging_freq': 2, 'min_child_samples': 57}. Best is trial 10 with value: 0.9631578947368421.
[I 2025-09-17 13:15:17,030] Trial 18 finished with value: 0.9333333333333332 and parameters: {'num_leaves': 293, 'learning_rate': 0.24876656510806971, 'feature_fraction': 0.7810055889273232, 'bagging_fraction': 0.7016793422475055, 'bagging_freq': 3, 'min_child_samples': 16}. Best is trial 10 with value: 0.9631578947368421.
[I 2025-09-17 13:15:17,053] Trial 19 finished with value: 0.9017543859649124 and parameters: {'num_leaves': 144, 'learning_rate': 0.18361994241166044, 'feature_fraction': 0.9463795855259886, 'bagging_fraction': 0.5644526099291837, 'bagging_freq': 4, 'min_child_samples': 32}. Best is trial 10 with value: 0.9631578947368421.
[I 2025-09-17 13:15:17,066] Trial 20 finished with value: 0.5 and parameters: {'num_leaves': 203, 'learning_rate': 0.24977601438323976, 'feature_fraction': 0.9966387834274332, 'bagging_fraction': 0.4527648163978692, 'bagging_freq': 2, 'min_child_samples': 48}. Best is trial 10 with value: 0.9631578947368421.
[I 2025-09-17 13:15:17,141] Trial 21 finished with value: 0.9649122807017545 and parameters: {'num_leaves': 298, 'learning_rate': 0.29392926580189127, 'feature_fraction': 0.9649697003905804, 'bagging_fraction': 0.7555708530785187, 'bagging_freq': 3, 'min_child_samples': 7}. Best is trial 21 with value: 0.9649122807017545.
[I 2025-09-17 13:15:17,201] Trial 22 finished with value: 0.9263157894736842 and parameters: {'num_leaves': 256, 'learning_rate': 0.2759227712371823, 'feature_fraction': 0.9182338965788077, 'bagging_fraction': 0.7992779242609072, 'bagging_freq': 3, 'min_child_samples': 12}. Best is trial 21 with value: 0.9649122807017545.
[I 2025-09-17 13:15:17,244] Trial 23 finished with value: 0.943859649122807 and parameters: {'num_leaves': 270, 'learning_rate': 0.2985550229971622, 'feature_fraction': 0.9463152836160263, 'bagging_fraction': 0.7157644324390963, 'bagging_freq': 5, 'min_child_samples': 16}. Best is trial 21 with value: 0.9649122807017545.
[I 2025-09-17 13:15:17,282] Trial 24 finished with value: 0.9263157894736842 and parameters: {'num_leaves': 300, 'learning_rate': 0.2668252544343554, 'feature_fraction': 0.8290298469742629, 'bagging_fraction': 0.8835023572743681, 'bagging_freq': 2, 'min_child_samples': 29}. Best is trial 21 with value: 0.9649122807017545.
[I 2025-09-17 13:15:17,367] Trial 25 finished with value: 0.9403508771929825 and parameters: {'num_leaves': 265, 'learning_rate': 0.23209840498965312, 'feature_fraction': 0.7523065486754179, 'bagging_fraction': 0.6617608783290023, 'bagging_freq': 3, 'min_child_samples': 6}. Best is trial 21 with value: 0.9649122807017545.
[I 2025-09-17 13:15:17,423] Trial 26 finished with value: 0.8947368421052633 and parameters: {'num_leaves': 114, 'learning_rate': 0.19170523285143568, 'feature_fraction': 0.8907856832767935, 'bagging_fraction': 0.7539962341201425, 'bagging_freq': 5, 'min_child_samples': 12}. Best is trial 21 with value: 0.9649122807017545.
[I 2025-09-17 13:15:17,448] Trial 27 finished with value: 0.849122807017544 and parameters: {'num_leaves': 218, 'learning_rate': 0.11742043286512813, 'feature_fraction': 0.9582672960137821, 'bagging_fraction': 0.9461846905108257, 'bagging_freq': 4, 'min_child_samples': 63}. Best is trial 21 with value: 0.9649122807017545.
[I 2025-09-17 13:15:17,484] Trial 28 finished with value: 0.8947368421052633 and parameters: {'num_leaves': 249, 'learning_rate': 0.27729660996295274, 'feature_fraction': 0.8656325663974668, 'bagging_fraction': 0.8318376688249967, 'bagging_freq': 2, 'min_child_samples': 21}. Best is trial 21 with value: 0.9649122807017545.
[I 2025-09-17 13:15:17,498] Trial 29 finished with value: 0.5 and parameters: {'num_leaves': 171, 'learning_rate': 0.23976897516287649, 'feature_fraction': 0.9680678824334422, 'bagging_fraction': 0.5253462496603423, 'bagging_freq': 1, 'min_child_samples': 44}. Best is trial 21 with value: 0.9649122807017545.
[I 2025-09-17 13:15:17,522] Trial 30 finished with value: 0.8947368421052632 and parameters: {'num_leaves': 281, 'learning_rate': 0.20054319686309335, 'feature_fraction': 0.9084387769154213, 'bagging_fraction': 0.5786911094080396, 'bagging_freq': 4, 'min_child_samples': 31}. Best is trial 21 with value: 0.9649122807017545.
[I 2025-09-17 13:15:17,586] Trial 31 finished with value: 0.9052631578947369 and parameters: {'num_leaves': 299, 'learning_rate': 0.29874311620052385, 'feature_fraction': 0.9998520616271311, 'bagging_fraction': 0.7364200959136733, 'bagging_freq': 3, 'min_child_samples': 8}. Best is trial 21 with value: 0.9649122807017545.
[I 2025-09-17 13:15:17,669] Trial 32 finished with value: 0.9263157894736842 and parameters: {'num_leaves': 286, 'learning_rate': 0.2835807812907016, 'feature_fraction': 0.9675870126003727, 'bagging_fraction': 0.6707757023538589, 'bagging_freq': 3, 'min_child_samples': 6}. Best is trial 21 with value: 0.9649122807017545.
[I 2025-09-17 13:15:17,701] Trial 33 finished with value: 0.9403508771929825 and parameters: {'num_leaves': 272, 'learning_rate': 0.25913624746851405, 'feature_fraction': 0.9663715322891623, 'bagging_fraction': 0.7402487053697208, 'bagging_freq': 2, 'min_child_samples': 18}. Best is trial 21 with value: 0.9649122807017545.
[I 2025-09-17 13:15:17,802] Trial 34 finished with value: 0.9649122807017544 and parameters: {'num_leaves': 241, 'learning_rate': 0.2893499073089355, 'feature_fraction': 0.914153300608898, 'bagging_fraction': 0.7827626052266551, 'bagging_freq': 3, 'min_child_samples': 5}. Best is trial 21 with value: 0.9649122807017545.
[I 2025-09-17 13:15:17,860] Trial 35 finished with value: 0.9263157894736842 and parameters: {'num_leaves': 196, 'learning_rate': 0.26335121564297487, 'feature_fraction': 0.7283430252179178, 'bagging_fraction': 0.7908738632921982, 'bagging_freq': 4, 'min_child_samples': 11}. Best is trial 21 with value: 0.9649122807017545.
[I 2025-09-17 13:15:17,907] Trial 36 finished with value: 0.9403508771929825 and parameters: {'num_leaves': 155, 'learning_rate': 0.2825685973804818, 'feature_fraction': 0.8092232278349905, 'bagging_fraction': 0.8764426107519365, 'bagging_freq': 2, 'min_child_samples': 20}. Best is trial 21 with value: 0.9649122807017545.
[I 2025-09-17 13:15:17,943] Trial 37 finished with value: 0.9122807017543859 and parameters: {'num_leaves': 189, 'learning_rate': 0.20797410565316005, 'feature_fraction': 0.6430492554157865, 'bagging_fraction': 0.8114402234345512, 'bagging_freq': 1, 'min_child_samples': 28}. Best is trial 21 with value: 0.9649122807017545.
[I 2025-09-17 13:15:18,004] Trial 38 finished with value: 0.9614035087719298 and parameters: {'num_leaves': 240, 'learning_rate': 0.16972135268130054, 'feature_fraction': 0.8961190890901054, 'bagging_fraction': 0.667212792751345, 'bagging_freq': 3, 'min_child_samples': 10}. Best is trial 21 with value: 0.9649122807017545.
[I 2025-09-17 13:15:18,064] Trial 39 finished with value: 0.9228070175438596 and parameters: {'num_leaves': 239, 'learning_rate': 0.16022460780716416, 'feature_fraction': 0.5571779137373302, 'bagging_fraction': 0.6661213846163504, 'bagging_freq': 3, 'min_child_samples': 10}. Best is trial 21 with value: 0.9649122807017545.
[I 2025-09-17 13:15:18,077] Trial 40 finished with value: 0.5 and parameters: {'num_leaves': 255, 'learning_rate': 0.08783379134442013, 'feature_fraction': 0.8688641704886041, 'bagging_fraction': 0.5952667802556767, 'bagging_freq': 5, 'min_child_samples': 68}. Best is trial 21 with value: 0.9649122807017545.
[I 2025-09-17 13:15:18,151] Trial 41 finished with value: 0.9473684210526316 and parameters: {'num_leaves': 212, 'learning_rate': 0.12980669241338477, 'feature_fraction': 0.9199958184197493, 'bagging_fraction': 0.7187291270473354, 'bagging_freq': 3, 'min_child_samples': 9}. Best is trial 21 with value: 0.9649122807017545.
[I 2025-09-17 13:15:18,266] Trial 42 finished with value: 0.9649122807017545 and parameters: {'num_leaves': 237, 'learning_rate': 0.24210708139010326, 'feature_fraction': 0.8970292993799815, 'bagging_fraction': 0.6731014172988776, 'bagging_freq': 3, 'min_child_samples': 5}. Best is trial 21 with value: 0.9649122807017545.
[I 2025-09-17 13:15:18,320] Trial 43 finished with value: 0.9403508771929825 and parameters: {'num_leaves': 230, 'learning_rate': 0.16710934807815397, 'feature_fraction': 0.8954324504027302, 'bagging_fraction': 0.6771959447107914, 'bagging_freq': 3, 'min_child_samples': 17}. Best is trial 21 with value: 0.9649122807017545.
[I 2025-09-17 13:15:18,334] Trial 44 finished with value: 0.5 and parameters: {'num_leaves': 278, 'learning_rate': 0.23900407896842019, 'feature_fraction': 0.44004980700517154, 'bagging_fraction': 0.8456366953792285, 'bagging_freq': 4, 'min_child_samples': 99}. Best is trial 21 with value: 0.9649122807017545.
[I 2025-09-17 13:15:18,433] Trial 45 finished with value: 0.9649122807017545 and parameters: {'num_leaves': 244, 'learning_rate': 0.2551248459011795, 'feature_fraction': 0.8496332729384132, 'bagging_fraction': 0.6516731269253885, 'bagging_freq': 3, 'min_child_samples': 5}. Best is trial 21 with value: 0.9649122807017545.
[I 2025-09-17 13:15:18,557] Trial 46 finished with value: 0.9543859649122807 and parameters: {'num_leaves': 264, 'learning_rate': 0.25332768059436445, 'feature_fraction': 0.8477410783793973, 'bagging_fraction': 0.7861950175751872, 'bagging_freq': 3, 'min_child_samples': 5}. Best is trial 21 with value: 0.9649122807017545.
[I 2025-09-17 13:15:18,575] Trial 47 finished with value: 0.5 and parameters: {'num_leaves': 249, 'learning_rate': 0.28686402076967676, 'feature_fraction': 0.9366729630992656, 'bagging_fraction': 0.6353373802538722, 'bagging_freq': 4, 'min_child_samples': 85}. Best is trial 21 with value: 0.9649122807017545.
[I 2025-09-17 13:15:18,602] Trial 48 finished with value: 0.9052631578947369 and parameters: {'num_leaves': 215, 'learning_rate': 0.2676431071889021, 'feature_fraction': 0.6896557960145703, 'bagging_fraction': 0.504736576567595, 'bagging_freq': 4, 'min_child_samples': 23}. Best is trial 21 with value: 0.9649122807017545.
[I 2025-09-17 13:15:18,639] Trial 49 finished with value: 0.9228070175438596 and parameters: {'num_leaves': 284, 'learning_rate': 0.22297905911373483, 'feature_fraction': 0.7966023948542759, 'bagging_fraction': 0.6965101579720109, 'bagging_freq': 3, 'min_child_samples': 15}. Best is trial 21 with value: 0.9649122807017545.
[I 2025-09-17 13:15:18,833] A new study created in memory with name: no-name-dd28beed-bf13-442a-9923-76586d49d1c7
[I 2025-09-17 13:15:18,882] Trial 0 finished with value: 0.8982456140350877 and parameters: {'num_leaves': 275, 'learning_rate': 0.0204433535141166, 'feature_fraction': 0.49840522408363586, 'bagging_fraction': 0.6836595775224079, 'bagging_freq': 7, 'min_child_samples': 15}. Best is trial 0 with value: 0.8982456140350877.
Early stopping, best iteration is:
[32]	valid_0's binary_logloss: 0.340662
Training until validation scores don't improve for 50 rounds
Did not meet early stopping. Best iteration is:
[79]	valid_0's binary_logloss: 0.337829
Training until validation scores don't improve for 50 rounds
Early stopping, best iteration is:
[21]	valid_0's binary_logloss: 0.449845
Training until validation scores don't improve for 50 rounds
Did not meet early stopping. Best iteration is:
[100]	valid_0's binary_logloss: 0.317197
Training until validation scores don't improve for 50 rounds
Early stopping, best iteration is:
[27]	valid_0's binary_logloss: 0.362555
Training until validation scores don't improve for 50 rounds
Early stopping, best iteration is:
[27]	valid_0's binary_logloss: 0.686352
Training until validation scores don't improve for 50 rounds
Did not meet early stopping. Best iteration is:
[81]	valid_0's binary_logloss: 0.313295
Training until validation scores don't improve for 50 rounds
Early stopping, best iteration is:
[47]	valid_0's binary_logloss: 0.420316
Training until validation scores don't improve for 50 rounds
Did not meet early stopping. Best iteration is:
[84]	valid_0's binary_logloss: 0.582174
Training until validation scores don't improve for 50 rounds
Early stopping, best iteration is:
[6]	valid_0's binary_logloss: 0.470315
Training until validation scores don't improve for 50 rounds
Early stopping, best iteration is:
[8]	valid_0's binary_logloss: 0.287035
Training until validation scores don't improve for 50 rounds
Did not meet early stopping. Best iteration is:
[54]	valid_0's binary_logloss: 0.396158
Training until validation scores don't improve for 50 rounds
Early stopping, best iteration is:
[7]	valid_0's binary_logloss: 0.686352
Training until validation scores don't improve for 50 rounds
Early stopping, best iteration is:
[1]	valid_0's binary_logloss: 0.686352
Training until validation scores don't improve for 50 rounds
Early stopping, best iteration is:
[1]	valid_0's binary_logloss: 0.686352
Training until validation scores don't improve for 50 rounds
Early stopping, best iteration is:
[23]	valid_0's binary_logloss: 0.686352
Training until validation scores don't improve for 50 rounds
Did not meet early stopping. Best iteration is:
[60]	valid_0's binary_logloss: 0.686352
Training until validation scores don't improve for 50 rounds
Early stopping, best iteration is:
[18]	valid_0's binary_logloss: 0.686352
Training until validation scores don't improve for 50 rounds
Early stopping, best iteration is:
[5]	valid_0's binary_logloss: 0.317374
Training until validation scores don't improve for 50 rounds
Early stopping, best iteration is:
[16]	valid_0's binary_logloss: 0.337706
Training until validation scores don't improve for 50 rounds
Did not meet early stopping. Best iteration is:
[67]	valid_0's binary_logloss: 0.277648
Training until validation scores don't improve for 50 rounds
Early stopping, best iteration is:
[14]	valid_0's binary_logloss: 0.398547
Training until validation scores don't improve for 50 rounds
Early stopping, best iteration is:
[44]	valid_0's binary_logloss: 0.45316
Training until validation scores don't improve for 50 rounds
Early stopping, best iteration is:
[9]	valid_0's binary_logloss: 0.323511
Training until validation scores don't improve for 50 rounds
Early stopping, best iteration is:
[37]	valid_0's binary_logloss: 0.419327
Training until validation scores don't improve for 50 rounds
Did not meet early stopping. Best iteration is:
[56]	valid_0's binary_logloss: 0.611343
Training until validation scores don't improve for 50 rounds
Early stopping, best iteration is:
[12]	valid_0's binary_logloss: 0.329395
Training until validation scores don't improve for 50 rounds
Early stopping, best iteration is:
[48]	valid_0's binary_logloss: 0.414599
Training until validation scores don't improve for 50 rounds
Early stopping, best iteration is:
[13]	valid_0's binary_logloss: 0.686352
Training until validation scores don't improve for 50 rounds
Early stopping, best iteration is:
[14]	valid_0's binary_logloss: 0.247653
Training until validation scores don't improve for 50 rounds
Early stopping, best iteration is:
[22]	valid_0's binary_logloss: 0.317596
Training until validation scores don't improve for 50 rounds
Early stopping, best iteration is:
[22]	valid_0's binary_logloss: 0.327067
Training until validation scores don't improve for 50 rounds
Early stopping, best iteration is:
[31]	valid_0's binary_logloss: 0.348558
Training until validation scores don't improve for 50 rounds
Early stopping, best iteration is:
[12]	valid_0's binary_logloss: 0.304383
Training until validation scores don't improve for 50 rounds
Early stopping, best iteration is:
[21]	valid_0's binary_logloss: 0.397214
Training until validation scores don't improve for 50 rounds
Did not meet early stopping. Best iteration is:
[82]	valid_0's binary_logloss: 0.490379
Training until validation scores don't improve for 50 rounds
Early stopping, best iteration is:
[14]	valid_0's binary_logloss: 0.391681
Training until validation scores don't improve for 50 rounds
Early stopping, best iteration is:
[20]	valid_0's binary_logloss: 0.686352
Training until validation scores don't improve for 50 rounds
Early stopping, best iteration is:
[45]	valid_0's binary_logloss: 0.414513
Training until validation scores don't improve for 50 rounds
Early stopping, best iteration is:
[15]	valid_0's binary_logloss: 0.40138
Training until validation scores don't improve for 50 rounds
Early stopping, best iteration is:
[7]	valid_0's binary_logloss: 0.372656
Training until validation scores don't improve for 50 rounds
Early stopping, best iteration is:
[8]	valid_0's binary_logloss: 0.330713
Training until validation scores don't improve for 50 rounds
Early stopping, best iteration is:
[15]	valid_0's binary_logloss: 0.294651
Training until validation scores don't improve for 50 rounds
Early stopping, best iteration is:
[16]	valid_0's binary_logloss: 0.368765
Training until validation scores don't improve for 50 rounds
Early stopping, best iteration is:
[27]	valid_0's binary_logloss: 0.321859
Training until validation scores don't improve for 50 rounds
Early stopping, best iteration is:
[35]	valid_0's binary_logloss: 0.367469
Training until validation scores don't improve for 50 rounds
Early stopping, best iteration is:
[21]	valid_0's binary_logloss: 0.311293
Training until validation scores don't improve for 50 rounds
Early stopping, best iteration is:
[12]	valid_0's binary_logloss: 0.370722
Training until validation scores don't improve for 50 rounds
Early stopping, best iteration is:
[4]	valid_0's binary_logloss: 0.686352
Training until validation scores don't improve for 50 rounds
Early stopping, best iteration is:
[29]	valid_0's binary_logloss: 0.298965
Training until validation scores don't improve for 50 rounds
Early stopping, best iteration is:
[21]	valid_0's binary_logloss: 0.242416
Training until validation scores don't improve for 50 rounds
Did not meet early stopping. Best iteration is:
[58]	valid_0's binary_logloss: 0.324241
Training until validation scores don't improve for 50 rounds
Early stopping, best iteration is:
[20]	valid_0's binary_logloss: 0.686352
Training until validation scores don't improve for 50 rounds
Early stopping, best iteration is:
[12]	valid_0's binary_logloss: 0.278477
Training until validation scores don't improve for 50 rounds
Early stopping, best iteration is:
[16]	valid_0's binary_logloss: 0.29241
Training until validation scores don't improve for 50 rounds
Did not meet early stopping. Best iteration is:
[58]	valid_0's binary_logloss: 0.686352
Training until validation scores don't improve for 50 rounds
Early stopping, best iteration is:
[39]	valid_0's binary_logloss: 0.390448
Training until validation scores don't improve for 50 rounds
Early stopping, best iteration is:
[12]	valid_0's binary_logloss: 0.334026
Training until validation scores don't improve for 50 rounds
Did not meet early stopping. Best iteration is:
[92]	valid_0's binary_logloss: 0.437718
Training until validation scores don't improve for 50 rounds
[I 2025-09-17 13:15:18,931] Trial 1 finished with value: 0.9017543859649123 and parameters: {'num_leaves': 110, 'learning_rate': 0.06883323000845795, 'feature_fraction': 0.7292749148067096, 'bagging_fraction': 0.45503523982677335, 'bagging_freq': 1, 'min_child_samples': 9}. Best is trial 1 with value: 0.9017543859649123.
[I 2025-09-17 13:15:18,938] Trial 2 finished with value: 0.5 and parameters: {'num_leaves': 14, 'learning_rate': 0.10497736529204794, 'feature_fraction': 0.8684397405808899, 'bagging_fraction': 0.5614955206254958, 'bagging_freq': 1, 'min_child_samples': 94}. Best is trial 1 with value: 0.9017543859649123.
[I 2025-09-17 13:15:18,966] Trial 3 finished with value: 0.8403508771929824 and parameters: {'num_leaves': 271, 'learning_rate': 0.043428414412990286, 'feature_fraction': 0.7348256569196534, 'bagging_fraction': 0.842066018342885, 'bagging_freq': 1, 'min_child_samples': 48}. Best is trial 1 with value: 0.9017543859649123.
[I 2025-09-17 13:15:18,974] Trial 4 finished with value: 0.5 and parameters: {'num_leaves': 163, 'learning_rate': 0.19127940072810473, 'feature_fraction': 0.8202281089222556, 'bagging_fraction': 0.5210746890282341, 'bagging_freq': 4, 'min_child_samples': 62}. Best is trial 1 with value: 0.9017543859649123.
[I 2025-09-17 13:15:18,989] Trial 5 finished with value: 0.843859649122807 and parameters: {'num_leaves': 13, 'learning_rate': 0.20926871524741397, 'feature_fraction': 0.6716043964065777, 'bagging_fraction': 0.8429118236076634, 'bagging_freq': 2, 'min_child_samples': 53}. Best is trial 1 with value: 0.9017543859649123.
[I 2025-09-17 13:15:18,997] Trial 6 finished with value: 0.5 and parameters: {'num_leaves': 125, 'learning_rate': 0.10530062632749039, 'feature_fraction': 0.8488917514358951, 'bagging_fraction': 0.550940958394925, 'bagging_freq': 3, 'min_child_samples': 56}. Best is trial 1 with value: 0.9017543859649123.
[I 2025-09-17 13:15:19,009] Trial 7 finished with value: 0.5 and parameters: {'num_leaves': 206, 'learning_rate': 0.23747815666943523, 'feature_fraction': 0.6126923190712947, 'bagging_fraction': 0.9023983608702797, 'bagging_freq': 6, 'min_child_samples': 88}. Best is trial 1 with value: 0.9017543859649123.
[I 2025-09-17 13:15:19,016] Trial 8 finished with value: 0.5 and parameters: {'num_leaves': 228, 'learning_rate': 0.2513453196410683, 'feature_fraction': 0.8059887506973442, 'bagging_fraction': 0.41176334869265396, 'bagging_freq': 3, 'min_child_samples': 79}. Best is trial 1 with value: 0.9017543859649123.
