[I 2025-09-17 13:18:20,385] Trial 2 finished with value: 0.5 and parameters: {'num_leaves': 154, 'learning_rate': 0.07790731603551174, 'feature_fraction': 0.6788448873388702, 'bagging_fraction': 0.8045955632689712, 'bagging_freq': 5, 'min_child_samples': 72}. Best is trial 0 with value: 0.8348214285714285.
Early stopping, best iteration is:
[30]	valid_0's binary_logloss: 0.443972
Training until validation scores don't improve for 50 rounds
Early stopping, best iteration is:
[36]	valid_0's binary_logloss: 0.512718
Training until validation scores don't improve for 50 rounds
Early stopping, best iteration is:
[14]	valid_0's binary_logloss: 0.407302
Training until validation scores don't improve for 50 rounds
Early stopping, best iteration is:
[25]	valid_0's binary_logloss: 0.407437
Training until validation scores don't improve for 50 rounds
Early stopping, best iteration is:
[15]	valid_0's binary_logloss: 0.373118
Training until validation scores don't improve for 50 rounds
Early stopping, best iteration is:
[31]	valid_0's binary_logloss: 0.693149
Training until validation scores don't improve for 50 rounds
Early stopping, best iteration is:
[27]	valid_0's binary_logloss: 0.692701
Training until validation scores don't improve for 50 rounds
Did not meet early stopping. Best iteration is:
[95]	valid_0's binary_logloss: 0.585629
Training until validation scores don't improve for 50 rounds
Early stopping, best iteration is:
[2]	valid_0's binary_logloss: 0.692701
Training until validation scores don't improve for 50 rounds
Early stopping, best iteration is:
[2]	valid_0's binary_logloss: 0.692701
Training until validation scores don't improve for 50 rounds
Early stopping, best iteration is:
[10]	valid_0's binary_logloss: 0.692701
Training until validation scores don't improve for 50 rounds
Early stopping, best iteration is:
[18]	valid_0's binary_logloss: 0.46873
Training until validation scores don't improve for 50 rounds
Early stopping, best iteration is:
[35]	valid_0's binary_logloss: 0.556622
Training until validation scores don't improve for 50 rounds
Early stopping, best iteration is:
[41]	valid_0's binary_logloss: 0.500287
Training until validation scores don't improve for 50 rounds
Early stopping, best iteration is:
[9]	valid_0's binary_logloss: 0.692701
Training until validation scores don't improve for 50 rounds
Early stopping, best iteration is:
[2]	valid_0's binary_logloss: 0.692701
Training until validation scores don't improve for 50 rounds
Early stopping, best iteration is:
[8]	valid_0's binary_logloss: 0.433223
Training until validation scores don't improve for 50 rounds
Early stopping, best iteration is:
[21]	valid_0's binary_logloss: 0.342615
Training until validation scores don't improve for 50 rounds
Early stopping, best iteration is:
[8]	valid_0's binary_logloss: 0.330989
Training until validation scores don't improve for 50 rounds
Early stopping, best iteration is:
[8]	valid_0's binary_logloss: 0.355936
Training until validation scores don't improve for 50 rounds
Early stopping, best iteration is:
[47]	valid_0's binary_logloss: 0.391016
Training until validation scores don't improve for 50 rounds
Early stopping, best iteration is:
[6]	valid_0's binary_logloss: 0.310939
Training until validation scores don't improve for 50 rounds
Did not meet early stopping. Best iteration is:
[87]	valid_0's binary_logloss: 0.579844
Training until validation scores don't improve for 50 rounds
Early stopping, best iteration is:
[19]	valid_0's binary_logloss: 0.363941
Training until validation scores don't improve for 50 rounds
Early stopping, best iteration is:
[15]	valid_0's binary_logloss: 0.448438
Training until validation scores don't improve for 50 rounds
Early stopping, best iteration is:
[24]	valid_0's binary_logloss: 0.401113
Training until validation scores don't improve for 50 rounds
Did not meet early stopping. Best iteration is:
[93]	valid_0's binary_logloss: 0.622784
Training until validation scores don't improve for 50 rounds
Early stopping, best iteration is:
[44]	valid_0's binary_logloss: 0.322274
Training until validation scores don't improve for 50 rounds
Early stopping, best iteration is:
[30]	valid_0's binary_logloss: 0.307397
Training until validation scores don't improve for 50 rounds
Did not meet early stopping. Best iteration is:
[86]	valid_0's binary_logloss: 0.520822
Training until validation scores don't improve for 50 rounds
Did not meet early stopping. Best iteration is:
[83]	valid_0's binary_logloss: 0.455451
Training until validation scores don't improve for 50 rounds
Did not meet early stopping. Best iteration is:
[100]	valid_0's binary_logloss: 0.431288
Training until validation scores don't improve for 50 rounds
Early stopping, best iteration is:
[23]	valid_0's binary_logloss: 0.574346
Training until validation scores don't improve for 50 rounds
Did not meet early stopping. Best iteration is:
[79]	valid_0's binary_logloss: 0.540283
Training until validation scores don't improve for 50 rounds
Early stopping, best iteration is:
[36]	valid_0's binary_logloss: 0.27672
Training until validation scores don't improve for 50 rounds
Early stopping, best iteration is:
[1]	valid_0's binary_logloss: 0.692701
Training until validation scores don't improve for 50 rounds
Did not meet early stopping. Best iteration is:
[89]	valid_0's binary_logloss: 0.531786
Training until validation scores don't improve for 50 rounds
Early stopping, best iteration is:
[31]	valid_0's binary_logloss: 0.295965
Training until validation scores don't improve for 50 rounds
Early stopping, best iteration is:
[12]	valid_0's binary_logloss: 0.441377
Training until validation scores don't improve for 50 rounds
Early stopping, best iteration is:
[41]	valid_0's binary_logloss: 0.332257
Training until validation scores don't improve for 50 rounds
Did not meet early stopping. Best iteration is:
[100]	valid_0's binary_logloss: 0.474641
Training until validation scores don't improve for 50 rounds
Did not meet early stopping. Best iteration is:
[72]	valid_0's binary_logloss: 0.532724
Training until validation scores don't improve for 50 rounds
Early stopping, best iteration is:
[2]	valid_0's binary_logloss: 0.692701
Training until validation scores don't improve for 50 rounds
Early stopping, best iteration is:
[30]	valid_0's binary_logloss: 0.296323
Training until validation scores don't improve for 50 rounds
Early stopping, best iteration is:
[17]	valid_0's binary_logloss: 0.273372
Training until validation scores don't improve for 50 rounds
Did not meet early stopping. Best iteration is:
[100]	valid_0's binary_logloss: 0.536649
Training until validation scores don't improve for 50 rounds
Early stopping, best iteration is:
[3]	valid_0's binary_logloss: 0.692701
Training until validation scores don't improve for 50 rounds
Early stopping, best iteration is:
[32]	valid_0's binary_logloss: 0.381995
Training until validation scores don't improve for 50 rounds
Early stopping, best iteration is:
[12]	valid_0's binary_logloss: 0.333535
Training until validation scores don't improve for 50 rounds
Early stopping, best iteration is:
[41]	valid_0's binary_logloss: 0.378454
Training until validation scores don't improve for 50 rounds
Did not meet early stopping. Best iteration is:
[54]	valid_0's binary_logloss: 0.47581
Training until validation scores don't improve for 50 rounds
Early stopping, best iteration is:
[45]	valid_0's binary_logloss: 0.457814
Training until validation scores don't improve for 50 rounds
Early stopping, best iteration is:
[38]	valid_0's binary_logloss: 0.428528
Training until validation scores don't improve for 50 rounds
Early stopping, best iteration is:
[1]	valid_0's binary_logloss: 0.692701
Training until validation scores don't improve for 50 rounds
Early stopping, best iteration is:
[2]	valid_0's binary_logloss: 0.692701
Training until validation scores don't improve for 50 rounds
Early stopping, best iteration is:
[20]	valid_0's binary_logloss: 0.35731
Training until validation scores don't improve for 50 rounds
Did not meet early stopping. Best iteration is:
[100]	valid_0's binary_logloss: 0.515158
Training until validation scores don't improve for 50 rounds
Early stopping, best iteration is:
[38]	valid_0's binary_logloss: 0.691035
Training until validation scores don't improve for 50 rounds
Early stopping, best iteration is:
[1]	valid_0's binary_logloss: 0.691035
Training until validation scores don't improve for 50 rounds
[I 2025-09-17 13:18:20,393] Trial 3 finished with value: 0.5 and parameters: {'num_leaves': 252, 'learning_rate': 0.05262682128329217, 'feature_fraction': 0.6860798108670771, 'bagging_fraction': 0.7846394328062931, 'bagging_freq': 5, 'min_child_samples': 92}. Best is trial 0 with value: 0.8348214285714285.
[I 2025-09-17 13:18:20,402] Trial 4 finished with value: 0.5 and parameters: {'num_leaves': 293, 'learning_rate': 0.28332177750018117, 'feature_fraction': 0.6616019176516297, 'bagging_fraction': 0.7304533284429235, 'bagging_freq': 7, 'min_child_samples': 62}. Best is trial 0 with value: 0.8348214285714285.
[I 2025-09-17 13:18:20,437] Trial 5 finished with value: 0.9196428571428572 and parameters: {'num_leaves': 229, 'learning_rate': 0.1706184385320228, 'feature_fraction': 0.6327235013700875, 'bagging_fraction': 0.8921310179742543, 'bagging_freq': 7, 'min_child_samples': 22}. Best is trial 5 with value: 0.9196428571428572.
[I 2025-09-17 13:18:20,465] Trial 6 finished with value: 0.8616071428571428 and parameters: {'num_leaves': 297, 'learning_rate': 0.19404473976346662, 'feature_fraction': 0.7912442362239549, 'bagging_fraction': 0.9176693173838012, 'bagging_freq': 1, 'min_child_samples': 41}. Best is trial 5 with value: 0.9196428571428572.
[I 2025-09-17 13:18:20,492] Trial 7 finished with value: 0.875 and parameters: {'num_leaves': 180, 'learning_rate': 0.0533785856181517, 'feature_fraction': 0.7646556024582669, 'bagging_fraction': 0.7997070587128097, 'bagging_freq': 3, 'min_child_samples': 24}. Best is trial 5 with value: 0.9196428571428572.
[I 2025-09-17 13:18:20,503] Trial 8 finished with value: 0.5 and parameters: {'num_leaves': 24, 'learning_rate': 0.08558468284239669, 'feature_fraction': 0.7069778747145711, 'bagging_fraction': 0.7530505405016439, 'bagging_freq': 4, 'min_child_samples': 83}. Best is trial 5 with value: 0.9196428571428572.
[I 2025-09-17 13:18:20,512] Trial 9 finished with value: 0.5 and parameters: {'num_leaves': 177, 'learning_rate': 0.07897379426826585, 'feature_fraction': 0.9114450333553926, 'bagging_fraction': 0.4123907565588911, 'bagging_freq': 2, 'min_child_samples': 97}. Best is trial 5 with value: 0.9196428571428572.
[I 2025-09-17 13:18:20,633] Trial 10 finished with value: 0.90625 and parameters: {'num_leaves': 100, 'learning_rate': 0.1941747756969019, 'feature_fraction': 0.41844562215533887, 'bagging_fraction': 0.6186224566476182, 'bagging_freq': 7, 'min_child_samples': 5}. Best is trial 5 with value: 0.9196428571428572.
[I 2025-09-17 13:18:20,732] Trial 11 finished with value: 0.8169642857142857 and parameters: {'num_leaves': 93, 'learning_rate': 0.19682628638744248, 'feature_fraction': 0.40276684574983135, 'bagging_fraction': 0.5994740078012457, 'bagging_freq': 7, 'min_child_samples': 5}. Best is trial 5 with value: 0.9196428571428572.
[I 2025-09-17 13:18:20,816] Trial 12 finished with value: 0.9285714285714285 and parameters: {'num_leaves': 118, 'learning_rate': 0.17851486848838255, 'feature_fraction': 0.532572930989384, 'bagging_fraction': 0.6308624062773118, 'bagging_freq': 6, 'min_child_samples': 8}. Best is trial 12 with value: 0.9285714285714285.
[I 2025-09-17 13:18:20,847] Trial 13 finished with value: 0.875 and parameters: {'num_leaves': 224, 'learning_rate': 0.2571985889289794, 'feature_fraction': 0.5526532840537445, 'bagging_fraction': 0.6101377124293869, 'bagging_freq': 6, 'min_child_samples': 21}. Best is trial 12 with value: 0.9285714285714285.
[I 2025-09-17 13:18:20,913] Trial 14 finished with value: 0.9330357142857143 and parameters: {'num_leaves': 120, 'learning_rate': 0.15117890953888433, 'feature_fraction': 0.565833040263695, 'bagging_fraction': 0.8864069634373275, 'bagging_freq': 6, 'min_child_samples': 15}. Best is trial 14 with value: 0.9330357142857143.
[I 2025-09-17 13:18:20,977] Trial 15 finished with value: 0.9151785714285714 and parameters: {'num_leaves': 120, 'learning_rate': 0.14497994134441927, 'feature_fraction': 0.5556562781121348, 'bagging_fraction': 0.6752051083931798, 'bagging_freq': 6, 'min_child_samples': 12}. Best is trial 14 with value: 0.9330357142857143.
[I 2025-09-17 13:18:20,995] Trial 16 finished with value: 0.65625 and parameters: {'num_leaves': 67, 'learning_rate': 0.2363182081625696, 'feature_fraction': 0.5862054223491306, 'bagging_fraction': 0.513704653802725, 'bagging_freq': 4, 'min_child_samples': 36}. Best is trial 14 with value: 0.9330357142857143.
[I 2025-09-17 13:18:21,006] Trial 17 finished with value: 0.5 and parameters: {'num_leaves': 137, 'learning_rate': 0.019680146922645997, 'feature_fraction': 0.49598624701990457, 'bagging_fraction': 0.8512432175319639, 'bagging_freq': 6, 'min_child_samples': 58}. Best is trial 14 with value: 0.9330357142857143.
[I 2025-09-17 13:18:21,044] Trial 18 finished with value: 0.9107142857142857 and parameters: {'num_leaves': 68, 'learning_rate': 0.15067089461800398, 'feature_fraction': 0.4755495908554055, 'bagging_fraction': 0.9936062565115409, 'bagging_freq': 3, 'min_child_samples': 17}. Best is trial 14 with value: 0.9330357142857143.
[I 2025-09-17 13:18:21,072] Trial 19 finished with value: 0.8080357142857143 and parameters: {'num_leaves': 194, 'learning_rate': 0.22441520218294092, 'feature_fraction': 0.9993971763881342, 'bagging_fraction': 0.5535691772036385, 'bagging_freq': 6, 'min_child_samples': 31}. Best is trial 14 with value: 0.9330357142857143.
[I 2025-09-17 13:18:21,085] Trial 20 finished with value: 0.5 and parameters: {'num_leaves': 119, 'learning_rate': 0.1291979125154, 'feature_fraction': 0.5920745555408097, 'bagging_fraction': 0.6922798319039665, 'bagging_freq': 5, 'min_child_samples': 52}. Best is trial 14 with value: 0.9330357142857143.
[I 2025-09-17 13:18:21,145] Trial 21 finished with value: 0.90625 and parameters: {'num_leaves': 212, 'learning_rate': 0.17152079374334012, 'feature_fraction': 0.6302937502584227, 'bagging_fraction': 0.8964289182189344, 'bagging_freq': 6, 'min_child_samples': 14}. Best is trial 14 with value: 0.9330357142857143.
[I 2025-09-17 13:18:21,179] Trial 22 finished with value: 0.8705357142857143 and parameters: {'num_leaves': 153, 'learning_rate': 0.17171691831636005, 'feature_fraction': 0.5322461386504108, 'bagging_fraction': 0.9222272054390406, 'bagging_freq': 7, 'min_child_samples': 26}. Best is trial 14 with value: 0.9330357142857143.
[I 2025-09-17 13:18:21,225] Trial 23 finished with value: 0.9375 and parameters: {'num_leaves': 228, 'learning_rate': 0.1734202224222977, 'feature_fraction': 0.6024597565644518, 'bagging_fraction': 0.8438058708205589, 'bagging_freq': 6, 'min_child_samples': 12}. Best is trial 23 with value: 0.9375.
[I 2025-09-17 13:18:21,303] Trial 24 finished with value: 0.9553571428571429 and parameters: {'num_leaves': 89, 'learning_rate': 0.2148285940004964, 'feature_fraction': 0.45895384092145997, 'bagging_fraction': 0.8494354655844168, 'bagging_freq': 5, 'min_child_samples': 11}. Best is trial 24 with value: 0.9553571428571429.
[I 2025-09-17 13:18:21,365] Trial 25 finished with value: 0.9375 and parameters: {'num_leaves': 70, 'learning_rate': 0.2249451142463755, 'feature_fraction': 0.4514484967057569, 'bagging_fraction': 0.8554770939661693, 'bagging_freq': 5, 'min_child_samples': 15}. Best is trial 24 with value: 0.9553571428571429.
[I 2025-09-17 13:18:21,396] Trial 26 finished with value: 0.8482142857142858 and parameters: {'num_leaves': 73, 'learning_rate': 0.2232019319841999, 'feature_fraction': 0.4412375763097997, 'bagging_fraction': 0.8430859579476313, 'bagging_freq': 4, 'min_child_samples': 31}. Best is trial 24 with value: 0.9553571428571429.
[I 2025-09-17 13:18:21,422] Trial 27 finished with value: 0.875 and parameters: {'num_leaves': 44, 'learning_rate': 0.2633141969708914, 'feature_fraction': 0.4530233949412632, 'bagging_fraction': 0.9502266497916098, 'bagging_freq': 5, 'min_child_samples': 39}. Best is trial 24 with value: 0.9553571428571429.
[I 2025-09-17 13:18:21,495] Trial 28 finished with value: 0.9151785714285714 and parameters: {'num_leaves': 88, 'learning_rate': 0.21303220332252282, 'feature_fraction': 0.5147303539009023, 'bagging_fraction': 0.8439092031567825, 'bagging_freq': 5, 'min_child_samples': 14}. Best is trial 24 with value: 0.9553571428571429.
[I 2025-09-17 13:18:21,528] Trial 29 finished with value: 0.8660714285714286 and parameters: {'num_leaves': 14, 'learning_rate': 0.29670493287379385, 'feature_fraction': 0.47602338861885285, 'bagging_fraction': 0.9630660794263437, 'bagging_freq': 3, 'min_child_samples': 28}. Best is trial 24 with value: 0.9553571428571429.
[I 2025-09-17 13:18:21,563] Trial 30 finished with value: 0.8794642857142857 and parameters: {'num_leaves': 270, 'learning_rate': 0.24678816659632696, 'feature_fraction': 0.6123903369869031, 'bagging_fraction': 0.7486876099522924, 'bagging_freq': 5, 'min_child_samples': 20}. Best is trial 24 with value: 0.9553571428571429.
[I 2025-09-17 13:18:21,608] Trial 31 finished with value: 0.9107142857142857 and parameters: {'num_leaves': 45, 'learning_rate': 0.20632881740085462, 'feature_fraction': 0.5640446723509085, 'bagging_fraction': 0.8574382688003986, 'bagging_freq': 6, 'min_child_samples': 17}. Best is trial 24 with value: 0.9553571428571429.
[I 2025-09-17 13:18:21,680] Trial 32 finished with value: 0.9151785714285714 and parameters: {'num_leaves': 136, 'learning_rate': 0.12591537794028979, 'feature_fraction': 0.508616593015073, 'bagging_fraction': 0.8884379919492319, 'bagging_freq': 5, 'min_child_samples': 10}. Best is trial 24 with value: 0.9553571428571429.
[I 2025-09-17 13:18:21,758] Trial 33 finished with value: 0.9330357142857143 and parameters: {'num_leaves': 106, 'learning_rate': 0.1106793602794878, 'feature_fraction': 0.4387236679481503, 'bagging_fraction': 0.814109430260287, 'bagging_freq': 4, 'min_child_samples': 11}. Best is trial 24 with value: 0.9553571428571429.
[I 2025-09-17 13:18:21,782] Trial 34 finished with value: 0.8392857142857143 and parameters: {'num_leaves': 85, 'learning_rate': 0.14192304090219732, 'feature_fraction': 0.4776175001399359, 'bagging_fraction': 0.9396801314960284, 'bagging_freq': 4, 'min_child_samples': 44}. Best is trial 24 with value: 0.9553571428571429.
[I 2025-09-17 13:18:21,805] Trial 35 finished with value: 0.8794642857142856 and parameters: {'num_leaves': 54, 'learning_rate': 0.2697264702171951, 'feature_fraction': 0.7056867005721927, 'bagging_fraction': 0.7941558663380297, 'bagging_freq': 6, 'min_child_samples': 35}. Best is trial 24 with value: 0.9553571428571429.
[I 2025-09-17 13:18:21,819] Trial 36 finished with value: 0.5 and parameters: {'num_leaves': 254, 'learning_rate': 0.1816789804268246, 'feature_fraction': 0.6585892049743001, 'bagging_fraction': 0.764685164453, 'bagging_freq': 5, 'min_child_samples': 67}. Best is trial 24 with value: 0.9553571428571429.
[I 2025-09-17 13:18:21,858] Trial 37 finished with value: 0.9464285714285714 and parameters: {'num_leaves': 146, 'learning_rate': 0.1591876455485018, 'feature_fraction': 0.5836620343501501, 'bagging_fraction': 0.8794658979787366, 'bagging_freq': 5, 'min_child_samples': 18}. Best is trial 24 with value: 0.9553571428571429.
[I 2025-09-17 13:18:21,888] Trial 38 finished with value: 0.8839285714285714 and parameters: {'num_leaves': 166, 'learning_rate': 0.23685366781484932, 'feature_fraction': 0.742699349368225, 'bagging_fraction': 0.7123394572625101, 'bagging_freq': 5, 'min_child_samples': 23}. Best is trial 24 with value: 0.9553571428571429.
[I 2025-09-17 13:18:21,900] Trial 39 finished with value: 0.5 and parameters: {'num_leaves': 143, 'learning_rate': 0.09594149643966854, 'feature_fraction': 0.833430900461169, 'bagging_fraction': 0.8218266552801762, 'bagging_freq': 5, 'min_child_samples': 75}. Best is trial 24 with value: 0.9553571428571429.
[I 2025-09-17 13:18:21,931] Trial 40 finished with value: 0.8125 and parameters: {'num_leaves': 202, 'learning_rate': 0.1594019645618327, 'feature_fraction': 0.6045855063333948, 'bagging_fraction': 0.8703768934810682, 'bagging_freq': 4, 'min_child_samples': 29}. Best is trial 24 with value: 0.9553571428571429.
[I 2025-09-17 13:18:22,037] Trial 41 finished with value: 0.9598214285714286 and parameters: {'num_leaves': 113, 'learning_rate': 0.1883257347781076, 'feature_fraction': 0.6610503276779683, 'bagging_fraction': 0.9074360182471818, 'bagging_freq': 6, 'min_child_samples': 6}. Best is trial 41 with value: 0.9598214285714286.
[I 2025-09-17 13:18:22,119] Trial 42 finished with value: 0.9017857142857143 and parameters: {'num_leaves': 105, 'learning_rate': 0.20903880993382315, 'feature_fraction': 0.6290663318255654, 'bagging_fraction': 0.916827391932338, 'bagging_freq': 5, 'min_child_samples': 6}. Best is trial 41 with value: 0.9598214285714286.
[I 2025-09-17 13:18:22,162] Trial 43 finished with value: 0.9375 and parameters: {'num_leaves': 81, 'learning_rate': 0.19637651384153057, 'feature_fraction': 0.6563153364158058, 'bagging_fraction': 0.978973931818366, 'bagging_freq': 7, 'min_child_samples': 20}. Best is trial 41 with value: 0.9598214285714286.
[I 2025-09-17 13:18:22,226] Trial 44 finished with value: 0.8660714285714285 and parameters: {'num_leaves': 167, 'learning_rate': 0.18677634984195585, 'feature_fraction': 0.6822927823628182, 'bagging_fraction': 0.91580205965096, 'bagging_freq': 1, 'min_child_samples': 9}. Best is trial 41 with value: 0.9598214285714286.
