[I 2025-09-17 13:18:01,255] Trial 10 finished with value: 0.8807017543859649 and parameters: {'num_leaves': 19, 'learning_rate': 0.018774339763246856, 'feature_fraction': 0.4935731537979263, 'bagging_fraction': 0.5740522937280137, 'bagging_freq': 3, 'min_child_samples': 8}. Best is trial 0 with value: 0.8947368421052633.
[I 2025-09-17 13:18:01,348] Trial 11 finished with value: 0.8982456140350876 and parameters: {'num_leaves': 197, 'learning_rate': 0.12568482640198259, 'feature_fraction': 0.9984319531994562, 'bagging_fraction': 0.6086096911461355, 'bagging_freq': 1, 'min_child_samples': 6}. Best is trial 11 with value: 0.8982456140350876.
[I 2025-09-17 13:18:01,420] Trial 12 finished with value: 0.9298245614035088 and parameters: {'num_leaves': 216, 'learning_rate': 0.09982811103549756, 'feature_fraction': 0.6086849471129209, 'bagging_fraction': 0.5598058553148989, 'bagging_freq': 2, 'min_child_samples': 10}. Best is trial 12 with value: 0.9298245614035088.
[I 2025-09-17 13:18:01,462] Trial 13 finished with value: 0.8982456140350876 and parameters: {'num_leaves': 221, 'learning_rate': 0.05502938772333589, 'feature_fraction': 0.5424965884602688, 'bagging_fraction': 0.5512186446832839, 'bagging_freq': 2, 'min_child_samples': 21}. Best is trial 12 with value: 0.9298245614035088.
[I 2025-09-17 13:18:01,501] Trial 14 finished with value: 0.9263157894736842 and parameters: {'num_leaves': 204, 'learning_rate': 0.21764915478860036, 'feature_fraction': 0.6046113060980006, 'bagging_fraction': 0.777743852650673, 'bagging_freq': 2, 'min_child_samples': 19}. Best is trial 12 with value: 0.9298245614035088.
[I 2025-09-17 13:18:01,538] Trial 15 finished with value: 0.9403508771929825 and parameters: {'num_leaves': 139, 'learning_rate': 0.2973431513659759, 'feature_fraction': 0.5901294978700842, 'bagging_fraction': 0.7878630465152676, 'bagging_freq': 4, 'min_child_samples': 23}. Best is trial 15 with value: 0.9403508771929825.
[I 2025-09-17 13:18:01,565] Trial 16 finished with value: 0.9122807017543859 and parameters: {'num_leaves': 140, 'learning_rate': 0.2891458252081204, 'feature_fraction': 0.4219871131952214, 'bagging_fraction': 0.8579995102422319, 'bagging_freq': 5, 'min_child_samples': 25}. Best is trial 15 with value: 0.9403508771929825.
[I 2025-09-17 13:18:01,624] Trial 17 finished with value: 0.9122807017543859 and parameters: {'num_leaves': 153, 'learning_rate': 0.07545701003130136, 'feature_fraction': 0.5855415615730855, 'bagging_fraction': 0.7442005760916205, 'bagging_freq': 4, 'min_child_samples': 16}. Best is trial 15 with value: 0.9403508771929825.
[I 2025-09-17 13:18:01,642] Trial 18 finished with value: 0.8526315789473684 and parameters: {'num_leaves': 95, 'learning_rate': 0.28750573344601166, 'feature_fraction': 0.6212335157163434, 'bagging_fraction': 0.5148285988321907, 'bagging_freq': 4, 'min_child_samples': 34}. Best is trial 15 with value: 0.9403508771929825.
[I 2025-09-17 13:18:01,654] Trial 19 finished with value: 0.5 and parameters: {'num_leaves': 238, 'learning_rate': 0.18810965169571695, 'feature_fraction': 0.560611110752878, 'bagging_fraction': 0.6645115808506369, 'bagging_freq': 5, 'min_child_samples': 64}. Best is trial 15 with value: 0.9403508771929825.
[I 2025-09-17 13:18:01,725] Trial 20 finished with value: 0.9192982456140352 and parameters: {'num_leaves': 66, 'learning_rate': 0.227068673028768, 'feature_fraction': 0.401869651720531, 'bagging_fraction': 0.9812097107672226, 'bagging_freq': 5, 'min_child_samples': 14}. Best is trial 15 with value: 0.9403508771929825.
[I 2025-09-17 13:18:01,764] Trial 21 finished with value: 0.9614035087719298 and parameters: {'num_leaves': 211, 'learning_rate': 0.22066065353705028, 'feature_fraction': 0.6262059257091377, 'bagging_fraction': 0.7805133028266777, 'bagging_freq': 2, 'min_child_samples': 19}. Best is trial 21 with value: 0.9614035087719298.
[I 2025-09-17 13:18:01,786] Trial 22 finished with value: 0.894736842105263 and parameters: {'num_leaves': 171, 'learning_rate': 0.2613528699133423, 'feature_fraction': 0.646454738360231, 'bagging_fraction': 0.8024083192982404, 'bagging_freq': 2, 'min_child_samples': 40}. Best is trial 21 with value: 0.9614035087719298.
[I 2025-09-17 13:18:01,811] Trial 23 finished with value: 0.912280701754386 and parameters: {'num_leaves': 219, 'learning_rate': 0.207497749597578, 'feature_fraction': 0.5347409715418814, 'bagging_fraction': 0.7122119619815905, 'bagging_freq': 3, 'min_child_samples': 29}. Best is trial 21 with value: 0.9614035087719298.
[I 2025-09-17 13:18:01,891] Trial 24 finished with value: 0.9333333333333333 and parameters: {'num_leaves': 296, 'learning_rate': 0.26432457450058344, 'feature_fraction': 0.49142965369841035, 'bagging_fraction': 0.8639443992222524, 'bagging_freq': 2, 'min_child_samples': 14}. Best is trial 21 with value: 0.9614035087719298.
[I 2025-09-17 13:18:01,920] Trial 25 finished with value: 0.9228070175438596 and parameters: {'num_leaves': 300, 'learning_rate': 0.25552038697960855, 'feature_fraction': 0.47882749094008736, 'bagging_fraction': 0.87155675181675, 'bagging_freq': 3, 'min_child_samples': 25}. Best is trial 21 with value: 0.9614035087719298.
[I 2025-09-17 13:18:01,963] Trial 26 finished with value: 0.9368421052631579 and parameters: {'num_leaves': 271, 'learning_rate': 0.289624043165473, 'feature_fraction': 0.7276926837051727, 'bagging_fraction': 0.9270116328739968, 'bagging_freq': 2, 'min_child_samples': 16}. Best is trial 21 with value: 0.9614035087719298.
[I 2025-09-17 13:18:01,987] Trial 27 finished with value: 0.9157894736842105 and parameters: {'num_leaves': 264, 'learning_rate': 0.29882466544627534, 'feature_fraction': 0.755707491485363, 'bagging_fraction': 0.9247147369540909, 'bagging_freq': 4, 'min_child_samples': 62}. Best is trial 21 with value: 0.9614035087719298.
[I 2025-09-17 13:18:02,008] Trial 28 finished with value: 0.887719298245614 and parameters: {'num_leaves': 258, 'learning_rate': 0.27579533135498874, 'feature_fraction': 0.7619540929449471, 'bagging_fraction': 0.9696514510797988, 'bagging_freq': 6, 'min_child_samples': 45}. Best is trial 21 with value: 0.9614035087719298.
[I 2025-09-17 13:18:02,035] Trial 29 finished with value: 0.912280701754386 and parameters: {'num_leaves': 136, 'learning_rate': 0.23928834453741063, 'feature_fraction': 0.7210464906658206, 'bagging_fraction': 0.8124496335982376, 'bagging_freq': 1, 'min_child_samples': 34}. Best is trial 21 with value: 0.9614035087719298.
[I 2025-09-17 13:18:02,088] Trial 30 finished with value: 0.9263157894736842 and parameters: {'num_leaves': 237, 'learning_rate': 0.23921676976718645, 'feature_fraction': 0.6583446770082324, 'bagging_fraction': 0.999585201806369, 'bagging_freq': 3, 'min_child_samples': 22}. Best is trial 21 with value: 0.9614035087719298.
[I 2025-09-17 13:18:02,146] Trial 31 finished with value: 0.9192982456140351 and parameters: {'num_leaves': 299, 'learning_rate': 0.2721021118434116, 'feature_fraction': 0.5288094143450163, 'bagging_fraction': 0.8565085827865924, 'bagging_freq': 2, 'min_child_samples': 13}. Best is trial 21 with value: 0.9614035087719298.
[I 2025-09-17 13:18:02,261] Trial 32 finished with value: 0.9122807017543859 and parameters: {'num_leaves': 276, 'learning_rate': 0.2977060962932762, 'feature_fraction': 0.439627662007402, 'bagging_fraction': 0.9108473419562185, 'bagging_freq': 2, 'min_child_samples': 5}. Best is trial 21 with value: 0.9614035087719298.
[I 2025-09-17 13:18:02,305] Trial 33 finished with value: 0.9298245614035088 and parameters: {'num_leaves': 278, 'learning_rate': 0.27444761470880974, 'feature_fraction': 0.7911970964270957, 'bagging_fraction': 0.7737983451016975, 'bagging_freq': 3, 'min_child_samples': 16}. Best is trial 21 with value: 0.9614035087719298.
[I 2025-09-17 13:18:02,339] Trial 34 finished with value: 0.9263157894736842 and parameters: {'num_leaves': 290, 'learning_rate': 0.24809698775677175, 'feature_fraction': 0.7001771980051071, 'bagging_fraction': 0.8886639931464344, 'bagging_freq': 2, 'min_child_samples': 31}. Best is trial 21 with value: 0.9614035087719298.
[I 2025-09-17 13:18:02,382] Trial 35 finished with value: 0.9333333333333332 and parameters: {'num_leaves': 256, 'learning_rate': 0.2197323573680452, 'feature_fraction': 0.9106487996144152, 'bagging_fraction': 0.9477792123694251, 'bagging_freq': 1, 'min_child_samples': 25}. Best is trial 21 with value: 0.9614035087719298.
[I 2025-09-17 13:18:02,409] Trial 36 finished with value: 0.9052631578947369 and parameters: {'num_leaves': 179, 'learning_rate': 0.17192511885048603, 'feature_fraction': 0.5663174130738317, 'bagging_fraction': 0.839910524083827, 'bagging_freq': 3, 'min_child_samples': 39}. Best is trial 21 with value: 0.9614035087719298.
[I 2025-09-17 13:18:02,466] Trial 37 finished with value: 0.8912280701754385 and parameters: {'num_leaves': 155, 'learning_rate': 0.27997706786504456, 'feature_fraction': 0.6428319991372918, 'bagging_fraction': 0.8015107346126983, 'bagging_freq': 2, 'min_child_samples': 10}. Best is trial 21 with value: 0.9614035087719298.
[I 2025-09-17 13:18:02,518] Trial 38 finished with value: 0.9192982456140352 and parameters: {'num_leaves': 197, 'learning_rate': 0.2004536964161004, 'feature_fraction': 0.5091905766329398, 'bagging_fraction': 0.7352712408421564, 'bagging_freq': 7, 'min_child_samples': 18}. Best is trial 21 with value: 0.9614035087719298.
[I 2025-09-17 13:18:02,546] Trial 39 finished with value: 0.9087719298245613 and parameters: {'num_leaves': 275, 'learning_rate': 0.2613610355024353, 'feature_fraction': 0.6792452091628153, 'bagging_fraction': 0.8967853440106869, 'bagging_freq': 1, 'min_child_samples': 57}. Best is trial 21 with value: 0.9614035087719298.
[I 2025-09-17 13:18:02,622] Trial 40 finished with value: 0.9017543859649123 and parameters: {'num_leaves': 247, 'learning_rate': 0.23170489698455674, 'feature_fraction': 0.732068086661974, 'bagging_fraction': 0.9475766260844563, 'bagging_freq': 6, 'min_child_samples': 11}. Best is trial 21 with value: 0.9614035087719298.
[I 2025-09-17 13:18:02,660] Trial 41 finished with value: 0.9333333333333333 and parameters: {'num_leaves': 254, 'learning_rate': 0.2151523274686539, 'feature_fraction': 0.917137416687465, 'bagging_fraction': 0.9157427286881448, 'bagging_freq': 1, 'min_child_samples': 26}. Best is trial 21 with value: 0.9614035087719298.
[I 2025-09-17 13:18:02,696] Trial 42 finished with value: 0.9228070175438596 and parameters: {'num_leaves': 266, 'learning_rate': 0.17378172891393934, 'feature_fraction': 0.88194539164382, 'bagging_fraction': 0.8300801317768575, 'bagging_freq': 1, 'min_child_samples': 28}. Best is trial 21 with value: 0.9614035087719298.
[I 2025-09-17 13:18:02,730] Trial 43 finished with value: 0.9122807017543859 and parameters: {'num_leaves': 231, 'learning_rate': 0.24889698140954494, 'feature_fraction': 0.9405511462932934, 'bagging_fraction': 0.7759358942775363, 'bagging_freq': 1, 'min_child_samples': 20}. Best is trial 21 with value: 0.9614035087719298.
[I 2025-09-17 13:18:02,743] Trial 44 finished with value: 0.5 and parameters: {'num_leaves': 285, 'learning_rate': 0.29945862425092223, 'feature_fraction': 0.8561135736829244, 'bagging_fraction': 0.8755741524503199, 'bagging_freq': 2, 'min_child_samples': 74}. Best is trial 21 with value: 0.9614035087719298.
[I 2025-09-17 13:18:02,753] Trial 45 finished with value: 0.5 and parameters: {'num_leaves': 250, 'learning_rate': 0.21116285127499262, 'feature_fraction': 0.793083377294872, 'bagging_fraction': 0.6842773112908754, 'bagging_freq': 1, 'min_child_samples': 100}. Best is trial 21 with value: 0.9614035087719298.
Training until validation scores don't improve for 50 rounds
Early stopping, best iteration is:
[8]	valid_0's binary_logloss: 0.460878
Training until validation scores don't improve for 50 rounds
Early stopping, best iteration is:
[26]	valid_0's binary_logloss: 0.488041
Training until validation scores don't improve for 50 rounds
Early stopping, best iteration is:
[16]	valid_0's binary_logloss: 0.490254
Training until validation scores don't improve for 50 rounds
Early stopping, best iteration is:
[7]	valid_0's binary_logloss: 0.686352
Training until validation scores don't improve for 50 rounds
Early stopping, best iteration is:
[25]	valid_0's binary_logloss: 0.387743
Training until validation scores don't improve for 50 rounds
Early stopping, best iteration is:
[10]	valid_0's binary_logloss: 0.406795
Training until validation scores don't improve for 50 rounds
Early stopping, best iteration is:
[21]	valid_0's binary_logloss: 0.33646
Training until validation scores don't improve for 50 rounds
Early stopping, best iteration is:
[23]	valid_0's binary_logloss: 0.382848
Training until validation scores don't improve for 50 rounds
Early stopping, best iteration is:
[10]	valid_0's binary_logloss: 0.424908
Training until validation scores don't improve for 50 rounds
Early stopping, best iteration is:
[23]	valid_0's binary_logloss: 0.316942
Training until validation scores don't improve for 50 rounds
Early stopping, best iteration is:
[27]	valid_0's binary_logloss: 0.472129
Training until validation scores don't improve for 50 rounds
Early stopping, best iteration is:
[25]	valid_0's binary_logloss: 0.358061
Training until validation scores don't improve for 50 rounds
Early stopping, best iteration is:
[17]	valid_0's binary_logloss: 0.686352
Training until validation scores don't improve for 50 rounds
Early stopping, best iteration is:
[14]	valid_0's binary_logloss: 0.429101
Training until validation scores don't improve for 50 rounds
Did not meet early stopping. Best iteration is:
[63]	valid_0's binary_logloss: 0.589077
Training until validation scores don't improve for 50 rounds
Early stopping, best iteration is:
[6]	valid_0's binary_logloss: 0.686352
Training until validation scores don't improve for 50 rounds
Did not meet early stopping. Best iteration is:
[59]	valid_0's binary_logloss: 0.445601
Training until validation scores don't improve for 50 rounds
Early stopping, best iteration is:
[23]	valid_0's binary_logloss: 0.686352
Training until validation scores don't improve for 50 rounds
Early stopping, best iteration is:
[39]	valid_0's binary_logloss: 0.408472
Training until validation scores don't improve for 50 rounds
Early stopping, best iteration is:
[9]	valid_0's binary_logloss: 0.686352
Training until validation scores don't improve for 50 rounds
Early stopping, best iteration is:
[4]	valid_0's binary_logloss: 0.686352
Training until validation scores don't improve for 50 rounds
Early stopping, best iteration is:
[14]	valid_0's binary_logloss: 0.686352
Training until validation scores don't improve for 50 rounds
Early stopping, best iteration is:
[32]	valid_0's binary_logloss: 0.686352
Training until validation scores don't improve for 50 rounds
Did not meet early stopping. Best iteration is:
[100]	valid_0's binary_logloss: 0.428587
Training until validation scores don't improve for 50 rounds
Early stopping, best iteration is:
[29]	valid_0's binary_logloss: 0.406171
Training until validation scores don't improve for 50 rounds
Did not meet early stopping. Best iteration is:
[52]	valid_0's binary_logloss: 0.331924
Training until validation scores don't improve for 50 rounds
Did not meet early stopping. Best iteration is:
[100]	valid_0's binary_logloss: 0.41127
Training until validation scores don't improve for 50 rounds
Early stopping, best iteration is:
[17]	valid_0's binary_logloss: 0.327716
Training until validation scores don't improve for 50 rounds
Early stopping, best iteration is:
[24]	valid_0's binary_logloss: 0.314914
Training until validation scores don't improve for 50 rounds
Early stopping, best iteration is:
[17]	valid_0's binary_logloss: 0.385381
Training until validation scores don't improve for 50 rounds
Did not meet early stopping. Best iteration is:
[81]	valid_0's binary_logloss: 0.376996
Training until validation scores don't improve for 50 rounds
Early stopping, best iteration is:
[14]	valid_0's binary_logloss: 0.452255
Training until validation scores don't improve for 50 rounds
Early stopping, best iteration is:
[6]	valid_0's binary_logloss: 0.686352
Training until validation scores don't improve for 50 rounds
Early stopping, best iteration is:
[33]	valid_0's binary_logloss: 0.37937
Training until validation scores don't improve for 50 rounds
Early stopping, best iteration is:
[21]	valid_0's binary_logloss: 0.278041
Training until validation scores don't improve for 50 rounds
Early stopping, best iteration is:
[25]	valid_0's binary_logloss: 0.417518
Training until validation scores don't improve for 50 rounds
Early stopping, best iteration is:
[19]	valid_0's binary_logloss: 0.391899
Training until validation scores don't improve for 50 rounds
Did not meet early stopping. Best iteration is:
[63]	valid_0's binary_logloss: 0.397518
Training until validation scores don't improve for 50 rounds
Early stopping, best iteration is:
[25]	valid_0's binary_logloss: 0.356771
Training until validation scores don't improve for 50 rounds
Early stopping, best iteration is:
[9]	valid_0's binary_logloss: 0.322803
Training until validation scores don't improve for 50 rounds
Did not meet early stopping. Best iteration is:
[75]	valid_0's binary_logloss: 0.380812
Training until validation scores don't improve for 50 rounds
Early stopping, best iteration is:
[38]	valid_0's binary_logloss: 0.415477
Training until validation scores don't improve for 50 rounds
Early stopping, best iteration is:
[28]	valid_0's binary_logloss: 0.396021
Training until validation scores don't improve for 50 rounds
Did not meet early stopping. Best iteration is:
[55]	valid_0's binary_logloss: 0.313013
Training until validation scores don't improve for 50 rounds
Early stopping, best iteration is:
[15]	valid_0's binary_logloss: 0.360291
Training until validation scores don't improve for 50 rounds
Early stopping, best iteration is:
[7]	valid_0's binary_logloss: 0.384792
Training until validation scores don't improve for 50 rounds
Early stopping, best iteration is:
[25]	valid_0's binary_logloss: 0.3223
Training until validation scores don't improve for 50 rounds
Early stopping, best iteration is:
[36]	valid_0's binary_logloss: 0.335708
Training until validation scores don't improve for 50 rounds
Did not meet early stopping. Best iteration is:
[62]	valid_0's binary_logloss: 0.320654
Training until validation scores don't improve for 50 rounds
Did not meet early stopping. Best iteration is:
[82]	valid_0's binary_logloss: 0.396779
Training until validation scores don't improve for 50 rounds
Early stopping, best iteration is:
[11]	valid_0's binary_logloss: 0.371938
Training until validation scores don't improve for 50 rounds
Did not meet early stopping. Best iteration is:
[54]	valid_0's binary_logloss: 0.367706
Training until validation scores don't improve for 50 rounds
Did not meet early stopping. Best iteration is:
[63]	valid_0's binary_logloss: 0.39807
Training until validation scores don't improve for 50 rounds
Early stopping, best iteration is:
[27]	valid_0's binary_logloss: 0.416955
Training until validation scores don't improve for 50 rounds
Early stopping, best iteration is:
[30]	valid_0's binary_logloss: 0.319139
Training until validation scores don't improve for 50 rounds
Early stopping, best iteration is:
[39]	valid_0's binary_logloss: 0.349249
Training until validation scores don't improve for 50 rounds
Early stopping, best iteration is:
[19]	valid_0's binary_logloss: 0.346623
Training until validation scores don't improve for 50 rounds
Early stopping, best iteration is:
[7]	valid_0's binary_logloss: 0.686352
Training until validation scores don't improve for 50 rounds
Early stopping, best iteration is:
[5]	valid_0's binary_logloss: 0.686352
[I 2025-09-17 13:18:02,812] Trial 46 finished with value: 0.9192982456140352 and parameters: {'num_leaves': 92, 'learning_rate': 0.18857000700124452, 'feature_fraction': 0.4634711971626876, 'bagging_fraction': 0.9295909371160926, 'bagging_freq': 3, 'min_child_samples': 22}. Best is trial 21 with value: 0.9614035087719298.
[I 2025-09-17 13:18:02,838] Trial 47 finished with value: 0.8912280701754385 and parameters: {'num_leaves': 208, 'learning_rate': 0.26883622259303785, 'feature_fraction': 0.5723794477003956, 'bagging_fraction': 0.9005480250214386, 'bagging_freq': 2, 'min_child_samples': 46}. Best is trial 21 with value: 0.9614035087719298.
[I 2025-09-17 13:18:02,862] Trial 48 finished with value: 0.8842105263157894 and parameters: {'num_leaves': 186, 'learning_rate': 0.13355005501577566, 'feature_fraction': 0.6195054258109639, 'bagging_fraction': 0.8410941608312015, 'bagging_freq': 4, 'min_child_samples': 38}. Best is trial 21 with value: 0.9614035087719298.
[I 2025-09-17 13:18:02,957] Trial 49 finished with value: 0.894736842105263 and parameters: {'num_leaves': 122, 'learning_rate': 0.28567327474654025, 'feature_fraction': 0.9426659384327227, 'bagging_fraction': 0.7117154804868913, 'bagging_freq': 1, 'min_child_samples': 5}. Best is trial 21 with value: 0.9614035087719298.
[I 2025-09-17 13:18:03,205] A new study created in memory with name: no-name-e2a6ca91-6d36-4cee-b2fa-b8866222d9a4
[I 2025-09-17 13:18:03,235] Trial 0 finished with value: 0.8912280701754386 and parameters: {'num_leaves': 94, 'learning_rate': 0.2516218489945849, 'feature_fraction': 0.5381209374364924, 'bagging_fraction': 0.9763705327708314, 'bagging_freq': 6, 'min_child_samples': 22}. Best is trial 0 with value: 0.8912280701754386.
[I 2025-09-17 13:18:03,241] Trial 1 finished with value: 0.5 and parameters: {'num_leaves': 42, 'learning_rate': 0.1486325802162446, 'feature_fraction': 0.6589579945335147, 'bagging_fraction': 0.5721892332205136, 'bagging_freq': 1, 'min_child_samples': 99}. Best is trial 0 with value: 0.8912280701754386.
