[I 2025-09-17 13:15:47,915] Trial 28 finished with value: 0.8125 and parameters: {'num_leaves': 211, 'learning_rate': 0.12438245310047163, 'feature_fraction': 0.7646548239135592, 'bagging_fraction': 0.879214099595865, 'bagging_freq': 2, 'min_child_samples': 34}. Best is trial 18 with value: 0.90625.
[I 2025-09-17 13:15:47,931] Trial 29 finished with value: 0.7678571428571428 and parameters: {'num_leaves': 192, 'learning_rate': 0.23845987262271567, 'feature_fraction': 0.6974089673523538, 'bagging_fraction': 0.8389293142240631, 'bagging_freq': 1, 'min_child_samples': 51}. Best is trial 18 with value: 0.90625.
[I 2025-09-17 13:15:47,975] Trial 30 finished with value: 0.8839285714285714 and parameters: {'num_leaves': 230, 'learning_rate': 0.18804838371504104, 'feature_fraction': 0.5796913262295933, 'bagging_fraction': 0.9413676971700351, 'bagging_freq': 2, 'min_child_samples': 14}. Best is trial 18 with value: 0.90625.
[I 2025-09-17 13:15:48,019] Trial 31 finished with value: 0.8973214285714286 and parameters: {'num_leaves': 241, 'learning_rate': 0.19906895970415694, 'feature_fraction': 0.5760856564394637, 'bagging_fraction': 0.92268838602469, 'bagging_freq': 1, 'min_child_samples': 14}. Best is trial 18 with value: 0.90625.
[I 2025-09-17 13:15:48,045] Trial 32 finished with value: 0.8415178571428572 and parameters: {'num_leaves': 241, 'learning_rate': 0.2020021947749958, 'feature_fraction': 0.6583546727447296, 'bagging_fraction': 0.8863914413999461, 'bagging_freq': 1, 'min_child_samples': 25}. Best is trial 18 with value: 0.90625.
[I 2025-09-17 13:15:48,088] Trial 33 finished with value: 0.90625 and parameters: {'num_leaves': 256, 'learning_rate': 0.1673703993020694, 'feature_fraction': 0.7211814004254584, 'bagging_fraction': 0.8584867745696974, 'bagging_freq': 1, 'min_child_samples': 12}. Best is trial 18 with value: 0.90625.
[I 2025-09-17 13:15:48,138] Trial 34 finished with value: 0.84375 and parameters: {'num_leaves': 174, 'learning_rate': 0.16470273864115065, 'feature_fraction': 0.7911272502131436, 'bagging_fraction': 0.8558447841556325, 'bagging_freq': 1, 'min_child_samples': 11}. Best is trial 18 with value: 0.90625.
[I 2025-09-17 13:15:48,169] Trial 35 finished with value: 0.8526785714285714 and parameters: {'num_leaves': 262, 'learning_rate': 0.2405493429515631, 'feature_fraction': 0.7185628586437227, 'bagging_fraction': 0.9579228464720427, 'bagging_freq': 2, 'min_child_samples': 25}. Best is trial 18 with value: 0.90625.
[I 2025-09-17 13:15:48,212] Trial 36 finished with value: 0.8660714285714286 and parameters: {'num_leaves': 194, 'learning_rate': 0.12984774604094484, 'feature_fraction': 0.7774725999574222, 'bagging_fraction': 0.8521735371220135, 'bagging_freq': 1, 'min_child_samples': 19}. Best is trial 18 with value: 0.90625.
[I 2025-09-17 13:15:48,309] Trial 37 finished with value: 0.8616071428571429 and parameters: {'num_leaves': 73, 'learning_rate': 0.28227417267029864, 'feature_fraction': 0.8544233412775972, 'bagging_fraction': 0.8977944037788264, 'bagging_freq': 7, 'min_child_samples': 5}. Best is trial 18 with value: 0.90625.
[I 2025-09-17 13:15:48,336] Trial 38 finished with value: 0.8125 and parameters: {'num_leaves': 127, 'learning_rate': 0.21618231604968557, 'feature_fraction': 0.6373636076542516, 'bagging_fraction': 0.7400220595171592, 'bagging_freq': 3, 'min_child_samples': 27}. Best is trial 18 with value: 0.90625.
[I 2025-09-17 13:15:48,366] Trial 39 finished with value: 0.8482142857142857 and parameters: {'num_leaves': 156, 'learning_rate': 0.17491555379336093, 'feature_fraction': 0.7003476807524063, 'bagging_fraction': 0.8190119162256909, 'bagging_freq': 2, 'min_child_samples': 37}. Best is trial 18 with value: 0.90625.
[I 2025-09-17 13:15:48,379] Trial 40 finished with value: 0.5 and parameters: {'num_leaves': 96, 'learning_rate': 0.1360969429315986, 'feature_fraction': 0.7523209184559675, 'bagging_fraction': 0.6802507354880378, 'bagging_freq': 5, 'min_child_samples': 68}. Best is trial 18 with value: 0.90625.
[I 2025-09-17 13:15:48,440] Trial 41 finished with value: 0.8883928571428571 and parameters: {'num_leaves': 250, 'learning_rate': 0.20182041590265692, 'feature_fraction': 0.54458497140016, 'bagging_fraction': 0.9167006231713309, 'bagging_freq': 1, 'min_child_samples': 11}. Best is trial 18 with value: 0.90625.
[I 2025-09-17 13:15:48,497] Trial 42 finished with value: 0.8571428571428571 and parameters: {'num_leaves': 288, 'learning_rate': 0.15461467682594612, 'feature_fraction': 0.6060780430721652, 'bagging_fraction': 0.9430214326491155, 'bagging_freq': 1, 'min_child_samples': 20}. Best is trial 18 with value: 0.90625.
[I 2025-09-17 13:15:48,556] Trial 43 finished with value: 0.8660714285714286 and parameters: {'num_leaves': 224, 'learning_rate': 0.232320337856797, 'feature_fraction': 0.4299707082408333, 'bagging_fraction': 0.8540162319473336, 'bagging_freq': 1, 'min_child_samples': 12}. Best is trial 18 with value: 0.90625.
[I 2025-09-17 13:15:48,606] Trial 44 finished with value: 0.8928571428571428 and parameters: {'num_leaves': 269, 'learning_rate': 0.193128899006156, 'feature_fraction': 0.5574938883067782, 'bagging_fraction': 0.9118559136799533, 'bagging_freq': 2, 'min_child_samples': 15}. Best is trial 18 with value: 0.90625.
Early stopping, best iteration is:
[13]	valid_0's binary_logloss: 0.380918
Training until validation scores don't improve for 50 rounds
Early stopping, best iteration is:
[20]	valid_0's binary_logloss: 0.627756
Training until validation scores don't improve for 50 rounds
Early stopping, best iteration is:
[7]	valid_0's binary_logloss: 0.691035
Training until validation scores don't improve for 50 rounds
Did not meet early stopping. Best iteration is:
[69]	valid_0's binary_logloss: 0.397889
Training until validation scores don't improve for 50 rounds
Did not meet early stopping. Best iteration is:
[96]	valid_0's binary_logloss: 0.577224
Training until validation scores don't improve for 50 rounds
Early stopping, best iteration is:
[21]	valid_0's binary_logloss: 0.428969
Training until validation scores don't improve for 50 rounds
Early stopping, best iteration is:
[26]	valid_0's binary_logloss: 0.36997
Training until validation scores don't improve for 50 rounds
Early stopping, best iteration is:
[9]	valid_0's binary_logloss: 0.318281
Training until validation scores don't improve for 50 rounds
Early stopping, best iteration is:
[31]	valid_0's binary_logloss: 0.474478
Training until validation scores don't improve for 50 rounds
Early stopping, best iteration is:
[7]	valid_0's binary_logloss: 0.319345
Training until validation scores don't improve for 50 rounds
Early stopping, best iteration is:
[16]	valid_0's binary_logloss: 0.411523
Training until validation scores don't improve for 50 rounds
Early stopping, best iteration is:
[7]	valid_0's binary_logloss: 0.362661
Training until validation scores don't improve for 50 rounds
Early stopping, best iteration is:
[14]	valid_0's binary_logloss: 0.444723
Training until validation scores don't improve for 50 rounds
Early stopping, best iteration is:
[7]	valid_0's binary_logloss: 0.370541
Training until validation scores don't improve for 50 rounds
Early stopping, best iteration is:
[1]	valid_0's binary_logloss: 0.691035
Training until validation scores don't improve for 50 rounds
Early stopping, best iteration is:
[1]	valid_0's binary_logloss: 0.691035
Training until validation scores don't improve for 50 rounds
Early stopping, best iteration is:
[26]	valid_0's binary_logloss: 0.536782
Training until validation scores don't improve for 50 rounds
Early stopping, best iteration is:
[3]	valid_0's binary_logloss: 0.691035
Training until validation scores don't improve for 50 rounds
Early stopping, best iteration is:
[2]	valid_0's binary_logloss: 0.691035
Training until validation scores don't improve for 50 rounds
Did not meet early stopping. Best iteration is:
[100]	valid_0's binary_logloss: 0.533972
Training until validation scores don't improve for 50 rounds
Early stopping, best iteration is:
[10]	valid_0's binary_logloss: 0.691035
Training until validation scores don't improve for 50 rounds
Early stopping, best iteration is:
[2]	valid_0's binary_logloss: 0.691035
Training until validation scores don't improve for 50 rounds
Early stopping, best iteration is:
[10]	valid_0's binary_logloss: 0.691035
Training until validation scores don't improve for 50 rounds
Early stopping, best iteration is:
[12]	valid_0's binary_logloss: 0.691035
Training until validation scores don't improve for 50 rounds
Did not meet early stopping. Best iteration is:
[74]	valid_0's binary_logloss: 0.556063
Training until validation scores don't improve for 50 rounds
Did not meet early stopping. Best iteration is:
[53]	valid_0's binary_logloss: 0.56682
Training until validation scores don't improve for 50 rounds
Early stopping, best iteration is:
[6]	valid_0's binary_logloss: 0.48714
Training until validation scores don't improve for 50 rounds
Early stopping, best iteration is:
[4]	valid_0's binary_logloss: 0.542794
Training until validation scores don't improve for 50 rounds
Early stopping, best iteration is:
[7]	valid_0's binary_logloss: 0.451766
Training until validation scores don't improve for 50 rounds
Early stopping, best iteration is:
[40]	valid_0's binary_logloss: 0.497162
Training until validation scores don't improve for 50 rounds
Did not meet early stopping. Best iteration is:
[66]	valid_0's binary_logloss: 0.527557
Training until validation scores don't improve for 50 rounds
Early stopping, best iteration is:
[25]	valid_0's binary_logloss: 0.435383
Training until validation scores don't improve for 50 rounds
Early stopping, best iteration is:
[19]	valid_0's binary_logloss: 0.457122
Training until validation scores don't improve for 50 rounds
Early stopping, best iteration is:
[14]	valid_0's binary_logloss: 0.499734
Training until validation scores don't improve for 50 rounds
Did not meet early stopping. Best iteration is:
[85]	valid_0's binary_logloss: 0.525103
Training until validation scores don't improve for 50 rounds
Early stopping, best iteration is:
[16]	valid_0's binary_logloss: 0.51287
Training until validation scores don't improve for 50 rounds
Early stopping, best iteration is:
[36]	valid_0's binary_logloss: 0.512376
Training until validation scores don't improve for 50 rounds
Early stopping, best iteration is:
[12]	valid_0's binary_logloss: 0.485775
Training until validation scores don't improve for 50 rounds
Did not meet early stopping. Best iteration is:
[81]	valid_0's binary_logloss: 0.497986
Training until validation scores don't improve for 50 rounds
Early stopping, best iteration is:
[14]	valid_0's binary_logloss: 0.461865
Training until validation scores don't improve for 50 rounds
Early stopping, best iteration is:
[9]	valid_0's binary_logloss: 0.442998
Training until validation scores don't improve for 50 rounds
Early stopping, best iteration is:
[41]	valid_0's binary_logloss: 0.535277
Training until validation scores don't improve for 50 rounds
Early stopping, best iteration is:
[36]	valid_0's binary_logloss: 0.55186
Training until validation scores don't improve for 50 rounds
Did not meet early stopping. Best iteration is:
[96]	valid_0's binary_logloss: 0.598416
Training until validation scores don't improve for 50 rounds
Early stopping, best iteration is:
[11]	valid_0's binary_logloss: 0.448588
Training until validation scores don't improve for 50 rounds
Early stopping, best iteration is:
[9]	valid_0's binary_logloss: 0.443458
Training until validation scores don't improve for 50 rounds
Early stopping, best iteration is:
[14]	valid_0's binary_logloss: 0.505196
Training until validation scores don't improve for 50 rounds
Early stopping, best iteration is:
[11]	valid_0's binary_logloss: 0.416657
Training until validation scores don't improve for 50 rounds
Early stopping, best iteration is:
[14]	valid_0's binary_logloss: 0.47851
Training until validation scores don't improve for 50 rounds
Early stopping, best iteration is:
[27]	valid_0's binary_logloss: 0.492372
Training until validation scores don't improve for 50 rounds
Early stopping, best iteration is:
[28]	valid_0's binary_logloss: 0.474874
Training until validation scores don't improve for 50 rounds
Early stopping, best iteration is:
[5]	valid_0's binary_logloss: 0.450486
Training until validation scores don't improve for 50 rounds
Early stopping, best iteration is:
[44]	valid_0's binary_logloss: 0.517773
Training until validation scores don't improve for 50 rounds
Did not meet early stopping. Best iteration is:
[92]	valid_0's binary_logloss: 0.509264
Training until validation scores don't improve for 50 rounds
Early stopping, best iteration is:
[2]	valid_0's binary_logloss: 0.691035
Training until validation scores don't improve for 50 rounds
Early stopping, best iteration is:
[13]	valid_0's binary_logloss: 0.43905
Training until validation scores don't improve for 50 rounds
Did not meet early stopping. Best iteration is:
[51]	valid_0's binary_logloss: 0.472313
Training until validation scores don't improve for 50 rounds
Early stopping, best iteration is:
[17]	valid_0's binary_logloss: 0.462158
Training until validation scores don't improve for 50 rounds
Early stopping, best iteration is:
[14]	valid_0's binary_logloss: 0.440381
Training until validation scores don't improve for 50 rounds
[I 2025-09-17 13:15:48,646] Trial 45 finished with value: 0.8169642857142857 and parameters: {'num_leaves': 248, 'learning_rate': 0.27019642249442033, 'feature_fraction': 0.811302319425546, 'bagging_fraction': 0.7983738232642656, 'bagging_freq': 1, 'min_child_samples': 20}. Best is trial 18 with value: 0.90625.
[I 2025-09-17 13:15:48,706] Trial 46 finished with value: 0.8973214285714285 and parameters: {'num_leaves': 203, 'learning_rate': 0.2123554431261069, 'feature_fraction': 0.40633046155830504, 'bagging_fraction': 0.5345273684397128, 'bagging_freq': 6, 'min_child_samples': 10}. Best is trial 18 with value: 0.90625.
[I 2025-09-17 13:15:48,719] Trial 47 finished with value: 0.5 and parameters: {'num_leaves': 300, 'learning_rate': 0.09571632492252335, 'feature_fraction': 0.7183943419219622, 'bagging_fraction': 0.9640735473768174, 'bagging_freq': 2, 'min_child_samples': 81}. Best is trial 18 with value: 0.90625.
[I 2025-09-17 13:15:48,750] Trial 48 finished with value: 0.7723214285714286 and parameters: {'num_leaves': 154, 'learning_rate': 0.2300957525799316, 'feature_fraction': 0.8430988223899745, 'bagging_fraction': 0.8365630159846097, 'bagging_freq': 1, 'min_child_samples': 27}. Best is trial 18 with value: 0.90625.
[I 2025-09-17 13:15:48,881] Trial 49 finished with value: 0.8571428571428571 and parameters: {'num_leaves': 133, 'learning_rate': 0.1429229402727784, 'feature_fraction': 0.670080679029943, 'bagging_fraction': 0.8712440625281062, 'bagging_freq': 2, 'min_child_samples': 5}. Best is trial 18 with value: 0.90625.
[I 2025-09-17 13:15:49,200] A new study created in memory with name: no-name-99d2e050-b555-451e-86bc-4cf6e0a4aafc
[I 2025-09-17 13:15:49,231] Trial 0 finished with value: 0.8076923076923077 and parameters: {'num_leaves': 58, 'learning_rate': 0.10731102946878443, 'feature_fraction': 0.6035984758404, 'bagging_fraction': 0.5998691362955493, 'bagging_freq': 7, 'min_child_samples': 26}. Best is trial 0 with value: 0.8076923076923077.
[I 2025-09-17 13:15:49,242] Trial 1 finished with value: 0.5 and parameters: {'num_leaves': 42, 'learning_rate': 0.2265302576077495, 'feature_fraction': 0.7444711243163438, 'bagging_fraction': 0.6123256476347096, 'bagging_freq': 2, 'min_child_samples': 69}. Best is trial 0 with value: 0.8076923076923077.
[I 2025-09-17 13:15:49,307] Trial 2 finished with value: 0.8671328671328671 and parameters: {'num_leaves': 271, 'learning_rate': 0.11050774986713041, 'feature_fraction': 0.7987637141968222, 'bagging_fraction': 0.7423354835419497, 'bagging_freq': 1, 'min_child_samples': 13}. Best is trial 2 with value: 0.8671328671328671.
[I 2025-09-17 13:15:49,363] Trial 3 finished with value: 0.8006993006993006 and parameters: {'num_leaves': 174, 'learning_rate': 0.16001888141811343, 'feature_fraction': 0.92743884887687, 'bagging_fraction': 0.9492879449336229, 'bagging_freq': 1, 'min_child_samples': 12}. Best is trial 2 with value: 0.8671328671328671.
[I 2025-09-17 13:15:49,412] Trial 4 finished with value: 0.8356643356643356 and parameters: {'num_leaves': 42, 'learning_rate': 0.1076513604208426, 'feature_fraction': 0.7089757300764499, 'bagging_fraction': 0.8370616297048243, 'bagging_freq': 2, 'min_child_samples': 24}. Best is trial 2 with value: 0.8671328671328671.
[I 2025-09-17 13:15:49,443] Trial 5 finished with value: 0.6958041958041958 and parameters: {'num_leaves': 21, 'learning_rate': 0.102512318577462, 'feature_fraction': 0.6827613902005698, 'bagging_fraction': 0.5517782540130172, 'bagging_freq': 2, 'min_child_samples': 26}. Best is trial 2 with value: 0.8671328671328671.
[I 2025-09-17 13:15:49,558] Trial 6 finished with value: 0.756993006993007 and parameters: {'num_leaves': 207, 'learning_rate': 0.25043016011107594, 'feature_fraction': 0.6001679624838834, 'bagging_fraction': 0.9897444763303839, 'bagging_freq': 5, 'min_child_samples': 5}. Best is trial 2 with value: 0.8671328671328671.
[I 2025-09-17 13:15:49,566] Trial 7 finished with value: 0.5 and parameters: {'num_leaves': 113, 'learning_rate': 0.021609110714368537, 'feature_fraction': 0.5247870815849254, 'bagging_fraction': 0.42165751012737607, 'bagging_freq': 6, 'min_child_samples': 90}. Best is trial 2 with value: 0.8671328671328671.
[I 2025-09-17 13:15:49,593] Trial 8 finished with value: 0.8916083916083916 and parameters: {'num_leaves': 146, 'learning_rate': 0.1945254763012985, 'feature_fraction': 0.6426239228112175, 'bagging_fraction': 0.4891212626056884, 'bagging_freq': 5, 'min_child_samples': 22}. Best is trial 8 with value: 0.8916083916083916.
[I 2025-09-17 13:15:49,625] Trial 9 finished with value: 0.7832167832167831 and parameters: {'num_leaves': 25, 'learning_rate': 0.01934848948443502, 'feature_fraction': 0.6318220642715302, 'bagging_fraction': 0.7527858735572233, 'bagging_freq': 6, 'min_child_samples': 29}. Best is trial 8 with value: 0.8916083916083916.
[I 2025-09-17 13:15:49,643] Trial 10 finished with value: 0.5 and parameters: {'num_leaves': 115, 'learning_rate': 0.2831133586335104, 'feature_fraction': 0.40337116603689144, 'bagging_fraction': 0.4125552527650666, 'bagging_freq': 4, 'min_child_samples': 50}. Best is trial 8 with value: 0.8916083916083916.
[I 2025-09-17 13:15:49,657] Trial 11 finished with value: 0.6031468531468531 and parameters: {'num_leaves': 284, 'learning_rate': 0.18913225941469206, 'feature_fraction': 0.8419567460292102, 'bagging_fraction': 0.747825358625062, 'bagging_freq': 4, 'min_child_samples': 48}. Best is trial 8 with value: 0.8916083916083916.
[I 2025-09-17 13:15:49,671] Trial 12 finished with value: 0.37412587412587417 and parameters: {'num_leaves': 262, 'learning_rate': 0.17686155739877218, 'feature_fraction': 0.8172871213362283, 'bagging_fraction': 0.5273769091030744, 'bagging_freq': 3, 'min_child_samples': 43}. Best is trial 8 with value: 0.8916083916083916.
[I 2025-09-17 13:15:49,683] Trial 13 finished with value: 0.5 and parameters: {'num_leaves': 224, 'learning_rate': 0.07741566532840757, 'feature_fraction': 0.9669881089464295, 'bagging_fraction': 0.6812660203658553, 'bagging_freq': 5, 'min_child_samples': 69}. Best is trial 8 with value: 0.8916083916083916.
[I 2025-09-17 13:15:49,731] Trial 14 finished with value: 0.8461538461538461 and parameters: {'num_leaves': 140, 'learning_rate': 0.22073258468375695, 'feature_fraction': 0.8362233098041663, 'bagging_fraction': 0.8310745601030363, 'bagging_freq': 1, 'min_child_samples': 14}. Best is trial 8 with value: 0.8916083916083916.
[I 2025-09-17 13:15:49,752] Trial 15 finished with value: 0.583916083916084 and parameters: {'num_leaves': 180, 'learning_rate': 0.14387370378953754, 'feature_fraction': 0.509814138437453, 'bagging_fraction': 0.4797255292756525, 'bagging_freq': 3, 'min_child_samples': 36}. Best is trial 8 with value: 0.8916083916083916.
[I 2025-09-17 13:15:49,764] Trial 16 finished with value: 0.5 and parameters: {'num_leaves': 243, 'learning_rate': 0.051442521694102995, 'feature_fraction': 0.7648735959336463, 'bagging_fraction': 0.6703618018335943, 'bagging_freq': 5, 'min_child_samples': 63}. Best is trial 8 with value: 0.8916083916083916.
[I 2025-09-17 13:15:49,819] Trial 17 finished with value: 0.8286713286713286 and parameters: {'num_leaves': 298, 'learning_rate': 0.13446782516285746, 'feature_fraction': 0.9002792419453106, 'bagging_fraction': 0.8821806655945559, 'bagging_freq': 7, 'min_child_samples': 13}. Best is trial 8 with value: 0.8916083916083916.
[I 2025-09-17 13:15:49,832] Trial 18 finished with value: 0.5 and parameters: {'num_leaves': 80, 'learning_rate': 0.20687136424221766, 'feature_fraction': 0.5473679814329031, 'bagging_fraction': 0.7535292249323366, 'bagging_freq': 3, 'min_child_samples': 86}. Best is trial 8 with value: 0.8916083916083916.
[I 2025-09-17 13:15:49,850] Trial 19 finished with value: 0.7115384615384616 and parameters: {'num_leaves': 206, 'learning_rate': 0.2962161027542756, 'feature_fraction': 0.4454172608604329, 'bagging_fraction': 0.6177814988812417, 'bagging_freq': 4, 'min_child_samples': 37}. Best is trial 8 with value: 0.8916083916083916.
[I 2025-09-17 13:15:49,910] Trial 20 finished with value: 0.7622377622377623 and parameters: {'num_leaves': 145, 'learning_rate': 0.25450142256244385, 'feature_fraction': 0.6572316947874283, 'bagging_fraction': 0.4861627789688513, 'bagging_freq': 6, 'min_child_samples': 6}. Best is trial 8 with value: 0.8916083916083916.
