[I 2025-09-17 13:18:05,393] Trial 4 finished with value: 0.9338842975206612 and parameters: {'num_leaves': 132, 'learning_rate': 0.05743753460374017, 'feature_fraction': 0.9954805696663159, 'bagging_fraction': 0.8394006088526786, 'bagging_freq': 1, 'min_child_samples': 21}. Best is trial 0 with value: 0.9586776859504131.
Training until validation scores don't improve for 50 rounds
Did not meet early stopping. Best iteration is:
[58]	valid_0's binary_logloss: 0.381821
Training until validation scores don't improve for 50 rounds
Early stopping, best iteration is:
[39]	valid_0's binary_logloss: 0.410737
Training until validation scores don't improve for 50 rounds
Did not meet early stopping. Best iteration is:
[81]	valid_0's binary_logloss: 0.424035
Training until validation scores don't improve for 50 rounds
Early stopping, best iteration is:
[9]	valid_0's binary_logloss: 0.417236
Training until validation scores don't improve for 50 rounds
Early stopping, best iteration is:
[9]	valid_0's binary_logloss: 0.429613
Training until validation scores don't improve for 50 rounds
Early stopping, best iteration is:
[7]	valid_0's binary_logloss: 0.68672
Training until validation scores don't improve for 50 rounds
Early stopping, best iteration is:
[4]	valid_0's binary_logloss: 0.509642
Training until validation scores don't improve for 50 rounds
Early stopping, best iteration is:
[1]	valid_0's binary_logloss: 0.68672
Training until validation scores don't improve for 50 rounds
Early stopping, best iteration is:
[40]	valid_0's binary_logloss: 0.68672
Training until validation scores don't improve for 50 rounds
Early stopping, best iteration is:
[11]	valid_0's binary_logloss: 0.68672
Training until validation scores don't improve for 50 rounds
Early stopping, best iteration is:
[9]	valid_0's binary_logloss: 0.485498
Training until validation scores don't improve for 50 rounds
Early stopping, best iteration is:
[7]	valid_0's binary_logloss: 0.68672
Training until validation scores don't improve for 50 rounds
Early stopping, best iteration is:
[22]	valid_0's binary_logloss: 0.517188
Training until validation scores don't improve for 50 rounds
Did not meet early stopping. Best iteration is:
[67]	valid_0's binary_logloss: 0.68672
Training until validation scores don't improve for 50 rounds
Early stopping, best iteration is:
[7]	valid_0's binary_logloss: 0.58214
Training until validation scores don't improve for 50 rounds
Early stopping, best iteration is:
[10]	valid_0's binary_logloss: 0.492455
Training until validation scores don't improve for 50 rounds
Did not meet early stopping. Best iteration is:
[98]	valid_0's binary_logloss: 0.500605
Training until validation scores don't improve for 50 rounds
Early stopping, best iteration is:
[18]	valid_0's binary_logloss: 0.447624
Training until validation scores don't improve for 50 rounds
Early stopping, best iteration is:
[7]	valid_0's binary_logloss: 0.583605
Training until validation scores don't improve for 50 rounds
Early stopping, best iteration is:
[18]	valid_0's binary_logloss: 0.537162
Training until validation scores don't improve for 50 rounds
Early stopping, best iteration is:
[22]	valid_0's binary_logloss: 0.578951
Training until validation scores don't improve for 50 rounds
Early stopping, best iteration is:
[7]	valid_0's binary_logloss: 0.46407
Training until validation scores don't improve for 50 rounds
Early stopping, best iteration is:
[22]	valid_0's binary_logloss: 0.451751
Training until validation scores don't improve for 50 rounds
Early stopping, best iteration is:
[5]	valid_0's binary_logloss: 0.606056
Training until validation scores don't improve for 50 rounds
Early stopping, best iteration is:
[6]	valid_0's binary_logloss: 0.68672
Training until validation scores don't improve for 50 rounds
Early stopping, best iteration is:
[12]	valid_0's binary_logloss: 0.437774
Training until validation scores don't improve for 50 rounds
Early stopping, best iteration is:
[5]	valid_0's binary_logloss: 0.427019
Training until validation scores don't improve for 50 rounds
Early stopping, best iteration is:
[5]	valid_0's binary_logloss: 0.476634
Training until validation scores don't improve for 50 rounds
Early stopping, best iteration is:
[9]	valid_0's binary_logloss: 0.475674
Training until validation scores don't improve for 50 rounds
Early stopping, best iteration is:
[7]	valid_0's binary_logloss: 0.564653
Training until validation scores don't improve for 50 rounds
Early stopping, best iteration is:
[34]	valid_0's binary_logloss: 0.551372
Training until validation scores don't improve for 50 rounds
Early stopping, best iteration is:
[5]	valid_0's binary_logloss: 0.445313
Training until validation scores don't improve for 50 rounds
Early stopping, best iteration is:
[8]	valid_0's binary_logloss: 0.445613
Training until validation scores don't improve for 50 rounds
Early stopping, best iteration is:
[11]	valid_0's binary_logloss: 0.554949
Training until validation scores don't improve for 50 rounds
Early stopping, best iteration is:
[13]	valid_0's binary_logloss: 0.455727
Training until validation scores don't improve for 50 rounds
Early stopping, best iteration is:
[9]	valid_0's binary_logloss: 0.431635
Training until validation scores don't improve for 50 rounds
Early stopping, best iteration is:
[7]	valid_0's binary_logloss: 0.542038
Training until validation scores don't improve for 50 rounds
Early stopping, best iteration is:
[9]	valid_0's binary_logloss: 0.45816
Training until validation scores don't improve for 50 rounds
Early stopping, best iteration is:
[13]	valid_0's binary_logloss: 0.495133
Training until validation scores don't improve for 50 rounds
Early stopping, best iteration is:
[10]	valid_0's binary_logloss: 0.453418
Training until validation scores don't improve for 50 rounds
Early stopping, best iteration is:
[12]	valid_0's binary_logloss: 0.446728
Training until validation scores don't improve for 50 rounds
Early stopping, best iteration is:
[15]	valid_0's binary_logloss: 0.458395
Training until validation scores don't improve for 50 rounds
Early stopping, best iteration is:
[30]	valid_0's binary_logloss: 0.68672
Training until validation scores don't improve for 50 rounds
Did not meet early stopping. Best iteration is:
[52]	valid_0's binary_logloss: 0.637216
Training until validation scores don't improve for 50 rounds
Early stopping, best iteration is:
[15]	valid_0's binary_logloss: 0.583336
Training until validation scores don't improve for 50 rounds
Early stopping, best iteration is:
[8]	valid_0's binary_logloss: 0.454263
Training until validation scores don't improve for 50 rounds
Early stopping, best iteration is:
[8]	valid_0's binary_logloss: 0.451643
Training until validation scores don't improve for 50 rounds
Early stopping, best iteration is:
[9]	valid_0's binary_logloss: 0.476446
Training until validation scores don't improve for 50 rounds
Early stopping, best iteration is:
[9]	valid_0's binary_logloss: 0.44256
Training until validation scores don't improve for 50 rounds
Early stopping, best iteration is:
[20]	valid_0's binary_logloss: 0.440028
Training until validation scores don't improve for 50 rounds
Early stopping, best iteration is:
[7]	valid_0's binary_logloss: 0.491845
Training until validation scores don't improve for 50 rounds
Did not meet early stopping. Best iteration is:
[60]	valid_0's binary_logloss: 0.68672
Training until validation scores don't improve for 50 rounds
Early stopping, best iteration is:
[19]	valid_0's binary_logloss: 0.481607
Training until validation scores don't improve for 50 rounds
Early stopping, best iteration is:
[14]	valid_0's binary_logloss: 0.440632
Training model for P046... (normalize_per_user=True)
Training until validation scores don't improve for 50 rounds
Did not meet early stopping. Best iteration is:
[60]	valid_0's binary_logloss: 0.288473
Training until validation scores don't improve for 50 rounds
Early stopping, best iteration is:
[18]	valid_0's binary_logloss: 0.636901
Training until validation scores don't improve for 50 rounds
Early stopping, best iteration is:
[3]	valid_0's binary_logloss: 0.636901
Training until validation scores don't improve for 50 rounds
Early stopping, best iteration is:
[9]	valid_0's binary_logloss: 0.636901
Training until validation scores don't improve for 50 rounds
Did not meet early stopping. Best iteration is:
[53]	valid_0's binary_logloss: 0.323763
[I 2025-09-17 13:18:05,407] Trial 5 finished with value: 0.7499999999999999 and parameters: {'num_leaves': 243, 'learning_rate': 0.13655128704316521, 'feature_fraction': 0.9666427544810448, 'bagging_fraction': 0.8358154251704584, 'bagging_freq': 7, 'min_child_samples': 51}. Best is trial 0 with value: 0.9586776859504131.
[I 2025-09-17 13:18:05,433] Trial 6 finished with value: 0.9504132231404958 and parameters: {'num_leaves': 84, 'learning_rate': 0.10338783365195078, 'feature_fraction': 0.45992870776047545, 'bagging_fraction': 0.6824161234969586, 'bagging_freq': 4, 'min_child_samples': 27}. Best is trial 0 with value: 0.9586776859504131.
[I 2025-09-17 13:18:05,442] Trial 7 finished with value: 0.5 and parameters: {'num_leaves': 205, 'learning_rate': 0.04641548801789582, 'feature_fraction': 0.8489546059929057, 'bagging_fraction': 0.6572519740597673, 'bagging_freq': 6, 'min_child_samples': 100}. Best is trial 0 with value: 0.9586776859504131.
[I 2025-09-17 13:18:05,453] Trial 8 finished with value: 0.6074380165289256 and parameters: {'num_leaves': 249, 'learning_rate': 0.11714062714737843, 'feature_fraction': 0.8370181933918002, 'bagging_fraction': 0.9624883694440526, 'bagging_freq': 5, 'min_child_samples': 61}. Best is trial 0 with value: 0.9586776859504131.
[I 2025-09-17 13:18:05,463] Trial 9 finished with value: 0.5 and parameters: {'num_leaves': 161, 'learning_rate': 0.056935925607849866, 'feature_fraction': 0.5085645329013136, 'bagging_fraction': 0.4713599026061605, 'bagging_freq': 3, 'min_child_samples': 82}. Best is trial 0 with value: 0.9586776859504131.
[I 2025-09-17 13:18:05,515] Trial 10 finished with value: 0.9090909090909091 and parameters: {'num_leaves': 19, 'learning_rate': 0.21753543593419242, 'feature_fraction': 0.6234242599778743, 'bagging_fraction': 0.5285234781286727, 'bagging_freq': 1, 'min_child_samples': 8}. Best is trial 0 with value: 0.9586776859504131.
[I 2025-09-17 13:18:05,535] Trial 11 finished with value: 0.9545454545454546 and parameters: {'num_leaves': 300, 'learning_rate': 0.1971004205973741, 'feature_fraction': 0.6686531937230821, 'bagging_fraction': 0.7652716704607823, 'bagging_freq': 3, 'min_child_samples': 28}. Best is trial 0 with value: 0.9586776859504131.
[I 2025-09-17 13:18:05,562] Trial 12 finished with value: 0.9421487603305785 and parameters: {'num_leaves': 298, 'learning_rate': 0.21455643759142398, 'feature_fraction': 0.6705801708737661, 'bagging_fraction': 0.787097022938747, 'bagging_freq': 2, 'min_child_samples': 26}. Best is trial 0 with value: 0.9586776859504131.
[I 2025-09-17 13:18:05,675] Trial 13 finished with value: 0.9297520661157024 and parameters: {'num_leaves': 294, 'learning_rate': 0.28422843344035154, 'feature_fraction': 0.5689575353257942, 'bagging_fraction': 0.7592101382617447, 'bagging_freq': 2, 'min_child_samples': 5}. Best is trial 0 with value: 0.9586776859504131.
[I 2025-09-17 13:18:05,695] Trial 14 finished with value: 0.7727272727272727 and parameters: {'num_leaves': 258, 'learning_rate': 0.19642651819484036, 'feature_fraction': 0.7352448526674826, 'bagging_fraction': 0.5820689013159634, 'bagging_freq': 2, 'min_child_samples': 34}. Best is trial 0 with value: 0.9586776859504131.
[I 2025-09-17 13:18:05,732] Trial 15 finished with value: 0.9421487603305785 and parameters: {'num_leaves': 185, 'learning_rate': 0.1761455854440803, 'feature_fraction': 0.7482018654360056, 'bagging_fraction': 0.9531076757324916, 'bagging_freq': 3, 'min_child_samples': 17}. Best is trial 0 with value: 0.9586776859504131.
[I 2025-09-17 13:18:05,746] Trial 16 finished with value: 0.5 and parameters: {'num_leaves': 270, 'learning_rate': 0.27364047138663705, 'feature_fraction': 0.652408811956959, 'bagging_fraction': 0.4005726219579772, 'bagging_freq': 3, 'min_child_samples': 37}. Best is trial 0 with value: 0.9586776859504131.
[I 2025-09-17 13:18:05,756] Trial 17 finished with value: 0.5 and parameters: {'num_leaves': 221, 'learning_rate': 0.24642086813701763, 'feature_fraction': 0.7636421676691948, 'bagging_fraction': 0.5885667089600783, 'bagging_freq': 1, 'min_child_samples': 70}. Best is trial 0 with value: 0.9586776859504131.
[I 2025-09-17 13:18:05,780] Trial 18 finished with value: 0.9545454545454545 and parameters: {'num_leaves': 182, 'learning_rate': 0.16524322996543733, 'feature_fraction': 0.573243675276223, 'bagging_fraction': 0.871726086979018, 'bagging_freq': 3, 'min_child_samples': 37}. Best is trial 0 with value: 0.9586776859504131.
[I 2025-09-17 13:18:05,838] Trial 19 finished with value: 0.9462809917355371 and parameters: {'num_leaves': 275, 'learning_rate': 0.13746615282436012, 'feature_fraction': 0.9173426620751483, 'bagging_fraction': 0.7660064838597668, 'bagging_freq': 2, 'min_child_samples': 14}. Best is trial 0 with value: 0.9586776859504131.
[I 2025-09-17 13:18:05,864] Trial 20 finished with value: 0.9090909090909091 and parameters: {'num_leaves': 236, 'learning_rate': 0.017207345498175916, 'feature_fraction': 0.7843661646977943, 'bagging_fraction': 0.9089894281958657, 'bagging_freq': 5, 'min_child_samples': 43}. Best is trial 0 with value: 0.9586776859504131.
[I 2025-09-17 13:18:05,890] Trial 21 finished with value: 0.9504132231404958 and parameters: {'num_leaves': 182, 'learning_rate': 0.17324273901486148, 'feature_fraction': 0.578680747534513, 'bagging_fraction': 0.8733329256775394, 'bagging_freq': 3, 'min_child_samples': 32}. Best is trial 0 with value: 0.9586776859504131.
[I 2025-09-17 13:18:05,926] Trial 22 finished with value: 0.9504132231404958 and parameters: {'num_leaves': 124, 'learning_rate': 0.16486211249118984, 'feature_fraction': 0.57958158147758, 'bagging_fraction': 0.7250251642576478, 'bagging_freq': 4, 'min_child_samples': 22}. Best is trial 0 with value: 0.9586776859504131.
[I 2025-09-17 13:18:05,948] Trial 23 finished with value: 0.9380165289256198 and parameters: {'num_leaves': 175, 'learning_rate': 0.24201620999658113, 'feature_fraction': 0.6807731752393842, 'bagging_fraction': 0.8287534528745906, 'bagging_freq': 3, 'min_child_samples': 39}. Best is trial 0 with value: 0.9586776859504131.
[I 2025-09-17 13:18:06,034] Trial 24 finished with value: 0.9586776859504131 and parameters: {'num_leaves': 199, 'learning_rate': 0.08623082343779653, 'feature_fraction': 0.5048051513568381, 'bagging_fraction': 0.9159037718250476, 'bagging_freq': 2, 'min_child_samples': 13}. Best is trial 0 with value: 0.9586776859504131.
[I 2025-09-17 13:18:06,124] Trial 25 finished with value: 0.9297520661157024 and parameters: {'num_leaves': 217, 'learning_rate': 0.08632658731679785, 'feature_fraction': 0.504473294115821, 'bagging_fraction': 0.9977874539597951, 'bagging_freq': 1, 'min_child_samples': 12}. Best is trial 0 with value: 0.9586776859504131.
[I 2025-09-17 13:18:06,181] Trial 26 finished with value: 0.9338842975206612 and parameters: {'num_leaves': 272, 'learning_rate': 0.08573855336002809, 'feature_fraction': 0.40648476010497636, 'bagging_fraction': 0.5958344721948649, 'bagging_freq': 2, 'min_child_samples': 14}. Best is trial 0 with value: 0.9586776859504131.
[I 2025-09-17 13:18:06,213] Trial 27 finished with value: 0.9462809917355371 and parameters: {'num_leaves': 113, 'learning_rate': 0.03442598631511442, 'feature_fraction': 0.7064139378715781, 'bagging_fraction': 0.7094362392225437, 'bagging_freq': 1, 'min_child_samples': 28}. Best is trial 0 with value: 0.9586776859504131.
[I 2025-09-17 13:18:06,255] Trial 28 finished with value: 0.9256198347107438 and parameters: {'num_leaves': 201, 'learning_rate': 0.12506338837124104, 'feature_fraction': 0.6255699323123087, 'bagging_fraction': 0.7985031586109059, 'bagging_freq': 2, 'min_child_samples': 20}. Best is trial 0 with value: 0.9586776859504131.
[I 2025-09-17 13:18:06,392] Trial 29 finished with value: 0.9545454545454546 and parameters: {'num_leaves': 151, 'learning_rate': 0.01517638397158333, 'feature_fraction': 0.46159583587064146, 'bagging_fraction': 0.6288040835366124, 'bagging_freq': 4, 'min_child_samples': 5}. Best is trial 0 with value: 0.9586776859504131.
[I 2025-09-17 13:18:06,460] Trial 30 finished with value: 0.9380165289256199 and parameters: {'num_leaves': 234, 'learning_rate': 0.149079950187929, 'feature_fraction': 0.7961307177584765, 'bagging_fraction': 0.9146298937018813, 'bagging_freq': 1, 'min_child_samples': 11}. Best is trial 0 with value: 0.9586776859504131.
[I 2025-09-17 13:18:06,602] Trial 31 finished with value: 0.9628099173553719 and parameters: {'num_leaves': 149, 'learning_rate': 0.01780886504623977, 'feature_fraction': 0.4994033130077257, 'bagging_fraction': 0.6609180516731694, 'bagging_freq': 4, 'min_child_samples': 5}. Best is trial 31 with value: 0.9628099173553719.
[I 2025-09-17 13:18:06,630] Trial 32 finished with value: 0.921487603305785 and parameters: {'num_leaves': 90, 'learning_rate': 0.08042597570859951, 'feature_fraction': 0.5110112213760319, 'bagging_fraction': 0.47605249875038286, 'bagging_freq': 4, 'min_child_samples': 19}. Best is trial 31 with value: 0.9628099173553719.
[I 2025-09-17 13:18:06,688] Trial 33 finished with value: 0.9669421487603305 and parameters: {'num_leaves': 158, 'learning_rate': 0.030739485467147394, 'feature_fraction': 0.4609715249856527, 'bagging_fraction': 0.5262042408578598, 'bagging_freq': 2, 'min_child_samples': 11}. Best is trial 33 with value: 0.9669421487603305.
[I 2025-09-17 13:18:06,747] Trial 34 finished with value: 0.9628099173553719 and parameters: {'num_leaves': 161, 'learning_rate': 0.03432334441989729, 'feature_fraction': 0.45196783871113033, 'bagging_fraction': 0.46073594332965695, 'bagging_freq': 6, 'min_child_samples': 9}. Best is trial 33 with value: 0.9669421487603305.
[I 2025-09-17 13:18:06,819] Trial 35 finished with value: 0.9421487603305785 and parameters: {'num_leaves': 106, 'learning_rate': 0.032899463037272446, 'feature_fraction': 0.461840117248996, 'bagging_fraction': 0.46116744634955015, 'bagging_freq': 6, 'min_child_samples': 8}. Best is trial 33 with value: 0.9669421487603305.
[I 2025-09-17 13:18:06,849] Trial 36 finished with value: 0.9462809917355371 and parameters: {'num_leaves': 140, 'learning_rate': 0.03701504596828418, 'feature_fraction': 0.4290771054703176, 'bagging_fraction': 0.5321530061036935, 'bagging_freq': 6, 'min_child_samples': 23}. Best is trial 33 with value: 0.9669421487603305.
[I 2025-09-17 13:18:06,949] Trial 37 finished with value: 0.9256198347107438 and parameters: {'num_leaves': 65, 'learning_rate': 0.06374120796912967, 'feature_fraction': 0.889244245550551, 'bagging_fraction': 0.5140248951596486, 'bagging_freq': 7, 'min_child_samples': 5}. Best is trial 33 with value: 0.9669421487603305.
[I 2025-09-17 13:18:06,963] Trial 38 finished with value: 0.5 and parameters: {'num_leaves': 168, 'learning_rate': 0.011384457863919156, 'feature_fraction': 0.5408973981380346, 'bagging_fraction': 0.4348523871922985, 'bagging_freq': 5, 'min_child_samples': 54}. Best is trial 33 with value: 0.9669421487603305.
[I 2025-09-17 13:18:06,999] Trial 39 finished with value: 0.9338842975206612 and parameters: {'num_leaves': 145, 'learning_rate': 0.05029651607150547, 'feature_fraction': 0.4317834793543958, 'bagging_fraction': 0.5576823174564447, 'bagging_freq': 6, 'min_child_samples': 17}. Best is trial 33 with value: 0.9669421487603305.
[I 2025-09-17 13:18:07,016] Trial 40 finished with value: 0.5 and parameters: {'num_leaves': 64, 'learning_rate': 0.10320966628916052, 'feature_fraction': 0.46732765953006977, 'bagging_fraction': 0.49262284394178335, 'bagging_freq': 4, 'min_child_samples': 77}. Best is trial 33 with value: 0.9669421487603305.
[I 2025-09-17 13:18:07,073] Trial 41 finished with value: 0.9504132231404958 and parameters: {'num_leaves': 195, 'learning_rate': 0.0293710969686494, 'feature_fraction': 0.4958346147369266, 'bagging_fraction': 0.4440039934137513, 'bagging_freq': 2, 'min_child_samples': 11}. Best is trial 33 with value: 0.9669421487603305.
[I 2025-09-17 13:18:07,138] Trial 42 finished with value: 0.9421487603305785 and parameters: {'num_leaves': 162, 'learning_rate': 0.0688144238218667, 'feature_fraction': 0.5368378575168613, 'bagging_fraction': 0.6418167888419943, 'bagging_freq': 1, 'min_child_samples': 14}. Best is trial 33 with value: 0.9669421487603305.
[I 2025-09-17 13:18:07,200] Trial 43 finished with value: 0.9504132231404958 and parameters: {'num_leaves': 126, 'learning_rate': 0.050399697840067544, 'feature_fraction': 0.5453440605336587, 'bagging_fraction': 0.42126813445613104, 'bagging_freq': 5, 'min_child_samples': 9}. Best is trial 33 with value: 0.9669421487603305.
[I 2025-09-17 13:18:07,234] Trial 44 finished with value: 0.9545454545454545 and parameters: {'num_leaves': 194, 'learning_rate': 0.0242487371974844, 'feature_fraction': 0.4146205061509988, 'bagging_fraction': 0.5024346218869028, 'bagging_freq': 7, 'min_child_samples': 17}. Best is trial 33 with value: 0.9669421487603305.
[I 2025-09-17 13:18:07,260] Trial 45 finished with value: 0.9421487603305785 and parameters: {'num_leaves': 208, 'learning_rate': 0.09784370271037221, 'feature_fraction': 0.47913787219473203, 'bagging_fraction': 0.558777115428082, 'bagging_freq': 2, 'min_child_samples': 25}. Best is trial 33 with value: 0.9669421487603305.
[I 2025-09-17 13:18:07,293] Trial 46 finished with value: 0.9380165289256198 and parameters: {'num_leaves': 157, 'learning_rate': 0.041098660504409405, 'feature_fraction': 0.4487528671651746, 'bagging_fraction': 0.674026768888765, 'bagging_freq': 1, 'min_child_samples': 31}. Best is trial 33 with value: 0.9669421487603305.
