[I 2025-09-17 13:15:04,446] A new study created in memory with name: no-name-e73be507-6ed0-45f1-be2a-f8e202094416
[I 2025-09-17 13:15:04,456] Trial 0 finished with value: 0.5 and parameters: {'num_leaves': 161, 'learning_rate': 0.25186293256435743, 'feature_fraction': 0.8916523378732706, 'bagging_fraction': 0.9457420070054112, 'bagging_freq': 4, 'min_child_samples': 100}. Best is trial 0 with value: 0.5.
[I 2025-09-17 13:15:04,464] Trial 1 finished with value: 0.5 and parameters: {'num_leaves': 244, 'learning_rate': 0.21627774630565344, 'feature_fraction': 0.5862399546851145, 'bagging_fraction': 0.44062947050302004, 'bagging_freq': 6, 'min_child_samples': 45}. Best is trial 0 with value: 0.5.
[I 2025-09-17 13:15:04,470] Trial 2 finished with value: 0.5 and parameters: {'num_leaves': 224, 'learning_rate': 0.1379254167733372, 'feature_fraction': 0.6507611818655825, 'bagging_fraction': 0.7767997799749121, 'bagging_freq': 1, 'min_child_samples': 71}. Best is trial 0 with value: 0.5.
[I 2025-09-17 13:15:04,475] Trial 3 finished with value: 0.5 and parameters: {'num_leaves': 34, 'learning_rate': 0.20400919317688124, 'feature_fraction': 0.5026356419339651, 'bagging_fraction': 0.8269316334110186, 'bagging_freq': 1, 'min_child_samples': 74}. Best is trial 0 with value: 0.5.
[I 2025-09-17 13:15:04,483] Trial 4 finished with value: 0.5 and parameters: {'num_leaves': 258, 'learning_rate': 0.04404391673366328, 'feature_fraction': 0.5156507230137557, 'bagging_fraction': 0.6515741934233423, 'bagging_freq': 7, 'min_child_samples': 69}. Best is trial 0 with value: 0.5.
[I 2025-09-17 13:15:04,491] Trial 5 finished with value: 0.5 and parameters: {'num_leaves': 66, 'learning_rate': 0.2734310181651018, 'feature_fraction': 0.926931831143869, 'bagging_fraction': 0.4448268262882478, 'bagging_freq': 7, 'min_child_samples': 38}. Best is trial 0 with value: 0.5.
[I 2025-09-17 13:15:04,499] Trial 6 finished with value: 0.5 and parameters: {'num_leaves': 292, 'learning_rate': 0.18343732479208638, 'feature_fraction': 0.797568326998568, 'bagging_fraction': 0.7752984117969364, 'bagging_freq': 6, 'min_child_samples': 68}. Best is trial 0 with value: 0.5.
[I 2025-09-17 13:15:04,507] Trial 7 finished with value: 0.5 and parameters: {'num_leaves': 31, 'learning_rate': 0.0486940042679635, 'feature_fraction': 0.6821663607601679, 'bagging_fraction': 0.427830770198796, 'bagging_freq': 1, 'min_child_samples': 92}. Best is trial 0 with value: 0.5.
[I 2025-09-17 13:15:04,540] Trial 8 finished with value: 0.8253968253968254 and parameters: {'num_leaves': 169, 'learning_rate': 0.27716691045777425, 'feature_fraction': 0.6760098923999948, 'bagging_fraction': 0.7637157329900603, 'bagging_freq': 6, 'min_child_samples': 15}. Best is trial 8 with value: 0.8253968253968254.
[I 2025-09-17 13:15:04,555] Trial 9 finished with value: 0.8095238095238095 and parameters: {'num_leaves': 217, 'learning_rate': 0.28809896051443235, 'feature_fraction': 0.4602925820459145, 'bagging_fraction': 0.8616213267942485, 'bagging_freq': 7, 'min_child_samples': 52}. Best is trial 8 with value: 0.8253968253968254.
[I 2025-09-17 13:15:04,627] Trial 10 finished with value: 0.7658730158730158 and parameters: {'num_leaves': 115, 'learning_rate': 0.10525497716516519, 'feature_fraction': 0.7876368042898073, 'bagging_fraction': 0.6197911781506766, 'bagging_freq': 4, 'min_child_samples': 5}. Best is trial 8 with value: 0.8253968253968254.
[I 2025-09-17 13:15:04,666] Trial 11 finished with value: 0.7698412698412699 and parameters: {'num_leaves': 179, 'learning_rate': 0.29277472407483174, 'feature_fraction': 0.407195116878188, 'bagging_fraction': 0.9962323054330512, 'bagging_freq': 5, 'min_child_samples': 19}. Best is trial 8 with value: 0.8253968253968254.
[I 2025-09-17 13:15:04,693] Trial 12 finished with value: 0.761904761904762 and parameters: {'num_leaves': 200, 'learning_rate': 0.2445623441587807, 'feature_fraction': 0.41948941950935503, 'bagging_fraction': 0.8772289128944148, 'bagging_freq': 6, 'min_child_samples': 30}. Best is trial 8 with value: 0.8253968253968254.
[I 2025-09-17 13:15:04,740] Trial 13 finished with value: 0.873015873015873 and parameters: {'num_leaves': 119, 'learning_rate': 0.2841637370775032, 'feature_fraction': 0.7707146038197046, 'bagging_fraction': 0.7213169547707043, 'bagging_freq': 3, 'min_child_samples': 10}. Best is trial 13 with value: 0.873015873015873.
[I 2025-09-17 13:15:04,815] Trial 14 finished with value: 0.8452380952380952 and parameters: {'num_leaves': 115, 'learning_rate': 0.2330799775856644, 'feature_fraction': 0.7770624357539987, 'bagging_fraction': 0.5952648728439996, 'bagging_freq': 3, 'min_child_samples': 5}. Best is trial 13 with value: 0.873015873015873.
[I 2025-09-17 13:15:04,881] Trial 15 finished with value: 0.7976190476190477 and parameters: {'num_leaves': 116, 'learning_rate': 0.1592231085933771, 'feature_fraction': 0.787974447404149, 'bagging_fraction': 0.5630763080785397, 'bagging_freq': 3, 'min_child_samples': 5}. Best is trial 13 with value: 0.873015873015873.
[I 2025-09-17 13:15:04,905] Trial 16 finished with value: 0.7341269841269841 and parameters: {'num_leaves': 113, 'learning_rate': 0.23245442084469137, 'feature_fraction': 0.8722183240492234, 'bagging_fraction': 0.5427673752049479, 'bagging_freq': 3, 'min_child_samples': 23}. Best is trial 13 with value: 0.873015873015873.
[I 2025-09-17 13:15:04,932] Trial 17 finished with value: 0.7817460317460317 and parameters: {'num_leaves': 82, 'learning_rate': 0.18751446051997733, 'feature_fraction': 0.9998884682861928, 'bagging_fraction': 0.6990792760536008, 'bagging_freq': 2, 'min_child_samples': 31}. Best is trial 13 with value: 0.873015873015873.
[I 2025-09-17 13:15:04,962] Trial 18 finished with value: 0.8333333333333333 and parameters: {'num_leaves': 136, 'learning_rate': 0.10112387616180948, 'feature_fraction': 0.7281534328996346, 'bagging_fraction': 0.5213972903376872, 'bagging_freq': 3, 'min_child_samples': 15}. Best is trial 13 with value: 0.873015873015873.
[I 2025-09-17 13:15:04,984] Trial 19 finished with value: 0.7896825396825398 and parameters: {'num_leaves': 79, 'learning_rate': 0.262810981209931, 'feature_fraction': 0.835596017715142, 'bagging_fraction': 0.624245780502725, 'bagging_freq': 2, 'min_child_samples': 28}. Best is trial 13 with value: 0.873015873015873.
[I 2025-09-17 13:15:05,030] Trial 20 finished with value: 0.7321428571428571 and parameters: {'num_leaves': 142, 'learning_rate': 0.22843969602357558, 'feature_fraction': 0.5949899755229551, 'bagging_fraction': 0.6621968758250718, 'bagging_freq': 2, 'min_child_samples': 10}. Best is trial 13 with value: 0.873015873015873.
[I 2025-09-17 13:15:05,065] Trial 21 finished with value: 0.8531746031746031 and parameters: {'num_leaves': 138, 'learning_rate': 0.10068249470787999, 'feature_fraction': 0.7324258810015292, 'bagging_fraction': 0.5220292604826582, 'bagging_freq': 3, 'min_child_samples': 15}. Best is trial 13 with value: 0.873015873015873.
[I 2025-09-17 13:15:05,094] Trial 22 finished with value: 0.8174603174603176 and parameters: {'num_leaves': 95, 'learning_rate': 0.08460496786712611, 'feature_fraction': 0.7350109333541025, 'bagging_fraction': 0.49594668669800934, 'bagging_freq': 4, 'min_child_samples': 20}. Best is trial 13 with value: 0.873015873015873.
[I 2025-09-17 13:15:05,108] Trial 23 finished with value: 0.5992063492063493 and parameters: {'num_leaves': 57, 'learning_rate': 0.1353221906027472, 'feature_fraction': 0.7251757101095414, 'bagging_fraction': 0.5751167876209518, 'bagging_freq': 3, 'min_child_samples': 38}. Best is trial 13 with value: 0.873015873015873.
[I 2025-09-17 13:15:05,173] Trial 24 finished with value: 0.7420634920634921 and parameters: {'num_leaves': 143, 'learning_rate': 0.015139046492501834, 'feature_fraction': 0.6128259541465771, 'bagging_fraction': 0.7183107732316305, 'bagging_freq': 2, 'min_child_samples': 12}. Best is trial 13 with value: 0.873015873015873.
[I 2025-09-17 13:15:05,245] Trial 25 finished with value: 0.75 and parameters: {'num_leaves': 194, 'learning_rate': 0.15975709815908418, 'feature_fraction': 0.7662514572297526, 'bagging_fraction': 0.48050460663788014, 'bagging_freq': 4, 'min_child_samples': 5}. Best is trial 13 with value: 0.873015873015873.
[I 2025-09-17 13:15:05,266] Trial 26 finished with value: 0.7817460317460317 and parameters: {'num_leaves': 105, 'learning_rate': 0.2975477729887549, 'feature_fraction': 0.8425118652895978, 'bagging_fraction': 0.575201207687276, 'bagging_freq': 3, 'min_child_samples': 24}. Best is trial 13 with value: 0.873015873015873.
[I 2025-09-17 13:15:05,287] Trial 27 finished with value: 0.8134920634920635 and parameters: {'num_leaves': 10, 'learning_rate': 0.08270616493577362, 'feature_fraction': 0.943326479011211, 'bagging_fraction': 0.7187799930615792, 'bagging_freq': 5, 'min_child_samples': 35}. Best is trial 13 with value: 0.873015873015873.
[I 2025-09-17 13:15:05,302] Trial 28 finished with value: 0.5 and parameters: {'num_leaves': 133, 'learning_rate': 0.12667039801881724, 'feature_fraction': 0.831184275921033, 'bagging_fraction': 0.6269408769610143, 'bagging_freq': 5, 'min_child_samples': 54}. Best is trial 13 with value: 0.873015873015873.
[I 2025-09-17 13:15:05,334] Trial 29 finished with value: 0.7698412698412699 and parameters: {'num_leaves': 170, 'learning_rate': 0.25516366182636496, 'feature_fraction': 0.6295704553928549, 'bagging_fraction': 0.4057460370350277, 'bagging_freq': 4, 'min_child_samples': 13}. Best is trial 13 with value: 0.873015873015873.
[I 2025-09-17 13:15:05,346] Trial 30 finished with value: 0.5 and parameters: {'num_leaves': 153, 'learning_rate': 0.18360022757430916, 'feature_fraction': 0.9020417362992947, 'bagging_fraction': 0.5993286750791255, 'bagging_freq': 2, 'min_child_samples': 96}. Best is trial 13 with value: 0.873015873015873.
[I 2025-09-17 13:15:05,374] Trial 31 finished with value: 0.8452380952380952 and parameters: {'num_leaves': 131, 'learning_rate': 0.10174729578517554, 'feature_fraction': 0.731758408606809, 'bagging_fraction': 0.516893256499684, 'bagging_freq': 3, 'min_child_samples': 16}. Best is trial 13 with value: 0.873015873015873.
[I 2025-09-17 13:15:05,399] Trial 32 finished with value: 0.8333333333333333 and parameters: {'num_leaves': 124, 'learning_rate': 0.06326252796787546, 'feature_fraction': 0.7619255563132894, 'bagging_fraction': 0.49371881473523815, 'bagging_freq': 3, 'min_child_samples': 18}. Best is trial 13 with value: 0.873015873015873.
[I 2025-09-17 13:15:05,437] Trial 33 finished with value: 0.7936507936507937 and parameters: {'num_leaves': 91, 'learning_rate': 0.11358439990138765, 'feature_fraction': 0.7083572891645025, 'bagging_fraction': 0.5262322200058519, 'bagging_freq': 3, 'min_child_samples': 9}. Best is trial 13 with value: 0.873015873015873.
[I 2025-09-17 13:15:05,455] Trial 34 finished with value: 0.7678571428571429 and parameters: {'num_leaves': 155, 'learning_rate': 0.21171636331294286, 'feature_fraction': 0.6627920151379806, 'bagging_fraction': 0.4643591463188972, 'bagging_freq': 4, 'min_child_samples': 25}. Best is trial 13 with value: 0.873015873015873.
[I 2025-09-17 13:15:05,473] Trial 35 finished with value: 0.5496031746031746 and parameters: {'num_leaves': 61, 'learning_rate': 0.07966365605917669, 'feature_fraction': 0.5675139639959607, 'bagging_fraction': 0.6663483144633773, 'bagging_freq': 2, 'min_child_samples': 46}. Best is trial 13 with value: 0.873015873015873.
[I 2025-09-17 13:15:05,509] Trial 36 finished with value: 0.8214285714285714 and parameters: {'num_leaves': 97, 'learning_rate': 0.12387711241096303, 'feature_fraction': 0.7574735850234467, 'bagging_fraction': 0.5462672988196994, 'bagging_freq': 3, 'min_child_samples': 10}. Best is trial 13 with value: 0.873015873015873.
[I 2025-09-17 13:15:05,520] Trial 37 finished with value: 0.5 and parameters: {'num_leaves': 186, 'learning_rate': 0.14615614146414851, 'feature_fraction': 0.8198220524815012, 'bagging_fraction': 0.695642334206307, 'bagging_freq': 1, 'min_child_samples': 81}. Best is trial 13 with value: 0.873015873015873.
[I 2025-09-17 13:15:05,563] Trial 38 finished with value: 0.7182539682539683 and parameters: {'num_leaves': 129, 'learning_rate': 0.030369603026480563, 'feature_fraction': 0.6448862454683945, 'bagging_fraction': 0.6039766440789833, 'bagging_freq': 4, 'min_child_samples': 16}. Best is trial 13 with value: 0.873015873015873.
[I 2025-09-17 13:15:05,576] Trial 39 finished with value: 0.5 and parameters: {'num_leaves': 153, 'learning_rate': 0.060919790656990304, 'feature_fraction': 0.6998286480066104, 'bagging_fraction': 0.7540311131842561, 'bagging_freq': 3, 'min_child_samples': 62}. Best is trial 13 with value: 0.873015873015873.
[I 2025-09-17 13:15:05,589] Trial 40 finished with value: 0.5 and parameters: {'num_leaves': 256, 'learning_rate': 0.1969958565815753, 'feature_fraction': 0.8694345486183186, 'bagging_fraction': 0.4369495347335592, 'bagging_freq': 2, 'min_child_samples': 42}. Best is trial 13 with value: 0.873015873015873.
[I 2025-09-17 13:15:05,618] Trial 41 finished with value: 0.7976190476190477 and parameters: {'num_leaves': 140, 'learning_rate': 0.104143250723946, 'feature_fraction': 0.7363996723231376, 'bagging_fraction': 0.5191158719724062, 'bagging_freq': 3, 'min_child_samples': 15}. Best is trial 13 with value: 0.873015873015873.
[I 2025-09-17 13:15:05,639] Trial 42 finished with value: 0.8174603174603174 and parameters: {'num_leaves': 125, 'learning_rate': 0.10189745173104015, 'feature_fraction': 0.7066247122082266, 'bagging_fraction': 0.5146321865558773, 'bagging_freq': 3, 'min_child_samples': 23}. Best is trial 13 with value: 0.873015873015873.
[I 2025-09-17 13:15:05,703] Trial 43 finished with value: 0.7182539682539683 and parameters: {'num_leaves': 167, 'learning_rate': 0.1666679670452403, 'feature_fraction': 0.7980945917016051, 'bagging_fraction': 0.8038693721189523, 'bagging_freq': 3, 'min_child_samples': 7}. Best is trial 13 with value: 0.873015873015873.
[I 2025-09-17 13:15:05,722] Trial 44 finished with value: 0.7261904761904763 and parameters: {'num_leaves': 106, 'learning_rate': 0.2756536530403407, 'feature_fraction': 0.6783990520796973, 'bagging_fraction': 0.45202023319969936, 'bagging_freq': 4, 'min_child_samples': 20}. Best is trial 13 with value: 0.873015873015873.
[I 2025-09-17 13:15:05,774] Trial 45 finished with value: 0.8095238095238095 and parameters: {'num_leaves': 76, 'learning_rate': 0.09202351036936546, 'feature_fraction': 0.5576353465580809, 'bagging_fraction': 0.5858967942892301, 'bagging_freq': 2, 'min_child_samples': 13}. Best is trial 13 with value: 0.873015873015873.
[I 2025-09-17 13:15:05,797] Trial 46 finished with value: 0.75 and parameters: {'num_leaves': 216, 'learning_rate': 0.06884756387247373, 'feature_fraction': 0.7611759416279862, 'bagging_fraction': 0.5490309260069447, 'bagging_freq': 1, 'min_child_samples': 33}. Best is trial 13 with value: 0.873015873015873.
[I 2025-09-17 13:15:05,827] Trial 47 finished with value: 0.7777777777777778 and parameters: {'num_leaves': 48, 'learning_rate': 0.048440212365788986, 'feature_fraction': 0.8111420182244707, 'bagging_fraction': 0.6415402221746328, 'bagging_freq': 3, 'min_child_samples': 27}. Best is trial 13 with value: 0.873015873015873.
[I 2025-09-17 13:15:05,857] Trial 48 finished with value: 0.8134920634920635 and parameters: {'num_leaves': 111, 'learning_rate': 0.11972059676698696, 'feature_fraction': 0.7382768851639171, 'bagging_fraction': 0.47721247699292685, 'bagging_freq': 4, 'min_child_samples': 17}. Best is trial 13 with value: 0.873015873015873.
[I 2025-09-17 13:15:05,901] Trial 49 finished with value: 0.7083333333333334 and parameters: {'num_leaves': 178, 'learning_rate': 0.22932649965244656, 'feature_fraction': 0.6898799943990702, 'bagging_fraction': 0.6771666157249555, 'bagging_freq': 5, 'min_child_samples': 9}. Best is trial 13 with value: 0.873015873015873.
[I 2025-09-17 13:15:06,110] A new study created in memory with name: no-name-bc14ff52-25d1-4bc5-9563-eec2433c10ac
[I 2025-09-17 13:15:06,128] Trial 0 finished with value: 0.5515873015873016 and parameters: {'num_leaves': 21, 'learning_rate': 0.26260115401731216, 'feature_fraction': 0.49803860425791885, 'bagging_fraction': 0.559168950861505, 'bagging_freq': 2, 'min_child_samples': 37}. Best is trial 0 with value: 0.5515873015873016.
[I 2025-09-17 13:15:06,140] Trial 1 finished with value: 0.7956349206349207 and parameters: {'num_leaves': 123, 'learning_rate': 0.0819907136483774, 'feature_fraction': 0.4421760059980548, 'bagging_fraction': 0.7159913997487293, 'bagging_freq': 6, 'min_child_samples': 43}. Best is trial 1 with value: 0.7956349206349207.
[I 2025-09-17 13:15:06,145] Trial 2 finished with value: 0.5 and parameters: {'num_leaves': 199, 'learning_rate': 0.06049678289496645, 'feature_fraction': 0.5608047357538446, 'bagging_fraction': 0.6199399444102603, 'bagging_freq': 1, 'min_child_samples': 76}. Best is trial 1 with value: 0.7956349206349207.
[I 2025-09-17 13:15:06,154] Trial 3 finished with value: 0.5 and parameters: {'num_leaves': 253, 'learning_rate': 0.24067643301614836, 'feature_fraction': 0.7191920494270405, 'bagging_fraction': 0.5408084264495712, 'bagging_freq': 7, 'min_child_samples': 53}. Best is trial 1 with value: 0.7956349206349207.
[I 2025-09-17 13:15:06,168] Trial 4 finished with value: 0.7757936507936508 and parameters: {'num_leaves': 64, 'learning_rate': 0.14980499082964005, 'feature_fraction': 0.8102938452910591, 'bagging_fraction': 0.9337972067709401, 'bagging_freq': 3, 'min_child_samples': 55}. Best is trial 1 with value: 0.7956349206349207.
[I 2025-09-17 13:15:06,186] Trial 5 finished with value: 0.7797619047619048 and parameters: {'num_leaves': 201, 'learning_rate': 0.1933232366784828, 'feature_fraction': 0.6733853518812626, 'bagging_fraction': 0.7279831911802288, 'bagging_freq': 6, 'min_child_samples': 29}. Best is trial 1 with value: 0.7956349206349207.
[I 2025-09-17 13:15:06,215] Trial 6 finished with value: 0.8234126984126984 and parameters: {'num_leaves': 141, 'learning_rate': 0.23391726391899734, 'feature_fraction': 0.47981701617827527, 'bagging_fraction': 0.5456721030870648, 'bagging_freq': 3, 'min_child_samples': 17}. Best is trial 6 with value: 0.8234126984126984.
