[I 2025-09-17 13:18:30,820] Trial 17 finished with value: 0.8146853146853148 and parameters: {'num_leaves': 168, 'learning_rate': 0.1029153258688992, 'feature_fraction': 0.40537751740506583, 'bagging_fraction': 0.8003568471738328, 'bagging_freq': 1, 'min_child_samples': 42}. Best is trial 3 with value: 0.9090909090909092.
[I 2025-09-17 13:18:30,860] Trial 18 finished with value: 0.7902097902097902 and parameters: {'num_leaves': 87, 'learning_rate': 0.16575596942935739, 'feature_fraction': 0.49499128431394895, 'bagging_fraction': 0.5928688932515055, 'bagging_freq': 2, 'min_child_samples': 17}. Best is trial 3 with value: 0.9090909090909092.
[I 2025-09-17 13:18:30,878] Trial 19 finished with value: 0.6258741258741258 and parameters: {'num_leaves': 34, 'learning_rate': 0.29870126359518745, 'feature_fraction': 0.595063143067702, 'bagging_fraction': 0.9805271248361698, 'bagging_freq': 5, 'min_child_samples': 69}. Best is trial 3 with value: 0.9090909090909092.
[I 2025-09-17 13:18:31,027] Trial 20 finished with value: 0.9090909090909092 and parameters: {'num_leaves': 126, 'learning_rate': 0.2201303646036702, 'feature_fraction': 0.4981751555861554, 'bagging_fraction': 0.8482300681130619, 'bagging_freq': 3, 'min_child_samples': 5}. Best is trial 3 with value: 0.9090909090909092.
[I 2025-09-17 13:18:31,161] Trial 21 finished with value: 0.895104895104895 and parameters: {'num_leaves': 117, 'learning_rate': 0.2299614958740024, 'feature_fraction': 0.48157594453410174, 'bagging_fraction': 0.8557101358395247, 'bagging_freq': 2, 'min_child_samples': 5}. Best is trial 3 with value: 0.9090909090909092.
[I 2025-09-17 13:18:31,192] Trial 22 finished with value: 0.7902097902097902 and parameters: {'num_leaves': 124, 'learning_rate': 0.23372840766646907, 'feature_fraction': 0.47811347599423065, 'bagging_fraction': 0.8584313848862005, 'bagging_freq': 3, 'min_child_samples': 23}. Best is trial 3 with value: 0.9090909090909092.
[I 2025-09-17 13:18:31,258] Trial 23 finished with value: 0.9090909090909092 and parameters: {'num_leaves': 169, 'learning_rate': 0.2193276208769, 'feature_fraction': 0.5173605311793709, 'bagging_fraction': 0.8574509236144366, 'bagging_freq': 2, 'min_child_samples': 11}. Best is trial 3 with value: 0.9090909090909092.
[I 2025-09-17 13:18:31,313] Trial 24 finished with value: 0.881118881118881 and parameters: {'num_leaves': 165, 'learning_rate': 0.21266473826162374, 'feature_fraction': 0.5288780569130908, 'bagging_fraction': 0.7454803951836808, 'bagging_freq': 3, 'min_child_samples': 15}. Best is trial 3 with value: 0.9090909090909092.
[I 2025-09-17 13:18:31,347] Trial 25 finished with value: 0.8216783216783217 and parameters: {'num_leaves': 190, 'learning_rate': 0.1579001544066934, 'feature_fraction': 0.4023804949087371, 'bagging_fraction': 0.8705903393773821, 'bagging_freq': 2, 'min_child_samples': 39}. Best is trial 3 with value: 0.9090909090909092.
[I 2025-09-17 13:18:31,418] Trial 26 finished with value: 0.9055944055944056 and parameters: {'num_leaves': 146, 'learning_rate': 0.2572047473879205, 'feature_fraction': 0.7213813032975619, 'bagging_fraction': 0.9479546883709583, 'bagging_freq': 4, 'min_child_samples': 12}. Best is trial 3 with value: 0.9090909090909092.
[I 2025-09-17 13:18:31,443] Trial 27 finished with value: 0.846153846153846 and parameters: {'num_leaves': 188, 'learning_rate': 0.2068892779873861, 'feature_fraction': 0.5172246910989247, 'bagging_fraction': 0.8293978024959864, 'bagging_freq': 2, 'min_child_samples': 27}. Best is trial 3 with value: 0.9090909090909092.
[I 2025-09-17 13:18:31,466] Trial 28 finished with value: 0.7832167832167832 and parameters: {'num_leaves': 100, 'learning_rate': 0.172091132688613, 'feature_fraction': 0.45461566434080763, 'bagging_fraction': 0.7588120464293995, 'bagging_freq': 5, 'min_child_samples': 47}. Best is trial 3 with value: 0.9090909090909092.
[I 2025-09-17 13:18:31,491] Trial 29 finished with value: 0.8286713286713286 and parameters: {'num_leaves': 242, 'learning_rate': 0.2824048400316603, 'feature_fraction': 0.8202633753538132, 'bagging_fraction': 0.9563063818766149, 'bagging_freq': 3, 'min_child_samples': 33}. Best is trial 3 with value: 0.9090909090909092.
[I 2025-09-17 13:18:31,527] Trial 30 finished with value: 0.8006993006993006 and parameters: {'num_leaves': 76, 'learning_rate': 0.2679262963205952, 'feature_fraction': 0.6600780316075479, 'bagging_fraction': 0.8807434541260013, 'bagging_freq': 1, 'min_child_samples': 25}. Best is trial 3 with value: 0.9090909090909092.
[I 2025-09-17 13:18:31,588] Trial 31 finished with value: 0.9020979020979021 and parameters: {'num_leaves': 145, 'learning_rate': 0.259482135934168, 'feature_fraction': 0.6952609487409765, 'bagging_fraction': 0.9498242733039802, 'bagging_freq': 4, 'min_child_samples': 12}. Best is trial 3 with value: 0.9090909090909092.
[I 2025-09-17 13:18:31,647] Trial 32 finished with value: 0.9265734265734266 and parameters: {'num_leaves': 170, 'learning_rate': 0.21095738762806404, 'feature_fraction': 0.7874852259211604, 'bagging_fraction': 0.9371594282280427, 'bagging_freq': 4, 'min_child_samples': 12}. Best is trial 32 with value: 0.9265734265734266.
[I 2025-09-17 13:18:31,698] Trial 33 finished with value: 0.8811188811188811 and parameters: {'num_leaves': 172, 'learning_rate': 0.21659082558595655, 'feature_fraction': 0.8064848730436198, 'bagging_fraction': 0.896165780926168, 'bagging_freq': 3, 'min_child_samples': 17}. Best is trial 32 with value: 0.9265734265734266.
Did not meet early stopping. Best iteration is:
[82]	valid_0's binary_logloss: 0.445515
Training until validation scores don't improve for 50 rounds
Early stopping, best iteration is:
[37]	valid_0's binary_logloss: 0.539221
Training until validation scores don't improve for 50 rounds
Early stopping, best iteration is:
[26]	valid_0's binary_logloss: 0.513739
Training until validation scores don't improve for 50 rounds
Did not meet early stopping. Best iteration is:
[56]	valid_0's binary_logloss: 0.409399
Training until validation scores don't improve for 50 rounds
Did not meet early stopping. Best iteration is:
[67]	valid_0's binary_logloss: 0.412585
Training until validation scores don't improve for 50 rounds
Did not meet early stopping. Best iteration is:
[64]	valid_0's binary_logloss: 0.353256
Training until validation scores don't improve for 50 rounds
Did not meet early stopping. Best iteration is:
[100]	valid_0's binary_logloss: 0.444347
Training until validation scores don't improve for 50 rounds
Early stopping, best iteration is:
[27]	valid_0's binary_logloss: 0.602586
Training until validation scores don't improve for 50 rounds
Did not meet early stopping. Best iteration is:
[100]	valid_0's binary_logloss: 0.480337
Training until validation scores don't improve for 50 rounds
Did not meet early stopping. Best iteration is:
[89]	valid_0's binary_logloss: 0.515135
Training until validation scores don't improve for 50 rounds
Early stopping, best iteration is:
[3]	valid_0's binary_logloss: 0.669098
Training until validation scores don't improve for 50 rounds
Did not meet early stopping. Best iteration is:
[98]	valid_0's binary_logloss: 0.519801
Training until validation scores don't improve for 50 rounds
Did not meet early stopping. Best iteration is:
[98]	valid_0's binary_logloss: 0.445988
Training until validation scores don't improve for 50 rounds
Early stopping, best iteration is:
[47]	valid_0's binary_logloss: 0.437815
Training until validation scores don't improve for 50 rounds
Early stopping, best iteration is:
[31]	valid_0's binary_logloss: 0.47126
Training until validation scores don't improve for 50 rounds
Did not meet early stopping. Best iteration is:
[74]	valid_0's binary_logloss: 0.43147
Training until validation scores don't improve for 50 rounds
Did not meet early stopping. Best iteration is:
[90]	valid_0's binary_logloss: 0.470733
Training until validation scores don't improve for 50 rounds
Early stopping, best iteration is:
[45]	valid_0's binary_logloss: 0.5062
Training until validation scores don't improve for 50 rounds
Early stopping, best iteration is:
[18]	valid_0's binary_logloss: 0.492921
Training until validation scores don't improve for 50 rounds
Did not meet early stopping. Best iteration is:
[81]	valid_0's binary_logloss: 0.458901
Training until validation scores don't improve for 50 rounds
Did not meet early stopping. Best iteration is:
[73]	valid_0's binary_logloss: 0.536584
Training until validation scores don't improve for 50 rounds
Early stopping, best iteration is:
[11]	valid_0's binary_logloss: 0.659919
Training until validation scores don't improve for 50 rounds
Did not meet early stopping. Best iteration is:
[71]	valid_0's binary_logloss: 0.407362
Training until validation scores don't improve for 50 rounds
Did not meet early stopping. Best iteration is:
[83]	valid_0's binary_logloss: 0.432672
Training until validation scores don't improve for 50 rounds
Early stopping, best iteration is:
[22]	valid_0's binary_logloss: 0.523087
Training until validation scores don't improve for 50 rounds
Early stopping, best iteration is:
[1]	valid_0's binary_logloss: 0.659919
Training until validation scores don't improve for 50 rounds
Early stopping, best iteration is:
[2]	valid_0's binary_logloss: 0.659919
Training until validation scores don't improve for 50 rounds
Early stopping, best iteration is:
[26]	valid_0's binary_logloss: 0.379303
Training until validation scores don't improve for 50 rounds
Early stopping, best iteration is:
[7]	valid_0's binary_logloss: 0.659919
Training until validation scores don't improve for 50 rounds
Early stopping, best iteration is:
[2]	valid_0's binary_logloss: 0.659919
Training until validation scores don't improve for 50 rounds
Early stopping, best iteration is:
[1]	valid_0's binary_logloss: 0.659919
Training until validation scores don't improve for 50 rounds
Did not meet early stopping. Best iteration is:
[51]	valid_0's binary_logloss: 0.508647
Training until validation scores don't improve for 50 rounds
Did not meet early stopping. Best iteration is:
[78]	valid_0's binary_logloss: 0.56404
Training until validation scores don't improve for 50 rounds
Did not meet early stopping. Best iteration is:
[62]	valid_0's binary_logloss: 0.601407
Training until validation scores don't improve for 50 rounds
Did not meet early stopping. Best iteration is:
[99]	valid_0's binary_logloss: 0.443092
Training until validation scores don't improve for 50 rounds
Did not meet early stopping. Best iteration is:
[100]	valid_0's binary_logloss: 0.502019
Training until validation scores don't improve for 50 rounds
Did not meet early stopping. Best iteration is:
[99]	valid_0's binary_logloss: 0.504955
Training until validation scores don't improve for 50 rounds
Did not meet early stopping. Best iteration is:
[84]	valid_0's binary_logloss: 0.456521
Training until validation scores don't improve for 50 rounds
Early stopping, best iteration is:
[8]	valid_0's binary_logloss: 0.494976
Training until validation scores don't improve for 50 rounds
Early stopping, best iteration is:
[27]	valid_0's binary_logloss: 0.405784
Training until validation scores don't improve for 50 rounds
Did not meet early stopping. Best iteration is:
[100]	valid_0's binary_logloss: 0.546185
Training until validation scores don't improve for 50 rounds
Did not meet early stopping. Best iteration is:
[62]	valid_0's binary_logloss: 0.515218
Training until validation scores don't improve for 50 rounds
Early stopping, best iteration is:
[20]	valid_0's binary_logloss: 0.517462
Training until validation scores don't improve for 50 rounds
Early stopping, best iteration is:
[20]	valid_0's binary_logloss: 0.640963
Training until validation scores don't improve for 50 rounds
Early stopping, best iteration is:
[15]	valid_0's binary_logloss: 0.387925
Training until validation scores don't improve for 50 rounds
Early stopping, best iteration is:
[14]	valid_0's binary_logloss: 0.416678
Training until validation scores don't improve for 50 rounds
Early stopping, best iteration is:
[15]	valid_0's binary_logloss: 0.498102
Training until validation scores don't improve for 50 rounds
Early stopping, best iteration is:
[17]	valid_0's binary_logloss: 0.374622
Training until validation scores don't improve for 50 rounds
Early stopping, best iteration is:
[27]	valid_0's binary_logloss: 0.454048
Training until validation scores don't improve for 50 rounds
Did not meet early stopping. Best iteration is:
[57]	valid_0's binary_logloss: 0.491072
Training until validation scores don't improve for 50 rounds
Early stopping, best iteration is:
[17]	valid_0's binary_logloss: 0.375633
Training until validation scores don't improve for 50 rounds
Early stopping, best iteration is:
[19]	valid_0's binary_logloss: 0.456462
Training until validation scores don't improve for 50 rounds
Early stopping, best iteration is:
[29]	valid_0's binary_logloss: 0.553442
Training until validation scores don't improve for 50 rounds
Early stopping, best iteration is:
[10]	valid_0's binary_logloss: 0.513021
Training until validation scores don't improve for 50 rounds
Early stopping, best iteration is:
[17]	valid_0's binary_logloss: 0.490206
Training until validation scores don't improve for 50 rounds
Early stopping, best iteration is:
[11]	valid_0's binary_logloss: 0.370433
Training until validation scores don't improve for 50 rounds
Early stopping, best iteration is:
[18]	valid_0's binary_logloss: 0.346838
Training until validation scores don't improve for 50 rounds
Early stopping, best iteration is:
[25]	valid_0's binary_logloss: 0.450568
[I 2025-09-17 13:18:31,782] Trial 34 finished with value: 0.9125874125874126 and parameters: {'num_leaves': 125, 'learning_rate': 0.1379804574543375, 'feature_fraction': 0.8797960647812326, 'bagging_fraction': 0.9275793832145253, 'bagging_freq': 4, 'min_child_samples': 11}. Best is trial 32 with value: 0.9265734265734266.
[I 2025-09-17 13:18:31,814] Trial 35 finished with value: 0.8251748251748252 and parameters: {'num_leaves': 122, 'learning_rate': 0.13518001211870342, 'feature_fraction': 0.8822173399418652, 'bagging_fraction': 0.9272025888654538, 'bagging_freq': 5, 'min_child_samples': 37}. Best is trial 32 with value: 0.9265734265734266.
[I 2025-09-17 13:18:31,858] Trial 36 finished with value: 0.8391608391608392 and parameters: {'num_leaves': 206, 'learning_rate': 0.14339901202645425, 'feature_fraction': 0.91959353555527, 'bagging_fraction': 0.9799543211006001, 'bagging_freq': 6, 'min_child_samples': 19}. Best is trial 32 with value: 0.9265734265734266.
[I 2025-09-17 13:18:31,873] Trial 37 finished with value: 0.5 and parameters: {'num_leaves': 112, 'learning_rate': 0.1151810421053395, 'feature_fraction': 0.7782354444153149, 'bagging_fraction': 0.926018375999524, 'bagging_freq': 4, 'min_child_samples': 81}. Best is trial 32 with value: 0.9265734265734266.
[I 2025-09-17 13:18:31,929] Trial 38 finished with value: 0.8391608391608392 and parameters: {'num_leaves': 132, 'learning_rate': 0.19363923509380576, 'feature_fraction': 0.8724903221528492, 'bagging_fraction': 0.6530167540655295, 'bagging_freq': 4, 'min_child_samples': 10}. Best is trial 32 with value: 0.9265734265734266.
[I 2025-09-17 13:18:31,953] Trial 39 finished with value: 0.8041958041958042 and parameters: {'num_leaves': 103, 'learning_rate': 0.15069030759315882, 'feature_fraction': 0.920819530524326, 'bagging_fraction': 0.9997114606328681, 'bagging_freq': 6, 'min_child_samples': 51}. Best is trial 32 with value: 0.9265734265734266.
[I 2025-09-17 13:18:31,982] Trial 40 finished with value: 0.8076923076923076 and parameters: {'num_leaves': 156, 'learning_rate': 0.17636442544055098, 'feature_fraction': 0.8327986940847638, 'bagging_fraction': 0.8285895308013332, 'bagging_freq': 4, 'min_child_samples': 30}. Best is trial 32 with value: 0.9265734265734266.
[I 2025-09-17 13:18:32,054] Trial 41 finished with value: 0.8986013986013985 and parameters: {'num_leaves': 181, 'learning_rate': 0.1983618676010558, 'feature_fraction': 0.7663993934929982, 'bagging_fraction': 0.9049755092264051, 'bagging_freq': 4, 'min_child_samples': 10}. Best is trial 32 with value: 0.9265734265734266.
[I 2025-09-17 13:18:32,188] Trial 42 finished with value: 0.8636363636363635 and parameters: {'num_leaves': 203, 'learning_rate': 0.24913342627328106, 'feature_fraction': 0.4475285807679092, 'bagging_fraction': 0.8438250628174075, 'bagging_freq': 3, 'min_child_samples': 5}. Best is trial 32 with value: 0.9265734265734266.
[I 2025-09-17 13:18:32,202] Trial 43 finished with value: 0.5 and parameters: {'num_leaves': 156, 'learning_rate': 0.22406985699186988, 'feature_fraction': 0.9609868321885193, 'bagging_fraction': 0.9596099039361933, 'bagging_freq': 3, 'min_child_samples': 99}. Best is trial 32 with value: 0.9265734265734266.
[I 2025-09-17 13:18:32,280] Trial 44 finished with value: 0.8776223776223775 and parameters: {'num_leaves': 130, 'learning_rate': 0.11989064809766456, 'feature_fraction': 0.6261709948473991, 'bagging_fraction': 0.886647478880127, 'bagging_freq': 2, 'min_child_samples': 15}. Best is trial 32 with value: 0.9265734265734266.
[I 2025-09-17 13:18:32,386] Trial 45 finished with value: 0.9020979020979021 and parameters: {'num_leaves': 236, 'learning_rate': 0.10320005175350927, 'feature_fraction': 0.8485844973668151, 'bagging_fraction': 0.9341726732148028, 'bagging_freq': 5, 'min_child_samples': 9}. Best is trial 32 with value: 0.9265734265734266.
[I 2025-09-17 13:18:32,415] Trial 46 finished with value: 0.7744755244755246 and parameters: {'num_leaves': 78, 'learning_rate': 0.18039233127237048, 'feature_fraction': 0.7875023508943985, 'bagging_fraction': 0.7764736474901234, 'bagging_freq': 2, 'min_child_samples': 23}. Best is trial 32 with value: 0.9265734265734266.
[I 2025-09-17 13:18:32,482] Trial 47 finished with value: 0.916083916083916 and parameters: {'num_leaves': 273, 'learning_rate': 0.1609041521205363, 'feature_fraction': 0.8895281055774057, 'bagging_fraction': 0.6630557133878934, 'bagging_freq': 3, 'min_child_samples': 8}. Best is trial 32 with value: 0.9265734265734266.
[I 2025-09-17 13:18:32,618] Trial 48 finished with value: 0.9090909090909092 and parameters: {'num_leaves': 277, 'learning_rate': 0.1300684758630257, 'feature_fraction': 0.898931974179231, 'bagging_fraction': 0.6518236957244211, 'bagging_freq': 7, 'min_child_samples': 5}. Best is trial 32 with value: 0.9265734265734266.
[I 2025-09-17 13:18:32,656] Trial 49 finished with value: 0.7972027972027973 and parameters: {'num_leaves': 36, 'learning_rate': 0.16052197880122204, 'feature_fraction': 0.9489901552995116, 'bagging_fraction': 0.6931577928775918, 'bagging_freq': 4, 'min_child_samples': 19}. Best is trial 32 with value: 0.9265734265734266.
[I 2025-09-17 13:18:32,908] A new study created in memory with name: no-name-457176ad-4b27-498b-90bb-76cd49aee6f8
[I 2025-09-17 13:18:32,917] Trial 0 finished with value: 0.5 and parameters: {'num_leaves': 56, 'learning_rate': 0.21415419954880863, 'feature_fraction': 0.6540660843488133, 'bagging_fraction': 0.9070897510188207, 'bagging_freq': 5, 'min_child_samples': 86}. Best is trial 0 with value: 0.5.
[I 2025-09-17 13:18:32,928] Trial 1 finished with value: 0.5 and parameters: {'num_leaves': 136, 'learning_rate': 0.029094067500715283, 'feature_fraction': 0.757145326388673, 'bagging_fraction': 0.9508535586321571, 'bagging_freq': 5, 'min_child_samples': 94}. Best is trial 0 with value: 0.5.
[I 2025-09-17 13:18:32,936] Trial 2 finished with value: 0.5 and parameters: {'num_leaves': 82, 'learning_rate': 0.2895320220691941, 'feature_fraction': 0.8134362118695558, 'bagging_fraction': 0.4270983519576248, 'bagging_freq': 5, 'min_child_samples': 69}. Best is trial 0 with value: 0.5.
[I 2025-09-17 13:18:32,957] Trial 3 finished with value: 0.7272727272727273 and parameters: {'num_leaves': 218, 'learning_rate': 0.04535492817594294, 'feature_fraction': 0.7530830792103761, 'bagging_fraction': 0.6308671686250367, 'bagging_freq': 2, 'min_child_samples': 43}. Best is trial 3 with value: 0.7272727272727273.
[I 2025-09-17 13:18:32,977] Trial 4 finished with value: 0.7377622377622378 and parameters: {'num_leaves': 113, 'learning_rate': 0.07516570686978721, 'feature_fraction': 0.9979593426319566, 'bagging_fraction': 0.7241524685327372, 'bagging_freq': 7, 'min_child_samples': 37}. Best is trial 4 with value: 0.7377622377622378.
