[I 2025-09-17 13:17:38,388] Trial 29 finished with value: 0.9098039215686274 and parameters: {'num_leaves': 262, 'learning_rate': 0.24842135844580535, 'feature_fraction': 0.4610653943011471, 'bagging_fraction': 0.8417969812939542, 'bagging_freq': 3, 'min_child_samples': 46}. Best is trial 15 with value: 1.0.
[I 2025-09-17 13:17:38,428] Trial 30 finished with value: 0.996078431372549 and parameters: {'num_leaves': 290, 'learning_rate': 0.2717428089543455, 'feature_fraction': 0.5524563470327629, 'bagging_fraction': 0.9093433681203268, 'bagging_freq': 2, 'min_child_samples': 26}. Best is trial 15 with value: 1.0.
[I 2025-09-17 13:17:38,472] Trial 31 finished with value: 1.0 and parameters: {'num_leaves': 284, 'learning_rate': 0.27656941379022665, 'feature_fraction': 0.5555447542187076, 'bagging_fraction': 0.9127691502419262, 'bagging_freq': 2, 'min_child_samples': 24}. Best is trial 15 with value: 1.0.
[I 2025-09-17 13:17:38,556] Trial 32 finished with value: 0.9921568627450981 and parameters: {'num_leaves': 277, 'learning_rate': 0.24119953859900897, 'feature_fraction': 0.4880553951589738, 'bagging_fraction': 0.9732011452152391, 'bagging_freq': 1, 'min_child_samples': 11}. Best is trial 15 with value: 1.0.
[I 2025-09-17 13:17:38,620] Trial 33 finished with value: 0.9921568627450981 and parameters: {'num_leaves': 262, 'learning_rate': 0.2796787369534691, 'feature_fraction': 0.44427207985123784, 'bagging_fraction': 0.8711591285184663, 'bagging_freq': 2, 'min_child_samples': 17}. Best is trial 15 with value: 1.0.
[I 2025-09-17 13:17:38,657] Trial 34 finished with value: 0.9882352941176471 and parameters: {'num_leaves': 249, 'learning_rate': 0.22212531816987358, 'feature_fraction': 0.5310786415135351, 'bagging_fraction': 0.9605977767525075, 'bagging_freq': 1, 'min_child_samples': 38}. Best is trial 15 with value: 1.0.
[I 2025-09-17 13:17:38,693] Trial 35 finished with value: 0.9921568627450981 and parameters: {'num_leaves': 198, 'learning_rate': 0.29759310123445226, 'feature_fraction': 0.6240145165483525, 'bagging_fraction': 0.7254601318302747, 'bagging_freq': 4, 'min_child_samples': 25}. Best is trial 15 with value: 1.0.
[I 2025-09-17 13:17:38,758] Trial 36 finished with value: 1.0 and parameters: {'num_leaves': 212, 'learning_rate': 0.04824128980454319, 'feature_fraction': 0.5737338795528073, 'bagging_fraction': 0.8025570246142825, 'bagging_freq': 3, 'min_child_samples': 17}. Best is trial 15 with value: 1.0.
[I 2025-09-17 13:17:38,843] Trial 37 finished with value: 0.9921568627450981 and parameters: {'num_leaves': 280, 'learning_rate': 0.2693023363402722, 'feature_fraction': 0.48131386522408176, 'bagging_fraction': 0.7526785181647777, 'bagging_freq': 1, 'min_child_samples': 10}. Best is trial 15 with value: 1.0.
[I 2025-09-17 13:17:38,955] Trial 38 finished with value: 0.9254901960784314 and parameters: {'num_leaves': 178, 'learning_rate': 0.2470368527943198, 'feature_fraction': 0.6727976046621099, 'bagging_fraction': 0.9956226597741393, 'bagging_freq': 2, 'min_child_samples': 5}. Best is trial 15 with value: 1.0.
[I 2025-09-17 13:17:38,987] Trial 39 finished with value: 0.996078431372549 and parameters: {'num_leaves': 238, 'learning_rate': 0.20144312066756503, 'feature_fraction': 0.46325153615470765, 'bagging_fraction': 0.9487678216905087, 'bagging_freq': 4, 'min_child_samples': 35}. Best is trial 15 with value: 1.0.
[I 2025-09-17 13:17:39,043] Trial 40 finished with value: 0.9921568627450981 and parameters: {'num_leaves': 260, 'learning_rate': 0.23811933066947527, 'feature_fraction': 0.4047355661572337, 'bagging_fraction': 0.843691501715934, 'bagging_freq': 3, 'min_child_samples': 18}. Best is trial 15 with value: 1.0.
[I 2025-09-17 13:17:39,102] Trial 41 finished with value: 0.996078431372549 and parameters: {'num_leaves': 212, 'learning_rate': 0.05991080435632039, 'feature_fraction': 0.5755580464501414, 'bagging_fraction': 0.7968210325136929, 'bagging_freq': 3, 'min_child_samples': 17}. Best is trial 15 with value: 1.0.
[I 2025-09-17 13:17:39,207] Trial 42 finished with value: 0.9882352941176471 and parameters: {'num_leaves': 185, 'learning_rate': 0.035824359019843044, 'feature_fraction': 0.5466615660559496, 'bagging_fraction': 0.8613820189069723, 'bagging_freq': 3, 'min_child_samples': 9}. Best is trial 15 with value: 1.0.
[I 2025-09-17 13:17:39,244] Trial 43 finished with value: 0.996078431372549 and parameters: {'num_leaves': 212, 'learning_rate': 0.056448888974284905, 'feature_fraction': 0.49964357256799896, 'bagging_fraction': 0.9244418226168069, 'bagging_freq': 2, 'min_child_samples': 25}. Best is trial 15 with value: 1.0.
[I 2025-09-17 13:17:39,302] Trial 44 finished with value: 0.9882352941176471 and parameters: {'num_leaves': 228, 'learning_rate': 0.09852691397383972, 'feature_fraction': 0.5672753833075602, 'bagging_fraction': 0.793949066977543, 'bagging_freq': 4, 'min_child_samples': 15}. Best is trial 15 with value: 1.0.
[I 2025-09-17 13:17:39,340] Trial 45 finished with value: 0.9882352941176471 and parameters: {'num_leaves': 198, 'learning_rate': 0.12815641430877844, 'feature_fraction': 0.5885160882305818, 'bagging_fraction': 0.8183756822659553, 'bagging_freq': 3, 'min_child_samples': 20}. Best is trial 15 with value: 1.0.
[I 2025-09-17 13:17:39,351] Trial 46 finished with value: 0.5 and parameters: {'num_leaves': 253, 'learning_rate': 0.05027804099199541, 'feature_fraction': 0.6203989179959006, 'bagging_fraction': 0.889192064191853, 'bagging_freq': 1, 'min_child_samples': 71}. Best is trial 15 with value: 1.0.
[I 2025-09-17 13:17:39,455] Trial 47 finished with value: 0.9843137254901961 and parameters: {'num_leaves': 282, 'learning_rate': 0.10039752042051493, 'feature_fraction': 0.5384707138734093, 'bagging_fraction': 0.726182525969646, 'bagging_freq': 2, 'min_child_samples': 8}. Best is trial 15 with value: 1.0.
[I 2025-09-17 13:17:39,468] Trial 48 finished with value: 0.5 and parameters: {'num_leaves': 300, 'learning_rate': 0.035551000106331436, 'feature_fraction': 0.46237531881532173, 'bagging_fraction': 0.5964463903346052, 'bagging_freq': 3, 'min_child_samples': 86}. Best is trial 15 with value: 1.0.
[I 2025-09-17 13:17:39,503] Trial 49 finished with value: 0.996078431372549 and parameters: {'num_leaves': 126, 'learning_rate': 0.14968645186423205, 'feature_fraction': 0.5072332107742077, 'bagging_fraction': 0.652543231249106, 'bagging_freq': 4, 'min_child_samples': 23}. Best is trial 15 with value: 1.0.
[I 2025-09-17 13:17:40,004] A new study created in memory with name: no-name-9d5c91fa-960f-447d-8e6e-9389fac2212f
[I 2025-09-17 13:17:40,012] Trial 0 finished with value: 0.5 and parameters: {'num_leaves': 298, 'learning_rate': 0.2855919070894398, 'feature_fraction': 0.9517061859468874, 'bagging_fraction': 0.481454487852868, 'bagging_freq': 1, 'min_child_samples': 48}. Best is trial 0 with value: 0.5.
[I 2025-09-17 13:17:40,020] Trial 1 finished with value: 0.5 and parameters: {'num_leaves': 267, 'learning_rate': 0.14601685315172697, 'feature_fraction': 0.9317930006504057, 'bagging_fraction': 0.4191431505696438, 'bagging_freq': 5, 'min_child_samples': 74}. Best is trial 0 with value: 0.5.
[I 2025-09-17 13:17:40,027] Trial 2 finished with value: 0.5 and parameters: {'num_leaves': 257, 'learning_rate': 0.1830011580151236, 'feature_fraction': 0.7632963068976821, 'bagging_fraction': 0.8745509707640873, 'bagging_freq': 5, 'min_child_samples': 83}. Best is trial 0 with value: 0.5.
[I 2025-09-17 13:17:40,035] Trial 3 finished with value: 0.5 and parameters: {'num_leaves': 101, 'learning_rate': 0.08763707323631563, 'feature_fraction': 0.5943165628162266, 'bagging_fraction': 0.9207571485938886, 'bagging_freq': 7, 'min_child_samples': 62}. Best is trial 0 with value: 0.5.
[I 2025-09-17 13:17:40,042] Trial 4 finished with value: 0.5 and parameters: {'num_leaves': 18, 'learning_rate': 0.09193381839605261, 'feature_fraction': 0.6433394534972033, 'bagging_fraction': 0.6464122309129603, 'bagging_freq': 4, 'min_child_samples': 89}. Best is trial 0 with value: 0.5.
[I 2025-09-17 13:17:40,091] Trial 5 finished with value: 0.9686274509803923 and parameters: {'num_leaves': 171, 'learning_rate': 0.021046954082134757, 'feature_fraction': 0.8103706887174862, 'bagging_fraction': 0.5333984305741571, 'bagging_freq': 4, 'min_child_samples': 10}. Best is trial 5 with value: 0.9686274509803923.
[I 2025-09-17 13:17:40,145] Trial 6 finished with value: 0.9607843137254903 and parameters: {'num_leaves': 252, 'learning_rate': 0.17714805025601307, 'feature_fraction': 0.5324440866539819, 'bagging_fraction': 0.7167169085835078, 'bagging_freq': 4, 'min_child_samples': 14}. Best is trial 5 with value: 0.9686274509803923.
[I 2025-09-17 13:17:40,153] Trial 7 finished with value: 0.5 and parameters: {'num_leaves': 262, 'learning_rate': 0.2386272349650996, 'feature_fraction': 0.7017277271521973, 'bagging_fraction': 0.4343666921715571, 'bagging_freq': 6, 'min_child_samples': 56}. Best is trial 5 with value: 0.9686274509803923.
[I 2025-09-17 13:17:40,212] Trial 8 finished with value: 0.9803921568627452 and parameters: {'num_leaves': 296, 'learning_rate': 0.23780053473182566, 'feature_fraction': 0.869929731073445, 'bagging_fraction': 0.653721895157749, 'bagging_freq': 3, 'min_child_samples': 12}. Best is trial 8 with value: 0.9803921568627452.
[I 2025-09-17 13:17:40,221] Trial 9 finished with value: 0.5 and parameters: {'num_leaves': 132, 'learning_rate': 0.038107885834819964, 'feature_fraction': 0.4958574169991419, 'bagging_fraction': 0.4310371551249871, 'bagging_freq': 4, 'min_child_samples': 88}. Best is trial 8 with value: 0.9803921568627452.
[I 2025-09-17 13:17:40,244] Trial 10 finished with value: 0.9686274509803922 and parameters: {'num_leaves': 192, 'learning_rate': 0.29319482923928186, 'feature_fraction': 0.8692462212755778, 'bagging_fraction': 0.7465532105537502, 'bagging_freq': 2, 'min_child_samples': 32}. Best is trial 8 with value: 0.9803921568627452.
[I 2025-09-17 13:17:40,339] Trial 11 finished with value: 0.9686274509803923 and parameters: {'num_leaves': 188, 'learning_rate': 0.029970579154996346, 'feature_fraction': 0.8035255014947276, 'bagging_fraction': 0.5833256754055081, 'bagging_freq': 2, 'min_child_samples': 6}. Best is trial 8 with value: 0.9803921568627452.
[I 2025-09-17 13:17:40,367] Trial 12 finished with value: 0.9647058823529413 and parameters: {'num_leaves': 69, 'learning_rate': 0.22927279511503762, 'feature_fraction': 0.7983149779454256, 'bagging_fraction': 0.5416231916112189, 'bagging_freq': 3, 'min_child_samples': 26}. Best is trial 8 with value: 0.9803921568627452.
[I 2025-09-17 13:17:40,398] Trial 13 finished with value: 0.9254901960784314 and parameters: {'num_leaves': 201, 'learning_rate': 0.11326385264387322, 'feature_fraction': 0.9889030879155251, 'bagging_fraction': 0.8080394560093003, 'bagging_freq': 3, 'min_child_samples': 28}. Best is trial 8 with value: 0.9803921568627452.
[I 2025-09-17 13:17:40,493] Trial 14 finished with value: 0.9686274509803923 and parameters: {'num_leaves': 147, 'learning_rate': 0.22069608592854592, 'feature_fraction': 0.8472612764197976, 'bagging_fraction': 0.6125062129135666, 'bagging_freq': 3, 'min_child_samples': 5}. Best is trial 8 with value: 0.9803921568627452.
[I 2025-09-17 13:17:40,510] Trial 15 finished with value: 0.5 and parameters: {'num_leaves': 225, 'learning_rate': 0.05508652194662905, 'feature_fraction': 0.7288124319291427, 'bagging_fraction': 0.5293024846107041, 'bagging_freq': 5, 'min_child_samples': 41}. Best is trial 8 with value: 0.9803921568627452.
[I 2025-09-17 13:17:40,562] Trial 16 finished with value: 0.9490196078431373 and parameters: {'num_leaves': 64, 'learning_rate': 0.1362882130751157, 'feature_fraction': 0.41588057112742266, 'bagging_fraction': 0.6407979890924569, 'bagging_freq': 1, 'min_child_samples': 16}. Best is trial 8 with value: 0.9803921568627452.
[I 2025-09-17 13:17:40,575] Trial 17 finished with value: 0.5 and parameters: {'num_leaves': 294, 'learning_rate': 0.012675544779398354, 'feature_fraction': 0.8901423240865532, 'bagging_fraction': 0.794613060133143, 'bagging_freq': 2, 'min_child_samples': 100}. Best is trial 8 with value: 0.9803921568627452.
[I 2025-09-17 13:17:40,610] Trial 18 finished with value: 0.9764705882352941 and parameters: {'num_leaves': 167, 'learning_rate': 0.2635888290991146, 'feature_fraction': 0.6515298913733676, 'bagging_fraction': 0.6911975134066243, 'bagging_freq': 6, 'min_child_samples': 20}. Best is trial 8 with value: 0.9803921568627452.
[I 2025-09-17 13:17:40,658] Trial 19 finished with value: 0.9803921568627452 and parameters: {'num_leaves': 117, 'learning_rate': 0.25936366996420496, 'feature_fraction': 0.6584116681429429, 'bagging_fraction': 0.975948946387506, 'bagging_freq': 7, 'min_child_samples': 21}. Best is trial 8 with value: 0.9803921568627452.
[I 2025-09-17 13:17:40,683] Trial 20 finished with value: 0.9529411764705883 and parameters: {'num_leaves': 117, 'learning_rate': 0.19906605090117796, 'feature_fraction': 0.6460845089392924, 'bagging_fraction': 0.9857722408767453, 'bagging_freq': 7, 'min_child_samples': 38}. Best is trial 8 with value: 0.9803921568627452.
[I 2025-09-17 13:17:40,721] Trial 21 finished with value: 0.9529411764705883 and parameters: {'num_leaves': 82, 'learning_rate': 0.26222095518507843, 'feature_fraction': 0.5975389261979321, 'bagging_fraction': 0.6807049707004439, 'bagging_freq': 6, 'min_child_samples': 23}. Best is trial 8 with value: 0.9803921568627452.
[I 2025-09-17 13:17:40,764] Trial 22 finished with value: 0.9686274509803923 and parameters: {'num_leaves': 41, 'learning_rate': 0.25418688608143325, 'feature_fraction': 0.668975862585618, 'bagging_fraction': 0.7762365259733432, 'bagging_freq': 6, 'min_child_samples': 20}. Best is trial 8 with value: 0.9803921568627452.
[I 2025-09-17 13:17:40,789] Trial 23 finished with value: 0.9450980392156862 and parameters: {'num_leaves': 223, 'learning_rate': 0.27121756174014133, 'feature_fraction': 0.5736882232989686, 'bagging_fraction': 0.8537083636108731, 'bagging_freq': 7, 'min_child_samples': 37}. Best is trial 8 with value: 0.9803921568627452.
