[I 2025-09-17 13:18:22,324] Trial 45 finished with value: 0.9375 and parameters: {'num_leaves': 59, 'learning_rate': 0.22396083964746255, 'feature_fraction': 0.7166833159354364, 'bagging_fraction': 0.7714714379634936, 'bagging_freq': 6, 'min_child_samples': 5}. Best is trial 41 with value: 0.9598214285714286.
[I 2025-09-17 13:18:22,367] Trial 46 finished with value: 0.9017857142857143 and parameters: {'num_leaves': 242, 'learning_rate': 0.16614669114446806, 'feature_fraction': 0.8019337274287562, 'bagging_fraction': 0.8365541086012195, 'bagging_freq': 6, 'min_child_samples': 18}. Best is trial 41 with value: 0.9598214285714286.
[I 2025-09-17 13:18:22,432] Trial 47 finished with value: 0.9330357142857142 and parameters: {'num_leaves': 32, 'learning_rate': 0.1343638490321677, 'feature_fraction': 0.40567202166784366, 'bagging_fraction': 0.8776587688170201, 'bagging_freq': 7, 'min_child_samples': 11}. Best is trial 41 with value: 0.9598214285714286.
[I 2025-09-17 13:18:22,465] Trial 48 finished with value: 0.8973214285714286 and parameters: {'num_leaves': 127, 'learning_rate': 0.2426868879095132, 'feature_fraction': 0.5368837650564284, 'bagging_fraction': 0.8174789570397208, 'bagging_freq': 5, 'min_child_samples': 22}. Best is trial 41 with value: 0.9598214285714286.
[I 2025-09-17 13:18:22,512] Trial 49 finished with value: 0.9598214285714286 and parameters: {'num_leaves': 101, 'learning_rate': 0.18501872633828553, 'feature_fraction': 0.5807197560627821, 'bagging_fraction': 0.7890388409391373, 'bagging_freq': 3, 'min_child_samples': 14}. Best is trial 41 with value: 0.9598214285714286.
[I 2025-09-17 13:18:22,841] A new study created in memory with name: no-name-db389b5d-12d8-4f5b-b962-0488d9dca644
[I 2025-09-17 13:18:22,860] Trial 0 finished with value: 0.8482142857142857 and parameters: {'num_leaves': 225, 'learning_rate': 0.2709031002531561, 'feature_fraction': 0.6658313977134509, 'bagging_fraction': 0.8411443675981165, 'bagging_freq': 4, 'min_child_samples': 40}. Best is trial 0 with value: 0.8482142857142857.
[I 2025-09-17 13:18:22,881] Trial 1 finished with value: 0.8392857142857143 and parameters: {'num_leaves': 250, 'learning_rate': 0.12266100031264113, 'feature_fraction': 0.9151736924394175, 'bagging_fraction': 0.8223631930315182, 'bagging_freq': 7, 'min_child_samples': 31}. Best is trial 0 with value: 0.8482142857142857.
[I 2025-09-17 13:18:22,919] Trial 2 finished with value: 0.9151785714285714 and parameters: {'num_leaves': 297, 'learning_rate': 0.1135905590825031, 'feature_fraction': 0.6098347465452085, 'bagging_fraction': 0.9278337178084709, 'bagging_freq': 6, 'min_child_samples': 16}. Best is trial 2 with value: 0.9151785714285714.
[I 2025-09-17 13:18:22,926] Trial 3 finished with value: 0.5 and parameters: {'num_leaves': 276, 'learning_rate': 0.186134264604671, 'feature_fraction': 0.8435937530314487, 'bagging_fraction': 0.5177984235322539, 'bagging_freq': 6, 'min_child_samples': 92}. Best is trial 2 with value: 0.9151785714285714.
[I 2025-09-17 13:18:22,964] Trial 4 finished with value: 0.8928571428571429 and parameters: {'num_leaves': 120, 'learning_rate': 0.12454677830489912, 'feature_fraction': 0.7340907460687243, 'bagging_fraction': 0.577827682628318, 'bagging_freq': 7, 'min_child_samples': 10}. Best is trial 2 with value: 0.9151785714285714.
[I 2025-09-17 13:18:22,973] Trial 5 finished with value: 0.5 and parameters: {'num_leaves': 191, 'learning_rate': 0.18662781132149703, 'feature_fraction': 0.7563324481628928, 'bagging_fraction': 0.753483214874391, 'bagging_freq': 4, 'min_child_samples': 80}. Best is trial 2 with value: 0.9151785714285714.
[I 2025-09-17 13:18:22,994] Trial 6 finished with value: 0.8125 and parameters: {'num_leaves': 127, 'learning_rate': 0.2990461539723173, 'feature_fraction': 0.4576786388690312, 'bagging_fraction': 0.8879511286907319, 'bagging_freq': 2, 'min_child_samples': 36}. Best is trial 2 with value: 0.9151785714285714.
[I 2025-09-17 13:18:23,006] Trial 7 finished with value: 0.5 and parameters: {'num_leaves': 120, 'learning_rate': 0.19614248984803376, 'feature_fraction': 0.41028700668186807, 'bagging_fraction': 0.5282951770449534, 'bagging_freq': 3, 'min_child_samples': 73}. Best is trial 2 with value: 0.9151785714285714.
[I 2025-09-17 13:18:23,020] Trial 8 finished with value: 0.5 and parameters: {'num_leaves': 227, 'learning_rate': 0.011320532441614019, 'feature_fraction': 0.7791656899721018, 'bagging_fraction': 0.652528417174818, 'bagging_freq': 3, 'min_child_samples': 48}. Best is trial 2 with value: 0.9151785714285714.
[I 2025-09-17 13:18:23,040] Trial 9 finished with value: 0.875 and parameters: {'num_leaves': 233, 'learning_rate': 0.2932979989975595, 'feature_fraction': 0.7189343319139913, 'bagging_fraction': 0.6633757329958743, 'bagging_freq': 3, 'min_child_samples': 33}. Best is trial 2 with value: 0.9151785714285714.
[I 2025-09-17 13:18:23,192] Trial 10 finished with value: 0.9151785714285714 and parameters: {'num_leaves': 43, 'learning_rate': 0.03236084124224871, 'feature_fraction': 0.5703154565638537, 'bagging_fraction': 0.9884686527074609, 'bagging_freq': 6, 'min_child_samples': 6}. Best is trial 2 with value: 0.9151785714285714.
Early stopping, best iteration is:
[1]	valid_0's binary_logloss: 0.691035
Training until validation scores don't improve for 50 rounds
Early stopping, best iteration is:
[7]	valid_0's binary_logloss: 0.691035
Training until validation scores don't improve for 50 rounds
Did not meet early stopping. Best iteration is:
[83]	valid_0's binary_logloss: 0.351851
Training until validation scores don't improve for 50 rounds
Did not meet early stopping. Best iteration is:
[100]	valid_0's binary_logloss: 0.471825
Training until validation scores don't improve for 50 rounds
Did not meet early stopping. Best iteration is:
[82]	valid_0's binary_logloss: 0.473122
Training until validation scores don't improve for 50 rounds
Early stopping, best iteration is:
[33]	valid_0's binary_logloss: 0.691035
Training until validation scores don't improve for 50 rounds
Early stopping, best iteration is:
[20]	valid_0's binary_logloss: 0.691035
Training until validation scores don't improve for 50 rounds
Did not meet early stopping. Best iteration is:
[53]	valid_0's binary_logloss: 0.415547
Training until validation scores don't improve for 50 rounds
Early stopping, best iteration is:
[27]	valid_0's binary_logloss: 0.502404
Training until validation scores don't improve for 50 rounds
Did not meet early stopping. Best iteration is:
[68]	valid_0's binary_logloss: 0.304223
Training until validation scores don't improve for 50 rounds
Did not meet early stopping. Best iteration is:
[69]	valid_0's binary_logloss: 0.410021
Training until validation scores don't improve for 50 rounds
Early stopping, best iteration is:
[47]	valid_0's binary_logloss: 0.353345
Training until validation scores don't improve for 50 rounds
Early stopping, best iteration is:
[49]	valid_0's binary_logloss: 0.367767
Training until validation scores don't improve for 50 rounds
Early stopping, best iteration is:
[49]	valid_0's binary_logloss: 0.664008
Training until validation scores don't improve for 50 rounds
Early stopping, best iteration is:
[2]	valid_0's binary_logloss: 0.691035
Training until validation scores don't improve for 50 rounds
Early stopping, best iteration is:
[32]	valid_0's binary_logloss: 0.356652
Training until validation scores don't improve for 50 rounds
Early stopping, best iteration is:
[49]	valid_0's binary_logloss: 0.543383
Training until validation scores don't improve for 50 rounds
Early stopping, best iteration is:
[5]	valid_0's binary_logloss: 0.691035
Training until validation scores don't improve for 50 rounds
Early stopping, best iteration is:
[42]	valid_0's binary_logloss: 0.362626
Training until validation scores don't improve for 50 rounds
Did not meet early stopping. Best iteration is:
[80]	valid_0's binary_logloss: 0.437462
Training until validation scores don't improve for 50 rounds
Early stopping, best iteration is:
[12]	valid_0's binary_logloss: 0.360671
Training until validation scores don't improve for 50 rounds
Early stopping, best iteration is:
[43]	valid_0's binary_logloss: 0.274934
Training until validation scores don't improve for 50 rounds
Did not meet early stopping. Best iteration is:
[100]	valid_0's binary_logloss: 0.328317
Training until validation scores don't improve for 50 rounds
Did not meet early stopping. Best iteration is:
[99]	valid_0's binary_logloss: 0.49647
Training until validation scores don't improve for 50 rounds
Did not meet early stopping. Best iteration is:
[100]	valid_0's binary_logloss: 0.447954
Training until validation scores don't improve for 50 rounds
Did not meet early stopping. Best iteration is:
[56]	valid_0's binary_logloss: 0.399259
Training until validation scores don't improve for 50 rounds
Did not meet early stopping. Best iteration is:
[79]	valid_0's binary_logloss: 0.484007
Training until validation scores don't improve for 50 rounds
Did not meet early stopping. Best iteration is:
[79]	valid_0's binary_logloss: 0.431628
Training until validation scores don't improve for 50 rounds
Early stopping, best iteration is:
[50]	valid_0's binary_logloss: 0.372286
Training until validation scores don't improve for 50 rounds
Early stopping, best iteration is:
[25]	valid_0's binary_logloss: 0.365659
Training until validation scores don't improve for 50 rounds
Early stopping, best iteration is:
[47]	valid_0's binary_logloss: 0.344871
Training until validation scores don't improve for 50 rounds
Did not meet early stopping. Best iteration is:
[96]	valid_0's binary_logloss: 0.528454
Training until validation scores don't improve for 50 rounds
Did not meet early stopping. Best iteration is:
[100]	valid_0's binary_logloss: 0.435525
Training until validation scores don't improve for 50 rounds
Early stopping, best iteration is:
[17]	valid_0's binary_logloss: 0.691035
Training until validation scores don't improve for 50 rounds
Did not meet early stopping. Best iteration is:
[57]	valid_0's binary_logloss: 0.336721
Training until validation scores don't improve for 50 rounds
Did not meet early stopping. Best iteration is:
[80]	valid_0's binary_logloss: 0.404062
Training until validation scores don't improve for 50 rounds
Early stopping, best iteration is:
[7]	valid_0's binary_logloss: 0.691035
Training until validation scores don't improve for 50 rounds
Did not meet early stopping. Best iteration is:
[100]	valid_0's binary_logloss: 0.525341
Training until validation scores don't improve for 50 rounds
Early stopping, best iteration is:
[29]	valid_0's binary_logloss: 0.332429
Training until validation scores don't improve for 50 rounds
Early stopping, best iteration is:
[10]	valid_0's binary_logloss: 0.410244
Training until validation scores don't improve for 50 rounds
Did not meet early stopping. Best iteration is:
[95]	valid_0's binary_logloss: 0.303539
Training until validation scores don't improve for 50 rounds
Early stopping, best iteration is:
[12]	valid_0's binary_logloss: 0.407676
Training until validation scores don't improve for 50 rounds
Early stopping, best iteration is:
[21]	valid_0's binary_logloss: 0.324856
Training until validation scores don't improve for 50 rounds
Early stopping, best iteration is:
[49]	valid_0's binary_logloss: 0.38497
Training until validation scores don't improve for 50 rounds
Early stopping, best iteration is:
[32]	valid_0's binary_logloss: 0.318689
Training until validation scores don't improve for 50 rounds
Did not meet early stopping. Best iteration is:
[62]	valid_0's binary_logloss: 0.385762
Training until validation scores don't improve for 50 rounds
Early stopping, best iteration is:
[23]	valid_0's binary_logloss: 0.330259
Training until validation scores don't improve for 50 rounds
Did not meet early stopping. Best iteration is:
[100]	valid_0's binary_logloss: 0.479977
Training until validation scores don't improve for 50 rounds
Did not meet early stopping. Best iteration is:
[90]	valid_0's binary_logloss: 0.498223
Training until validation scores don't improve for 50 rounds
Early stopping, best iteration is:
[22]	valid_0's binary_logloss: 0.402926
Training until validation scores don't improve for 50 rounds
Early stopping, best iteration is:
[1]	valid_0's binary_logloss: 0.691035
Training until validation scores don't improve for 50 rounds
Early stopping, best iteration is:
[25]	valid_0's binary_logloss: 0.402375
Training until validation scores don't improve for 50 rounds
Early stopping, best iteration is:
[24]	valid_0's binary_logloss: 0.691035
Training until validation scores don't improve for 50 rounds
Did not meet early stopping. Best iteration is:
[70]	valid_0's binary_logloss: 0.524541
Training until validation scores don't improve for 50 rounds
Early stopping, best iteration is:
[38]	valid_0's binary_logloss: 0.691035
Training until validation scores don't improve for 50 rounds
Early stopping, best iteration is:
[50]	valid_0's binary_logloss: 0.691035
Training until validation scores don't improve for 50 rounds
Did not meet early stopping. Best iteration is:
[63]	valid_0's binary_logloss: 0.477123
Training until validation scores don't improve for 50 rounds
Did not meet early stopping. Best iteration is:
[64]	valid_0's binary_logloss: 0.344802
[I 2025-09-17 13:18:23,369] Trial 11 finished with value: 0.9330357142857143 and parameters: {'num_leaves': 21, 'learning_rate': 0.03407425131437958, 'feature_fraction': 0.5946292855735964, 'bagging_fraction': 0.9977663137911121, 'bagging_freq': 6, 'min_child_samples': 6}. Best is trial 11 with value: 0.9330357142857143.
[I 2025-09-17 13:18:23,410] Trial 12 finished with value: 0.8616071428571428 and parameters: {'num_leaves': 16, 'learning_rate': 0.0671515451385587, 'feature_fraction': 0.5801672917796893, 'bagging_fraction': 0.9981390507298915, 'bagging_freq': 5, 'min_child_samples': 19}. Best is trial 11 with value: 0.9330357142857143.
[I 2025-09-17 13:18:23,457] Trial 13 finished with value: 0.90625 and parameters: {'num_leaves': 76, 'learning_rate': 0.07825092582934001, 'feature_fraction': 0.5665901799324472, 'bagging_fraction': 0.9339957911313397, 'bagging_freq': 6, 'min_child_samples': 18}. Best is trial 11 with value: 0.9330357142857143.
[I 2025-09-17 13:18:23,473] Trial 14 finished with value: 0.5 and parameters: {'num_leaves': 179, 'learning_rate': 0.06910051461224816, 'feature_fraction': 0.6333220697664111, 'bagging_fraction': 0.774192493578055, 'bagging_freq': 5, 'min_child_samples': 55}. Best is trial 11 with value: 0.9330357142857143.
[I 2025-09-17 13:18:23,511] Trial 15 finished with value: 0.8883928571428571 and parameters: {'num_leaves': 76, 'learning_rate': 0.1203855012374066, 'feature_fraction': 0.4895526418033574, 'bagging_fraction': 0.9153920959658827, 'bagging_freq': 1, 'min_child_samples': 22}. Best is trial 11 with value: 0.9330357142857143.
[I 2025-09-17 13:18:23,526] Trial 16 finished with value: 0.5 and parameters: {'num_leaves': 298, 'learning_rate': 0.03817153723315439, 'feature_fraction': 0.9803539981877452, 'bagging_fraction': 0.42645676018578216, 'bagging_freq': 5, 'min_child_samples': 61}. Best is trial 11 with value: 0.9330357142857143.
[I 2025-09-17 13:18:23,646] Trial 17 finished with value: 0.9107142857142856 and parameters: {'num_leaves': 155, 'learning_rate': 0.0903286224080817, 'feature_fraction': 0.6282506649321824, 'bagging_fraction': 0.9391852978310052, 'bagging_freq': 7, 'min_child_samples': 5}. Best is trial 11 with value: 0.9330357142857143.
[I 2025-09-17 13:18:23,674] Trial 18 finished with value: 0.9062500000000001 and parameters: {'num_leaves': 79, 'learning_rate': 0.23014855816819918, 'feature_fraction': 0.5147131585117599, 'bagging_fraction': 0.8424522974598048, 'bagging_freq': 6, 'min_child_samples': 24}. Best is trial 11 with value: 0.9330357142857143.
[I 2025-09-17 13:18:23,711] Trial 19 finished with value: 0.8973214285714285 and parameters: {'num_leaves': 18, 'learning_rate': 0.15319071974971543, 'feature_fraction': 0.832465738525694, 'bagging_fraction': 0.7644217004020017, 'bagging_freq': 5, 'min_child_samples': 14}. Best is trial 11 with value: 0.9330357142857143.
[I 2025-09-17 13:18:23,732] Trial 20 finished with value: 0.7723214285714286 and parameters: {'num_leaves': 194, 'learning_rate': 0.1050164143856584, 'feature_fraction': 0.656921501709768, 'bagging_fraction': 0.9985523165280437, 'bagging_freq': 4, 'min_child_samples': 45}. Best is trial 11 with value: 0.9330357142857143.
[I 2025-09-17 13:18:23,885] Trial 21 finished with value: 0.9151785714285714 and parameters: {'num_leaves': 42, 'learning_rate': 0.011327071450643954, 'feature_fraction': 0.5757969561501611, 'bagging_fraction': 0.9693842613469574, 'bagging_freq': 6, 'min_child_samples': 6}. Best is trial 11 with value: 0.9330357142857143.
[I 2025-09-17 13:18:23,921] Trial 22 finished with value: 0.8660714285714286 and parameters: {'num_leaves': 43, 'learning_rate': 0.0418069329951425, 'feature_fraction': 0.512954985442243, 'bagging_fraction': 0.8860371851899899, 'bagging_freq': 6, 'min_child_samples': 27}. Best is trial 11 with value: 0.9330357142857143.
[I 2025-09-17 13:18:23,990] Trial 23 finished with value: 0.8973214285714285 and parameters: {'num_leaves': 47, 'learning_rate': 0.043273107699142145, 'feature_fraction': 0.5798657513487688, 'bagging_fraction': 0.9542277181258166, 'bagging_freq': 7, 'min_child_samples': 14}. Best is trial 11 with value: 0.9330357142857143.
[I 2025-09-17 13:18:24,125] Trial 24 finished with value: 0.9107142857142857 and parameters: {'num_leaves': 95, 'learning_rate': 0.04572989561735444, 'feature_fraction': 0.6933190619933286, 'bagging_fraction': 0.8715627301557136, 'bagging_freq': 6, 'min_child_samples': 5}. Best is trial 11 with value: 0.9330357142857143.
[I 2025-09-17 13:18:24,171] Trial 25 finished with value: 0.9017857142857142 and parameters: {'num_leaves': 10, 'learning_rate': 0.15737467613572406, 'feature_fraction': 0.5464044483090217, 'bagging_fraction': 0.9992499231787044, 'bagging_freq': 5, 'min_child_samples': 16}. Best is trial 11 with value: 0.9330357142857143.
[I 2025-09-17 13:18:24,202] Trial 26 finished with value: 0.8839285714285714 and parameters: {'num_leaves': 152, 'learning_rate': 0.09610209002150012, 'feature_fraction': 0.6106294194490682, 'bagging_fraction': 0.9149099057749777, 'bagging_freq': 7, 'min_child_samples': 25}. Best is trial 11 with value: 0.9330357142857143.
[I 2025-09-17 13:18:24,260] Trial 27 finished with value: 0.90625 and parameters: {'num_leaves': 51, 'learning_rate': 0.14949254089483613, 'feature_fraction': 0.43906149822704355, 'bagging_fraction': 0.8078255102228751, 'bagging_freq': 6, 'min_child_samples': 11}. Best is trial 11 with value: 0.9330357142857143.
[I 2025-09-17 13:18:24,271] Trial 28 finished with value: 0.5 and parameters: {'num_leaves': 101, 'learning_rate': 0.025729366791573855, 'feature_fraction': 0.6771327191772708, 'bagging_fraction': 0.9627420263730593, 'bagging_freq': 4, 'min_child_samples': 68}. Best is trial 11 with value: 0.9330357142857143.
[I 2025-09-17 13:18:24,283] Trial 29 finished with value: 0.5 and parameters: {'num_leaves': 253, 'learning_rate': 0.059552081373979715, 'feature_fraction': 0.5278835722682881, 'bagging_fraction': 0.8547010929386077, 'bagging_freq': 5, 'min_child_samples': 98}. Best is trial 11 with value: 0.9330357142857143.
[I 2025-09-17 13:18:24,300] Trial 30 finished with value: 0.765625 and parameters: {'num_leaves': 60, 'learning_rate': 0.22415831968438543, 'feature_fraction': 0.6140161279828453, 'bagging_fraction': 0.7028813134534722, 'bagging_freq': 7, 'min_child_samples': 40}. Best is trial 11 with value: 0.9330357142857143.
[I 2025-09-17 13:18:24,479] Trial 31 finished with value: 0.9151785714285714 and parameters: {'num_leaves': 32, 'learning_rate': 0.017917055075250134, 'feature_fraction': 0.47872132619069063, 'bagging_fraction': 0.9649667427750479, 'bagging_freq': 6, 'min_child_samples': 5}. Best is trial 11 with value: 0.9330357142857143.
[I 2025-09-17 13:18:24,567] Trial 32 finished with value: 0.9241071428571428 and parameters: {'num_leaves': 29, 'learning_rate': 0.011572653185856128, 'feature_fraction': 0.5858691182303457, 'bagging_fraction': 0.9046220075983064, 'bagging_freq': 6, 'min_child_samples': 10}. Best is trial 11 with value: 0.9330357142857143.
[I 2025-09-17 13:18:24,630] Trial 33 finished with value: 0.9107142857142857 and parameters: {'num_leaves': 29, 'learning_rate': 0.058134390261627755, 'feature_fraction': 0.6471056613704598, 'bagging_fraction': 0.9168006159552214, 'bagging_freq': 7, 'min_child_samples': 12}. Best is trial 11 with value: 0.9330357142857143.
[I 2025-09-17 13:18:24,661] Trial 34 finished with value: 0.8303571428571428 and parameters: {'num_leaves': 67, 'learning_rate': 0.03373106046600442, 'feature_fraction': 0.5987217009345006, 'bagging_fraction': 0.8952952684877106, 'bagging_freq': 6, 'min_child_samples': 29}. Best is trial 11 with value: 0.9330357142857143.
[I 2025-09-17 13:18:24,699] Trial 35 finished with value: 0.8794642857142857 and parameters: {'num_leaves': 270, 'learning_rate': 0.07994805720152687, 'feature_fraction': 0.5426363623883075, 'bagging_fraction': 0.8113320340785725, 'bagging_freq': 5, 'min_child_samples': 21}. Best is trial 11 with value: 0.9330357142857143.
[I 2025-09-17 13:18:24,779] Trial 36 finished with value: 0.9196428571428572 and parameters: {'num_leaves': 104, 'learning_rate': 0.11172228944312929, 'feature_fraction': 0.6502975808931372, 'bagging_fraction': 0.9715071197068125, 'bagging_freq': 7, 'min_child_samples': 9}. Best is trial 11 with value: 0.9330357142857143.
[I 2025-09-17 13:18:24,804] Trial 37 finished with value: 0.8705357142857143 and parameters: {'num_leaves': 99, 'learning_rate': 0.13388511770189104, 'feature_fraction': 0.7708723121461751, 'bagging_fraction': 0.822684409577504, 'bagging_freq': 7, 'min_child_samples': 35}. Best is trial 11 with value: 0.9330357142857143.
