[I 2025-09-17 13:17:49,253] Trial 43 finished with value: 0.8095238095238095 and parameters: {'num_leaves': 36, 'learning_rate': 0.12703403602032087, 'feature_fraction': 0.7253946076913327, 'bagging_fraction': 0.6146490816739086, 'bagging_freq': 1, 'min_child_samples': 23}. Best is trial 25 with value: 0.9087301587301587.
[I 2025-09-17 13:17:49,277] Trial 44 finished with value: 0.8134920634920635 and parameters: {'num_leaves': 73, 'learning_rate': 0.070861294723515, 'feature_fraction': 0.7623178324365376, 'bagging_fraction': 0.775732510661673, 'bagging_freq': 6, 'min_child_samples': 37}. Best is trial 25 with value: 0.9087301587301587.
[I 2025-09-17 13:17:49,292] Trial 45 finished with value: 0.5 and parameters: {'num_leaves': 23, 'learning_rate': 0.10750117748139618, 'feature_fraction': 0.8955847439379168, 'bagging_fraction': 0.5050329901934805, 'bagging_freq': 2, 'min_child_samples': 47}. Best is trial 25 with value: 0.9087301587301587.
[I 2025-09-17 13:17:49,323] Trial 46 finished with value: 0.873015873015873 and parameters: {'num_leaves': 55, 'learning_rate': 0.14745794952866323, 'feature_fraction': 0.8266779176812604, 'bagging_fraction': 0.6332084559603646, 'bagging_freq': 5, 'min_child_samples': 19}. Best is trial 25 with value: 0.9087301587301587.
[I 2025-09-17 13:17:49,360] Trial 47 finished with value: 0.8253968253968254 and parameters: {'num_leaves': 92, 'learning_rate': 0.15019329161812636, 'feature_fraction': 0.8259579733531419, 'bagging_fraction': 0.7186156098002565, 'bagging_freq': 5, 'min_child_samples': 19}. Best is trial 25 with value: 0.9087301587301587.
[I 2025-09-17 13:17:49,404] Trial 48 finished with value: 0.7797619047619048 and parameters: {'num_leaves': 172, 'learning_rate': 0.28674464182677395, 'feature_fraction': 0.993579256149228, 'bagging_fraction': 0.6460971011802298, 'bagging_freq': 5, 'min_child_samples': 9}. Best is trial 25 with value: 0.9087301587301587.
[I 2025-09-17 13:17:49,438] Trial 49 finished with value: 0.8670634920634921 and parameters: {'num_leaves': 146, 'learning_rate': 0.2511335766730845, 'feature_fraction': 0.8756578889238071, 'bagging_fraction': 0.8192370499065902, 'bagging_freq': 4, 'min_child_samples': 17}. Best is trial 25 with value: 0.9087301587301587.
[I 2025-09-17 13:17:49,703] A new study created in memory with name: no-name-8bf22f27-4ca3-4dce-9d44-563b0300f699
[I 2025-09-17 13:17:49,710] Trial 0 finished with value: 0.5 and parameters: {'num_leaves': 170, 'learning_rate': 0.15080047029232402, 'feature_fraction': 0.731018079132733, 'bagging_fraction': 0.9674932555238188, 'bagging_freq': 7, 'min_child_samples': 91}. Best is trial 0 with value: 0.5.
[I 2025-09-17 13:17:49,717] Trial 1 finished with value: 0.5 and parameters: {'num_leaves': 263, 'learning_rate': 0.06706292779626623, 'feature_fraction': 0.5485939089947311, 'bagging_fraction': 0.43740000757646214, 'bagging_freq': 6, 'min_child_samples': 68}. Best is trial 0 with value: 0.5.
[I 2025-09-17 13:17:49,726] Trial 2 finished with value: 0.5 and parameters: {'num_leaves': 293, 'learning_rate': 0.19444862383166803, 'feature_fraction': 0.5627123922014774, 'bagging_fraction': 0.43123731222195777, 'bagging_freq': 5, 'min_child_samples': 50}. Best is trial 0 with value: 0.5.
[I 2025-09-17 13:17:49,732] Trial 3 finished with value: 0.5 and parameters: {'num_leaves': 206, 'learning_rate': 0.1243249250965808, 'feature_fraction': 0.7891407109498298, 'bagging_fraction': 0.7177843611118162, 'bagging_freq': 1, 'min_child_samples': 70}. Best is trial 0 with value: 0.5.
[I 2025-09-17 13:17:49,752] Trial 4 finished with value: 0.7202380952380952 and parameters: {'num_leaves': 175, 'learning_rate': 0.13505497434516092, 'feature_fraction': 0.7644779294208076, 'bagging_fraction': 0.9852611930070239, 'bagging_freq': 7, 'min_child_samples': 34}. Best is trial 4 with value: 0.7202380952380952.
[I 2025-09-17 13:17:49,771] Trial 5 finished with value: 0.6904761904761905 and parameters: {'num_leaves': 115, 'learning_rate': 0.19167226086087008, 'feature_fraction': 0.5305721580655333, 'bagging_fraction': 0.8787892923757954, 'bagging_freq': 4, 'min_child_samples': 34}. Best is trial 4 with value: 0.7202380952380952.
[I 2025-09-17 13:17:49,780] Trial 6 finished with value: 0.5 and parameters: {'num_leaves': 291, 'learning_rate': 0.12392117617520564, 'feature_fraction': 0.7029434759456847, 'bagging_fraction': 0.6593820400777398, 'bagging_freq': 5, 'min_child_samples': 59}. Best is trial 4 with value: 0.7202380952380952.
[I 2025-09-17 13:17:49,800] Trial 7 finished with value: 0.6587301587301587 and parameters: {'num_leaves': 291, 'learning_rate': 0.24808997905942845, 'feature_fraction': 0.8031953190378975, 'bagging_fraction': 0.48628825128796704, 'bagging_freq': 6, 'min_child_samples': 20}. Best is trial 4 with value: 0.7202380952380952.
[I 2025-09-17 13:17:49,814] Trial 8 finished with value: 0.7023809523809524 and parameters: {'num_leaves': 266, 'learning_rate': 0.10974977479958296, 'feature_fraction': 0.97335235610076, 'bagging_fraction': 0.832931867307279, 'bagging_freq': 3, 'min_child_samples': 56}. Best is trial 4 with value: 0.7202380952380952.
[I 2025-09-17 13:17:49,826] Trial 9 finished with value: 0.6904761904761905 and parameters: {'num_leaves': 89, 'learning_rate': 0.1781840247047802, 'feature_fraction': 0.9434233695760548, 'bagging_fraction': 0.7149761942486059, 'bagging_freq': 3, 'min_child_samples': 43}. Best is trial 4 with value: 0.7202380952380952.
Early stopping, best iteration is:
[22]	valid_0's binary_logloss: 0.685988
Training until validation scores don't improve for 50 rounds
Early stopping, best iteration is:
[18]	valid_0's binary_logloss: 0.685988
Training until validation scores don't improve for 50 rounds
Did not meet early stopping. Best iteration is:
[79]	valid_0's binary_logloss: 0.535038
Training until validation scores don't improve for 50 rounds
Early stopping, best iteration is:
[4]	valid_0's binary_logloss: 0.685988
Training until validation scores don't improve for 50 rounds
Did not meet early stopping. Best iteration is:
[95]	valid_0's binary_logloss: 0.578897
Training until validation scores don't improve for 50 rounds
Did not meet early stopping. Best iteration is:
[95]	valid_0's binary_logloss: 0.542625
Training until validation scores don't improve for 50 rounds
Early stopping, best iteration is:
[20]	valid_0's binary_logloss: 0.458847
Training until validation scores don't improve for 50 rounds
Early stopping, best iteration is:
[28]	valid_0's binary_logloss: 0.685988
Training until validation scores don't improve for 50 rounds
Early stopping, best iteration is:
[29]	valid_0's binary_logloss: 0.467734
Training until validation scores don't improve for 50 rounds
Early stopping, best iteration is:
[27]	valid_0's binary_logloss: 0.685988
Training until validation scores don't improve for 50 rounds
Early stopping, best iteration is:
[26]	valid_0's binary_logloss: 0.500404
Training until validation scores don't improve for 50 rounds
Early stopping, best iteration is:
[20]	valid_0's binary_logloss: 0.517714
Training until validation scores don't improve for 50 rounds
Early stopping, best iteration is:
[8]	valid_0's binary_logloss: 0.685988
Training until validation scores don't improve for 50 rounds
Early stopping, best iteration is:
[13]	valid_0's binary_logloss: 0.533655
Training until validation scores don't improve for 50 rounds
Early stopping, best iteration is:
[32]	valid_0's binary_logloss: 0.478299
Training until validation scores don't improve for 50 rounds
Early stopping, best iteration is:
[43]	valid_0's binary_logloss: 0.659817
Training until validation scores don't improve for 50 rounds
Did not meet early stopping. Best iteration is:
[100]	valid_0's binary_logloss: 0.574967
Training until validation scores don't improve for 50 rounds
Early stopping, best iteration is:
[13]	valid_0's binary_logloss: 0.685988
Training until validation scores don't improve for 50 rounds
Did not meet early stopping. Best iteration is:
[96]	valid_0's binary_logloss: 0.564028
Training until validation scores don't improve for 50 rounds
Did not meet early stopping. Best iteration is:
[85]	valid_0's binary_logloss: 0.598657
Training until validation scores don't improve for 50 rounds
Early stopping, best iteration is:
[38]	valid_0's binary_logloss: 0.524468
Training until validation scores don't improve for 50 rounds
Early stopping, best iteration is:
[35]	valid_0's binary_logloss: 0.463968
Training until validation scores don't improve for 50 rounds
Early stopping, best iteration is:
[29]	valid_0's binary_logloss: 0.52962
Training until validation scores don't improve for 50 rounds
Early stopping, best iteration is:
[23]	valid_0's binary_logloss: 0.527992
Training until validation scores don't improve for 50 rounds
Early stopping, best iteration is:
[31]	valid_0's binary_logloss: 0.441031
Training until validation scores don't improve for 50 rounds
Early stopping, best iteration is:
[38]	valid_0's binary_logloss: 0.503654
Training until validation scores don't improve for 50 rounds
Early stopping, best iteration is:
[20]	valid_0's binary_logloss: 0.514187
Training until validation scores don't improve for 50 rounds
Early stopping, best iteration is:
[16]	valid_0's binary_logloss: 0.584422
Training until validation scores don't improve for 50 rounds
Early stopping, best iteration is:
[15]	valid_0's binary_logloss: 0.522138
Training until validation scores don't improve for 50 rounds
Early stopping, best iteration is:
[16]	valid_0's binary_logloss: 0.685988
Training until validation scores don't improve for 50 rounds
Early stopping, best iteration is:
[34]	valid_0's binary_logloss: 0.4874
Training until validation scores don't improve for 50 rounds
Early stopping, best iteration is:
[34]	valid_0's binary_logloss: 0.489855
Training until validation scores don't improve for 50 rounds
Early stopping, best iteration is:
[11]	valid_0's binary_logloss: 0.554433
Training until validation scores don't improve for 50 rounds
Did not meet early stopping. Best iteration is:
[78]	valid_0's binary_logloss: 0.598723
Training until validation scores don't improve for 50 rounds
Early stopping, best iteration is:
[12]	valid_0's binary_logloss: 0.685988
Training until validation scores don't improve for 50 rounds
Early stopping, best iteration is:
[3]	valid_0's binary_logloss: 0.685988
Training until validation scores don't improve for 50 rounds
Early stopping, best iteration is:
[3]	valid_0's binary_logloss: 0.685988
Training until validation scores don't improve for 50 rounds
Did not meet early stopping. Best iteration is:
[81]	valid_0's binary_logloss: 0.508322
Training until validation scores don't improve for 50 rounds
Early stopping, best iteration is:
[16]	valid_0's binary_logloss: 0.533985
Training until validation scores don't improve for 50 rounds
Early stopping, best iteration is:
[28]	valid_0's binary_logloss: 0.525418
Training until validation scores don't improve for 50 rounds
Did not meet early stopping. Best iteration is:
[82]	valid_0's binary_logloss: 0.518636
Training until validation scores don't improve for 50 rounds
Did not meet early stopping. Best iteration is:
[97]	valid_0's binary_logloss: 0.529764
Training until validation scores don't improve for 50 rounds
Did not meet early stopping. Best iteration is:
[67]	valid_0's binary_logloss: 0.53649
Training until validation scores don't improve for 50 rounds
Did not meet early stopping. Best iteration is:
[99]	valid_0's binary_logloss: 0.536194
Training until validation scores don't improve for 50 rounds
Early stopping, best iteration is:
[29]	valid_0's binary_logloss: 0.685988
Training until validation scores don't improve for 50 rounds
Early stopping, best iteration is:
[26]	valid_0's binary_logloss: 0.495587
Training until validation scores don't improve for 50 rounds
Early stopping, best iteration is:
[29]	valid_0's binary_logloss: 0.512993
Training until validation scores don't improve for 50 rounds
Early stopping, best iteration is:
[2]	valid_0's binary_logloss: 0.596956
Training until validation scores don't improve for 50 rounds
Early stopping, best iteration is:
[8]	valid_0's binary_logloss: 0.504618
Training until validation scores don't improve for 50 rounds
Early stopping, best iteration is:
[1]	valid_0's binary_logloss: 0.685988
Training until validation scores don't improve for 50 rounds
Early stopping, best iteration is:
[1]	valid_0's binary_logloss: 0.685988
Training until validation scores don't improve for 50 rounds
Early stopping, best iteration is:
[5]	valid_0's binary_logloss: 0.685988
Training until validation scores don't improve for 50 rounds
Early stopping, best iteration is:
[20]	valid_0's binary_logloss: 0.685988
Training until validation scores don't improve for 50 rounds
Early stopping, best iteration is:
[27]	valid_0's binary_logloss: 0.608318
Training until validation scores don't improve for 50 rounds
Early stopping, best iteration is:
[27]	valid_0's binary_logloss: 0.613012
Training until validation scores don't improve for 50 rounds
Early stopping, best iteration is:
[10]	valid_0's binary_logloss: 0.685988
Training until validation scores don't improve for 50 rounds
Early stopping, best iteration is:
[32]	valid_0's binary_logloss: 0.650107
Training until validation scores don't improve for 50 rounds
Did not meet early stopping. Best iteration is:
[97]	valid_0's binary_logloss: 0.650309
Training until validation scores don't improve for 50 rounds
Early stopping, best iteration is:
[10]	valid_0's binary_logloss: 0.642478
Training until validation scores don't improve for 50 rounds
[I 2025-09-17 13:17:49,954] Trial 10 finished with value: 0.7341269841269842 and parameters: {'num_leaves': 42, 'learning_rate': 0.027862684006666277, 'feature_fraction': 0.8570400602348721, 'bagging_fraction': 0.9580930275543078, 'bagging_freq': 7, 'min_child_samples': 5}. Best is trial 10 with value: 0.7341269841269842.
[I 2025-09-17 13:17:50,044] Trial 11 finished with value: 0.6428571428571428 and parameters: {'num_leaves': 14, 'learning_rate': 0.01305477857985829, 'feature_fraction': 0.8687665083963164, 'bagging_fraction': 0.9986937403542749, 'bagging_freq': 7, 'min_child_samples': 10}. Best is trial 10 with value: 0.7341269841269842.
[I 2025-09-17 13:17:50,222] Trial 12 finished with value: 0.7341269841269842 and parameters: {'num_leaves': 20, 'learning_rate': 0.010229966682405583, 'feature_fraction': 0.4057843933039521, 'bagging_fraction': 0.867516760963948, 'bagging_freq': 7, 'min_child_samples': 5}. Best is trial 10 with value: 0.7341269841269842.
[I 2025-09-17 13:17:50,333] Trial 13 finished with value: 0.6904761904761905 and parameters: {'num_leaves': 10, 'learning_rate': 0.019378555988538236, 'feature_fraction': 0.40640350188747104, 'bagging_fraction': 0.8563313155617641, 'bagging_freq': 6, 'min_child_samples': 7}. Best is trial 10 with value: 0.7341269841269842.
[I 2025-09-17 13:17:50,385] Trial 14 finished with value: 0.6746031746031746 and parameters: {'num_leaves': 59, 'learning_rate': 0.05971687525161288, 'feature_fraction': 0.4098888358295398, 'bagging_fraction': 0.8030591125816468, 'bagging_freq': 1, 'min_child_samples': 18}. Best is trial 10 with value: 0.7341269841269842.
[I 2025-09-17 13:17:50,417] Trial 15 finished with value: 0.6369047619047619 and parameters: {'num_leaves': 45, 'learning_rate': 0.06322927592782368, 'feature_fraction': 0.6128104995117255, 'bagging_fraction': 0.904528685277938, 'bagging_freq': 5, 'min_child_samples': 25}. Best is trial 10 with value: 0.7341269841269842.
[I 2025-09-17 13:17:50,466] Trial 16 finished with value: 0.5357142857142857 and parameters: {'num_leaves': 120, 'learning_rate': 0.2945344989070097, 'feature_fraction': 0.8677625490494625, 'bagging_fraction': 0.6087566955020839, 'bagging_freq': 7, 'min_child_samples': 7}. Best is trial 10 with value: 0.7341269841269842.
[I 2025-09-17 13:17:50,485] Trial 17 finished with value: 0.5 and parameters: {'num_leaves': 69, 'learning_rate': 0.04069630698199238, 'feature_fraction': 0.6469565425562435, 'bagging_fraction': 0.9206686274894692, 'bagging_freq': 6, 'min_child_samples': 91}. Best is trial 10 with value: 0.7341269841269842.
[I 2025-09-17 13:17:50,506] Trial 18 finished with value: 0.6646825396825397 and parameters: {'num_leaves': 31, 'learning_rate': 0.09515585119177827, 'feature_fraction': 0.8780769984563106, 'bagging_fraction': 0.7861339174460109, 'bagging_freq': 3, 'min_child_samples': 30}. Best is trial 10 with value: 0.7341269841269842.
[I 2025-09-17 13:17:50,542] Trial 19 finished with value: 0.6746031746031745 and parameters: {'num_leaves': 97, 'learning_rate': 0.08592931145137275, 'feature_fraction': 0.49472405355185023, 'bagging_fraction': 0.5637248643095402, 'bagging_freq': 4, 'min_child_samples': 16}. Best is trial 10 with value: 0.7341269841269842.
[I 2025-09-17 13:17:50,567] Trial 20 finished with value: 0.6845238095238096 and parameters: {'num_leaves': 137, 'learning_rate': 0.0362498717966229, 'feature_fraction': 0.6548408844355904, 'bagging_fraction': 0.9312089686105786, 'bagging_freq': 2, 'min_child_samples': 40}. Best is trial 10 with value: 0.7341269841269842.
[I 2025-09-17 13:17:50,655] Trial 21 finished with value: 0.6984126984126984 and parameters: {'num_leaves': 188, 'learning_rate': 0.03674943114150869, 'feature_fraction': 0.7680855888550081, 'bagging_fraction': 0.9998372652311659, 'bagging_freq': 7, 'min_child_samples': 6}. Best is trial 10 with value: 0.7341269841269842.
[I 2025-09-17 13:17:50,675] Trial 22 finished with value: 0.7341269841269842 and parameters: {'num_leaves': 221, 'learning_rate': 0.25206437738630366, 'feature_fraction': 0.8413989708623889, 'bagging_fraction': 0.942078128036019, 'bagging_freq': 7, 'min_child_samples': 28}. Best is trial 10 with value: 0.7341269841269842.
[I 2025-09-17 13:17:50,714] Trial 23 finished with value: 0.7023809523809523 and parameters: {'num_leaves': 229, 'learning_rate': 0.2331653858282941, 'feature_fraction': 0.9090710026622413, 'bagging_fraction': 0.7620566659380863, 'bagging_freq': 6, 'min_child_samples': 16}. Best is trial 10 with value: 0.7341269841269842.
[I 2025-09-17 13:17:50,735] Trial 24 finished with value: 0.7123015873015874 and parameters: {'num_leaves': 230, 'learning_rate': 0.2890029048360811, 'feature_fraction': 0.8320935075659012, 'bagging_fraction': 0.9374613852193341, 'bagging_freq': 7, 'min_child_samples': 25}. Best is trial 10 with value: 0.7341269841269842.
[I 2025-09-17 13:17:50,771] Trial 25 finished with value: 0.746031746031746 and parameters: {'num_leaves': 80, 'learning_rate': 0.24760878749274323, 'feature_fraction': 0.998016042170401, 'bagging_fraction': 0.8730410748457105, 'bagging_freq': 5, 'min_child_samples': 13}. Best is trial 25 with value: 0.746031746031746.
[I 2025-09-17 13:17:50,807] Trial 26 finished with value: 0.746031746031746 and parameters: {'num_leaves': 65, 'learning_rate': 0.23140446696628242, 'feature_fraction': 0.9589958148178963, 'bagging_fraction': 0.840434934203725, 'bagging_freq': 5, 'min_child_samples': 13}. Best is trial 25 with value: 0.746031746031746.
[I 2025-09-17 13:17:50,837] Trial 27 finished with value: 0.746031746031746 and parameters: {'num_leaves': 80, 'learning_rate': 0.22841431461598027, 'feature_fraction': 0.9846729896325237, 'bagging_fraction': 0.8129531124836982, 'bagging_freq': 5, 'min_child_samples': 16}. Best is trial 25 with value: 0.746031746031746.
[I 2025-09-17 13:17:50,871] Trial 28 finished with value: 0.5595238095238095 and parameters: {'num_leaves': 84, 'learning_rate': 0.22219981371109768, 'feature_fraction': 0.9945908681928921, 'bagging_fraction': 0.7606373920167535, 'bagging_freq': 5, 'min_child_samples': 14}. Best is trial 25 with value: 0.746031746031746.
[I 2025-09-17 13:17:50,885] Trial 29 finished with value: 0.5 and parameters: {'num_leaves': 142, 'learning_rate': 0.2619047934435841, 'feature_fraction': 0.9303650228940535, 'bagging_fraction': 0.8224742037649424, 'bagging_freq': 4, 'min_child_samples': 93}. Best is trial 25 with value: 0.746031746031746.
[I 2025-09-17 13:17:50,900] Trial 30 finished with value: 0.49404761904761896 and parameters: {'num_leaves': 69, 'learning_rate': 0.21396473087650236, 'feature_fraction': 0.9612867798783468, 'bagging_fraction': 0.6760032757098632, 'bagging_freq': 5, 'min_child_samples': 44}. Best is trial 25 with value: 0.746031746031746.
[I 2025-09-17 13:17:50,928] Trial 31 finished with value: 0.6884920634920635 and parameters: {'num_leaves': 47, 'learning_rate': 0.2675212858093197, 'feature_fraction': 0.9998180766592922, 'bagging_fraction': 0.8874516734824138, 'bagging_freq': 4, 'min_child_samples': 22}. Best is trial 25 with value: 0.746031746031746.
[I 2025-09-17 13:17:50,971] Trial 32 finished with value: 0.7698412698412699 and parameters: {'num_leaves': 111, 'learning_rate': 0.1553016218835896, 'feature_fraction': 0.9049878656045343, 'bagging_fraction': 0.8457746053901666, 'bagging_freq': 5, 'min_child_samples': 12}. Best is trial 32 with value: 0.7698412698412699.
[I 2025-09-17 13:17:51,008] Trial 33 finished with value: 0.6190476190476191 and parameters: {'num_leaves': 111, 'learning_rate': 0.1604632737194215, 'feature_fraction': 0.9099466934417908, 'bagging_fraction': 0.7538538851821707, 'bagging_freq': 5, 'min_child_samples': 13}. Best is trial 32 with value: 0.7698412698412699.
[I 2025-09-17 13:17:51,025] Trial 34 finished with value: 0.6984126984126984 and parameters: {'num_leaves': 99, 'learning_rate': 0.21541395943956698, 'feature_fraction': 0.910226082861723, 'bagging_fraction': 0.8450875002868559, 'bagging_freq': 6, 'min_child_samples': 34}. Best is trial 32 with value: 0.7698412698412699.
[I 2025-09-17 13:17:51,037] Trial 35 finished with value: 0.5 and parameters: {'num_leaves': 148, 'learning_rate': 0.16840457550710308, 'feature_fraction': 0.9619094727544958, 'bagging_fraction': 0.8063271701931232, 'bagging_freq': 5, 'min_child_samples': 70}. Best is trial 32 with value: 0.7698412698412699.
