[I 2025-09-17 13:15:09,945] Trial 42 finished with value: 0.8015873015873016 and parameters: {'num_leaves': 196, 'learning_rate': 0.22460159349906, 'feature_fraction': 0.7014790805627766, 'bagging_fraction': 0.6891464663656294, 'bagging_freq': 6, 'min_child_samples': 9}. Best is trial 22 with value: 0.8650793650793651.
[I 2025-09-17 13:15:09,958] Trial 43 finished with value: 0.5 and parameters: {'num_leaves': 208, 'learning_rate': 0.19034695669310742, 'feature_fraction': 0.7941994852833151, 'bagging_fraction': 0.7136715407146258, 'bagging_freq': 4, 'min_child_samples': 77}. Best is trial 22 with value: 0.8650793650793651.
[I 2025-09-17 13:15:10,044] Trial 44 finished with value: 0.7976190476190477 and parameters: {'num_leaves': 173, 'learning_rate': 0.17124947202188168, 'feature_fraction': 0.656624555208956, 'bagging_fraction': 0.657288427767332, 'bagging_freq': 5, 'min_child_samples': 5}. Best is trial 22 with value: 0.8650793650793651.
[I 2025-09-17 13:15:10,065] Trial 45 finished with value: 0.7777777777777778 and parameters: {'num_leaves': 125, 'learning_rate': 0.23683666297071504, 'feature_fraction': 0.8346938103182987, 'bagging_fraction': 0.8547152103055571, 'bagging_freq': 6, 'min_child_samples': 55}. Best is trial 22 with value: 0.8650793650793651.
[I 2025-09-17 13:15:10,093] Trial 46 finished with value: 0.8730158730158729 and parameters: {'num_leaves': 186, 'learning_rate': 0.17240037329635444, 'feature_fraction': 0.7108802016364775, 'bagging_fraction': 0.75865980813896, 'bagging_freq': 5, 'min_child_samples': 29}. Best is trial 46 with value: 0.8730158730158729.
[I 2025-09-17 13:15:10,131] Trial 47 finished with value: 0.8174603174603176 and parameters: {'num_leaves': 218, 'learning_rate': 0.13337165367050885, 'feature_fraction': 0.7035545426736817, 'bagging_fraction': 0.7379135582307743, 'bagging_freq': 4, 'min_child_samples': 16}. Best is trial 46 with value: 0.8730158730158729.
[I 2025-09-17 13:15:10,161] Trial 48 finished with value: 0.8293650793650793 and parameters: {'num_leaves': 150, 'learning_rate': 0.11935630626481387, 'feature_fraction': 0.9221781547499005, 'bagging_fraction': 0.8413249488258379, 'bagging_freq': 7, 'min_child_samples': 30}. Best is trial 46 with value: 0.8730158730158729.
[I 2025-09-17 13:15:10,184] Trial 49 finished with value: 0.7936507936507935 and parameters: {'num_leaves': 228, 'learning_rate': 0.024261932642916637, 'feature_fraction': 0.9597143656216461, 'bagging_fraction': 0.7780991261077894, 'bagging_freq': 5, 'min_child_samples': 35}. Best is trial 46 with value: 0.8730158730158729.
[I 2025-09-17 13:15:10,461] A new study created in memory with name: no-name-494f0000-56a0-469a-9fae-7f2cc18646dc
[I 2025-09-17 13:15:10,469] Trial 0 finished with value: 0.5 and parameters: {'num_leaves': 81, 'learning_rate': 0.2869942987969083, 'feature_fraction': 0.6039445616988873, 'bagging_fraction': 0.9015947570245079, 'bagging_freq': 7, 'min_child_samples': 69}. Best is trial 0 with value: 0.5.
[I 2025-09-17 13:15:10,475] Trial 1 finished with value: 0.5 and parameters: {'num_leaves': 147, 'learning_rate': 0.18888586059070236, 'feature_fraction': 0.7505918556186828, 'bagging_fraction': 0.91327234534355, 'bagging_freq': 1, 'min_child_samples': 77}. Best is trial 0 with value: 0.5.
[I 2025-09-17 13:15:10,509] Trial 2 finished with value: 0.8571428571428572 and parameters: {'num_leaves': 45, 'learning_rate': 0.18518319319042065, 'feature_fraction': 0.6717874433530668, 'bagging_fraction': 0.9745155934859039, 'bagging_freq': 4, 'min_child_samples': 18}. Best is trial 2 with value: 0.8571428571428572.
[I 2025-09-17 13:15:10,540] Trial 3 finished with value: 0.8333333333333334 and parameters: {'num_leaves': 18, 'learning_rate': 0.12889434182859333, 'feature_fraction': 0.9741482946352013, 'bagging_fraction': 0.6267076336373308, 'bagging_freq': 1, 'min_child_samples': 21}. Best is trial 2 with value: 0.8571428571428572.
[I 2025-09-17 13:15:10,562] Trial 4 finished with value: 0.7658730158730159 and parameters: {'num_leaves': 259, 'learning_rate': 0.01216675860852138, 'feature_fraction': 0.6830136600673271, 'bagging_fraction': 0.4744872742704674, 'bagging_freq': 4, 'min_child_samples': 27}. Best is trial 2 with value: 0.8571428571428572.
[I 2025-09-17 13:15:10,594] Trial 5 finished with value: 0.8293650793650794 and parameters: {'num_leaves': 288, 'learning_rate': 0.11434408473285086, 'feature_fraction': 0.7882941334362732, 'bagging_fraction': 0.9185480052240501, 'bagging_freq': 4, 'min_child_samples': 22}. Best is trial 2 with value: 0.8571428571428572.
[I 2025-09-17 13:15:10,618] Trial 6 finished with value: 0.7976190476190477 and parameters: {'num_leaves': 232, 'learning_rate': 0.2696551888693861, 'feature_fraction': 0.9678974529854811, 'bagging_fraction': 0.614847267165399, 'bagging_freq': 4, 'min_child_samples': 22}. Best is trial 2 with value: 0.8571428571428572.
[I 2025-09-17 13:15:10,640] Trial 7 finished with value: 0.8015873015873016 and parameters: {'num_leaves': 80, 'learning_rate': 0.14522727920619352, 'feature_fraction': 0.8806966756064463, 'bagging_fraction': 0.4280475330770197, 'bagging_freq': 6, 'min_child_samples': 21}. Best is trial 2 with value: 0.8571428571428572.
[I 2025-09-17 13:15:10,649] Trial 8 finished with value: 0.5 and parameters: {'num_leaves': 84, 'learning_rate': 0.10092227021253566, 'feature_fraction': 0.9503560643459683, 'bagging_fraction': 0.7949065556529044, 'bagging_freq': 4, 'min_child_samples': 70}. Best is trial 2 with value: 0.8571428571428572.
[I 2025-09-17 13:15:10,658] Trial 9 finished with value: 0.5 and parameters: {'num_leaves': 205, 'learning_rate': 0.27477302067150383, 'feature_fraction': 0.7172451903853466, 'bagging_fraction': 0.9492468714784705, 'bagging_freq': 4, 'min_child_samples': 94}. Best is trial 2 with value: 0.8571428571428572.
[I 2025-09-17 13:15:10,683] Trial 10 finished with value: 0.8452380952380952 and parameters: {'num_leaves': 13, 'learning_rate': 0.20568320312135036, 'feature_fraction': 0.5060548292059661, 'bagging_fraction': 0.7895078694969023, 'bagging_freq': 2, 'min_child_samples': 42}. Best is trial 2 with value: 0.8571428571428572.
[I 2025-09-17 13:15:10,710] Trial 11 finished with value: 0.8373015873015873 and parameters: {'num_leaves': 22, 'learning_rate': 0.20727803043382498, 'feature_fraction': 0.41700256132700303, 'bagging_fraction': 0.7858122242602811, 'bagging_freq': 2, 'min_child_samples': 45}. Best is trial 2 with value: 0.8571428571428572.
[I 2025-09-17 13:15:10,807] Trial 12 finished with value: 0.7341269841269842 and parameters: {'num_leaves': 10, 'learning_rate': 0.21363504286627133, 'feature_fraction': 0.4885783087886117, 'bagging_fraction': 0.7866237781920689, 'bagging_freq': 2, 'min_child_samples': 5}. Best is trial 2 with value: 0.8571428571428572.
[I 2025-09-17 13:15:10,831] Trial 13 finished with value: 0.9047619047619049 and parameters: {'num_leaves': 137, 'learning_rate': 0.2313464552662569, 'feature_fraction': 0.5826060498470208, 'bagging_fraction': 0.9861419780834063, 'bagging_freq': 2, 'min_child_samples': 45}. Best is trial 13 with value: 0.9047619047619049.
[I 2025-09-17 13:15:10,853] Trial 14 finished with value: 0.7896825396825398 and parameters: {'num_leaves': 152, 'learning_rate': 0.24147993521643157, 'feature_fraction': 0.6190024016793148, 'bagging_fraction': 0.9974632787156108, 'bagging_freq': 6, 'min_child_samples': 56}. Best is trial 13 with value: 0.9047619047619049.
[I 2025-09-17 13:15:10,882] Trial 15 finished with value: 0.9285714285714286 and parameters: {'num_leaves': 109, 'learning_rate': 0.07304857664327735, 'feature_fraction': 0.5844262170939076, 'bagging_fraction': 0.9970871301369688, 'bagging_freq': 3, 'min_child_samples': 35}. Best is trial 15 with value: 0.9285714285714286.
[I 2025-09-17 13:15:10,911] Trial 16 finished with value: 0.8412698412698413 and parameters: {'num_leaves': 126, 'learning_rate': 0.07187040166197417, 'feature_fraction': 0.5515512552027234, 'bagging_fraction': 0.8648950134745712, 'bagging_freq': 3, 'min_child_samples': 35}. Best is trial 15 with value: 0.9285714285714286.
[I 2025-09-17 13:15:10,927] Trial 17 finished with value: 0.5 and parameters: {'num_leaves': 185, 'learning_rate': 0.031165163060344565, 'feature_fraction': 0.4026221851667354, 'bagging_fraction': 0.6806492378864983, 'bagging_freq': 3, 'min_child_samples': 52}. Best is trial 15 with value: 0.9285714285714286.
[I 2025-09-17 13:15:10,947] Trial 18 finished with value: 0.7083333333333334 and parameters: {'num_leaves': 106, 'learning_rate': 0.06112884232857842, 'feature_fraction': 0.5923881770227287, 'bagging_fraction': 0.8655696000777442, 'bagging_freq': 3, 'min_child_samples': 56}. Best is trial 15 with value: 0.9285714285714286.
[I 2025-09-17 13:15:10,976] Trial 19 finished with value: 0.8531746031746033 and parameters: {'num_leaves': 183, 'learning_rate': 0.1596662957950781, 'feature_fraction': 0.48552840602332303, 'bagging_fraction': 0.9969808182354435, 'bagging_freq': 5, 'min_child_samples': 36}. Best is trial 15 with value: 0.9285714285714286.
[I 2025-09-17 13:15:11,054] Trial 20 finished with value: 0.8452380952380952 and parameters: {'num_leaves': 114, 'learning_rate': 0.08296071526563835, 'feature_fraction': 0.8250827907467613, 'bagging_fraction': 0.7195655853897198, 'bagging_freq': 1, 'min_child_samples': 10}. Best is trial 15 with value: 0.9285714285714286.
[I 2025-09-17 13:15:11,091] Trial 21 finished with value: 0.8333333333333334 and parameters: {'num_leaves': 53, 'learning_rate': 0.17018761789545972, 'feature_fraction': 0.6787157181517236, 'bagging_fraction': 0.9995971430909674, 'bagging_freq': 3, 'min_child_samples': 30}. Best is trial 15 with value: 0.9285714285714286.
[I 2025-09-17 13:15:11,141] Trial 22 finished with value: 0.8611111111111112 and parameters: {'num_leaves': 59, 'learning_rate': 0.22976368739155098, 'feature_fraction': 0.6306594838223402, 'bagging_fraction': 0.9485821526943659, 'bagging_freq': 5, 'min_child_samples': 14}. Best is trial 15 with value: 0.9285714285714286.
[I 2025-09-17 13:15:11,164] Trial 23 finished with value: 0.8412698412698413 and parameters: {'num_leaves': 132, 'learning_rate': 0.24035806546948232, 'feature_fraction': 0.5534623215606195, 'bagging_fraction': 0.8548806017428264, 'bagging_freq': 5, 'min_child_samples': 45}. Best is trial 15 with value: 0.9285714285714286.
[I 2025-09-17 13:15:11,218] Trial 24 finished with value: 0.8412698412698414 and parameters: {'num_leaves': 58, 'learning_rate': 0.2444931398913244, 'feature_fraction': 0.634279244944712, 'bagging_fraction': 0.9428854823348044, 'bagging_freq': 5, 'min_child_samples': 13}. Best is trial 15 with value: 0.9285714285714286.
Early stopping, best iteration is:
[13]	valid_0's binary_logloss: 0.685988
Training until validation scores don't improve for 50 rounds
Early stopping, best iteration is:
[26]	valid_0's binary_logloss: 0.487969
Training until validation scores don't improve for 50 rounds
Early stopping, best iteration is:
[12]	valid_0's binary_logloss: 0.578082
Training until validation scores don't improve for 50 rounds
Did not meet early stopping. Best iteration is:
[56]	valid_0's binary_logloss: 0.623184
Training until validation scores don't improve for 50 rounds
Did not meet early stopping. Best iteration is:
[52]	valid_0's binary_logloss: 0.49236
Training until validation scores don't improve for 50 rounds
Early stopping, best iteration is:
[20]	valid_0's binary_logloss: 0.504748
Training until validation scores don't improve for 50 rounds
Early stopping, best iteration is:
[17]	valid_0's binary_logloss: 0.530088
Training until validation scores don't improve for 50 rounds
Early stopping, best iteration is:
[17]	valid_0's binary_logloss: 0.544079
Training until validation scores don't improve for 50 rounds
Early stopping, best iteration is:
[13]	valid_0's binary_logloss: 0.575401
Training until validation scores don't improve for 50 rounds
Early stopping, best iteration is:
[27]	valid_0's binary_logloss: 0.5252
Training until validation scores don't improve for 50 rounds
Early stopping, best iteration is:
[5]	valid_0's binary_logloss: 0.685988
Training until validation scores don't improve for 50 rounds
Early stopping, best iteration is:
[16]	valid_0's binary_logloss: 0.524858
Training until validation scores don't improve for 50 rounds
Early stopping, best iteration is:
[16]	valid_0's binary_logloss: 0.553369
Training until validation scores don't improve for 50 rounds
Did not meet early stopping. Best iteration is:
[62]	valid_0's binary_logloss: 0.539346
Training until validation scores don't improve for 50 rounds
Early stopping, best iteration is:
[27]	valid_0's binary_logloss: 0.495592
Training until validation scores don't improve for 50 rounds
Did not meet early stopping. Best iteration is:
[76]	valid_0's binary_logloss: 0.635369
Training until validation scores don't improve for 50 rounds
Early stopping, best iteration is:
[5]	valid_0's binary_logloss: 0.685988
Training until validation scores don't improve for 50 rounds
Early stopping, best iteration is:
[21]	valid_0's binary_logloss: 0.491862
Training until validation scores don't improve for 50 rounds
Early stopping, best iteration is:
[8]	valid_0's binary_logloss: 0.533226
Training until validation scores don't improve for 50 rounds
Did not meet early stopping. Best iteration is:
[76]	valid_0's binary_logloss: 0.511839
Training until validation scores don't improve for 50 rounds
Early stopping, best iteration is:
[8]	valid_0's binary_logloss: 0.533005
Training until validation scores don't improve for 50 rounds
Early stopping, best iteration is:
[24]	valid_0's binary_logloss: 0.509738
Training until validation scores don't improve for 50 rounds
Early stopping, best iteration is:
[10]	valid_0's binary_logloss: 0.539178
Training until validation scores don't improve for 50 rounds
Did not meet early stopping. Best iteration is:
[55]	valid_0's binary_logloss: 0.513776
Training until validation scores don't improve for 50 rounds
Early stopping, best iteration is:
[23]	valid_0's binary_logloss: 0.496162
Training until validation scores don't improve for 50 rounds
Early stopping, best iteration is:
[9]	valid_0's binary_logloss: 0.540931
Training until validation scores don't improve for 50 rounds
Early stopping, best iteration is:
[4]	valid_0's binary_logloss: 0.685988
Training until validation scores don't improve for 50 rounds
Early stopping, best iteration is:
[10]	valid_0's binary_logloss: 0.551575
Training until validation scores don't improve for 50 rounds
Did not meet early stopping. Best iteration is:
[67]	valid_0's binary_logloss: 0.535298
Training until validation scores don't improve for 50 rounds
Early stopping, best iteration is:
[48]	valid_0's binary_logloss: 0.470447
Training until validation scores don't improve for 50 rounds
Early stopping, best iteration is:
[14]	valid_0's binary_logloss: 0.528587
Training until validation scores don't improve for 50 rounds
Did not meet early stopping. Best iteration is:
[63]	valid_0's binary_logloss: 0.498137
Training until validation scores don't improve for 50 rounds
Did not meet early stopping. Best iteration is:
[95]	valid_0's binary_logloss: 0.56518
Training until validation scores don't improve for 50 rounds
Early stopping, best iteration is:
[1]	valid_0's binary_logloss: 0.685988
Training until validation scores don't improve for 50 rounds
Early stopping, best iteration is:
[2]	valid_0's binary_logloss: 0.685988
Training until validation scores don't improve for 50 rounds
Early stopping, best iteration is:
[9]	valid_0's binary_logloss: 0.503345
Training until validation scores don't improve for 50 rounds
Early stopping, best iteration is:
[27]	valid_0's binary_logloss: 0.540247
Training until validation scores don't improve for 50 rounds
Did not meet early stopping. Best iteration is:
[99]	valid_0's binary_logloss: 0.622512
Training until validation scores don't improve for 50 rounds
Early stopping, best iteration is:
[20]	valid_0's binary_logloss: 0.538192
Training until validation scores don't improve for 50 rounds
Early stopping, best iteration is:
[23]	valid_0's binary_logloss: 0.537736
Training until validation scores don't improve for 50 rounds
Early stopping, best iteration is:
[44]	valid_0's binary_logloss: 0.550673
Training until validation scores don't improve for 50 rounds
Early stopping, best iteration is:
[13]	valid_0's binary_logloss: 0.685988
Training until validation scores don't improve for 50 rounds
Early stopping, best iteration is:
[12]	valid_0's binary_logloss: 0.685988
Training until validation scores don't improve for 50 rounds
Did not meet early stopping. Best iteration is:
[100]	valid_0's binary_logloss: 0.512818
Training until validation scores don't improve for 50 rounds
Did not meet early stopping. Best iteration is:
[94]	valid_0's binary_logloss: 0.522905
Training until validation scores don't improve for 50 rounds
Early stopping, best iteration is:
[22]	valid_0's binary_logloss: 0.608127
Training until validation scores don't improve for 50 rounds
Did not meet early stopping. Best iteration is:
[65]	valid_0's binary_logloss: 0.479394
Training until validation scores don't improve for 50 rounds
Did not meet early stopping. Best iteration is:
[86]	valid_0's binary_logloss: 0.536556
Training until validation scores don't improve for 50 rounds
Did not meet early stopping. Best iteration is:
[100]	valid_0's binary_logloss: 0.474966
Training until validation scores don't improve for 50 rounds
Did not meet early stopping. Best iteration is:
[87]	valid_0's binary_logloss: 0.522497
Training until validation scores don't improve for 50 rounds
Early stopping, best iteration is:
[13]	valid_0's binary_logloss: 0.685988
Training until validation scores don't improve for 50 rounds
Did not meet early stopping. Best iteration is:
[83]	valid_0's binary_logloss: 0.638893
Training until validation scores don't improve for 50 rounds
Did not meet early stopping. Best iteration is:
[100]	valid_0's binary_logloss: 0.489222
Training until validation scores don't improve for 50 rounds
Did not meet early stopping. Best iteration is:
[74]	valid_0's binary_logloss: 0.474339
Training until validation scores don't improve for 50 rounds
Early stopping, best iteration is:
[42]	valid_0's binary_logloss: 0.523862
Training until validation scores don't improve for 50 rounds
Early stopping, best iteration is:
[16]	valid_0's binary_logloss: 0.456274
Training until validation scores don't improve for 50 rounds
Did not meet early stopping. Best iteration is:
[61]	valid_0's binary_logloss: 0.523474
Training until validation scores don't improve for 50 rounds
Early stopping, best iteration is:
[14]	valid_0's binary_logloss: 0.488313
Training until validation scores don't improve for 50 rounds
[I 2025-09-17 13:15:11,247] Trial 25 finished with value: 0.8333333333333334 and parameters: {'num_leaves': 107, 'learning_rate': 0.22544702774091904, 'feature_fraction': 0.5470619347327703, 'bagging_fraction': 0.8481538460454017, 'bagging_freq': 2, 'min_child_samples': 36}. Best is trial 15 with value: 0.9285714285714286.
[I 2025-09-17 13:15:11,273] Trial 26 finished with value: 0.8055555555555556 and parameters: {'num_leaves': 174, 'learning_rate': 0.04341053355239992, 'feature_fraction': 0.638789346929063, 'bagging_fraction': 0.9477498717476409, 'bagging_freq': 6, 'min_child_samples': 51}. Best is trial 15 with value: 0.9285714285714286.
[I 2025-09-17 13:15:11,285] Trial 27 finished with value: 0.5 and parameters: {'num_leaves': 90, 'learning_rate': 0.258338781354171, 'feature_fraction': 0.4490990271940045, 'bagging_fraction': 0.5352461798191611, 'bagging_freq': 3, 'min_child_samples': 63}. Best is trial 15 with value: 0.9285714285714286.
[I 2025-09-17 13:15:11,320] Trial 28 finished with value: 0.8055555555555556 and parameters: {'num_leaves': 44, 'learning_rate': 0.29948091588589965, 'feature_fraction': 0.7387013718322778, 'bagging_fraction': 0.8967916210771918, 'bagging_freq': 5, 'min_child_samples': 30}. Best is trial 15 with value: 0.9285714285714286.
[I 2025-09-17 13:15:11,430] Trial 29 finished with value: 0.748015873015873 and parameters: {'num_leaves': 69, 'learning_rate': 0.18405625696765826, 'feature_fraction': 0.5890398175042616, 'bagging_fraction': 0.895585493733741, 'bagging_freq': 2, 'min_child_samples': 5}. Best is trial 15 with value: 0.9285714285714286.
[I 2025-09-17 13:15:11,446] Trial 30 finished with value: 0.5 and parameters: {'num_leaves': 130, 'learning_rate': 0.1480577921888268, 'feature_fraction': 0.5263319898432117, 'bagging_fraction': 0.7383563637217412, 'bagging_freq': 7, 'min_child_samples': 79}. Best is trial 15 with value: 0.9285714285714286.
[I 2025-09-17 13:15:11,510] Trial 31 finished with value: 0.8928571428571428 and parameters: {'num_leaves': 93, 'learning_rate': 0.1822240938034254, 'feature_fraction': 0.6615621097414748, 'bagging_fraction': 0.9668245621051014, 'bagging_freq': 3, 'min_child_samples': 15}. Best is trial 15 with value: 0.9285714285714286.
[I 2025-09-17 13:15:11,565] Trial 32 finished with value: 0.8174603174603174 and parameters: {'num_leaves': 98, 'learning_rate': 0.22119574220380123, 'feature_fraction': 0.5903889447332741, 'bagging_fraction': 0.9598956914117306, 'bagging_freq': 3, 'min_child_samples': 14}. Best is trial 15 with value: 0.9285714285714286.
[I 2025-09-17 13:15:11,610] Trial 33 finished with value: 0.8611111111111112 and parameters: {'num_leaves': 71, 'learning_rate': 0.19382658344076914, 'feature_fraction': 0.6494155170150712, 'bagging_fraction': 0.9273547991692621, 'bagging_freq': 1, 'min_child_samples': 27}. Best is trial 15 with value: 0.9285714285714286.
