[I 2025-09-17 13:16:53,959] Trial 7 finished with value: 0.5 and parameters: {'num_leaves': 61, 'learning_rate': 0.21740628722935335, 'feature_fraction': 0.7172137210856737, 'bagging_fraction': 0.5912638729268862, 'bagging_freq': 2, 'min_child_samples': 93}. Best is trial 5 with value: 0.7420634920634921.
[I 2025-09-17 13:16:53,967] Trial 8 finished with value: 0.5 and parameters: {'num_leaves': 217, 'learning_rate': 0.010297341003840554, 'feature_fraction': 0.4435067556773071, 'bagging_fraction': 0.7307169364503807, 'bagging_freq': 5, 'min_child_samples': 77}. Best is trial 5 with value: 0.7420634920634921.
[I 2025-09-17 13:16:53,975] Trial 9 finished with value: 0.5 and parameters: {'num_leaves': 127, 'learning_rate': 0.29786892827976263, 'feature_fraction': 0.5172346649341764, 'bagging_fraction': 0.4223609625408875, 'bagging_freq': 2, 'min_child_samples': 37}. Best is trial 5 with value: 0.7420634920634921.
[I 2025-09-17 13:16:54,008] Trial 10 finished with value: 0.738095238095238 and parameters: {'num_leaves': 96, 'learning_rate': 0.1728604264157712, 'feature_fraction': 0.6284365869371752, 'bagging_fraction': 0.9961206685215095, 'bagging_freq': 4, 'min_child_samples': 37}. Best is trial 5 with value: 0.7420634920634921.
[I 2025-09-17 13:16:54,038] Trial 11 finished with value: 0.753968253968254 and parameters: {'num_leaves': 97, 'learning_rate': 0.16687084410906922, 'feature_fraction': 0.5986613790300244, 'bagging_fraction': 0.9982740481600444, 'bagging_freq': 4, 'min_child_samples': 37}. Best is trial 11 with value: 0.753968253968254.
[I 2025-09-17 13:16:54,083] Trial 12 finished with value: 0.7222222222222222 and parameters: {'num_leaves': 20, 'learning_rate': 0.12874905888707794, 'feature_fraction': 0.5993167382826617, 'bagging_fraction': 0.9830887558859625, 'bagging_freq': 4, 'min_child_samples': 32}. Best is trial 11 with value: 0.753968253968254.
[I 2025-09-17 13:16:54,133] Trial 13 finished with value: 0.7579365079365079 and parameters: {'num_leaves': 77, 'learning_rate': 0.17415961990789622, 'feature_fraction': 0.5986781316077141, 'bagging_fraction': 0.9141488212591177, 'bagging_freq': 1, 'min_child_samples': 22}. Best is trial 13 with value: 0.7579365079365079.
[I 2025-09-17 13:16:54,149] Trial 14 finished with value: 0.625 and parameters: {'num_leaves': 89, 'learning_rate': 0.1880560963476867, 'feature_fraction': 0.5293754781434286, 'bagging_fraction': 0.7063239579424881, 'bagging_freq': 1, 'min_child_samples': 50}. Best is trial 13 with value: 0.7579365079365079.
[I 2025-09-17 13:16:54,192] Trial 15 finished with value: 0.7936507936507937 and parameters: {'num_leaves': 143, 'learning_rate': 0.2355764884416474, 'feature_fraction': 0.4004915936593543, 'bagging_fraction': 0.9256178734289263, 'bagging_freq': 1, 'min_child_samples': 20}. Best is trial 15 with value: 0.7936507936507937.
[I 2025-09-17 13:16:54,260] Trial 16 finished with value: 0.7777777777777777 and parameters: {'num_leaves': 146, 'learning_rate': 0.22531680887075703, 'feature_fraction': 0.4236715782673468, 'bagging_fraction': 0.9034089082281866, 'bagging_freq': 1, 'min_child_samples': 10}. Best is trial 15 with value: 0.7936507936507937.
[I 2025-09-17 13:16:54,388] Trial 17 finished with value: 0.876984126984127 and parameters: {'num_leaves': 144, 'learning_rate': 0.2304524280823223, 'feature_fraction': 0.4183972595111989, 'bagging_fraction': 0.7829328375817768, 'bagging_freq': 2, 'min_child_samples': 5}. Best is trial 17 with value: 0.876984126984127.
[I 2025-09-17 13:16:54,425] Trial 18 finished with value: 0.7658730158730159 and parameters: {'num_leaves': 160, 'learning_rate': 0.2449056694976545, 'feature_fraction': 0.5011738851267815, 'bagging_fraction': 0.7676822273809616, 'bagging_freq': 2, 'min_child_samples': 19}. Best is trial 17 with value: 0.876984126984127.
[I 2025-09-17 13:16:54,438] Trial 19 finished with value: 0.5 and parameters: {'num_leaves': 131, 'learning_rate': 0.252038856524371, 'feature_fraction': 0.4128847094442371, 'bagging_fraction': 0.632162382879507, 'bagging_freq': 3, 'min_child_samples': 53}. Best is trial 17 with value: 0.876984126984127.
[I 2025-09-17 13:16:54,485] Trial 20 finished with value: 0.7341269841269842 and parameters: {'num_leaves': 243, 'learning_rate': 0.2076050170389233, 'feature_fraction': 0.4784868342791312, 'bagging_fraction': 0.6808812123207786, 'bagging_freq': 3, 'min_child_samples': 23}. Best is trial 17 with value: 0.876984126984127.
[I 2025-09-17 13:16:54,601] Trial 21 finished with value: 0.7817460317460317 and parameters: {'num_leaves': 149, 'learning_rate': 0.21867211858204416, 'feature_fraction': 0.4012025644056539, 'bagging_fraction': 0.8656671151659224, 'bagging_freq': 1, 'min_child_samples': 5}. Best is trial 17 with value: 0.876984126984127.
[I 2025-09-17 13:16:54,721] Trial 22 finished with value: 0.7976190476190477 and parameters: {'num_leaves': 172, 'learning_rate': 0.2790425895501587, 'feature_fraction': 0.4047881830348143, 'bagging_fraction': 0.8537731436888347, 'bagging_freq': 1, 'min_child_samples': 5}. Best is trial 17 with value: 0.876984126984127.
[I 2025-09-17 13:16:54,769] Trial 23 finished with value: 0.7896825396825397 and parameters: {'num_leaves': 177, 'learning_rate': 0.2998236814700172, 'feature_fraction': 0.46529556018966267, 'bagging_fraction': 0.760407148714989, 'bagging_freq': 2, 'min_child_samples': 15}. Best is trial 17 with value: 0.876984126984127.
[I 2025-09-17 13:16:54,807] Trial 24 finished with value: 0.7380952380952381 and parameters: {'num_leaves': 117, 'learning_rate': 0.2693078513414411, 'feature_fraction': 0.9911016264886339, 'bagging_fraction': 0.9404873386114309, 'bagging_freq': 1, 'min_child_samples': 26}. Best is trial 17 with value: 0.876984126984127.
[I 2025-09-17 13:16:54,863] Trial 25 finished with value: 0.7222222222222222 and parameters: {'num_leaves': 168, 'learning_rate': 0.2732628559855123, 'feature_fraction': 0.5395590249131366, 'bagging_fraction': 0.7985444437724614, 'bagging_freq': 2, 'min_child_samples': 12}. Best is trial 17 with value: 0.876984126984127.
Early stopping, best iteration is:
[1]	valid_0's binary_logloss: 0.655607
Training until validation scores don't improve for 50 rounds
Early stopping, best iteration is:
[14]	valid_0's binary_logloss: 0.547056
Training until validation scores don't improve for 50 rounds
Early stopping, best iteration is:
[27]	valid_0's binary_logloss: 0.655607
Training until validation scores don't improve for 50 rounds
Early stopping, best iteration is:
[35]	valid_0's binary_logloss: 0.584699
Training until validation scores don't improve for 50 rounds
Early stopping, best iteration is:
[7]	valid_0's binary_logloss: 0.646991
Training until validation scores don't improve for 50 rounds
Early stopping, best iteration is:
[15]	valid_0's binary_logloss: 0.570326
Training until validation scores don't improve for 50 rounds
Early stopping, best iteration is:
[38]	valid_0's binary_logloss: 0.539284
Training until validation scores don't improve for 50 rounds
Early stopping, best iteration is:
[31]	valid_0's binary_logloss: 0.583062
Training until validation scores don't improve for 50 rounds
Early stopping, best iteration is:
[38]	valid_0's binary_logloss: 0.5173
Training until validation scores don't improve for 50 rounds
Early stopping, best iteration is:
[8]	valid_0's binary_logloss: 0.571035
Training until validation scores don't improve for 50 rounds
Early stopping, best iteration is:
[49]	valid_0's binary_logloss: 0.533057
Training until validation scores don't improve for 50 rounds
Early stopping, best iteration is:
[49]	valid_0's binary_logloss: 0.568194
Training until validation scores don't improve for 50 rounds
Early stopping, best iteration is:
[1]	valid_0's binary_logloss: 0.655607
Training until validation scores don't improve for 50 rounds
Early stopping, best iteration is:
[2]	valid_0's binary_logloss: 0.655607
Training until validation scores don't improve for 50 rounds
Early stopping, best iteration is:
[5]	valid_0's binary_logloss: 0.636822
Training until validation scores don't improve for 50 rounds
Early stopping, best iteration is:
[34]	valid_0's binary_logloss: 0.575751
Training until validation scores don't improve for 50 rounds
Early stopping, best iteration is:
[26]	valid_0's binary_logloss: 0.550953
Training until validation scores don't improve for 50 rounds
Early stopping, best iteration is:
[32]	valid_0's binary_logloss: 0.580999
Training until validation scores don't improve for 50 rounds
Early stopping, best iteration is:
[17]	valid_0's binary_logloss: 0.549832
Training until validation scores don't improve for 50 rounds
Early stopping, best iteration is:
[6]	valid_0's binary_logloss: 0.655607
Training until validation scores don't improve for 50 rounds
Did not meet early stopping. Best iteration is:
[95]	valid_0's binary_logloss: 0.593851
Training until validation scores don't improve for 50 rounds
Early stopping, best iteration is:
[22]	valid_0's binary_logloss: 0.64577
Training until validation scores don't improve for 50 rounds
Early stopping, best iteration is:
[2]	valid_0's binary_logloss: 0.563878
Training until validation scores don't improve for 50 rounds
Early stopping, best iteration is:
[17]	valid_0's binary_logloss: 0.642643
Training until validation scores don't improve for 50 rounds
Early stopping, best iteration is:
[3]	valid_0's binary_logloss: 0.641754
Training until validation scores don't improve for 50 rounds
Early stopping, best iteration is:
[24]	valid_0's binary_logloss: 0.540133
Training until validation scores don't improve for 50 rounds
Early stopping, best iteration is:
[3]	valid_0's binary_logloss: 0.588717
Training until validation scores don't improve for 50 rounds
Early stopping, best iteration is:
[5]	valid_0's binary_logloss: 0.565716
Training until validation scores don't improve for 50 rounds
Early stopping, best iteration is:
[5]	valid_0's binary_logloss: 0.552836
Training until validation scores don't improve for 50 rounds
Early stopping, best iteration is:
[6]	valid_0's binary_logloss: 0.528367
Training until validation scores don't improve for 50 rounds
Early stopping, best iteration is:
[6]	valid_0's binary_logloss: 0.527839
Training until validation scores don't improve for 50 rounds
Early stopping, best iteration is:
[4]	valid_0's binary_logloss: 0.544643
Training until validation scores don't improve for 50 rounds
Early stopping, best iteration is:
[2]	valid_0's binary_logloss: 0.529597
Training until validation scores don't improve for 50 rounds
Early stopping, best iteration is:
[3]	valid_0's binary_logloss: 0.560706
Training until validation scores don't improve for 50 rounds
Early stopping, best iteration is:
[21]	valid_0's binary_logloss: 0.560338
Training until validation scores don't improve for 50 rounds
Early stopping, best iteration is:
[4]	valid_0's binary_logloss: 0.554279
Training until validation scores don't improve for 50 rounds
Early stopping, best iteration is:
[1]	valid_0's binary_logloss: 0.655482
Training until validation scores don't improve for 50 rounds
Early stopping, best iteration is:
[1]	valid_0's binary_logloss: 0.655482
Training until validation scores don't improve for 50 rounds
Early stopping, best iteration is:
[1]	valid_0's binary_logloss: 0.655482
Training until validation scores don't improve for 50 rounds
Did not meet early stopping. Best iteration is:
[53]	valid_0's binary_logloss: 0.56034
Training until validation scores don't improve for 50 rounds
Early stopping, best iteration is:
[1]	valid_0's binary_logloss: 0.655482
Training until validation scores don't improve for 50 rounds
Early stopping, best iteration is:
[1]	valid_0's binary_logloss: 0.655482
Training until validation scores don't improve for 50 rounds
Early stopping, best iteration is:
[1]	valid_0's binary_logloss: 0.655482
Training until validation scores don't improve for 50 rounds
Early stopping, best iteration is:
[2]	valid_0's binary_logloss: 0.655482
Training until validation scores don't improve for 50 rounds
Did not meet early stopping. Best iteration is:
[100]	valid_0's binary_logloss: 0.587115
Training until validation scores don't improve for 50 rounds
Did not meet early stopping. Best iteration is:
[53]	valid_0's binary_logloss: 0.571902
Training until validation scores don't improve for 50 rounds
Did not meet early stopping. Best iteration is:
[56]	valid_0's binary_logloss: 0.562178
Training until validation scores don't improve for 50 rounds
Early stopping, best iteration is:
[38]	valid_0's binary_logloss: 0.523705
Training until validation scores don't improve for 50 rounds
Did not meet early stopping. Best iteration is:
[100]	valid_0's binary_logloss: 0.637794
Training until validation scores don't improve for 50 rounds
Early stopping, best iteration is:
[10]	valid_0's binary_logloss: 0.516261
Training until validation scores don't improve for 50 rounds
Early stopping, best iteration is:
[5]	valid_0's binary_logloss: 0.531572
Training until validation scores don't improve for 50 rounds
Early stopping, best iteration is:
[10]	valid_0's binary_logloss: 0.408486
Training until validation scores don't improve for 50 rounds
Early stopping, best iteration is:
[4]	valid_0's binary_logloss: 0.559691
Training until validation scores don't improve for 50 rounds
Early stopping, best iteration is:
[3]	valid_0's binary_logloss: 0.655482
Training until validation scores don't improve for 50 rounds
Early stopping, best iteration is:
[46]	valid_0's binary_logloss: 0.551202
Training until validation scores don't improve for 50 rounds
Early stopping, best iteration is:
[6]	valid_0's binary_logloss: 0.530974
Training until validation scores don't improve for 50 rounds
Early stopping, best iteration is:
[6]	valid_0's binary_logloss: 0.508017
Training until validation scores don't improve for 50 rounds
Early stopping, best iteration is:
[21]	valid_0's binary_logloss: 0.521667
Training until validation scores don't improve for 50 rounds
Early stopping, best iteration is:
[25]	valid_0's binary_logloss: 0.547893
Training until validation scores don't improve for 50 rounds
Early stopping, best iteration is:
[9]	valid_0's binary_logloss: 0.548256
[I 2025-09-17 13:16:54,891] Trial 26 finished with value: 0.6507936507936508 and parameters: {'num_leaves': 206, 'learning_rate': 0.24591983566279307, 'feature_fraction': 0.6864686766283269, 'bagging_fraction': 0.8574147114979628, 'bagging_freq': 1, 'min_child_samples': 46}. Best is trial 17 with value: 0.876984126984127.
[I 2025-09-17 13:16:54,985] Trial 27 finished with value: 0.8174603174603174 and parameters: {'num_leaves': 113, 'learning_rate': 0.1957439939759839, 'feature_fraction': 0.4615459545384467, 'bagging_fraction': 0.6674996142990481, 'bagging_freq': 2, 'min_child_samples': 5}. Best is trial 17 with value: 0.876984126984127.
[I 2025-09-17 13:16:55,077] Trial 28 finished with value: 0.8015873015873015 and parameters: {'num_leaves': 58, 'learning_rate': 0.19893925970445003, 'feature_fraction': 0.5561542724789024, 'bagging_fraction': 0.6561697508097175, 'bagging_freq': 3, 'min_child_samples': 5}. Best is trial 17 with value: 0.876984126984127.
[I 2025-09-17 13:16:55,131] Trial 29 finished with value: 0.7896825396825397 and parameters: {'num_leaves': 42, 'learning_rate': 0.14228221003290403, 'feature_fraction': 0.5586063199624882, 'bagging_fraction': 0.6656168241172506, 'bagging_freq': 3, 'min_child_samples': 14}. Best is trial 17 with value: 0.876984126984127.
[I 2025-09-17 13:16:55,175] Trial 30 finished with value: 0.8452380952380952 and parameters: {'num_leaves': 54, 'learning_rate': 0.19511131389073388, 'feature_fraction': 0.4775998388726992, 'bagging_fraction': 0.6251339250889154, 'bagging_freq': 3, 'min_child_samples': 11}. Best is trial 17 with value: 0.876984126984127.
[I 2025-09-17 13:16:55,223] Trial 31 finished with value: 0.8492063492063492 and parameters: {'num_leaves': 51, 'learning_rate': 0.19744505966015954, 'feature_fraction': 0.4650536073141883, 'bagging_fraction': 0.6074279797627358, 'bagging_freq': 3, 'min_child_samples': 11}. Best is trial 17 with value: 0.876984126984127.
[I 2025-09-17 13:16:55,271] Trial 32 finished with value: 0.7936507936507936 and parameters: {'num_leaves': 114, 'learning_rate': 0.18997366953115805, 'feature_fraction': 0.4801067296908291, 'bagging_fraction': 0.6212093027826506, 'bagging_freq': 3, 'min_child_samples': 12}. Best is trial 17 with value: 0.876984126984127.
[I 2025-09-17 13:16:55,308] Trial 33 finished with value: 0.7261904761904762 and parameters: {'num_leaves': 42, 'learning_rate': 0.15150554752158546, 'feature_fraction': 0.45131734342396357, 'bagging_fraction': 0.48629620534255613, 'bagging_freq': 2, 'min_child_samples': 28}. Best is trial 17 with value: 0.876984126984127.
[I 2025-09-17 13:16:55,346] Trial 34 finished with value: 0.7936507936507937 and parameters: {'num_leaves': 71, 'learning_rate': 0.202789225270512, 'feature_fraction': 0.49827991984237996, 'bagging_fraction': 0.5727195314022271, 'bagging_freq': 3, 'min_child_samples': 15}. Best is trial 17 with value: 0.876984126984127.
[I 2025-09-17 13:16:55,426] Trial 35 finished with value: 0.7936507936507937 and parameters: {'num_leaves': 44, 'learning_rate': 0.12421463664406057, 'feature_fraction': 0.44567098385625603, 'bagging_fraction': 0.5055786790789666, 'bagging_freq': 2, 'min_child_samples': 8}. Best is trial 17 with value: 0.876984126984127.
[I 2025-09-17 13:16:55,457] Trial 36 finished with value: 0.7202380952380953 and parameters: {'num_leaves': 109, 'learning_rate': 0.1877758080422546, 'feature_fraction': 0.564409881731368, 'bagging_fraction': 0.7208922893155881, 'bagging_freq': 3, 'min_child_samples': 18}. Best is trial 17 with value: 0.876984126984127.
[I 2025-09-17 13:16:55,503] Trial 37 finished with value: 0.880952380952381 and parameters: {'num_leaves': 82, 'learning_rate': 0.22762284855944603, 'feature_fraction': 0.6938873090683284, 'bagging_fraction': 0.6152412775569465, 'bagging_freq': 4, 'min_child_samples': 9}. Best is trial 37 with value: 0.880952380952381.
[I 2025-09-17 13:16:55,532] Trial 38 finished with value: 0.7857142857142857 and parameters: {'num_leaves': 33, 'learning_rate': 0.22986852661384916, 'feature_fraction': 0.7980568207134431, 'bagging_fraction': 0.5395459066791095, 'bagging_freq': 4, 'min_child_samples': 26}. Best is trial 37 with value: 0.880952380952381.
[I 2025-09-17 13:16:55,547] Trial 39 finished with value: 0.5 and parameters: {'num_leaves': 78, 'learning_rate': 0.21294189357676083, 'feature_fraction': 0.6807534433651327, 'bagging_fraction': 0.6197219110966955, 'bagging_freq': 5, 'min_child_samples': 65}. Best is trial 37 with value: 0.880952380952381.
[I 2025-09-17 13:16:55,589] Trial 40 finished with value: 0.8412698412698413 and parameters: {'num_leaves': 61, 'learning_rate': 0.25467945404694897, 'feature_fraction': 0.7667980562140272, 'bagging_fraction': 0.5842313605610996, 'bagging_freq': 4, 'min_child_samples': 10}. Best is trial 37 with value: 0.880952380952381.
[I 2025-09-17 13:16:55,629] Trial 41 finished with value: 0.8531746031746033 and parameters: {'num_leaves': 59, 'learning_rate': 0.2575704753086585, 'feature_fraction': 0.7325893050577555, 'bagging_fraction': 0.5916517460083061, 'bagging_freq': 4, 'min_child_samples': 10}. Best is trial 37 with value: 0.880952380952381.
[I 2025-09-17 13:16:55,657] Trial 42 finished with value: 0.7817460317460316 and parameters: {'num_leaves': 15, 'learning_rate': 0.2621278385572439, 'feature_fraction': 0.7316545795700568, 'bagging_fraction': 0.4662194607859168, 'bagging_freq': 4, 'min_child_samples': 17}. Best is trial 37 with value: 0.880952380952381.
[I 2025-09-17 13:16:55,702] Trial 43 finished with value: 0.9126984126984126 and parameters: {'num_leaves': 29, 'learning_rate': 0.2290907805001668, 'feature_fraction': 0.6421481743818571, 'bagging_fraction': 0.5981524190756017, 'bagging_freq': 5, 'min_child_samples': 10}. Best is trial 43 with value: 0.9126984126984126.
[I 2025-09-17 13:16:55,715] Trial 44 finished with value: 0.5 and parameters: {'num_leaves': 29, 'learning_rate': 0.2842936036925526, 'feature_fraction': 0.7519231806975116, 'bagging_fraction': 0.5673072844336884, 'bagging_freq': 6, 'min_child_samples': 74}. Best is trial 43 with value: 0.9126984126984126.
[I 2025-09-17 13:16:55,750] Trial 45 finished with value: 0.6746031746031745 and parameters: {'num_leaves': 11, 'learning_rate': 0.23772455384313815, 'feature_fraction': 0.6532400089618879, 'bagging_fraction': 0.5979637469690564, 'bagging_freq': 5, 'min_child_samples': 34}. Best is trial 43 with value: 0.9126984126984126.
[I 2025-09-17 13:16:55,764] Trial 46 finished with value: 0.5 and parameters: {'num_leaves': 90, 'learning_rate': 0.2206678510702874, 'feature_fraction': 0.8144234483906937, 'bagging_fraction': 0.5269774125390132, 'bagging_freq': 6, 'min_child_samples': 91}. Best is trial 43 with value: 0.9126984126984126.
[I 2025-09-17 13:16:55,811] Trial 47 finished with value: 0.7261904761904762 and parameters: {'num_leaves': 245, 'learning_rate': 0.05699783498099911, 'feature_fraction': 0.8444521348385013, 'bagging_fraction': 0.694906015771549, 'bagging_freq': 5, 'min_child_samples': 22}. Best is trial 43 with value: 0.9126984126984126.
[I 2025-09-17 13:16:55,847] Trial 48 finished with value: 0.6428571428571428 and parameters: {'num_leaves': 29, 'learning_rate': 0.17294363993280196, 'feature_fraction': 0.7117497272876869, 'bagging_fraction': 0.6478058442642564, 'bagging_freq': 4, 'min_child_samples': 44}. Best is trial 43 with value: 0.9126984126984126.
