[I 2025-09-17 13:16:57,448] Trial 42 finished with value: 0.6749226006191951 and parameters: {'num_leaves': 180, 'learning_rate': 0.2834986600199537, 'feature_fraction': 0.5301951468293091, 'bagging_fraction': 0.4607389588096024, 'bagging_freq': 1, 'min_child_samples': 5}. Best is trial 32 with value: 0.78328173374613.
[I 2025-09-17 13:16:57,492] Trial 43 finished with value: 0.78328173374613 and parameters: {'num_leaves': 149, 'learning_rate': 0.17892169452711368, 'feature_fraction': 0.4751566156403935, 'bagging_fraction': 0.6119859326314905, 'bagging_freq': 2, 'min_child_samples': 13}. Best is trial 32 with value: 0.78328173374613.
[I 2025-09-17 13:16:57,526] Trial 44 finished with value: 0.718266253869969 and parameters: {'num_leaves': 131, 'learning_rate': 0.12391050027579248, 'feature_fraction': 0.4413761845209919, 'bagging_fraction': 0.6155352337620862, 'bagging_freq': 2, 'min_child_samples': 23}. Best is trial 32 with value: 0.78328173374613.
[I 2025-09-17 13:16:57,559] Trial 45 finished with value: 0.7151702786377709 and parameters: {'num_leaves': 106, 'learning_rate': 0.1695822489409786, 'feature_fraction': 0.48659748190254576, 'bagging_fraction': 0.48005062226625234, 'bagging_freq': 3, 'min_child_samples': 16}. Best is trial 32 with value: 0.78328173374613.
[I 2025-09-17 13:16:57,597] Trial 46 finished with value: 0.7213622291021671 and parameters: {'num_leaves': 164, 'learning_rate': 0.2161380945614576, 'feature_fraction': 0.718865621360262, 'bagging_fraction': 0.5548267110306406, 'bagging_freq': 1, 'min_child_samples': 12}. Best is trial 32 with value: 0.78328173374613.
[I 2025-09-17 13:16:57,611] Trial 47 finished with value: 0.5 and parameters: {'num_leaves': 208, 'learning_rate': 0.23361515382580833, 'feature_fraction': 0.7662088598018529, 'bagging_fraction': 0.604039687258545, 'bagging_freq': 2, 'min_child_samples': 82}. Best is trial 32 with value: 0.78328173374613.
[I 2025-09-17 13:16:57,675] Trial 48 finished with value: 0.7910216718266254 and parameters: {'num_leaves': 114, 'learning_rate': 0.25957717321771867, 'feature_fraction': 0.5908309493702163, 'bagging_fraction': 0.7696610368548469, 'bagging_freq': 3, 'min_child_samples': 9}. Best is trial 48 with value: 0.7910216718266254.
[I 2025-09-17 13:16:57,690] Trial 49 finished with value: 0.5 and parameters: {'num_leaves': 87, 'learning_rate': 0.2592945054585331, 'feature_fraction': 0.8360358769507185, 'bagging_fraction': 0.754169266257224, 'bagging_freq': 3, 'min_child_samples': 73}. Best is trial 48 with value: 0.7910216718266254.
[I 2025-09-17 13:16:57,993] A new study created in memory with name: no-name-069fbe59-fffa-4a69-bbd3-8baabad73730
[I 2025-09-17 13:16:58,001] Trial 0 finished with value: 0.5 and parameters: {'num_leaves': 120, 'learning_rate': 0.25252699015783453, 'feature_fraction': 0.9535327942327039, 'bagging_fraction': 0.5356776029105829, 'bagging_freq': 2, 'min_child_samples': 71}. Best is trial 0 with value: 0.5.
[I 2025-09-17 13:16:58,010] Trial 1 finished with value: 0.5 and parameters: {'num_leaves': 75, 'learning_rate': 0.09284163801822656, 'feature_fraction': 0.9428776541788917, 'bagging_fraction': 0.7436612892516706, 'bagging_freq': 4, 'min_child_samples': 90}. Best is trial 0 with value: 0.5.
[I 2025-09-17 13:16:58,020] Trial 2 finished with value: 0.5 and parameters: {'num_leaves': 254, 'learning_rate': 0.27678987044578574, 'feature_fraction': 0.6032891719370929, 'bagging_fraction': 0.4676948837281205, 'bagging_freq': 7, 'min_child_samples': 69}. Best is trial 0 with value: 0.5.
[I 2025-09-17 13:16:58,041] Trial 3 finished with value: 0.7198142414860681 and parameters: {'num_leaves': 154, 'learning_rate': 0.14723403141103802, 'feature_fraction': 0.8356573847196329, 'bagging_fraction': 0.6899912491721588, 'bagging_freq': 5, 'min_child_samples': 26}. Best is trial 3 with value: 0.7198142414860681.
[I 2025-09-17 13:16:58,050] Trial 4 finished with value: 0.5 and parameters: {'num_leaves': 85, 'learning_rate': 0.14398362018008662, 'feature_fraction': 0.9136088970491397, 'bagging_fraction': 0.5181048701856467, 'bagging_freq': 7, 'min_child_samples': 88}. Best is trial 3 with value: 0.7198142414860681.
[I 2025-09-17 13:16:58,058] Trial 5 finished with value: 0.5 and parameters: {'num_leaves': 161, 'learning_rate': 0.2738733813814159, 'feature_fraction': 0.5509512085208335, 'bagging_fraction': 0.7880243570092519, 'bagging_freq': 7, 'min_child_samples': 88}. Best is trial 3 with value: 0.7198142414860681.
[I 2025-09-17 13:16:58,074] Trial 6 finished with value: 0.7321981424148607 and parameters: {'num_leaves': 238, 'learning_rate': 0.14266748798939957, 'feature_fraction': 0.7453585782581189, 'bagging_fraction': 0.6156684367306886, 'bagging_freq': 4, 'min_child_samples': 38}. Best is trial 6 with value: 0.7321981424148607.
[I 2025-09-17 13:16:58,144] Trial 7 finished with value: 0.7291021671826625 and parameters: {'num_leaves': 137, 'learning_rate': 0.2345660204072249, 'feature_fraction': 0.7818068450959863, 'bagging_fraction': 0.9067315642325208, 'bagging_freq': 7, 'min_child_samples': 8}. Best is trial 6 with value: 0.7321981424148607.
[I 2025-09-17 13:16:58,160] Trial 8 finished with value: 0.7306501547987616 and parameters: {'num_leaves': 83, 'learning_rate': 0.06528897502811648, 'feature_fraction': 0.6834336220712558, 'bagging_fraction': 0.5080534281205584, 'bagging_freq': 7, 'min_child_samples': 36}. Best is trial 6 with value: 0.7321981424148607.
[I 2025-09-17 13:16:58,182] Trial 9 finished with value: 0.7291021671826625 and parameters: {'num_leaves': 131, 'learning_rate': 0.02621177743226248, 'feature_fraction': 0.9189201337964964, 'bagging_fraction': 0.4807458189212832, 'bagging_freq': 6, 'min_child_samples': 27}. Best is trial 6 with value: 0.7321981424148607.
[I 2025-09-17 13:16:58,196] Trial 10 finished with value: 0.5 and parameters: {'num_leaves': 297, 'learning_rate': 0.19214376228715124, 'feature_fraction': 0.4107561735850097, 'bagging_fraction': 0.6532232342827083, 'bagging_freq': 2, 'min_child_samples': 54}. Best is trial 6 with value: 0.7321981424148607.
[I 2025-09-17 13:16:58,219] Trial 11 finished with value: 0.7770897832817337 and parameters: {'num_leaves': 16, 'learning_rate': 0.07573530686677779, 'feature_fraction': 0.6724444270663992, 'bagging_fraction': 0.6021133892169463, 'bagging_freq': 4, 'min_child_samples': 40}. Best is trial 11 with value: 0.7770897832817337.
[I 2025-09-17 13:16:58,239] Trial 12 finished with value: 0.7089783281733747 and parameters: {'num_leaves': 13, 'learning_rate': 0.1064620740594892, 'feature_fraction': 0.7227872514859122, 'bagging_fraction': 0.5918391905350036, 'bagging_freq': 4, 'min_child_samples': 42}. Best is trial 11 with value: 0.7770897832817337.
[I 2025-09-17 13:16:58,254] Trial 13 finished with value: 0.5 and parameters: {'num_leaves': 219, 'learning_rate': 0.035951015460374304, 'feature_fraction': 0.637782641695183, 'bagging_fraction': 0.6194592739724686, 'bagging_freq': 3, 'min_child_samples': 54}. Best is trial 11 with value: 0.7770897832817337.
[I 2025-09-17 13:16:58,313] Trial 14 finished with value: 0.7461300309597524 and parameters: {'num_leaves': 209, 'learning_rate': 0.2010443365069327, 'feature_fraction': 0.5032616778889438, 'bagging_fraction': 0.4106926266206202, 'bagging_freq': 5, 'min_child_samples': 6}. Best is trial 11 with value: 0.7770897832817337.
[I 2025-09-17 13:16:58,378] Trial 15 finished with value: 0.6470588235294118 and parameters: {'num_leaves': 189, 'learning_rate': 0.19888980507812104, 'feature_fraction': 0.4691183884935272, 'bagging_fraction': 0.4239856899922146, 'bagging_freq': 5, 'min_child_samples': 5}. Best is trial 11 with value: 0.7770897832817337.
[I 2025-09-17 13:16:58,407] Trial 16 finished with value: 0.6904024767801857 and parameters: {'num_leaves': 11, 'learning_rate': 0.19213153775257702, 'feature_fraction': 0.5134284969168043, 'bagging_fraction': 0.4024994948911331, 'bagging_freq': 1, 'min_child_samples': 16}. Best is trial 11 with value: 0.7770897832817337.
[I 2025-09-17 13:16:58,443] Trial 17 finished with value: 0.7693498452012384 and parameters: {'num_leaves': 200, 'learning_rate': 0.09652115532622906, 'feature_fraction': 0.5971737210656429, 'bagging_fraction': 0.8578271760710385, 'bagging_freq': 5, 'min_child_samples': 20}. Best is trial 11 with value: 0.7770897832817337.
[I 2025-09-17 13:16:58,475] Trial 18 finished with value: 0.718266253869969 and parameters: {'num_leaves': 55, 'learning_rate': 0.10085342794250671, 'feature_fraction': 0.6114936787563281, 'bagging_fraction': 0.9999178915339441, 'bagging_freq': 3, 'min_child_samples': 24}. Best is trial 11 with value: 0.7770897832817337.
[I 2025-09-17 13:16:58,498] Trial 19 finished with value: 0.7027863777089783 and parameters: {'num_leaves': 286, 'learning_rate': 0.054203931501598704, 'feature_fraction': 0.8239250062047252, 'bagging_fraction': 0.849837541756354, 'bagging_freq': 6, 'min_child_samples': 47}. Best is trial 11 with value: 0.7770897832817337.
[I 2025-09-17 13:16:58,532] Trial 20 finished with value: 0.7662538699690402 and parameters: {'num_leaves': 182, 'learning_rate': 0.07706551101956391, 'feature_fraction': 0.6793910350054084, 'bagging_fraction': 0.8232726602335336, 'bagging_freq': 3, 'min_child_samples': 19}. Best is trial 11 with value: 0.7770897832817337.
[I 2025-09-17 13:16:58,570] Trial 21 finished with value: 0.7012383900928792 and parameters: {'num_leaves': 174, 'learning_rate': 0.07817782155756088, 'feature_fraction': 0.668748270191987, 'bagging_fraction': 0.8804511713411594, 'bagging_freq': 3, 'min_child_samples': 18}. Best is trial 11 with value: 0.7770897832817337.
[I 2025-09-17 13:16:58,598] Trial 22 finished with value: 0.695046439628483 and parameters: {'num_leaves': 196, 'learning_rate': 0.12147702290845092, 'feature_fraction': 0.591834627498882, 'bagging_fraction': 0.7862686577776186, 'bagging_freq': 4, 'min_child_samples': 31}. Best is trial 11 with value: 0.7770897832817337.
[I 2025-09-17 13:16:58,646] Trial 23 finished with value: 0.7306501547987615 and parameters: {'num_leaves': 264, 'learning_rate': 0.04973546899553698, 'feature_fraction': 0.6629548427044439, 'bagging_fraction': 0.9506038687769518, 'bagging_freq': 2, 'min_child_samples': 17}. Best is trial 11 with value: 0.7770897832817337.
[I 2025-09-17 13:16:58,669] Trial 24 finished with value: 0.6594427244582044 and parameters: {'num_leaves': 220, 'learning_rate': 0.07681615520131713, 'feature_fraction': 0.559677706346449, 'bagging_fraction': 0.8381779223815902, 'bagging_freq': 5, 'min_child_samples': 65}. Best is trial 11 with value: 0.7770897832817337.
[I 2025-09-17 13:16:58,698] Trial 25 finished with value: 0.7089783281733746 and parameters: {'num_leaves': 111, 'learning_rate': 0.01786198809461792, 'feature_fraction': 0.7607265066523143, 'bagging_fraction': 0.7414104747915045, 'bagging_freq': 3, 'min_child_samples': 32}. Best is trial 11 with value: 0.7770897832817337.
[I 2025-09-17 13:16:58,738] Trial 26 finished with value: 0.7662538699690403 and parameters: {'num_leaves': 51, 'learning_rate': 0.12441596903471894, 'feature_fraction': 0.7130282389572511, 'bagging_fraction': 0.8056435680640152, 'bagging_freq': 6, 'min_child_samples': 13}. Best is trial 11 with value: 0.7770897832817337.
[I 2025-09-17 13:16:58,776] Trial 27 finished with value: 0.7337461300309597 and parameters: {'num_leaves': 36, 'learning_rate': 0.1678643278708174, 'feature_fraction': 0.8211435536836468, 'bagging_fraction': 0.71481526737664, 'bagging_freq': 6, 'min_child_samples': 12}. Best is trial 11 with value: 0.7770897832817337.
[I 2025-09-17 13:16:58,789] Trial 28 finished with value: 0.5 and parameters: {'num_leaves': 42, 'learning_rate': 0.11951381883648018, 'feature_fraction': 0.7829198347044372, 'bagging_fraction': 0.9347488796507959, 'bagging_freq': 6, 'min_child_samples': 99}. Best is trial 11 with value: 0.7770897832817337.
[I 2025-09-17 13:16:58,810] Trial 29 finished with value: 0.7430340557275542 and parameters: {'num_leaves': 102, 'learning_rate': 0.16834707085279674, 'feature_fraction': 0.7039840845854821, 'bagging_fraction': 0.6647545491647644, 'bagging_freq': 5, 'min_child_samples': 45}. Best is trial 11 with value: 0.7770897832817337.
[I 2025-09-17 13:16:58,832] Trial 30 finished with value: 0.7244582043343654 and parameters: {'num_leaves': 60, 'learning_rate': 0.13037874938668365, 'feature_fraction': 0.8770796781049229, 'bagging_fraction': 0.5666073877015628, 'bagging_freq': 6, 'min_child_samples': 23}. Best is trial 11 with value: 0.7770897832817337.
[I 2025-09-17 13:16:58,876] Trial 31 finished with value: 0.7089783281733746 and parameters: {'num_leaves': 28, 'learning_rate': 0.08569714198722125, 'feature_fraction': 0.7123680519313218, 'bagging_fraction': 0.8085118065521465, 'bagging_freq': 4, 'min_child_samples': 13}. Best is trial 11 with value: 0.7770897832817337.
[I 2025-09-17 13:16:58,911] Trial 32 finished with value: 0.739938080495356 and parameters: {'num_leaves': 183, 'learning_rate': 0.10261419030042457, 'feature_fraction': 0.6484840670213152, 'bagging_fraction': 0.7633571324020999, 'bagging_freq': 3, 'min_child_samples': 20}. Best is trial 11 with value: 0.7770897832817337.
[I 2025-09-17 13:16:58,929] Trial 33 finished with value: 0.6888544891640866 and parameters: {'num_leaves': 150, 'learning_rate': 0.0651112782836042, 'feature_fraction': 0.6197716985272228, 'bagging_fraction': 0.8365921422157023, 'bagging_freq': 4, 'min_child_samples': 59}. Best is trial 11 with value: 0.7770897832817337.
[I 2025-09-17 13:16:58,954] Trial 34 finished with value: 0.7631578947368421 and parameters: {'num_leaves': 63, 'learning_rate': 0.10885315537368807, 'feature_fraction': 0.573347161049325, 'bagging_fraction': 0.884427384671986, 'bagging_freq': 5, 'min_child_samples': 33}. Best is trial 11 with value: 0.7770897832817337.
[I 2025-09-17 13:16:58,985] Trial 35 finished with value: 0.6811145510835913 and parameters: {'num_leaves': 241, 'learning_rate': 0.04041347479220133, 'feature_fraction': 0.733539540465149, 'bagging_fraction': 0.7228254190049472, 'bagging_freq': 1, 'min_child_samples': 28}. Best is trial 11 with value: 0.7770897832817337.
[I 2025-09-17 13:16:59,034] Trial 36 finished with value: 0.741486068111455 and parameters: {'num_leaves': 160, 'learning_rate': 0.09025448561880703, 'feature_fraction': 0.679885604386373, 'bagging_fraction': 0.8104817492153648, 'bagging_freq': 5, 'min_child_samples': 11}. Best is trial 11 with value: 0.7770897832817337.
[I 2025-09-17 13:16:59,056] Trial 37 finished with value: 0.7430340557275542 and parameters: {'num_leaves': 103, 'learning_rate': 0.13354009847122922, 'feature_fraction': 0.5293311666859853, 'bagging_fraction': 0.6714826214380946, 'bagging_freq': 2, 'min_child_samples': 40}. Best is trial 11 with value: 0.7770897832817337.
[I 2025-09-17 13:16:59,068] Trial 38 finished with value: 0.5 and parameters: {'num_leaves': 203, 'learning_rate': 0.16127443815216677, 'feature_fraction': 0.6408960124736814, 'bagging_fraction': 0.8699106934547812, 'bagging_freq': 4, 'min_child_samples': 79}. Best is trial 11 with value: 0.7770897832817337.
[I 2025-09-17 13:16:59,096] Trial 39 finished with value: 0.6981424148606811 and parameters: {'num_leaves': 170, 'learning_rate': 0.0685604271961846, 'feature_fraction': 0.7819501799014031, 'bagging_fraction': 0.7662135691567402, 'bagging_freq': 6, 'min_child_samples': 20}. Best is trial 11 with value: 0.7770897832817337.
[I 2025-09-17 13:16:59,117] Trial 40 finished with value: 0.7383900928792569 and parameters: {'num_leaves': 130, 'learning_rate': 0.11770976120537273, 'feature_fraction': 0.6032240700974647, 'bagging_fraction': 0.9191607024620317, 'bagging_freq': 4, 'min_child_samples': 35}. Best is trial 11 with value: 0.7770897832817337.
[I 2025-09-17 13:16:59,144] Trial 41 finished with value: 0.7708978328173375 and parameters: {'num_leaves': 68, 'learning_rate': 0.29746663092166115, 'feature_fraction': 0.557386458470343, 'bagging_fraction': 0.8914948463819274, 'bagging_freq': 5, 'min_child_samples': 31}. Best is trial 11 with value: 0.7770897832817337.
[I 2025-09-17 13:16:59,174] Trial 42 finished with value: 0.6919504643962848 and parameters: {'num_leaves': 80, 'learning_rate': 0.22996521579578103, 'feature_fraction': 0.4654824211896898, 'bagging_fraction': 0.9657279931816177, 'bagging_freq': 5, 'min_child_samples': 25}. Best is trial 11 with value: 0.7770897832817337.
[I 2025-09-17 13:16:59,192] Trial 43 finished with value: 0.6981424148606812 and parameters: {'num_leaves': 24, 'learning_rate': 0.2724876528546684, 'feature_fraction': 0.5782404477253703, 'bagging_fraction': 0.8572567610704913, 'bagging_freq': 6, 'min_child_samples': 46}. Best is trial 11 with value: 0.7770897832817337.
