[I 2025-09-17 13:18:07,355] Trial 47 finished with value: 0.9421487603305785 and parameters: {'num_leaves': 137, 'learning_rate': 0.07490582749441119, 'feature_fraction': 0.6030871198588634, 'bagging_fraction': 0.6121569185193669, 'bagging_freq': 7, 'min_child_samples': 9}. Best is trial 33 with value: 0.9669421487603305.
[I 2025-09-17 13:18:07,366] Trial 48 finished with value: 0.5 and parameters: {'num_leaves': 226, 'learning_rate': 0.058024979668969856, 'feature_fraction': 0.4001086364025726, 'bagging_fraction': 0.5412707290137758, 'bagging_freq': 1, 'min_child_samples': 91}. Best is trial 33 with value: 0.9669421487603305.
[I 2025-09-17 13:18:07,382] Trial 49 finished with value: 0.5 and parameters: {'num_leaves': 170, 'learning_rate': 0.09269663484354697, 'feature_fraction': 0.5287166731746774, 'bagging_fraction': 0.4005824229707533, 'bagging_freq': 6, 'min_child_samples': 61}. Best is trial 33 with value: 0.9669421487603305.
[I 2025-09-17 13:18:08,035] A new study created in memory with name: no-name-d428eeeb-325c-4b93-839c-184d99736273
[I 2025-09-17 13:18:08,047] Trial 0 finished with value: 0.5 and parameters: {'num_leaves': 29, 'learning_rate': 0.2806083438083179, 'feature_fraction': 0.6881756340990128, 'bagging_fraction': 0.45973931841265825, 'bagging_freq': 4, 'min_child_samples': 88}. Best is trial 0 with value: 0.5.
[I 2025-09-17 13:18:08,121] Trial 1 finished with value: 0.9752066115702479 and parameters: {'num_leaves': 74, 'learning_rate': 0.2207915464632481, 'feature_fraction': 0.5469632656453549, 'bagging_fraction': 0.9252705363667609, 'bagging_freq': 5, 'min_child_samples': 8}. Best is trial 1 with value: 0.9752066115702479.
[I 2025-09-17 13:18:08,149] Trial 2 finished with value: 0.9834710743801653 and parameters: {'num_leaves': 15, 'learning_rate': 0.24384803096148241, 'feature_fraction': 0.6910166454522637, 'bagging_fraction': 0.7313610355740807, 'bagging_freq': 4, 'min_child_samples': 21}. Best is trial 2 with value: 0.9834710743801653.
[I 2025-09-17 13:18:08,163] Trial 3 finished with value: 0.5 and parameters: {'num_leaves': 94, 'learning_rate': 0.2991558468646671, 'feature_fraction': 0.8219719368749387, 'bagging_fraction': 0.45253481592896544, 'bagging_freq': 1, 'min_child_samples': 54}. Best is trial 2 with value: 0.9834710743801653.
[I 2025-09-17 13:18:08,173] Trial 4 finished with value: 0.6756198347107438 and parameters: {'num_leaves': 99, 'learning_rate': 0.2281413307789825, 'feature_fraction': 0.6575225951094061, 'bagging_fraction': 0.8446191550592212, 'bagging_freq': 1, 'min_child_samples': 58}. Best is trial 2 with value: 0.9834710743801653.
[I 2025-09-17 13:18:08,210] Trial 5 finished with value: 0.9834710743801653 and parameters: {'num_leaves': 43, 'learning_rate': 0.2752445815377228, 'feature_fraction': 0.8646824104332551, 'bagging_fraction': 0.5106731532724426, 'bagging_freq': 6, 'min_child_samples': 15}. Best is trial 2 with value: 0.9834710743801653.
[I 2025-09-17 13:18:08,223] Trial 6 finished with value: 0.5 and parameters: {'num_leaves': 159, 'learning_rate': 0.2991510787021402, 'feature_fraction': 0.885153727522188, 'bagging_fraction': 0.6695920346762987, 'bagging_freq': 3, 'min_child_samples': 83}. Best is trial 2 with value: 0.9834710743801653.
[I 2025-09-17 13:18:08,230] Trial 7 finished with value: 0.5 and parameters: {'num_leaves': 106, 'learning_rate': 0.07245389571465773, 'feature_fraction': 0.6657077999372429, 'bagging_fraction': 0.8674263357218714, 'bagging_freq': 7, 'min_child_samples': 81}. Best is trial 2 with value: 0.9834710743801653.
[I 2025-09-17 13:18:08,239] Trial 8 finished with value: 0.5 and parameters: {'num_leaves': 132, 'learning_rate': 0.17313731621750222, 'feature_fraction': 0.43376957299888186, 'bagging_fraction': 0.5350923613028771, 'bagging_freq': 5, 'min_child_samples': 92}. Best is trial 2 with value: 0.9834710743801653.
[I 2025-09-17 13:18:08,281] Trial 9 finished with value: 0.9793388429752066 and parameters: {'num_leaves': 235, 'learning_rate': 0.1944193999141722, 'feature_fraction': 0.62037064639645, 'bagging_fraction': 0.702801698680039, 'bagging_freq': 5, 'min_child_samples': 19}. Best is trial 2 with value: 0.9834710743801653.
[I 2025-09-17 13:18:08,305] Trial 10 finished with value: 0.9504132231404958 and parameters: {'num_leaves': 296, 'learning_rate': 0.10636097789751864, 'feature_fraction': 0.9898766448137388, 'bagging_fraction': 0.7241504069389149, 'bagging_freq': 3, 'min_child_samples': 34}. Best is trial 2 with value: 0.9834710743801653.
[I 2025-09-17 13:18:08,327] Trial 11 finished with value: 0.9504132231404958 and parameters: {'num_leaves': 23, 'learning_rate': 0.23517295829378837, 'feature_fraction': 0.8177794333887343, 'bagging_fraction': 0.5863391088215482, 'bagging_freq': 7, 'min_child_samples': 31}. Best is trial 2 with value: 0.9834710743801653.
Training until validation scores don't improve for 50 rounds
Early stopping, best iteration is:
[10]	valid_0's binary_logloss: 0.602936
Training until validation scores don't improve for 50 rounds
Did not meet early stopping. Best iteration is:
[100]	valid_0's binary_logloss: 0.307648
Training until validation scores don't improve for 50 rounds
Early stopping, best iteration is:
[10]	valid_0's binary_logloss: 0.636901
Training until validation scores don't improve for 50 rounds
Early stopping, best iteration is:
[14]	valid_0's binary_logloss: 0.618197
Training until validation scores don't improve for 50 rounds
Early stopping, best iteration is:
[20]	valid_0's binary_logloss: 0.636901
Training until validation scores don't improve for 50 rounds
Early stopping, best iteration is:
[6]	valid_0's binary_logloss: 0.385036
Training until validation scores don't improve for 50 rounds
Early stopping, best iteration is:
[15]	valid_0's binary_logloss: 0.324773
Training until validation scores don't improve for 50 rounds
Early stopping, best iteration is:
[28]	valid_0's binary_logloss: 0.325757
Training until validation scores don't improve for 50 rounds
Early stopping, best iteration is:
[14]	valid_0's binary_logloss: 0.334002
Training until validation scores don't improve for 50 rounds
Early stopping, best iteration is:
[17]	valid_0's binary_logloss: 0.563216
Training until validation scores don't improve for 50 rounds
Early stopping, best iteration is:
[22]	valid_0's binary_logloss: 0.286992
Training until validation scores don't improve for 50 rounds
Early stopping, best iteration is:
[26]	valid_0's binary_logloss: 0.636901
Training until validation scores don't improve for 50 rounds
Early stopping, best iteration is:
[3]	valid_0's binary_logloss: 0.636901
Training until validation scores don't improve for 50 rounds
Early stopping, best iteration is:
[35]	valid_0's binary_logloss: 0.299519
Training until validation scores don't improve for 50 rounds
Early stopping, best iteration is:
[43]	valid_0's binary_logloss: 0.288608
Training until validation scores don't improve for 50 rounds
Did not meet early stopping. Best iteration is:
[94]	valid_0's binary_logloss: 0.50005
Training until validation scores don't improve for 50 rounds
Early stopping, best iteration is:
[21]	valid_0's binary_logloss: 0.322432
Training until validation scores don't improve for 50 rounds
Did not meet early stopping. Best iteration is:
[84]	valid_0's binary_logloss: 0.264576
Training until validation scores don't improve for 50 rounds
Early stopping, best iteration is:
[22]	valid_0's binary_logloss: 0.325775
Training until validation scores don't improve for 50 rounds
Did not meet early stopping. Best iteration is:
[74]	valid_0's binary_logloss: 0.261971
Training until validation scores don't improve for 50 rounds
Did not meet early stopping. Best iteration is:
[54]	valid_0's binary_logloss: 0.274647
Training until validation scores don't improve for 50 rounds
Did not meet early stopping. Best iteration is:
[72]	valid_0's binary_logloss: 0.327868
Training until validation scores don't improve for 50 rounds
Did not meet early stopping. Best iteration is:
[100]	valid_0's binary_logloss: 0.348959
Training until validation scores don't improve for 50 rounds
Did not meet early stopping. Best iteration is:
[98]	valid_0's binary_logloss: 0.303368
Training until validation scores don't improve for 50 rounds
Did not meet early stopping. Best iteration is:
[100]	valid_0's binary_logloss: 0.374688
Training until validation scores don't improve for 50 rounds
Early stopping, best iteration is:
[18]	valid_0's binary_logloss: 0.311432
Training until validation scores don't improve for 50 rounds
Did not meet early stopping. Best iteration is:
[100]	valid_0's binary_logloss: 0.332736
Training until validation scores don't improve for 50 rounds
Did not meet early stopping. Best iteration is:
[71]	valid_0's binary_logloss: 0.361446
Training until validation scores don't improve for 50 rounds
Did not meet early stopping. Best iteration is:
[96]	valid_0's binary_logloss: 0.318803
Training until validation scores don't improve for 50 rounds
Did not meet early stopping. Best iteration is:
[97]	valid_0's binary_logloss: 0.303678
Training until validation scores don't improve for 50 rounds
Did not meet early stopping. Best iteration is:
[75]	valid_0's binary_logloss: 0.339468
Training until validation scores don't improve for 50 rounds
Did not meet early stopping. Best iteration is:
[78]	valid_0's binary_logloss: 0.388344
Training until validation scores don't improve for 50 rounds
Early stopping, best iteration is:
[38]	valid_0's binary_logloss: 0.34485
Training until validation scores don't improve for 50 rounds
Early stopping, best iteration is:
[16]	valid_0's binary_logloss: 0.636901
Training until validation scores don't improve for 50 rounds
Did not meet early stopping. Best iteration is:
[78]	valid_0's binary_logloss: 0.354561
Training until validation scores don't improve for 50 rounds
Early stopping, best iteration is:
[4]	valid_0's binary_logloss: 0.636901
Training until validation scores don't improve for 50 rounds
Did not meet early stopping. Best iteration is:
[96]	valid_0's binary_logloss: 0.348043
Training until validation scores don't improve for 50 rounds
Did not meet early stopping. Best iteration is:
[79]	valid_0's binary_logloss: 0.310991
Training until validation scores don't improve for 50 rounds
Did not meet early stopping. Best iteration is:
[52]	valid_0's binary_logloss: 0.31967
Training until validation scores don't improve for 50 rounds
Did not meet early stopping. Best iteration is:
[99]	valid_0's binary_logloss: 0.358645
Training until validation scores don't improve for 50 rounds
Did not meet early stopping. Best iteration is:
[83]	valid_0's binary_logloss: 0.330439
Training until validation scores don't improve for 50 rounds
Did not meet early stopping. Best iteration is:
[98]	valid_0's binary_logloss: 0.370286
Training until validation scores don't improve for 50 rounds
Early stopping, best iteration is:
[33]	valid_0's binary_logloss: 0.322889
Training until validation scores don't improve for 50 rounds
Early stopping, best iteration is:
[7]	valid_0's binary_logloss: 0.636901
Training until validation scores don't improve for 50 rounds
Early stopping, best iteration is:
[21]	valid_0's binary_logloss: 0.636901
Training until validation scores don't improve for 50 rounds
Early stopping, best iteration is:
[31]	valid_0's binary_logloss: 0.636576
Training until validation scores don't improve for 50 rounds
Early stopping, best iteration is:
[10]	valid_0's binary_logloss: 0.284958
Training until validation scores don't improve for 50 rounds
Early stopping, best iteration is:
[32]	valid_0's binary_logloss: 0.248287
Training until validation scores don't improve for 50 rounds
Did not meet early stopping. Best iteration is:
[78]	valid_0's binary_logloss: 0.636576
Training until validation scores don't improve for 50 rounds
Did not meet early stopping. Best iteration is:
[92]	valid_0's binary_logloss: 0.620326
Training until validation scores don't improve for 50 rounds
Early stopping, best iteration is:
[47]	valid_0's binary_logloss: 0.19018
Training until validation scores don't improve for 50 rounds
Early stopping, best iteration is:
[48]	valid_0's binary_logloss: 0.636576
Training until validation scores don't improve for 50 rounds
Early stopping, best iteration is:
[1]	valid_0's binary_logloss: 0.636576
Training until validation scores don't improve for 50 rounds
Early stopping, best iteration is:
[11]	valid_0's binary_logloss: 0.636576
Training until validation scores don't improve for 50 rounds
Did not meet early stopping. Best iteration is:
[100]	valid_0's binary_logloss: 0.218681
Training until validation scores don't improve for 50 rounds
Did not meet early stopping. Best iteration is:
[100]	valid_0's binary_logloss: 0.286051
Training until validation scores don't improve for 50 rounds
Did not meet early stopping. Best iteration is:
[93]	valid_0's binary_logloss: 0.295375
Training until validation scores don't improve for 50 rounds
[I 2025-09-17 13:18:08,451] Trial 12 finished with value: 0.9669421487603306 and parameters: {'num_leaves': 44, 'learning_rate': 0.1333257387203554, 'feature_fraction': 0.8165912557338909, 'bagging_fraction': 0.7733861679479044, 'bagging_freq': 6, 'min_child_samples': 5}. Best is trial 2 with value: 0.9834710743801653.
[I 2025-09-17 13:18:08,478] Trial 13 finished with value: 0.8347107438016529 and parameters: {'num_leaves': 180, 'learning_rate': 0.017038940647776585, 'feature_fraction': 0.9562797859051226, 'bagging_fraction': 0.5975963561422575, 'bagging_freq': 3, 'min_child_samples': 34}. Best is trial 2 with value: 0.9834710743801653.
[I 2025-09-17 13:18:08,504] Trial 14 finished with value: 0.9628099173553719 and parameters: {'num_leaves': 13, 'learning_rate': 0.2589966326228222, 'feature_fraction': 0.760087206507386, 'bagging_fraction': 0.41554090495902524, 'bagging_freq': 6, 'min_child_samples': 22}. Best is trial 2 with value: 0.9834710743801653.
[I 2025-09-17 13:18:08,529] Trial 15 finished with value: 0.6570247933884298 and parameters: {'num_leaves': 57, 'learning_rate': 0.1932889033534934, 'feature_fraction': 0.5544729701655094, 'bagging_fraction': 0.6435866833352182, 'bagging_freq': 4, 'min_child_samples': 43}. Best is trial 2 with value: 0.9834710743801653.
[I 2025-09-17 13:18:08,537] Trial 16 finished with value: 0.5 and parameters: {'num_leaves': 207, 'learning_rate': 0.2637310932093075, 'feature_fraction': 0.8986402272228814, 'bagging_fraction': 0.9982432354481046, 'bagging_freq': 2, 'min_child_samples': 69}. Best is trial 2 with value: 0.9834710743801653.
[I 2025-09-17 13:18:08,569] Trial 17 finished with value: 0.9834710743801653 and parameters: {'num_leaves': 68, 'learning_rate': 0.24631161198164547, 'feature_fraction': 0.7381583903934298, 'bagging_fraction': 0.5317340950025105, 'bagging_freq': 6, 'min_child_samples': 21}. Best is trial 2 with value: 0.9834710743801653.
[I 2025-09-17 13:18:08,632] Trial 18 finished with value: 0.9338842975206612 and parameters: {'num_leaves': 129, 'learning_rate': 0.14730218674412485, 'feature_fraction': 0.5583586933586818, 'bagging_fraction': 0.7926881224613493, 'bagging_freq': 4, 'min_child_samples': 14}. Best is trial 2 with value: 0.9834710743801653.
[I 2025-09-17 13:18:08,651] Trial 19 finished with value: 0.5 and parameters: {'num_leaves': 10, 'learning_rate': 0.21372451380272497, 'feature_fraction': 0.7563156527702081, 'bagging_fraction': 0.535420557013515, 'bagging_freq': 5, 'min_child_samples': 42}. Best is trial 2 with value: 0.9834710743801653.
[I 2025-09-17 13:18:08,664] Trial 20 finished with value: 0.5 and parameters: {'num_leaves': 49, 'learning_rate': 0.2678992206191244, 'feature_fraction': 0.898508968852314, 'bagging_fraction': 0.7478073200509184, 'bagging_freq': 2, 'min_child_samples': 63}. Best is trial 2 with value: 0.9834710743801653.
[I 2025-09-17 13:18:08,687] Trial 21 finished with value: 0.9752066115702479 and parameters: {'num_leaves': 71, 'learning_rate': 0.24502210697579008, 'feature_fraction': 0.7434405659341434, 'bagging_fraction': 0.5195788666918226, 'bagging_freq': 6, 'min_child_samples': 25}. Best is trial 2 with value: 0.9834710743801653.
[I 2025-09-17 13:18:08,728] Trial 22 finished with value: 0.9380165289256199 and parameters: {'num_leaves': 76, 'learning_rate': 0.20175772583622462, 'feature_fraction': 0.610386848720313, 'bagging_fraction': 0.6139629719228236, 'bagging_freq': 6, 'min_child_samples': 14}. Best is trial 2 with value: 0.9834710743801653.
[I 2025-09-17 13:18:08,745] Trial 23 finished with value: 0.5 and parameters: {'num_leaves': 42, 'learning_rate': 0.2511481422796069, 'feature_fraction': 0.749170497397341, 'bagging_fraction': 0.48986597690742145, 'bagging_freq': 7, 'min_child_samples': 42}. Best is trial 2 with value: 0.9834710743801653.
[I 2025-09-17 13:18:08,784] Trial 24 finished with value: 0.9793388429752067 and parameters: {'num_leaves': 122, 'learning_rate': 0.1726341951345104, 'feature_fraction': 0.8559083945433407, 'bagging_fraction': 0.5601404342215316, 'bagging_freq': 5, 'min_child_samples': 14}. Best is trial 2 with value: 0.9834710743801653.
[I 2025-09-17 13:18:08,811] Trial 25 finished with value: 0.9917355371900827 and parameters: {'num_leaves': 64, 'learning_rate': 0.2786015489032195, 'feature_fraction': 0.7249331950515285, 'bagging_fraction': 0.661692488134067, 'bagging_freq': 6, 'min_child_samples': 27}. Best is trial 25 with value: 0.9917355371900827.
[I 2025-09-17 13:18:08,840] Trial 26 finished with value: 0.9752066115702479 and parameters: {'num_leaves': 39, 'learning_rate': 0.28338052617251996, 'feature_fraction': 0.49053854180294626, 'bagging_fraction': 0.6698598318637088, 'bagging_freq': 7, 'min_child_samples': 28}. Best is trial 25 with value: 0.9917355371900827.
[I 2025-09-17 13:18:08,865] Trial 27 finished with value: 0.9628099173553718 and parameters: {'num_leaves': 95, 'learning_rate': 0.2792552542036808, 'feature_fraction': 0.7057654557342227, 'bagging_fraction': 0.8306921743927878, 'bagging_freq': 4, 'min_child_samples': 39}. Best is trial 25 with value: 0.9917355371900827.
[I 2025-09-17 13:18:08,876] Trial 28 finished with value: 0.5 and parameters: {'num_leaves': 11, 'learning_rate': 0.2973155341288253, 'feature_fraction': 0.9460830953729726, 'bagging_fraction': 0.6623516300302166, 'bagging_freq': 5, 'min_child_samples': 50}. Best is trial 25 with value: 0.9917355371900827.
[I 2025-09-17 13:18:08,929] Trial 29 finished with value: 0.9669421487603306 and parameters: {'num_leaves': 26, 'learning_rate': 0.27554120712686425, 'feature_fraction': 0.6930367865494297, 'bagging_fraction': 0.4116000923024163, 'bagging_freq': 3, 'min_child_samples': 10}. Best is trial 25 with value: 0.9917355371900827.
[I 2025-09-17 13:18:08,963] Trial 30 finished with value: 0.9752066115702479 and parameters: {'num_leaves': 35, 'learning_rate': 0.23259232272804253, 'feature_fraction': 0.622386309838216, 'bagging_fraction': 0.4674883982088482, 'bagging_freq': 6, 'min_child_samples': 19}. Best is trial 25 with value: 0.9917355371900827.
[I 2025-09-17 13:18:08,990] Trial 31 finished with value: 0.9628099173553719 and parameters: {'num_leaves': 70, 'learning_rate': 0.2536281669552628, 'feature_fraction': 0.7890840779371463, 'bagging_fraction': 0.4937897852610335, 'bagging_freq': 6, 'min_child_samples': 24}. Best is trial 25 with value: 0.9917355371900827.
[I 2025-09-17 13:18:09,032] Trial 32 finished with value: 0.9628099173553719 and parameters: {'num_leaves': 58, 'learning_rate': 0.21040751524091855, 'feature_fraction': 0.7187267595603823, 'bagging_fraction': 0.6379109168764163, 'bagging_freq': 4, 'min_child_samples': 19}. Best is trial 25 with value: 0.9917355371900827.
[I 2025-09-17 13:18:09,048] Trial 33 finished with value: 0.5 and parameters: {'num_leaves': 83, 'learning_rate': 0.2809593482758339, 'feature_fraction': 0.6529350563062898, 'bagging_fraction': 0.5633371755042059, 'bagging_freq': 6, 'min_child_samples': 100}. Best is trial 25 with value: 0.9917355371900827.
[I 2025-09-17 13:18:09,116] Trial 34 finished with value: 0.9586776859504132 and parameters: {'num_leaves': 112, 'learning_rate': 0.2354168214533601, 'feature_fraction': 0.7760007949128125, 'bagging_fraction': 0.7004503990714974, 'bagging_freq': 5, 'min_child_samples': 10}. Best is trial 25 with value: 0.9917355371900827.
[I 2025-09-17 13:18:09,207] Trial 35 finished with value: 0.9545454545454545 and parameters: {'num_leaves': 154, 'learning_rate': 0.22222640827162077, 'feature_fraction': 0.8512812638382083, 'bagging_fraction': 0.44078406051197583, 'bagging_freq': 7, 'min_child_samples': 5}. Best is trial 25 with value: 0.9917355371900827.
[I 2025-09-17 13:18:09,238] Trial 36 finished with value: 0.9545454545454546 and parameters: {'num_leaves': 61, 'learning_rate': 0.2975024207165834, 'feature_fraction': 0.7167975941415968, 'bagging_fraction': 0.918294478920562, 'bagging_freq': 5, 'min_child_samples': 28}. Best is trial 25 with value: 0.9917355371900827.
[I 2025-09-17 13:18:09,265] Trial 37 finished with value: 0.743801652892562 and parameters: {'num_leaves': 89, 'learning_rate': 0.17710030969368518, 'feature_fraction': 0.5873947346054684, 'bagging_fraction': 0.801929374079499, 'bagging_freq': 6, 'min_child_samples': 49}. Best is trial 25 with value: 0.9917355371900827.
[I 2025-09-17 13:18:09,288] Trial 38 finished with value: 0.9628099173553719 and parameters: {'num_leaves': 31, 'learning_rate': 0.2677256984031764, 'feature_fraction': 0.6681765680301374, 'bagging_fraction': 0.6280688139279188, 'bagging_freq': 7, 'min_child_samples': 35}. Best is trial 25 with value: 0.9917355371900827.
[I 2025-09-17 13:18:09,323] Trial 39 finished with value: 0.9710743801652892 and parameters: {'num_leaves': 149, 'learning_rate': 0.24805733437902888, 'feature_fraction': 0.7903138841977241, 'bagging_fraction': 0.7360487265014019, 'bagging_freq': 4, 'min_child_samples': 17}. Best is trial 25 with value: 0.9917355371900827.
