[I 2025-09-17 13:18:09,353] Trial 40 finished with value: 0.9421487603305785 and parameters: {'num_leaves': 254, 'learning_rate': 0.05506384163236282, 'feature_fraction': 0.8550876975884913, 'bagging_fraction': 0.5678863539722997, 'bagging_freq': 5, 'min_child_samples': 27}. Best is trial 25 with value: 0.9917355371900827.
[I 2025-09-17 13:18:09,405] Trial 41 finished with value: 0.9669421487603306 and parameters: {'num_leaves': 108, 'learning_rate': 0.11001864011814484, 'feature_fraction': 0.8611870038012732, 'bagging_fraction': 0.5426747773910038, 'bagging_freq': 6, 'min_child_samples': 12}. Best is trial 25 with value: 0.9917355371900827.
[I 2025-09-17 13:18:09,432] Trial 42 finished with value: 0.9628099173553719 and parameters: {'num_leaves': 128, 'learning_rate': 0.1749118559170461, 'feature_fraction': 0.931497660906212, 'bagging_fraction': 0.4962893601693903, 'bagging_freq': 5, 'min_child_samples': 22}. Best is trial 25 with value: 0.9917355371900827.
[I 2025-09-17 13:18:09,472] Trial 43 finished with value: 0.9710743801652892 and parameters: {'num_leaves': 171, 'learning_rate': 0.2866574638813301, 'feature_fraction': 0.8254761801312845, 'bagging_fraction': 0.5835838504975085, 'bagging_freq': 5, 'min_child_samples': 16}. Best is trial 25 with value: 0.9917355371900827.
[I 2025-09-17 13:18:09,558] Trial 44 finished with value: 0.9297520661157025 and parameters: {'num_leaves': 121, 'learning_rate': 0.15748703352330604, 'feature_fraction': 0.9882333929181643, 'bagging_fraction': 0.6732003584947974, 'bagging_freq': 6, 'min_child_samples': 9}. Best is trial 25 with value: 0.9917355371900827.
[I 2025-09-17 13:18:09,588] Trial 45 finished with value: 0.9669421487603306 and parameters: {'num_leaves': 52, 'learning_rate': 0.23941557071038766, 'feature_fraction': 0.6759709056955974, 'bagging_fraction': 0.45335209863492026, 'bagging_freq': 5, 'min_child_samples': 22}. Best is trial 25 with value: 0.9917355371900827.
[I 2025-09-17 13:18:09,617] Trial 46 finished with value: 0.9380165289256198 and parameters: {'num_leaves': 24, 'learning_rate': 0.22539514841136182, 'feature_fraction': 0.8086798578852394, 'bagging_fraction': 0.5573017646859396, 'bagging_freq': 6, 'min_child_samples': 30}. Best is trial 25 with value: 0.9917355371900827.
[I 2025-09-17 13:18:09,649] Trial 47 finished with value: 0.9256198347107437 and parameters: {'num_leaves': 65, 'learning_rate': 0.18612096985052506, 'feature_fraction': 0.6404818276298594, 'bagging_fraction': 0.6056509108214851, 'bagging_freq': 5, 'min_child_samples': 35}. Best is trial 25 with value: 0.9917355371900827.
[I 2025-09-17 13:18:09,750] Trial 48 finished with value: 0.9421487603305785 and parameters: {'num_leaves': 143, 'learning_rate': 0.12904424247674046, 'feature_fraction': 0.8705613321680593, 'bagging_fraction': 0.5069921713837581, 'bagging_freq': 7, 'min_child_samples': 6}. Best is trial 25 with value: 0.9917355371900827.
[I 2025-09-17 13:18:09,792] Trial 49 finished with value: 0.9504132231404958 and parameters: {'num_leaves': 79, 'learning_rate': 0.26035900340435164, 'feature_fraction': 0.9202586924704602, 'bagging_fraction': 0.7607967333967462, 'bagging_freq': 2, 'min_child_samples': 15}. Best is trial 25 with value: 0.9917355371900827.
[I 2025-09-17 13:18:09,980] A new study created in memory with name: no-name-3069cd27-c8bc-465a-b6b9-830b7ef7ad6b
[I 2025-09-17 13:18:09,988] Trial 0 finished with value: 0.5 and parameters: {'num_leaves': 238, 'learning_rate': 0.2721594992027611, 'feature_fraction': 0.8361752687797679, 'bagging_fraction': 0.7384356874094997, 'bagging_freq': 3, 'min_child_samples': 80}. Best is trial 0 with value: 0.5.
[I 2025-09-17 13:18:10,011] Trial 1 finished with value: 0.884297520661157 and parameters: {'num_leaves': 218, 'learning_rate': 0.2055262319961721, 'feature_fraction': 0.9185292027567659, 'bagging_fraction': 0.599367514351773, 'bagging_freq': 5, 'min_child_samples': 36}. Best is trial 1 with value: 0.884297520661157.
[I 2025-09-17 13:18:10,075] Trial 2 finished with value: 0.8760330578512396 and parameters: {'num_leaves': 268, 'learning_rate': 0.06082632604391798, 'feature_fraction': 0.6346065819814187, 'bagging_fraction': 0.8418191503914931, 'bagging_freq': 6, 'min_child_samples': 12}. Best is trial 1 with value: 0.884297520661157.
[I 2025-09-17 13:18:10,094] Trial 3 finished with value: 0.9049586776859504 and parameters: {'num_leaves': 40, 'learning_rate': 0.025961172120936578, 'feature_fraction': 0.5535734799426243, 'bagging_fraction': 0.8256941176678712, 'bagging_freq': 6, 'min_child_samples': 40}. Best is trial 3 with value: 0.9049586776859504.
[I 2025-09-17 13:18:10,112] Trial 4 finished with value: 0.9090909090909091 and parameters: {'num_leaves': 219, 'learning_rate': 0.22262765144056906, 'feature_fraction': 0.8288744937899606, 'bagging_fraction': 0.6170721975358009, 'bagging_freq': 7, 'min_child_samples': 31}. Best is trial 4 with value: 0.9090909090909091.
[I 2025-09-17 13:18:10,251] Trial 5 finished with value: 0.8677685950413223 and parameters: {'num_leaves': 75, 'learning_rate': 0.08850975712554013, 'feature_fraction': 0.5292070623853815, 'bagging_fraction': 0.8398329672592231, 'bagging_freq': 5, 'min_child_samples': 5}. Best is trial 4 with value: 0.9090909090909091.
[I 2025-09-17 13:18:10,354] Trial 6 finished with value: 0.8677685950413223 and parameters: {'num_leaves': 192, 'learning_rate': 0.20283549694561814, 'feature_fraction': 0.5119865319669836, 'bagging_fraction': 0.9396978050915161, 'bagging_freq': 4, 'min_child_samples': 6}. Best is trial 4 with value: 0.9090909090909091.
[I 2025-09-17 13:18:10,367] Trial 7 finished with value: 0.5 and parameters: {'num_leaves': 219, 'learning_rate': 0.09038117974787262, 'feature_fraction': 0.4479137414974424, 'bagging_fraction': 0.8601288038438089, 'bagging_freq': 6, 'min_child_samples': 98}. Best is trial 4 with value: 0.9090909090909091.
[I 2025-09-17 13:18:10,384] Trial 8 finished with value: 0.5 and parameters: {'num_leaves': 230, 'learning_rate': 0.12641799111680022, 'feature_fraction': 0.4473417408610283, 'bagging_fraction': 0.6308069708794806, 'bagging_freq': 7, 'min_child_samples': 56}. Best is trial 4 with value: 0.9090909090909091.
[I 2025-09-17 13:18:10,420] Trial 9 finished with value: 0.9049586776859505 and parameters: {'num_leaves': 219, 'learning_rate': 0.04500037504516777, 'feature_fraction': 0.8711302403935055, 'bagging_fraction': 0.42887688306607946, 'bagging_freq': 6, 'min_child_samples': 17}. Best is trial 4 with value: 0.9090909090909091.
[I 2025-09-17 13:18:10,434] Trial 10 finished with value: 0.5 and parameters: {'num_leaves': 132, 'learning_rate': 0.2805914598468911, 'feature_fraction': 0.7725575680207852, 'bagging_fraction': 0.4648223866596428, 'bagging_freq': 1, 'min_child_samples': 62}. Best is trial 4 with value: 0.9090909090909091.
[I 2025-09-17 13:18:10,461] Trial 11 finished with value: 0.7892561983471074 and parameters: {'num_leaves': 297, 'learning_rate': 0.18284580206360418, 'feature_fraction': 0.9779674487150742, 'bagging_fraction': 0.40748038738546755, 'bagging_freq': 7, 'min_child_samples': 27}. Best is trial 4 with value: 0.9090909090909091.
[I 2025-09-17 13:18:10,484] Trial 12 finished with value: 0.9090909090909092 and parameters: {'num_leaves': 150, 'learning_rate': 0.01239662019175776, 'feature_fraction': 0.8161847449244105, 'bagging_fraction': 0.5215089138133391, 'bagging_freq': 7, 'min_child_samples': 25}. Best is trial 12 with value: 0.9090909090909092.
[I 2025-09-17 13:18:10,503] Trial 13 finished with value: 0.6735537190082646 and parameters: {'num_leaves': 152, 'learning_rate': 0.23965780509388865, 'feature_fraction': 0.7274924371073538, 'bagging_fraction': 0.5445569717485244, 'bagging_freq': 2, 'min_child_samples': 40}. Best is trial 12 with value: 0.9090909090909092.
[I 2025-09-17 13:18:10,527] Trial 14 finished with value: 0.896694214876033 and parameters: {'num_leaves': 114, 'learning_rate': 0.14409140724838848, 'feature_fraction': 0.7854267438756835, 'bagging_fraction': 0.5296098024422519, 'bagging_freq': 7, 'min_child_samples': 23}. Best is trial 12 with value: 0.9090909090909092.
[I 2025-09-17 13:18:10,551] Trial 15 finished with value: 0.9049586776859504 and parameters: {'num_leaves': 180, 'learning_rate': 0.23537947857349006, 'feature_fraction': 0.6605098689884312, 'bagging_fraction': 0.7073814990041571, 'bagging_freq': 4, 'min_child_samples': 31}. Best is trial 12 with value: 0.9090909090909092.
[I 2025-09-17 13:18:10,569] Trial 16 finished with value: 0.6652892561983472 and parameters: {'num_leaves': 89, 'learning_rate': 0.1618367052495641, 'feature_fraction': 0.9905272448207693, 'bagging_fraction': 0.6340955054222719, 'bagging_freq': 5, 'min_child_samples': 46}. Best is trial 12 with value: 0.9090909090909092.
[I 2025-09-17 13:18:10,581] Trial 17 finished with value: 0.5 and parameters: {'num_leaves': 181, 'learning_rate': 0.015009234770958585, 'feature_fraction': 0.8724512480517841, 'bagging_fraction': 0.5060113877621368, 'bagging_freq': 7, 'min_child_samples': 67}. Best is trial 12 with value: 0.9090909090909092.
[I 2025-09-17 13:18:10,609] Trial 18 finished with value: 0.9090909090909092 and parameters: {'num_leaves': 148, 'learning_rate': 0.11373724776884357, 'feature_fraction': 0.7186402040556205, 'bagging_fraction': 0.5659997991223242, 'bagging_freq': 3, 'min_child_samples': 22}. Best is trial 12 with value: 0.9090909090909092.
[I 2025-09-17 13:18:10,641] Trial 19 finished with value: 0.9008264462809918 and parameters: {'num_leaves': 109, 'learning_rate': 0.10847145939261146, 'feature_fraction': 0.7117890541687779, 'bagging_fraction': 0.5736975901570958, 'bagging_freq': 3, 'min_child_samples': 19}. Best is trial 12 with value: 0.9090909090909092.
Early stopping, best iteration is:
[26]	valid_0's binary_logloss: 0.229812
Training until validation scores don't improve for 50 rounds
Did not meet early stopping. Best iteration is:
[100]	valid_0's binary_logloss: 0.572378
Training until validation scores don't improve for 50 rounds
Did not meet early stopping. Best iteration is:
[83]	valid_0's binary_logloss: 0.247884
Training until validation scores don't improve for 50 rounds
Did not meet early stopping. Best iteration is:
[80]	valid_0's binary_logloss: 0.549135
Training until validation scores don't improve for 50 rounds
Early stopping, best iteration is:
[17]	valid_0's binary_logloss: 0.636576
Training until validation scores don't improve for 50 rounds
Did not meet early stopping. Best iteration is:
[85]	valid_0's binary_logloss: 0.241652
Training until validation scores don't improve for 50 rounds
Early stopping, best iteration is:
[29]	valid_0's binary_logloss: 0.291863
Training until validation scores don't improve for 50 rounds
Early stopping, best iteration is:
[46]	valid_0's binary_logloss: 0.636576
Training until validation scores don't improve for 50 rounds
Early stopping, best iteration is:
[13]	valid_0's binary_logloss: 0.636576
Training until validation scores don't improve for 50 rounds
Did not meet early stopping. Best iteration is:
[90]	valid_0's binary_logloss: 0.242703
Training until validation scores don't improve for 50 rounds
Early stopping, best iteration is:
[31]	valid_0's binary_logloss: 0.304543
Training until validation scores don't improve for 50 rounds
Early stopping, best iteration is:
[47]	valid_0's binary_logloss: 0.636576
Training until validation scores don't improve for 50 rounds
Early stopping, best iteration is:
[40]	valid_0's binary_logloss: 0.203173
Training until validation scores don't improve for 50 rounds
Early stopping, best iteration is:
[45]	valid_0's binary_logloss: 0.222043
Training until validation scores don't improve for 50 rounds
Did not meet early stopping. Best iteration is:
[51]	valid_0's binary_logloss: 0.252037
Training until validation scores don't improve for 50 rounds
Did not meet early stopping. Best iteration is:
[81]	valid_0's binary_logloss: 0.26594
Training until validation scores don't improve for 50 rounds
Early stopping, best iteration is:
[2]	valid_0's binary_logloss: 0.636576
Training until validation scores don't improve for 50 rounds
Did not meet early stopping. Best iteration is:
[51]	valid_0's binary_logloss: 0.210025
Training until validation scores don't improve for 50 rounds
Did not meet early stopping. Best iteration is:
[77]	valid_0's binary_logloss: 0.23036
Training until validation scores don't improve for 50 rounds
Did not meet early stopping. Best iteration is:
[78]	valid_0's binary_logloss: 0.244466
Training until validation scores don't improve for 50 rounds
Did not meet early stopping. Best iteration is:
[80]	valid_0's binary_logloss: 0.246722
Training until validation scores don't improve for 50 rounds
Early stopping, best iteration is:
[29]	valid_0's binary_logloss: 0.636576
Training until validation scores don't improve for 50 rounds
Early stopping, best iteration is:
[40]	valid_0's binary_logloss: 0.254474
Training until validation scores don't improve for 50 rounds
Early stopping, best iteration is:
[38]	valid_0's binary_logloss: 0.28374
Training until validation scores don't improve for 50 rounds
Early stopping, best iteration is:
[35]	valid_0's binary_logloss: 0.283437
Training until validation scores don't improve for 50 rounds
Did not meet early stopping. Best iteration is:
[77]	valid_0's binary_logloss: 0.53501
Training until validation scores don't improve for 50 rounds
Did not meet early stopping. Best iteration is:
[95]	valid_0's binary_logloss: 0.282684
Training until validation scores don't improve for 50 rounds
Early stopping, best iteration is:
[25]	valid_0's binary_logloss: 0.250591
Training until validation scores don't improve for 50 rounds
Did not meet early stopping. Best iteration is:
[100]	valid_0's binary_logloss: 0.331072
Training until validation scores don't improve for 50 rounds
Did not meet early stopping. Best iteration is:
[55]	valid_0's binary_logloss: 0.229696
Training until validation scores don't improve for 50 rounds
Early stopping, best iteration is:
[48]	valid_0's binary_logloss: 0.263108
Training until validation scores don't improve for 50 rounds
Early stopping, best iteration is:
[36]	valid_0's binary_logloss: 0.219037
Training until validation scores don't improve for 50 rounds
Early stopping, best iteration is:
[49]	valid_0's binary_logloss: 0.321224
Training until validation scores don't improve for 50 rounds
Did not meet early stopping. Best iteration is:
[96]	valid_0's binary_logloss: 0.233499
Training until validation scores don't improve for 50 rounds
Did not meet early stopping. Best iteration is:
[79]	valid_0's binary_logloss: 0.31272
Training until validation scores don't improve for 50 rounds
Did not meet early stopping. Best iteration is:
[96]	valid_0's binary_logloss: 0.398261
Training until validation scores don't improve for 50 rounds
Did not meet early stopping. Best iteration is:
[76]	valid_0's binary_logloss: 0.290832
Training until validation scores don't improve for 50 rounds
Early stopping, best iteration is:
[14]	valid_0's binary_logloss: 0.263778
Training until validation scores don't improve for 50 rounds
Early stopping, best iteration is:
[2]	valid_0's binary_logloss: 0.63665
Training until validation scores don't improve for 50 rounds
Did not meet early stopping. Best iteration is:
[96]	valid_0's binary_logloss: 0.420659
Training until validation scores don't improve for 50 rounds
Early stopping, best iteration is:
[46]	valid_0's binary_logloss: 0.430994
Training until validation scores don't improve for 50 rounds
Did not meet early stopping. Best iteration is:
[100]	valid_0's binary_logloss: 0.474831
Training until validation scores don't improve for 50 rounds
Early stopping, best iteration is:
[44]	valid_0's binary_logloss: 0.38729
Training until validation scores don't improve for 50 rounds
Early stopping, best iteration is:
[21]	valid_0's binary_logloss: 0.42112
Training until validation scores don't improve for 50 rounds
Early stopping, best iteration is:
[7]	valid_0's binary_logloss: 0.461538
Training until validation scores don't improve for 50 rounds
Early stopping, best iteration is:
[6]	valid_0's binary_logloss: 0.63665
Training until validation scores don't improve for 50 rounds
Early stopping, best iteration is:
[21]	valid_0's binary_logloss: 0.63665
Training until validation scores don't improve for 50 rounds
Did not meet early stopping. Best iteration is:
[91]	valid_0's binary_logloss: 0.382359
Training until validation scores don't improve for 50 rounds
Early stopping, best iteration is:
[1]	valid_0's binary_logloss: 0.63665
Training until validation scores don't improve for 50 rounds
Did not meet early stopping. Best iteration is:
[73]	valid_0's binary_logloss: 0.490134
Training until validation scores don't improve for 50 rounds
Did not meet early stopping. Best iteration is:
[100]	valid_0's binary_logloss: 0.516745
Training until validation scores don't improve for 50 rounds
Did not meet early stopping. Best iteration is:
[87]	valid_0's binary_logloss: 0.599974
Training until validation scores don't improve for 50 rounds
Early stopping, best iteration is:
[36]	valid_0's binary_logloss: 0.401456
Training until validation scores don't improve for 50 rounds
Early stopping, best iteration is:
[30]	valid_0's binary_logloss: 0.413558
Training until validation scores don't improve for 50 rounds
Did not meet early stopping. Best iteration is:
[73]	valid_0's binary_logloss: 0.607941
Training until validation scores don't improve for 50 rounds
Early stopping, best iteration is:
[6]	valid_0's binary_logloss: 0.63665
Training until validation scores don't improve for 50 rounds
Did not meet early stopping. Best iteration is:
[71]	valid_0's binary_logloss: 0.375289
Training until validation scores don't improve for 50 rounds
Did not meet early stopping. Best iteration is:
[72]	valid_0's binary_logloss: 0.387747
[I 2025-09-17 13:18:10,664] Trial 20 finished with value: 0.743801652892562 and parameters: {'num_leaves': 58, 'learning_rate': 0.06299224570264142, 'feature_fraction': 0.6505491666273805, 'bagging_fraction': 0.7596499691471882, 'bagging_freq': 3, 'min_child_samples': 52}. Best is trial 12 with value: 0.9090909090909092.
[I 2025-09-17 13:18:10,689] Trial 21 finished with value: 0.9173553719008264 and parameters: {'num_leaves': 12, 'learning_rate': 0.1591095933181511, 'feature_fraction': 0.7786975808069405, 'bagging_fraction': 0.6725400618295205, 'bagging_freq': 2, 'min_child_samples': 31}. Best is trial 21 with value: 0.9173553719008264.
[I 2025-09-17 13:18:10,726] Trial 22 finished with value: 0.8760330578512397 and parameters: {'num_leaves': 11, 'learning_rate': 0.16640199483424173, 'feature_fraction': 0.769065045363209, 'bagging_fraction': 0.6721393640251347, 'bagging_freq': 1, 'min_child_samples': 16}. Best is trial 21 with value: 0.9173553719008264.
[I 2025-09-17 13:18:10,752] Trial 23 finished with value: 0.9132231404958677 and parameters: {'num_leaves': 149, 'learning_rate': 0.12871408278030186, 'feature_fraction': 0.5957677674931893, 'bagging_fraction': 0.48380705074030983, 'bagging_freq': 2, 'min_child_samples': 24}. Best is trial 21 with value: 0.9173553719008264.
[I 2025-09-17 13:18:10,776] Trial 24 finished with value: 0.8347107438016529 and parameters: {'num_leaves': 15, 'learning_rate': 0.13135258095616298, 'feature_fraction': 0.5790164964763405, 'bagging_fraction': 0.48391183818377514, 'bagging_freq': 2, 'min_child_samples': 34}. Best is trial 21 with value: 0.9173553719008264.
[I 2025-09-17 13:18:10,790] Trial 25 finished with value: 0.5 and parameters: {'num_leaves': 118, 'learning_rate': 0.09053123367642715, 'feature_fraction': 0.5996808168301714, 'bagging_fraction': 0.450940610332713, 'bagging_freq': 2, 'min_child_samples': 46}. Best is trial 21 with value: 0.9173553719008264.
[I 2025-09-17 13:18:10,821] Trial 26 finished with value: 0.8884297520661157 and parameters: {'num_leaves': 89, 'learning_rate': 0.19065309470968783, 'feature_fraction': 0.9403268175506259, 'bagging_fraction': 0.6729372371586402, 'bagging_freq': 1, 'min_child_samples': 27}. Best is trial 21 with value: 0.9173553719008264.
[I 2025-09-17 13:18:10,882] Trial 27 finished with value: 0.9421487603305785 and parameters: {'num_leaves': 165, 'learning_rate': 0.15229023065159636, 'feature_fraction': 0.6762016479021833, 'bagging_fraction': 0.4930869016046769, 'bagging_freq': 2, 'min_child_samples': 11}. Best is trial 27 with value: 0.9421487603305785.
[I 2025-09-17 13:18:10,936] Trial 28 finished with value: 0.8719008264462811 and parameters: {'num_leaves': 168, 'learning_rate': 0.14937373652958622, 'feature_fraction': 0.6167324532534959, 'bagging_fraction': 0.9938858309573897, 'bagging_freq': 2, 'min_child_samples': 12}. Best is trial 27 with value: 0.9421487603305785.
[I 2025-09-17 13:18:10,949] Trial 29 finished with value: 0.5 and parameters: {'num_leaves': 261, 'learning_rate': 0.262566982080526, 'feature_fraction': 0.6918193008890704, 'bagging_fraction': 0.7626663735948576, 'bagging_freq': 2, 'min_child_samples': 72}. Best is trial 27 with value: 0.9421487603305785.
[I 2025-09-17 13:18:10,992] Trial 30 finished with value: 0.8925619834710744 and parameters: {'num_leaves': 45, 'learning_rate': 0.2997890524228115, 'feature_fraction': 0.40306607820574136, 'bagging_fraction': 0.40089191772426047, 'bagging_freq': 1, 'min_child_samples': 10}. Best is trial 27 with value: 0.9421487603305785.
[I 2025-09-17 13:18:11,015] Trial 31 finished with value: 0.9049586776859504 and parameters: {'num_leaves': 137, 'learning_rate': 0.17339084315526837, 'feature_fraction': 0.8225394560939432, 'bagging_fraction': 0.5128076076725621, 'bagging_freq': 4, 'min_child_samples': 25}. Best is trial 27 with value: 0.9421487603305785.
