[I 2025-09-17 13:18:03,255] Trial 2 finished with value: 0.8614035087719298 and parameters: {'num_leaves': 73, 'learning_rate': 0.2945329947402413, 'feature_fraction': 0.9928029662993569, 'bagging_fraction': 0.7504901529544858, 'bagging_freq': 6, 'min_child_samples': 29}. Best is trial 0 with value: 0.8912280701754386.
[I 2025-09-17 13:18:03,262] Trial 3 finished with value: 0.5 and parameters: {'num_leaves': 276, 'learning_rate': 0.2145106778274584, 'feature_fraction': 0.5588872214313876, 'bagging_fraction': 0.48461579533706306, 'bagging_freq': 7, 'min_child_samples': 83}. Best is trial 0 with value: 0.8912280701754386.
[I 2025-09-17 13:18:03,274] Trial 4 finished with value: 0.5 and parameters: {'num_leaves': 174, 'learning_rate': 0.16673469742122787, 'feature_fraction': 0.7958871262653977, 'bagging_fraction': 0.42532076293068927, 'bagging_freq': 7, 'min_child_samples': 76}. Best is trial 0 with value: 0.8912280701754386.
[I 2025-09-17 13:18:03,282] Trial 5 finished with value: 0.5 and parameters: {'num_leaves': 222, 'learning_rate': 0.09549795709648798, 'feature_fraction': 0.7870840310217055, 'bagging_fraction': 0.6409344874757963, 'bagging_freq': 4, 'min_child_samples': 77}. Best is trial 0 with value: 0.8912280701754386.
[I 2025-09-17 13:18:03,304] Trial 6 finished with value: 0.8736842105263158 and parameters: {'num_leaves': 189, 'learning_rate': 0.16591643259980143, 'feature_fraction': 0.68082954821409, 'bagging_fraction': 0.7008305283159145, 'bagging_freq': 3, 'min_child_samples': 20}. Best is trial 0 with value: 0.8912280701754386.
[I 2025-09-17 13:18:03,312] Trial 7 finished with value: 0.5 and parameters: {'num_leaves': 207, 'learning_rate': 0.2985198796987847, 'feature_fraction': 0.8799089780530058, 'bagging_fraction': 0.6892346377105731, 'bagging_freq': 5, 'min_child_samples': 56}. Best is trial 0 with value: 0.8912280701754386.
[I 2025-09-17 13:18:03,397] Trial 8 finished with value: 0.8245614035087719 and parameters: {'num_leaves': 172, 'learning_rate': 0.07870228654674416, 'feature_fraction': 0.6147843934288466, 'bagging_fraction': 0.710565502746218, 'bagging_freq': 7, 'min_child_samples': 6}. Best is trial 0 with value: 0.8912280701754386.
[I 2025-09-17 13:18:03,410] Trial 9 finished with value: 0.5 and parameters: {'num_leaves': 290, 'learning_rate': 0.061139617936235846, 'feature_fraction': 0.8431063491461057, 'bagging_fraction': 0.7739487387638042, 'bagging_freq': 4, 'min_child_samples': 95}. Best is trial 0 with value: 0.8912280701754386.
[I 2025-09-17 13:18:03,428] Trial 10 finished with value: 0.7701754385964912 and parameters: {'num_leaves': 104, 'learning_rate': 0.2363039460090182, 'feature_fraction': 0.4101250244472447, 'bagging_fraction': 0.9735620392806369, 'bagging_freq': 2, 'min_child_samples': 44}. Best is trial 0 with value: 0.8912280701754386.
[I 2025-09-17 13:18:03,504] Trial 11 finished with value: 0.8526315789473684 and parameters: {'num_leaves': 122, 'learning_rate': 0.22173494411441325, 'feature_fraction': 0.49951204089507584, 'bagging_fraction': 0.9945106345565042, 'bagging_freq': 3, 'min_child_samples': 10}. Best is trial 0 with value: 0.8912280701754386.
[I 2025-09-17 13:18:03,538] Trial 12 finished with value: 0.8736842105263158 and parameters: {'num_leaves': 25, 'learning_rate': 0.011954351880715697, 'feature_fraction': 0.7188043576700336, 'bagging_fraction': 0.8725347205356211, 'bagging_freq': 5, 'min_child_samples': 27}. Best is trial 0 with value: 0.8912280701754386.
[I 2025-09-17 13:18:03,581] Trial 13 finished with value: 0.8947368421052633 and parameters: {'num_leaves': 130, 'learning_rate': 0.1630994057336595, 'feature_fraction': 0.4872539804085772, 'bagging_fraction': 0.8557790951480669, 'bagging_freq': 3, 'min_child_samples': 23}. Best is trial 13 with value: 0.8947368421052633.
[I 2025-09-17 13:18:03,596] Trial 14 finished with value: 0.7701754385964912 and parameters: {'num_leaves': 122, 'learning_rate': 0.2597912264977234, 'feature_fraction': 0.4284503182549928, 'bagging_fraction': 0.8875843836275649, 'bagging_freq': 5, 'min_child_samples': 44}. Best is trial 13 with value: 0.8947368421052633.
[I 2025-09-17 13:18:03,615] Trial 15 finished with value: 0.8315789473684211 and parameters: {'num_leaves': 76, 'learning_rate': 0.1244984526823876, 'feature_fraction': 0.526377483212208, 'bagging_fraction': 0.8481406444323509, 'bagging_freq': 3, 'min_child_samples': 36}. Best is trial 13 with value: 0.8947368421052633.
[I 2025-09-17 13:18:03,636] Trial 16 finished with value: 0.7736842105263158 and parameters: {'num_leaves': 135, 'learning_rate': 0.19957030400208434, 'feature_fraction': 0.47225154898472854, 'bagging_fraction': 0.9344100489152967, 'bagging_freq': 1, 'min_child_samples': 58}. Best is trial 13 with value: 0.8947368421052633.
[I 2025-09-17 13:18:03,667] Trial 17 finished with value: 0.8947368421052632 and parameters: {'num_leaves': 81, 'learning_rate': 0.2583271851757004, 'feature_fraction': 0.5906130150725576, 'bagging_fraction': 0.8110950934885893, 'bagging_freq': 6, 'min_child_samples': 20}. Best is trial 13 with value: 0.8947368421052633.
[I 2025-09-17 13:18:03,713] Trial 18 finished with value: 0.8807017543859649 and parameters: {'num_leaves': 13, 'learning_rate': 0.12140842862246182, 'feature_fraction': 0.6062522493164245, 'bagging_fraction': 0.8019009589298143, 'bagging_freq': 2, 'min_child_samples': 14}. Best is trial 13 with value: 0.8947368421052633.
[I 2025-09-17 13:18:03,728] Trial 19 finished with value: 0.7298245614035088 and parameters: {'num_leaves': 55, 'learning_rate': 0.18829483293483545, 'feature_fraction': 0.608678173497368, 'bagging_fraction': 0.8147615847134513, 'bagging_freq': 6, 'min_child_samples': 39}. Best is trial 13 with value: 0.8947368421052633.
[I 2025-09-17 13:18:03,740] Trial 20 finished with value: 0.5 and parameters: {'num_leaves': 148, 'learning_rate': 0.2697646409021539, 'feature_fraction': 0.4589503122031251, 'bagging_fraction': 0.5962753797889445, 'bagging_freq': 4, 'min_child_samples': 61}. Best is trial 13 with value: 0.8947368421052633.
[I 2025-09-17 13:18:03,771] Trial 21 finished with value: 0.8736842105263158 and parameters: {'num_leaves': 93, 'learning_rate': 0.24681865165923608, 'feature_fraction': 0.5477189244765213, 'bagging_fraction': 0.9138662817759461, 'bagging_freq': 6, 'min_child_samples': 23}. Best is trial 13 with value: 0.8947368421052633.
[I 2025-09-17 13:18:03,813] Trial 22 finished with value: 0.8964912280701756 and parameters: {'num_leaves': 98, 'learning_rate': 0.271751291082022, 'feature_fraction': 0.5672628631374051, 'bagging_fraction': 0.9408860852200496, 'bagging_freq': 6, 'min_child_samples': 16}. Best is trial 22 with value: 0.8964912280701756.
[I 2025-09-17 13:18:03,852] Trial 23 finished with value: 0.856140350877193 and parameters: {'num_leaves': 59, 'learning_rate': 0.27803824147434136, 'feature_fraction': 0.5861596413939324, 'bagging_fraction': 0.834997828694268, 'bagging_freq': 5, 'min_child_samples': 16}. Best is trial 22 with value: 0.8964912280701756.
[I 2025-09-17 13:18:03,952] Trial 24 finished with value: 0.8666666666666667 and parameters: {'num_leaves': 116, 'learning_rate': 0.1922197794372381, 'feature_fraction': 0.6633008577662116, 'bagging_fraction': 0.9012200917619151, 'bagging_freq': 4, 'min_child_samples': 6}. Best is trial 22 with value: 0.8964912280701756.
[I 2025-09-17 13:18:03,973] Trial 25 finished with value: 0.7929824561403509 and parameters: {'num_leaves': 151, 'learning_rate': 0.23143410708598838, 'feature_fraction': 0.4947610848365471, 'bagging_fraction': 0.9413416278501288, 'bagging_freq': 2, 'min_child_samples': 37}. Best is trial 22 with value: 0.8964912280701756.
[I 2025-09-17 13:18:03,999] Trial 26 finished with value: 0.8245614035087719 and parameters: {'num_leaves': 86, 'learning_rate': 0.03689217778107537, 'feature_fraction': 0.7462093930220115, 'bagging_fraction': 0.7638555049549185, 'bagging_freq': 6, 'min_child_samples': 31}. Best is trial 22 with value: 0.8964912280701756.
[I 2025-09-17 13:18:04,039] Trial 27 finished with value: 0.9140350877192982 and parameters: {'num_leaves': 30, 'learning_rate': 0.2804504484570947, 'feature_fraction': 0.6414666495602692, 'bagging_fraction': 0.8564694109021613, 'bagging_freq': 3, 'min_child_samples': 15}. Best is trial 27 with value: 0.9140350877192982.
[I 2025-09-17 13:18:04,089] Trial 28 finished with value: 0.8912280701754386 and parameters: {'num_leaves': 41, 'learning_rate': 0.2799690537262026, 'feature_fraction': 0.6439959673386055, 'bagging_fraction': 0.8709220640251831, 'bagging_freq': 3, 'min_child_samples': 13}. Best is trial 27 with value: 0.9140350877192982.
[I 2025-09-17 13:18:04,111] Trial 29 finished with value: 0.8350877192982457 and parameters: {'num_leaves': 237, 'learning_rate': 0.13169067103744225, 'feature_fraction': 0.5333185869797757, 'bagging_fraction': 0.999802572011901, 'bagging_freq': 2, 'min_child_samples': 46}. Best is trial 27 with value: 0.9140350877192982.
[I 2025-09-17 13:18:04,148] Trial 30 finished with value: 0.8736842105263158 and parameters: {'num_leaves': 104, 'learning_rate': 0.20745557286930882, 'feature_fraction': 0.44018396555248296, 'bagging_fraction': 0.949830843553903, 'bagging_freq': 3, 'min_child_samples': 24}. Best is trial 27 with value: 0.9140350877192982.
[I 2025-09-17 13:18:04,183] Trial 31 finished with value: 0.880701754385965 and parameters: {'num_leaves': 57, 'learning_rate': 0.2524312805562825, 'feature_fraction': 0.5765445674887651, 'bagging_fraction': 0.8031679171959971, 'bagging_freq': 4, 'min_child_samples': 19}. Best is trial 27 with value: 0.9140350877192982.
[I 2025-09-17 13:18:04,202] Trial 32 finished with value: 0.8052631578947369 and parameters: {'num_leaves': 37, 'learning_rate': 0.2810982513862391, 'feature_fraction': 0.6369790436474466, 'bagging_fraction': 0.8549511988133014, 'bagging_freq': 5, 'min_child_samples': 32}. Best is trial 27 with value: 0.9140350877192982.
[I 2025-09-17 13:18:04,256] Trial 33 finished with value: 0.8912280701754385 and parameters: {'num_leaves': 72, 'learning_rate': 0.2555418030037267, 'feature_fraction': 0.6982080655870172, 'bagging_fraction': 0.7265059062498817, 'bagging_freq': 7, 'min_child_samples': 9}. Best is trial 27 with value: 0.9140350877192982.
[I 2025-09-17 13:18:04,298] Trial 34 finished with value: 0.8666666666666667 and parameters: {'num_leaves': 12, 'learning_rate': 0.2925769869616904, 'feature_fraction': 0.5140541600952885, 'bagging_fraction': 0.8291656667492407, 'bagging_freq': 6, 'min_child_samples': 17}. Best is trial 27 with value: 0.9140350877192982.
[I 2025-09-17 13:18:04,325] Trial 35 finished with value: 0.8736842105263157 and parameters: {'num_leaves': 135, 'learning_rate': 0.23148382470740878, 'feature_fraction': 0.5686841125758519, 'bagging_fraction': 0.9192377354137024, 'bagging_freq': 3, 'min_child_samples': 26}. Best is trial 27 with value: 0.9140350877192982.
[I 2025-09-17 13:18:04,362] Trial 36 finished with value: 0.880701754385965 and parameters: {'num_leaves': 83, 'learning_rate': 0.14884931973869028, 'feature_fraction': 0.9983940541621603, 'bagging_fraction': 0.7821725798627301, 'bagging_freq': 1, 'min_child_samples': 21}. Best is trial 27 with value: 0.9140350877192982.
[I 2025-09-17 13:18:04,417] Trial 37 finished with value: 0.8842105263157894 and parameters: {'num_leaves': 105, 'learning_rate': 0.183276211439366, 'feature_fraction': 0.7391955424107797, 'bagging_fraction': 0.7418645973205842, 'bagging_freq': 7, 'min_child_samples': 11}. Best is trial 27 with value: 0.9140350877192982.
[I 2025-09-17 13:18:04,436] Trial 38 finished with value: 0.5 and parameters: {'num_leaves': 64, 'learning_rate': 0.26724628998956756, 'feature_fraction': 0.48781718515209815, 'bagging_fraction': 0.6667567091878374, 'bagging_freq': 6, 'min_child_samples': 51}. Best is trial 27 with value: 0.9140350877192982.
[I 2025-09-17 13:18:04,460] Trial 39 finished with value: 0.6631578947368422 and parameters: {'num_leaves': 29, 'learning_rate': 0.17436405347597386, 'feature_fraction': 0.9301106256039828, 'bagging_fraction': 0.9533394706959255, 'bagging_freq': 4, 'min_child_samples': 65}. Best is trial 27 with value: 0.9140350877192982.
[I 2025-09-17 13:18:04,481] Trial 40 finished with value: 0.7438596491228071 and parameters: {'num_leaves': 167, 'learning_rate': 0.29944155955400653, 'feature_fraction': 0.6744926709210732, 'bagging_fraction': 0.5125971154742779, 'bagging_freq': 2, 'min_child_samples': 32}. Best is trial 27 with value: 0.9140350877192982.
[I 2025-09-17 13:18:04,615] Trial 41 finished with value: 0.8982456140350877 and parameters: {'num_leaves': 92, 'learning_rate': 0.23931255519870967, 'feature_fraction': 0.5448367031679033, 'bagging_fraction': 0.8944089752358269, 'bagging_freq': 7, 'min_child_samples': 5}. Best is trial 27 with value: 0.9140350877192982.
[I 2025-09-17 13:18:04,748] Trial 42 finished with value: 0.8842105263157894 and parameters: {'num_leaves': 139, 'learning_rate': 0.2482131717955769, 'feature_fraction': 0.5450385024171454, 'bagging_fraction': 0.8921330719581092, 'bagging_freq': 7, 'min_child_samples': 5}. Best is trial 27 with value: 0.9140350877192982.
[I 2025-09-17 13:18:04,793] Trial 43 finished with value: 0.8666666666666667 and parameters: {'num_leaves': 102, 'learning_rate': 0.22087404872712957, 'feature_fraction': 0.595183673824323, 'bagging_fraction': 0.8615580698670943, 'bagging_freq': 7, 'min_child_samples': 17}. Best is trial 27 with value: 0.9140350877192982.
[I 2025-09-17 13:18:04,867] Trial 44 finished with value: 0.887719298245614 and parameters: {'num_leaves': 187, 'learning_rate': 0.28490999785065335, 'feature_fraction': 0.5619797892074173, 'bagging_fraction': 0.9183430086057931, 'bagging_freq': 6, 'min_child_samples': 10}. Best is trial 27 with value: 0.9140350877192982.
[I 2025-09-17 13:18:04,908] Trial 45 finished with value: 0.8842105263157893 and parameters: {'num_leaves': 119, 'learning_rate': 0.10130168994515035, 'feature_fraction': 0.629114742592669, 'bagging_fraction': 0.9724110561579512, 'bagging_freq': 7, 'min_child_samples': 22}. Best is trial 27 with value: 0.9140350877192982.
[I 2025-09-17 13:18:04,934] Trial 46 finished with value: 0.8403508771929824 and parameters: {'num_leaves': 46, 'learning_rate': 0.23914036575989137, 'feature_fraction': 0.5121073984071387, 'bagging_fraction': 0.8834256873412036, 'bagging_freq': 3, 'min_child_samples': 28}. Best is trial 27 with value: 0.9140350877192982.
[I 2025-09-17 13:18:04,953] Trial 47 finished with value: 0.5 and parameters: {'num_leaves': 73, 'learning_rate': 0.26753485165096225, 'feature_fraction': 0.4639114037628304, 'bagging_fraction': 0.7908760409598691, 'bagging_freq': 5, 'min_child_samples': 90}. Best is trial 27 with value: 0.9140350877192982.
[I 2025-09-17 13:18:05,002] Trial 48 finished with value: 0.8701754385964913 and parameters: {'num_leaves': 95, 'learning_rate': 0.21312428000465503, 'feature_fraction': 0.6963612098262855, 'bagging_fraction': 0.8149873244108029, 'bagging_freq': 7, 'min_child_samples': 14}. Best is trial 27 with value: 0.9140350877192982.
[I 2025-09-17 13:18:05,083] Trial 49 finished with value: 0.9052631578947368 and parameters: {'num_leaves': 164, 'learning_rate': 0.1604288702865116, 'feature_fraction': 0.7819412915548023, 'bagging_fraction': 0.8388974882853287, 'bagging_freq': 4, 'min_child_samples': 8}. Best is trial 27 with value: 0.9140350877192982.
[I 2025-09-17 13:18:05,280] A new study created in memory with name: no-name-0a818093-0194-4860-bc72-aacafe623f15
[I 2025-09-17 13:18:05,323] Trial 0 finished with value: 0.9586776859504131 and parameters: {'num_leaves': 222, 'learning_rate': 0.07444287081283538, 'feature_fraction': 0.7631963568771429, 'bagging_fraction': 0.4558285133733066, 'bagging_freq': 1, 'min_child_samples': 16}. Best is trial 0 with value: 0.9586776859504131.
[I 2025-09-17 13:18:05,335] Trial 1 finished with value: 0.5 and parameters: {'num_leaves': 142, 'learning_rate': 0.013470459645237466, 'feature_fraction': 0.4244058750451613, 'bagging_fraction': 0.6620780057649563, 'bagging_freq': 5, 'min_child_samples': 94}. Best is trial 0 with value: 0.9586776859504131.
[I 2025-09-17 13:18:05,345] Trial 2 finished with value: 0.5 and parameters: {'num_leaves': 76, 'learning_rate': 0.07083774797036753, 'feature_fraction': 0.8305015224697181, 'bagging_fraction': 0.4264598880807307, 'bagging_freq': 7, 'min_child_samples': 46}. Best is trial 0 with value: 0.9586776859504131.
[I 2025-09-17 13:18:05,354] Trial 3 finished with value: 0.5 and parameters: {'num_leaves': 215, 'learning_rate': 0.1065479631842545, 'feature_fraction': 0.8496622085598475, 'bagging_fraction': 0.5300760802960091, 'bagging_freq': 4, 'min_child_samples': 53}. Best is trial 0 with value: 0.9586776859504131.
