[I 2025-09-17 13:17:53,023] Trial 28 finished with value: 0.9263157894736842 and parameters: {'num_leaves': 214, 'learning_rate': 0.1683598747826524, 'feature_fraction': 0.46022018766385453, 'bagging_fraction': 0.5223307176613932, 'bagging_freq': 2, 'min_child_samples': 12}. Best is trial 12 with value: 0.9789473684210527.
[I 2025-09-17 13:17:53,053] Trial 29 finished with value: 0.8982456140350877 and parameters: {'num_leaves': 76, 'learning_rate': 0.2144638592982559, 'feature_fraction': 0.41061421041516466, 'bagging_fraction': 0.7968204947012623, 'bagging_freq': 1, 'min_child_samples': 30}. Best is trial 12 with value: 0.9789473684210527.
[I 2025-09-17 13:17:53,141] Trial 30 finished with value: 0.8526315789473684 and parameters: {'num_leaves': 187, 'learning_rate': 0.2989259650387389, 'feature_fraction': 0.7007285489204091, 'bagging_fraction': 0.7152047536656003, 'bagging_freq': 7, 'min_child_samples': 5}. Best is trial 12 with value: 0.9789473684210527.
[I 2025-09-17 13:17:53,191] Trial 31 finished with value: 0.9263157894736842 and parameters: {'num_leaves': 214, 'learning_rate': 0.15428021195632283, 'feature_fraction': 0.4757429916369276, 'bagging_fraction': 0.5470438776825056, 'bagging_freq': 3, 'min_child_samples': 11}. Best is trial 12 with value: 0.9789473684210527.
[I 2025-09-17 13:17:53,332] Trial 32 finished with value: 0.9473684210526315 and parameters: {'num_leaves': 244, 'learning_rate': 0.1825740459173875, 'feature_fraction': 0.43847418932018456, 'bagging_fraction': 0.6319739879593697, 'bagging_freq': 3, 'min_child_samples': 5}. Best is trial 12 with value: 0.9789473684210527.
[I 2025-09-17 13:17:53,402] Trial 33 finished with value: 0.9368421052631579 and parameters: {'num_leaves': 273, 'learning_rate': 0.11513206902991639, 'feature_fraction': 0.571608492036907, 'bagging_fraction': 0.9946918260280564, 'bagging_freq': 2, 'min_child_samples': 18}. Best is trial 12 with value: 0.9789473684210527.
[I 2025-09-17 13:17:53,468] Trial 34 finished with value: 0.9298245614035089 and parameters: {'num_leaves': 170, 'learning_rate': 0.1542469694111437, 'feature_fraction': 0.5104118525035112, 'bagging_fraction': 0.598698630748819, 'bagging_freq': 1, 'min_child_samples': 11}. Best is trial 12 with value: 0.9789473684210527.
[I 2025-09-17 13:17:53,515] Trial 35 finished with value: 0.9403508771929825 and parameters: {'num_leaves': 142, 'learning_rate': 0.05824481235833365, 'feature_fraction': 0.5005073873014224, 'bagging_fraction': 0.7534528504142983, 'bagging_freq': 5, 'min_child_samples': 26}. Best is trial 12 with value: 0.9789473684210527.
[I 2025-09-17 13:17:53,585] Trial 36 finished with value: 0.9473684210526316 and parameters: {'num_leaves': 202, 'learning_rate': 0.1299804359722843, 'feature_fraction': 0.6278918454855177, 'bagging_fraction': 0.9447129698815613, 'bagging_freq': 3, 'min_child_samples': 17}. Best is trial 12 with value: 0.9789473684210527.
[I 2025-09-17 13:17:53,601] Trial 37 finished with value: 0.5 and parameters: {'num_leaves': 214, 'learning_rate': 0.10140468547640125, 'feature_fraction': 0.5280798762435589, 'bagging_fraction': 0.6858294213311057, 'bagging_freq': 2, 'min_child_samples': 96}. Best is trial 12 with value: 0.9789473684210527.
[I 2025-09-17 13:17:53,621] Trial 38 finished with value: 0.7578947368421053 and parameters: {'num_leaves': 231, 'learning_rate': 0.2009547374654814, 'feature_fraction': 0.5793515668518986, 'bagging_fraction': 0.7897998372567053, 'bagging_freq': 4, 'min_child_samples': 58}. Best is trial 12 with value: 0.9789473684210527.
[I 2025-09-17 13:17:53,674] Trial 39 finished with value: 0.9333333333333333 and parameters: {'num_leaves': 272, 'learning_rate': 0.235363908905721, 'feature_fraction': 0.7555286715249969, 'bagging_fraction': 0.6070688556574945, 'bagging_freq': 5, 'min_child_samples': 9}. Best is trial 12 with value: 0.9789473684210527.
[I 2025-09-17 13:17:53,688] Trial 40 finished with value: 0.5 and parameters: {'num_leaves': 299, 'learning_rate': 0.17128248342260535, 'feature_fraction': 0.8467656841862872, 'bagging_fraction': 0.44751046913172615, 'bagging_freq': 1, 'min_child_samples': 49}. Best is trial 12 with value: 0.9789473684210527.
[I 2025-09-17 13:17:53,788] Trial 41 finished with value: 0.943859649122807 and parameters: {'num_leaves': 201, 'learning_rate': 0.04689433872524695, 'feature_fraction': 0.6017930274073349, 'bagging_fraction': 0.4090123513975532, 'bagging_freq': 7, 'min_child_samples': 5}. Best is trial 12 with value: 0.9789473684210527.
[I 2025-09-17 13:17:53,847] Trial 42 finished with value: 0.9473684210526316 and parameters: {'num_leaves': 154, 'learning_rate': 0.04904991986474233, 'feature_fraction': 0.7056807200608562, 'bagging_fraction': 0.44783804423660517, 'bagging_freq': 6, 'min_child_samples': 9}. Best is trial 12 with value: 0.9789473684210527.
[I 2025-09-17 13:17:53,883] Trial 43 finished with value: 0.9228070175438597 and parameters: {'num_leaves': 198, 'learning_rate': 0.015753963826956374, 'feature_fraction': 0.44288168597517447, 'bagging_fraction': 0.5374981170839833, 'bagging_freq': 7, 'min_child_samples': 23}. Best is trial 12 with value: 0.9789473684210527.
[I 2025-09-17 13:17:53,921] Trial 44 finished with value: 0.9368421052631579 and parameters: {'num_leaves': 241, 'learning_rate': 0.03367083379536612, 'feature_fraction': 0.5686841598575063, 'bagging_fraction': 0.4723544142761639, 'bagging_freq': 6, 'min_child_samples': 17}. Best is trial 12 with value: 0.9789473684210527.
[I 2025-09-17 13:17:53,980] Trial 45 finished with value: 0.9508771929824561 and parameters: {'num_leaves': 221, 'learning_rate': 0.03164697892704588, 'feature_fraction': 0.4806774099840913, 'bagging_fraction': 0.41460197099004703, 'bagging_freq': 7, 'min_child_samples': 9}. Best is trial 12 with value: 0.9789473684210527.
[I 2025-09-17 13:17:53,994] Trial 46 finished with value: 0.5 and parameters: {'num_leaves': 266, 'learning_rate': 0.08466858934882932, 'feature_fraction': 0.6437917649672705, 'bagging_fraction': 0.5810951015892125, 'bagging_freq': 6, 'min_child_samples': 78}. Best is trial 12 with value: 0.9789473684210527.
[I 2025-09-17 13:17:54,018] Trial 47 finished with value: 0.849122807017544 and parameters: {'num_leaves': 282, 'learning_rate': 0.10359206643869343, 'feature_fraction': 0.6042890870656742, 'bagging_fraction': 0.5224442284388241, 'bagging_freq': 4, 'min_child_samples': 36}. Best is trial 12 with value: 0.9789473684210527.
[I 2025-09-17 13:17:54,058] Trial 48 finished with value: 0.9508771929824562 and parameters: {'num_leaves': 120, 'learning_rate': 0.07065961675948719, 'feature_fraction': 0.6797941997554036, 'bagging_fraction': 0.4265442651509046, 'bagging_freq': 7, 'min_child_samples': 14}. Best is trial 12 with value: 0.9789473684210527.
[I 2025-09-17 13:17:54,087] Trial 49 finished with value: 0.9122807017543859 and parameters: {'num_leaves': 170, 'learning_rate': 0.1399462584701171, 'feature_fraction': 0.9702964733199846, 'bagging_fraction': 0.47678711115815786, 'bagging_freq': 5, 'min_child_samples': 21}. Best is trial 12 with value: 0.9789473684210527.
[I 2025-09-17 13:17:54,429] A new study created in memory with name: no-name-6430ed8e-cc29-4742-b308-9adf44474146
[I 2025-09-17 13:17:54,440] Trial 0 finished with value: 0.5 and parameters: {'num_leaves': 188, 'learning_rate': 0.11746330725275073, 'feature_fraction': 0.6615289548643974, 'bagging_fraction': 0.8462191261823387, 'bagging_freq': 5, 'min_child_samples': 81}. Best is trial 0 with value: 0.5.
[I 2025-09-17 13:17:54,449] Trial 1 finished with value: 0.5 and parameters: {'num_leaves': 15, 'learning_rate': 0.03364668283522299, 'feature_fraction': 0.6787167259550889, 'bagging_fraction': 0.4405306018250453, 'bagging_freq': 6, 'min_child_samples': 56}. Best is trial 0 with value: 0.5.
[I 2025-09-17 13:17:54,503] Trial 2 finished with value: 0.9052631578947369 and parameters: {'num_leaves': 46, 'learning_rate': 0.04690170101966029, 'feature_fraction': 0.8091682804517071, 'bagging_fraction': 0.4110458748578963, 'bagging_freq': 4, 'min_child_samples': 8}. Best is trial 2 with value: 0.9052631578947369.
[I 2025-09-17 13:17:54,512] Trial 3 finished with value: 0.5 and parameters: {'num_leaves': 188, 'learning_rate': 0.12653433103289768, 'feature_fraction': 0.7643792805327412, 'bagging_fraction': 0.7151270888139794, 'bagging_freq': 5, 'min_child_samples': 90}. Best is trial 2 with value: 0.9052631578947369.
[I 2025-09-17 13:17:54,527] Trial 4 finished with value: 0.8596491228070176 and parameters: {'num_leaves': 191, 'learning_rate': 0.12842304607551763, 'feature_fraction': 0.877469458617921, 'bagging_fraction': 0.6889973784391634, 'bagging_freq': 3, 'min_child_samples': 41}. Best is trial 2 with value: 0.9052631578947369.
[I 2025-09-17 13:17:54,537] Trial 5 finished with value: 0.5 and parameters: {'num_leaves': 107, 'learning_rate': 0.23764876014543918, 'feature_fraction': 0.9790244378969488, 'bagging_fraction': 0.7822442206079767, 'bagging_freq': 5, 'min_child_samples': 91}. Best is trial 2 with value: 0.9052631578947369.
[I 2025-09-17 13:17:54,549] Trial 6 finished with value: 0.5 and parameters: {'num_leaves': 290, 'learning_rate': 0.274342442311568, 'feature_fraction': 0.4667922816946195, 'bagging_fraction': 0.7219410234534189, 'bagging_freq': 2, 'min_child_samples': 80}. Best is trial 2 with value: 0.9052631578947369.
[I 2025-09-17 13:17:54,578] Trial 7 finished with value: 0.9192982456140351 and parameters: {'num_leaves': 194, 'learning_rate': 0.16127799462292747, 'feature_fraction': 0.679743643568431, 'bagging_fraction': 0.9092129329491717, 'bagging_freq': 4, 'min_child_samples': 29}. Best is trial 7 with value: 0.9192982456140351.
[I 2025-09-17 13:17:54,592] Trial 8 finished with value: 0.5 and parameters: {'num_leaves': 231, 'learning_rate': 0.25509148885277466, 'feature_fraction': 0.851521651256719, 'bagging_fraction': 0.6501938161219376, 'bagging_freq': 6, 'min_child_samples': 93}. Best is trial 7 with value: 0.9192982456140351.
[I 2025-09-17 13:17:54,603] Trial 9 finished with value: 0.5 and parameters: {'num_leaves': 135, 'learning_rate': 0.19851321581646697, 'feature_fraction': 0.6917180207974153, 'bagging_fraction': 0.49693664086948686, 'bagging_freq': 1, 'min_child_samples': 76}. Best is trial 7 with value: 0.9192982456140351.
[I 2025-09-17 13:17:54,661] Trial 10 finished with value: 0.9333333333333332 and parameters: {'num_leaves': 291, 'learning_rate': 0.19381751242088782, 'feature_fraction': 0.49412318403574185, 'bagging_fraction': 0.9881243721089308, 'bagging_freq': 7, 'min_child_samples': 15}. Best is trial 10 with value: 0.9333333333333332.
[I 2025-09-17 13:17:54,728] Trial 11 finished with value: 0.9368421052631579 and parameters: {'num_leaves': 298, 'learning_rate': 0.19642156894323348, 'feature_fraction': 0.5107023523001063, 'bagging_fraction': 0.9902681257020087, 'bagging_freq': 7, 'min_child_samples': 14}. Best is trial 11 with value: 0.9368421052631579.
[I 2025-09-17 13:17:54,862] Trial 12 finished with value: 0.9614035087719298 and parameters: {'num_leaves': 296, 'learning_rate': 0.20931280804556038, 'feature_fraction': 0.4445961999055692, 'bagging_fraction': 0.9731684476023459, 'bagging_freq': 7, 'min_child_samples': 6}. Best is trial 12 with value: 0.9614035087719298.
[I 2025-09-17 13:17:54,904] Trial 13 finished with value: 0.9438596491228071 and parameters: {'num_leaves': 243, 'learning_rate': 0.2138913013392803, 'feature_fraction': 0.4019300953041734, 'bagging_fraction': 0.9888178899960218, 'bagging_freq': 7, 'min_child_samples': 21}. Best is trial 12 with value: 0.9614035087719298.
[I 2025-09-17 13:17:54,936] Trial 14 finished with value: 0.9263157894736842 and parameters: {'num_leaves': 246, 'learning_rate': 0.296453315250086, 'feature_fraction': 0.41943530726682504, 'bagging_fraction': 0.8923894043955372, 'bagging_freq': 7, 'min_child_samples': 26}. Best is trial 12 with value: 0.9614035087719298.
[I 2025-09-17 13:17:54,955] Trial 15 finished with value: 0.5 and parameters: {'num_leaves': 243, 'learning_rate': 0.22317167771646415, 'feature_fraction': 0.5733294930662785, 'bagging_fraction': 0.5712043337964661, 'bagging_freq': 6, 'min_child_samples': 55}. Best is trial 12 with value: 0.9614035087719298.
[I 2025-09-17 13:17:54,987] Trial 16 finished with value: 0.9333333333333333 and parameters: {'num_leaves': 265, 'learning_rate': 0.07944615866941021, 'feature_fraction': 0.4039243846983352, 'bagging_fraction': 0.9225140650247443, 'bagging_freq': 7, 'min_child_samples': 28}. Best is trial 12 with value: 0.9614035087719298.
[I 2025-09-17 13:17:55,148] Trial 17 finished with value: 0.9649122807017544 and parameters: {'num_leaves': 224, 'learning_rate': 0.16539891046826594, 'feature_fraction': 0.5872070838365044, 'bagging_fraction': 0.8577229319017714, 'bagging_freq': 6, 'min_child_samples': 5}. Best is trial 17 with value: 0.9649122807017544.
[I 2025-09-17 13:17:55,303] Trial 18 finished with value: 0.9614035087719298 and parameters: {'num_leaves': 215, 'learning_rate': 0.16747368363378443, 'feature_fraction': 0.5834187029569824, 'bagging_fraction': 0.7993732461150722, 'bagging_freq': 6, 'min_child_samples': 5}. Best is trial 17 with value: 0.9649122807017544.
[I 2025-09-17 13:17:55,324] Trial 19 finished with value: 0.887719298245614 and parameters: {'num_leaves': 115, 'learning_rate': 0.06958413271242478, 'feature_fraction': 0.5851564767150826, 'bagging_fraction': 0.8409514847447302, 'bagging_freq': 5, 'min_child_samples': 41}. Best is trial 17 with value: 0.9649122807017544.
[I 2025-09-17 13:17:55,345] Trial 20 finished with value: 0.8982456140350877 and parameters: {'num_leaves': 160, 'learning_rate': 0.09677989334324916, 'feature_fraction': 0.5443432794085215, 'bagging_fraction': 0.93173164820887, 'bagging_freq': 4, 'min_child_samples': 40}. Best is trial 17 with value: 0.9649122807017544.
[I 2025-09-17 13:17:55,439] Trial 21 finished with value: 0.9403508771929825 and parameters: {'num_leaves': 218, 'learning_rate': 0.15269814640678295, 'feature_fraction': 0.6075612501754355, 'bagging_fraction': 0.7920830713599926, 'bagging_freq': 6, 'min_child_samples': 7}. Best is trial 17 with value: 0.9649122807017544.
[I 2025-09-17 13:17:55,534] Trial 22 finished with value: 0.9578947368421052 and parameters: {'num_leaves': 268, 'learning_rate': 0.172416966709145, 'feature_fraction': 0.626584436225462, 'bagging_fraction': 0.7923168299954718, 'bagging_freq': 6, 'min_child_samples': 7}. Best is trial 17 with value: 0.9649122807017544.
[I 2025-09-17 13:17:55,586] Trial 23 finished with value: 0.9298245614035088 and parameters: {'num_leaves': 214, 'learning_rate': 0.15034871124816943, 'feature_fraction': 0.5290763499479748, 'bagging_fraction': 0.858766076687694, 'bagging_freq': 6, 'min_child_samples': 16}. Best is trial 17 with value: 0.9649122807017544.
[I 2025-09-17 13:17:55,689] Trial 24 finished with value: 0.9228070175438596 and parameters: {'num_leaves': 161, 'learning_rate': 0.17807629156269775, 'feature_fraction': 0.752352486316474, 'bagging_fraction': 0.7615743722370366, 'bagging_freq': 5, 'min_child_samples': 6}. Best is trial 17 with value: 0.9649122807017544.
[I 2025-09-17 13:17:55,702] Trial 25 finished with value: 0.5 and parameters: {'num_leaves': 265, 'learning_rate': 0.2355934439825232, 'feature_fraction': 0.4715003505787788, 'bagging_fraction': 0.6290093429992207, 'bagging_freq': 7, 'min_child_samples': 65}. Best is trial 17 with value: 0.9649122807017544.
