[I 2025-09-17 13:16:50,061] Trial 13 finished with value: 0.4761904761904762 and parameters: {'num_leaves': 127, 'learning_rate': 0.14981299679983207, 'feature_fraction': 0.42749596608216744, 'bagging_fraction': 0.6088830394047822, 'bagging_freq': 5, 'min_child_samples': 42}. Best is trial 3 with value: 0.8134920634920635.
[I 2025-09-17 13:16:50,088] Trial 14 finished with value: 0.7599206349206349 and parameters: {'num_leaves': 11, 'learning_rate': 0.1475964351705979, 'feature_fraction': 0.8318150664450705, 'bagging_fraction': 0.7804169064526242, 'bagging_freq': 5, 'min_child_samples': 21}. Best is trial 3 with value: 0.8134920634920635.
[I 2025-09-17 13:16:50,115] Trial 15 finished with value: 0.615079365079365 and parameters: {'num_leaves': 288, 'learning_rate': 0.06496825989319006, 'feature_fraction': 0.6375782873485059, 'bagging_fraction': 0.5442107816685723, 'bagging_freq': 3, 'min_child_samples': 32}. Best is trial 3 with value: 0.8134920634920635.
[I 2025-09-17 13:16:50,147] Trial 16 finished with value: 0.6825396825396826 and parameters: {'num_leaves': 155, 'learning_rate': 0.23293844017636978, 'feature_fraction': 0.5231355417741804, 'bagging_fraction': 0.7193800750734527, 'bagging_freq': 6, 'min_child_samples': 18}. Best is trial 3 with value: 0.8134920634920635.
[I 2025-09-17 13:16:50,243] Trial 17 finished with value: 0.7341269841269841 and parameters: {'num_leaves': 102, 'learning_rate': 0.16920362925533017, 'feature_fraction': 0.929482133231883, 'bagging_fraction': 0.8436007537424208, 'bagging_freq': 3, 'min_child_samples': 5}. Best is trial 3 with value: 0.8134920634920635.
[I 2025-09-17 13:16:50,260] Trial 18 finished with value: 0.5 and parameters: {'num_leaves': 217, 'learning_rate': 0.1275639288885593, 'feature_fraction': 0.8922607998929586, 'bagging_fraction': 0.668449337026549, 'bagging_freq': 4, 'min_child_samples': 100}. Best is trial 3 with value: 0.8134920634920635.
[I 2025-09-17 13:16:50,275] Trial 19 finished with value: 0.4107142857142857 and parameters: {'num_leaves': 20, 'learning_rate': 0.07344101165516681, 'feature_fraction': 0.7778432358600057, 'bagging_fraction': 0.7584181505882135, 'bagging_freq': 7, 'min_child_samples': 42}. Best is trial 3 with value: 0.8134920634920635.
[I 2025-09-17 13:16:50,293] Trial 20 finished with value: 0.5 and parameters: {'num_leaves': 158, 'learning_rate': 0.28205433341882136, 'feature_fraction': 0.6518097143420967, 'bagging_fraction': 0.6159156593925337, 'bagging_freq': 5, 'min_child_samples': 55}. Best is trial 3 with value: 0.8134920634920635.
[I 2025-09-17 13:16:50,326] Trial 21 finished with value: 0.7261904761904763 and parameters: {'num_leaves': 28, 'learning_rate': 0.13925374612650016, 'feature_fraction': 0.7843377352840171, 'bagging_fraction': 0.8390265969945333, 'bagging_freq': 5, 'min_child_samples': 23}. Best is trial 3 with value: 0.8134920634920635.
[I 2025-09-17 13:16:50,355] Trial 22 finished with value: 0.8273809523809523 and parameters: {'num_leaves': 11, 'learning_rate': 0.1954321275047419, 'feature_fraction': 0.9991271270051351, 'bagging_fraction': 0.7474939166540971, 'bagging_freq': 6, 'min_child_samples': 16}. Best is trial 22 with value: 0.8273809523809523.
[I 2025-09-17 13:16:50,372] Trial 23 finished with value: 0.37499999999999994 and parameters: {'num_leaves': 52, 'learning_rate': 0.19708210287394382, 'feature_fraction': 0.9921768935487872, 'bagging_fraction': 0.4028877505307017, 'bagging_freq': 6, 'min_child_samples': 26}. Best is trial 22 with value: 0.8273809523809523.
[I 2025-09-17 13:16:50,403] Trial 24 finished with value: 0.8055555555555556 and parameters: {'num_leaves': 85, 'learning_rate': 0.24660875148807548, 'feature_fraction': 0.9120445714692671, 'bagging_fraction': 0.4966561215857527, 'bagging_freq': 7, 'min_child_samples': 14}. Best is trial 22 with value: 0.8273809523809523.
[I 2025-09-17 13:16:50,455] Trial 25 finished with value: 0.7261904761904762 and parameters: {'num_leaves': 41, 'learning_rate': 0.2113290335449599, 'feature_fraction': 0.47571833088294174, 'bagging_fraction': 0.8787053752730849, 'bagging_freq': 6, 'min_child_samples': 14}. Best is trial 22 with value: 0.8273809523809523.
[I 2025-09-17 13:16:50,470] Trial 26 finished with value: 0.6547619047619048 and parameters: {'num_leaves': 102, 'learning_rate': 0.17015853752841475, 'feature_fraction': 0.5862433234685169, 'bagging_fraction': 0.7392290822213659, 'bagging_freq': 7, 'min_child_samples': 41}. Best is trial 22 with value: 0.8273809523809523.
[I 2025-09-17 13:16:50,508] Trial 27 finished with value: 0.7817460317460317 and parameters: {'num_leaves': 149, 'learning_rate': 0.17117337145875938, 'feature_fraction': 0.999186671729677, 'bagging_fraction': 0.6531985467432058, 'bagging_freq': 6, 'min_child_samples': 11}. Best is trial 22 with value: 0.8273809523809523.
[I 2025-09-17 13:16:50,524] Trial 28 finished with value: 0.37499999999999994 and parameters: {'num_leaves': 211, 'learning_rate': 0.2534516183353479, 'feature_fraction': 0.8811749720044504, 'bagging_fraction': 0.5543918496476634, 'bagging_freq': 4, 'min_child_samples': 36}. Best is trial 22 with value: 0.8273809523809523.
[I 2025-09-17 13:16:50,541] Trial 29 finished with value: 0.5357142857142857 and parameters: {'num_leaves': 79, 'learning_rate': 0.09418242582730718, 'feature_fraction': 0.9498372698568708, 'bagging_fraction': 0.9927453757936983, 'bagging_freq': 7, 'min_child_samples': 66}. Best is trial 22 with value: 0.8273809523809523.
[I 2025-09-17 13:16:50,578] Trial 30 finished with value: 0.7142857142857143 and parameters: {'num_leaves': 62, 'learning_rate': 0.11579085833624912, 'feature_fraction': 0.6711825745770168, 'bagging_fraction': 0.8061103912968989, 'bagging_freq': 7, 'min_child_samples': 28}. Best is trial 22 with value: 0.8273809523809523.
[I 2025-09-17 13:16:50,605] Trial 31 finished with value: 0.6349206349206349 and parameters: {'num_leaves': 92, 'learning_rate': 0.25812471249485236, 'feature_fraction': 0.9226217942884057, 'bagging_fraction': 0.4627682953456135, 'bagging_freq': 7, 'min_child_samples': 17}. Best is trial 22 with value: 0.8273809523809523.
[I 2025-09-17 13:16:50,643] Trial 32 finished with value: 0.7619047619047619 and parameters: {'num_leaves': 126, 'learning_rate': 0.2345586911246434, 'feature_fraction': 0.908276125842056, 'bagging_fraction': 0.497159627450952, 'bagging_freq': 7, 'min_child_samples': 13}. Best is trial 22 with value: 0.8273809523809523.
[I 2025-09-17 13:16:50,672] Trial 33 finished with value: 0.7797619047619049 and parameters: {'num_leaves': 79, 'learning_rate': 0.27282516814305363, 'feature_fraction': 0.953402894719309, 'bagging_fraction': 0.5590645739133674, 'bagging_freq': 6, 'min_child_samples': 17}. Best is trial 22 with value: 0.8273809523809523.
[I 2025-09-17 13:16:50,687] Trial 34 finished with value: 0.5 and parameters: {'num_leaves': 47, 'learning_rate': 0.2959765097747613, 'feature_fraction': 0.854771169296277, 'bagging_fraction': 0.512859894556157, 'bagging_freq': 6, 'min_child_samples': 49}. Best is trial 22 with value: 0.8273809523809523.
[I 2025-09-17 13:16:50,757] Trial 35 finished with value: 0.7896825396825397 and parameters: {'num_leaves': 35, 'learning_rate': 0.22366351159567358, 'feature_fraction': 0.9615530501196894, 'bagging_fraction': 0.9932542624905096, 'bagging_freq': 7, 'min_child_samples': 9}. Best is trial 22 with value: 0.8273809523809523.
[I 2025-09-17 13:16:50,776] Trial 36 finished with value: 0.48809523809523814 and parameters: {'num_leaves': 139, 'learning_rate': 0.19156331323577486, 'feature_fraction': 0.7750724464773033, 'bagging_fraction': 0.466233544953549, 'bagging_freq': 5, 'min_child_samples': 23}. Best is trial 22 with value: 0.8273809523809523.
[I 2025-09-17 13:16:50,794] Trial 37 finished with value: 0.369047619047619 and parameters: {'num_leaves': 172, 'learning_rate': 0.03792259418417674, 'feature_fraction': 0.7330486165121834, 'bagging_fraction': 0.8930372821291075, 'bagging_freq': 3, 'min_child_samples': 62}. Best is trial 22 with value: 0.8273809523809523.
[I 2025-09-17 13:16:50,821] Trial 38 finished with value: 0.5992063492063492 and parameters: {'num_leaves': 116, 'learning_rate': 0.21661981554796625, 'feature_fraction': 0.9973663300977142, 'bagging_fraction': 0.40073582432026345, 'bagging_freq': 6, 'min_child_samples': 19}. Best is trial 22 with value: 0.8273809523809523.
[I 2025-09-17 13:16:50,858] Trial 39 finished with value: 0.7281746031746031 and parameters: {'num_leaves': 70, 'learning_rate': 0.1627323222255108, 'feature_fraction': 0.8699315905792899, 'bagging_fraction': 0.6440578063274219, 'bagging_freq': 2, 'min_child_samples': 13}. Best is trial 22 with value: 0.8273809523809523.
[I 2025-09-17 13:16:50,883] Trial 40 finished with value: 0.6388888888888888 and parameters: {'num_leaves': 93, 'learning_rate': 0.18434012858361298, 'feature_fraction': 0.934606088890303, 'bagging_fraction': 0.9381362705351692, 'bagging_freq': 6, 'min_child_samples': 36}. Best is trial 22 with value: 0.8273809523809523.
[I 2025-09-17 13:16:50,946] Trial 41 finished with value: 0.746031746031746 and parameters: {'num_leaves': 31, 'learning_rate': 0.23177386040665315, 'feature_fraction': 0.9666072399743821, 'bagging_fraction': 0.9651070495073708, 'bagging_freq': 7, 'min_child_samples': 9}. Best is trial 22 with value: 0.8273809523809523.
[I 2025-09-17 13:16:51,010] Trial 42 finished with value: 0.7936507936507936 and parameters: {'num_leaves': 32, 'learning_rate': 0.20411373547159958, 'feature_fraction': 0.9588403734232126, 'bagging_fraction': 0.9923527193401291, 'bagging_freq': 7, 'min_child_samples': 9}. Best is trial 22 with value: 0.8273809523809523.
[I 2025-09-17 13:16:51,038] Trial 43 finished with value: 0.7202380952380952 and parameters: {'num_leaves': 11, 'learning_rate': 0.2050600073891944, 'feature_fraction': 0.9093267052856024, 'bagging_fraction': 0.9149829721465286, 'bagging_freq': 7, 'min_child_samples': 27}. Best is trial 22 with value: 0.8273809523809523.
[I 2025-09-17 13:16:51,133] Trial 44 finished with value: 0.7817460317460319 and parameters: {'num_leaves': 57, 'learning_rate': 0.18367758273020718, 'feature_fraction': 0.8357629496399416, 'bagging_fraction': 0.9594030461983414, 'bagging_freq': 7, 'min_child_samples': 6}. Best is trial 22 with value: 0.8273809523809523.
[I 2025-09-17 13:16:51,164] Trial 45 finished with value: 0.7579365079365079 and parameters: {'num_leaves': 22, 'learning_rate': 0.024806630424708803, 'feature_fraction': 0.97544955761009, 'bagging_fraction': 0.5188882507971498, 'bagging_freq': 6, 'min_child_samples': 16}. Best is trial 22 with value: 0.8273809523809523.
[I 2025-09-17 13:16:51,184] Trial 46 finished with value: 0.5 and parameters: {'num_leaves': 68, 'learning_rate': 0.2060710631474854, 'feature_fraction': 0.9322701515787946, 'bagging_fraction': 0.5907390798429235, 'bagging_freq': 7, 'min_child_samples': 80}. Best is trial 22 with value: 0.8273809523809523.
[I 2025-09-17 13:16:51,364] Trial 47 finished with value: 0.7103174603174603 and parameters: {'num_leaves': 204, 'learning_rate': 0.01141321795260275, 'feature_fraction': 0.9782102565139958, 'bagging_fraction': 0.846941354770498, 'bagging_freq': 4, 'min_child_samples': 5}. Best is trial 22 with value: 0.8273809523809523.
[I 2025-09-17 13:16:51,385] Trial 48 finished with value: 0.5555555555555556 and parameters: {'num_leaves': 238, 'learning_rate': 0.15848889268329802, 'feature_fraction': 0.8107482305989899, 'bagging_fraction': 0.44229172088160845, 'bagging_freq': 3, 'min_child_samples': 22}. Best is trial 22 with value: 0.8273809523809523.
[I 2025-09-17 13:16:51,419] Trial 49 finished with value: 0.7043650793650793 and parameters: {'num_leaves': 46, 'learning_rate': 0.2456414630245496, 'feature_fraction': 0.5490772161995868, 'bagging_fraction': 0.4820806033018978, 'bagging_freq': 5, 'min_child_samples': 12}. Best is trial 22 with value: 0.8273809523809523.
[I 2025-09-17 13:16:51,690] A new study created in memory with name: no-name-f391023e-bb63-4fe2-a6be-4e9cb3de211a
[I 2025-09-17 13:16:51,743] Trial 0 finished with value: 0.7857142857142857 and parameters: {'num_leaves': 294, 'learning_rate': 0.12484554095577183, 'feature_fraction': 0.5543154602221092, 'bagging_fraction': 0.8518654174543059, 'bagging_freq': 4, 'min_child_samples': 16}. Best is trial 0 with value: 0.7857142857142857.
[I 2025-09-17 13:16:51,774] Trial 1 finished with value: 0.7420634920634921 and parameters: {'num_leaves': 116, 'learning_rate': 0.28185495911223024, 'feature_fraction': 0.9780092099192008, 'bagging_fraction': 0.5330233780895899, 'bagging_freq': 4, 'min_child_samples': 11}. Best is trial 0 with value: 0.7857142857142857.
[I 2025-09-17 13:16:51,783] Trial 2 finished with value: 0.5 and parameters: {'num_leaves': 194, 'learning_rate': 0.24335878748410159, 'feature_fraction': 0.9918006284535665, 'bagging_fraction': 0.9689390617902687, 'bagging_freq': 4, 'min_child_samples': 76}. Best is trial 0 with value: 0.7857142857142857.
[I 2025-09-17 13:16:51,798] Trial 3 finished with value: 0.4801587301587302 and parameters: {'num_leaves': 131, 'learning_rate': 0.266668415405719, 'feature_fraction': 0.9155470897304894, 'bagging_fraction': 0.6295592843507768, 'bagging_freq': 6, 'min_child_samples': 45}. Best is trial 0 with value: 0.7857142857142857.
[I 2025-09-17 13:16:51,820] Trial 4 finished with value: 0.753968253968254 and parameters: {'num_leaves': 37, 'learning_rate': 0.26740156320455644, 'feature_fraction': 0.7873724749718474, 'bagging_fraction': 0.9178867111458061, 'bagging_freq': 2, 'min_child_samples': 35}. Best is trial 0 with value: 0.7857142857142857.
[I 2025-09-17 13:16:51,850] Trial 5 finished with value: 0.7182539682539683 and parameters: {'num_leaves': 96, 'learning_rate': 0.07273495198135727, 'feature_fraction': 0.873595219223782, 'bagging_fraction': 0.7941375444839573, 'bagging_freq': 7, 'min_child_samples': 33}. Best is trial 0 with value: 0.7857142857142857.
[I 2025-09-17 13:16:51,861] Trial 6 finished with value: 0.5 and parameters: {'num_leaves': 63, 'learning_rate': 0.2865488125029209, 'feature_fraction': 0.9251088100586305, 'bagging_fraction': 0.45205880512158775, 'bagging_freq': 3, 'min_child_samples': 47}. Best is trial 0 with value: 0.7857142857142857.
[I 2025-09-17 13:16:51,880] Trial 7 finished with value: 0.5079365079365079 and parameters: {'num_leaves': 30, 'learning_rate': 0.09302451451335514, 'feature_fraction': 0.6636222076119308, 'bagging_fraction': 0.4890236558042824, 'bagging_freq': 6, 'min_child_samples': 34}. Best is trial 0 with value: 0.7857142857142857.
[I 2025-09-17 13:16:51,890] Trial 8 finished with value: 0.5 and parameters: {'num_leaves': 25, 'learning_rate': 0.05363114846223852, 'feature_fraction': 0.5814389537160192, 'bagging_fraction': 0.44196130433267933, 'bagging_freq': 1, 'min_child_samples': 39}. Best is trial 0 with value: 0.7857142857142857.
[I 2025-09-17 13:16:51,902] Trial 9 finished with value: 0.619047619047619 and parameters: {'num_leaves': 293, 'learning_rate': 0.2610812610292964, 'feature_fraction': 0.44959915291766295, 'bagging_fraction': 0.8578915423581845, 'bagging_freq': 4, 'min_child_samples': 47}. Best is trial 0 with value: 0.7857142857142857.
[I 2025-09-17 13:16:51,953] Trial 10 finished with value: 0.7777777777777778 and parameters: {'num_leaves': 297, 'learning_rate': 0.17481708406786356, 'feature_fraction': 0.46332839445642965, 'bagging_fraction': 0.7160810957668544, 'bagging_freq': 5, 'min_child_samples': 15}. Best is trial 0 with value: 0.7857142857142857.
[I 2025-09-17 13:16:52,040] Trial 11 finished with value: 0.7857142857142857 and parameters: {'num_leaves': 287, 'learning_rate': 0.16103674218926428, 'feature_fraction': 0.43185683125245145, 'bagging_fraction': 0.7261946888661859, 'bagging_freq': 5, 'min_child_samples': 6}. Best is trial 0 with value: 0.7857142857142857.
[I 2025-09-17 13:16:52,128] Trial 12 finished with value: 0.761904761904762 and parameters: {'num_leaves': 228, 'learning_rate': 0.14054838858601293, 'feature_fraction': 0.5549645054227751, 'bagging_fraction': 0.744723931885833, 'bagging_freq': 5, 'min_child_samples': 8}. Best is trial 0 with value: 0.7857142857142857.
[I 2025-09-17 13:16:52,143] Trial 13 finished with value: 0.5 and parameters: {'num_leaves': 247, 'learning_rate': 0.1734693746491899, 'feature_fraction': 0.40283467833232744, 'bagging_fraction': 0.64761982631925, 'bagging_freq': 3, 'min_child_samples': 99}. Best is trial 0 with value: 0.7857142857142857.
[I 2025-09-17 13:16:52,192] Trial 14 finished with value: 0.7896825396825397 and parameters: {'num_leaves': 249, 'learning_rate': 0.12768534849010063, 'feature_fraction': 0.550441717091843, 'bagging_fraction': 0.8196535205903307, 'bagging_freq': 5, 'min_child_samples': 19}. Best is trial 14 with value: 0.7896825396825397.
