[I 2025-09-17 13:18:16,286] Trial 11 finished with value: 0.8952380952380953 and parameters: {'num_leaves': 293, 'learning_rate': 0.2951755797372338, 'feature_fraction': 0.9898399240380366, 'bagging_fraction': 0.8830327974370138, 'bagging_freq': 3, 'min_child_samples': 10}. Best is trial 10 with value: 0.9095238095238096.
[I 2025-09-17 13:18:16,369] Trial 12 finished with value: 0.8666666666666666 and parameters: {'num_leaves': 299, 'learning_rate': 0.28655390223589167, 'feature_fraction': 0.9948929152287826, 'bagging_fraction': 0.8799938459022248, 'bagging_freq': 3, 'min_child_samples': 5}. Best is trial 10 with value: 0.9095238095238096.
[I 2025-09-17 13:18:16,457] Trial 13 finished with value: 0.8809523809523809 and parameters: {'num_leaves': 300, 'learning_rate': 0.29660287672932506, 'feature_fraction': 0.9973799805190211, 'bagging_fraction': 0.7613171747168845, 'bagging_freq': 3, 'min_child_samples': 5}. Best is trial 10 with value: 0.9095238095238096.
[I 2025-09-17 13:18:16,488] Trial 14 finished with value: 0.9095238095238095 and parameters: {'num_leaves': 218, 'learning_rate': 0.2424259300610369, 'feature_fraction': 0.87363964178478, 'bagging_fraction': 0.9136098562277477, 'bagging_freq': 3, 'min_child_samples': 23}. Best is trial 10 with value: 0.9095238095238096.
[I 2025-09-17 13:18:16,528] Trial 15 finished with value: 0.8952380952380953 and parameters: {'num_leaves': 207, 'learning_rate': 0.2458116347118457, 'feature_fraction': 0.8649143516170951, 'bagging_fraction': 0.9480263558500305, 'bagging_freq': 7, 'min_child_samples': 24}. Best is trial 10 with value: 0.9095238095238096.
[I 2025-09-17 13:18:16,539] Trial 16 finished with value: 0.5 and parameters: {'num_leaves': 247, 'learning_rate': 0.2376542725678673, 'feature_fraction': 0.8291449779306631, 'bagging_fraction': 0.5314232770566732, 'bagging_freq': 4, 'min_child_samples': 66}. Best is trial 10 with value: 0.9095238095238096.
[I 2025-09-17 13:18:16,572] Trial 17 finished with value: 0.8666666666666666 and parameters: {'num_leaves': 196, 'learning_rate': 0.2162807102402149, 'feature_fraction': 0.9259652358236274, 'bagging_fraction': 0.8215837191801878, 'bagging_freq': 2, 'min_child_samples': 23}. Best is trial 10 with value: 0.9095238095238096.
[I 2025-09-17 13:18:16,603] Trial 18 finished with value: 0.9 and parameters: {'num_leaves': 252, 'learning_rate': 0.26509912344795494, 'feature_fraction': 0.7507272508942766, 'bagging_fraction': 0.7018984430910665, 'bagging_freq': 4, 'min_child_samples': 17}. Best is trial 10 with value: 0.9095238095238096.
[I 2025-09-17 13:18:16,635] Trial 19 finished with value: 0.8333333333333333 and parameters: {'num_leaves': 253, 'learning_rate': 0.1992851148726443, 'feature_fraction': 0.8615476169456531, 'bagging_fraction': 0.9171563571865636, 'bagging_freq': 5, 'min_child_samples': 33}. Best is trial 10 with value: 0.9095238095238096.
[I 2025-09-17 13:18:16,653] Trial 20 finished with value: 0.5 and parameters: {'num_leaves': 190, 'learning_rate': 0.2611025508331966, 'feature_fraction': 0.9371335254178911, 'bagging_fraction': 0.7345987843856032, 'bagging_freq': 3, 'min_child_samples': 67}. Best is trial 10 with value: 0.9095238095238096.
[I 2025-09-17 13:18:16,681] Trial 21 finished with value: 0.8952380952380953 and parameters: {'num_leaves': 244, 'learning_rate': 0.26578337828488613, 'feature_fraction': 0.7133627333250033, 'bagging_fraction': 0.6962488114032498, 'bagging_freq': 4, 'min_child_samples': 16}. Best is trial 10 with value: 0.9095238095238096.
[I 2025-09-17 13:18:16,705] Trial 22 finished with value: 0.7999999999999999 and parameters: {'num_leaves': 271, 'learning_rate': 0.26584360098288434, 'feature_fraction': 0.7758173283927955, 'bagging_fraction': 0.4740000377297018, 'bagging_freq': 4, 'min_child_samples': 16}. Best is trial 10 with value: 0.9095238095238096.
[I 2025-09-17 13:18:16,730] Trial 23 finished with value: 0.7666666666666667 and parameters: {'num_leaves': 223, 'learning_rate': 0.20698525661529132, 'feature_fraction': 0.8307877283274523, 'bagging_fraction': 0.6208539978998387, 'bagging_freq': 3, 'min_child_samples': 32}. Best is trial 10 with value: 0.9095238095238096.
[I 2025-09-17 13:18:16,773] Trial 24 finished with value: 0.8619047619047618 and parameters: {'num_leaves': 170, 'learning_rate': 0.24786150708723775, 'feature_fraction': 0.6616880596489374, 'bagging_fraction': 0.8352338361011733, 'bagging_freq': 2, 'min_child_samples': 14}. Best is trial 10 with value: 0.9095238095238096.
[I 2025-09-17 13:18:16,806] Trial 25 finished with value: 0.8619047619047618 and parameters: {'num_leaves': 271, 'learning_rate': 0.2779062223674399, 'feature_fraction': 0.7513699774920688, 'bagging_fraction': 0.8740002472686963, 'bagging_freq': 5, 'min_child_samples': 27}. Best is trial 10 with value: 0.9095238095238096.
[I 2025-09-17 13:18:16,853] Trial 26 finished with value: 0.9095238095238096 and parameters: {'num_leaves': 230, 'learning_rate': 0.029805121331250323, 'feature_fraction': 0.8750089354467832, 'bagging_fraction': 0.9336560710889018, 'bagging_freq': 6, 'min_child_samples': 17}. Best is trial 10 with value: 0.9095238095238096.
[I 2025-09-17 13:18:16,868] Trial 27 finished with value: 0.5 and parameters: {'num_leaves': 229, 'learning_rate': 0.03492519957035886, 'feature_fraction': 0.874977519785011, 'bagging_fraction': 0.9354677008953015, 'bagging_freq': 7, 'min_child_samples': 62}. Best is trial 10 with value: 0.9095238095238096.
[I 2025-09-17 13:18:16,935] Trial 28 finished with value: 0.9 and parameters: {'num_leaves': 180, 'learning_rate': 0.08872579988081702, 'feature_fraction': 0.9528174404458949, 'bagging_fraction': 0.9776471400048012, 'bagging_freq': 6, 'min_child_samples': 10}. Best is trial 10 with value: 0.9095238095238096.
[I 2025-09-17 13:18:16,959] Trial 29 finished with value: 0.7238095238095238 and parameters: {'num_leaves': 216, 'learning_rate': 0.01266917592941948, 'feature_fraction': 0.8246969555262919, 'bagging_fraction': 0.9030674170793948, 'bagging_freq': 6, 'min_child_samples': 33}. Best is trial 10 with value: 0.9095238095238096.
[I 2025-09-17 13:18:16,992] Trial 30 finished with value: 0.8047619047619047 and parameters: {'num_leaves': 269, 'learning_rate': 0.08436689758274643, 'feature_fraction': 0.9609111799355502, 'bagging_fraction': 0.9933326937839738, 'bagging_freq': 2, 'min_child_samples': 28}. Best is trial 10 with value: 0.9095238095238096.
[I 2025-09-17 13:18:17,031] Trial 31 finished with value: 0.8666666666666667 and parameters: {'num_leaves': 236, 'learning_rate': 0.23843183720452532, 'feature_fraction': 0.870356082623684, 'bagging_fraction': 0.8511361901148711, 'bagging_freq': 4, 'min_child_samples': 19}. Best is trial 10 with value: 0.9095238095238096.
[I 2025-09-17 13:18:17,046] Trial 32 finished with value: 0.5 and parameters: {'num_leaves': 259, 'learning_rate': 0.06391321622994747, 'feature_fraction': 0.9064231262399731, 'bagging_fraction': 0.7289706654098039, 'bagging_freq': 3, 'min_child_samples': 100}. Best is trial 10 with value: 0.9095238095238096.
[I 2025-09-17 13:18:17,118] Trial 33 finished with value: 0.8904761904761904 and parameters: {'num_leaves': 277, 'learning_rate': 0.1394885316416909, 'feature_fraction': 0.7494421316583569, 'bagging_fraction': 0.9490380470835831, 'bagging_freq': 5, 'min_child_samples': 12}. Best is trial 10 with value: 0.9095238095238096.
[I 2025-09-17 13:18:17,146] Trial 34 finished with value: 0.8761904761904762 and parameters: {'num_leaves': 163, 'learning_rate': 0.27558992494225465, 'feature_fraction': 0.637511935409016, 'bagging_fraction': 0.7941159137026201, 'bagging_freq': 4, 'min_child_samples': 19}. Best is trial 10 with value: 0.9095238095238096.
[I 2025-09-17 13:18:17,231] Trial 35 finished with value: 0.9095238095238095 and parameters: {'num_leaves': 231, 'learning_rate': 0.18821045865176528, 'feature_fraction': 0.8103171551772044, 'bagging_fraction': 0.661323291176651, 'bagging_freq': 4, 'min_child_samples': 5}. Best is trial 10 with value: 0.9095238095238096.
[I 2025-09-17 13:18:17,285] Trial 36 finished with value: 0.8761904761904763 and parameters: {'num_leaves': 230, 'learning_rate': 0.19044556743716384, 'feature_fraction': 0.8948844210467514, 'bagging_fraction': 0.5964401941064098, 'bagging_freq': 3, 'min_child_samples': 6}. Best is trial 10 with value: 0.9095238095238096.
[I 2025-09-17 13:18:17,359] Trial 37 finished with value: 0.9000000000000001 and parameters: {'num_leaves': 64, 'learning_rate': 0.1549285559921823, 'feature_fraction': 0.8088455195682436, 'bagging_fraction': 0.9651584642473392, 'bagging_freq': 1, 'min_child_samples': 10}. Best is trial 10 with value: 0.9095238095238096.
[I 2025-09-17 13:18:17,384] Trial 38 finished with value: 0.761904761904762 and parameters: {'num_leaves': 202, 'learning_rate': 0.2249188109276218, 'feature_fraction': 0.9582274473427206, 'bagging_fraction': 0.6463074702654362, 'bagging_freq': 6, 'min_child_samples': 40}. Best is trial 10 with value: 0.9095238095238096.
[I 2025-09-17 13:18:17,411] Trial 39 finished with value: 0.8666666666666667 and parameters: {'num_leaves': 217, 'learning_rate': 0.11231594660916665, 'feature_fraction': 0.4734577715125087, 'bagging_fraction': 0.6617350478956198, 'bagging_freq': 4, 'min_child_samples': 21}. Best is trial 10 with value: 0.9095238095238096.
[I 2025-09-17 13:18:17,425] Trial 40 finished with value: 0.5 and parameters: {'num_leaves': 146, 'learning_rate': 0.17283523716676705, 'feature_fraction': 0.8495740277689555, 'bagging_fraction': 0.5537711401587461, 'bagging_freq': 2, 'min_child_samples': 47}. Best is trial 10 with value: 0.9095238095238096.
[I 2025-09-17 13:18:17,487] Trial 41 finished with value: 0.9095238095238095 and parameters: {'num_leaves': 33, 'learning_rate': 0.14658445442971815, 'feature_fraction': 0.811046114867071, 'bagging_fraction': 0.9990972791855524, 'bagging_freq': 1, 'min_child_samples': 10}. Best is trial 10 with value: 0.9095238095238096.
[I 2025-09-17 13:18:17,555] Trial 42 finished with value: 0.880952380952381 and parameters: {'num_leaves': 123, 'learning_rate': 0.15640482264843153, 'feature_fraction': 0.7999378255438168, 'bagging_fraction': 0.991182525916781, 'bagging_freq': 1, 'min_child_samples': 9}. Best is trial 10 with value: 0.9095238095238096.
[I 2025-09-17 13:18:17,625] Trial 43 finished with value: 0.9 and parameters: {'num_leaves': 45, 'learning_rate': 0.1348587375671634, 'feature_fraction': 0.8997198597403204, 'bagging_fraction': 0.9135814366532887, 'bagging_freq': 1, 'min_child_samples': 13}. Best is trial 10 with value: 0.9095238095238096.
Training until validation scores don't improve for 50 rounds
Early stopping, best iteration is:
[3]	valid_0's binary_logloss: 0.63665
Training until validation scores don't improve for 50 rounds
Did not meet early stopping. Best iteration is:
[100]	valid_0's binary_logloss: 0.33589
Training until validation scores don't improve for 50 rounds
Early stopping, best iteration is:
[40]	valid_0's binary_logloss: 0.432863
Training until validation scores don't improve for 50 rounds
Early stopping, best iteration is:
[4]	valid_0's binary_logloss: 0.63665
Training until validation scores don't improve for 50 rounds
Early stopping, best iteration is:
[39]	valid_0's binary_logloss: 0.424941
Training until validation scores don't improve for 50 rounds
Did not meet early stopping. Best iteration is:
[74]	valid_0's binary_logloss: 0.383794
Training until validation scores don't improve for 50 rounds
Early stopping, best iteration is:
[27]	valid_0's binary_logloss: 0.368256
Training until validation scores don't improve for 50 rounds
Early stopping, best iteration is:
[15]	valid_0's binary_logloss: 0.427482
Training until validation scores don't improve for 50 rounds
Early stopping, best iteration is:
[25]	valid_0's binary_logloss: 0.428622
Training until validation scores don't improve for 50 rounds
Did not meet early stopping. Best iteration is:
[68]	valid_0's binary_logloss: 0.331784
Training until validation scores don't improve for 50 rounds
Early stopping, best iteration is:
[27]	valid_0's binary_logloss: 0.410828
Training until validation scores don't improve for 50 rounds
Did not meet early stopping. Best iteration is:
[100]	valid_0's binary_logloss: 0.430597
Training until validation scores don't improve for 50 rounds
Early stopping, best iteration is:
[35]	valid_0's binary_logloss: 0.329666
Training until validation scores don't improve for 50 rounds
Early stopping, best iteration is:
[12]	valid_0's binary_logloss: 0.63665
Training model for P048... (normalize_per_user=True)
Training until validation scores don't improve for 50 rounds
Early stopping, best iteration is:
[11]	valid_0's binary_logloss: 0.693149
Training until validation scores don't improve for 50 rounds
Did not meet early stopping. Best iteration is:
[72]	valid_0's binary_logloss: 0.541202
Training until validation scores don't improve for 50 rounds
Early stopping, best iteration is:
[16]	valid_0's binary_logloss: 0.633985
Training until validation scores don't improve for 50 rounds
Early stopping, best iteration is:
[1]	valid_0's binary_logloss: 0.693149
Training until validation scores don't improve for 50 rounds
Early stopping, best iteration is:
[49]	valid_0's binary_logloss: 0.472816
Training until validation scores don't improve for 50 rounds
Did not meet early stopping. Best iteration is:
[82]	valid_0's binary_logloss: 0.659422
Training until validation scores don't improve for 50 rounds
Early stopping, best iteration is:
[3]	valid_0's binary_logloss: 0.693149
Training until validation scores don't improve for 50 rounds
Early stopping, best iteration is:
[30]	valid_0's binary_logloss: 0.693149
Training until validation scores don't improve for 50 rounds
Early stopping, best iteration is:
[44]	valid_0's binary_logloss: 0.693149
Training until validation scores don't improve for 50 rounds
Early stopping, best iteration is:
[3]	valid_0's binary_logloss: 0.693149
Training until validation scores don't improve for 50 rounds
Early stopping, best iteration is:
[6]	valid_0's binary_logloss: 0.424787
Training until validation scores don't improve for 50 rounds
Early stopping, best iteration is:
[15]	valid_0's binary_logloss: 0.443389
Training until validation scores don't improve for 50 rounds
Early stopping, best iteration is:
[5]	valid_0's binary_logloss: 0.428474
Training until validation scores don't improve for 50 rounds
Early stopping, best iteration is:
[13]	valid_0's binary_logloss: 0.434631
Training until validation scores don't improve for 50 rounds
Early stopping, best iteration is:
[36]	valid_0's binary_logloss: 0.423267
Training until validation scores don't improve for 50 rounds
Early stopping, best iteration is:
[50]	valid_0's binary_logloss: 0.418982
Training until validation scores don't improve for 50 rounds
Early stopping, best iteration is:
[2]	valid_0's binary_logloss: 0.693149
Training until validation scores don't improve for 50 rounds
Early stopping, best iteration is:
[39]	valid_0's binary_logloss: 0.44957
Training until validation scores don't improve for 50 rounds
Early stopping, best iteration is:
[20]	valid_0's binary_logloss: 0.401598
Training until validation scores don't improve for 50 rounds
Did not meet early stopping. Best iteration is:
[89]	valid_0's binary_logloss: 0.509831
Training until validation scores don't improve for 50 rounds
Early stopping, best iteration is:
[15]	valid_0's binary_logloss: 0.693149
Training until validation scores don't improve for 50 rounds
Early stopping, best iteration is:
[20]	valid_0's binary_logloss: 0.419165
Training until validation scores don't improve for 50 rounds
Early stopping, best iteration is:
[28]	valid_0's binary_logloss: 0.562208
Training until validation scores don't improve for 50 rounds
Did not meet early stopping. Best iteration is:
[96]	valid_0's binary_logloss: 0.56618
Training until validation scores don't improve for 50 rounds
Early stopping, best iteration is:
[17]	valid_0's binary_logloss: 0.451257
Training until validation scores don't improve for 50 rounds
Did not meet early stopping. Best iteration is:
[60]	valid_0's binary_logloss: 0.46335
Training until validation scores don't improve for 50 rounds
Did not meet early stopping. Best iteration is:
[100]	valid_0's binary_logloss: 0.409551
Training until validation scores don't improve for 50 rounds
Early stopping, best iteration is:
[28]	valid_0's binary_logloss: 0.693149
Training until validation scores don't improve for 50 rounds
Early stopping, best iteration is:
[30]	valid_0's binary_logloss: 0.435396
Training until validation scores don't improve for 50 rounds
Did not meet early stopping. Best iteration is:
[100]	valid_0's binary_logloss: 0.63751
Training until validation scores don't improve for 50 rounds
Did not meet early stopping. Best iteration is:
[99]	valid_0's binary_logloss: 0.523509
Training until validation scores don't improve for 50 rounds
Early stopping, best iteration is:
[48]	valid_0's binary_logloss: 0.443899
Training until validation scores don't improve for 50 rounds
Early stopping, best iteration is:
[25]	valid_0's binary_logloss: 0.693149
Training until validation scores don't improve for 50 rounds
Did not meet early stopping. Best iteration is:
[52]	valid_0's binary_logloss: 0.412812
Training until validation scores don't improve for 50 rounds
Early stopping, best iteration is:
[16]	valid_0's binary_logloss: 0.451877
Training until validation scores don't improve for 50 rounds
Early stopping, best iteration is:
[20]	valid_0's binary_logloss: 0.374897
Training until validation scores don't improve for 50 rounds
Early stopping, best iteration is:
[5]	valid_0's binary_logloss: 0.510572
Training until validation scores don't improve for 50 rounds
Early stopping, best iteration is:
[37]	valid_0's binary_logloss: 0.40499
Training until validation scores don't improve for 50 rounds
Did not meet early stopping. Best iteration is:
[97]	valid_0's binary_logloss: 0.575951
Training until validation scores don't improve for 50 rounds
Early stopping, best iteration is:
[27]	valid_0's binary_logloss: 0.532009
Training until validation scores don't improve for 50 rounds
Early stopping, best iteration is:
[4]	valid_0's binary_logloss: 0.693149
Training until validation scores don't improve for 50 rounds
Early stopping, best iteration is:
[16]	valid_0's binary_logloss: 0.408167
Training until validation scores don't improve for 50 rounds
Early stopping, best iteration is:
[16]	valid_0's binary_logloss: 0.432201
Training until validation scores don't improve for 50 rounds
Did not meet early stopping. Best iteration is:
[59]	valid_0's binary_logloss: 0.421717
Training until validation scores don't improve for 50 rounds
[I 2025-09-17 13:18:17,731] Trial 44 finished with value: 0.8666666666666667 and parameters: {'num_leaves': 19, 'learning_rate': 0.07031692542835785, 'feature_fraction': 0.7223842857531642, 'bagging_fraction': 0.9323842495089996, 'bagging_freq': 5, 'min_child_samples': 6}. Best is trial 10 with value: 0.9095238095238096.
[I 2025-09-17 13:18:17,762] Trial 45 finished with value: 0.8333333333333334 and parameters: {'num_leaves': 183, 'learning_rate': 0.1021243414399719, 'feature_fraction': 0.6823704947357296, 'bagging_fraction': 0.88470819867812, 'bagging_freq': 3, 'min_child_samples': 26}. Best is trial 10 with value: 0.9095238095238096.
[I 2025-09-17 13:18:17,804] Trial 46 finished with value: 0.9047619047619048 and parameters: {'num_leaves': 288, 'learning_rate': 0.19070972957135182, 'feature_fraction': 0.8913007945954005, 'bagging_fraction': 0.9671584946061321, 'bagging_freq': 7, 'min_child_samples': 14}. Best is trial 10 with value: 0.9095238095238096.
[I 2025-09-17 13:18:17,835] Trial 47 finished with value: 0.9 and parameters: {'num_leaves': 86, 'learning_rate': 0.25199459343811187, 'feature_fraction': 0.8475917108259791, 'bagging_fraction': 0.8626027383349397, 'bagging_freq': 2, 'min_child_samples': 20}. Best is trial 10 with value: 0.9095238095238096.
[I 2025-09-17 13:18:17,893] Trial 48 finished with value: 0.9047619047619048 and parameters: {'num_leaves': 127, 'learning_rate': 0.22816352644093363, 'feature_fraction': 0.97162267391717, 'bagging_fraction': 0.7710959980273954, 'bagging_freq': 3, 'min_child_samples': 8}. Best is trial 10 with value: 0.9095238095238096.
[I 2025-09-17 13:18:17,909] Trial 49 finished with value: 0.5 and parameters: {'num_leaves': 259, 'learning_rate': 0.012485376916132884, 'feature_fraction': 0.9266170624555964, 'bagging_fraction': 0.8166134018621896, 'bagging_freq': 6, 'min_child_samples': 56}. Best is trial 10 with value: 0.9095238095238096.
[I 2025-09-17 13:18:18,110] A new study created in memory with name: no-name-e0c8e062-afbd-4b69-88a0-33e3fbd95370
[I 2025-09-17 13:18:18,121] Trial 0 finished with value: 0.5 and parameters: {'num_leaves': 45, 'learning_rate': 0.2648753242035492, 'feature_fraction': 0.8079985217756218, 'bagging_fraction': 0.4517343223856425, 'bagging_freq': 6, 'min_child_samples': 54}. Best is trial 0 with value: 0.5.
[I 2025-09-17 13:18:18,146] Trial 1 finished with value: 0.7714285714285714 and parameters: {'num_leaves': 125, 'learning_rate': 0.08112073318054165, 'feature_fraction': 0.545747172171764, 'bagging_fraction': 0.40227336865587615, 'bagging_freq': 5, 'min_child_samples': 18}. Best is trial 1 with value: 0.7714285714285714.
[I 2025-09-17 13:18:18,156] Trial 2 finished with value: 0.5 and parameters: {'num_leaves': 117, 'learning_rate': 0.22901314598851094, 'feature_fraction': 0.7947742839517651, 'bagging_fraction': 0.5340363892702964, 'bagging_freq': 6, 'min_child_samples': 38}. Best is trial 1 with value: 0.7714285714285714.
