[I 2025-09-17 13:16:19,728] Trial 3 finished with value: 0.7751196172248803 and parameters: {'num_leaves': 210, 'learning_rate': 0.28657994856468577, 'feature_fraction': 0.9453979676171872, 'bagging_fraction': 0.9832403787067494, 'bagging_freq': 6, 'min_child_samples': 27}. Best is trial 3 with value: 0.7751196172248803.
[I 2025-09-17 13:16:19,735] Trial 4 finished with value: 0.5 and parameters: {'num_leaves': 188, 'learning_rate': 0.28087898201893513, 'feature_fraction': 0.697283611223533, 'bagging_fraction': 0.6269055907110653, 'bagging_freq': 7, 'min_child_samples': 60}. Best is trial 3 with value: 0.7751196172248803.
[I 2025-09-17 13:16:19,744] Trial 5 finished with value: 0.5 and parameters: {'num_leaves': 242, 'learning_rate': 0.013232948470784083, 'feature_fraction': 0.5633084561868228, 'bagging_fraction': 0.9265769647696798, 'bagging_freq': 7, 'min_child_samples': 68}. Best is trial 3 with value: 0.7751196172248803.
[I 2025-09-17 13:16:19,764] Trial 6 finished with value: 0.8229665071770335 and parameters: {'num_leaves': 28, 'learning_rate': 0.15174933020757636, 'feature_fraction': 0.7106883968569059, 'bagging_fraction': 0.8909503526949896, 'bagging_freq': 2, 'min_child_samples': 35}. Best is trial 6 with value: 0.8229665071770335.
[I 2025-09-17 13:16:19,807] Trial 7 finished with value: 0.8708133971291866 and parameters: {'num_leaves': 288, 'learning_rate': 0.14807978699029015, 'feature_fraction': 0.4423679646228309, 'bagging_fraction': 0.588637150944465, 'bagging_freq': 2, 'min_child_samples': 12}. Best is trial 7 with value: 0.8708133971291866.
[I 2025-09-17 13:16:19,827] Trial 8 finished with value: 0.8181818181818181 and parameters: {'num_leaves': 57, 'learning_rate': 0.01935212087992951, 'feature_fraction': 0.7241050032248806, 'bagging_fraction': 0.9250464166559874, 'bagging_freq': 3, 'min_child_samples': 44}. Best is trial 7 with value: 0.8708133971291866.
[I 2025-09-17 13:16:19,837] Trial 9 finished with value: 0.5 and parameters: {'num_leaves': 246, 'learning_rate': 0.054626659433251235, 'feature_fraction': 0.610649922623426, 'bagging_fraction': 0.5804575926767068, 'bagging_freq': 2, 'min_child_samples': 66}. Best is trial 7 with value: 0.8708133971291866.
[I 2025-09-17 13:16:19,914] Trial 10 finished with value: 0.8755980861244019 and parameters: {'num_leaves': 299, 'learning_rate': 0.14033610196422275, 'feature_fraction': 0.40877099453688154, 'bagging_fraction': 0.4517726390561271, 'bagging_freq': 5, 'min_child_samples': 5}. Best is trial 10 with value: 0.8755980861244019.
[I 2025-09-17 13:16:19,972] Trial 11 finished with value: 0.770334928229665 and parameters: {'num_leaves': 288, 'learning_rate': 0.14247177379583656, 'feature_fraction': 0.4074327295354032, 'bagging_fraction': 0.42268026655367635, 'bagging_freq': 5, 'min_child_samples': 6}. Best is trial 10 with value: 0.8755980861244019.
[I 2025-09-17 13:16:20,025] Trial 12 finished with value: 0.8373205741626795 and parameters: {'num_leaves': 300, 'learning_rate': 0.0973432240442387, 'feature_fraction': 0.41114491551107396, 'bagging_fraction': 0.4600892140713131, 'bagging_freq': 5, 'min_child_samples': 8}. Best is trial 10 with value: 0.8755980861244019.
[I 2025-09-17 13:16:20,055] Trial 13 finished with value: 0.715311004784689 and parameters: {'num_leaves': 260, 'learning_rate': 0.21159148238800995, 'feature_fraction': 0.47350691532555095, 'bagging_fraction': 0.5243508071251091, 'bagging_freq': 4, 'min_child_samples': 21}. Best is trial 10 with value: 0.8755980861244019.
[I 2025-09-17 13:16:20,107] Trial 14 finished with value: 0.861244019138756 and parameters: {'num_leaves': 117, 'learning_rate': 0.10636822827217757, 'feature_fraction': 0.6041006848379802, 'bagging_fraction': 0.765504920435593, 'bagging_freq': 1, 'min_child_samples': 18}. Best is trial 10 with value: 0.8755980861244019.
[I 2025-09-17 13:16:20,200] Trial 15 finished with value: 0.9138755980861244 and parameters: {'num_leaves': 216, 'learning_rate': 0.22337095144961266, 'feature_fraction': 0.47870016451977193, 'bagging_fraction': 0.514712364885938, 'bagging_freq': 5, 'min_child_samples': 5}. Best is trial 15 with value: 0.9138755980861244.
[I 2025-09-17 13:16:20,217] Trial 16 finished with value: 0.5 and parameters: {'num_leaves': 222, 'learning_rate': 0.23446912334657521, 'feature_fraction': 0.841828205179327, 'bagging_fraction': 0.49434258427786065, 'bagging_freq': 5, 'min_child_samples': 90}. Best is trial 15 with value: 0.9138755980861244.
[I 2025-09-17 13:16:20,244] Trial 17 finished with value: 0.7177033492822965 and parameters: {'num_leaves': 136, 'learning_rate': 0.24409502825483534, 'feature_fraction': 0.48589934260782197, 'bagging_fraction': 0.4030545823532097, 'bagging_freq': 6, 'min_child_samples': 26}. Best is trial 15 with value: 0.9138755980861244.
[I 2025-09-17 13:16:20,334] Trial 18 finished with value: 0.7416267942583732 and parameters: {'num_leaves': 190, 'learning_rate': 0.19402172169110826, 'feature_fraction': 0.5347800819462765, 'bagging_fraction': 0.5459667190842926, 'bagging_freq': 6, 'min_child_samples': 5}. Best is trial 15 with value: 0.9138755980861244.
[I 2025-09-17 13:16:20,348] Trial 19 finished with value: 0.5 and parameters: {'num_leaves': 267, 'learning_rate': 0.10751383084784674, 'feature_fraction': 0.6350274106712316, 'bagging_fraction': 0.6897560878650957, 'bagging_freq': 5, 'min_child_samples': 80}. Best is trial 15 with value: 0.9138755980861244.
Training until validation scores don't improve for 50 rounds
Early stopping, best iteration is:
[8]	valid_0's binary_logloss: 0.528917
Training until validation scores don't improve for 50 rounds
Early stopping, best iteration is:
[12]	valid_0's binary_logloss: 0.38052
Training until validation scores don't improve for 50 rounds
Early stopping, best iteration is:
[11]	valid_0's binary_logloss: 0.420725
Training until validation scores don't improve for 50 rounds
Early stopping, best iteration is:
[25]	valid_0's binary_logloss: 0.466341
Training until validation scores don't improve for 50 rounds
Did not meet early stopping. Best iteration is:
[100]	valid_0's binary_logloss: 0.550625
Training until validation scores don't improve for 50 rounds
Early stopping, best iteration is:
[15]	valid_0's binary_logloss: 0.437966
Training until validation scores don't improve for 50 rounds
Did not meet early stopping. Best iteration is:
[94]	valid_0's binary_logloss: 0.511152
Training until validation scores don't improve for 50 rounds
Did not meet early stopping. Best iteration is:
[77]	valid_0's binary_logloss: 0.612353
Training until validation scores don't improve for 50 rounds
Early stopping, best iteration is:
[4]	valid_0's binary_logloss: 0.655607
Training until validation scores don't improve for 50 rounds
Early stopping, best iteration is:
[7]	valid_0's binary_logloss: 0.428998
Training until validation scores don't improve for 50 rounds
Early stopping, best iteration is:
[28]	valid_0's binary_logloss: 0.433909
Training until validation scores don't improve for 50 rounds
Early stopping, best iteration is:
[21]	valid_0's binary_logloss: 0.573822
Training until validation scores don't improve for 50 rounds
Early stopping, best iteration is:
[8]	valid_0's binary_logloss: 0.512025
Training until validation scores don't improve for 50 rounds
Early stopping, best iteration is:
[34]	valid_0's binary_logloss: 0.482065
Training until validation scores don't improve for 50 rounds
Early stopping, best iteration is:
[13]	valid_0's binary_logloss: 0.445396
Training until validation scores don't improve for 50 rounds
Did not meet early stopping. Best iteration is:
[55]	valid_0's binary_logloss: 0.565019
Training until validation scores don't improve for 50 rounds
Early stopping, best iteration is:
[12]	valid_0's binary_logloss: 0.387807
Training until validation scores don't improve for 50 rounds
Did not meet early stopping. Best iteration is:
[73]	valid_0's binary_logloss: 0.53527
Training until validation scores don't improve for 50 rounds
Did not meet early stopping. Best iteration is:
[99]	valid_0's binary_logloss: 0.46014
Training until validation scores don't improve for 50 rounds
Early stopping, best iteration is:
[15]	valid_0's binary_logloss: 0.403331
Training until validation scores don't improve for 50 rounds
Early stopping, best iteration is:
[15]	valid_0's binary_logloss: 0.555156
Training until validation scores don't improve for 50 rounds
Early stopping, best iteration is:
[17]	valid_0's binary_logloss: 0.495785
Training until validation scores don't improve for 50 rounds
Early stopping, best iteration is:
[7]	valid_0's binary_logloss: 0.484172
Training until validation scores don't improve for 50 rounds
Early stopping, best iteration is:
[8]	valid_0's binary_logloss: 0.655607
Training until validation scores don't improve for 50 rounds
Early stopping, best iteration is:
[21]	valid_0's binary_logloss: 0.580891
Training until validation scores don't improve for 50 rounds
Did not meet early stopping. Best iteration is:
[100]	valid_0's binary_logloss: 0.563389
Training until validation scores don't improve for 50 rounds
Did not meet early stopping. Best iteration is:
[58]	valid_0's binary_logloss: 0.47265
Training until validation scores don't improve for 50 rounds
Did not meet early stopping. Best iteration is:
[65]	valid_0's binary_logloss: 0.583707
Training until validation scores don't improve for 50 rounds
Did not meet early stopping. Best iteration is:
[87]	valid_0's binary_logloss: 0.393046
Training until validation scores don't improve for 50 rounds
Early stopping, best iteration is:
[7]	valid_0's binary_logloss: 0.484069
Training until validation scores don't improve for 50 rounds
Early stopping, best iteration is:
[12]	valid_0's binary_logloss: 0.588706
Training until validation scores don't improve for 50 rounds
Early stopping, best iteration is:
[5]	valid_0's binary_logloss: 0.489296
Training until validation scores don't improve for 50 rounds
Early stopping, best iteration is:
[26]	valid_0's binary_logloss: 0.614664
Training until validation scores don't improve for 50 rounds
Early stopping, best iteration is:
[45]	valid_0's binary_logloss: 0.507415
Training until validation scores don't improve for 50 rounds
Early stopping, best iteration is:
[7]	valid_0's binary_logloss: 0.48079
Training until validation scores don't improve for 50 rounds
Early stopping, best iteration is:
[13]	valid_0's binary_logloss: 0.521672
Training until validation scores don't improve for 50 rounds
Did not meet early stopping. Best iteration is:
[88]	valid_0's binary_logloss: 0.570889
Training until validation scores don't improve for 50 rounds
Early stopping, best iteration is:
[16]	valid_0's binary_logloss: 0.655607
Training model for P056... (normalize_per_user=True)
Training until validation scores don't improve for 50 rounds
Did not meet early stopping. Best iteration is:
[78]	valid_0's binary_logloss: 0.609913
Training until validation scores don't improve for 50 rounds
Early stopping, best iteration is:
[1]	valid_0's binary_logloss: 0.657997
Training until validation scores don't improve for 50 rounds
Early stopping, best iteration is:
[23]	valid_0's binary_logloss: 0.657997
Training until validation scores don't improve for 50 rounds
Early stopping, best iteration is:
[12]	valid_0's binary_logloss: 0.542101
Training until validation scores don't improve for 50 rounds
Early stopping, best iteration is:
[1]	valid_0's binary_logloss: 0.657997
Training until validation scores don't improve for 50 rounds
Early stopping, best iteration is:
[3]	valid_0's binary_logloss: 0.657997
Training until validation scores don't improve for 50 rounds
Early stopping, best iteration is:
[40]	valid_0's binary_logloss: 0.502286
Training until validation scores don't improve for 50 rounds
Early stopping, best iteration is:
[23]	valid_0's binary_logloss: 0.449501
Training until validation scores don't improve for 50 rounds
Did not meet early stopping. Best iteration is:
[100]	valid_0's binary_logloss: 0.576989
Training until validation scores don't improve for 50 rounds
Early stopping, best iteration is:
[24]	valid_0's binary_logloss: 0.657997
Training until validation scores don't improve for 50 rounds
Early stopping, best iteration is:
[23]	valid_0's binary_logloss: 0.465966
Training until validation scores don't improve for 50 rounds
Early stopping, best iteration is:
[15]	valid_0's binary_logloss: 0.532555
Training until validation scores don't improve for 50 rounds
Early stopping, best iteration is:
[21]	valid_0's binary_logloss: 0.497686
Training until validation scores don't improve for 50 rounds
Early stopping, best iteration is:
[17]	valid_0's binary_logloss: 0.58297
Training until validation scores don't improve for 50 rounds
Early stopping, best iteration is:
[39]	valid_0's binary_logloss: 0.471084
Training until validation scores don't improve for 50 rounds
Early stopping, best iteration is:
[16]	valid_0's binary_logloss: 0.366765
Training until validation scores don't improve for 50 rounds
Early stopping, best iteration is:
[36]	valid_0's binary_logloss: 0.657997
Training until validation scores don't improve for 50 rounds
Early stopping, best iteration is:
[44]	valid_0's binary_logloss: 0.583304
Training until validation scores don't improve for 50 rounds
Early stopping, best iteration is:
[16]	valid_0's binary_logloss: 0.528973
Training until validation scores don't improve for 50 rounds
Early stopping, best iteration is:
[14]	valid_0's binary_logloss: 0.657997
Training until validation scores don't improve for 50 rounds
[I 2025-09-17 13:16:20,363] Trial 20 finished with value: 0.5 and parameters: {'num_leaves': 217, 'learning_rate': 0.2605082959065569, 'feature_fraction': 0.7897747314592678, 'bagging_fraction': 0.4702323655090356, 'bagging_freq': 4, 'min_child_samples': 39}. Best is trial 15 with value: 0.9138755980861244.
[I 2025-09-17 13:16:20,418] Trial 21 finished with value: 0.7607655502392344 and parameters: {'num_leaves': 277, 'learning_rate': 0.1339786705153875, 'feature_fraction': 0.45177099423222855, 'bagging_fraction': 0.6082964286667953, 'bagging_freq': 3, 'min_child_samples': 13}. Best is trial 15 with value: 0.9138755980861244.
[I 2025-09-17 13:16:20,448] Trial 22 finished with value: 0.8181818181818182 and parameters: {'num_leaves': 299, 'learning_rate': 0.17741911611080255, 'feature_fraction': 0.40410569393551915, 'bagging_fraction': 0.5543244864974701, 'bagging_freq': 4, 'min_child_samples': 16}. Best is trial 15 with value: 0.9138755980861244.
[I 2025-09-17 13:16:20,472] Trial 23 finished with value: 0.8708133971291866 and parameters: {'num_leaves': 237, 'learning_rate': 0.21406711816854454, 'feature_fraction': 0.4769166658377361, 'bagging_fraction': 0.6450248668573499, 'bagging_freq': 2, 'min_child_samples': 28}. Best is trial 15 with value: 0.9138755980861244.
[I 2025-09-17 13:16:20,530] Trial 24 finished with value: 0.8038277511961722 and parameters: {'num_leaves': 269, 'learning_rate': 0.12365007617378487, 'feature_fraction': 0.5586125119475853, 'bagging_fraction': 0.7572287409505987, 'bagging_freq': 6, 'min_child_samples': 11}. Best is trial 15 with value: 0.9138755980861244.
[I 2025-09-17 13:16:20,545] Trial 25 finished with value: 0.5 and parameters: {'num_leaves': 192, 'learning_rate': 0.16457798281002467, 'feature_fraction': 0.45723106129638313, 'bagging_fraction': 0.50999413482226, 'bagging_freq': 5, 'min_child_samples': 50}. Best is trial 15 with value: 0.9138755980861244.
[I 2025-09-17 13:16:20,566] Trial 26 finished with value: 0.4832535885167464 and parameters: {'num_leaves': 252, 'learning_rate': 0.08920757368743536, 'feature_fraction': 0.5070176117832318, 'bagging_fraction': 0.43675068404002604, 'bagging_freq': 3, 'min_child_samples': 32}. Best is trial 15 with value: 0.9138755980861244.
[I 2025-09-17 13:16:20,598] Trial 27 finished with value: 0.770334928229665 and parameters: {'num_leaves': 164, 'learning_rate': 0.20200378251985246, 'feature_fraction': 0.44615034238722595, 'bagging_fraction': 0.599045473126165, 'bagging_freq': 4, 'min_child_samples': 20}. Best is trial 15 with value: 0.9138755980861244.
[I 2025-09-17 13:16:20,632] Trial 28 finished with value: 0.8755980861244019 and parameters: {'num_leaves': 281, 'learning_rate': 0.15648156427271265, 'feature_fraction': 0.5698073386778648, 'bagging_fraction': 0.4848610412923861, 'bagging_freq': 6, 'min_child_samples': 16}. Best is trial 15 with value: 0.9138755980861244.
[I 2025-09-17 13:16:20,653] Trial 29 finished with value: 0.8421052631578946 and parameters: {'num_leaves': 217, 'learning_rate': 0.18140180723713073, 'feature_fraction': 0.6634944951523278, 'bagging_fraction': 0.4778974341467757, 'bagging_freq': 7, 'min_child_samples': 23}. Best is trial 15 with value: 0.9138755980861244.
[I 2025-09-17 13:16:20,668] Trial 30 finished with value: 0.5 and parameters: {'num_leaves': 86, 'learning_rate': 0.2258251612606756, 'feature_fraction': 0.5643941183353688, 'bagging_fraction': 0.43734472751564013, 'bagging_freq': 6, 'min_child_samples': 45}. Best is trial 15 with value: 0.9138755980861244.
[I 2025-09-17 13:16:20,725] Trial 31 finished with value: 0.8660287081339713 and parameters: {'num_leaves': 280, 'learning_rate': 0.16386762725453038, 'feature_fraction': 0.42793791446280816, 'bagging_fraction': 0.5577868913957128, 'bagging_freq': 5, 'min_child_samples': 13}. Best is trial 15 with value: 0.9138755980861244.
[I 2025-09-17 13:16:20,853] Trial 32 finished with value: 0.84688995215311 and parameters: {'num_leaves': 284, 'learning_rate': 0.07679631550475469, 'feature_fraction': 0.5173322988908203, 'bagging_fraction': 0.6528836051084121, 'bagging_freq': 1, 'min_child_samples': 5}. Best is trial 15 with value: 0.9138755980861244.
[I 2025-09-17 13:16:20,895] Trial 33 finished with value: 0.8660287081339713 and parameters: {'num_leaves': 259, 'learning_rate': 0.12372216772515648, 'feature_fraction': 0.498279624546351, 'bagging_fraction': 0.5225676142603674, 'bagging_freq': 6, 'min_child_samples': 13}. Best is trial 15 with value: 0.9138755980861244.
[I 2025-09-17 13:16:20,934] Trial 34 finished with value: 0.8421052631578947 and parameters: {'num_leaves': 235, 'learning_rate': 0.18149769826841952, 'feature_fraction': 0.5417972514427224, 'bagging_fraction': 0.7433705941512477, 'bagging_freq': 4, 'min_child_samples': 17}. Best is trial 15 with value: 0.9138755980861244.
[I 2025-09-17 13:16:20,956] Trial 35 finished with value: 0.7033492822966507 and parameters: {'num_leaves': 298, 'learning_rate': 0.1470024424975916, 'feature_fraction': 0.5897956749203699, 'bagging_fraction': 0.5715885667489675, 'bagging_freq': 5, 'min_child_samples': 31}. Best is trial 15 with value: 0.9138755980861244.
[I 2025-09-17 13:16:20,998] Trial 36 finished with value: 0.8516746411483254 and parameters: {'num_leaves': 203, 'learning_rate': 0.26575707868878723, 'feature_fraction': 0.4402392511955357, 'bagging_fraction': 0.4973402015815348, 'bagging_freq': 6, 'min_child_samples': 10}. Best is trial 15 with value: 0.9138755980861244.
[I 2025-09-17 13:16:21,023] Trial 37 finished with value: 0.8373205741626795 and parameters: {'num_leaves': 230, 'learning_rate': 0.0699205325367855, 'feature_fraction': 0.928196868792236, 'bagging_fraction': 0.5304432104943743, 'bagging_freq': 7, 'min_child_samples': 24}. Best is trial 15 with value: 0.9138755980861244.
[I 2025-09-17 13:16:21,042] Trial 38 finished with value: 0.5 and parameters: {'num_leaves': 176, 'learning_rate': 0.1252086181014466, 'feature_fraction': 0.5118426528274226, 'bagging_fraction': 0.45220007209844154, 'bagging_freq': 5, 'min_child_samples': 36}. Best is trial 15 with value: 0.9138755980861244.
[I 2025-09-17 13:16:21,066] Trial 39 finished with value: 0.8373205741626795 and parameters: {'num_leaves': 145, 'learning_rate': 0.16132547975533393, 'feature_fraction': 0.6465028226893674, 'bagging_fraction': 0.40139082659206965, 'bagging_freq': 7, 'min_child_samples': 15}. Best is trial 15 with value: 0.9138755980861244.
[I 2025-09-17 13:16:21,169] Trial 40 finished with value: 0.8133971291866028 and parameters: {'num_leaves': 251, 'learning_rate': 0.2926471203410198, 'feature_fraction': 0.4005764998401001, 'bagging_fraction': 0.7217200291044149, 'bagging_freq': 3, 'min_child_samples': 5}. Best is trial 15 with value: 0.9138755980861244.
[I 2025-09-17 13:16:21,189] Trial 41 finished with value: 0.8157894736842105 and parameters: {'num_leaves': 272, 'learning_rate': 0.20354192493036055, 'feature_fraction': 0.4710788523404858, 'bagging_fraction': 0.6223587230181199, 'bagging_freq': 2, 'min_child_samples': 28}. Best is trial 15 with value: 0.9138755980861244.
[I 2025-09-17 13:16:21,243] Trial 42 finished with value: 0.7368421052631579 and parameters: {'num_leaves': 241, 'learning_rate': 0.22388574253073038, 'feature_fraction': 0.43259604230757503, 'bagging_fraction': 0.6647387217531563, 'bagging_freq': 2, 'min_child_samples': 9}. Best is trial 15 with value: 0.9138755980861244.
[I 2025-09-17 13:16:21,280] Trial 43 finished with value: 0.784688995215311 and parameters: {'num_leaves': 286, 'learning_rate': 0.18946396844201657, 'feature_fraction': 0.48217138691592726, 'bagging_fraction': 0.6614183651323908, 'bagging_freq': 1, 'min_child_samples': 19}. Best is trial 15 with value: 0.9138755980861244.
[I 2025-09-17 13:16:21,292] Trial 44 finished with value: 0.5 and parameters: {'num_leaves': 262, 'learning_rate': 0.25250137582943566, 'feature_fraction': 0.5820471005070298, 'bagging_fraction': 0.813921060700462, 'bagging_freq': 2, 'min_child_samples': 55}. Best is trial 15 with value: 0.9138755980861244.
[I 2025-09-17 13:16:21,325] Trial 45 finished with value: 0.7799043062200958 and parameters: {'num_leaves': 235, 'learning_rate': 0.27586937881640605, 'feature_fraction': 0.532418214019043, 'bagging_fraction': 0.5965562484284826, 'bagging_freq': 2, 'min_child_samples': 29}. Best is trial 15 with value: 0.9138755980861244.
