[I 2025-09-17 13:16:31,830] Trial 12 finished with value: 1.0 and parameters: {'num_leaves': 151, 'learning_rate': 0.19460248345501147, 'feature_fraction': 0.9893333458753775, 'bagging_fraction': 0.42097163004111743, 'bagging_freq': 7, 'min_child_samples': 11}. Best is trial 11 with value: 1.0.
[I 2025-09-17 13:16:31,883] Trial 13 finished with value: 0.9285714285714286 and parameters: {'num_leaves': 171, 'learning_rate': 0.29996061210323083, 'feature_fraction': 0.9997616337259642, 'bagging_fraction': 0.4080605470817141, 'bagging_freq': 6, 'min_child_samples': 5}. Best is trial 11 with value: 1.0.
[I 2025-09-17 13:16:31,922] Trial 14 finished with value: 0.9464285714285715 and parameters: {'num_leaves': 133, 'learning_rate': 0.18941575390920895, 'feature_fraction': 0.932150853241362, 'bagging_fraction': 0.5207595155761827, 'bagging_freq': 6, 'min_child_samples': 19}. Best is trial 11 with value: 1.0.
[I 2025-09-17 13:16:31,951] Trial 15 finished with value: 0.9464285714285715 and parameters: {'num_leaves': 207, 'learning_rate': 0.18988438101900867, 'feature_fraction': 0.7790265600897195, 'bagging_fraction': 0.5027513981255974, 'bagging_freq': 6, 'min_child_samples': 16}. Best is trial 11 with value: 1.0.
[I 2025-09-17 13:16:31,979] Trial 16 finished with value: 0.8214285714285714 and parameters: {'num_leaves': 151, 'learning_rate': 0.11912392727186578, 'feature_fraction': 0.9665613082862542, 'bagging_fraction': 0.5334258883285369, 'bagging_freq': 7, 'min_child_samples': 26}. Best is trial 11 with value: 1.0.
[I 2025-09-17 13:16:31,992] Trial 17 finished with value: 0.5 and parameters: {'num_leaves': 105, 'learning_rate': 0.1881221915933072, 'feature_fraction': 0.7612298559779375, 'bagging_fraction': 0.5818648106596602, 'bagging_freq': 5, 'min_child_samples': 55}. Best is trial 11 with value: 1.0.
[I 2025-09-17 13:16:32,063] Trial 18 finished with value: 1.0 and parameters: {'num_leaves': 185, 'learning_rate': 0.2792635227482742, 'feature_fraction': 0.9009278807685381, 'bagging_fraction': 0.4036157390908178, 'bagging_freq': 5, 'min_child_samples': 7}. Best is trial 11 with value: 1.0.
[I 2025-09-17 13:16:32,081] Trial 19 finished with value: 0.6428571428571428 and parameters: {'num_leaves': 15, 'learning_rate': 0.20247964325814188, 'feature_fraction': 0.772775864838373, 'bagging_fraction': 0.45747268598707463, 'bagging_freq': 7, 'min_child_samples': 29}. Best is trial 11 with value: 1.0.
[I 2025-09-17 13:16:32,097] Trial 20 finished with value: 0.5 and parameters: {'num_leaves': 213, 'learning_rate': 0.170117532237723, 'feature_fraction': 0.41387006908757434, 'bagging_fraction': 0.45606799446204954, 'bagging_freq': 6, 'min_child_samples': 53}. Best is trial 11 with value: 1.0.
[I 2025-09-17 13:16:32,134] Trial 21 finished with value: 0.5446428571428572 and parameters: {'num_leaves': 179, 'learning_rate': 0.2727801752801507, 'feature_fraction': 0.8921384117837918, 'bagging_fraction': 0.41502501955096016, 'bagging_freq': 5, 'min_child_samples': 5}. Best is trial 11 with value: 1.0.
[I 2025-09-17 13:16:32,172] Trial 22 finished with value: 0.9821428571428572 and parameters: {'num_leaves': 155, 'learning_rate': 0.26396945942648065, 'feature_fraction': 0.9936479347252254, 'bagging_fraction': 0.4859527121807225, 'bagging_freq': 6, 'min_child_samples': 13}. Best is trial 11 with value: 1.0.
[I 2025-09-17 13:16:32,212] Trial 23 finished with value: 0.9821428571428572 and parameters: {'num_leaves': 216, 'learning_rate': 0.2937881953352334, 'feature_fraction': 0.9123450154321561, 'bagging_fraction': 0.554068672074498, 'bagging_freq': 7, 'min_child_samples': 13}. Best is trial 11 with value: 1.0.
[I 2025-09-17 13:16:32,228] Trial 24 finished with value: 0.4464285714285714 and parameters: {'num_leaves': 179, 'learning_rate': 0.25462562988352755, 'feature_fraction': 0.9084365798698945, 'bagging_fraction': 0.40138096510567217, 'bagging_freq': 5, 'min_child_samples': 28}. Best is trial 11 with value: 1.0.
[I 2025-09-17 13:16:32,303] Trial 25 finished with value: 0.9821428571428572 and parameters: {'num_leaves': 132, 'learning_rate': 0.2152398662823107, 'feature_fraction': 0.9992223449066708, 'bagging_fraction': 0.4773222137620059, 'bagging_freq': 4, 'min_child_samples': 5}. Best is trial 11 with value: 1.0.
[I 2025-09-17 13:16:32,346] Trial 26 finished with value: 0.9642857142857143 and parameters: {'num_leaves': 157, 'learning_rate': 0.27408496490449424, 'feature_fraction': 0.8135048135098939, 'bagging_fraction': 0.764000511727676, 'bagging_freq': 6, 'min_child_samples': 21}. Best is trial 11 with value: 1.0.
[I 2025-09-17 13:16:32,360] Trial 27 finished with value: 0.5 and parameters: {'num_leaves': 111, 'learning_rate': 0.23805764977263189, 'feature_fraction': 0.8812594920164418, 'bagging_fraction': 0.43460738129424326, 'bagging_freq': 7, 'min_child_samples': 81}. Best is trial 11 with value: 1.0.
[I 2025-09-17 13:16:32,384] Trial 28 finished with value: 0.6785714285714286 and parameters: {'num_leaves': 233, 'learning_rate': 0.13256156703181465, 'feature_fraction': 0.9500356360882442, 'bagging_fraction': 0.5654955787756618, 'bagging_freq': 3, 'min_child_samples': 32}. Best is trial 11 with value: 1.0.
[I 2025-09-17 13:16:32,402] Trial 29 finished with value: 0.625 and parameters: {'num_leaves': 197, 'learning_rate': 0.2814335400821449, 'feature_fraction': 0.8170627367112452, 'bagging_fraction': 0.6483768958327439, 'bagging_freq': 2, 'min_child_samples': 44}. Best is trial 11 with value: 1.0.
[I 2025-09-17 13:16:32,452] Trial 30 finished with value: 0.9821428571428572 and parameters: {'num_leaves': 148, 'learning_rate': 0.09821300376545648, 'feature_fraction': 0.9495002540937023, 'bagging_fraction': 0.6292795787496801, 'bagging_freq': 5, 'min_child_samples': 12}. Best is trial 11 with value: 1.0.
[I 2025-09-17 13:16:32,477] Trial 31 finished with value: 0.8392857142857143 and parameters: {'num_leaves': 82, 'learning_rate': 0.23765229198219534, 'feature_fraction': 0.6963991975967783, 'bagging_fraction': 0.8427806416961319, 'bagging_freq': 7, 'min_child_samples': 47}. Best is trial 11 with value: 1.0.
[I 2025-09-17 13:16:32,510] Trial 32 finished with value: 0.9821428571428572 and parameters: {'num_leaves': 74, 'learning_rate': 0.23022674712366886, 'feature_fraction': 0.6298437996543413, 'bagging_fraction': 0.5036811679577845, 'bagging_freq': 7, 'min_child_samples': 18}. Best is trial 11 with value: 1.0.
[I 2025-09-17 13:16:32,549] Trial 33 finished with value: 1.0 and parameters: {'num_leaves': 105, 'learning_rate': 0.25571006374671307, 'feature_fraction': 0.7468135444954345, 'bagging_fraction': 0.43396224928719906, 'bagging_freq': 6, 'min_child_samples': 10}. Best is trial 11 with value: 1.0.
[I 2025-09-17 13:16:32,583] Trial 34 finished with value: 0.9821428571428572 and parameters: {'num_leaves': 295, 'learning_rate': 0.25602784793283123, 'feature_fraction': 0.745327052613064, 'bagging_fraction': 0.44283779311533544, 'bagging_freq': 6, 'min_child_samples': 11}. Best is trial 11 with value: 1.0.
[I 2025-09-17 13:16:32,626] Trial 35 finished with value: 0.9285714285714286 and parameters: {'num_leaves': 108, 'learning_rate': 0.2877443244486664, 'feature_fraction': 0.8682436109837177, 'bagging_fraction': 0.400371515298565, 'bagging_freq': 6, 'min_child_samples': 9}. Best is trial 11 with value: 1.0.
[I 2025-09-17 13:16:32,654] Trial 36 finished with value: 0.9107142857142857 and parameters: {'num_leaves': 170, 'learning_rate': 0.24882093204569095, 'feature_fraction': 0.970544464699774, 'bagging_fraction': 0.4803938825126922, 'bagging_freq': 5, 'min_child_samples': 22}. Best is trial 11 with value: 1.0.
[I 2025-09-17 13:16:32,695] Trial 37 finished with value: 0.9107142857142857 and parameters: {'num_leaves': 192, 'learning_rate': 0.21083242717469663, 'feature_fraction': 0.9241404180538928, 'bagging_fraction': 0.43753918502725664, 'bagging_freq': 4, 'min_child_samples': 15}. Best is trial 11 with value: 1.0.
[I 2025-09-17 13:16:32,761] Trial 38 finished with value: 0.9821428571428572 and parameters: {'num_leaves': 238, 'learning_rate': 0.16972042187065386, 'feature_fraction': 0.8240537626536669, 'bagging_fraction': 0.5346933877292104, 'bagging_freq': 5, 'min_child_samples': 9}. Best is trial 11 with value: 1.0.
[I 2025-09-17 13:16:32,784] Trial 39 finished with value: 0.6785714285714286 and parameters: {'num_leaves': 59, 'learning_rate': 0.2649099436726242, 'feature_fraction': 0.529020805034291, 'bagging_fraction': 0.6068832088217707, 'bagging_freq': 6, 'min_child_samples': 33}. Best is trial 11 with value: 1.0.
[I 2025-09-17 13:16:32,820] Trial 40 finished with value: 0.9464285714285715 and parameters: {'num_leaves': 132, 'learning_rate': 0.2805611929911585, 'feature_fraction': 0.7354401696165802, 'bagging_fraction': 0.6906406472448228, 'bagging_freq': 7, 'min_child_samples': 24}. Best is trial 11 with value: 1.0.
[I 2025-09-17 13:16:32,875] Trial 41 finished with value: 0.9642857142857143 and parameters: {'num_leaves': 94, 'learning_rate': 0.2277752044285313, 'feature_fraction': 0.6711677149130446, 'bagging_fraction': 0.9466041864282231, 'bagging_freq': 7, 'min_child_samples': 17}. Best is trial 11 with value: 1.0.
[I 2025-09-17 13:16:32,895] Trial 42 finished with value: 0.5 and parameters: {'num_leaves': 63, 'learning_rate': 0.24009375910204783, 'feature_fraction': 0.6268403538140793, 'bagging_fraction': 0.8505032356072049, 'bagging_freq': 7, 'min_child_samples': 63}. Best is trial 11 with value: 1.0.
[I 2025-09-17 13:16:32,911] Trial 43 finished with value: 0.5 and parameters: {'num_leaves': 93, 'learning_rate': 0.20177380428330097, 'feature_fraction': 0.5690717830817528, 'bagging_fraction': 0.7645673038779768, 'bagging_freq': 6, 'min_child_samples': 76}. Best is trial 11 with value: 1.0.
[I 2025-09-17 13:16:32,972] Trial 44 finished with value: 0.9642857142857143 and parameters: {'num_leaves': 36, 'learning_rate': 0.2620275810921854, 'feature_fraction': 0.9557761212275715, 'bagging_fraction': 0.8951708234836571, 'bagging_freq': 7, 'min_child_samples': 9}. Best is trial 11 with value: 1.0.
[I 2025-09-17 13:16:32,985] Trial 45 finished with value: 0.3214285714285714 and parameters: {'num_leaves': 123, 'learning_rate': 0.248140372833793, 'feature_fraction': 0.701372612365363, 'bagging_fraction': 0.9996536862199742, 'bagging_freq': 6, 'min_child_samples': 59}. Best is trial 11 with value: 1.0.
[I 2025-09-17 13:16:33,002] Trial 46 finished with value: 0.5 and parameters: {'num_leaves': 43, 'learning_rate': 0.17336613723828423, 'feature_fraction': 0.601345520878495, 'bagging_fraction': 0.46506256185128264, 'bagging_freq': 7, 'min_child_samples': 98}. Best is trial 11 with value: 1.0.
[I 2025-09-17 13:16:33,020] Trial 47 finished with value: 0.5 and parameters: {'num_leaves': 144, 'learning_rate': 0.22197100234921846, 'feature_fraction': 0.8507286292470054, 'bagging_fraction': 0.4279960817856213, 'bagging_freq': 7, 'min_child_samples': 44}. Best is trial 11 with value: 1.0.
[I 2025-09-17 13:16:33,036] Trial 48 finished with value: 0.4375 and parameters: {'num_leaves': 167, 'learning_rate': 0.2998400013937844, 'feature_fraction': 0.9731840380155928, 'bagging_fraction': 0.5155991443134109, 'bagging_freq': 6, 'min_child_samples': 34}. Best is trial 11 with value: 1.0.
[I 2025-09-17 13:16:33,190] Trial 49 finished with value: 0.8571428571428572 and parameters: {'num_leaves': 187, 'learning_rate': 0.031005798786277766, 'feature_fraction': 0.7106154504760025, 'bagging_fraction': 0.7353396213087324, 'bagging_freq': 4, 'min_child_samples': 5}. Best is trial 11 with value: 1.0.
[I 2025-09-17 13:16:33,340] A new study created in memory with name: no-name-7e3deb89-e03b-4179-a91d-05e08d4b33ac
[I 2025-09-17 13:16:33,423] Trial 0 finished with value: 0.9464285714285715 and parameters: {'num_leaves': 129, 'learning_rate': 0.12930819358664059, 'feature_fraction': 0.8679736926364092, 'bagging_fraction': 0.967092540563565, 'bagging_freq': 2, 'min_child_samples': 10}. Best is trial 0 with value: 0.9464285714285715.
[I 2025-09-17 13:16:33,440] Trial 1 finished with value: 0.8928571428571428 and parameters: {'num_leaves': 13, 'learning_rate': 0.055353381156644205, 'feature_fraction': 0.9478239753843523, 'bagging_fraction': 0.49776225009817937, 'bagging_freq': 1, 'min_child_samples': 32}. Best is trial 0 with value: 0.9464285714285715.
[I 2025-09-17 13:16:33,510] Trial 2 finished with value: 0.9821428571428572 and parameters: {'num_leaves': 12, 'learning_rate': 0.2651001062998619, 'feature_fraction': 0.48538719778623074, 'bagging_fraction': 0.9574720983834597, 'bagging_freq': 5, 'min_child_samples': 9}. Best is trial 2 with value: 0.9821428571428572.
[I 2025-09-17 13:16:33,519] Trial 3 finished with value: 0.5 and parameters: {'num_leaves': 182, 'learning_rate': 0.1484993345768337, 'feature_fraction': 0.4595322185429598, 'bagging_fraction': 0.7800391666131743, 'bagging_freq': 5, 'min_child_samples': 72}. Best is trial 2 with value: 0.9821428571428572.
[I 2025-09-17 13:16:33,598] Trial 4 finished with value: 0.9464285714285715 and parameters: {'num_leaves': 93, 'learning_rate': 0.059190937474768494, 'feature_fraction': 0.5420711613479438, 'bagging_fraction': 0.8706352872388669, 'bagging_freq': 3, 'min_child_samples': 15}. Best is trial 2 with value: 0.9821428571428572.
[I 2025-09-17 13:16:33,607] Trial 5 finished with value: 0.5 and parameters: {'num_leaves': 87, 'learning_rate': 0.012762896584467385, 'feature_fraction': 0.7043402692448109, 'bagging_fraction': 0.7752357779329841, 'bagging_freq': 6, 'min_child_samples': 68}. Best is trial 2 with value: 0.9821428571428572.
[I 2025-09-17 13:16:33,630] Trial 6 finished with value: 0.8928571428571428 and parameters: {'num_leaves': 141, 'learning_rate': 0.13464401132801307, 'feature_fraction': 0.713745038475066, 'bagging_fraction': 0.646449801564096, 'bagging_freq': 2, 'min_child_samples': 28}. Best is trial 2 with value: 0.9821428571428572.
[I 2025-09-17 13:16:33,641] Trial 7 finished with value: 0.5 and parameters: {'num_leaves': 145, 'learning_rate': 0.055544711611158426, 'feature_fraction': 0.706591655278297, 'bagging_fraction': 0.8083080801994269, 'bagging_freq': 3, 'min_child_samples': 71}. Best is trial 2 with value: 0.9821428571428572.
[I 2025-09-17 13:16:33,650] Trial 8 finished with value: 0.5 and parameters: {'num_leaves': 192, 'learning_rate': 0.11994903416516754, 'feature_fraction': 0.8270388079418773, 'bagging_fraction': 0.5545818929723842, 'bagging_freq': 1, 'min_child_samples': 96}. Best is trial 2 with value: 0.9821428571428572.
[I 2025-09-17 13:16:33,669] Trial 9 finished with value: 0.9107142857142857 and parameters: {'num_leaves': 165, 'learning_rate': 0.1428098334123018, 'feature_fraction': 0.6276968154470725, 'bagging_fraction': 0.8712919446121766, 'bagging_freq': 3, 'min_child_samples': 39}. Best is trial 2 with value: 0.9821428571428572.
