[I 2025-09-17 13:15:15,112] Trial 25 finished with value: 0.856140350877193 and parameters: {'num_leaves': 171, 'learning_rate': 0.04976711920835353, 'feature_fraction': 0.5124706719819728, 'bagging_fraction': 0.7837777724410078, 'bagging_freq': 2, 'min_child_samples': 41}. Best is trial 14 with value: 0.9649122807017545.
[I 2025-09-17 13:15:15,162] Trial 26 finished with value: 0.8912280701754386 and parameters: {'num_leaves': 52, 'learning_rate': 0.2105449535053318, 'feature_fraction': 0.7914884831667074, 'bagging_fraction': 0.8763618509878058, 'bagging_freq': 3, 'min_child_samples': 13}. Best is trial 14 with value: 0.9649122807017545.
[I 2025-09-17 13:15:15,249] Trial 27 finished with value: 0.9228070175438596 and parameters: {'num_leaves': 100, 'learning_rate': 0.16140951243647406, 'feature_fraction': 0.7028513423628374, 'bagging_fraction': 0.6173656637754503, 'bagging_freq': 1, 'min_child_samples': 5}. Best is trial 14 with value: 0.9649122807017545.
[I 2025-09-17 13:15:15,289] Trial 28 finished with value: 0.9508771929824562 and parameters: {'num_leaves': 127, 'learning_rate': 0.0882364971433123, 'feature_fraction': 0.59914245534676, 'bagging_fraction': 0.715822824841957, 'bagging_freq': 4, 'min_child_samples': 25}. Best is trial 14 with value: 0.9649122807017545.
[I 2025-09-17 13:15:15,311] Trial 29 finished with value: 0.856140350877193 and parameters: {'num_leaves': 135, 'learning_rate': 0.09121930935851622, 'feature_fraction': 0.5215418572570689, 'bagging_fraction': 0.7085058949350368, 'bagging_freq': 5, 'min_child_samples': 43}. Best is trial 14 with value: 0.9649122807017545.
[I 2025-09-17 13:15:15,336] Trial 30 finished with value: 0.8701754385964913 and parameters: {'num_leaves': 204, 'learning_rate': 0.13004536471206085, 'feature_fraction': 0.4545808670912507, 'bagging_fraction': 0.9937318032165054, 'bagging_freq': 4, 'min_child_samples': 62}. Best is trial 14 with value: 0.9649122807017545.
[I 2025-09-17 13:15:15,383] Trial 31 finished with value: 0.9438596491228071 and parameters: {'num_leaves': 120, 'learning_rate': 0.07828849635457097, 'feature_fraction': 0.6032352617209654, 'bagging_fraction': 0.6584188792713855, 'bagging_freq': 2, 'min_child_samples': 16}. Best is trial 14 with value: 0.9649122807017545.
[I 2025-09-17 13:15:15,420] Trial 32 finished with value: 0.9333333333333333 and parameters: {'num_leaves': 168, 'learning_rate': 0.03810953621779948, 'feature_fraction': 0.6770641896558525, 'bagging_fraction': 0.7942697684016934, 'bagging_freq': 5, 'min_child_samples': 26}. Best is trial 14 with value: 0.9649122807017545.
[I 2025-09-17 13:15:15,465] Trial 33 finished with value: 0.9228070175438596 and parameters: {'num_leaves': 93, 'learning_rate': 0.07028353344802209, 'feature_fraction': 0.5381119580514361, 'bagging_fraction': 0.7164437343841649, 'bagging_freq': 3, 'min_child_samples': 22}. Best is trial 14 with value: 0.9649122807017545.
[I 2025-09-17 13:15:15,490] Trial 34 finished with value: 0.8421052631578948 and parameters: {'num_leaves': 156, 'learning_rate': 0.11957069780075351, 'feature_fraction': 0.6068134600020263, 'bagging_fraction': 0.831690606848417, 'bagging_freq': 2, 'min_child_samples': 47}. Best is trial 14 with value: 0.9649122807017545.
[I 2025-09-17 13:15:15,521] Trial 35 finished with value: 0.9017543859649123 and parameters: {'num_leaves': 275, 'learning_rate': 0.1024670646712504, 'feature_fraction': 0.7938872995945354, 'bagging_fraction': 0.7663835628668343, 'bagging_freq': 4, 'min_child_samples': 33}. Best is trial 14 with value: 0.9649122807017545.
[I 2025-09-17 13:15:15,578] Trial 36 finished with value: 0.9263157894736842 and parameters: {'num_leaves': 125, 'learning_rate': 0.029842280604861098, 'feature_fraction': 0.7462321366570102, 'bagging_fraction': 0.6785327979496393, 'bagging_freq': 1, 'min_child_samples': 15}. Best is trial 14 with value: 0.9649122807017545.
[I 2025-09-17 13:15:15,601] Trial 37 finished with value: 0.8947368421052633 and parameters: {'num_leaves': 73, 'learning_rate': 0.25118550388356553, 'feature_fraction': 0.6235379508399771, 'bagging_fraction': 0.897052997269841, 'bagging_freq': 2, 'min_child_samples': 56}. Best is trial 14 with value: 0.9649122807017545.
[I 2025-09-17 13:15:15,618] Trial 38 finished with value: 0.9298245614035088 and parameters: {'num_leaves': 108, 'learning_rate': 0.13187208553960084, 'feature_fraction': 0.8812476640955754, 'bagging_fraction': 0.8241592902047142, 'bagging_freq': 7, 'min_child_samples': 36}. Best is trial 14 with value: 0.9649122807017545.
[I 2025-09-17 13:15:15,700] Trial 39 finished with value: 0.9333333333333333 and parameters: {'num_leaves': 234, 'learning_rate': 0.09190441357430101, 'feature_fraction': 0.40515478410144734, 'bagging_fraction': 0.6263005165187173, 'bagging_freq': 4, 'min_child_samples': 10}. Best is trial 14 with value: 0.9649122807017545.
[I 2025-09-17 13:15:15,741] Trial 40 finished with value: 0.9438596491228071 and parameters: {'num_leaves': 254, 'learning_rate': 0.0636352947000632, 'feature_fraction': 0.8278039988788184, 'bagging_fraction': 0.7553584473044994, 'bagging_freq': 3, 'min_child_samples': 25}. Best is trial 14 with value: 0.9649122807017545.
[I 2025-09-17 13:15:15,787] Trial 41 finished with value: 0.9333333333333333 and parameters: {'num_leaves': 131, 'learning_rate': 0.07703253274185684, 'feature_fraction': 0.5901411163257796, 'bagging_fraction': 0.6439731973649745, 'bagging_freq': 2, 'min_child_samples': 17}. Best is trial 14 with value: 0.9649122807017545.
Early stopping, best iteration is:
[34]	valid_0's binary_logloss: 0.643257
Training until validation scores don't improve for 50 rounds
Early stopping, best iteration is:
[6]	valid_0's binary_logloss: 0.643683
Training until validation scores don't improve for 50 rounds
Early stopping, best iteration is:
[45]	valid_0's binary_logloss: 0.685988
Training until validation scores don't improve for 50 rounds
Early stopping, best iteration is:
[8]	valid_0's binary_logloss: 0.630537
Training until validation scores don't improve for 50 rounds
Early stopping, best iteration is:
[31]	valid_0's binary_logloss: 0.638618
Training until validation scores don't improve for 50 rounds
Early stopping, best iteration is:
[20]	valid_0's binary_logloss: 0.685988
Training until validation scores don't improve for 50 rounds
Did not meet early stopping. Best iteration is:
[67]	valid_0's binary_logloss: 0.644968
Training until validation scores don't improve for 50 rounds
Early stopping, best iteration is:
[6]	valid_0's binary_logloss: 0.652813
Training until validation scores don't improve for 50 rounds
Early stopping, best iteration is:
[43]	valid_0's binary_logloss: 0.613926
Training until validation scores don't improve for 50 rounds
Early stopping, best iteration is:
[4]	valid_0's binary_logloss: 0.655435
Training until validation scores don't improve for 50 rounds
Early stopping, best iteration is:
[5]	valid_0's binary_logloss: 0.603806
Training until validation scores don't improve for 50 rounds
Early stopping, best iteration is:
[5]	valid_0's binary_logloss: 0.628653
Training until validation scores don't improve for 50 rounds
Early stopping, best iteration is:
[2]	valid_0's binary_logloss: 0.672762
Training until validation scores don't improve for 50 rounds
Early stopping, best iteration is:
[3]	valid_0's binary_logloss: 0.636773
Training until validation scores don't improve for 50 rounds
Early stopping, best iteration is:
[5]	valid_0's binary_logloss: 0.698183
Training until validation scores don't improve for 50 rounds
Early stopping, best iteration is:
[7]	valid_0's binary_logloss: 0.632807
Training model for P045... (normalize_per_user=True)
Training until validation scores don't improve for 50 rounds
Did not meet early stopping. Best iteration is:
[83]	valid_0's binary_logloss: 0.437131
Training until validation scores don't improve for 50 rounds
Early stopping, best iteration is:
[9]	valid_0's binary_logloss: 0.686352
Training until validation scores don't improve for 50 rounds
Early stopping, best iteration is:
[12]	valid_0's binary_logloss: 0.686352
Training until validation scores don't improve for 50 rounds
Early stopping, best iteration is:
[25]	valid_0's binary_logloss: 0.433268
Training until validation scores don't improve for 50 rounds
Early stopping, best iteration is:
[22]	valid_0's binary_logloss: 0.374813
Training until validation scores don't improve for 50 rounds
Did not meet early stopping. Best iteration is:
[99]	valid_0's binary_logloss: 0.508486
Training until validation scores don't improve for 50 rounds
Did not meet early stopping. Best iteration is:
[53]	valid_0's binary_logloss: 0.334561
Training until validation scores don't improve for 50 rounds
Early stopping, best iteration is:
[42]	valid_0's binary_logloss: 0.400998
Training until validation scores don't improve for 50 rounds
Early stopping, best iteration is:
[42]	valid_0's binary_logloss: 0.327908
Training until validation scores don't improve for 50 rounds
Early stopping, best iteration is:
[4]	valid_0's binary_logloss: 0.686352
Training until validation scores don't improve for 50 rounds
Did not meet early stopping. Best iteration is:
[100]	valid_0's binary_logloss: 0.395861
Training until validation scores don't improve for 50 rounds
Did not meet early stopping. Best iteration is:
[70]	valid_0's binary_logloss: 0.297218
Training until validation scores don't improve for 50 rounds
Early stopping, best iteration is:
[34]	valid_0's binary_logloss: 0.321026
Training until validation scores don't improve for 50 rounds
Early stopping, best iteration is:
[6]	valid_0's binary_logloss: 0.686352
Training until validation scores don't improve for 50 rounds
Early stopping, best iteration is:
[26]	valid_0's binary_logloss: 0.294897
Training until validation scores don't improve for 50 rounds
Did not meet early stopping. Best iteration is:
[85]	valid_0's binary_logloss: 0.353886
Training until validation scores don't improve for 50 rounds
Did not meet early stopping. Best iteration is:
[86]	valid_0's binary_logloss: 0.341552
Training until validation scores don't improve for 50 rounds
Early stopping, best iteration is:
[21]	valid_0's binary_logloss: 0.425408
Training until validation scores don't improve for 50 rounds
Early stopping, best iteration is:
[2]	valid_0's binary_logloss: 0.686352
Training until validation scores don't improve for 50 rounds
Early stopping, best iteration is:
[25]	valid_0's binary_logloss: 0.32276
Training until validation scores don't improve for 50 rounds
Early stopping, best iteration is:
[23]	valid_0's binary_logloss: 0.439876
Training until validation scores don't improve for 50 rounds
Did not meet early stopping. Best iteration is:
[57]	valid_0's binary_logloss: 0.299352
Training until validation scores don't improve for 50 rounds
Did not meet early stopping. Best iteration is:
[81]	valid_0's binary_logloss: 0.319928
Training until validation scores don't improve for 50 rounds
Did not meet early stopping. Best iteration is:
[55]	valid_0's binary_logloss: 0.338293
Training until validation scores don't improve for 50 rounds
Early stopping, best iteration is:
[46]	valid_0's binary_logloss: 0.363379
Training until validation scores don't improve for 50 rounds
Did not meet early stopping. Best iteration is:
[99]	valid_0's binary_logloss: 0.440714
Training until validation scores don't improve for 50 rounds
Early stopping, best iteration is:
[13]	valid_0's binary_logloss: 0.390509
Training until validation scores don't improve for 50 rounds
Early stopping, best iteration is:
[11]	valid_0's binary_logloss: 0.38284
Training until validation scores don't improve for 50 rounds
Did not meet early stopping. Best iteration is:
[56]	valid_0's binary_logloss: 0.321598
Training until validation scores don't improve for 50 rounds
Early stopping, best iteration is:
[37]	valid_0's binary_logloss: 0.453324
Training until validation scores don't improve for 50 rounds
Early stopping, best iteration is:
[40]	valid_0's binary_logloss: 0.454002
Training until validation scores don't improve for 50 rounds
Early stopping, best iteration is:
[33]	valid_0's binary_logloss: 0.335943
Training until validation scores don't improve for 50 rounds
Did not meet early stopping. Best iteration is:
[100]	valid_0's binary_logloss: 0.344075
Training until validation scores don't improve for 50 rounds
Did not meet early stopping. Best iteration is:
[69]	valid_0's binary_logloss: 0.359453
Training until validation scores don't improve for 50 rounds
Early stopping, best iteration is:
[33]	valid_0's binary_logloss: 0.45181
Training until validation scores don't improve for 50 rounds
Did not meet early stopping. Best iteration is:
[55]	valid_0's binary_logloss: 0.391572
Training until validation scores don't improve for 50 rounds
Did not meet early stopping. Best iteration is:
[100]	valid_0's binary_logloss: 0.343203
Training until validation scores don't improve for 50 rounds
Early stopping, best iteration is:
[19]	valid_0's binary_logloss: 0.429808
Training until validation scores don't improve for 50 rounds
Early stopping, best iteration is:
[14]	valid_0's binary_logloss: 0.422805
Training until validation scores don't improve for 50 rounds
Did not meet early stopping. Best iteration is:
[64]	valid_0's binary_logloss: 0.343295
Training until validation scores don't improve for 50 rounds
Early stopping, best iteration is:
[48]	valid_0's binary_logloss: 0.327818
Training until validation scores don't improve for 50 rounds
Early stopping, best iteration is:
[33]	valid_0's binary_logloss: 0.3326
Training until validation scores don't improve for 50 rounds
[I 2025-09-17 13:15:15,841] Trial 42 finished with value: 0.9192982456140351 and parameters: {'num_leaves': 114, 'learning_rate': 0.08348762110361094, 'feature_fraction': 0.6710187033617541, 'bagging_fraction': 0.6652344092665344, 'bagging_freq': 2, 'min_child_samples': 13}. Best is trial 14 with value: 0.9649122807017545.
[I 2025-09-17 13:15:15,890] Trial 43 finished with value: 0.9403508771929825 and parameters: {'num_leaves': 160, 'learning_rate': 0.106054989961694, 'feature_fraction': 0.6327761706613839, 'bagging_fraction': 0.7120591398110409, 'bagging_freq': 1, 'min_child_samples': 18}. Best is trial 14 with value: 0.9649122807017545.
[I 2025-09-17 13:15:15,911] Trial 44 finished with value: 0.8701754385964913 and parameters: {'num_leaves': 144, 'learning_rate': 0.1670694732088149, 'feature_fraction': 0.6981613193488767, 'bagging_fraction': 0.5667731839218964, 'bagging_freq': 2, 'min_child_samples': 30}. Best is trial 14 with value: 0.9649122807017545.
[I 2025-09-17 13:15:15,990] Trial 45 finished with value: 0.9263157894736842 and parameters: {'num_leaves': 199, 'learning_rate': 0.040305514456406816, 'feature_fraction': 0.5706593490204197, 'bagging_fraction': 0.599186579624138, 'bagging_freq': 2, 'min_child_samples': 10}. Best is trial 14 with value: 0.9649122807017545.
[I 2025-09-17 13:15:16,029] Trial 46 finished with value: 0.9263157894736842 and parameters: {'num_leaves': 300, 'learning_rate': 0.14557793743914144, 'feature_fraction': 0.5439374965272563, 'bagging_fraction': 0.727838978999255, 'bagging_freq': 1, 'min_child_samples': 23}. Best is trial 14 with value: 0.9649122807017545.
[I 2025-09-17 13:15:16,045] Trial 47 finished with value: 0.5 and parameters: {'num_leaves': 118, 'learning_rate': 0.19952547700620182, 'feature_fraction': 0.6607406396980117, 'bagging_fraction': 0.6898390272834343, 'bagging_freq': 3, 'min_child_samples': 80}. Best is trial 14 with value: 0.9649122807017545.
[I 2025-09-17 13:15:16,135] Trial 48 finished with value: 0.9298245614035088 and parameters: {'num_leaves': 60, 'learning_rate': 0.07614099853098974, 'feature_fraction': 0.9731995337032995, 'bagging_fraction': 0.6540633806511503, 'bagging_freq': 1, 'min_child_samples': 9}. Best is trial 14 with value: 0.9649122807017545.
[I 2025-09-17 13:15:16,161] Trial 49 finished with value: 0.8736842105263158 and parameters: {'num_leaves': 89, 'learning_rate': 0.12097951165876174, 'feature_fraction': 0.616628378544795, 'bagging_fraction': 0.5132840983202956, 'bagging_freq': 6, 'min_child_samples': 34}. Best is trial 14 with value: 0.9649122807017545.
[I 2025-09-17 13:15:16,419] A new study created in memory with name: no-name-dbccaf7e-b776-4de6-93af-0f4b5d9925cf
[I 2025-09-17 13:15:16,434] Trial 0 finished with value: 0.8578947368421053 and parameters: {'num_leaves': 175, 'learning_rate': 0.06322018671132129, 'feature_fraction': 0.6580251966652018, 'bagging_fraction': 0.5315234954042586, 'bagging_freq': 2, 'min_child_samples': 40}. Best is trial 0 with value: 0.8578947368421053.
[I 2025-09-17 13:15:16,500] Trial 1 finished with value: 0.8982456140350877 and parameters: {'num_leaves': 269, 'learning_rate': 0.25797576131680444, 'feature_fraction': 0.5857470560557458, 'bagging_fraction': 0.43585928781989364, 'bagging_freq': 6, 'min_child_samples': 5}. Best is trial 1 with value: 0.8982456140350877.
[I 2025-09-17 13:15:16,566] Trial 2 finished with value: 0.9508771929824562 and parameters: {'num_leaves': 138, 'learning_rate': 0.2835031142007344, 'feature_fraction': 0.9284193279902826, 'bagging_fraction': 0.7226797503582119, 'bagging_freq': 2, 'min_child_samples': 7}. Best is trial 2 with value: 0.9508771929824562.
[I 2025-09-17 13:15:16,599] Trial 3 finished with value: 0.9052631578947369 and parameters: {'num_leaves': 181, 'learning_rate': 0.21867427534384018, 'feature_fraction': 0.6938070687621453, 'bagging_fraction': 0.6965390239398033, 'bagging_freq': 6, 'min_child_samples': 24}. Best is trial 2 with value: 0.9508771929824562.
[I 2025-09-17 13:15:16,605] Trial 4 finished with value: 0.5 and parameters: {'num_leaves': 197, 'learning_rate': 0.14585694046675765, 'feature_fraction': 0.4362942812760372, 'bagging_fraction': 0.9222805312649147, 'bagging_freq': 1, 'min_child_samples': 80}. Best is trial 2 with value: 0.9508771929824562.
[I 2025-09-17 13:15:16,613] Trial 5 finished with value: 0.5 and parameters: {'num_leaves': 169, 'learning_rate': 0.14642584727835545, 'feature_fraction': 0.7012978151221375, 'bagging_fraction': 0.5264934182972911, 'bagging_freq': 6, 'min_child_samples': 55}. Best is trial 2 with value: 0.9508771929824562.
[I 2025-09-17 13:15:16,619] Trial 6 finished with value: 0.5 and parameters: {'num_leaves': 65, 'learning_rate': 0.034196281827418434, 'feature_fraction': 0.8822363783537253, 'bagging_fraction': 0.844319679185822, 'bagging_freq': 1, 'min_child_samples': 75}. Best is trial 2 with value: 0.9508771929824562.
[I 2025-09-17 13:15:16,626] Trial 7 finished with value: 0.5 and parameters: {'num_leaves': 104, 'learning_rate': 0.014535240749195735, 'feature_fraction': 0.6190699771811468, 'bagging_fraction': 0.8766772491091721, 'bagging_freq': 1, 'min_child_samples': 78}. Best is trial 2 with value: 0.9508771929824562.
[I 2025-09-17 13:15:16,639] Trial 8 finished with value: 0.5 and parameters: {'num_leaves': 66, 'learning_rate': 0.05243938015949266, 'feature_fraction': 0.8701320919439198, 'bagging_fraction': 0.6310878624612953, 'bagging_freq': 7, 'min_child_samples': 77}. Best is trial 2 with value: 0.9508771929824562.
[I 2025-09-17 13:15:16,648] Trial 9 finished with value: 0.5 and parameters: {'num_leaves': 92, 'learning_rate': 0.024067999641049824, 'feature_fraction': 0.5141732438030369, 'bagging_fraction': 0.8212346425672863, 'bagging_freq': 5, 'min_child_samples': 94}. Best is trial 2 with value: 0.9508771929824562.
[I 2025-09-17 13:15:16,715] Trial 10 finished with value: 0.9631578947368421 and parameters: {'num_leaves': 262, 'learning_rate': 0.29576626362949243, 'feature_fraction': 0.9888529341925991, 'bagging_fraction': 0.746850228541251, 'bagging_freq': 3, 'min_child_samples': 7}. Best is trial 10 with value: 0.9631578947368421.
[I 2025-09-17 13:15:16,816] Trial 11 finished with value: 0.9473684210526316 and parameters: {'num_leaves': 292, 'learning_rate': 0.29186980319887024, 'feature_fraction': 0.9851799208510051, 'bagging_fraction': 0.7524283553455957, 'bagging_freq': 3, 'min_child_samples': 5}. Best is trial 10 with value: 0.9631578947368421.
[I 2025-09-17 13:15:16,864] Trial 12 finished with value: 0.9438596491228071 and parameters: {'num_leaves': 241, 'learning_rate': 0.2152854829662607, 'feature_fraction': 0.9986927816853202, 'bagging_fraction': 0.9859753676946867, 'bagging_freq': 3, 'min_child_samples': 24}. Best is trial 10 with value: 0.9631578947368421.
[I 2025-09-17 13:15:16,894] Trial 13 finished with value: 0.8947368421052632 and parameters: {'num_leaves': 126, 'learning_rate': 0.274452385284174, 'feature_fraction': 0.8449871749559549, 'bagging_fraction': 0.7002173919893268, 'bagging_freq': 4, 'min_child_samples': 23}. Best is trial 10 with value: 0.9631578947368421.
[I 2025-09-17 13:15:16,915] Trial 14 finished with value: 0.8421052631578947 and parameters: {'num_leaves': 224, 'learning_rate': 0.22423072525328247, 'feature_fraction': 0.8144241551977067, 'bagging_fraction': 0.6159922732291762, 'bagging_freq': 3, 'min_child_samples': 41}. Best is trial 10 with value: 0.9631578947368421.
[I 2025-09-17 13:15:16,954] Trial 15 finished with value: 0.9368421052631579 and parameters: {'num_leaves': 13, 'learning_rate': 0.298299380834301, 'feature_fraction': 0.9374584326459021, 'bagging_fraction': 0.7660750381392558, 'bagging_freq': 2, 'min_child_samples': 14}. Best is trial 10 with value: 0.9631578947368421.
[I 2025-09-17 13:15:16,976] Trial 16 finished with value: 0.9017543859649123 and parameters: {'num_leaves': 137, 'learning_rate': 0.18153300559763352, 'feature_fraction': 0.7704008978259531, 'bagging_fraction': 0.6337074480137143, 'bagging_freq': 4, 'min_child_samples': 36}. Best is trial 10 with value: 0.9631578947368421.
