[I 2025-09-17 13:17:12,652] Trial 3 finished with value: 0.9291666666666666 and parameters: {'num_leaves': 80, 'learning_rate': 0.044294987597650486, 'feature_fraction': 0.5901392823289386, 'bagging_fraction': 0.667086890143672, 'bagging_freq': 5, 'min_child_samples': 30}. Best is trial 1 with value: 0.9791666666666666.
[I 2025-09-17 13:17:12,672] Trial 4 finished with value: 0.9666666666666666 and parameters: {'num_leaves': 12, 'learning_rate': 0.2835898964728885, 'feature_fraction': 0.5626273924838389, 'bagging_fraction': 0.9581845274801444, 'bagging_freq': 5, 'min_child_samples': 28}. Best is trial 1 with value: 0.9791666666666666.
[I 2025-09-17 13:17:12,678] Trial 5 finished with value: 0.5 and parameters: {'num_leaves': 63, 'learning_rate': 0.28795932478816416, 'feature_fraction': 0.8439467269476101, 'bagging_fraction': 0.688122968223733, 'bagging_freq': 1, 'min_child_samples': 96}. Best is trial 1 with value: 0.9791666666666666.
[I 2025-09-17 13:17:12,700] Trial 6 finished with value: 0.8916666666666667 and parameters: {'num_leaves': 12, 'learning_rate': 0.04605661057520816, 'feature_fraction': 0.6123689008844384, 'bagging_fraction': 0.8494134738059249, 'bagging_freq': 5, 'min_child_samples': 46}. Best is trial 1 with value: 0.9791666666666666.
[I 2025-09-17 13:17:12,713] Trial 7 finished with value: 0.5 and parameters: {'num_leaves': 150, 'learning_rate': 0.2825935347031922, 'feature_fraction': 0.4229431326663675, 'bagging_fraction': 0.8191409221138064, 'bagging_freq': 3, 'min_child_samples': 89}. Best is trial 1 with value: 0.9791666666666666.
[I 2025-09-17 13:17:12,746] Trial 8 finished with value: 0.9208333333333334 and parameters: {'num_leaves': 56, 'learning_rate': 0.04258093525667701, 'feature_fraction': 0.7697026687626982, 'bagging_fraction': 0.45065566367682286, 'bagging_freq': 1, 'min_child_samples': 18}. Best is trial 1 with value: 0.9791666666666666.
[I 2025-09-17 13:17:12,754] Trial 9 finished with value: 0.5 and parameters: {'num_leaves': 283, 'learning_rate': 0.2529282200298403, 'feature_fraction': 0.5887084676614022, 'bagging_fraction': 0.4793817130685236, 'bagging_freq': 3, 'min_child_samples': 83}. Best is trial 1 with value: 0.9791666666666666.
[I 2025-09-17 13:17:12,858] Trial 10 finished with value: 0.9750000000000001 and parameters: {'num_leaves': 192, 'learning_rate': 0.19102934406195302, 'feature_fraction': 0.9789075385238233, 'bagging_fraction': 0.9911100707157852, 'bagging_freq': 7, 'min_child_samples': 6}. Best is trial 1 with value: 0.9791666666666666.
[I 2025-09-17 13:17:12,981] Trial 11 finished with value: 0.9958333333333333 and parameters: {'num_leaves': 186, 'learning_rate': 0.18021413547508433, 'feature_fraction': 0.9701307360168128, 'bagging_fraction': 0.974129875515615, 'bagging_freq': 7, 'min_child_samples': 5}. Best is trial 11 with value: 0.9958333333333333.
[I 2025-09-17 13:17:13,058] Trial 12 finished with value: 0.9916666666666667 and parameters: {'num_leaves': 142, 'learning_rate': 0.17641784746236405, 'feature_fraction': 0.9997515465554364, 'bagging_fraction': 0.8624419112969924, 'bagging_freq': 7, 'min_child_samples': 7}. Best is trial 11 with value: 0.9958333333333333.
[I 2025-09-17 13:17:13,082] Trial 13 finished with value: 0.8791666666666667 and parameters: {'num_leaves': 128, 'learning_rate': 0.13242881503057793, 'feature_fraction': 0.9995769986182232, 'bagging_fraction': 0.849027028403324, 'bagging_freq': 6, 'min_child_samples': 48}. Best is trial 11 with value: 0.9958333333333333.
[I 2025-09-17 13:17:13,182] Trial 14 finished with value: 0.9666666666666667 and parameters: {'num_leaves': 114, 'learning_rate': 0.20391543268753815, 'feature_fraction': 0.8990963853376324, 'bagging_fraction': 0.8960909016412317, 'bagging_freq': 6, 'min_child_samples': 6}. Best is trial 11 with value: 0.9958333333333333.
[I 2025-09-17 13:17:13,196] Trial 15 finished with value: 0.5 and parameters: {'num_leaves': 192, 'learning_rate': 0.12306006856309679, 'feature_fraction': 0.9313255589277121, 'bagging_fraction': 0.7574564660037141, 'bagging_freq': 6, 'min_child_samples': 62}. Best is trial 11 with value: 0.9958333333333333.
[I 2025-09-17 13:17:13,241] Trial 16 finished with value: 0.9625 and parameters: {'num_leaves': 260, 'learning_rate': 0.2306578152012764, 'feature_fraction': 0.8530359309229198, 'bagging_fraction': 0.90623023787643, 'bagging_freq': 4, 'min_child_samples': 15}. Best is trial 11 with value: 0.9958333333333333.
[I 2025-09-17 13:17:13,267] Trial 17 finished with value: 0.9041666666666666 and parameters: {'num_leaves': 170, 'learning_rate': 0.1600732623078176, 'feature_fraction': 0.8036328250004869, 'bagging_fraction': 0.7634060931169577, 'bagging_freq': 7, 'min_child_samples': 37}. Best is trial 11 with value: 0.9958333333333333.
[I 2025-09-17 13:17:13,331] Trial 18 finished with value: 0.9874999999999999 and parameters: {'num_leaves': 102, 'learning_rate': 0.10185205649523296, 'feature_fraction': 0.9434876661309646, 'bagging_fraction': 0.9183191615392307, 'bagging_freq': 6, 'min_child_samples': 12}. Best is trial 11 with value: 0.9958333333333333.
[I 2025-09-17 13:17:13,344] Trial 19 finished with value: 0.5 and parameters: {'num_leaves': 147, 'learning_rate': 0.21851371788320956, 'feature_fraction': 0.49082315104615026, 'bagging_fraction': 0.8004135033689042, 'bagging_freq': 4, 'min_child_samples': 62}. Best is trial 11 with value: 0.9958333333333333.
[I 2025-09-17 13:17:13,369] Trial 20 finished with value: 0.9666666666666667 and parameters: {'num_leaves': 243, 'learning_rate': 0.1623495312617742, 'feature_fraction': 0.9458985063084127, 'bagging_fraction': 0.9180070905250419, 'bagging_freq': 5, 'min_child_samples': 23}. Best is trial 11 with value: 0.9958333333333333.
[I 2025-09-17 13:17:13,435] Trial 21 finished with value: 0.9833333333333333 and parameters: {'num_leaves': 97, 'learning_rate': 0.08521326152546406, 'feature_fraction': 0.939451563859168, 'bagging_fraction': 0.9343118978787696, 'bagging_freq': 6, 'min_child_samples': 12}. Best is trial 11 with value: 0.9958333333333333.
[I 2025-09-17 13:17:13,639] Trial 22 finished with value: 0.9833333333333334 and parameters: {'num_leaves': 121, 'learning_rate': 0.08836928121701669, 'feature_fraction': 0.9975002885504439, 'bagging_fraction': 0.8823799735131967, 'bagging_freq': 7, 'min_child_samples': 5}. Best is trial 11 with value: 0.9958333333333333.
[I 2025-09-17 13:17:13,667] Trial 23 finished with value: 0.9041666666666666 and parameters: {'num_leaves': 174, 'learning_rate': 0.13521331526879932, 'feature_fraction': 0.9043644426491352, 'bagging_fraction': 0.9762074727957855, 'bagging_freq': 6, 'min_child_samples': 38}. Best is trial 11 with value: 0.9958333333333333.
[I 2025-09-17 13:17:13,722] Trial 24 finished with value: 0.9916666666666667 and parameters: {'num_leaves': 137, 'learning_rate': 0.08202633646850818, 'feature_fraction': 0.8215772100945833, 'bagging_fraction': 0.7648290836736646, 'bagging_freq': 7, 'min_child_samples': 13}. Best is trial 11 with value: 0.9958333333333333.
[I 2025-09-17 13:17:13,747] Trial 25 finished with value: 0.9458333333333332 and parameters: {'num_leaves': 146, 'learning_rate': 0.07438683360988452, 'feature_fraction': 0.8054447584789179, 'bagging_fraction': 0.7196933467245762, 'bagging_freq': 7, 'min_child_samples': 24}. Best is trial 11 with value: 0.9958333333333333.
[I 2025-09-17 13:17:13,802] Trial 26 finished with value: 0.9749999999999999 and parameters: {'num_leaves': 207, 'learning_rate': 0.014577834473966905, 'feature_fraction': 0.7128979502754628, 'bagging_fraction': 0.6296005006159477, 'bagging_freq': 7, 'min_child_samples': 12}. Best is trial 11 with value: 0.9958333333333333.
[I 2025-09-17 13:17:13,823] Trial 27 finished with value: 0.9208333333333334 and parameters: {'num_leaves': 172, 'learning_rate': 0.17656047065234673, 'feature_fraction': 0.8272422741117776, 'bagging_fraction': 0.7850214184438283, 'bagging_freq': 6, 'min_child_samples': 37}. Best is trial 11 with value: 0.9958333333333333.
[I 2025-09-17 13:17:13,862] Trial 28 finished with value: 0.9708333333333333 and parameters: {'num_leaves': 133, 'learning_rate': 0.15295126908186846, 'feature_fraction': 0.7659158686946584, 'bagging_fraction': 0.8426736737148184, 'bagging_freq': 7, 'min_child_samples': 18}. Best is trial 11 with value: 0.9958333333333333.
[I 2025-09-17 13:17:13,941] Trial 29 finished with value: 0.9874999999999999 and parameters: {'num_leaves': 231, 'learning_rate': 0.23571019080067923, 'feature_fraction': 0.8961544332950349, 'bagging_fraction': 0.7308196055705425, 'bagging_freq': 7, 'min_child_samples': 6}. Best is trial 11 with value: 0.9958333333333333.
[I 2025-09-17 13:17:13,953] Trial 30 finished with value: 0.5 and parameters: {'num_leaves': 92, 'learning_rate': 0.20160284830946204, 'feature_fraction': 0.8617777003553698, 'bagging_fraction': 0.6331492711439184, 'bagging_freq': 5, 'min_child_samples': 76}. Best is trial 11 with value: 0.9958333333333333.
[I 2025-09-17 13:17:14,029] Trial 31 finished with value: 0.9833333333333334 and parameters: {'num_leaves': 105, 'learning_rate': 0.06748572459517119, 'feature_fraction': 0.9536709972965682, 'bagging_fraction': 0.9382806526230044, 'bagging_freq': 6, 'min_child_samples': 12}. Best is trial 11 with value: 0.9958333333333333.
[I 2025-09-17 13:17:14,084] Trial 32 finished with value: 1.0 and parameters: {'num_leaves': 161, 'learning_rate': 0.11858363415496248, 'feature_fraction': 0.9601339572503269, 'bagging_fraction': 0.8718751767396788, 'bagging_freq': 7, 'min_child_samples': 12}. Best is trial 32 with value: 1.0.
[I 2025-09-17 13:17:14,118] Trial 33 finished with value: 0.9833333333333334 and parameters: {'num_leaves': 190, 'learning_rate': 0.12258403267283516, 'feature_fraction': 0.9716678462125062, 'bagging_fraction': 0.8734596877596601, 'bagging_freq': 7, 'min_child_samples': 22}. Best is trial 32 with value: 1.0.
[I 2025-09-17 13:17:14,159] Trial 34 finished with value: 0.9666666666666667 and parameters: {'num_leaves': 160, 'learning_rate': 0.1428754680937233, 'feature_fraction': 0.670943482818507, 'bagging_fraction': 0.8221119296784042, 'bagging_freq': 7, 'min_child_samples': 17}. Best is trial 32 with value: 1.0.
[I 2025-09-17 13:17:14,195] Trial 35 finished with value: 0.9749999999999999 and parameters: {'num_leaves': 211, 'learning_rate': 0.10775974888377524, 'feature_fraction': 0.9127644879582539, 'bagging_fraction': 0.9971784197595113, 'bagging_freq': 7, 'min_child_samples': 27}. Best is trial 32 with value: 1.0.
[I 2025-09-17 13:17:14,223] Trial 36 finished with value: 0.9708333333333333 and parameters: {'num_leaves': 132, 'learning_rate': 0.17589522663601553, 'feature_fraction': 0.8904771263041327, 'bagging_fraction': 0.9568789612582337, 'bagging_freq': 6, 'min_child_samples': 31}. Best is trial 32 with value: 1.0.
[I 2025-09-17 13:17:14,290] Trial 37 finished with value: 0.9958333333333333 and parameters: {'num_leaves': 81, 'learning_rate': 0.11016726270828342, 'feature_fraction': 0.9734318910059859, 'bagging_fraction': 0.8703101555476997, 'bagging_freq': 7, 'min_child_samples': 10}. Best is trial 32 with value: 1.0.
[I 2025-09-17 13:17:14,374] Trial 38 finished with value: 0.9708333333333332 and parameters: {'num_leaves': 75, 'learning_rate': 0.1107754577636335, 'feature_fraction': 0.9730892131655755, 'bagging_fraction': 0.8689615789946373, 'bagging_freq': 2, 'min_child_samples': 8}. Best is trial 32 with value: 1.0.
[I 2025-09-17 13:17:14,399] Trial 39 finished with value: 0.95 and parameters: {'num_leaves': 26, 'learning_rate': 0.16783504021218965, 'feature_fraction': 0.8739734847772652, 'bagging_fraction': 0.5287450982923059, 'bagging_freq': 5, 'min_child_samples': 21}. Best is trial 32 with value: 1.0.
[I 2025-09-17 13:17:14,422] Trial 40 finished with value: 0.9708333333333333 and parameters: {'num_leaves': 55, 'learning_rate': 0.1465350085854853, 'feature_fraction': 0.920502345852308, 'bagging_fraction': 0.960118907887191, 'bagging_freq': 6, 'min_child_samples': 32}. Best is trial 32 with value: 1.0.
[I 2025-09-17 13:17:14,492] Trial 41 finished with value: 0.9874999999999999 and parameters: {'num_leaves': 160, 'learning_rate': 0.06730843291350576, 'feature_fraction': 0.9634816322765948, 'bagging_fraction': 0.8017681412118174, 'bagging_freq': 7, 'min_child_samples': 11}. Best is trial 32 with value: 1.0.
[I 2025-09-17 13:17:14,532] Trial 42 finished with value: 0.9708333333333332 and parameters: {'num_leaves': 79, 'learning_rate': 0.09155422718918868, 'feature_fraction': 0.9980855943086965, 'bagging_fraction': 0.8338632969264772, 'bagging_freq': 7, 'min_child_samples': 18}. Best is trial 32 with value: 1.0.
[I 2025-09-17 13:17:14,583] Trial 43 finished with value: 0.9750000000000001 and parameters: {'num_leaves': 184, 'learning_rate': 0.11955479413514275, 'feature_fraction': 0.82422105101979, 'bagging_fraction': 0.7623293449190538, 'bagging_freq': 7, 'min_child_samples': 15}. Best is trial 32 with value: 1.0.
[I 2025-09-17 13:17:14,607] Trial 44 finished with value: 0.9458333333333333 and parameters: {'num_leaves': 141, 'learning_rate': 0.19428817272154203, 'feature_fraction': 0.7781190040605164, 'bagging_fraction': 0.8643956509692451, 'bagging_freq': 7, 'min_child_samples': 26}. Best is trial 32 with value: 1.0.
[I 2025-09-17 13:17:14,689] Trial 45 finished with value: 0.9958333333333333 and parameters: {'num_leaves': 222, 'learning_rate': 0.0486033006445734, 'feature_fraction': 0.9292325440168924, 'bagging_fraction': 0.7064421607656877, 'bagging_freq': 6, 'min_child_samples': 9}. Best is trial 32 with value: 1.0.
[I 2025-09-17 13:17:14,769] Trial 46 finished with value: 0.9874999999999999 and parameters: {'num_leaves': 222, 'learning_rate': 0.011508366892472303, 'feature_fraction': 0.9770462547488081, 'bagging_fraction': 0.6816930324656576, 'bagging_freq': 6, 'min_child_samples': 9}. Best is trial 32 with value: 1.0.
[I 2025-09-17 13:17:14,882] Trial 47 finished with value: 0.9749999999999999 and parameters: {'num_leaves': 241, 'learning_rate': 0.03604440300438777, 'feature_fraction': 0.9246226578445689, 'bagging_fraction': 0.5580992761451349, 'bagging_freq': 3, 'min_child_samples': 5}. Best is trial 32 with value: 1.0.
[I 2025-09-17 13:17:14,895] Trial 48 finished with value: 0.5 and parameters: {'num_leaves': 203, 'learning_rate': 0.058108577870059165, 'feature_fraction': 0.8741737713436083, 'bagging_fraction': 0.8966481594091129, 'bagging_freq': 6, 'min_child_samples': 99}. Best is trial 32 with value: 1.0.
