[I 2025-09-17 13:15:54,806] Trial 11 finished with value: 0.7622377622377623 and parameters: {'num_leaves': 161, 'learning_rate': 0.29941235315697856, 'feature_fraction': 0.4055256421561952, 'bagging_fraction': 0.7389452792649435, 'bagging_freq': 7, 'min_child_samples': 10}. Best is trial 2 with value: 0.8216783216783217.
Training until validation scores don't improve for 50 rounds
Early stopping, best iteration is:
[34]	valid_0's binary_logloss: 0.521202
Training until validation scores don't improve for 50 rounds
Early stopping, best iteration is:
[23]	valid_0's binary_logloss: 0.412672
Training until validation scores don't improve for 50 rounds
Early stopping, best iteration is:
[2]	valid_0's binary_logloss: 0.659919
Training until validation scores don't improve for 50 rounds
Early stopping, best iteration is:
[2]	valid_0's binary_logloss: 0.659919
Training until validation scores don't improve for 50 rounds
Early stopping, best iteration is:
[1]	valid_0's binary_logloss: 0.659919
Training until validation scores don't improve for 50 rounds
Early stopping, best iteration is:
[2]	valid_0's binary_logloss: 0.659919
Training until validation scores don't improve for 50 rounds
Early stopping, best iteration is:
[17]	valid_0's binary_logloss: 0.476869
Training until validation scores don't improve for 50 rounds
Early stopping, best iteration is:
[12]	valid_0's binary_logloss: 0.461764
Training until validation scores don't improve for 50 rounds
Early stopping, best iteration is:
[28]	valid_0's binary_logloss: 0.523438
Training until validation scores don't improve for 50 rounds
Early stopping, best iteration is:
[30]	valid_0's binary_logloss: 0.421034
Training until validation scores don't improve for 50 rounds
Early stopping, best iteration is:
[43]	valid_0's binary_logloss: 0.428524
Training until validation scores don't improve for 50 rounds
Early stopping, best iteration is:
[17]	valid_0's binary_logloss: 0.505185
Training until validation scores don't improve for 50 rounds
Early stopping, best iteration is:
[13]	valid_0's binary_logloss: 0.45595
Training until validation scores don't improve for 50 rounds
Did not meet early stopping. Best iteration is:
[79]	valid_0's binary_logloss: 0.524707
Training until validation scores don't improve for 50 rounds
Early stopping, best iteration is:
[1]	valid_0's binary_logloss: 0.659919
Training until validation scores don't improve for 50 rounds
Early stopping, best iteration is:
[40]	valid_0's binary_logloss: 0.530723
Training until validation scores don't improve for 50 rounds
Early stopping, best iteration is:
[28]	valid_0's binary_logloss: 0.519792
Training until validation scores don't improve for 50 rounds
Early stopping, best iteration is:
[27]	valid_0's binary_logloss: 0.478227
Training until validation scores don't improve for 50 rounds
Early stopping, best iteration is:
[24]	valid_0's binary_logloss: 0.408037
Training until validation scores don't improve for 50 rounds
Early stopping, best iteration is:
[40]	valid_0's binary_logloss: 0.355065
Training until validation scores don't improve for 50 rounds
Did not meet early stopping. Best iteration is:
[73]	valid_0's binary_logloss: 0.382904
Training until validation scores don't improve for 50 rounds
Did not meet early stopping. Best iteration is:
[100]	valid_0's binary_logloss: 0.510845
Training until validation scores don't improve for 50 rounds
Did not meet early stopping. Best iteration is:
[98]	valid_0's binary_logloss: 0.412655
Training until validation scores don't improve for 50 rounds
Did not meet early stopping. Best iteration is:
[94]	valid_0's binary_logloss: 0.482278
Training until validation scores don't improve for 50 rounds
Early stopping, best iteration is:
[50]	valid_0's binary_logloss: 0.46884
Training until validation scores don't improve for 50 rounds
Early stopping, best iteration is:
[42]	valid_0's binary_logloss: 0.413601
Training until validation scores don't improve for 50 rounds
Early stopping, best iteration is:
[1]	valid_0's binary_logloss: 0.659919
Training until validation scores don't improve for 50 rounds
Early stopping, best iteration is:
[30]	valid_0's binary_logloss: 0.565655
Training until validation scores don't improve for 50 rounds
Early stopping, best iteration is:
[14]	valid_0's binary_logloss: 0.433558
Training until validation scores don't improve for 50 rounds
Early stopping, best iteration is:
[13]	valid_0's binary_logloss: 0.405952
Training until validation scores don't improve for 50 rounds
Early stopping, best iteration is:
[10]	valid_0's binary_logloss: 0.473358
Training until validation scores don't improve for 50 rounds
Early stopping, best iteration is:
[21]	valid_0's binary_logloss: 0.482918
Training until validation scores don't improve for 50 rounds
Early stopping, best iteration is:
[25]	valid_0's binary_logloss: 0.431173
Training until validation scores don't improve for 50 rounds
Early stopping, best iteration is:
[35]	valid_0's binary_logloss: 0.458932
Training until validation scores don't improve for 50 rounds
Early stopping, best iteration is:
[17]	valid_0's binary_logloss: 0.367481
Training until validation scores don't improve for 50 rounds
Early stopping, best iteration is:
[7]	valid_0's binary_logloss: 0.444637
Training until validation scores don't improve for 50 rounds
Early stopping, best iteration is:
[46]	valid_0's binary_logloss: 0.528749
Training until validation scores don't improve for 50 rounds
Early stopping, best iteration is:
[26]	valid_0's binary_logloss: 0.492858
Training until validation scores don't improve for 50 rounds
Early stopping, best iteration is:
[11]	valid_0's binary_logloss: 0.423835
Training until validation scores don't improve for 50 rounds
Early stopping, best iteration is:
[10]	valid_0's binary_logloss: 0.425501
Training until validation scores don't improve for 50 rounds
Did not meet early stopping. Best iteration is:
[97]	valid_0's binary_logloss: 0.44204
Training until validation scores don't improve for 50 rounds
Early stopping, best iteration is:
[25]	valid_0's binary_logloss: 0.333767
Training until validation scores don't improve for 50 rounds
Early stopping, best iteration is:
[14]	valid_0's binary_logloss: 0.444382
Training until validation scores don't improve for 50 rounds
Did not meet early stopping. Best iteration is:
[86]	valid_0's binary_logloss: 0.504242
Training until validation scores don't improve for 50 rounds
Early stopping, best iteration is:
[17]	valid_0's binary_logloss: 0.435471
Training until validation scores don't improve for 50 rounds
Did not meet early stopping. Best iteration is:
[99]	valid_0's binary_logloss: 0.518671
Training until validation scores don't improve for 50 rounds
Did not meet early stopping. Best iteration is:
[54]	valid_0's binary_logloss: 0.398878
Training until validation scores don't improve for 50 rounds
Early stopping, best iteration is:
[25]	valid_0's binary_logloss: 0.521018
Training until validation scores don't improve for 50 rounds
Early stopping, best iteration is:
[48]	valid_0's binary_logloss: 0.562783
Training until validation scores don't improve for 50 rounds
Early stopping, best iteration is:
[23]	valid_0's binary_logloss: 0.500063
Training until validation scores don't improve for 50 rounds
Early stopping, best iteration is:
[3]	valid_0's binary_logloss: 0.64565
Training until validation scores don't improve for 50 rounds
Early stopping, best iteration is:
[1]	valid_0's binary_logloss: 0.659919
Training until validation scores don't improve for 50 rounds
Did not meet early stopping. Best iteration is:
[100]	valid_0's binary_logloss: 0.599413
Training until validation scores don't improve for 50 rounds
Early stopping, best iteration is:
[21]	valid_0's binary_logloss: 0.659919
Training until validation scores don't improve for 50 rounds
Did not meet early stopping. Best iteration is:
[51]	valid_0's binary_logloss: 0.654976
Training until validation scores don't improve for 50 rounds
Early stopping, best iteration is:
[4]	valid_0's binary_logloss: 0.659919
Training until validation scores don't improve for 50 rounds
Early stopping, best iteration is:
[3]	valid_0's binary_logloss: 0.659919
Training until validation scores don't improve for 50 rounds
Early stopping, best iteration is:
[8]	valid_0's binary_logloss: 0.512185
Training until validation scores don't improve for 50 rounds
Early stopping, best iteration is:
[7]	valid_0's binary_logloss: 0.576784
[I 2025-09-17 13:15:54,839] Trial 12 finished with value: 0.6730769230769231 and parameters: {'num_leaves': 168, 'learning_rate': 0.2896281134764608, 'feature_fraction': 0.43010299203786645, 'bagging_fraction': 0.8195016322119235, 'bagging_freq': 7, 'min_child_samples': 21}. Best is trial 2 with value: 0.8216783216783217.
[I 2025-09-17 13:15:54,877] Trial 13 finished with value: 0.7342657342657343 and parameters: {'num_leaves': 294, 'learning_rate': 0.15213801207311406, 'feature_fraction': 0.5086394821524558, 'bagging_fraction': 0.6499607104644166, 'bagging_freq': 6, 'min_child_samples': 22}. Best is trial 2 with value: 0.8216783216783217.
[I 2025-09-17 13:15:54,907] Trial 14 finished with value: 0.7867132867132867 and parameters: {'num_leaves': 190, 'learning_rate': 0.24491809562456437, 'feature_fraction': 0.5138038452176318, 'bagging_fraction': 0.548909465275037, 'bagging_freq': 6, 'min_child_samples': 23}. Best is trial 2 with value: 0.8216783216783217.
[I 2025-09-17 13:15:54,944] Trial 15 finished with value: 0.7762237762237763 and parameters: {'num_leaves': 115, 'learning_rate': 0.14595409169194168, 'feature_fraction': 0.50184973482311, 'bagging_fraction': 0.7900776125346436, 'bagging_freq': 6, 'min_child_samples': 30}. Best is trial 2 with value: 0.8216783216783217.
[I 2025-09-17 13:15:55,047] Trial 16 finished with value: 0.8566433566433567 and parameters: {'num_leaves': 254, 'learning_rate': 0.2655100099613093, 'feature_fraction': 0.5626355959516904, 'bagging_fraction': 0.6879868286591974, 'bagging_freq': 5, 'min_child_samples': 5}. Best is trial 16 with value: 0.8566433566433567.
[I 2025-09-17 13:15:55,123] Trial 17 finished with value: 0.8409090909090909 and parameters: {'num_leaves': 263, 'learning_rate': 0.2239300134585582, 'feature_fraction': 0.5858648165773985, 'bagging_fraction': 0.6764930071860484, 'bagging_freq': 5, 'min_child_samples': 6}. Best is trial 16 with value: 0.8566433566433567.
[I 2025-09-17 13:15:55,208] Trial 18 finished with value: 0.8356643356643357 and parameters: {'num_leaves': 261, 'learning_rate': 0.21632132047227523, 'feature_fraction': 0.594209508097667, 'bagging_fraction': 0.6651998016426166, 'bagging_freq': 3, 'min_child_samples': 6}. Best is trial 16 with value: 0.8566433566433567.
[I 2025-09-17 13:15:55,220] Trial 19 finished with value: 0.5 and parameters: {'num_leaves': 233, 'learning_rate': 0.16708535440237318, 'feature_fraction': 0.6592619402123623, 'bagging_fraction': 0.5257429424209276, 'bagging_freq': 5, 'min_child_samples': 72}. Best is trial 16 with value: 0.8566433566433567.
[I 2025-09-17 13:15:55,265] Trial 20 finished with value: 0.7237762237762237 and parameters: {'num_leaves': 297, 'learning_rate': 0.1158428024578623, 'feature_fraction': 0.5801815667659601, 'bagging_fraction': 0.5876053639965635, 'bagging_freq': 4, 'min_child_samples': 16}. Best is trial 16 with value: 0.8566433566433567.
[I 2025-09-17 13:15:55,354] Trial 21 finished with value: 0.805944055944056 and parameters: {'num_leaves': 267, 'learning_rate': 0.21296545419558482, 'feature_fraction': 0.5775329393340599, 'bagging_fraction': 0.6603660155513473, 'bagging_freq': 3, 'min_child_samples': 5}. Best is trial 16 with value: 0.8566433566433567.
[I 2025-09-17 13:15:55,393] Trial 22 finished with value: 0.7552447552447553 and parameters: {'num_leaves': 238, 'learning_rate': 0.22304135738629036, 'feature_fraction': 0.6474511345115547, 'bagging_fraction': 0.6935581218812116, 'bagging_freq': 4, 'min_child_samples': 15}. Best is trial 16 with value: 0.8566433566433567.
[I 2025-09-17 13:15:55,499] Trial 23 finished with value: 0.7622377622377623 and parameters: {'num_leaves': 272, 'learning_rate': 0.26590472635430645, 'feature_fraction': 0.5539553426162465, 'bagging_fraction': 0.6845011506125683, 'bagging_freq': 2, 'min_child_samples': 5}. Best is trial 16 with value: 0.8566433566433567.
[I 2025-09-17 13:15:55,529] Trial 24 finished with value: 0.7902097902097902 and parameters: {'num_leaves': 221, 'learning_rate': 0.1923587372988592, 'feature_fraction': 0.6966166768529644, 'bagging_fraction': 0.4955875304553524, 'bagging_freq': 3, 'min_child_samples': 31}. Best is trial 16 with value: 0.8566433566433567.
[I 2025-09-17 13:15:55,571] Trial 25 finished with value: 0.8146853146853147 and parameters: {'num_leaves': 197, 'learning_rate': 0.22949704355773054, 'feature_fraction': 0.5435523344951492, 'bagging_fraction': 0.6082168313785, 'bagging_freq': 2, 'min_child_samples': 16}. Best is trial 16 with value: 0.8566433566433567.
[I 2025-09-17 13:15:55,598] Trial 26 finished with value: 0.7167832167832168 and parameters: {'num_leaves': 247, 'learning_rate': 0.25476658051186496, 'feature_fraction': 0.4601398679390982, 'bagging_fraction': 0.7140276121994062, 'bagging_freq': 5, 'min_child_samples': 48}. Best is trial 16 with value: 0.8566433566433567.
[I 2025-09-17 13:15:55,635] Trial 27 finished with value: 0.7937062937062938 and parameters: {'num_leaves': 133, 'learning_rate': 0.17639424094775016, 'feature_fraction': 0.6260612928785102, 'bagging_fraction': 0.7970614188688213, 'bagging_freq': 6, 'min_child_samples': 35}. Best is trial 16 with value: 0.8566433566433567.
[I 2025-09-17 13:15:55,655] Trial 28 finished with value: 0.5 and parameters: {'num_leaves': 275, 'learning_rate': 0.22207355525420752, 'feature_fraction': 0.5474246943763625, 'bagging_fraction': 0.6300274083096904, 'bagging_freq': 4, 'min_child_samples': 57}. Best is trial 16 with value: 0.8566433566433567.
[I 2025-09-17 13:15:55,714] Trial 29 finished with value: 0.7657342657342657 and parameters: {'num_leaves': 126, 'learning_rate': 0.133383009728869, 'feature_fraction': 0.9032976626932376, 'bagging_fraction': 0.9584833562814605, 'bagging_freq': 5, 'min_child_samples': 13}. Best is trial 16 with value: 0.8566433566433567.
[I 2025-09-17 13:15:55,738] Trial 30 finished with value: 0.8461538461538461 and parameters: {'num_leaves': 188, 'learning_rate': 0.2766578400303583, 'feature_fraction': 0.7005842628498821, 'bagging_fraction': 0.5530686429157783, 'bagging_freq': 5, 'min_child_samples': 27}. Best is trial 16 with value: 0.8566433566433567.
[I 2025-09-17 13:15:55,766] Trial 31 finished with value: 0.7447552447552448 and parameters: {'num_leaves': 182, 'learning_rate': 0.2767504081192615, 'feature_fraction': 0.7125356008673772, 'bagging_fraction': 0.5294770444247289, 'bagging_freq': 5, 'min_child_samples': 19}. Best is trial 16 with value: 0.8566433566433567.
[I 2025-09-17 13:15:55,870] Trial 32 finished with value: 0.8409090909090908 and parameters: {'num_leaves': 212, 'learning_rate': 0.23856282729685843, 'feature_fraction': 0.6855507508723898, 'bagging_fraction': 0.6742486432736935, 'bagging_freq': 6, 'min_child_samples': 5}. Best is trial 16 with value: 0.8566433566433567.
[I 2025-09-17 13:15:55,898] Trial 33 finished with value: 0.8356643356643356 and parameters: {'num_leaves': 211, 'learning_rate': 0.23715375509311204, 'feature_fraction': 0.7823957068692657, 'bagging_fraction': 0.5698409869992009, 'bagging_freq': 6, 'min_child_samples': 27}. Best is trial 16 with value: 0.8566433566433567.
[I 2025-09-17 13:15:55,940] Trial 34 finished with value: 0.7395104895104895 and parameters: {'num_leaves': 147, 'learning_rate': 0.2571789130851804, 'feature_fraction': 0.688173188843199, 'bagging_fraction': 0.6188338242229853, 'bagging_freq': 5, 'min_child_samples': 10}. Best is trial 16 with value: 0.8566433566433567.
[I 2025-09-17 13:15:55,968] Trial 35 finished with value: 0.7902097902097902 and parameters: {'num_leaves': 235, 'learning_rate': 0.2792592397052434, 'feature_fraction': 0.8426221399651472, 'bagging_fraction': 0.4767389825038241, 'bagging_freq': 6, 'min_child_samples': 18}. Best is trial 16 with value: 0.8566433566433567.
[I 2025-09-17 13:15:55,994] Trial 36 finished with value: 0.7587412587412588 and parameters: {'num_leaves': 216, 'learning_rate': 0.24177223529005681, 'feature_fraction': 0.7542717392559946, 'bagging_fraction': 0.6837190388479534, 'bagging_freq': 5, 'min_child_samples': 26}. Best is trial 16 with value: 0.8566433566433567.
[I 2025-09-17 13:15:56,042] Trial 37 finished with value: 0.8811188811188811 and parameters: {'num_leaves': 91, 'learning_rate': 0.25625049966305286, 'feature_fraction': 0.6783849740720516, 'bagging_fraction': 0.723169989220075, 'bagging_freq': 4, 'min_child_samples': 10}. Best is trial 37 with value: 0.8811188811188811.
[I 2025-09-17 13:15:56,068] Trial 38 finished with value: 0.7447552447552448 and parameters: {'num_leaves': 72, 'learning_rate': 0.2560644757235537, 'feature_fraction': 0.6286226656112383, 'bagging_fraction': 0.719581679953522, 'bagging_freq': 4, 'min_child_samples': 41}. Best is trial 37 with value: 0.8811188811188811.
[I 2025-09-17 13:15:56,081] Trial 39 finished with value: 0.5 and parameters: {'num_leaves': 13, 'learning_rate': 0.29422256822258896, 'feature_fraction': 0.7541277149600253, 'bagging_fraction': 0.8533246946816079, 'bagging_freq': 4, 'min_child_samples': 97}. Best is trial 37 with value: 0.8811188811188811.
[I 2025-09-17 13:15:56,180] Trial 40 finished with value: 0.7482517482517482 and parameters: {'num_leaves': 91, 'learning_rate': 0.013891672304914587, 'feature_fraction': 0.6283582486486663, 'bagging_fraction': 0.9299719932502775, 'bagging_freq': 4, 'min_child_samples': 11}. Best is trial 37 with value: 0.8811188811188811.
[I 2025-09-17 13:15:56,246] Trial 41 finished with value: 0.8356643356643356 and parameters: {'num_leaves': 250, 'learning_rate': 0.2735969623191462, 'feature_fraction': 0.666904357332366, 'bagging_fraction': 0.7791816725708144, 'bagging_freq': 6, 'min_child_samples': 9}. Best is trial 37 with value: 0.8811188811188811.
[I 2025-09-17 13:15:56,357] Trial 42 finished with value: 0.8041958041958042 and parameters: {'num_leaves': 102, 'learning_rate': 0.2345471187776328, 'feature_fraction': 0.7162783609308833, 'bagging_fraction': 0.7234273925692095, 'bagging_freq': 5, 'min_child_samples': 5}. Best is trial 37 with value: 0.8811188811188811.
[I 2025-09-17 13:15:56,400] Trial 43 finished with value: 0.7097902097902098 and parameters: {'num_leaves': 49, 'learning_rate': 0.046433621167334196, 'feature_fraction': 0.6747300684673364, 'bagging_fraction': 0.6024764419615145, 'bagging_freq': 5, 'min_child_samples': 14}. Best is trial 37 with value: 0.8811188811188811.
[I 2025-09-17 13:15:56,427] Trial 44 finished with value: 0.8426573426573426 and parameters: {'num_leaves': 146, 'learning_rate': 0.20488848819499483, 'feature_fraction': 0.7326644346322284, 'bagging_fraction': 0.6482317890688489, 'bagging_freq': 6, 'min_child_samples': 35}. Best is trial 37 with value: 0.8811188811188811.
[I 2025-09-17 13:15:56,450] Trial 45 finished with value: 0.8321678321678322 and parameters: {'num_leaves': 146, 'learning_rate': 0.20189950880001206, 'feature_fraction': 0.8213092557154866, 'bagging_fraction': 0.7517010172368679, 'bagging_freq': 7, 'min_child_samples': 34}. Best is trial 37 with value: 0.8811188811188811.
[I 2025-09-17 13:15:56,470] Trial 46 finished with value: 0.6503496503496503 and parameters: {'num_leaves': 96, 'learning_rate': 0.18945505219553932, 'feature_fraction': 0.7422533866278335, 'bagging_fraction': 0.644698522541134, 'bagging_freq': 5, 'min_child_samples': 44}. Best is trial 37 with value: 0.8811188811188811.
[I 2025-09-17 13:15:56,505] Trial 47 finished with value: 0.8251748251748252 and parameters: {'num_leaves': 55, 'learning_rate': 0.28429607820559544, 'feature_fraction': 0.4867222117633216, 'bagging_fraction': 0.5562718273439874, 'bagging_freq': 4, 'min_child_samples': 24}. Best is trial 37 with value: 0.8811188811188811.
[I 2025-09-17 13:15:56,529] Trial 48 finished with value: 0.8076923076923077 and parameters: {'num_leaves': 180, 'learning_rate': 0.20974673978118635, 'feature_fraction': 0.6165674491973071, 'bagging_fraction': 0.8264396825264981, 'bagging_freq': 6, 'min_child_samples': 49}. Best is trial 37 with value: 0.8811188811188811.
[I 2025-09-17 13:15:56,557] Trial 49 finished with value: 0.8181818181818181 and parameters: {'num_leaves': 285, 'learning_rate': 0.2494598918914493, 'feature_fraction': 0.7790131617146249, 'bagging_fraction': 0.769136653242849, 'bagging_freq': 5, 'min_child_samples': 36}. Best is trial 37 with value: 0.8811188811188811.
[I 2025-09-17 13:15:56,786] A new study created in memory with name: no-name-18ef7d8a-85ec-4fe4-b3ce-e3fb142f7540
[I 2025-09-17 13:15:56,803] Trial 0 finished with value: 0.5384615384615384 and parameters: {'num_leaves': 140, 'learning_rate': 0.043287563252941585, 'feature_fraction': 0.4095301236935407, 'bagging_fraction': 0.6472975499908739, 'bagging_freq': 4, 'min_child_samples': 51}. Best is trial 0 with value: 0.5384615384615384.
[I 2025-09-17 13:15:56,844] Trial 1 finished with value: 0.8321678321678322 and parameters: {'num_leaves': 230, 'learning_rate': 0.09629433437845944, 'feature_fraction': 0.9461806672546722, 'bagging_fraction': 0.9388749654270617, 'bagging_freq': 1, 'min_child_samples': 25}. Best is trial 1 with value: 0.8321678321678322.
[I 2025-09-17 13:15:56,854] Trial 2 finished with value: 0.5 and parameters: {'num_leaves': 261, 'learning_rate': 0.136586108100407, 'feature_fraction': 0.5262223444431304, 'bagging_fraction': 0.6525834576764584, 'bagging_freq': 3, 'min_child_samples': 80}. Best is trial 1 with value: 0.8321678321678322.
