[I 2025-09-17 13:17:03,714] Trial 33 finished with value: 0.74375 and parameters: {'num_leaves': 183, 'learning_rate': 0.27312922530647493, 'feature_fraction': 0.7243484068717086, 'bagging_fraction': 0.46721473630885574, 'bagging_freq': 5, 'min_child_samples': 19}. Best is trial 26 with value: 0.759375.
[I 2025-09-17 13:17:03,732] Trial 34 finished with value: 0.7625 and parameters: {'num_leaves': 242, 'learning_rate': 0.2783118823105898, 'feature_fraction': 0.7053777031769983, 'bagging_fraction': 0.44185911254332466, 'bagging_freq': 6, 'min_child_samples': 25}. Best is trial 34 with value: 0.7625.
[I 2025-09-17 13:17:03,750] Trial 35 finished with value: 0.7515625 and parameters: {'num_leaves': 258, 'learning_rate': 0.28856471092660413, 'feature_fraction': 0.7265530207220985, 'bagging_fraction': 0.40043038381391166, 'bagging_freq': 6, 'min_child_samples': 26}. Best is trial 34 with value: 0.7625.
[I 2025-09-17 13:17:03,777] Trial 36 finished with value: 0.7546875 and parameters: {'num_leaves': 252, 'learning_rate': 0.28312141558675286, 'feature_fraction': 0.7831382957794569, 'bagging_fraction': 0.7452992396347161, 'bagging_freq': 6, 'min_child_samples': 25}. Best is trial 34 with value: 0.7625.
[I 2025-09-17 13:17:03,799] Trial 37 finished with value: 0.7140625 and parameters: {'num_leaves': 282, 'learning_rate': 0.262321917193489, 'feature_fraction': 0.7673261172167389, 'bagging_fraction': 0.7515184010514752, 'bagging_freq': 7, 'min_child_samples': 33}. Best is trial 34 with value: 0.7625.
[I 2025-09-17 13:17:03,814] Trial 38 finished with value: 0.45000000000000007 and parameters: {'num_leaves': 241, 'learning_rate': 0.21474272807221856, 'feature_fraction': 0.803936964541125, 'bagging_fraction': 0.8074438940753887, 'bagging_freq': 6, 'min_child_samples': 56}. Best is trial 34 with value: 0.7625.
[I 2025-09-17 13:17:03,836] Trial 39 finished with value: 0.746875 and parameters: {'num_leaves': 241, 'learning_rate': 0.19142548857495698, 'feature_fraction': 0.6992507009863341, 'bagging_fraction': 0.7152507282311187, 'bagging_freq': 7, 'min_child_samples': 41}. Best is trial 34 with value: 0.7625.
[I 2025-09-17 13:17:03,852] Trial 40 finished with value: 0.5 and parameters: {'num_leaves': 274, 'learning_rate': 0.2505692633104279, 'feature_fraction': 0.6855294588645212, 'bagging_fraction': 0.6672420627206049, 'bagging_freq': 6, 'min_child_samples': 71}. Best is trial 34 with value: 0.7625.
[I 2025-09-17 13:17:03,880] Trial 41 finished with value: 0.7234375 and parameters: {'num_leaves': 256, 'learning_rate': 0.2864751470837896, 'feature_fraction': 0.7331447132278173, 'bagging_fraction': 0.40344278655437477, 'bagging_freq': 6, 'min_child_samples': 25}. Best is trial 34 with value: 0.7625.
[I 2025-09-17 13:17:03,901] Trial 42 finished with value: 0.7609375 and parameters: {'num_leaves': 288, 'learning_rate': 0.2875326804648412, 'feature_fraction': 0.8144880098951714, 'bagging_fraction': 0.45091572139602837, 'bagging_freq': 6, 'min_child_samples': 32}. Best is trial 34 with value: 0.7625.
[I 2025-09-17 13:17:03,920] Trial 43 finished with value: 0.6859375 and parameters: {'num_leaves': 299, 'learning_rate': 0.2856106536995885, 'feature_fraction': 0.8967421475273682, 'bagging_fraction': 0.4453029689936809, 'bagging_freq': 7, 'min_child_samples': 33}. Best is trial 34 with value: 0.7625.
[I 2025-09-17 13:17:03,938] Trial 44 finished with value: 0.45000000000000007 and parameters: {'num_leaves': 283, 'learning_rate': 0.2590817525316291, 'feature_fraction': 0.8227464252544475, 'bagging_fraction': 0.6310247674965447, 'bagging_freq': 6, 'min_child_samples': 45}. Best is trial 34 with value: 0.7625.
[I 2025-09-17 13:17:03,969] Trial 45 finished with value: 0.740625 and parameters: {'num_leaves': 236, 'learning_rate': 0.27735688271907233, 'feature_fraction': 0.7609068129508086, 'bagging_fraction': 0.7405063005794039, 'bagging_freq': 7, 'min_child_samples': 22}. Best is trial 34 with value: 0.7625.
[I 2025-09-17 13:17:03,992] Trial 46 finished with value: 0.771875 and parameters: {'num_leaves': 269, 'learning_rate': 0.2347429211479589, 'feature_fraction': 0.8669588301409136, 'bagging_fraction': 0.5504142059523248, 'bagging_freq': 5, 'min_child_samples': 32}. Best is trial 46 with value: 0.771875.
[I 2025-09-17 13:17:04,012] Trial 47 finished with value: 0.7140625 and parameters: {'num_leaves': 278, 'learning_rate': 0.2298109430360859, 'feature_fraction': 0.8728811202002653, 'bagging_fraction': 0.5330828407579751, 'bagging_freq': 5, 'min_child_samples': 36}. Best is trial 46 with value: 0.771875.
[I 2025-09-17 13:17:04,031] Trial 48 finished with value: 0.7328125 and parameters: {'num_leaves': 267, 'learning_rate': 0.200629801333387, 'feature_fraction': 0.9334816018676491, 'bagging_fraction': 0.48146169603893063, 'bagging_freq': 4, 'min_child_samples': 30}. Best is trial 46 with value: 0.771875.
[I 2025-09-17 13:17:04,065] Trial 49 finished with value: 0.7375 and parameters: {'num_leaves': 294, 'learning_rate': 0.1078674106202319, 'feature_fraction': 0.8439472140818784, 'bagging_fraction': 0.4482327153551526, 'bagging_freq': 5, 'min_child_samples': 17}. Best is trial 46 with value: 0.771875.
[I 2025-09-17 13:17:04,266] A new study created in memory with name: no-name-469092af-2886-4ce2-9e7f-3df9fd857719
[I 2025-09-17 13:17:04,276] Trial 0 finished with value: 0.5 and parameters: {'num_leaves': 49, 'learning_rate': 0.02749862037823554, 'feature_fraction': 0.6799393517219906, 'bagging_fraction': 0.8335680558961216, 'bagging_freq': 5, 'min_child_samples': 67}. Best is trial 0 with value: 0.5.
[I 2025-09-17 13:17:04,283] Trial 1 finished with value: 0.5 and parameters: {'num_leaves': 194, 'learning_rate': 0.21316541439155717, 'feature_fraction': 0.8356186995272721, 'bagging_fraction': 0.6891353202687949, 'bagging_freq': 1, 'min_child_samples': 69}. Best is trial 0 with value: 0.5.
[I 2025-09-17 13:17:04,301] Trial 2 finished with value: 0.69375 and parameters: {'num_leaves': 109, 'learning_rate': 0.022409369997948493, 'feature_fraction': 0.985129026815497, 'bagging_fraction': 0.9402134496473854, 'bagging_freq': 6, 'min_child_samples': 60}. Best is trial 2 with value: 0.69375.
[I 2025-09-17 13:17:04,319] Trial 3 finished with value: 0.7359375 and parameters: {'num_leaves': 42, 'learning_rate': 0.21958832270108133, 'feature_fraction': 0.7404851885935884, 'bagging_fraction': 0.6632390021175654, 'bagging_freq': 7, 'min_child_samples': 30}. Best is trial 3 with value: 0.7359375.
[I 2025-09-17 13:17:04,333] Trial 4 finished with value: 0.6734375000000001 and parameters: {'num_leaves': 162, 'learning_rate': 0.15644236451493737, 'feature_fraction': 0.8173058565105992, 'bagging_fraction': 0.4634017423234805, 'bagging_freq': 4, 'min_child_samples': 27}. Best is trial 3 with value: 0.7359375.
[I 2025-09-17 13:17:04,350] Trial 5 finished with value: 0.6640625 and parameters: {'num_leaves': 238, 'learning_rate': 0.1575291415378347, 'feature_fraction': 0.5203649539019503, 'bagging_fraction': 0.472506767948894, 'bagging_freq': 6, 'min_child_samples': 23}. Best is trial 3 with value: 0.7359375.
[I 2025-09-17 13:17:04,363] Trial 6 finished with value: 0.69375 and parameters: {'num_leaves': 99, 'learning_rate': 0.22193778461640676, 'feature_fraction': 0.999206736707929, 'bagging_fraction': 0.9109266985987179, 'bagging_freq': 4, 'min_child_samples': 38}. Best is trial 3 with value: 0.7359375.
[I 2025-09-17 13:17:04,389] Trial 7 finished with value: 0.659375 and parameters: {'num_leaves': 173, 'learning_rate': 0.015382079575537003, 'feature_fraction': 0.7764564153716009, 'bagging_fraction': 0.6372936152040596, 'bagging_freq': 6, 'min_child_samples': 37}. Best is trial 3 with value: 0.7359375.
[I 2025-09-17 13:17:04,417] Trial 8 finished with value: 0.5421875 and parameters: {'num_leaves': 37, 'learning_rate': 0.23406231614400375, 'feature_fraction': 0.6508175874770984, 'bagging_fraction': 0.43473131714433977, 'bagging_freq': 4, 'min_child_samples': 11}. Best is trial 3 with value: 0.7359375.
[I 2025-09-17 13:17:04,427] Trial 9 finished with value: 0.5 and parameters: {'num_leaves': 219, 'learning_rate': 0.13082035882024234, 'feature_fraction': 0.5468507716659772, 'bagging_fraction': 0.8314099246709998, 'bagging_freq': 4, 'min_child_samples': 74}. Best is trial 3 with value: 0.7359375.
[I 2025-09-17 13:17:04,441] Trial 10 finished with value: 0.5 and parameters: {'num_leaves': 101, 'learning_rate': 0.285920551654616, 'feature_fraction': 0.4279715551339353, 'bagging_fraction': 0.6211918714498761, 'bagging_freq': 2, 'min_child_samples': 97}. Best is trial 3 with value: 0.7359375.
[I 2025-09-17 13:17:04,456] Trial 11 finished with value: 0.6656250000000001 and parameters: {'num_leaves': 92, 'learning_rate': 0.09872417210561704, 'feature_fraction': 0.9000305991203695, 'bagging_fraction': 0.9890886482118126, 'bagging_freq': 7, 'min_child_samples': 52}. Best is trial 3 with value: 0.7359375.
[I 2025-09-17 13:17:04,470] Trial 12 finished with value: 0.69375 and parameters: {'num_leaves': 13, 'learning_rate': 0.07418296918564607, 'feature_fraction': 0.9954422004361138, 'bagging_fraction': 0.7829714310383126, 'bagging_freq': 7, 'min_child_samples': 52}. Best is trial 3 with value: 0.7359375.
[I 2025-09-17 13:17:04,537] Trial 13 finished with value: 0.75625 and parameters: {'num_leaves': 127, 'learning_rate': 0.2780918440515994, 'feature_fraction': 0.9050606570252522, 'bagging_fraction': 0.5939052716341712, 'bagging_freq': 6, 'min_child_samples': 6}. Best is trial 13 with value: 0.75625.
[I 2025-09-17 13:17:04,612] Trial 14 finished with value: 0.7062499999999999 and parameters: {'num_leaves': 277, 'learning_rate': 0.29226825273767254, 'feature_fraction': 0.7360507558327948, 'bagging_fraction': 0.5697414168342106, 'bagging_freq': 7, 'min_child_samples': 5}. Best is trial 13 with value: 0.75625.
Early stopping, best iteration is:
[13]	valid_0's binary_logloss: 0.687351
Training until validation scores don't improve for 50 rounds
Early stopping, best iteration is:
[7]	valid_0's binary_logloss: 0.687351
Training until validation scores don't improve for 50 rounds
Early stopping, best iteration is:
[27]	valid_0's binary_logloss: 0.62738
Training until validation scores don't improve for 50 rounds
Early stopping, best iteration is:
[23]	valid_0's binary_logloss: 0.687351
Training until validation scores don't improve for 50 rounds
Early stopping, best iteration is:
[21]	valid_0's binary_logloss: 0.623859
Training until validation scores don't improve for 50 rounds
Early stopping, best iteration is:
[2]	valid_0's binary_logloss: 0.634922
Training until validation scores don't improve for 50 rounds
Early stopping, best iteration is:
[9]	valid_0's binary_logloss: 0.687351
Training until validation scores don't improve for 50 rounds
Early stopping, best iteration is:
[24]	valid_0's binary_logloss: 0.623005
Training until validation scores don't improve for 50 rounds
Early stopping, best iteration is:
[17]	valid_0's binary_logloss: 0.684686
Training until validation scores don't improve for 50 rounds
Early stopping, best iteration is:
[41]	valid_0's binary_logloss: 0.687351
Training until validation scores don't improve for 50 rounds
Early stopping, best iteration is:
[48]	valid_0's binary_logloss: 0.623834
Training until validation scores don't improve for 50 rounds
Early stopping, best iteration is:
[6]	valid_0's binary_logloss: 0.603146
Training until validation scores don't improve for 50 rounds
Early stopping, best iteration is:
[5]	valid_0's binary_logloss: 0.635085
Training until validation scores don't improve for 50 rounds
Early stopping, best iteration is:
[31]	valid_0's binary_logloss: 0.643779
Training until validation scores don't improve for 50 rounds
Early stopping, best iteration is:
[40]	valid_0's binary_logloss: 0.687351
Training until validation scores don't improve for 50 rounds
Early stopping, best iteration is:
[8]	valid_0's binary_logloss: 0.595994
Training until validation scores don't improve for 50 rounds
Early stopping, best iteration is:
[16]	valid_0's binary_logloss: 0.638125
Training until validation scores don't improve for 50 rounds
Early stopping, best iteration is:
[2]	valid_0's binary_logloss: 0.62308
Training until validation scores don't improve for 50 rounds
Early stopping, best iteration is:
[11]	valid_0's binary_logloss: 0.620386
Training until validation scores don't improve for 50 rounds
Early stopping, best iteration is:
[3]	valid_0's binary_logloss: 0.623479
Training until validation scores don't improve for 50 rounds
Early stopping, best iteration is:
[12]	valid_0's binary_logloss: 0.638669
Training until validation scores don't improve for 50 rounds
Early stopping, best iteration is:
[47]	valid_0's binary_logloss: 0.579752
Training until validation scores don't improve for 50 rounds
Early stopping, best iteration is:
[31]	valid_0's binary_logloss: 0.65374
Training until validation scores don't improve for 50 rounds
Early stopping, best iteration is:
[10]	valid_0's binary_logloss: 0.631562
Training until validation scores don't improve for 50 rounds
Early stopping, best iteration is:
[5]	valid_0's binary_logloss: 0.640909
Training until validation scores don't improve for 50 rounds
Did not meet early stopping. Best iteration is:
[82]	valid_0's binary_logloss: 0.621264
Training until validation scores don't improve for 50 rounds
Did not meet early stopping. Best iteration is:
[68]	valid_0's binary_logloss: 0.632735
Training until validation scores don't improve for 50 rounds
Early stopping, best iteration is:
[12]	valid_0's binary_logloss: 0.628657
Training until validation scores don't improve for 50 rounds
Early stopping, best iteration is:
[25]	valid_0's binary_logloss: 0.581825
Training until validation scores don't improve for 50 rounds
Early stopping, best iteration is:
[7]	valid_0's binary_logloss: 0.590164
Training until validation scores don't improve for 50 rounds
Early stopping, best iteration is:
[7]	valid_0's binary_logloss: 0.592835
Training until validation scores don't improve for 50 rounds
Early stopping, best iteration is:
[9]	valid_0's binary_logloss: 0.600578
Training until validation scores don't improve for 50 rounds
Early stopping, best iteration is:
[19]	valid_0's binary_logloss: 0.610819
Training until validation scores don't improve for 50 rounds
Early stopping, best iteration is:
[1]	valid_0's binary_logloss: 0.697482
Training until validation scores don't improve for 50 rounds
Early stopping, best iteration is:
[44]	valid_0's binary_logloss: 0.584968
Training until validation scores don't improve for 50 rounds
Early stopping, best iteration is:
[10]	valid_0's binary_logloss: 0.687351
Training until validation scores don't improve for 50 rounds
Early stopping, best iteration is:
[42]	valid_0's binary_logloss: 0.591483
Training until validation scores don't improve for 50 rounds
Early stopping, best iteration is:
[12]	valid_0's binary_logloss: 0.607187
Training until validation scores don't improve for 50 rounds
Early stopping, best iteration is:
[10]	valid_0's binary_logloss: 0.606855
Training until validation scores don't improve for 50 rounds
Early stopping, best iteration is:
[1]	valid_0's binary_logloss: 0.697004
Training until validation scores don't improve for 50 rounds
Early stopping, best iteration is:
[11]	valid_0's binary_logloss: 0.595621
Training until validation scores don't improve for 50 rounds
Early stopping, best iteration is:
[31]	valid_0's binary_logloss: 0.569958
Training until validation scores don't improve for 50 rounds
Early stopping, best iteration is:
[28]	valid_0's binary_logloss: 0.575858
Training until validation scores don't improve for 50 rounds
Early stopping, best iteration is:
[5]	valid_0's binary_logloss: 0.61419
Training until validation scores don't improve for 50 rounds
Early stopping, best iteration is:
[38]	valid_0's binary_logloss: 0.597774
Training until validation scores don't improve for 50 rounds
Early stopping, best iteration is:
[8]	valid_0's binary_logloss: 0.687351
Training until validation scores don't improve for 50 rounds
Early stopping, best iteration is:
[9]	valid_0's binary_logloss: 0.687351
Training until validation scores don't improve for 50 rounds
Early stopping, best iteration is:
[36]	valid_0's binary_logloss: 0.613567
Training until validation scores don't improve for 50 rounds
Early stopping, best iteration is:
[10]	valid_0's binary_logloss: 0.607173
Training until validation scores don't improve for 50 rounds
Early stopping, best iteration is:
[11]	valid_0's binary_logloss: 0.610637
Training until validation scores don't improve for 50 rounds
Early stopping, best iteration is:
[6]	valid_0's binary_logloss: 0.638326
Training until validation scores don't improve for 50 rounds
Early stopping, best iteration is:
[3]	valid_0's binary_logloss: 0.615416
Training until validation scores don't improve for 50 rounds
Did not meet early stopping. Best iteration is:
[59]	valid_0's binary_logloss: 0.621557
Training until validation scores don't improve for 50 rounds
Early stopping, best iteration is:
[1]	valid_0's binary_logloss: 0.676849
Training until validation scores don't improve for 50 rounds
Early stopping, best iteration is:
[1]	valid_0's binary_logloss: 0.687351
Training until validation scores don't improve for 50 rounds
Early stopping, best iteration is:
[4]	valid_0's binary_logloss: 0.687351
Training until validation scores don't improve for 50 rounds
Early stopping, best iteration is:
[9]	valid_0's binary_logloss: 0.617122
Training until validation scores don't improve for 50 rounds
Early stopping, best iteration is:
[7]	valid_0's binary_logloss: 0.624409
Training until validation scores don't improve for 50 rounds
Early stopping, best iteration is:
[7]	valid_0's binary_logloss: 0.602069
Training until validation scores don't improve for 50 rounds
Early stopping, best iteration is:
[6]	valid_0's binary_logloss: 0.666433
Training until validation scores don't improve for 50 rounds
[I 2025-09-17 13:17:04,639] Trial 15 finished with value: 0.7281249999999999 and parameters: {'num_leaves': 134, 'learning_rate': 0.25571039169614423, 'feature_fraction': 0.8907130207530677, 'bagging_fraction': 0.5364368892875587, 'bagging_freq': 5, 'min_child_samples': 17}. Best is trial 13 with value: 0.75625.
[I 2025-09-17 13:17:04,657] Trial 16 finished with value: 0.6734375 and parameters: {'num_leaves': 64, 'learning_rate': 0.19120908868000527, 'feature_fraction': 0.6079631077552056, 'bagging_fraction': 0.726896131618696, 'bagging_freq': 5, 'min_child_samples': 34}. Best is trial 13 with value: 0.75625.
[I 2025-09-17 13:17:04,721] Trial 17 finished with value: 0.7015625 and parameters: {'num_leaves': 137, 'learning_rate': 0.2550826114163479, 'feature_fraction': 0.9033095184863864, 'bagging_fraction': 0.5492541906335141, 'bagging_freq': 3, 'min_child_samples': 6}. Best is trial 13 with value: 0.75625.
[I 2025-09-17 13:17:04,748] Trial 18 finished with value: 0.6609375 and parameters: {'num_leaves': 74, 'learning_rate': 0.19435666435540258, 'feature_fraction': 0.7449848473371279, 'bagging_fraction': 0.6961182249593421, 'bagging_freq': 6, 'min_child_samples': 20}. Best is trial 13 with value: 0.75625.
[I 2025-09-17 13:17:04,764] Trial 19 finished with value: 0.7500000000000001 and parameters: {'num_leaves': 10, 'learning_rate': 0.2644525820445518, 'feature_fraction': 0.8419426480991732, 'bagging_fraction': 0.6233579263866363, 'bagging_freq': 7, 'min_child_samples': 44}. Best is trial 13 with value: 0.75625.
[I 2025-09-17 13:17:04,776] Trial 20 finished with value: 0.5 and parameters: {'num_leaves': 300, 'learning_rate': 0.27980260928112766, 'feature_fraction': 0.8402497951817244, 'bagging_fraction': 0.7518810901657115, 'bagging_freq': 6, 'min_child_samples': 79}. Best is trial 13 with value: 0.75625.
[I 2025-09-17 13:17:04,792] Trial 21 finished with value: 0.796875 and parameters: {'num_leaves': 23, 'learning_rate': 0.25469791747000203, 'feature_fraction': 0.925749860277126, 'bagging_fraction': 0.622721575453409, 'bagging_freq': 7, 'min_child_samples': 44}. Best is trial 21 with value: 0.796875.
[I 2025-09-17 13:17:04,811] Trial 22 finished with value: 0.5 and parameters: {'num_leaves': 14, 'learning_rate': 0.25783316204751083, 'feature_fraction': 0.9369010559558179, 'bagging_fraction': 0.6036722432595333, 'bagging_freq': 7, 'min_child_samples': 52}. Best is trial 21 with value: 0.796875.
[I 2025-09-17 13:17:04,832] Trial 23 finished with value: 0.6468750000000001 and parameters: {'num_leaves': 10, 'learning_rate': 0.26119885982788427, 'feature_fraction': 0.9238914971401526, 'bagging_fraction': 0.511835189604129, 'bagging_freq': 7, 'min_child_samples': 43}. Best is trial 21 with value: 0.796875.
[I 2025-09-17 13:17:04,844] Trial 24 finished with value: 0.5 and parameters: {'num_leaves': 71, 'learning_rate': 0.29998053107944, 'feature_fraction': 0.85442353158425, 'bagging_fraction': 0.5869730645501208, 'bagging_freq': 6, 'min_child_samples': 87}. Best is trial 21 with value: 0.796875.
[I 2025-09-17 13:17:04,856] Trial 25 finished with value: 0.5 and parameters: {'num_leaves': 131, 'learning_rate': 0.19047684442959267, 'feature_fraction': 0.7982677062389479, 'bagging_fraction': 0.5046436114070101, 'bagging_freq': 5, 'min_child_samples': 59}. Best is trial 21 with value: 0.796875.
[I 2025-09-17 13:17:04,873] Trial 26 finished with value: 0.715625 and parameters: {'num_leaves': 29, 'learning_rate': 0.24388098300836153, 'feature_fraction': 0.9502067416661304, 'bagging_fraction': 0.660895679178588, 'bagging_freq': 7, 'min_child_samples': 44}. Best is trial 21 with value: 0.796875.
[I 2025-09-17 13:17:04,892] Trial 27 finished with value: 0.725 and parameters: {'num_leaves': 53, 'learning_rate': 0.2687782999784166, 'feature_fraction': 0.8676016232285516, 'bagging_fraction': 0.6070977000505738, 'bagging_freq': 3, 'min_child_samples': 43}. Best is trial 21 with value: 0.796875.
