[I 2025-09-17 13:17:36,274] Trial 36 finished with value: 0.8901960784313725 and parameters: {'num_leaves': 99, 'learning_rate': 0.10037573970315294, 'feature_fraction': 0.8408071269089519, 'bagging_fraction': 0.9004728175461854, 'bagging_freq': 2, 'min_child_samples': 10}. Best is trial 22 with value: 0.9490196078431372.
[I 2025-09-17 13:17:36,285] Trial 37 finished with value: 0.5 and parameters: {'num_leaves': 199, 'learning_rate': 0.08586281772315958, 'feature_fraction': 0.9292400227449746, 'bagging_fraction': 0.6565294399571915, 'bagging_freq': 1, 'min_child_samples': 67}. Best is trial 22 with value: 0.9490196078431372.
[I 2025-09-17 13:17:36,318] Trial 38 finished with value: 0.9411764705882353 and parameters: {'num_leaves': 255, 'learning_rate': 0.16139649075690063, 'feature_fraction': 0.6579825491663064, 'bagging_fraction': 0.9882930440519461, 'bagging_freq': 3, 'min_child_samples': 29}. Best is trial 22 with value: 0.9490196078431372.
[I 2025-09-17 13:17:36,406] Trial 39 finished with value: 0.8823529411764706 and parameters: {'num_leaves': 260, 'learning_rate': 0.16449710561839676, 'feature_fraction': 0.6518479435157293, 'bagging_fraction': 0.9747636329072487, 'bagging_freq': 3, 'min_child_samples': 9}. Best is trial 22 with value: 0.9490196078431372.
[I 2025-09-17 13:17:36,454] Trial 40 finished with value: 0.9215686274509804 and parameters: {'num_leaves': 291, 'learning_rate': 0.17468328815429593, 'feature_fraction': 0.7399568947546546, 'bagging_fraction': 0.9994971085112663, 'bagging_freq': 5, 'min_child_samples': 17}. Best is trial 22 with value: 0.9490196078431372.
[I 2025-09-17 13:17:36,497] Trial 41 finished with value: 0.9176470588235295 and parameters: {'num_leaves': 277, 'learning_rate': 0.1236232571582371, 'feature_fraction': 0.5569436730229727, 'bagging_fraction': 0.9210566018638573, 'bagging_freq': 6, 'min_child_samples': 28}. Best is trial 22 with value: 0.9490196078431372.
[I 2025-09-17 13:17:36,527] Trial 42 finished with value: 0.9254901960784314 and parameters: {'num_leaves': 224, 'learning_rate': 0.1464124045831633, 'feature_fraction': 0.6721585540881538, 'bagging_fraction': 0.8113467906509074, 'bagging_freq': 4, 'min_child_samples': 30}. Best is trial 22 with value: 0.9490196078431372.
[I 2025-09-17 13:17:36,542] Trial 43 finished with value: 0.5 and parameters: {'num_leaves': 251, 'learning_rate': 0.10941707461196497, 'feature_fraction': 0.7442740291484932, 'bagging_fraction': 0.44421397514671707, 'bagging_freq': 1, 'min_child_samples': 38}. Best is trial 22 with value: 0.9490196078431372.
[I 2025-09-17 13:17:36,564] Trial 44 finished with value: 0.7411764705882353 and parameters: {'num_leaves': 110, 'learning_rate': 0.1262560319883481, 'feature_fraction': 0.5309642310696432, 'bagging_fraction': 0.7769902156211965, 'bagging_freq': 2, 'min_child_samples': 50}. Best is trial 22 with value: 0.9490196078431372.
[I 2025-09-17 13:17:36,599] Trial 45 finished with value: 0.9450980392156864 and parameters: {'num_leaves': 27, 'learning_rate': 0.19688430229097612, 'feature_fraction': 0.6192523391977743, 'bagging_fraction': 0.8637275808387255, 'bagging_freq': 1, 'min_child_samples': 23}. Best is trial 22 with value: 0.9490196078431372.
[I 2025-09-17 13:17:36,635] Trial 46 finished with value: 0.9019607843137255 and parameters: {'num_leaves': 27, 'learning_rate': 0.1971912687651402, 'feature_fraction': 0.623454654049001, 'bagging_fraction': 0.8977405068223026, 'bagging_freq': 2, 'min_child_samples': 21}. Best is trial 22 with value: 0.9490196078431372.
[I 2025-09-17 13:17:36,671] Trial 47 finished with value: 0.9019607843137255 and parameters: {'num_leaves': 69, 'learning_rate': 0.2346037194890487, 'feature_fraction': 0.6881265653540678, 'bagging_fraction': 0.8648220567390309, 'bagging_freq': 1, 'min_child_samples': 24}. Best is trial 22 with value: 0.9490196078431372.
[I 2025-09-17 13:17:36,764] Trial 48 finished with value: 0.9058823529411765 and parameters: {'num_leaves': 25, 'learning_rate': 0.16713264889934537, 'feature_fraction': 0.5921345449105434, 'bagging_fraction': 0.9431037619576277, 'bagging_freq': 7, 'min_child_samples': 7}. Best is trial 22 with value: 0.9490196078431372.
[I 2025-09-17 13:17:36,834] Trial 49 finished with value: 0.9333333333333333 and parameters: {'num_leaves': 39, 'learning_rate': 0.18690390854614777, 'feature_fraction': 0.46268921884191483, 'bagging_fraction': 0.6842713992441436, 'bagging_freq': 5, 'min_child_samples': 14}. Best is trial 22 with value: 0.9490196078431372.
[I 2025-09-17 13:17:37,186] A new study created in memory with name: no-name-27678559-b400-47bf-9010-bb013799f96b
[I 2025-09-17 13:17:37,210] Trial 0 finished with value: 0.9098039215686274 and parameters: {'num_leaves': 274, 'learning_rate': 0.044667566679949255, 'feature_fraction': 0.775527141926855, 'bagging_fraction': 0.8307996115042784, 'bagging_freq': 5, 'min_child_samples': 43}. Best is trial 0 with value: 0.9098039215686274.
[I 2025-09-17 13:17:37,214] Trial 1 finished with value: 0.5 and parameters: {'num_leaves': 183, 'learning_rate': 0.23263564537981465, 'feature_fraction': 0.4643155996595517, 'bagging_fraction': 0.989477454675503, 'bagging_freq': 1, 'min_child_samples': 89}. Best is trial 0 with value: 0.9098039215686274.
[I 2025-09-17 13:17:37,292] Trial 2 finished with value: 0.9686274509803922 and parameters: {'num_leaves': 87, 'learning_rate': 0.1860794573072732, 'feature_fraction': 0.826062135573323, 'bagging_fraction': 0.8365296456543366, 'bagging_freq': 4, 'min_child_samples': 7}. Best is trial 2 with value: 0.9686274509803922.
[I 2025-09-17 13:17:37,315] Trial 3 finished with value: 0.9529411764705882 and parameters: {'num_leaves': 267, 'learning_rate': 0.06465829444886875, 'feature_fraction': 0.716632528912853, 'bagging_fraction': 0.7573804297333211, 'bagging_freq': 1, 'min_child_samples': 37}. Best is trial 2 with value: 0.9686274509803922.
[I 2025-09-17 13:17:37,354] Trial 4 finished with value: 0.9764705882352942 and parameters: {'num_leaves': 202, 'learning_rate': 0.03401604956763957, 'feature_fraction': 0.562185674548866, 'bagging_fraction': 0.5504479518754066, 'bagging_freq': 7, 'min_child_samples': 17}. Best is trial 4 with value: 0.9764705882352942.
[I 2025-09-17 13:17:37,379] Trial 5 finished with value: 0.9803921568627452 and parameters: {'num_leaves': 44, 'learning_rate': 0.07908543589981035, 'feature_fraction': 0.7264132053905075, 'bagging_fraction': 0.4016685012300006, 'bagging_freq': 5, 'min_child_samples': 20}. Best is trial 5 with value: 0.9803921568627452.
[I 2025-09-17 13:17:37,388] Trial 6 finished with value: 0.5 and parameters: {'num_leaves': 13, 'learning_rate': 0.25745091608277526, 'feature_fraction': 0.4799164912111683, 'bagging_fraction': 0.6711818033415312, 'bagging_freq': 5, 'min_child_samples': 54}. Best is trial 5 with value: 0.9803921568627452.
[I 2025-09-17 13:17:37,552] Trial 7 finished with value: 0.9647058823529413 and parameters: {'num_leaves': 97, 'learning_rate': 0.0982482415322091, 'feature_fraction': 0.8411155063970266, 'bagging_fraction': 0.9312039782610669, 'bagging_freq': 1, 'min_child_samples': 5}. Best is trial 5 with value: 0.9803921568627452.
[I 2025-09-17 13:17:37,571] Trial 8 finished with value: 0.803921568627451 and parameters: {'num_leaves': 192, 'learning_rate': 0.11514558643129462, 'feature_fraction': 0.4215233288480269, 'bagging_fraction': 0.4499573556373341, 'bagging_freq': 5, 'min_child_samples': 32}. Best is trial 5 with value: 0.9803921568627452.
[I 2025-09-17 13:17:37,580] Trial 9 finished with value: 0.5 and parameters: {'num_leaves': 105, 'learning_rate': 0.22655818606142375, 'feature_fraction': 0.8964172824096582, 'bagging_fraction': 0.7570822633905665, 'bagging_freq': 4, 'min_child_samples': 68}. Best is trial 5 with value: 0.9803921568627452.
[I 2025-09-17 13:17:37,593] Trial 10 finished with value: 0.5 and parameters: {'num_leaves': 12, 'learning_rate': 0.1534268819476777, 'feature_fraction': 0.9743264155677122, 'bagging_fraction': 0.4096017639461503, 'bagging_freq': 7, 'min_child_samples': 99}. Best is trial 5 with value: 0.9803921568627452.
[I 2025-09-17 13:17:37,623] Trial 11 finished with value: 0.9529411764705883 and parameters: {'num_leaves': 223, 'learning_rate': 0.020823056549963713, 'feature_fraction': 0.6065926688948429, 'bagging_fraction': 0.5535826853612902, 'bagging_freq': 7, 'min_child_samples': 21}. Best is trial 5 with value: 0.9803921568627452.
[I 2025-09-17 13:17:37,648] Trial 12 finished with value: 0.9431372549019608 and parameters: {'num_leaves': 145, 'learning_rate': 0.012480104347609808, 'feature_fraction': 0.5961743209584214, 'bagging_fraction': 0.5593359769406279, 'bagging_freq': 6, 'min_child_samples': 22}. Best is trial 5 with value: 0.9803921568627452.
[I 2025-09-17 13:17:37,675] Trial 13 finished with value: 0.9725490196078431 and parameters: {'num_leaves': 62, 'learning_rate': 0.08505264111432372, 'feature_fraction': 0.5946640642258822, 'bagging_fraction': 0.5262983633339586, 'bagging_freq': 3, 'min_child_samples': 22}. Best is trial 5 with value: 0.9803921568627452.
[I 2025-09-17 13:17:37,687] Trial 14 finished with value: 0.5 and parameters: {'num_leaves': 147, 'learning_rate': 0.1410115301156195, 'feature_fraction': 0.6740271838339248, 'bagging_fraction': 0.48530604534364097, 'bagging_freq': 6, 'min_child_samples': 58}. Best is trial 5 with value: 0.9803921568627452.
[I 2025-09-17 13:17:37,734] Trial 15 finished with value: 1.0 and parameters: {'num_leaves': 229, 'learning_rate': 0.056341873673727866, 'feature_fraction': 0.5232750469317838, 'bagging_fraction': 0.6100329403805319, 'bagging_freq': 3, 'min_child_samples': 15}. Best is trial 15 with value: 1.0.
[I 2025-09-17 13:17:37,747] Trial 16 finished with value: 0.5 and parameters: {'num_leaves': 243, 'learning_rate': 0.29564382247291787, 'feature_fraction': 0.7152255478531111, 'bagging_fraction': 0.6470657211809886, 'bagging_freq': 3, 'min_child_samples': 69}. Best is trial 15 with value: 1.0.
[I 2025-09-17 13:17:37,772] Trial 17 finished with value: 0.9529411764705883 and parameters: {'num_leaves': 294, 'learning_rate': 0.07105859249102485, 'feature_fraction': 0.5098673889444097, 'bagging_fraction': 0.6424235827132587, 'bagging_freq': 3, 'min_child_samples': 32}. Best is trial 15 with value: 1.0.
Early stopping, best iteration is:
[42]	valid_0's binary_logloss: 0.397919
Training until validation scores don't improve for 50 rounds
Early stopping, best iteration is:
[42]	valid_0's binary_logloss: 0.358005
Training until validation scores don't improve for 50 rounds
Did not meet early stopping. Best iteration is:
[100]	valid_0's binary_logloss: 0.530652
Training until validation scores don't improve for 50 rounds
Did not meet early stopping. Best iteration is:
[62]	valid_0's binary_logloss: 0.41872
Training until validation scores don't improve for 50 rounds
Early stopping, best iteration is:
[1]	valid_0's binary_logloss: 0.691293
Training until validation scores don't improve for 50 rounds
Early stopping, best iteration is:
[41]	valid_0's binary_logloss: 0.354431
Training until validation scores don't improve for 50 rounds
Early stopping, best iteration is:
[1]	valid_0's binary_logloss: 0.691293
Training until validation scores don't improve for 50 rounds
Early stopping, best iteration is:
[22]	valid_0's binary_logloss: 0.423707
Training until validation scores don't improve for 50 rounds
Early stopping, best iteration is:
[2]	valid_0's binary_logloss: 0.691293
Training until validation scores don't improve for 50 rounds
Did not meet early stopping. Best iteration is:
[52]	valid_0's binary_logloss: 0.654369
Training until validation scores don't improve for 50 rounds
Early stopping, best iteration is:
[1]	valid_0's binary_logloss: 0.691293
Training until validation scores don't improve for 50 rounds
Early stopping, best iteration is:
[22]	valid_0's binary_logloss: 0.370796
Training until validation scores don't improve for 50 rounds
Did not meet early stopping. Best iteration is:
[89]	valid_0's binary_logloss: 0.311262
Training until validation scores don't improve for 50 rounds
Early stopping, best iteration is:
[42]	valid_0's binary_logloss: 0.352823
Training until validation scores don't improve for 50 rounds
Did not meet early stopping. Best iteration is:
[83]	valid_0's binary_logloss: 0.378404
Training until validation scores don't improve for 50 rounds
Did not meet early stopping. Best iteration is:
[69]	valid_0's binary_logloss: 0.334255
Training until validation scores don't improve for 50 rounds
Did not meet early stopping. Best iteration is:
[96]	valid_0's binary_logloss: 0.416669
Training until validation scores don't improve for 50 rounds
Early stopping, best iteration is:
[20]	valid_0's binary_logloss: 0.403246
Training until validation scores don't improve for 50 rounds
Early stopping, best iteration is:
[30]	valid_0's binary_logloss: 0.438716
Training until validation scores don't improve for 50 rounds
Did not meet early stopping. Best iteration is:
[55]	valid_0's binary_logloss: 0.341983
Training until validation scores don't improve for 50 rounds
Early stopping, best iteration is:
[1]	valid_0's binary_logloss: 0.691293
Training until validation scores don't improve for 50 rounds
Did not meet early stopping. Best iteration is:
[95]	valid_0's binary_logloss: 0.317609
Training until validation scores don't improve for 50 rounds
Did not meet early stopping. Best iteration is:
[91]	valid_0's binary_logloss: 0.385761
Training until validation scores don't improve for 50 rounds
Did not meet early stopping. Best iteration is:
[94]	valid_0's binary_logloss: 0.685897
Training until validation scores don't improve for 50 rounds
Did not meet early stopping. Best iteration is:
[68]	valid_0's binary_logloss: 0.344576
Training until validation scores don't improve for 50 rounds
Did not meet early stopping. Best iteration is:
[87]	valid_0's binary_logloss: 0.385197
Training until validation scores don't improve for 50 rounds
Early stopping, best iteration is:
[27]	valid_0's binary_logloss: 0.397336
Training until validation scores don't improve for 50 rounds
Early stopping, best iteration is:
[1]	valid_0's binary_logloss: 0.691293
Training until validation scores don't improve for 50 rounds
Early stopping, best iteration is:
[40]	valid_0's binary_logloss: 0.330622
Training until validation scores don't improve for 50 rounds
Early stopping, best iteration is:
[24]	valid_0's binary_logloss: 0.433161
Training until validation scores don't improve for 50 rounds
Early stopping, best iteration is:
[31]	valid_0's binary_logloss: 0.342316
Training until validation scores don't improve for 50 rounds
Did not meet early stopping. Best iteration is:
[100]	valid_0's binary_logloss: 0.350981
Training until validation scores don't improve for 50 rounds
Did not meet early stopping. Best iteration is:
[85]	valid_0's binary_logloss: 0.319294
Training until validation scores don't improve for 50 rounds
Early stopping, best iteration is:
[1]	valid_0's binary_logloss: 0.691293
Training until validation scores don't improve for 50 rounds
Did not meet early stopping. Best iteration is:
[85]	valid_0's binary_logloss: 0.597482
Training until validation scores don't improve for 50 rounds
Early stopping, best iteration is:
[34]	valid_0's binary_logloss: 0.284149
Training until validation scores don't improve for 50 rounds
Early stopping, best iteration is:
[21]	valid_0's binary_logloss: 0.370501
Training until validation scores don't improve for 50 rounds
Early stopping, best iteration is:
[34]	valid_0's binary_logloss: 0.343164
Training until validation scores don't improve for 50 rounds
Early stopping, best iteration is:
[9]	valid_0's binary_logloss: 0.407786
Training until validation scores don't improve for 50 rounds
Did not meet early stopping. Best iteration is:
[85]	valid_0's binary_logloss: 0.391781
Training until validation scores don't improve for 50 rounds
Did not meet early stopping. Best iteration is:
[99]	valid_0's binary_logloss: 0.431495
Training until validation scores don't improve for 50 rounds
Early stopping, best iteration is:
[1]	valid_0's binary_logloss: 0.691651
Training until validation scores don't improve for 50 rounds
Early stopping, best iteration is:
[20]	valid_0's binary_logloss: 0.215742
Training until validation scores don't improve for 50 rounds
Did not meet early stopping. Best iteration is:
[96]	valid_0's binary_logloss: 0.366742
Training until validation scores don't improve for 50 rounds
Did not meet early stopping. Best iteration is:
[100]	valid_0's binary_logloss: 0.356617
Training until validation scores don't improve for 50 rounds
Did not meet early stopping. Best iteration is:
[93]	valid_0's binary_logloss: 0.285067
Training until validation scores don't improve for 50 rounds
Early stopping, best iteration is:
[1]	valid_0's binary_logloss: 0.691651
Training until validation scores don't improve for 50 rounds
Early stopping, best iteration is:
[34]	valid_0's binary_logloss: 0.213047
Training until validation scores don't improve for 50 rounds
Did not meet early stopping. Best iteration is:
[85]	valid_0's binary_logloss: 0.528441
Training until validation scores don't improve for 50 rounds
Early stopping, best iteration is:
[1]	valid_0's binary_logloss: 0.691651
Training until validation scores don't improve for 50 rounds
Early stopping, best iteration is:
[1]	valid_0's binary_logloss: 0.691651
Training until validation scores don't improve for 50 rounds
Did not meet early stopping. Best iteration is:
[99]	valid_0's binary_logloss: 0.430844
Training until validation scores don't improve for 50 rounds
Did not meet early stopping. Best iteration is:
[100]	valid_0's binary_logloss: 0.503144
Training until validation scores don't improve for 50 rounds
Did not meet early stopping. Best iteration is:
[98]	valid_0's binary_logloss: 0.305882
Training until validation scores don't improve for 50 rounds
Early stopping, best iteration is:
[1]	valid_0's binary_logloss: 0.691651
Training until validation scores don't improve for 50 rounds
Did not meet early stopping. Best iteration is:
[96]	valid_0's binary_logloss: 0.224861
Training until validation scores don't improve for 50 rounds
Early stopping, best iteration is:
[1]	valid_0's binary_logloss: 0.691651
Training until validation scores don't improve for 50 rounds
Did not meet early stopping. Best iteration is:
[99]	valid_0's binary_logloss: 0.368975
[I 2025-09-17 13:17:37,786] Trial 18 finished with value: 0.5 and parameters: {'num_leaves': 57, 'learning_rate': 0.12325562715677067, 'feature_fraction': 0.6538277554458921, 'bagging_fraction': 0.6079956593020828, 'bagging_freq': 2, 'min_child_samples': 45}. Best is trial 15 with value: 1.0.
[I 2025-09-17 13:17:37,822] Trial 19 finished with value: 0.9921568627450981 and parameters: {'num_leaves': 163, 'learning_rate': 0.18973404685955558, 'feature_fraction': 0.7590042471927533, 'bagging_fraction': 0.4036672283064797, 'bagging_freq': 4, 'min_child_samples': 14}. Best is trial 15 with value: 1.0.
[I 2025-09-17 13:17:37,894] Trial 20 finished with value: 1.0 and parameters: {'num_leaves': 160, 'learning_rate': 0.19081020215821307, 'feature_fraction': 0.5278974158244556, 'bagging_fraction': 0.7197502749159442, 'bagging_freq': 2, 'min_child_samples': 12}. Best is trial 15 with value: 1.0.
[I 2025-09-17 13:17:37,960] Trial 21 finished with value: 0.9843137254901961 and parameters: {'num_leaves': 168, 'learning_rate': 0.18317752915690697, 'feature_fraction': 0.4056344282664285, 'bagging_fraction': 0.7246624325968637, 'bagging_freq': 2, 'min_child_samples': 13}. Best is trial 15 with value: 1.0.
[I 2025-09-17 13:17:37,990] Trial 22 finished with value: 0.9921568627450981 and parameters: {'num_leaves': 140, 'learning_rate': 0.18545720300814503, 'feature_fraction': 0.51670339403003, 'bagging_fraction': 0.7848739657470083, 'bagging_freq': 2, 'min_child_samples': 29}. Best is trial 15 with value: 1.0.
[I 2025-09-17 13:17:38,046] Trial 23 finished with value: 0.9764705882352941 and parameters: {'num_leaves': 122, 'learning_rate': 0.21367607010957695, 'feature_fraction': 0.5534036271393297, 'bagging_fraction': 0.6886876068250903, 'bagging_freq': 3, 'min_child_samples': 13}. Best is trial 15 with value: 1.0.
[I 2025-09-17 13:17:38,164] Trial 24 finished with value: 0.9686274509803923 and parameters: {'num_leaves': 217, 'learning_rate': 0.16622654863842407, 'feature_fraction': 0.7847995701282147, 'bagging_fraction': 0.6045607449325612, 'bagging_freq': 4, 'min_child_samples': 5}. Best is trial 15 with value: 1.0.
[I 2025-09-17 13:17:38,191] Trial 25 finished with value: 0.9529411764705883 and parameters: {'num_leaves': 166, 'learning_rate': 0.204836592625511, 'feature_fraction': 0.6400573808824424, 'bagging_fraction': 0.4713432531419588, 'bagging_freq': 2, 'min_child_samples': 29}. Best is trial 15 with value: 1.0.
[I 2025-09-17 13:17:38,266] Trial 26 finished with value: 1.0 and parameters: {'num_leaves': 246, 'learning_rate': 0.2522186532011493, 'feature_fraction': 0.45756103209371474, 'bagging_fraction': 0.8567596180400292, 'bagging_freq': 3, 'min_child_samples': 13}. Best is trial 15 with value: 1.0.
[I 2025-09-17 13:17:38,290] Trial 27 finished with value: 0.9490196078431372 and parameters: {'num_leaves': 244, 'learning_rate': 0.26067226749778627, 'feature_fraction': 0.43825778637579194, 'bagging_fraction': 0.8881903441728158, 'bagging_freq': 3, 'min_child_samples': 42}. Best is trial 15 with value: 1.0.
[I 2025-09-17 13:17:38,362] Trial 28 finished with value: 0.9843137254901961 and parameters: {'num_leaves': 230, 'learning_rate': 0.28653965198085085, 'feature_fraction': 0.5172579748868703, 'bagging_fraction': 0.8178332068067736, 'bagging_freq': 2, 'min_child_samples': 11}. Best is trial 15 with value: 1.0.
