[I 2025-09-17 13:17:40,833] Trial 24 finished with value: 0.9764705882352942 and parameters: {'num_leaves': 153, 'learning_rate': 0.2092558479742213, 'feature_fraction': 0.7310817597281647, 'bagging_fraction': 0.6821863872985019, 'bagging_freq': 6, 'min_child_samples': 15}. Best is trial 8 with value: 0.9803921568627452.
Training until validation scores don't improve for 50 rounds
Early stopping, best iteration is:
[1]	valid_0's binary_logloss: 0.691651
Training until validation scores don't improve for 50 rounds
Did not meet early stopping. Best iteration is:
[75]	valid_0's binary_logloss: 0.202724
Training until validation scores don't improve for 50 rounds
Did not meet early stopping. Best iteration is:
[77]	valid_0's binary_logloss: 0.0914799
Training until validation scores don't improve for 50 rounds
Did not meet early stopping. Best iteration is:
[64]	valid_0's binary_logloss: 0.161299
Training until validation scores don't improve for 50 rounds
Did not meet early stopping. Best iteration is:
[99]	valid_0's binary_logloss: 0.192346
Training until validation scores don't improve for 50 rounds
Early stopping, best iteration is:
[31]	valid_0's binary_logloss: 0.2056
Training until validation scores don't improve for 50 rounds
Early stopping, best iteration is:
[47]	valid_0's binary_logloss: 0.238462
Training until validation scores don't improve for 50 rounds
Did not meet early stopping. Best iteration is:
[97]	valid_0's binary_logloss: 0.312117
Training until validation scores don't improve for 50 rounds
Early stopping, best iteration is:
[50]	valid_0's binary_logloss: 0.121169
Training until validation scores don't improve for 50 rounds
Did not meet early stopping. Best iteration is:
[86]	valid_0's binary_logloss: 0.305901
Training until validation scores don't improve for 50 rounds
Early stopping, best iteration is:
[25]	valid_0's binary_logloss: 0.177438
Training until validation scores don't improve for 50 rounds
Did not meet early stopping. Best iteration is:
[87]	valid_0's binary_logloss: 0.383107
Training until validation scores don't improve for 50 rounds
Did not meet early stopping. Best iteration is:
[69]	valid_0's binary_logloss: 0.168157
Training until validation scores don't improve for 50 rounds
Did not meet early stopping. Best iteration is:
[64]	valid_0's binary_logloss: 0.140541
Training until validation scores don't improve for 50 rounds
Early stopping, best iteration is:
[33]	valid_0's binary_logloss: 0.160572
Training until validation scores don't improve for 50 rounds
Early stopping, best iteration is:
[43]	valid_0's binary_logloss: 0.154436
Training until validation scores don't improve for 50 rounds
Did not meet early stopping. Best iteration is:
[98]	valid_0's binary_logloss: 0.182213
Training until validation scores don't improve for 50 rounds
Early stopping, best iteration is:
[42]	valid_0's binary_logloss: 0.172623
Training until validation scores don't improve for 50 rounds
Did not meet early stopping. Best iteration is:
[99]	valid_0's binary_logloss: 0.210566
Training until validation scores don't improve for 50 rounds
Early stopping, best iteration is:
[34]	valid_0's binary_logloss: 0.14608
Training until validation scores don't improve for 50 rounds
Early stopping, best iteration is:
[20]	valid_0's binary_logloss: 0.261762
Training until validation scores don't improve for 50 rounds
Did not meet early stopping. Best iteration is:
[88]	valid_0's binary_logloss: 0.166709
Training until validation scores don't improve for 50 rounds
Did not meet early stopping. Best iteration is:
[96]	valid_0's binary_logloss: 0.168952
Training until validation scores don't improve for 50 rounds
Did not meet early stopping. Best iteration is:
[98]	valid_0's binary_logloss: 0.183756
Training until validation scores don't improve for 50 rounds
Did not meet early stopping. Best iteration is:
[100]	valid_0's binary_logloss: 0.200778
Training until validation scores don't improve for 50 rounds
Did not meet early stopping. Best iteration is:
[100]	valid_0's binary_logloss: 0.234174
Training until validation scores don't improve for 50 rounds
Did not meet early stopping. Best iteration is:
[100]	valid_0's binary_logloss: 0.174538
Training until validation scores don't improve for 50 rounds
Did not meet early stopping. Best iteration is:
[96]	valid_0's binary_logloss: 0.194921
Training until validation scores don't improve for 50 rounds
Early stopping, best iteration is:
[1]	valid_0's binary_logloss: 0.691651
Training until validation scores don't improve for 50 rounds
Did not meet early stopping. Best iteration is:
[100]	valid_0's binary_logloss: 0.190581
Training until validation scores don't improve for 50 rounds
Early stopping, best iteration is:
[1]	valid_0's binary_logloss: 0.691651
Training until validation scores don't improve for 50 rounds
Did not meet early stopping. Best iteration is:
[76]	valid_0's binary_logloss: 0.202705
Training until validation scores don't improve for 50 rounds
Early stopping, best iteration is:
[1]	valid_0's binary_logloss: 0.691651
Training until validation scores don't improve for 50 rounds
Early stopping, best iteration is:
[1]	valid_0's binary_logloss: 0.691651
Training until validation scores don't improve for 50 rounds
Early stopping, best iteration is:
[1]	valid_0's binary_logloss: 0.691651
Training until validation scores don't improve for 50 rounds
Early stopping, best iteration is:
[1]	valid_0's binary_logloss: 0.691651
Training until validation scores don't improve for 50 rounds
Early stopping, best iteration is:
[1]	valid_0's binary_logloss: 0.691651
Training until validation scores don't improve for 50 rounds
Did not meet early stopping. Best iteration is:
[98]	valid_0's binary_logloss: 0.380954
Training until validation scores don't improve for 50 rounds
Early stopping, best iteration is:
[39]	valid_0's binary_logloss: 0.301485
Training until validation scores don't improve for 50 rounds
Early stopping, best iteration is:
[1]	valid_0's binary_logloss: 0.691651
Training until validation scores don't improve for 50 rounds
Did not meet early stopping. Best iteration is:
[77]	valid_0's binary_logloss: 0.20647
Training until validation scores don't improve for 50 rounds
Early stopping, best iteration is:
[1]	valid_0's binary_logloss: 0.691651
Training until validation scores don't improve for 50 rounds
Early stopping, best iteration is:
[41]	valid_0's binary_logloss: 0.302582
Training until validation scores don't improve for 50 rounds
Did not meet early stopping. Best iteration is:
[100]	valid_0's binary_logloss: 0.30888
Training until validation scores don't improve for 50 rounds
Did not meet early stopping. Best iteration is:
[63]	valid_0's binary_logloss: 0.288789
Training until validation scores don't improve for 50 rounds
Did not meet early stopping. Best iteration is:
[54]	valid_0's binary_logloss: 0.333568
Training until validation scores don't improve for 50 rounds
Early stopping, best iteration is:
[26]	valid_0's binary_logloss: 0.24322
Training until validation scores don't improve for 50 rounds
Early stopping, best iteration is:
[1]	valid_0's binary_logloss: 0.691651
Training until validation scores don't improve for 50 rounds
Did not meet early stopping. Best iteration is:
[97]	valid_0's binary_logloss: 0.280652
Training until validation scores don't improve for 50 rounds
Early stopping, best iteration is:
[1]	valid_0's binary_logloss: 0.691651
Training until validation scores don't improve for 50 rounds
Early stopping, best iteration is:
[40]	valid_0's binary_logloss: 0.251765
Training until validation scores don't improve for 50 rounds
Did not meet early stopping. Best iteration is:
[67]	valid_0's binary_logloss: 0.194452
Training until validation scores don't improve for 50 rounds
Did not meet early stopping. Best iteration is:
[98]	valid_0's binary_logloss: 0.306954
Training until validation scores don't improve for 50 rounds
Did not meet early stopping. Best iteration is:
[100]	valid_0's binary_logloss: 0.264118
Training until validation scores don't improve for 50 rounds
Did not meet early stopping. Best iteration is:
[100]	valid_0's binary_logloss: 0.208024
Training until validation scores don't improve for 50 rounds
Did not meet early stopping. Best iteration is:
[92]	valid_0's binary_logloss: 0.306295
Training until validation scores don't improve for 50 rounds
Early stopping, best iteration is:
[41]	valid_0's binary_logloss: 0.219691
[I 2025-09-17 13:17:40,919] Trial 25 finished with value: 0.9882352941176471 and parameters: {'num_leaves': 141, 'learning_rate': 0.2125796630964803, 'feature_fraction': 0.7430414735545542, 'bagging_fraction': 0.9988493523531041, 'bagging_freq': 7, 'min_child_samples': 11}. Best is trial 25 with value: 0.9882352941176471.
[I 2025-09-17 13:17:40,952] Trial 26 finished with value: 0.9529411764705883 and parameters: {'num_leaves': 100, 'learning_rate': 0.24109542269478224, 'feature_fraction': 0.7443807376967131, 'bagging_fraction': 0.9757550481723536, 'bagging_freq': 7, 'min_child_samples': 31}. Best is trial 25 with value: 0.9882352941176471.
[I 2025-09-17 13:17:40,976] Trial 27 finished with value: 0.9333333333333333 and parameters: {'num_leaves': 138, 'learning_rate': 0.1755264328504036, 'feature_fraction': 0.9110650869327266, 'bagging_fraction': 0.9327540104781367, 'bagging_freq': 5, 'min_child_samples': 48}. Best is trial 25 with value: 0.9882352941176471.
[I 2025-09-17 13:17:41,056] Trial 28 finished with value: 0.9803921568627452 and parameters: {'num_leaves': 120, 'learning_rate': 0.20759592946320662, 'feature_fraction': 0.8509843029844202, 'bagging_fraction': 0.9325281614825713, 'bagging_freq': 7, 'min_child_samples': 11}. Best is trial 25 with value: 0.9882352941176471.
[I 2025-09-17 13:17:41,083] Trial 29 finished with value: 0.9019607843137255 and parameters: {'num_leaves': 91, 'learning_rate': 0.2940605392882669, 'feature_fraction': 0.9739040030447116, 'bagging_fraction': 0.8684843080542083, 'bagging_freq': 1, 'min_child_samples': 48}. Best is trial 25 with value: 0.9882352941176471.
[I 2025-09-17 13:17:41,137] Trial 30 finished with value: 0.9803921568627452 and parameters: {'num_leaves': 293, 'learning_rate': 0.27170023182879877, 'feature_fraction': 0.6939192356346695, 'bagging_fraction': 0.9735657045423616, 'bagging_freq': 3, 'min_child_samples': 20}. Best is trial 25 with value: 0.9882352941176471.
[I 2025-09-17 13:17:41,244] Trial 31 finished with value: 0.9803921568627452 and parameters: {'num_leaves': 125, 'learning_rate': 0.20044315466958512, 'feature_fraction': 0.8354105749055005, 'bagging_fraction': 0.9394998162549327, 'bagging_freq': 7, 'min_child_samples': 8}. Best is trial 25 with value: 0.9882352941176471.
[I 2025-09-17 13:17:41,307] Trial 32 finished with value: 0.9725490196078432 and parameters: {'num_leaves': 109, 'learning_rate': 0.15489440544163222, 'feature_fraction': 0.9382474562084948, 'bagging_fraction': 0.9044018476886382, 'bagging_freq': 7, 'min_child_samples': 13}. Best is trial 25 with value: 0.9882352941176471.
[I 2025-09-17 13:17:41,438] Trial 33 finished with value: 0.9647058823529412 and parameters: {'num_leaves': 171, 'learning_rate': 0.2185604991451761, 'feature_fraction': 0.7777089413679537, 'bagging_fraction': 0.8403628115152169, 'bagging_freq': 5, 'min_child_samples': 5}. Best is trial 25 with value: 0.9882352941176471.
[I 2025-09-17 13:17:41,448] Trial 34 finished with value: 0.5 and parameters: {'num_leaves': 120, 'learning_rate': 0.19129360545943838, 'feature_fraction': 0.8747215329515985, 'bagging_fraction': 0.9936440094748762, 'bagging_freq': 7, 'min_child_samples': 68}. Best is trial 25 with value: 0.9882352941176471.
[I 2025-09-17 13:17:41,514] Trial 35 finished with value: 0.9725490196078432 and parameters: {'num_leaves': 65, 'learning_rate': 0.24598824942411518, 'feature_fraction': 0.7736595755657678, 'bagging_fraction': 0.8975975509765912, 'bagging_freq': 6, 'min_child_samples': 13}. Best is trial 25 with value: 0.9882352941176471.
[I 2025-09-17 13:17:41,560] Trial 36 finished with value: 0.9843137254901961 and parameters: {'num_leaves': 44, 'learning_rate': 0.27958653531478406, 'feature_fraction': 0.8335896341512833, 'bagging_fraction': 0.9514861518693402, 'bagging_freq': 7, 'min_child_samples': 22}. Best is trial 25 with value: 0.9882352941176471.
[I 2025-09-17 13:17:41,601] Trial 37 finished with value: 0.9764705882352942 and parameters: {'num_leaves': 10, 'learning_rate': 0.2770311164147902, 'feature_fraction': 0.9054137918841301, 'bagging_fraction': 0.9979193155165674, 'bagging_freq': 6, 'min_child_samples': 24}. Best is trial 25 with value: 0.9882352941176471.
[I 2025-09-17 13:17:41,631] Trial 38 finished with value: 0.9764705882352942 and parameters: {'num_leaves': 38, 'learning_rate': 0.2841378147570668, 'feature_fraction': 0.6992853304106258, 'bagging_fraction': 0.9483095028696055, 'bagging_freq': 5, 'min_child_samples': 33}. Best is trial 25 with value: 0.9882352941176471.
[I 2025-09-17 13:17:41,654] Trial 39 finished with value: 0.9372549019607843 and parameters: {'num_leaves': 38, 'learning_rate': 0.23171560243637634, 'feature_fraction': 0.8190547485028344, 'bagging_fraction': 0.8924604460785418, 'bagging_freq': 7, 'min_child_samples': 43}. Best is trial 25 with value: 0.9882352941176471.
[I 2025-09-17 13:17:41,708] Trial 40 finished with value: 0.9764705882352942 and parameters: {'num_leaves': 225, 'learning_rate': 0.2552839017684388, 'feature_fraction': 0.6077116130005232, 'bagging_fraction': 0.8250440051565293, 'bagging_freq': 4, 'min_child_samples': 19}. Best is trial 25 with value: 0.9882352941176471.
[I 2025-09-17 13:17:41,791] Trial 41 finished with value: 0.9803921568627452 and parameters: {'num_leaves': 142, 'learning_rate': 0.2142162577325729, 'feature_fraction': 0.8468444416835263, 'bagging_fraction': 0.951247946134574, 'bagging_freq': 7, 'min_child_samples': 10}. Best is trial 25 with value: 0.9882352941176471.
[I 2025-09-17 13:17:41,877] Trial 42 finished with value: 0.9764705882352942 and parameters: {'num_leaves': 85, 'learning_rate': 0.16962979204219364, 'feature_fraction': 0.9474038567371585, 'bagging_fraction': 0.916938800787116, 'bagging_freq': 6, 'min_child_samples': 11}. Best is trial 25 with value: 0.9882352941176471.
[I 2025-09-17 13:17:41,906] Trial 43 finished with value: 0.9607843137254902 and parameters: {'num_leaves': 157, 'learning_rate': 0.24778709814271738, 'feature_fraction': 0.7583162702356678, 'bagging_fraction': 0.7517831003687103, 'bagging_freq': 7, 'min_child_samples': 27}. Best is trial 25 with value: 0.9882352941176471.
[I 2025-09-17 13:17:41,925] Trial 44 finished with value: 0.8058823529411765 and parameters: {'num_leaves': 244, 'learning_rate': 0.29578852268155953, 'feature_fraction': 0.789956609726404, 'bagging_fraction': 0.9535354085332685, 'bagging_freq': 7, 'min_child_samples': 56}. Best is trial 25 with value: 0.9882352941176471.
[I 2025-09-17 13:17:41,984] Trial 45 finished with value: 0.9882352941176471 and parameters: {'num_leaves': 184, 'learning_rate': 0.2377476643549845, 'feature_fraction': 0.8607300452174901, 'bagging_fraction': 0.8816865781311174, 'bagging_freq': 6, 'min_child_samples': 16}. Best is trial 25 with value: 0.9882352941176471.
[I 2025-09-17 13:17:42,043] Trial 46 finished with value: 0.9921568627450981 and parameters: {'num_leaves': 205, 'learning_rate': 0.23037064658685005, 'feature_fraction': 0.8159047981495932, 'bagging_fraction': 0.9649516241029158, 'bagging_freq': 4, 'min_child_samples': 17}. Best is trial 46 with value: 0.9921568627450981.
[I 2025-09-17 13:17:42,085] Trial 47 finished with value: 0.9686274509803923 and parameters: {'num_leaves': 278, 'learning_rate': 0.2296494985240691, 'feature_fraction': 0.8155848439821398, 'bagging_fraction': 0.5886457594303397, 'bagging_freq': 4, 'min_child_samples': 16}. Best is trial 46 with value: 0.9921568627450981.
[I 2025-09-17 13:17:42,099] Trial 48 finished with value: 0.5 and parameters: {'num_leaves': 206, 'learning_rate': 0.23728061526911692, 'feature_fraction': 0.8972544607184998, 'bagging_fraction': 0.8727567729674497, 'bagging_freq': 3, 'min_child_samples': 76}. Best is trial 46 with value: 0.9921568627450981.
[I 2025-09-17 13:17:42,139] Trial 49 finished with value: 0.9666666666666667 and parameters: {'num_leaves': 190, 'learning_rate': 0.13023724502563883, 'feature_fraction': 0.919081264666793, 'bagging_fraction': 0.6580674264132469, 'bagging_freq': 4, 'min_child_samples': 17}. Best is trial 46 with value: 0.9921568627450981.
[I 2025-09-17 13:17:42,480] A new study created in memory with name: no-name-121eb9ad-2502-4a10-8fe4-b5b4c2631073
[I 2025-09-17 13:17:42,491] Trial 0 finished with value: 0.5 and parameters: {'num_leaves': 72, 'learning_rate': 0.011915158722234804, 'feature_fraction': 0.8560084111345027, 'bagging_fraction': 0.7700962128489313, 'bagging_freq': 6, 'min_child_samples': 58}. Best is trial 0 with value: 0.5.
[I 2025-09-17 13:17:42,511] Trial 1 finished with value: 0.7619047619047619 and parameters: {'num_leaves': 252, 'learning_rate': 0.2747129774347513, 'feature_fraction': 0.9710495565416327, 'bagging_fraction': 0.6446359049238843, 'bagging_freq': 3, 'min_child_samples': 18}. Best is trial 1 with value: 0.7619047619047619.
[I 2025-09-17 13:17:42,518] Trial 2 finished with value: 0.5 and parameters: {'num_leaves': 255, 'learning_rate': 0.1391504538638682, 'feature_fraction': 0.5214090812327826, 'bagging_fraction': 0.5125558378813893, 'bagging_freq': 7, 'min_child_samples': 97}. Best is trial 1 with value: 0.7619047619047619.
[I 2025-09-17 13:17:42,529] Trial 3 finished with value: 0.5 and parameters: {'num_leaves': 102, 'learning_rate': 0.2585612840316922, 'feature_fraction': 0.8537701102148478, 'bagging_fraction': 0.5421448462399462, 'bagging_freq': 7, 'min_child_samples': 49}. Best is trial 1 with value: 0.7619047619047619.
[I 2025-09-17 13:17:42,545] Trial 4 finished with value: 0.7341269841269842 and parameters: {'num_leaves': 25, 'learning_rate': 0.10431128537325411, 'feature_fraction': 0.9671691177747577, 'bagging_fraction': 0.41619367286847253, 'bagging_freq': 7, 'min_child_samples': 26}. Best is trial 1 with value: 0.7619047619047619.
[I 2025-09-17 13:17:42,559] Trial 5 finished with value: 0.7996031746031745 and parameters: {'num_leaves': 266, 'learning_rate': 0.273461942310006, 'feature_fraction': 0.7600156861692062, 'bagging_fraction': 0.8463372793771695, 'bagging_freq': 5, 'min_child_samples': 51}. Best is trial 5 with value: 0.7996031746031745.
[I 2025-09-17 13:17:42,574] Trial 6 finished with value: 0.7341269841269842 and parameters: {'num_leaves': 30, 'learning_rate': 0.28554377382970275, 'feature_fraction': 0.9083939376965969, 'bagging_fraction': 0.5383098256725093, 'bagging_freq': 4, 'min_child_samples': 27}. Best is trial 5 with value: 0.7996031746031745.
[I 2025-09-17 13:17:42,606] Trial 7 finished with value: 0.7420634920634921 and parameters: {'num_leaves': 93, 'learning_rate': 0.26273971323747036, 'feature_fraction': 0.4414838021598646, 'bagging_fraction': 0.4062666631209217, 'bagging_freq': 3, 'min_child_samples': 17}. Best is trial 5 with value: 0.7996031746031745.
[I 2025-09-17 13:17:42,637] Trial 8 finished with value: 0.7222222222222222 and parameters: {'num_leaves': 82, 'learning_rate': 0.17530915864560515, 'feature_fraction': 0.6423311667117626, 'bagging_fraction': 0.8716701147847747, 'bagging_freq': 4, 'min_child_samples': 17}. Best is trial 5 with value: 0.7996031746031745.
[I 2025-09-17 13:17:42,668] Trial 9 finished with value: 0.7341269841269841 and parameters: {'num_leaves': 155, 'learning_rate': 0.04392911365870068, 'feature_fraction': 0.5355232152033402, 'bagging_fraction': 0.5319780382235894, 'bagging_freq': 1, 'min_child_samples': 27}. Best is trial 5 with value: 0.7996031746031745.
[I 2025-09-17 13:17:42,677] Trial 10 finished with value: 0.5 and parameters: {'num_leaves': 296, 'learning_rate': 0.21155820856284235, 'feature_fraction': 0.7374819993411982, 'bagging_fraction': 0.9756791812933376, 'bagging_freq': 5, 'min_child_samples': 72}. Best is trial 5 with value: 0.7996031746031745.
[I 2025-09-17 13:17:42,693] Trial 11 finished with value: 0.7222222222222222 and parameters: {'num_leaves': 232, 'learning_rate': 0.21455935755532418, 'feature_fraction': 0.7126994808727436, 'bagging_fraction': 0.7031371844319085, 'bagging_freq': 2, 'min_child_samples': 46}. Best is trial 5 with value: 0.7996031746031745.
[I 2025-09-17 13:17:42,776] Trial 12 finished with value: 0.6686507936507936 and parameters: {'num_leaves': 211, 'learning_rate': 0.29043525191170994, 'feature_fraction': 0.9838250660091317, 'bagging_fraction': 0.7985117856535731, 'bagging_freq': 3, 'min_child_samples': 5}. Best is trial 5 with value: 0.7996031746031745.
[I 2025-09-17 13:17:42,787] Trial 13 finished with value: 0.5 and parameters: {'num_leaves': 298, 'learning_rate': 0.22464054283303586, 'feature_fraction': 0.7919870309517497, 'bagging_fraction': 0.6545698311104063, 'bagging_freq': 5, 'min_child_samples': 76}. Best is trial 5 with value: 0.7996031746031745.
[I 2025-09-17 13:17:42,813] Trial 14 finished with value: 0.7579365079365079 and parameters: {'num_leaves': 187, 'learning_rate': 0.17748668775081378, 'feature_fraction': 0.6484657342589681, 'bagging_fraction': 0.9167368172002553, 'bagging_freq': 3, 'min_child_samples': 40}. Best is trial 5 with value: 0.7996031746031745.
[I 2025-09-17 13:17:42,824] Trial 15 finished with value: 0.5 and parameters: {'num_leaves': 259, 'learning_rate': 0.2478192605725494, 'feature_fraction': 0.8019271014490277, 'bagging_fraction': 0.6617070952816001, 'bagging_freq': 5, 'min_child_samples': 69}. Best is trial 5 with value: 0.7996031746031745.
