[I 2025-09-17 13:18:14,693] Trial 19 finished with value: 0.9008264462809918 and parameters: {'num_leaves': 238, 'learning_rate': 0.290857273577232, 'feature_fraction': 0.6151834938790494, 'bagging_fraction': 0.880462764422175, 'bagging_freq': 7, 'min_child_samples': 35}. Best is trial 7 with value: 0.9380165289256198.
[I 2025-09-17 13:18:14,705] Trial 20 finished with value: 0.5 and parameters: {'num_leaves': 161, 'learning_rate': 0.18999600253628413, 'feature_fraction': 0.7969409425462244, 'bagging_fraction': 0.7332657590572635, 'bagging_freq': 6, 'min_child_samples': 83}. Best is trial 7 with value: 0.9380165289256198.
[I 2025-09-17 13:18:14,737] Trial 21 finished with value: 0.9380165289256198 and parameters: {'num_leaves': 199, 'learning_rate': 0.24474288903287053, 'feature_fraction': 0.4840092150758817, 'bagging_fraction': 0.5745757810108072, 'bagging_freq': 2, 'min_child_samples': 20}. Best is trial 7 with value: 0.9380165289256198.
[I 2025-09-17 13:18:14,833] Trial 22 finished with value: 0.9504132231404958 and parameters: {'num_leaves': 191, 'learning_rate': 0.24724034857101793, 'feature_fraction': 0.5152603385807297, 'bagging_fraction': 0.6008653267799872, 'bagging_freq': 3, 'min_child_samples': 7}. Best is trial 22 with value: 0.9504132231404958.
[I 2025-09-17 13:18:14,931] Trial 23 finished with value: 0.8884297520661156 and parameters: {'num_leaves': 191, 'learning_rate': 0.24914113482156544, 'feature_fraction': 0.531174065461951, 'bagging_fraction': 0.5691119081529897, 'bagging_freq': 2, 'min_child_samples': 5}. Best is trial 22 with value: 0.9504132231404958.
[I 2025-09-17 13:18:14,967] Trial 24 finished with value: 0.9504132231404958 and parameters: {'num_leaves': 137, 'learning_rate': 0.26903020178950804, 'feature_fraction': 0.6077516932694619, 'bagging_fraction': 0.6186794760453118, 'bagging_freq': 2, 'min_child_samples': 21}. Best is trial 22 with value: 0.9504132231404958.
[I 2025-09-17 13:18:15,011] Trial 25 finished with value: 0.9132231404958677 and parameters: {'num_leaves': 99, 'learning_rate': 0.29943439780323367, 'feature_fraction': 0.6382451381783769, 'bagging_fraction': 0.5052450479498471, 'bagging_freq': 3, 'min_child_samples': 11}. Best is trial 22 with value: 0.9504132231404958.
[I 2025-09-17 13:18:15,035] Trial 26 finished with value: 0.8760330578512397 and parameters: {'num_leaves': 62, 'learning_rate': 0.26030799196022036, 'feature_fraction': 0.6999983300265705, 'bagging_fraction': 0.6422426927613689, 'bagging_freq': 3, 'min_child_samples': 37}. Best is trial 22 with value: 0.9504132231404958.
[I 2025-09-17 13:18:15,064] Trial 27 finished with value: 0.9132231404958678 and parameters: {'num_leaves': 153, 'learning_rate': 0.2719592187341862, 'feature_fraction': 0.5973107152958114, 'bagging_fraction': 0.616379679387956, 'bagging_freq': 2, 'min_child_samples': 25}. Best is trial 22 with value: 0.9504132231404958.
[I 2025-09-17 13:18:15,125] Trial 28 finished with value: 0.9338842975206612 and parameters: {'num_leaves': 134, 'learning_rate': 0.22750069537675988, 'feature_fraction': 0.6856174422867146, 'bagging_fraction': 0.7361109398138306, 'bagging_freq': 3, 'min_child_samples': 12}. Best is trial 22 with value: 0.9504132231404958.
[I 2025-09-17 13:18:15,137] Trial 29 finished with value: 0.5 and parameters: {'num_leaves': 167, 'learning_rate': 0.27726325891881254, 'feature_fraction': 0.7451343922606376, 'bagging_fraction': 0.5172425456775958, 'bagging_freq': 2, 'min_child_samples': 99}. Best is trial 22 with value: 0.9504132231404958.
[I 2025-09-17 13:18:15,160] Trial 30 finished with value: 0.9214876033057852 and parameters: {'num_leaves': 181, 'learning_rate': 0.14331664944973238, 'feature_fraction': 0.531852149668059, 'bagging_fraction': 0.6073034004632951, 'bagging_freq': 4, 'min_child_samples': 23}. Best is trial 22 with value: 0.9504132231404958.
[I 2025-09-17 13:18:15,207] Trial 31 finished with value: 0.9132231404958677 and parameters: {'num_leaves': 201, 'learning_rate': 0.23803888708333332, 'feature_fraction': 0.4623051901696843, 'bagging_fraction': 0.5629788843596222, 'bagging_freq': 2, 'min_child_samples': 16}. Best is trial 22 with value: 0.9504132231404958.
[I 2025-09-17 13:18:15,230] Trial 32 finished with value: 0.8925619834710743 and parameters: {'num_leaves': 221, 'learning_rate': 0.20091551379510003, 'feature_fraction': 0.513699500794537, 'bagging_fraction': 0.4759237789738979, 'bagging_freq': 2, 'min_child_samples': 20}. Best is trial 22 with value: 0.9504132231404958.
[I 2025-09-17 13:18:15,320] Trial 33 finished with value: 0.9049586776859504 and parameters: {'num_leaves': 104, 'learning_rate': 0.26883380919952743, 'feature_fraction': 0.5752327066917134, 'bagging_fraction': 0.6262331445382804, 'bagging_freq': 1, 'min_child_samples': 6}. Best is trial 22 with value: 0.9504132231404958.
[I 2025-09-17 13:18:15,351] Trial 34 finished with value: 0.8884297520661157 and parameters: {'num_leaves': 194, 'learning_rate': 0.23595811430416222, 'feature_fraction': 0.4581884638085542, 'bagging_fraction': 0.677410119989156, 'bagging_freq': 3, 'min_child_samples': 35}. Best is trial 22 with value: 0.9504132231404958.
[I 2025-09-17 13:18:15,385] Trial 35 finished with value: 0.9586776859504131 and parameters: {'num_leaves': 266, 'learning_rate': 0.2824656100762777, 'feature_fraction': 0.6140470748865616, 'bagging_fraction': 0.7028953854667581, 'bagging_freq': 2, 'min_child_samples': 23}. Best is trial 35 with value: 0.9586776859504131.
Did not meet early stopping. Best iteration is:
[100]	valid_0's binary_logloss: 0.413751
Training until validation scores don't improve for 50 rounds
Early stopping, best iteration is:
[9]	valid_0's binary_logloss: 0.627597
Training until validation scores don't improve for 50 rounds
Did not meet early stopping. Best iteration is:
[100]	valid_0's binary_logloss: 0.409264
Training until validation scores don't improve for 50 rounds
Did not meet early stopping. Best iteration is:
[100]	valid_0's binary_logloss: 0.422593
Training until validation scores don't improve for 50 rounds
Did not meet early stopping. Best iteration is:
[97]	valid_0's binary_logloss: 0.422702
Training until validation scores don't improve for 50 rounds
Early stopping, best iteration is:
[15]	valid_0's binary_logloss: 0.455739
Training until validation scores don't improve for 50 rounds
Early stopping, best iteration is:
[26]	valid_0's binary_logloss: 0.425414
Training until validation scores don't improve for 50 rounds
Did not meet early stopping. Best iteration is:
[100]	valid_0's binary_logloss: 0.485688
Training until validation scores don't improve for 50 rounds
Early stopping, best iteration is:
[17]	valid_0's binary_logloss: 0.412018
Training until validation scores don't improve for 50 rounds
Did not meet early stopping. Best iteration is:
[77]	valid_0's binary_logloss: 0.616688
Training until validation scores don't improve for 50 rounds
Early stopping, best iteration is:
[6]	valid_0's binary_logloss: 0.63665
Training until validation scores don't improve for 50 rounds
Early stopping, best iteration is:
[3]	valid_0's binary_logloss: 0.63665
Training until validation scores don't improve for 50 rounds
Did not meet early stopping. Best iteration is:
[97]	valid_0's binary_logloss: 0.426849
Training until validation scores don't improve for 50 rounds
Did not meet early stopping. Best iteration is:
[100]	valid_0's binary_logloss: 0.443969
Training until validation scores don't improve for 50 rounds
Early stopping, best iteration is:
[13]	valid_0's binary_logloss: 0.63665
Training until validation scores don't improve for 50 rounds
Did not meet early stopping. Best iteration is:
[100]	valid_0's binary_logloss: 0.378635
Training until validation scores don't improve for 50 rounds
Did not meet early stopping. Best iteration is:
[100]	valid_0's binary_logloss: 0.370363
Training until validation scores don't improve for 50 rounds
Did not meet early stopping. Best iteration is:
[91]	valid_0's binary_logloss: 0.409883
Training until validation scores don't improve for 50 rounds
Early stopping, best iteration is:
[48]	valid_0's binary_logloss: 0.461717
Training until validation scores don't improve for 50 rounds
Did not meet early stopping. Best iteration is:
[100]	valid_0's binary_logloss: 0.398737
Training until validation scores don't improve for 50 rounds
Did not meet early stopping. Best iteration is:
[55]	valid_0's binary_logloss: 0.414527
Training until validation scores don't improve for 50 rounds
Did not meet early stopping. Best iteration is:
[61]	valid_0's binary_logloss: 0.633387
Training until validation scores don't improve for 50 rounds
Early stopping, best iteration is:
[7]	valid_0's binary_logloss: 0.63665
Training until validation scores don't improve for 50 rounds
Did not meet early stopping. Best iteration is:
[74]	valid_0's binary_logloss: 0.345079
Training until validation scores don't improve for 50 rounds
Early stopping, best iteration is:
[3]	valid_0's binary_logloss: 0.63665
Training until validation scores don't improve for 50 rounds
Early stopping, best iteration is:
[10]	valid_0's binary_logloss: 0.63665
Training until validation scores don't improve for 50 rounds
Did not meet early stopping. Best iteration is:
[100]	valid_0's binary_logloss: 0.415773
Training until validation scores don't improve for 50 rounds
Did not meet early stopping. Best iteration is:
[55]	valid_0's binary_logloss: 0.633573
Training until validation scores don't improve for 50 rounds
Did not meet early stopping. Best iteration is:
[96]	valid_0's binary_logloss: 0.522085
Training until validation scores don't improve for 50 rounds
Early stopping, best iteration is:
[48]	valid_0's binary_logloss: 0.327988
Training until validation scores don't improve for 50 rounds
Early stopping, best iteration is:
[28]	valid_0's binary_logloss: 0.63665
Training until validation scores don't improve for 50 rounds
Early stopping, best iteration is:
[32]	valid_0's binary_logloss: 0.347278
Training until validation scores don't improve for 50 rounds
Early stopping, best iteration is:
[5]	valid_0's binary_logloss: 0.63665
Training until validation scores don't improve for 50 rounds
Early stopping, best iteration is:
[20]	valid_0's binary_logloss: 0.391893
Training until validation scores don't improve for 50 rounds
Did not meet early stopping. Best iteration is:
[57]	valid_0's binary_logloss: 0.390785
Training until validation scores don't improve for 50 rounds
Did not meet early stopping. Best iteration is:
[52]	valid_0's binary_logloss: 0.325214
Training until validation scores don't improve for 50 rounds
Early stopping, best iteration is:
[2]	valid_0's binary_logloss: 0.63665
Training until validation scores don't improve for 50 rounds
Early stopping, best iteration is:
[10]	valid_0's binary_logloss: 0.38127
Training until validation scores don't improve for 50 rounds
Did not meet early stopping. Best iteration is:
[90]	valid_0's binary_logloss: 0.338702
Training until validation scores don't improve for 50 rounds
Did not meet early stopping. Best iteration is:
[65]	valid_0's binary_logloss: 0.542718
Training until validation scores don't improve for 50 rounds
Did not meet early stopping. Best iteration is:
[75]	valid_0's binary_logloss: 0.319676
Training until validation scores don't improve for 50 rounds
Early stopping, best iteration is:
[14]	valid_0's binary_logloss: 0.378742
Training until validation scores don't improve for 50 rounds
Early stopping, best iteration is:
[6]	valid_0's binary_logloss: 0.63665
Training until validation scores don't improve for 50 rounds
Did not meet early stopping. Best iteration is:
[67]	valid_0's binary_logloss: 0.306493
Training until validation scores don't improve for 50 rounds
Early stopping, best iteration is:
[37]	valid_0's binary_logloss: 0.299987
Training until validation scores don't improve for 50 rounds
Early stopping, best iteration is:
[16]	valid_0's binary_logloss: 0.439973
Training until validation scores don't improve for 50 rounds
Did not meet early stopping. Best iteration is:
[70]	valid_0's binary_logloss: 0.280081
Training until validation scores don't improve for 50 rounds
Early stopping, best iteration is:
[17]	valid_0's binary_logloss: 0.378571
Training until validation scores don't improve for 50 rounds
Early stopping, best iteration is:
[34]	valid_0's binary_logloss: 0.409608
Training until validation scores don't improve for 50 rounds
Did not meet early stopping. Best iteration is:
[74]	valid_0's binary_logloss: 0.346548
Training until validation scores don't improve for 50 rounds
Early stopping, best iteration is:
[35]	valid_0's binary_logloss: 0.345706
Training until validation scores don't improve for 50 rounds
Early stopping, best iteration is:
[1]	valid_0's binary_logloss: 0.63665
Training until validation scores don't improve for 50 rounds
Early stopping, best iteration is:
[28]	valid_0's binary_logloss: 0.37492
Training until validation scores don't improve for 50 rounds
Early stopping, best iteration is:
[45]	valid_0's binary_logloss: 0.349528
Training until validation scores don't improve for 50 rounds
Early stopping, best iteration is:
[25]	valid_0's binary_logloss: 0.367652
Training until validation scores don't improve for 50 rounds
Early stopping, best iteration is:
[17]	valid_0's binary_logloss: 0.391037
Training until validation scores don't improve for 50 rounds
Did not meet early stopping. Best iteration is:
[100]	valid_0's binary_logloss: 0.402269
Training until validation scores don't improve for 50 rounds
Did not meet early stopping. Best iteration is:
[68]	valid_0's binary_logloss: 0.284412
[I 2025-09-17 13:18:15,398] Trial 36 finished with value: 0.5 and parameters: {'num_leaves': 259, 'learning_rate': 0.2879264902718742, 'feature_fraction': 0.789446900273627, 'bagging_fraction': 0.7093024912841406, 'bagging_freq': 4, 'min_child_samples': 54}. Best is trial 35 with value: 0.9586776859504131.
[I 2025-09-17 13:18:15,432] Trial 37 finished with value: 0.9297520661157024 and parameters: {'num_leaves': 272, 'learning_rate': 0.25713168555398963, 'feature_fraction': 0.6234625429964612, 'bagging_fraction': 0.6621088035161978, 'bagging_freq': 3, 'min_child_samples': 26}. Best is trial 35 with value: 0.9586776859504131.
[I 2025-09-17 13:18:15,460] Trial 38 finished with value: 0.8801652892561984 and parameters: {'num_leaves': 228, 'learning_rate': 0.07715654623340179, 'feature_fraction': 0.6684651737043631, 'bagging_fraction': 0.8551638750495241, 'bagging_freq': 1, 'min_child_samples': 41}. Best is trial 35 with value: 0.9586776859504131.
[I 2025-09-17 13:18:15,473] Trial 39 finished with value: 0.5 and parameters: {'num_leaves': 221, 'learning_rate': 0.29658551468275685, 'feature_fraction': 0.5991111393884941, 'bagging_fraction': 0.5981283691780793, 'bagging_freq': 2, 'min_child_samples': 48}. Best is trial 35 with value: 0.9586776859504131.
[I 2025-09-17 13:18:15,496] Trial 40 finished with value: 0.8636363636363636 and parameters: {'num_leaves': 294, 'learning_rate': 0.26691918451806884, 'feature_fraction': 0.7167625179568573, 'bagging_fraction': 0.7576839710321637, 'bagging_freq': 4, 'min_child_samples': 38}. Best is trial 35 with value: 0.9586776859504131.
[I 2025-09-17 13:18:15,530] Trial 41 finished with value: 0.9049586776859504 and parameters: {'num_leaves': 186, 'learning_rate': 0.2412957570332943, 'feature_fraction': 0.44126660756036085, 'bagging_fraction': 0.5626862806293739, 'bagging_freq': 2, 'min_child_samples': 22}. Best is trial 35 with value: 0.9586776859504131.
[I 2025-09-17 13:18:15,589] Trial 42 finished with value: 0.9132231404958677 and parameters: {'num_leaves': 210, 'learning_rate': 0.28192097832667384, 'feature_fraction': 0.5610100799381056, 'bagging_fraction': 0.5887711199803527, 'bagging_freq': 2, 'min_child_samples': 10}. Best is trial 35 with value: 0.9586776859504131.
[I 2025-09-17 13:18:15,625] Trial 43 finished with value: 0.859504132231405 and parameters: {'num_leaves': 153, 'learning_rate': 0.20744924770072384, 'feature_fraction': 0.512855755908853, 'bagging_fraction': 0.47460203533218004, 'bagging_freq': 1, 'min_child_samples': 16}. Best is trial 35 with value: 0.9586776859504131.
[I 2025-09-17 13:18:15,645] Trial 44 finished with value: 0.884297520661157 and parameters: {'num_leaves': 175, 'learning_rate': 0.25570773564165955, 'feature_fraction': 0.5562157782575372, 'bagging_fraction': 0.542486446778007, 'bagging_freq': 3, 'min_child_samples': 28}. Best is trial 35 with value: 0.9586776859504131.
[I 2025-09-17 13:18:15,682] Trial 45 finished with value: 0.9380165289256199 and parameters: {'num_leaves': 262, 'learning_rate': 0.2176267310422962, 'feature_fraction': 0.6276787266629779, 'bagging_fraction': 0.6457591659312596, 'bagging_freq': 2, 'min_child_samples': 21}. Best is trial 35 with value: 0.9586776859504131.
[I 2025-09-17 13:18:15,707] Trial 46 finished with value: 0.8801652892561983 and parameters: {'num_leaves': 265, 'learning_rate': 0.22687751225835562, 'feature_fraction': 0.6272972497553206, 'bagging_fraction': 0.6888403735407922, 'bagging_freq': 3, 'min_child_samples': 33}. Best is trial 35 with value: 0.9586776859504131.
[I 2025-09-17 13:18:15,779] Trial 47 finished with value: 0.9256198347107438 and parameters: {'num_leaves': 284, 'learning_rate': 0.010674918641092546, 'feature_fraction': 0.7188673215884734, 'bagging_fraction': 0.6353566638898595, 'bagging_freq': 1, 'min_child_samples': 9}. Best is trial 35 with value: 0.9586776859504131.
[I 2025-09-17 13:18:15,814] Trial 48 finished with value: 0.9297520661157024 and parameters: {'num_leaves': 253, 'learning_rate': 0.19904145556628589, 'feature_fraction': 0.5802747580786057, 'bagging_fraction': 0.6522362040611434, 'bagging_freq': 7, 'min_child_samples': 15}. Best is trial 35 with value: 0.9586776859504131.
[I 2025-09-17 13:18:15,829] Trial 49 finished with value: 0.5 and parameters: {'num_leaves': 236, 'learning_rate': 0.16160918868803947, 'feature_fraction': 0.6045708597770523, 'bagging_fraction': 0.7142767138598168, 'bagging_freq': 5, 'min_child_samples': 55}. Best is trial 35 with value: 0.9586776859504131.
[I 2025-09-17 13:18:16,040] A new study created in memory with name: no-name-0ce75e34-a155-44f9-98af-6a112157efac
[I 2025-09-17 13:18:16,047] Trial 0 finished with value: 0.5 and parameters: {'num_leaves': 33, 'learning_rate': 0.09575973942635894, 'feature_fraction': 0.9018090538480037, 'bagging_fraction': 0.6893023980419064, 'bagging_freq': 1, 'min_child_samples': 92}. Best is trial 0 with value: 0.5.
[I 2025-09-17 13:18:16,068] Trial 1 finished with value: 0.780952380952381 and parameters: {'num_leaves': 24, 'learning_rate': 0.14245809908267693, 'feature_fraction': 0.770919499322652, 'bagging_fraction': 0.9669945119114072, 'bagging_freq': 1, 'min_child_samples': 37}. Best is trial 1 with value: 0.780952380952381.
[I 2025-09-17 13:18:16,080] Trial 2 finished with value: 0.7023809523809523 and parameters: {'num_leaves': 115, 'learning_rate': 0.1140477569512154, 'feature_fraction': 0.40534891900450587, 'bagging_fraction': 0.9919309051079032, 'bagging_freq': 1, 'min_child_samples': 47}. Best is trial 1 with value: 0.780952380952381.
[I 2025-09-17 13:18:16,088] Trial 3 finished with value: 0.5 and parameters: {'num_leaves': 140, 'learning_rate': 0.1772781076605927, 'feature_fraction': 0.43307740017175445, 'bagging_fraction': 0.7716671318457227, 'bagging_freq': 4, 'min_child_samples': 77}. Best is trial 1 with value: 0.780952380952381.
[I 2025-09-17 13:18:16,121] Trial 4 finished with value: 0.8714285714285716 and parameters: {'num_leaves': 56, 'learning_rate': 0.11604647280539383, 'feature_fraction': 0.9175156146551149, 'bagging_fraction': 0.9101095701553958, 'bagging_freq': 2, 'min_child_samples': 23}. Best is trial 4 with value: 0.8714285714285716.
[I 2025-09-17 13:18:16,134] Trial 5 finished with value: 0.65 and parameters: {'num_leaves': 24, 'learning_rate': 0.22413852517905977, 'feature_fraction': 0.6107894705092753, 'bagging_fraction': 0.5859579273356832, 'bagging_freq': 6, 'min_child_samples': 40}. Best is trial 4 with value: 0.8714285714285716.
[I 2025-09-17 13:18:16,142] Trial 6 finished with value: 0.5 and parameters: {'num_leaves': 96, 'learning_rate': 0.12606400059502607, 'feature_fraction': 0.7034514222687145, 'bagging_fraction': 0.43020552041827725, 'bagging_freq': 1, 'min_child_samples': 44}. Best is trial 4 with value: 0.8714285714285716.
[I 2025-09-17 13:18:16,153] Trial 7 finished with value: 0.5 and parameters: {'num_leaves': 207, 'learning_rate': 0.04837970719571209, 'feature_fraction': 0.5315278370101074, 'bagging_fraction': 0.6363822215984537, 'bagging_freq': 2, 'min_child_samples': 52}. Best is trial 4 with value: 0.8714285714285716.
[I 2025-09-17 13:18:16,165] Trial 8 finished with value: 0.5 and parameters: {'num_leaves': 143, 'learning_rate': 0.16413604974460352, 'feature_fraction': 0.5901953731155104, 'bagging_fraction': 0.8403070790087759, 'bagging_freq': 5, 'min_child_samples': 89}. Best is trial 4 with value: 0.8714285714285716.
[I 2025-09-17 13:18:16,173] Trial 9 finished with value: 0.5 and parameters: {'num_leaves': 102, 'learning_rate': 0.18024384137929272, 'feature_fraction': 0.7871269896427074, 'bagging_fraction': 0.8010245092494552, 'bagging_freq': 5, 'min_child_samples': 83}. Best is trial 4 with value: 0.8714285714285716.
[I 2025-09-17 13:18:16,237] Trial 10 finished with value: 0.9095238095238096 and parameters: {'num_leaves': 264, 'learning_rate': 0.2799242171209477, 'feature_fraction': 0.9963657739071706, 'bagging_fraction': 0.8922945530238634, 'bagging_freq': 3, 'min_child_samples': 8}. Best is trial 10 with value: 0.9095238095238096.
