[I 2025-09-17 13:17:20,023] Trial 35 finished with value: 0.6466165413533835 and parameters: {'num_leaves': 197, 'learning_rate': 0.06840263965673642, 'feature_fraction': 0.9971761692576524, 'bagging_fraction': 0.8260280958092845, 'bagging_freq': 4, 'min_child_samples': 31}. Best is trial 22 with value: 0.8458646616541353.
[I 2025-09-17 13:17:20,063] Trial 36 finished with value: 0.793233082706767 and parameters: {'num_leaves': 154, 'learning_rate': 0.1389255389032817, 'feature_fraction': 0.7382833212289737, 'bagging_fraction': 0.9736392491801923, 'bagging_freq': 3, 'min_child_samples': 20}. Best is trial 22 with value: 0.8458646616541353.
[I 2025-09-17 13:17:20,197] Trial 37 finished with value: 0.849624060150376 and parameters: {'num_leaves': 234, 'learning_rate': 0.11048326453783555, 'feature_fraction': 0.6101071774025013, 'bagging_fraction': 0.7703467329012279, 'bagging_freq': 2, 'min_child_samples': 5}. Best is trial 37 with value: 0.849624060150376.
[I 2025-09-17 13:17:20,222] Trial 38 finished with value: 0.7255639097744361 and parameters: {'num_leaves': 255, 'learning_rate': 0.16072490767801398, 'feature_fraction': 0.8173352451082216, 'bagging_fraction': 0.7752422174124832, 'bagging_freq': 7, 'min_child_samples': 48}. Best is trial 37 with value: 0.849624060150376.
[I 2025-09-17 13:17:20,247] Trial 39 finished with value: 0.6541353383458647 and parameters: {'num_leaves': 232, 'learning_rate': 0.11207119819736769, 'feature_fraction': 0.5686129734947619, 'bagging_fraction': 0.6611723063455097, 'bagging_freq': 1, 'min_child_samples': 36}. Best is trial 37 with value: 0.849624060150376.
[I 2025-09-17 13:17:20,268] Trial 40 finished with value: 0.5 and parameters: {'num_leaves': 261, 'learning_rate': 0.07889606797929055, 'feature_fraction': 0.40712403576772405, 'bagging_fraction': 0.4318246442812901, 'bagging_freq': 2, 'min_child_samples': 54}. Best is trial 37 with value: 0.849624060150376.
[I 2025-09-17 13:17:20,397] Trial 41 finished with value: 0.7744360902255639 and parameters: {'num_leaves': 234, 'learning_rate': 0.09275651832372316, 'feature_fraction': 0.6045110319979228, 'bagging_fraction': 0.9350717103265744, 'bagging_freq': 2, 'min_child_samples': 6}. Best is trial 37 with value: 0.849624060150376.
[I 2025-09-17 13:17:20,550] Trial 42 finished with value: 0.7744360902255639 and parameters: {'num_leaves': 208, 'learning_rate': 0.0508592443755828, 'feature_fraction': 0.6606242976902491, 'bagging_fraction': 0.8504713184779862, 'bagging_freq': 3, 'min_child_samples': 5}. Best is trial 37 with value: 0.849624060150376.
[I 2025-09-17 13:17:20,621] Trial 43 finished with value: 0.7330827067669173 and parameters: {'num_leaves': 54, 'learning_rate': 0.028909386895738395, 'feature_fraction': 0.6884223745396513, 'bagging_fraction': 0.9628504087819909, 'bagging_freq': 2, 'min_child_samples': 14}. Best is trial 37 with value: 0.849624060150376.
[I 2025-09-17 13:17:20,693] Trial 44 finished with value: 0.8045112781954887 and parameters: {'num_leaves': 180, 'learning_rate': 0.0710827550283202, 'feature_fraction': 0.607908793274536, 'bagging_fraction': 0.7406735129064563, 'bagging_freq': 2, 'min_child_samples': 9}. Best is trial 37 with value: 0.849624060150376.
[I 2025-09-17 13:17:20,756] Trial 45 finished with value: 0.7669172932330827 and parameters: {'num_leaves': 277, 'learning_rate': 0.09708421152736232, 'feature_fraction': 0.531431407917668, 'bagging_fraction': 0.99863351695917, 'bagging_freq': 3, 'min_child_samples': 22}. Best is trial 37 with value: 0.849624060150376.
[I 2025-09-17 13:17:20,810] Trial 46 finished with value: 0.7518796992481203 and parameters: {'num_leaves': 155, 'learning_rate': 0.1359816308600193, 'feature_fraction': 0.4941822933768859, 'bagging_fraction': 0.8966231720037544, 'bagging_freq': 1, 'min_child_samples': 16}. Best is trial 37 with value: 0.849624060150376.
[I 2025-09-17 13:17:20,889] Trial 47 finished with value: 0.830827067669173 and parameters: {'num_leaves': 292, 'learning_rate': 0.11756366364258129, 'feature_fraction': 0.753495989160044, 'bagging_fraction': 0.8033794929059938, 'bagging_freq': 2, 'min_child_samples': 9}. Best is trial 37 with value: 0.849624060150376.
[I 2025-09-17 13:17:20,902] Trial 48 finished with value: 0.5 and parameters: {'num_leaves': 298, 'learning_rate': 0.18602050682732327, 'feature_fraction': 0.8916589677516601, 'bagging_fraction': 0.7908076815735706, 'bagging_freq': 3, 'min_child_samples': 85}. Best is trial 37 with value: 0.849624060150376.
[I 2025-09-17 13:17:20,957] Trial 49 finished with value: 0.7969924812030076 and parameters: {'num_leaves': 288, 'learning_rate': 0.1692683511239968, 'feature_fraction': 0.7433734079262391, 'bagging_fraction': 0.7984410487385093, 'bagging_freq': 1, 'min_child_samples': 10}. Best is trial 37 with value: 0.849624060150376.
[I 2025-09-17 13:17:21,504] A new study created in memory with name: no-name-a20b5530-b3af-4a34-a182-e39a9ac21e5f
[I 2025-09-17 13:17:21,526] Trial 0 finished with value: 0.7819548872180451 and parameters: {'num_leaves': 262, 'learning_rate': 0.17310200861431216, 'feature_fraction': 0.9471413719759565, 'bagging_fraction': 0.4455302147013779, 'bagging_freq': 3, 'min_child_samples': 28}. Best is trial 0 with value: 0.7819548872180451.
[I 2025-09-17 13:17:21,547] Trial 1 finished with value: 0.7669172932330827 and parameters: {'num_leaves': 148, 'learning_rate': 0.24951938210552863, 'feature_fraction': 0.7295007579420336, 'bagging_fraction': 0.5687812446663119, 'bagging_freq': 2, 'min_child_samples': 22}. Best is trial 0 with value: 0.7819548872180451.
[I 2025-09-17 13:17:21,602] Trial 2 finished with value: 0.8834586466165414 and parameters: {'num_leaves': 185, 'learning_rate': 0.29535115270488443, 'feature_fraction': 0.7271709205375037, 'bagging_fraction': 0.652415302399886, 'bagging_freq': 6, 'min_child_samples': 6}. Best is trial 2 with value: 0.8834586466165414.
[I 2025-09-17 13:17:21,611] Trial 3 finished with value: 0.5 and parameters: {'num_leaves': 101, 'learning_rate': 0.28943733338475064, 'feature_fraction': 0.8562026892807953, 'bagging_fraction': 0.7995541326562854, 'bagging_freq': 7, 'min_child_samples': 60}. Best is trial 2 with value: 0.8834586466165414.
[I 2025-09-17 13:17:21,621] Trial 4 finished with value: 0.5 and parameters: {'num_leaves': 78, 'learning_rate': 0.18000133927377354, 'feature_fraction': 0.8876295555231273, 'bagging_fraction': 0.6293700809165341, 'bagging_freq': 4, 'min_child_samples': 55}. Best is trial 2 with value: 0.8834586466165414.
[I 2025-09-17 13:17:21,662] Trial 5 finished with value: 0.8796992481203008 and parameters: {'num_leaves': 180, 'learning_rate': 0.24265360450221188, 'feature_fraction': 0.6824101047067097, 'bagging_fraction': 0.7478552400255294, 'bagging_freq': 7, 'min_child_samples': 16}. Best is trial 2 with value: 0.8834586466165414.
[I 2025-09-17 13:17:21,670] Trial 6 finished with value: 0.5 and parameters: {'num_leaves': 55, 'learning_rate': 0.268022441124686, 'feature_fraction': 0.7249318325023726, 'bagging_fraction': 0.6357125713911536, 'bagging_freq': 4, 'min_child_samples': 95}. Best is trial 2 with value: 0.8834586466165414.
[I 2025-09-17 13:17:21,680] Trial 7 finished with value: 0.5 and parameters: {'num_leaves': 148, 'learning_rate': 0.061518264372646056, 'feature_fraction': 0.7886031143121457, 'bagging_fraction': 0.7741733666879884, 'bagging_freq': 2, 'min_child_samples': 77}. Best is trial 2 with value: 0.8834586466165414.
[I 2025-09-17 13:17:21,689] Trial 8 finished with value: 0.5 and parameters: {'num_leaves': 272, 'learning_rate': 0.08875984750549104, 'feature_fraction': 0.8483094369491448, 'bagging_fraction': 0.45666945076561455, 'bagging_freq': 5, 'min_child_samples': 76}. Best is trial 2 with value: 0.8834586466165414.
[I 2025-09-17 13:17:21,693] Trial 9 finished with value: 0.5 and parameters: {'num_leaves': 164, 'learning_rate': 0.03421064229784983, 'feature_fraction': 0.8980010073498943, 'bagging_fraction': 0.9840741871069543, 'bagging_freq': 2, 'min_child_samples': 81}. Best is trial 2 with value: 0.8834586466165414.
[I 2025-09-17 13:17:21,866] Trial 10 finished with value: 0.8609022556390978 and parameters: {'num_leaves': 218, 'learning_rate': 0.12860403467662035, 'feature_fraction': 0.5384700903934703, 'bagging_fraction': 0.9048206234745962, 'bagging_freq': 6, 'min_child_samples': 6}. Best is trial 2 with value: 0.8834586466165414.
[I 2025-09-17 13:17:21,951] Trial 11 finished with value: 0.8082706766917294 and parameters: {'num_leaves': 204, 'learning_rate': 0.23585250408272893, 'feature_fraction': 0.5809723450738076, 'bagging_fraction': 0.7673529891957068, 'bagging_freq': 7, 'min_child_samples': 7}. Best is trial 2 with value: 0.8834586466165414.
[I 2025-09-17 13:17:21,976] Trial 12 finished with value: 0.755639097744361 and parameters: {'num_leaves': 13, 'learning_rate': 0.223370352943276, 'feature_fraction': 0.6515522417548406, 'bagging_fraction': 0.7094965470221981, 'bagging_freq': 6, 'min_child_samples': 31}. Best is trial 2 with value: 0.8834586466165414.
[I 2025-09-17 13:17:22,000] Trial 13 finished with value: 0.6729323308270677 and parameters: {'num_leaves': 202, 'learning_rate': 0.29490926712412535, 'feature_fraction': 0.47720053299491283, 'bagging_fraction': 0.5395182658322715, 'bagging_freq': 6, 'min_child_samples': 38}. Best is trial 2 with value: 0.8834586466165414.
[I 2025-09-17 13:17:22,044] Trial 14 finished with value: 0.8082706766917294 and parameters: {'num_leaves': 239, 'learning_rate': 0.21163616835953547, 'feature_fraction': 0.6020820046849988, 'bagging_fraction': 0.834057739118363, 'bagging_freq': 7, 'min_child_samples': 17}. Best is trial 2 with value: 0.8834586466165414.
[I 2025-09-17 13:17:22,067] Trial 15 finished with value: 0.7781954887218046 and parameters: {'num_leaves': 118, 'learning_rate': 0.13486778229591007, 'feature_fraction': 0.6609241188471656, 'bagging_fraction': 0.6818614311519774, 'bagging_freq': 5, 'min_child_samples': 40}. Best is trial 2 with value: 0.8834586466165414.
Training until validation scores don't improve for 50 rounds
Early stopping, best iteration is:
[9]	valid_0's binary_logloss: 0.623243
Training until validation scores don't improve for 50 rounds
Early stopping, best iteration is:
[1]	valid_0's binary_logloss: 0.682256
Training until validation scores don't improve for 50 rounds
Early stopping, best iteration is:
[24]	valid_0's binary_logloss: 0.503991
Training until validation scores don't improve for 50 rounds
Early stopping, best iteration is:
[32]	valid_0's binary_logloss: 0.49852
Training until validation scores don't improve for 50 rounds
Early stopping, best iteration is:
[46]	valid_0's binary_logloss: 0.619576
Training until validation scores don't improve for 50 rounds
Early stopping, best iteration is:
[32]	valid_0's binary_logloss: 0.480025
Training until validation scores don't improve for 50 rounds
Did not meet early stopping. Best iteration is:
[54]	valid_0's binary_logloss: 0.630107
Training until validation scores don't improve for 50 rounds
Early stopping, best iteration is:
[33]	valid_0's binary_logloss: 0.535466
Training until validation scores don't improve for 50 rounds
Did not meet early stopping. Best iteration is:
[69]	valid_0's binary_logloss: 0.561044
Training until validation scores don't improve for 50 rounds
Did not meet early stopping. Best iteration is:
[64]	valid_0's binary_logloss: 0.554875
Training until validation scores don't improve for 50 rounds
Early stopping, best iteration is:
[1]	valid_0's binary_logloss: 0.682256
Training until validation scores don't improve for 50 rounds
Early stopping, best iteration is:
[27]	valid_0's binary_logloss: 0.589933
Training until validation scores don't improve for 50 rounds
Did not meet early stopping. Best iteration is:
[69]	valid_0's binary_logloss: 0.534603
Training until validation scores don't improve for 50 rounds
Did not meet early stopping. Best iteration is:
[99]	valid_0's binary_logloss: 0.548987
Training until validation scores don't improve for 50 rounds
Early stopping, best iteration is:
[37]	valid_0's binary_logloss: 0.465709
Training until validation scores don't improve for 50 rounds
Did not meet early stopping. Best iteration is:
[54]	valid_0's binary_logloss: 0.567526
Training until validation scores don't improve for 50 rounds
Did not meet early stopping. Best iteration is:
[66]	valid_0's binary_logloss: 0.577158
Training until validation scores don't improve for 50 rounds
Early stopping, best iteration is:
[30]	valid_0's binary_logloss: 0.651965
Training until validation scores don't improve for 50 rounds
Early stopping, best iteration is:
[16]	valid_0's binary_logloss: 0.504219
Training until validation scores don't improve for 50 rounds
Early stopping, best iteration is:
[27]	valid_0's binary_logloss: 0.49239
Training until validation scores don't improve for 50 rounds
Early stopping, best iteration is:
[45]	valid_0's binary_logloss: 0.682256
Training until validation scores don't improve for 50 rounds
Early stopping, best iteration is:
[13]	valid_0's binary_logloss: 0.580032
Training until validation scores don't improve for 50 rounds
Early stopping, best iteration is:
[17]	valid_0's binary_logloss: 0.638787
Training until validation scores don't improve for 50 rounds
Early stopping, best iteration is:
[15]	valid_0's binary_logloss: 0.569367
Training until validation scores don't improve for 50 rounds
Early stopping, best iteration is:
[15]	valid_0's binary_logloss: 0.504024
Training until validation scores don't improve for 50 rounds
Early stopping, best iteration is:
[24]	valid_0's binary_logloss: 0.593693
Training until validation scores don't improve for 50 rounds
Early stopping, best iteration is:
[29]	valid_0's binary_logloss: 0.585784
Training until validation scores don't improve for 50 rounds
Did not meet early stopping. Best iteration is:
[56]	valid_0's binary_logloss: 0.619551
Training until validation scores don't improve for 50 rounds
Early stopping, best iteration is:
[23]	valid_0's binary_logloss: 0.517103
Training until validation scores don't improve for 50 rounds
Early stopping, best iteration is:
[32]	valid_0's binary_logloss: 0.454363
Training until validation scores don't improve for 50 rounds
Did not meet early stopping. Best iteration is:
[80]	valid_0's binary_logloss: 0.58645
Training until validation scores don't improve for 50 rounds
Early stopping, best iteration is:
[27]	valid_0's binary_logloss: 0.618023
Training until validation scores don't improve for 50 rounds
Early stopping, best iteration is:
[24]	valid_0's binary_logloss: 0.682256
Training until validation scores don't improve for 50 rounds
Early stopping, best iteration is:
[15]	valid_0's binary_logloss: 0.522082
Training until validation scores don't improve for 50 rounds
Early stopping, best iteration is:
[42]	valid_0's binary_logloss: 0.505496
Training until validation scores don't improve for 50 rounds
Did not meet early stopping. Best iteration is:
[58]	valid_0's binary_logloss: 0.554908
Training until validation scores don't improve for 50 rounds
Early stopping, best iteration is:
[31]	valid_0's binary_logloss: 0.513983
Training until validation scores don't improve for 50 rounds
Did not meet early stopping. Best iteration is:
[67]	valid_0's binary_logloss: 0.523404
Training until validation scores don't improve for 50 rounds
Early stopping, best iteration is:
[17]	valid_0's binary_logloss: 0.562963
Training until validation scores don't improve for 50 rounds
Early stopping, best iteration is:
[37]	valid_0's binary_logloss: 0.473927
Training until validation scores don't improve for 50 rounds
Early stopping, best iteration is:
[1]	valid_0's binary_logloss: 0.682256
Training until validation scores don't improve for 50 rounds
Early stopping, best iteration is:
[9]	valid_0's binary_logloss: 0.509221
Training until validation scores don't improve for 50 rounds
Did not meet early stopping. Best iteration is:
[55]	valid_0's binary_logloss: 0.528968
Training until validation scores don't improve for 50 rounds
Early stopping, best iteration is:
[19]	valid_0's binary_logloss: 0.570084
Training until validation scores don't improve for 50 rounds
Early stopping, best iteration is:
[6]	valid_0's binary_logloss: 0.450735
Training until validation scores don't improve for 50 rounds
Early stopping, best iteration is:
[1]	valid_0's binary_logloss: 0.682256
Training until validation scores don't improve for 50 rounds
Early stopping, best iteration is:
[1]	valid_0's binary_logloss: 0.682256
Training until validation scores don't improve for 50 rounds
Early stopping, best iteration is:
[28]	valid_0's binary_logloss: 0.466006
Training until validation scores don't improve for 50 rounds
Early stopping, best iteration is:
[2]	valid_0's binary_logloss: 0.682256
Training until validation scores don't improve for 50 rounds
Early stopping, best iteration is:
[24]	valid_0's binary_logloss: 0.682256
Training until validation scores don't improve for 50 rounds
Early stopping, best iteration is:
[10]	valid_0's binary_logloss: 0.682256
Training until validation scores don't improve for 50 rounds
Early stopping, best iteration is:
[4]	valid_0's binary_logloss: 0.682256
Training until validation scores don't improve for 50 rounds
Early stopping, best iteration is:
[48]	valid_0's binary_logloss: 0.46475
Training until validation scores don't improve for 50 rounds
Early stopping, best iteration is:
[13]	valid_0's binary_logloss: 0.516333
Training until validation scores don't improve for 50 rounds
Early stopping, best iteration is:
[28]	valid_0's binary_logloss: 0.586361
Training until validation scores don't improve for 50 rounds
Did not meet early stopping. Best iteration is:
[65]	valid_0's binary_logloss: 0.569489
Training until validation scores don't improve for 50 rounds
Early stopping, best iteration is:
[14]	valid_0's binary_logloss: 0.516815
Training until validation scores don't improve for 50 rounds
Did not meet early stopping. Best iteration is:
[54]	valid_0's binary_logloss: 0.570906
Training until validation scores don't improve for 50 rounds
Early stopping, best iteration is:
[14]	valid_0's binary_logloss: 0.515649
[I 2025-09-17 13:17:22,121] Trial 16 finished with value: 0.8082706766917293 and parameters: {'num_leaves': 296, 'learning_rate': 0.2009929392497389, 'feature_fraction': 0.4312984817932124, 'bagging_fraction': 0.8898731793685615, 'bagging_freq': 5, 'min_child_samples': 14}. Best is trial 2 with value: 0.8834586466165414.
[I 2025-09-17 13:17:22,137] Trial 17 finished with value: 0.5 and parameters: {'num_leaves': 175, 'learning_rate': 0.2628592676867766, 'feature_fraction': 0.7736132902788755, 'bagging_fraction': 0.5252732530347696, 'bagging_freq': 6, 'min_child_samples': 44}. Best is trial 2 with value: 0.8834586466165414.
[I 2025-09-17 13:17:22,220] Trial 18 finished with value: 0.8308270676691729 and parameters: {'num_leaves': 116, 'learning_rate': 0.29354858386631993, 'feature_fraction': 0.9836039887882881, 'bagging_fraction': 0.7083050211196456, 'bagging_freq': 1, 'min_child_samples': 5}. Best is trial 2 with value: 0.8834586466165414.
[I 2025-09-17 13:17:22,250] Trial 19 finished with value: 0.7293233082706767 and parameters: {'num_leaves': 183, 'learning_rate': 0.24091926192123897, 'feature_fraction': 0.6621238565377774, 'bagging_fraction': 0.6460943720952608, 'bagging_freq': 7, 'min_child_samples': 21}. Best is trial 2 with value: 0.8834586466165414.
[I 2025-09-17 13:17:22,277] Trial 20 finished with value: 0.7142857142857143 and parameters: {'num_leaves': 231, 'learning_rate': 0.1912410594491164, 'feature_fraction': 0.7891632522920441, 'bagging_fraction': 0.5839366835082149, 'bagging_freq': 5, 'min_child_samples': 31}. Best is trial 2 with value: 0.8834586466165414.
[I 2025-09-17 13:17:22,357] Trial 21 finished with value: 0.81203007518797 and parameters: {'num_leaves': 220, 'learning_rate': 0.13287663815079714, 'feature_fraction': 0.5295253773523096, 'bagging_fraction': 0.9677027031714404, 'bagging_freq': 6, 'min_child_samples': 12}. Best is trial 2 with value: 0.8834586466165414.
[I 2025-09-17 13:17:22,432] Trial 22 finished with value: 0.8045112781954887 and parameters: {'num_leaves': 197, 'learning_rate': 0.10539019112998341, 'feature_fraction': 0.5459975755540556, 'bagging_fraction': 0.9117252974605894, 'bagging_freq': 6, 'min_child_samples': 11}. Best is trial 2 with value: 0.8834586466165414.
[I 2025-09-17 13:17:22,542] Trial 23 finished with value: 0.7819548872180452 and parameters: {'num_leaves': 250, 'learning_rate': 0.15521300608836971, 'feature_fraction': 0.6154239642388664, 'bagging_fraction': 0.8684526904969779, 'bagging_freq': 7, 'min_child_samples': 6}. Best is trial 2 with value: 0.8834586466165414.
[I 2025-09-17 13:17:22,579] Trial 24 finished with value: 0.7969924812030076 and parameters: {'num_leaves': 149, 'learning_rate': 0.27002631551949163, 'feature_fraction': 0.4964529293658657, 'bagging_fraction': 0.7425854044002196, 'bagging_freq': 6, 'min_child_samples': 22}. Best is trial 2 with value: 0.8834586466165414.
[I 2025-09-17 13:17:22,619] Trial 25 finished with value: 0.774436090225564 and parameters: {'num_leaves': 181, 'learning_rate': 0.10813069007714651, 'feature_fraction': 0.7079189390705829, 'bagging_fraction': 0.9372345215469607, 'bagging_freq': 5, 'min_child_samples': 25}. Best is trial 2 with value: 0.8834586466165414.
[I 2025-09-17 13:17:22,668] Trial 26 finished with value: 0.7706766917293233 and parameters: {'num_leaves': 219, 'learning_rate': 0.15665095924462563, 'feature_fraction': 0.45176396180920686, 'bagging_fraction': 0.8324220666581686, 'bagging_freq': 7, 'min_child_samples': 16}. Best is trial 2 with value: 0.8834586466165414.
