[I 2025-09-17 13:17:55,725] Trial 26 finished with value: 0.9017543859649123 and parameters: {'num_leaves': 212, 'learning_rate': 0.18143081830128643, 'feature_fraction': 0.6284649575447785, 'bagging_fraction': 0.9361617203059129, 'bagging_freq': 3, 'min_child_samples': 36}. Best is trial 17 with value: 0.9649122807017544.
Training until validation scores don't improve for 50 rounds
Did not meet early stopping. Best iteration is:
[74]	valid_0's binary_logloss: 0.416658
Training until validation scores don't improve for 50 rounds
Early stopping, best iteration is:
[16]	valid_0's binary_logloss: 0.36708
Training until validation scores don't improve for 50 rounds
Early stopping, best iteration is:
[22]	valid_0's binary_logloss: 0.349734
Training until validation scores don't improve for 50 rounds
Early stopping, best iteration is:
[26]	valid_0's binary_logloss: 0.342837
Training until validation scores don't improve for 50 rounds
Early stopping, best iteration is:
[38]	valid_0's binary_logloss: 0.24179
Training until validation scores don't improve for 50 rounds
Did not meet early stopping. Best iteration is:
[53]	valid_0's binary_logloss: 0.463696
Training until validation scores don't improve for 50 rounds
Early stopping, best iteration is:
[46]	valid_0's binary_logloss: 0.461091
Training until validation scores don't improve for 50 rounds
Early stopping, best iteration is:
[42]	valid_0's binary_logloss: 0.279611
Training until validation scores don't improve for 50 rounds
Early stopping, best iteration is:
[17]	valid_0's binary_logloss: 0.382318
Training until validation scores don't improve for 50 rounds
Early stopping, best iteration is:
[20]	valid_0's binary_logloss: 0.346416
Training until validation scores don't improve for 50 rounds
Early stopping, best iteration is:
[31]	valid_0's binary_logloss: 0.398625
Training until validation scores don't improve for 50 rounds
Early stopping, best iteration is:
[8]	valid_0's binary_logloss: 0.510968
Training until validation scores don't improve for 50 rounds
Early stopping, best iteration is:
[21]	valid_0's binary_logloss: 0.329559
Training until validation scores don't improve for 50 rounds
Early stopping, best iteration is:
[39]	valid_0's binary_logloss: 0.296776
Training until validation scores don't improve for 50 rounds
Did not meet early stopping. Best iteration is:
[77]	valid_0's binary_logloss: 0.310206
Training until validation scores don't improve for 50 rounds
Early stopping, best iteration is:
[29]	valid_0's binary_logloss: 0.329927
Training until validation scores don't improve for 50 rounds
Did not meet early stopping. Best iteration is:
[83]	valid_0's binary_logloss: 0.349031
Training until validation scores don't improve for 50 rounds
Did not meet early stopping. Best iteration is:
[53]	valid_0's binary_logloss: 0.284826
Training until validation scores don't improve for 50 rounds
Early stopping, best iteration is:
[24]	valid_0's binary_logloss: 0.686352
Training until validation scores don't improve for 50 rounds
Did not meet early stopping. Best iteration is:
[80]	valid_0's binary_logloss: 0.626047
Training until validation scores don't improve for 50 rounds
Early stopping, best iteration is:
[10]	valid_0's binary_logloss: 0.341902
Training until validation scores don't improve for 50 rounds
Early stopping, best iteration is:
[4]	valid_0's binary_logloss: 0.686352
Training until validation scores don't improve for 50 rounds
Did not meet early stopping. Best iteration is:
[77]	valid_0's binary_logloss: 0.310128
Training until validation scores don't improve for 50 rounds
Did not meet early stopping. Best iteration is:
[54]	valid_0's binary_logloss: 0.314436
Training until validation scores don't improve for 50 rounds
Did not meet early stopping. Best iteration is:
[100]	valid_0's binary_logloss: 0.456815
Training until validation scores don't improve for 50 rounds
Did not meet early stopping. Best iteration is:
[79]	valid_0's binary_logloss: 0.371059
Training until validation scores don't improve for 50 rounds
Did not meet early stopping. Best iteration is:
[85]	valid_0's binary_logloss: 0.346043
Training until validation scores don't improve for 50 rounds
Early stopping, best iteration is:
[7]	valid_0's binary_logloss: 0.686352
Training until validation scores don't improve for 50 rounds
Did not meet early stopping. Best iteration is:
[98]	valid_0's binary_logloss: 0.458351
Training until validation scores don't improve for 50 rounds
Did not meet early stopping. Best iteration is:
[77]	valid_0's binary_logloss: 0.31182
Training until validation scores don't improve for 50 rounds
Early stopping, best iteration is:
[35]	valid_0's binary_logloss: 0.372063
Training until validation scores don't improve for 50 rounds
Early stopping, best iteration is:
[11]	valid_0's binary_logloss: 0.686352
Training until validation scores don't improve for 50 rounds
Early stopping, best iteration is:
[11]	valid_0's binary_logloss: 0.686352
Training until validation scores don't improve for 50 rounds
Did not meet early stopping. Best iteration is:
[99]	valid_0's binary_logloss: 0.378483
Training until validation scores don't improve for 50 rounds
Early stopping, best iteration is:
[10]	valid_0's binary_logloss: 0.686352
Training until validation scores don't improve for 50 rounds
Early stopping, best iteration is:
[23]	valid_0's binary_logloss: 0.456244
Training until validation scores don't improve for 50 rounds
Early stopping, best iteration is:
[18]	valid_0's binary_logloss: 0.686352
Training until validation scores don't improve for 50 rounds
Early stopping, best iteration is:
[28]	valid_0's binary_logloss: 0.686352
Training until validation scores don't improve for 50 rounds
Early stopping, best iteration is:
[28]	valid_0's binary_logloss: 0.342016
Training until validation scores don't improve for 50 rounds
Early stopping, best iteration is:
[48]	valid_0's binary_logloss: 0.686352
Training until validation scores don't improve for 50 rounds
Early stopping, best iteration is:
[22]	valid_0's binary_logloss: 0.686352
Training until validation scores don't improve for 50 rounds
Early stopping, best iteration is:
[20]	valid_0's binary_logloss: 0.324455
Training until validation scores don't improve for 50 rounds
Early stopping, best iteration is:
[24]	valid_0's binary_logloss: 0.323369
Training until validation scores don't improve for 50 rounds
Early stopping, best iteration is:
[17]	valid_0's binary_logloss: 0.302681
Training until validation scores don't improve for 50 rounds
Did not meet early stopping. Best iteration is:
[57]	valid_0's binary_logloss: 0.287396
Training until validation scores don't improve for 50 rounds
Early stopping, best iteration is:
[14]	valid_0's binary_logloss: 0.341381
Training until validation scores don't improve for 50 rounds
Early stopping, best iteration is:
[19]	valid_0's binary_logloss: 0.686352
Training until validation scores don't improve for 50 rounds
Did not meet early stopping. Best iteration is:
[53]	valid_0's binary_logloss: 0.344534
Training until validation scores don't improve for 50 rounds
Early stopping, best iteration is:
[26]	valid_0's binary_logloss: 0.255655
Training until validation scores don't improve for 50 rounds
Early stopping, best iteration is:
[22]	valid_0's binary_logloss: 0.277862
Training until validation scores don't improve for 50 rounds
Early stopping, best iteration is:
[43]	valid_0's binary_logloss: 0.442087
Training until validation scores don't improve for 50 rounds
Early stopping, best iteration is:
[34]	valid_0's binary_logloss: 0.422557
Training until validation scores don't improve for 50 rounds
Early stopping, best iteration is:
[25]	valid_0's binary_logloss: 0.30464
Training until validation scores don't improve for 50 rounds
Early stopping, best iteration is:
[30]	valid_0's binary_logloss: 0.268165
Training until validation scores don't improve for 50 rounds
Early stopping, best iteration is:
[22]	valid_0's binary_logloss: 0.324981
Training until validation scores don't improve for 50 rounds
Early stopping, best iteration is:
[25]	valid_0's binary_logloss: 0.319215
Training until validation scores don't improve for 50 rounds
Early stopping, best iteration is:
[2]	valid_0's binary_logloss: 0.686352
Training until validation scores don't improve for 50 rounds
Early stopping, best iteration is:
[25]	valid_0's binary_logloss: 0.394864
Training until validation scores don't improve for 50 rounds
[I 2025-09-17 13:17:55,760] Trial 27 finished with value: 0.943859649122807 and parameters: {'num_leaves': 262, 'learning_rate': 0.13919906366292653, 'feature_fraction': 0.5769569473645708, 'bagging_fraction': 0.8700560985621257, 'bagging_freq': 6, 'min_child_samples': 20}. Best is trial 17 with value: 0.9649122807017544.
[I 2025-09-17 13:17:55,831] Trial 28 finished with value: 0.9192982456140351 and parameters: {'num_leaves': 76, 'learning_rate': 0.011382669831540987, 'feature_fraction': 0.45915264125023875, 'bagging_fraction': 0.8104447622150165, 'bagging_freq': 7, 'min_child_samples': 13}. Best is trial 17 with value: 0.9649122807017544.
[I 2025-09-17 13:17:55,868] Trial 29 finished with value: 0.9157894736842106 and parameters: {'num_leaves': 146, 'learning_rate': 0.10094434101114967, 'feature_fraction': 0.743549279797511, 'bagging_fraction': 0.8401986672274725, 'bagging_freq': 5, 'min_child_samples': 22}. Best is trial 17 with value: 0.9649122807017544.
[I 2025-09-17 13:17:55,894] Trial 30 finished with value: 0.9210526315789473 and parameters: {'num_leaves': 206, 'learning_rate': 0.20723380528494306, 'feature_fraction': 0.552743587453796, 'bagging_fraction': 0.9602363657479737, 'bagging_freq': 3, 'min_child_samples': 34}. Best is trial 17 with value: 0.9649122807017544.
[I 2025-09-17 13:17:55,988] Trial 31 finished with value: 0.9578947368421054 and parameters: {'num_leaves': 276, 'learning_rate': 0.16943070504537974, 'feature_fraction': 0.6354795919822359, 'bagging_fraction': 0.753361320933347, 'bagging_freq': 6, 'min_child_samples': 7}. Best is trial 17 with value: 0.9649122807017544.
[I 2025-09-17 13:17:56,050] Trial 32 finished with value: 0.9368421052631579 and parameters: {'num_leaves': 280, 'learning_rate': 0.17085421344428567, 'feature_fraction': 0.6545356406852249, 'bagging_fraction': 0.741764128524269, 'bagging_freq': 6, 'min_child_samples': 11}. Best is trial 17 with value: 0.9649122807017544.
[I 2025-09-17 13:17:56,168] Trial 33 finished with value: 0.968421052631579 and parameters: {'num_leaves': 233, 'learning_rate': 0.11112517072624728, 'feature_fraction': 0.645204820191368, 'bagging_fraction': 0.6764802989801142, 'bagging_freq': 6, 'min_child_samples': 6}. Best is trial 33 with value: 0.968421052631579.
[I 2025-09-17 13:17:56,204] Trial 34 finished with value: 0.9052631578947368 and parameters: {'num_leaves': 168, 'learning_rate': 0.11170241811345827, 'feature_fraction': 0.723859147815386, 'bagging_fraction': 0.6745295989186101, 'bagging_freq': 5, 'min_child_samples': 19}. Best is trial 33 with value: 0.968421052631579.
[I 2025-09-17 13:17:56,326] Trial 35 finished with value: 0.9192982456140351 and parameters: {'num_leaves': 229, 'learning_rate': 0.1339475268076173, 'feature_fraction': 0.7985874780700248, 'bagging_fraction': 0.5862238789290662, 'bagging_freq': 7, 'min_child_samples': 5}. Best is trial 33 with value: 0.968421052631579.
[I 2025-09-17 13:17:56,339] Trial 36 finished with value: 0.5 and parameters: {'num_leaves': 22, 'learning_rate': 0.11553997481455427, 'feature_fraction': 0.7150472479598194, 'bagging_fraction': 0.8138982904435039, 'bagging_freq': 5, 'min_child_samples': 100}. Best is trial 33 with value: 0.968421052631579.
[I 2025-09-17 13:17:56,420] Trial 37 finished with value: 0.9368421052631579 and parameters: {'num_leaves': 176, 'learning_rate': 0.05831864800770989, 'feature_fraction': 0.66360556938187, 'bagging_fraction': 0.8871900024064021, 'bagging_freq': 4, 'min_child_samples': 12}. Best is trial 33 with value: 0.968421052631579.
[I 2025-09-17 13:17:56,449] Trial 38 finished with value: 0.8456140350877193 and parameters: {'num_leaves': 199, 'learning_rate': 0.14744464616273995, 'feature_fraction': 0.4459384119619658, 'bagging_fraction': 0.7065208361557074, 'bagging_freq': 6, 'min_child_samples': 47}. Best is trial 33 with value: 0.968421052631579.
[I 2025-09-17 13:17:56,462] Trial 39 finished with value: 0.5 and parameters: {'num_leaves': 247, 'learning_rate': 0.2548106050575134, 'feature_fraction': 0.5034333479177645, 'bagging_fraction': 0.6171676789281422, 'bagging_freq': 4, 'min_child_samples': 71}. Best is trial 33 with value: 0.968421052631579.
[I 2025-09-17 13:17:56,490] Trial 40 finished with value: 0.9017543859649123 and parameters: {'num_leaves': 179, 'learning_rate': 0.12366363236081018, 'feature_fraction': 0.9994863343305475, 'bagging_fraction': 0.5134492212117936, 'bagging_freq': 6, 'min_child_samples': 24}. Best is trial 33 with value: 0.968421052631579.
[I 2025-09-17 13:17:56,555] Trial 41 finished with value: 0.9438596491228071 and parameters: {'num_leaves': 278, 'learning_rate': 0.18771890562748098, 'feature_fraction': 0.6388130783517325, 'bagging_fraction': 0.7472308121170462, 'bagging_freq': 6, 'min_child_samples': 11}. Best is trial 33 with value: 0.968421052631579.
[I 2025-09-17 13:17:56,696] Trial 42 finished with value: 0.9438596491228071 and parameters: {'num_leaves': 228, 'learning_rate': 0.16565245686718527, 'feature_fraction': 0.6081729337622203, 'bagging_fraction': 0.678615158692883, 'bagging_freq': 5, 'min_child_samples': 5}. Best is trial 33 with value: 0.968421052631579.
[I 2025-09-17 13:17:56,728] Trial 43 finished with value: 0.9298245614035088 and parameters: {'num_leaves': 278, 'learning_rate': 0.2208745477854327, 'feature_fraction': 0.6959350655961433, 'bagging_fraction': 0.7308837474341906, 'bagging_freq': 7, 'min_child_samples': 18}. Best is trial 33 with value: 0.968421052631579.
[I 2025-09-17 13:17:56,803] Trial 44 finished with value: 0.9368421052631579 and parameters: {'num_leaves': 256, 'learning_rate': 0.16418867085553684, 'feature_fraction': 0.5926065943043924, 'bagging_fraction': 0.7607788434458228, 'bagging_freq': 6, 'min_child_samples': 10}. Best is trial 33 with value: 0.968421052631579.
[I 2025-09-17 13:17:56,849] Trial 45 finished with value: 0.9368421052631579 and parameters: {'num_leaves': 297, 'learning_rate': 0.20413537121578607, 'feature_fraction': 0.5311937542829627, 'bagging_fraction': 0.8138607556709774, 'bagging_freq': 1, 'min_child_samples': 16}. Best is trial 33 with value: 0.968421052631579.
[I 2025-09-17 13:17:56,877] Trial 46 finished with value: 0.8894736842105263 and parameters: {'num_leaves': 233, 'learning_rate': 0.14198937566078113, 'feature_fraction': 0.921049071049098, 'bagging_fraction': 0.6521501360187749, 'bagging_freq': 7, 'min_child_samples': 30}. Best is trial 33 with value: 0.968421052631579.
[I 2025-09-17 13:17:56,928] Trial 47 finished with value: 0.9228070175438596 and parameters: {'num_leaves': 285, 'learning_rate': 0.19195608064945535, 'feature_fraction': 0.7809583919331107, 'bagging_fraction': 0.707500264029315, 'bagging_freq': 6, 'min_child_samples': 10}. Best is trial 33 with value: 0.968421052631579.
[I 2025-09-17 13:17:57,090] Trial 48 finished with value: 0.9894736842105263 and parameters: {'num_leaves': 247, 'learning_rate': 0.24243950079733967, 'feature_fraction': 0.5618073826272806, 'bagging_fraction': 0.9539590618490694, 'bagging_freq': 7, 'min_child_samples': 5}. Best is trial 48 with value: 0.9894736842105263.
[I 2025-09-17 13:17:57,144] Trial 49 finished with value: 0.9578947368421052 and parameters: {'num_leaves': 252, 'learning_rate': 0.26526424218661765, 'feature_fraction': 0.4857383967500228, 'bagging_fraction': 0.9599307469739061, 'bagging_freq': 7, 'min_child_samples': 15}. Best is trial 48 with value: 0.9894736842105263.
[I 2025-09-17 13:17:57,539] A new study created in memory with name: no-name-4d04745e-b1d5-424b-a562-8edfa4cc35ad
[I 2025-09-17 13:17:57,593] Trial 0 finished with value: 0.8912280701754387 and parameters: {'num_leaves': 114, 'learning_rate': 0.2149316558131552, 'feature_fraction': 0.4924548263376133, 'bagging_fraction': 0.6889945396910911, 'bagging_freq': 4, 'min_child_samples': 11}. Best is trial 0 with value: 0.8912280701754387.
[I 2025-09-17 13:17:57,610] Trial 1 finished with value: 0.8438596491228071 and parameters: {'num_leaves': 180, 'learning_rate': 0.17646615752305264, 'feature_fraction': 0.7669676640192731, 'bagging_fraction': 0.7017332147960167, 'bagging_freq': 3, 'min_child_samples': 32}. Best is trial 0 with value: 0.8912280701754387.
[I 2025-09-17 13:17:57,633] Trial 2 finished with value: 0.9052631578947369 and parameters: {'num_leaves': 32, 'learning_rate': 0.23450939277411326, 'feature_fraction': 0.45286574627120046, 'bagging_fraction': 0.8804683935801465, 'bagging_freq': 3, 'min_child_samples': 26}. Best is trial 2 with value: 0.9052631578947369.
[I 2025-09-17 13:17:57,664] Trial 3 finished with value: 0.8771929824561404 and parameters: {'num_leaves': 159, 'learning_rate': 0.21870314516612888, 'feature_fraction': 0.9180593505062825, 'bagging_fraction': 0.8418658150470812, 'bagging_freq': 3, 'min_child_samples': 19}. Best is trial 2 with value: 0.9052631578947369.
[I 2025-09-17 13:17:57,673] Trial 4 finished with value: 0.5 and parameters: {'num_leaves': 252, 'learning_rate': 0.06916535387734898, 'feature_fraction': 0.653887355438101, 'bagging_fraction': 0.4280448654798743, 'bagging_freq': 2, 'min_child_samples': 45}. Best is trial 2 with value: 0.9052631578947369.
[I 2025-09-17 13:17:57,682] Trial 5 finished with value: 0.5 and parameters: {'num_leaves': 298, 'learning_rate': 0.25839209178878764, 'feature_fraction': 0.7476746686980993, 'bagging_fraction': 0.46408715432525016, 'bagging_freq': 7, 'min_child_samples': 75}. Best is trial 2 with value: 0.9052631578947369.
[I 2025-09-17 13:17:57,695] Trial 6 finished with value: 0.5 and parameters: {'num_leaves': 253, 'learning_rate': 0.06891008558880565, 'feature_fraction': 0.5887126938595111, 'bagging_fraction': 0.821734832775773, 'bagging_freq': 5, 'min_child_samples': 93}. Best is trial 2 with value: 0.9052631578947369.
[I 2025-09-17 13:17:57,724] Trial 7 finished with value: 0.9017543859649122 and parameters: {'num_leaves': 222, 'learning_rate': 0.09778861444618273, 'feature_fraction': 0.8713837519886505, 'bagging_fraction': 0.8855175702213076, 'bagging_freq': 2, 'min_child_samples': 24}. Best is trial 2 with value: 0.9052631578947369.
[I 2025-09-17 13:17:57,796] Trial 8 finished with value: 0.9122807017543859 and parameters: {'num_leaves': 56, 'learning_rate': 0.12022977510409925, 'feature_fraction': 0.6884731068493346, 'bagging_fraction': 0.787819834056251, 'bagging_freq': 5, 'min_child_samples': 8}. Best is trial 8 with value: 0.9122807017543859.
[I 2025-09-17 13:17:57,818] Trial 9 finished with value: 0.9070175438596491 and parameters: {'num_leaves': 131, 'learning_rate': 0.09275171679605458, 'feature_fraction': 0.4707734435875374, 'bagging_fraction': 0.9734130230642117, 'bagging_freq': 4, 'min_child_samples': 33}. Best is trial 8 with value: 0.9122807017543859.
[I 2025-09-17 13:17:57,831] Trial 10 finished with value: 0.5 and parameters: {'num_leaves': 18, 'learning_rate': 0.021821664498897886, 'feature_fraction': 0.9853740394934574, 'bagging_fraction': 0.597458514045606, 'bagging_freq': 6, 'min_child_samples': 62}. Best is trial 8 with value: 0.9122807017543859.
[I 2025-09-17 13:17:58,049] Trial 11 finished with value: 0.9263157894736842 and parameters: {'num_leaves': 88, 'learning_rate': 0.13649002465709872, 'feature_fraction': 0.4043670774519171, 'bagging_fraction': 0.9952383487982472, 'bagging_freq': 5, 'min_child_samples': 5}. Best is trial 11 with value: 0.9263157894736842.
[I 2025-09-17 13:17:58,177] Trial 12 finished with value: 0.9333333333333333 and parameters: {'num_leaves': 76, 'learning_rate': 0.1542354737301698, 'feature_fraction': 0.5912600255890843, 'bagging_fraction': 0.9831081955587777, 'bagging_freq': 6, 'min_child_samples': 6}. Best is trial 12 with value: 0.9333333333333333.
[I 2025-09-17 13:17:58,292] Trial 13 finished with value: 0.9052631578947368 and parameters: {'num_leaves': 88, 'learning_rate': 0.17024135518329547, 'feature_fraction': 0.5471638908736196, 'bagging_fraction': 0.9870025063334646, 'bagging_freq': 7, 'min_child_samples': 7}. Best is trial 12 with value: 0.9333333333333333.
[I 2025-09-17 13:17:58,314] Trial 14 finished with value: 0.7929824561403509 and parameters: {'num_leaves': 76, 'learning_rate': 0.29519183179468056, 'feature_fraction': 0.4040096618342985, 'bagging_fraction': 0.937846892741594, 'bagging_freq': 6, 'min_child_samples': 47}. Best is trial 12 with value: 0.9333333333333333.
[I 2025-09-17 13:17:58,467] Trial 15 finished with value: 0.9438596491228071 and parameters: {'num_leaves': 102, 'learning_rate': 0.13408660940116054, 'feature_fraction': 0.5940228303979818, 'bagging_fraction': 0.9960844257417124, 'bagging_freq': 6, 'min_child_samples': 5}. Best is trial 15 with value: 0.9438596491228071.
[I 2025-09-17 13:17:58,480] Trial 16 finished with value: 0.5 and parameters: {'num_leaves': 124, 'learning_rate': 0.1704020445751279, 'feature_fraction': 0.5977161608934852, 'bagging_fraction': 0.748404240847961, 'bagging_freq': 6, 'min_child_samples': 65}. Best is trial 15 with value: 0.9438596491228071.
[I 2025-09-17 13:17:58,501] Trial 17 finished with value: 0.8421052631578947 and parameters: {'num_leaves': 184, 'learning_rate': 0.13754716243054838, 'feature_fraction': 0.6276541827922877, 'bagging_fraction': 0.588956243389338, 'bagging_freq': 7, 'min_child_samples': 41}. Best is trial 15 with value: 0.9438596491228071.
