[I 2025-09-17 13:17:30,796] Trial 1 finished with value: 0.9333333333333333 and parameters: {'num_leaves': 123, 'learning_rate': 0.016849305492552424, 'feature_fraction': 0.9930364626716063, 'bagging_fraction': 0.79812029374544, 'bagging_freq': 5, 'min_child_samples': 7}. Best is trial 1 with value: 0.9333333333333333.
[I 2025-09-17 13:17:30,824] Trial 2 finished with value: 0.9411764705882353 and parameters: {'num_leaves': 133, 'learning_rate': 0.22704377619375232, 'feature_fraction': 0.8912853232817706, 'bagging_fraction': 0.6863195891707716, 'bagging_freq': 3, 'min_child_samples': 28}. Best is trial 2 with value: 0.9411764705882353.
[I 2025-09-17 13:17:30,841] Trial 3 finished with value: 0.9098039215686275 and parameters: {'num_leaves': 46, 'learning_rate': 0.21921340571665135, 'feature_fraction': 0.7738695380361937, 'bagging_fraction': 0.8028067396711449, 'bagging_freq': 5, 'min_child_samples': 48}. Best is trial 2 with value: 0.9411764705882353.
[I 2025-09-17 13:17:30,849] Trial 4 finished with value: 0.5 and parameters: {'num_leaves': 241, 'learning_rate': 0.021553457926856867, 'feature_fraction': 0.493697715262989, 'bagging_fraction': 0.8910656585578978, 'bagging_freq': 5, 'min_child_samples': 72}. Best is trial 2 with value: 0.9411764705882353.
[I 2025-09-17 13:17:30,872] Trial 5 finished with value: 0.9372549019607843 and parameters: {'num_leaves': 233, 'learning_rate': 0.12702406482423706, 'feature_fraction': 0.7191609746328858, 'bagging_fraction': 0.973106343489357, 'bagging_freq': 2, 'min_child_samples': 42}. Best is trial 2 with value: 0.9411764705882353.
[I 2025-09-17 13:17:30,925] Trial 6 finished with value: 0.9686274509803922 and parameters: {'num_leaves': 30, 'learning_rate': 0.0988486350462, 'feature_fraction': 0.950789175810598, 'bagging_fraction': 0.41221582572742793, 'bagging_freq': 2, 'min_child_samples': 8}. Best is trial 6 with value: 0.9686274509803922.
[I 2025-09-17 13:17:30,943] Trial 7 finished with value: 0.9254901960784314 and parameters: {'num_leaves': 120, 'learning_rate': 0.1341478190279703, 'feature_fraction': 0.6635399848102201, 'bagging_fraction': 0.6371726926119898, 'bagging_freq': 2, 'min_child_samples': 41}. Best is trial 6 with value: 0.9686274509803922.
[I 2025-09-17 13:17:30,951] Trial 8 finished with value: 0.5 and parameters: {'num_leaves': 174, 'learning_rate': 0.06975348495521172, 'feature_fraction': 0.6240459668685374, 'bagging_fraction': 0.6424003367824678, 'bagging_freq': 2, 'min_child_samples': 90}. Best is trial 6 with value: 0.9686274509803922.
[I 2025-09-17 13:17:30,970] Trial 9 finished with value: 0.8431372549019608 and parameters: {'num_leaves': 108, 'learning_rate': 0.2598567782425193, 'feature_fraction': 0.5896879913582064, 'bagging_fraction': 0.8379987998559553, 'bagging_freq': 3, 'min_child_samples': 51}. Best is trial 6 with value: 0.9686274509803922.
[I 2025-09-17 13:17:31,060] Trial 10 finished with value: 0.9647058823529412 and parameters: {'num_leaves': 16, 'learning_rate': 0.08667251281845686, 'feature_fraction': 0.9956044181457615, 'bagging_fraction': 0.40330192963539346, 'bagging_freq': 1, 'min_child_samples': 5}. Best is trial 6 with value: 0.9686274509803922.
[I 2025-09-17 13:17:31,140] Trial 11 finished with value: 0.9647058823529412 and parameters: {'num_leaves': 15, 'learning_rate': 0.08763508681471767, 'feature_fraction': 0.9815187311700961, 'bagging_fraction': 0.42532873400020477, 'bagging_freq': 1, 'min_child_samples': 6}. Best is trial 6 with value: 0.9686274509803922.
[I 2025-09-17 13:17:31,171] Trial 12 finished with value: 0.9490196078431372 and parameters: {'num_leaves': 60, 'learning_rate': 0.17484359284592008, 'feature_fraction': 0.8462941431181983, 'bagging_fraction': 0.5293252280135217, 'bagging_freq': 1, 'min_child_samples': 21}. Best is trial 6 with value: 0.9686274509803922.
[I 2025-09-17 13:17:31,207] Trial 13 finished with value: 0.9529411764705883 and parameters: {'num_leaves': 14, 'learning_rate': 0.08432085186314398, 'feature_fraction': 0.9002888051144577, 'bagging_fraction': 0.5149003119102089, 'bagging_freq': 1, 'min_child_samples': 22}. Best is trial 6 with value: 0.9686274509803922.
[I 2025-09-17 13:17:31,299] Trial 14 finished with value: 0.9686274509803922 and parameters: {'num_leaves': 81, 'learning_rate': 0.16734207693915393, 'feature_fraction': 0.8142236281199496, 'bagging_fraction': 0.5085096347352904, 'bagging_freq': 3, 'min_child_samples': 6}. Best is trial 6 with value: 0.9686274509803922.
[I 2025-09-17 13:17:31,322] Trial 15 finished with value: 0.9372549019607843 and parameters: {'num_leaves': 77, 'learning_rate': 0.18486423859940526, 'feature_fraction': 0.8006926162022919, 'bagging_fraction': 0.5246707566240006, 'bagging_freq': 4, 'min_child_samples': 31}. Best is trial 6 with value: 0.9686274509803922.
[I 2025-09-17 13:17:31,357] Trial 16 finished with value: 0.9725490196078431 and parameters: {'num_leaves': 298, 'learning_rate': 0.29059297773380477, 'feature_fraction': 0.9107042502100663, 'bagging_fraction': 0.5804124903478943, 'bagging_freq': 3, 'min_child_samples': 18}. Best is trial 16 with value: 0.9725490196078431.
[I 2025-09-17 13:17:31,389] Trial 17 finished with value: 0.9921568627450981 and parameters: {'num_leaves': 295, 'learning_rate': 0.2663553785966717, 'feature_fraction': 0.9244210189214825, 'bagging_fraction': 0.5808748475392835, 'bagging_freq': 4, 'min_child_samples': 18}. Best is trial 17 with value: 0.9921568627450981.
[I 2025-09-17 13:17:31,403] Trial 18 finished with value: 0.5 and parameters: {'num_leaves': 294, 'learning_rate': 0.2932125724736754, 'feature_fraction': 0.4077875430282179, 'bagging_fraction': 0.5984430525518964, 'bagging_freq': 7, 'min_child_samples': 66}. Best is trial 17 with value: 0.9921568627450981.
[I 2025-09-17 13:17:31,435] Trial 19 finished with value: 0.9411764705882353 and parameters: {'num_leaves': 287, 'learning_rate': 0.2910207445372157, 'feature_fraction': 0.8825224858941124, 'bagging_fraction': 0.7238954235119672, 'bagging_freq': 4, 'min_child_samples': 19}. Best is trial 17 with value: 0.9921568627450981.
[I 2025-09-17 13:17:31,457] Trial 20 finished with value: 0.9490196078431373 and parameters: {'num_leaves': 237, 'learning_rate': 0.259840203302789, 'feature_fraction': 0.7425057794504428, 'bagging_fraction': 0.7298622501402715, 'bagging_freq': 6, 'min_child_samples': 34}. Best is trial 17 with value: 0.9921568627450981.
[I 2025-09-17 13:17:31,501] Trial 21 finished with value: 0.9568627450980393 and parameters: {'num_leaves': 195, 'learning_rate': 0.20132910887876887, 'feature_fraction': 0.9385014398641115, 'bagging_fraction': 0.5785775538442853, 'bagging_freq': 3, 'min_child_samples': 16}. Best is trial 17 with value: 0.9921568627450981.
[I 2025-09-17 13:17:31,536] Trial 22 finished with value: 0.996078431372549 and parameters: {'num_leaves': 264, 'learning_rate': 0.267243815658811, 'feature_fraction': 0.9350870831910103, 'bagging_fraction': 0.4663524912661457, 'bagging_freq': 4, 'min_child_samples': 14}. Best is trial 22 with value: 0.996078431372549.
[I 2025-09-17 13:17:31,569] Trial 23 finished with value: 1.0 and parameters: {'num_leaves': 265, 'learning_rate': 0.2630597677578569, 'feature_fraction': 0.8498353448189048, 'bagging_fraction': 0.47919447146121297, 'bagging_freq': 4, 'min_child_samples': 15}. Best is trial 23 with value: 1.0.
[I 2025-09-17 13:17:31,594] Trial 24 finished with value: 0.9137254901960784 and parameters: {'num_leaves': 265, 'learning_rate': 0.2640208940317085, 'feature_fraction': 0.8448001651971906, 'bagging_fraction': 0.469659549237984, 'bagging_freq': 4, 'min_child_samples': 28}. Best is trial 23 with value: 1.0.
[I 2025-09-17 13:17:31,606] Trial 25 finished with value: 0.5 and parameters: {'num_leaves': 209, 'learning_rate': 0.2534027182470161, 'feature_fraction': 0.8490307971029798, 'bagging_fraction': 0.47138897999493223, 'bagging_freq': 4, 'min_child_samples': 60}. Best is trial 23 with value: 1.0.
[I 2025-09-17 13:17:31,645] Trial 26 finished with value: 0.9921568627450981 and parameters: {'num_leaves': 269, 'learning_rate': 0.20750205214115078, 'feature_fraction': 0.9326841728803503, 'bagging_fraction': 0.4687018612870961, 'bagging_freq': 5, 'min_child_samples': 14}. Best is trial 23 with value: 1.0.
[I 2025-09-17 13:17:31,665] Trial 27 finished with value: 0.9294117647058824 and parameters: {'num_leaves': 263, 'learning_rate': 0.2774906894742668, 'feature_fraction': 0.7669894723426524, 'bagging_fraction': 0.5521720680171782, 'bagging_freq': 6, 'min_child_samples': 39}. Best is trial 23 with value: 1.0.
[I 2025-09-17 13:17:31,677] Trial 28 finished with value: 0.5 and parameters: {'num_leaves': 215, 'learning_rate': 0.24472470404491065, 'feature_fraction': 0.8691526262868148, 'bagging_fraction': 0.6310031729722966, 'bagging_freq': 4, 'min_child_samples': 95}. Best is trial 23 with value: 1.0.
[I 2025-09-17 13:17:31,702] Trial 29 finished with value: 0.9725490196078432 and parameters: {'num_leaves': 163, 'learning_rate': 0.2352266140312816, 'feature_fraction': 0.9544013794732672, 'bagging_fraction': 0.4671018428122988, 'bagging_freq': 6, 'min_child_samples': 25}. Best is trial 23 with value: 1.0.
[I 2025-09-17 13:17:31,725] Trial 30 finished with value: 0.9607843137254902 and parameters: {'num_leaves': 280, 'learning_rate': 0.2742730490350486, 'feature_fraction': 0.8098939636866593, 'bagging_fraction': 0.6743426187200467, 'bagging_freq': 5, 'min_child_samples': 35}. Best is trial 23 with value: 1.0.
[I 2025-09-17 13:17:31,761] Trial 31 finished with value: 0.9843137254901961 and parameters: {'num_leaves': 261, 'learning_rate': 0.2092723817118843, 'feature_fraction': 0.9315466198562133, 'bagging_fraction': 0.44767925654440893, 'bagging_freq': 5, 'min_child_samples': 15}. Best is trial 23 with value: 1.0.
[I 2025-09-17 13:17:31,810] Trial 32 finished with value: 0.9490196078431372 and parameters: {'num_leaves': 251, 'learning_rate': 0.199303898533961, 'feature_fraction': 0.9596058652949355, 'bagging_fraction': 0.4945422339539691, 'bagging_freq': 4, 'min_child_samples': 13}. Best is trial 23 with value: 1.0.
[I 2025-09-17 13:17:31,847] Trial 33 finished with value: 0.9764705882352942 and parameters: {'num_leaves': 272, 'learning_rate': 0.23433271508920858, 'feature_fraction': 0.9136698866640294, 'bagging_fraction': 0.5518046548717775, 'bagging_freq': 5, 'min_child_samples': 12}. Best is trial 23 with value: 1.0.
[I 2025-09-17 13:17:31,875] Trial 34 finished with value: 0.9647058823529412 and parameters: {'num_leaves': 222, 'learning_rate': 0.21644461100316154, 'feature_fraction': 0.9936523564638061, 'bagging_fraction': 0.4402852893802434, 'bagging_freq': 4, 'min_child_samples': 25}. Best is trial 23 with value: 1.0.
[I 2025-09-17 13:17:31,920] Trial 35 finished with value: 0.9529411764705883 and parameters: {'num_leaves': 191, 'learning_rate': 0.2728378572195113, 'feature_fraction': 0.8920195858852438, 'bagging_fraction': 0.48826634338209396, 'bagging_freq': 5, 'min_child_samples': 12}. Best is trial 23 with value: 1.0.
[I 2025-09-17 13:17:31,933] Trial 36 finished with value: 0.5 and parameters: {'num_leaves': 248, 'learning_rate': 0.22524364288080337, 'feature_fraction': 0.8680277871946165, 'bagging_fraction': 0.548557742226981, 'bagging_freq': 6, 'min_child_samples': 79}. Best is trial 23 with value: 1.0.
[I 2025-09-17 13:17:31,946] Trial 37 finished with value: 0.5 and parameters: {'num_leaves': 276, 'learning_rate': 0.24719128913800562, 'feature_fraction': 0.9671280696327079, 'bagging_fraction': 0.5963043741450611, 'bagging_freq': 5, 'min_child_samples': 46}. Best is trial 23 with value: 1.0.
[I 2025-09-17 13:17:31,995] Trial 38 finished with value: 0.9882352941176471 and parameters: {'num_leaves': 231, 'learning_rate': 0.29764426939831196, 'feature_fraction': 0.825240356569952, 'bagging_fraction': 0.437509394678802, 'bagging_freq': 3, 'min_child_samples': 10}. Best is trial 23 with value: 1.0.
[I 2025-09-17 13:17:32,034] Trial 39 finished with value: 0.9411764705882353 and parameters: {'num_leaves': 252, 'learning_rate': 0.14692907271683453, 'feature_fraction': 0.7799900976568195, 'bagging_fraction': 0.9700592071031786, 'bagging_freq': 4, 'min_child_samples': 29}. Best is trial 23 with value: 1.0.
[I 2025-09-17 13:17:32,047] Trial 40 finished with value: 0.5 and parameters: {'num_leaves': 299, 'learning_rate': 0.1899090822844282, 'feature_fraction': 0.7002749607919017, 'bagging_fraction': 0.4065848498464704, 'bagging_freq': 7, 'min_child_samples': 56}. Best is trial 23 with value: 1.0.
[I 2025-09-17 13:17:32,096] Trial 41 finished with value: 0.9647058823529412 and parameters: {'num_leaves': 230, 'learning_rate': 0.2968913390310985, 'feature_fraction': 0.8317163847349427, 'bagging_fraction': 0.4465422877679563, 'bagging_freq': 3, 'min_child_samples': 11}. Best is trial 23 with value: 1.0.
[I 2025-09-17 13:17:32,128] Trial 42 finished with value: 0.9803921568627452 and parameters: {'num_leaves': 282, 'learning_rate': 0.2750812417791856, 'feature_fraction': 0.920268981060258, 'bagging_fraction': 0.48219635295640273, 'bagging_freq': 3, 'min_child_samples': 23}. Best is trial 23 with value: 1.0.
[I 2025-09-17 13:17:32,175] Trial 43 finished with value: 0.9607843137254902 and parameters: {'num_leaves': 143, 'learning_rate': 0.28242398959406423, 'feature_fraction': 0.8720847835514267, 'bagging_fraction': 0.4346169875755067, 'bagging_freq': 3, 'min_child_samples': 9}. Best is trial 23 with value: 1.0.
[I 2025-09-17 13:17:32,209] Trial 44 finished with value: 0.9529411764705883 and parameters: {'num_leaves': 242, 'learning_rate': 0.2992543156619651, 'feature_fraction': 0.9214970956881557, 'bagging_fraction': 0.4611872944699874, 'bagging_freq': 2, 'min_child_samples': 17}. Best is trial 23 with value: 1.0.
[I 2025-09-17 13:17:32,265] Trial 45 finished with value: 0.9647058823529412 and parameters: {'num_leaves': 199, 'learning_rate': 0.26214553892229303, 'feature_fraction': 0.5449379924807258, 'bagging_fraction': 0.507080767419481, 'bagging_freq': 5, 'min_child_samples': 9}. Best is trial 23 with value: 1.0.
[I 2025-09-17 13:17:32,292] Trial 46 finished with value: 0.9686274509803922 and parameters: {'num_leaves': 261, 'learning_rate': 0.23951891597506433, 'feature_fraction': 0.7408897456244559, 'bagging_fraction': 0.4058424904481793, 'bagging_freq': 4, 'min_child_samples': 19}. Best is trial 23 with value: 1.0.
[I 2025-09-17 13:17:32,382] Trial 47 finished with value: 0.9411764705882354 and parameters: {'num_leaves': 181, 'learning_rate': 0.03846054152067292, 'feature_fraction': 0.6641223935571887, 'bagging_fraction': 0.5489060783675999, 'bagging_freq': 3, 'min_child_samples': 6}. Best is trial 23 with value: 1.0.
[I 2025-09-17 13:17:32,415] Trial 48 finished with value: 0.9725490196078431 and parameters: {'num_leaves': 225, 'learning_rate': 0.22589560187880095, 'feature_fraction': 0.9659124574221366, 'bagging_fraction': 0.7868841967842505, 'bagging_freq': 4, 'min_child_samples': 25}. Best is trial 23 with value: 1.0.
[I 2025-09-17 13:17:32,458] Trial 49 finished with value: 0.9607843137254902 and parameters: {'num_leaves': 284, 'learning_rate': 0.25224690577625936, 'feature_fraction': 0.819123954036614, 'bagging_fraction': 0.5311342427614353, 'bagging_freq': 5, 'min_child_samples': 15}. Best is trial 23 with value: 1.0.
[I 2025-09-17 13:17:32,632] A new study created in memory with name: no-name-9a0bfed8-0433-4404-bba1-20487f5cbc15
