[I 2025-09-17 13:17:44,226] Trial 9 finished with value: 0.5 and parameters: {'num_leaves': 122, 'learning_rate': 0.1299820591594254, 'feature_fraction': 0.6714723884980711, 'bagging_fraction': 0.8599311066956801, 'bagging_freq': 7, 'min_child_samples': 97}. Best is trial 4 with value: 0.8412698412698413.
[I 2025-09-17 13:17:44,249] Trial 10 finished with value: 0.75 and parameters: {'num_leaves': 233, 'learning_rate': 0.19087370714791496, 'feature_fraction': 0.9758941903012577, 'bagging_fraction': 0.9610707789639519, 'bagging_freq': 5, 'min_child_samples': 30}. Best is trial 4 with value: 0.8412698412698413.
[I 2025-09-17 13:17:44,281] Trial 11 finished with value: 0.7936507936507936 and parameters: {'num_leaves': 290, 'learning_rate': 0.10818670657657908, 'feature_fraction': 0.4072413762189125, 'bagging_fraction': 0.8246789112456079, 'bagging_freq': 1, 'min_child_samples': 25}. Best is trial 4 with value: 0.8412698412698413.
[I 2025-09-17 13:17:44,365] Trial 12 finished with value: 0.7341269841269841 and parameters: {'num_leaves': 237, 'learning_rate': 0.07841902812761181, 'feature_fraction': 0.852869253459608, 'bagging_fraction': 0.5540601564695046, 'bagging_freq': 3, 'min_child_samples': 5}. Best is trial 4 with value: 0.8412698412698413.
[I 2025-09-17 13:17:44,391] Trial 13 finished with value: 0.8531746031746031 and parameters: {'num_leaves': 295, 'learning_rate': 0.1762378558709466, 'feature_fraction': 0.4257796182178685, 'bagging_fraction': 0.8374136497223001, 'bagging_freq': 5, 'min_child_samples': 27}. Best is trial 13 with value: 0.8531746031746031.
[I 2025-09-17 13:17:44,403] Trial 14 finished with value: 0.5 and parameters: {'num_leaves': 206, 'learning_rate': 0.2018718022848558, 'feature_fraction': 0.5348599277874478, 'bagging_fraction': 0.8288490056146834, 'bagging_freq': 5, 'min_child_samples': 62}. Best is trial 13 with value: 0.8531746031746031.
[I 2025-09-17 13:17:44,424] Trial 15 finished with value: 0.8055555555555556 and parameters: {'num_leaves': 300, 'learning_rate': 0.18859963786107956, 'feature_fraction': 0.8136549552253661, 'bagging_fraction': 0.9876602237413752, 'bagging_freq': 5, 'min_child_samples': 35}. Best is trial 13 with value: 0.8531746031746031.
[I 2025-09-17 13:17:44,436] Trial 16 finished with value: 0.5 and parameters: {'num_leaves': 247, 'learning_rate': 0.2270176939088934, 'feature_fraction': 0.9912622568887572, 'bagging_fraction': 0.9058464647961009, 'bagging_freq': 6, 'min_child_samples': 65}. Best is trial 13 with value: 0.8531746031746031.
[I 2025-09-17 13:17:44,479] Trial 17 finished with value: 0.7777777777777778 and parameters: {'num_leaves': 132, 'learning_rate': 0.09789440583034996, 'feature_fraction': 0.6281005699668977, 'bagging_fraction': 0.765373752055584, 'bagging_freq': 6, 'min_child_samples': 19}. Best is trial 13 with value: 0.8531746031746031.
[I 2025-09-17 13:17:44,501] Trial 18 finished with value: 0.8293650793650793 and parameters: {'num_leaves': 205, 'learning_rate': 0.017620778584810065, 'feature_fraction': 0.4653776675441041, 'bagging_fraction': 0.7755196262641681, 'bagging_freq': 4, 'min_child_samples': 36}. Best is trial 13 with value: 0.8531746031746031.
[I 2025-09-17 13:17:44,520] Trial 19 finished with value: 0.6904761904761905 and parameters: {'num_leaves': 271, 'learning_rate': 0.14953588252049377, 'feature_fraction': 0.7838260920863327, 'bagging_fraction': 0.9227215089426053, 'bagging_freq': 6, 'min_child_samples': 48}. Best is trial 13 with value: 0.8531746031746031.
[I 2025-09-17 13:17:44,548] Trial 20 finished with value: 0.8293650793650794 and parameters: {'num_leaves': 161, 'learning_rate': 0.16358798637576763, 'feature_fraction': 0.9342127816535731, 'bagging_fraction': 0.6387016416772445, 'bagging_freq': 5, 'min_child_samples': 15}. Best is trial 13 with value: 0.8531746031746031.
[I 2025-09-17 13:17:44,574] Trial 21 finished with value: 0.8194444444444444 and parameters: {'num_leaves': 154, 'learning_rate': 0.16173123771041323, 'feature_fraction': 0.9341363709435808, 'bagging_fraction': 0.6314561250946522, 'bagging_freq': 5, 'min_child_samples': 16}. Best is trial 13 with value: 0.8531746031746031.
[I 2025-09-17 13:17:44,657] Trial 22 finished with value: 0.7341269841269841 and parameters: {'num_leaves': 184, 'learning_rate': 0.22557726538905593, 'feature_fraction': 0.8441777777449351, 'bagging_fraction': 0.771172144669489, 'bagging_freq': 4, 'min_child_samples': 5}. Best is trial 13 with value: 0.8531746031746031.
[I 2025-09-17 13:17:44,680] Trial 23 finished with value: 0.8214285714285714 and parameters: {'num_leaves': 108, 'learning_rate': 0.17459157441660905, 'feature_fraction': 0.9377506101372306, 'bagging_fraction': 0.8811104657061448, 'bagging_freq': 5, 'min_child_samples': 28}. Best is trial 13 with value: 0.8531746031746031.
[I 2025-09-17 13:17:44,709] Trial 24 finished with value: 0.8412698412698413 and parameters: {'num_leaves': 208, 'learning_rate': 0.12222918686199762, 'feature_fraction': 0.5880187075189961, 'bagging_fraction': 0.6368118524589348, 'bagging_freq': 3, 'min_child_samples': 19}. Best is trial 13 with value: 0.8531746031746031.
[I 2025-09-17 13:17:44,739] Trial 25 finished with value: 0.8293650793650793 and parameters: {'num_leaves': 220, 'learning_rate': 0.04397978689199229, 'feature_fraction': 0.5493968672758913, 'bagging_fraction': 0.7905623633570793, 'bagging_freq': 3, 'min_child_samples': 31}. Best is trial 13 with value: 0.8531746031746031.
[I 2025-09-17 13:17:44,780] Trial 26 finished with value: 0.7857142857142857 and parameters: {'num_leaves': 266, 'learning_rate': 0.11447841182143917, 'feature_fraction': 0.46337217178137624, 'bagging_fraction': 0.7333856653010504, 'bagging_freq': 3, 'min_child_samples': 22}. Best is trial 13 with value: 0.8531746031746031.
[I 2025-09-17 13:17:44,797] Trial 27 finished with value: 0.7976190476190477 and parameters: {'num_leaves': 185, 'learning_rate': 0.07862292038378574, 'feature_fraction': 0.6072566489433782, 'bagging_fraction': 0.8323370753080379, 'bagging_freq': 2, 'min_child_samples': 41}. Best is trial 13 with value: 0.8531746031746031.
[I 2025-09-17 13:17:44,810] Trial 28 finished with value: 0.5 and parameters: {'num_leaves': 253, 'learning_rate': 0.13683559228739614, 'feature_fraction': 0.6689343015997112, 'bagging_fraction': 0.930196255516619, 'bagging_freq': 3, 'min_child_samples': 62}. Best is trial 13 with value: 0.8531746031746031.
[I 2025-09-17 13:17:44,822] Trial 29 finished with value: 0.5 and parameters: {'num_leaves': 210, 'learning_rate': 0.0367611694541803, 'feature_fraction': 0.45927818512358976, 'bagging_fraction': 0.6602551280236972, 'bagging_freq': 4, 'min_child_samples': 80}. Best is trial 13 with value: 0.8531746031746031.
[I 2025-09-17 13:17:44,887] Trial 30 finished with value: 0.7539682539682541 and parameters: {'num_leaves': 143, 'learning_rate': 0.09689115514469678, 'feature_fraction': 0.5783964344984853, 'bagging_fraction': 0.5982837356577908, 'bagging_freq': 6, 'min_child_samples': 9}. Best is trial 13 with value: 0.8531746031746031.
[I 2025-09-17 13:17:44,917] Trial 31 finished with value: 0.7837301587301587 and parameters: {'num_leaves': 168, 'learning_rate': 0.15640471181141552, 'feature_fraction': 0.8933121246998255, 'bagging_fraction': 0.6380041351798562, 'bagging_freq': 5, 'min_child_samples': 15}. Best is trial 13 with value: 0.8531746031746031.
[I 2025-09-17 13:17:44,943] Trial 32 finished with value: 0.8095238095238095 and parameters: {'num_leaves': 192, 'learning_rate': 0.17306049327912415, 'feature_fraction': 0.93841599255889, 'bagging_fraction': 0.5001493659153606, 'bagging_freq': 6, 'min_child_samples': 14}. Best is trial 13 with value: 0.8531746031746031.
[I 2025-09-17 13:17:44,971] Trial 33 finished with value: 0.8214285714285714 and parameters: {'num_leaves': 48, 'learning_rate': 0.20339101593050782, 'feature_fraction': 0.8609371956221938, 'bagging_fraction': 0.7312205323774723, 'bagging_freq': 4, 'min_child_samples': 20}. Best is trial 13 with value: 0.8531746031746031.
[I 2025-09-17 13:17:45,022] Trial 34 finished with value: 0.7698412698412698 and parameters: {'num_leaves': 173, 'learning_rate': 0.061569124501403755, 'feature_fraction': 0.7691357981092772, 'bagging_fraction': 0.6844534760514829, 'bagging_freq': 5, 'min_child_samples': 11}. Best is trial 13 with value: 0.8531746031746031.
[I 2025-09-17 13:17:45,038] Trial 35 finished with value: 0.8273809523809524 and parameters: {'num_leaves': 151, 'learning_rate': 0.2661272519761986, 'feature_fraction': 0.707361274765226, 'bagging_fraction': 0.6132242049424598, 'bagging_freq': 3, 'min_child_samples': 35}. Best is trial 13 with value: 0.8531746031746031.
[I 2025-09-17 13:17:45,060] Trial 36 finished with value: 0.6468253968253969 and parameters: {'num_leaves': 83, 'learning_rate': 0.2218138000204505, 'feature_fraction': 0.5076864393051914, 'bagging_fraction': 0.4017017410733493, 'bagging_freq': 7, 'min_child_samples': 26}. Best is trial 13 with value: 0.8531746031746031.
[I 2025-09-17 13:17:45,086] Trial 37 finished with value: 0.8055555555555557 and parameters: {'num_leaves': 222, 'learning_rate': 0.12228061606065424, 'feature_fraction': 0.641707694755749, 'bagging_fraction': 0.5183243879118434, 'bagging_freq': 2, 'min_child_samples': 17}. Best is trial 13 with value: 0.8531746031746031.
[I 2025-09-17 13:17:45,101] Trial 38 finished with value: 0.7182539682539681 and parameters: {'num_leaves': 111, 'learning_rate': 0.14306545040062135, 'feature_fraction': 0.9066150383883136, 'bagging_fraction': 0.6685050547499604, 'bagging_freq': 6, 'min_child_samples': 41}. Best is trial 13 with value: 0.8531746031746031.
[I 2025-09-17 13:17:45,144] Trial 39 finished with value: 0.7658730158730158 and parameters: {'num_leaves': 284, 'learning_rate': 0.16610778426563533, 'feature_fraction': 0.810625237113873, 'bagging_fraction': 0.7261932570813338, 'bagging_freq': 5, 'min_child_samples': 10}. Best is trial 13 with value: 0.8531746031746031.
[I 2025-09-17 13:17:45,173] Trial 40 finished with value: 0.8095238095238095 and parameters: {'num_leaves': 74, 'learning_rate': 0.09250717125310937, 'feature_fraction': 0.7486472366055288, 'bagging_fraction': 0.7999043093755579, 'bagging_freq': 7, 'min_child_samples': 22}. Best is trial 13 with value: 0.8531746031746031.
[I 2025-09-17 13:17:45,200] Trial 41 finished with value: 0.8214285714285715 and parameters: {'num_leaves': 200, 'learning_rate': 0.013596656487045122, 'feature_fraction': 0.44870744321658973, 'bagging_fraction': 0.8553257598990529, 'bagging_freq': 4, 'min_child_samples': 37}. Best is trial 13 with value: 0.8531746031746031.
Early stopping, best iteration is:
[6]	valid_0's binary_logloss: 0.600553
Training until validation scores don't improve for 50 rounds
Early stopping, best iteration is:
[4]	valid_0's binary_logloss: 0.591219
Training until validation scores don't improve for 50 rounds
Early stopping, best iteration is:
[2]	valid_0's binary_logloss: 0.619747
Training until validation scores don't improve for 50 rounds
Early stopping, best iteration is:
[1]	valid_0's binary_logloss: 0.685521
Training until validation scores don't improve for 50 rounds
Early stopping, best iteration is:
[12]	valid_0's binary_logloss: 0.590902
Training until validation scores don't improve for 50 rounds
Early stopping, best iteration is:
[4]	valid_0's binary_logloss: 0.685521
Training until validation scores don't improve for 50 rounds
Early stopping, best iteration is:
[3]	valid_0's binary_logloss: 0.606742
Training until validation scores don't improve for 50 rounds
Early stopping, best iteration is:
[1]	valid_0's binary_logloss: 0.685521
Training until validation scores don't improve for 50 rounds
Early stopping, best iteration is:
[27]	valid_0's binary_logloss: 0.61223
Training until validation scores don't improve for 50 rounds
Early stopping, best iteration is:
[4]	valid_0's binary_logloss: 0.578836
Training until validation scores don't improve for 50 rounds
Early stopping, best iteration is:
[30]	valid_0's binary_logloss: 0.60695
Training until validation scores don't improve for 50 rounds
Early stopping, best iteration is:
[18]	valid_0's binary_logloss: 0.574864
Training until validation scores don't improve for 50 rounds
Did not meet early stopping. Best iteration is:
[80]	valid_0's binary_logloss: 0.596694
Training until validation scores don't improve for 50 rounds
Early stopping, best iteration is:
[20]	valid_0's binary_logloss: 0.606401
Training until validation scores don't improve for 50 rounds
Early stopping, best iteration is:
[4]	valid_0's binary_logloss: 0.580114
Training until validation scores don't improve for 50 rounds
Early stopping, best iteration is:
[3]	valid_0's binary_logloss: 0.685521
Training until validation scores don't improve for 50 rounds
Early stopping, best iteration is:
[8]	valid_0's binary_logloss: 0.526206
Training until validation scores don't improve for 50 rounds
Early stopping, best iteration is:
[6]	valid_0's binary_logloss: 0.623792
Training until validation scores don't improve for 50 rounds
Early stopping, best iteration is:
[13]	valid_0's binary_logloss: 0.685521
Training until validation scores don't improve for 50 rounds
Early stopping, best iteration is:
[4]	valid_0's binary_logloss: 0.590757
Training until validation scores don't improve for 50 rounds
Early stopping, best iteration is:
[1]	valid_0's binary_logloss: 0.685521
Training until validation scores don't improve for 50 rounds
Early stopping, best iteration is:
[42]	valid_0's binary_logloss: 0.676421
Training until validation scores don't improve for 50 rounds
Early stopping, best iteration is:
[12]	valid_0's binary_logloss: 0.588431
Training until validation scores don't improve for 50 rounds
Early stopping, best iteration is:
[2]	valid_0's binary_logloss: 0.685521
Training until validation scores don't improve for 50 rounds
Early stopping, best iteration is:
[21]	valid_0's binary_logloss: 0.598818
Training until validation scores don't improve for 50 rounds
Early stopping, best iteration is:
[11]	valid_0's binary_logloss: 0.611739
Training until validation scores don't improve for 50 rounds
Did not meet early stopping. Best iteration is:
[60]	valid_0's binary_logloss: 0.54835
Training until validation scores don't improve for 50 rounds
Early stopping, best iteration is:
[3]	valid_0's binary_logloss: 0.685521
Training until validation scores don't improve for 50 rounds
Early stopping, best iteration is:
[8]	valid_0's binary_logloss: 0.591727
Training until validation scores don't improve for 50 rounds
Early stopping, best iteration is:
[16]	valid_0's binary_logloss: 0.58755
Training until validation scores don't improve for 50 rounds
Early stopping, best iteration is:
[21]	valid_0's binary_logloss: 0.620553
Training until validation scores don't improve for 50 rounds
Early stopping, best iteration is:
[8]	valid_0's binary_logloss: 0.561629
Training until validation scores don't improve for 50 rounds
Early stopping, best iteration is:
[2]	valid_0's binary_logloss: 0.685521
Training until validation scores don't improve for 50 rounds
Early stopping, best iteration is:
[8]	valid_0's binary_logloss: 0.597401
Training until validation scores don't improve for 50 rounds
Early stopping, best iteration is:
[1]	valid_0's binary_logloss: 0.685521
Training until validation scores don't improve for 50 rounds
Early stopping, best iteration is:
[42]	valid_0's binary_logloss: 0.558741
Training until validation scores don't improve for 50 rounds
Did not meet early stopping. Best iteration is:
[68]	valid_0's binary_logloss: 0.62524
Training until validation scores don't improve for 50 rounds
Early stopping, best iteration is:
[22]	valid_0's binary_logloss: 0.632334
Training until validation scores don't improve for 50 rounds
Early stopping, best iteration is:
[10]	valid_0's binary_logloss: 0.54509
Training until validation scores don't improve for 50 rounds
Early stopping, best iteration is:
[9]	valid_0's binary_logloss: 0.558074
Training until validation scores don't improve for 50 rounds
Early stopping, best iteration is:
[7]	valid_0's binary_logloss: 0.601597
Training until validation scores don't improve for 50 rounds
Early stopping, best iteration is:
[10]	valid_0's binary_logloss: 0.55914
Training until validation scores don't improve for 50 rounds
Early stopping, best iteration is:
[6]	valid_0's binary_logloss: 0.575862
Training until validation scores don't improve for 50 rounds
Early stopping, best iteration is:
[33]	valid_0's binary_logloss: 0.592827
Training until validation scores don't improve for 50 rounds
Early stopping, best iteration is:
[43]	valid_0's binary_logloss: 0.568077
Training until validation scores don't improve for 50 rounds
Early stopping, best iteration is:
[8]	valid_0's binary_logloss: 0.626982
Training until validation scores don't improve for 50 rounds
Early stopping, best iteration is:
[1]	valid_0's binary_logloss: 0.685521
Training until validation scores don't improve for 50 rounds
Early stopping, best iteration is:
[2]	valid_0's binary_logloss: 0.685521
Training until validation scores don't improve for 50 rounds
Early stopping, best iteration is:
[33]	valid_0's binary_logloss: 0.580363
Training until validation scores don't improve for 50 rounds
Early stopping, best iteration is:
[9]	valid_0's binary_logloss: 0.569483
Training until validation scores don't improve for 50 rounds
Early stopping, best iteration is:
[9]	valid_0's binary_logloss: 0.547265
Training until validation scores don't improve for 50 rounds
Early stopping, best iteration is:
[7]	valid_0's binary_logloss: 0.567719
Training until validation scores don't improve for 50 rounds
Early stopping, best iteration is:
[31]	valid_0's binary_logloss: 0.576977
Training until validation scores don't improve for 50 rounds
Early stopping, best iteration is:
[6]	valid_0's binary_logloss: 0.581541
Training until validation scores don't improve for 50 rounds
Early stopping, best iteration is:
[21]	valid_0's binary_logloss: 0.607323
Training until validation scores don't improve for 50 rounds
Early stopping, best iteration is:
[11]	valid_0's binary_logloss: 0.569461
Training until validation scores don't improve for 50 rounds
Early stopping, best iteration is:
[6]	valid_0's binary_logloss: 0.64094
Training until validation scores don't improve for 50 rounds
Early stopping, best iteration is:
[10]	valid_0's binary_logloss: 0.572142
Training until validation scores don't improve for 50 rounds
Early stopping, best iteration is:
[13]	valid_0's binary_logloss: 0.585944
Training until validation scores don't improve for 50 rounds
Did not meet early stopping. Best iteration is:
[100]	valid_0's binary_logloss: 0.624017
Training until validation scores don't improve for 50 rounds
[I 2025-09-17 13:17:45,231] Trial 42 finished with value: 0.8214285714285715 and parameters: {'num_leaves': 170, 'learning_rate': 0.03261032104738675, 'feature_fraction': 0.4173711100554934, 'bagging_fraction': 0.7476481923769324, 'bagging_freq': 4, 'min_child_samples': 32}. Best is trial 13 with value: 0.8531746031746031.
[I 2025-09-17 13:17:45,245] Trial 43 finished with value: 0.5 and parameters: {'num_leaves': 226, 'learning_rate': 0.025213059924318, 'feature_fraction': 0.44006307632216507, 'bagging_fraction': 0.6969368523483034, 'bagging_freq': 4, 'min_child_samples': 53}. Best is trial 13 with value: 0.8531746031746031.
[I 2025-09-17 13:17:45,280] Trial 44 finished with value: 0.7936507936507936 and parameters: {'num_leaves': 215, 'learning_rate': 0.05225334112161879, 'feature_fraction': 0.493656571003426, 'bagging_fraction': 0.7933429698335648, 'bagging_freq': 5, 'min_child_samples': 27}. Best is trial 13 with value: 0.8531746031746031.
[I 2025-09-17 13:17:45,300] Trial 45 finished with value: 0.7658730158730159 and parameters: {'num_leaves': 198, 'learning_rate': 0.1851860571935387, 'feature_fraction': 0.554647499120806, 'bagging_fraction': 0.46717058103509956, 'bagging_freq': 3, 'min_child_samples': 25}. Best is trial 13 with value: 0.8531746031746031.
[I 2025-09-17 13:17:45,321] Trial 46 finished with value: 0.7261904761904763 and parameters: {'num_leaves': 245, 'learning_rate': 0.013624879853552, 'feature_fraction': 0.47919029374801425, 'bagging_fraction': 0.5857345532985377, 'bagging_freq': 4, 'min_child_samples': 38}. Best is trial 13 with value: 0.8531746031746031.
[I 2025-09-17 13:17:45,339] Trial 47 finished with value: 0.8194444444444444 and parameters: {'num_leaves': 127, 'learning_rate': 0.07298943970806376, 'feature_fraction': 0.9618864872756235, 'bagging_fraction': 0.864776718685661, 'bagging_freq': 4, 'min_child_samples': 47}. Best is trial 13 with value: 0.8531746031746031.
[I 2025-09-17 13:17:45,391] Trial 48 finished with value: 0.6825396825396826 and parameters: {'num_leaves': 176, 'learning_rate': 0.05549498714406315, 'feature_fraction': 0.5788895394620373, 'bagging_fraction': 0.7611776923914925, 'bagging_freq': 6, 'min_child_samples': 12}. Best is trial 13 with value: 0.8531746031746031.
[I 2025-09-17 13:17:45,423] Trial 49 finished with value: 0.7857142857142856 and parameters: {'num_leaves': 137, 'learning_rate': 0.21119902354098835, 'feature_fraction': 0.9995802211700743, 'bagging_fraction': 0.8126426999682849, 'bagging_freq': 5, 'min_child_samples': 19}. Best is trial 13 with value: 0.8531746031746031.
[I 2025-09-17 13:17:45,802] A new study created in memory with name: no-name-ad992e20-5832-4851-ad79-5944ff3a364d
[I 2025-09-17 13:17:45,810] Trial 0 finished with value: 0.5 and parameters: {'num_leaves': 53, 'learning_rate': 0.18672076205887558, 'feature_fraction': 0.4712471097659775, 'bagging_fraction': 0.5719159785789838, 'bagging_freq': 7, 'min_child_samples': 89}. Best is trial 0 with value: 0.5.
