[I 2025-09-17 13:15:37,816] Trial 12 finished with value: 0.9238095238095239 and parameters: {'num_leaves': 197, 'learning_rate': 0.1215735024156929, 'feature_fraction': 0.9431304468128838, 'bagging_fraction': 0.8336042322872936, 'bagging_freq': 1, 'min_child_samples': 5}. Best is trial 11 with value: 0.9238095238095239.
Did not meet early stopping. Best iteration is:
[100]	valid_0's binary_logloss: 0.452211
Training until validation scores don't improve for 50 rounds
Early stopping, best iteration is:
[6]	valid_0's binary_logloss: 0.63665
Training until validation scores don't improve for 50 rounds
Early stopping, best iteration is:
[3]	valid_0's binary_logloss: 0.63665
Training until validation scores don't improve for 50 rounds
Early stopping, best iteration is:
[4]	valid_0's binary_logloss: 0.63665
Training until validation scores don't improve for 50 rounds
Early stopping, best iteration is:
[3]	valid_0's binary_logloss: 0.63665
Training until validation scores don't improve for 50 rounds
Did not meet early stopping. Best iteration is:
[75]	valid_0's binary_logloss: 0.585818
Training until validation scores don't improve for 50 rounds
Early stopping, best iteration is:
[27]	valid_0's binary_logloss: 0.351022
Training until validation scores don't improve for 50 rounds
Early stopping, best iteration is:
[17]	valid_0's binary_logloss: 0.385687
Training until validation scores don't improve for 50 rounds
Early stopping, best iteration is:
[7]	valid_0's binary_logloss: 0.397404
Training until validation scores don't improve for 50 rounds
Early stopping, best iteration is:
[14]	valid_0's binary_logloss: 0.404724
Training until validation scores don't improve for 50 rounds
Early stopping, best iteration is:
[10]	valid_0's binary_logloss: 0.387
Training until validation scores don't improve for 50 rounds
Early stopping, best iteration is:
[23]	valid_0's binary_logloss: 0.400328
Training until validation scores don't improve for 50 rounds
Early stopping, best iteration is:
[8]	valid_0's binary_logloss: 0.380818
Training until validation scores don't improve for 50 rounds
Early stopping, best iteration is:
[10]	valid_0's binary_logloss: 0.63665
Training until validation scores don't improve for 50 rounds
Did not meet early stopping. Best iteration is:
[93]	valid_0's binary_logloss: 0.519843
Training until validation scores don't improve for 50 rounds
Early stopping, best iteration is:
[15]	valid_0's binary_logloss: 0.275062
Training until validation scores don't improve for 50 rounds
Early stopping, best iteration is:
[36]	valid_0's binary_logloss: 0.379808
Training until validation scores don't improve for 50 rounds
Early stopping, best iteration is:
[18]	valid_0's binary_logloss: 0.306826
Training until validation scores don't improve for 50 rounds
Early stopping, best iteration is:
[21]	valid_0's binary_logloss: 0.251896
Training until validation scores don't improve for 50 rounds
Early stopping, best iteration is:
[19]	valid_0's binary_logloss: 0.377275
Training until validation scores don't improve for 50 rounds
Early stopping, best iteration is:
[11]	valid_0's binary_logloss: 0.317001
Training until validation scores don't improve for 50 rounds
Did not meet early stopping. Best iteration is:
[100]	valid_0's binary_logloss: 0.352447
Training until validation scores don't improve for 50 rounds
Early stopping, best iteration is:
[48]	valid_0's binary_logloss: 0.31732
Training until validation scores don't improve for 50 rounds
Early stopping, best iteration is:
[3]	valid_0's binary_logloss: 0.63665
Training until validation scores don't improve for 50 rounds
Early stopping, best iteration is:
[19]	valid_0's binary_logloss: 0.496302
Training until validation scores don't improve for 50 rounds
Early stopping, best iteration is:
[45]	valid_0's binary_logloss: 0.409798
Training until validation scores don't improve for 50 rounds
Did not meet early stopping. Best iteration is:
[99]	valid_0's binary_logloss: 0.365004
Training until validation scores don't improve for 50 rounds
Did not meet early stopping. Best iteration is:
[76]	valid_0's binary_logloss: 0.383693
Training until validation scores don't improve for 50 rounds
Early stopping, best iteration is:
[14]	valid_0's binary_logloss: 0.365504
Training until validation scores don't improve for 50 rounds
Early stopping, best iteration is:
[48]	valid_0's binary_logloss: 0.3644
Training until validation scores don't improve for 50 rounds
Early stopping, best iteration is:
[25]	valid_0's binary_logloss: 0.380217
Training until validation scores don't improve for 50 rounds
Early stopping, best iteration is:
[9]	valid_0's binary_logloss: 0.398173
Training until validation scores don't improve for 50 rounds
Early stopping, best iteration is:
[33]	valid_0's binary_logloss: 0.377132
Training until validation scores don't improve for 50 rounds
Early stopping, best iteration is:
[12]	valid_0's binary_logloss: 0.370701
Training until validation scores don't improve for 50 rounds
Early stopping, best iteration is:
[19]	valid_0's binary_logloss: 0.389183
Training until validation scores don't improve for 50 rounds
Did not meet early stopping. Best iteration is:
[75]	valid_0's binary_logloss: 0.377202
Training until validation scores don't improve for 50 rounds
Early stopping, best iteration is:
[25]	valid_0's binary_logloss: 0.384236
Training until validation scores don't improve for 50 rounds
Early stopping, best iteration is:
[25]	valid_0's binary_logloss: 0.387996
Training until validation scores don't improve for 50 rounds
Did not meet early stopping. Best iteration is:
[69]	valid_0's binary_logloss: 0.472938
Training until validation scores don't improve for 50 rounds
Early stopping, best iteration is:
[14]	valid_0's binary_logloss: 0.366908
Training until validation scores don't improve for 50 rounds
Early stopping, best iteration is:
[14]	valid_0's binary_logloss: 0.386077
Training until validation scores don't improve for 50 rounds
Early stopping, best iteration is:
[18]	valid_0's binary_logloss: 0.369618
Training until validation scores don't improve for 50 rounds
Did not meet early stopping. Best iteration is:
[89]	valid_0's binary_logloss: 0.37753
Training until validation scores don't improve for 50 rounds
Early stopping, best iteration is:
[13]	valid_0's binary_logloss: 0.338243
Training until validation scores don't improve for 50 rounds
Early stopping, best iteration is:
[14]	valid_0's binary_logloss: 0.336328
Training until validation scores don't improve for 50 rounds
Did not meet early stopping. Best iteration is:
[90]	valid_0's binary_logloss: 0.435329
Training model for P048... (normalize_per_user=True)
Training until validation scores don't improve for 50 rounds
Early stopping, best iteration is:
[2]	valid_0's binary_logloss: 0.693149
Training until validation scores don't improve for 50 rounds
Early stopping, best iteration is:
[29]	valid_0's binary_logloss: 0.450504
Training until validation scores don't improve for 50 rounds
Early stopping, best iteration is:
[36]	valid_0's binary_logloss: 0.474921
Training until validation scores don't improve for 50 rounds
Did not meet early stopping. Best iteration is:
[100]	valid_0's binary_logloss: 0.569474
Training until validation scores don't improve for 50 rounds
Early stopping, best iteration is:
[2]	valid_0's binary_logloss: 0.693149
Training until validation scores don't improve for 50 rounds
Early stopping, best iteration is:
[4]	valid_0's binary_logloss: 0.693149
Training until validation scores don't improve for 50 rounds
Did not meet early stopping. Best iteration is:
[71]	valid_0's binary_logloss: 0.495103
Training until validation scores don't improve for 50 rounds
Early stopping, best iteration is:
[39]	valid_0's binary_logloss: 0.561
Training until validation scores don't improve for 50 rounds
Early stopping, best iteration is:
[3]	valid_0's binary_logloss: 0.693149
Training until validation scores don't improve for 50 rounds
Did not meet early stopping. Best iteration is:
[66]	valid_0's binary_logloss: 0.602295
Training until validation scores don't improve for 50 rounds
Early stopping, best iteration is:
[45]	valid_0's binary_logloss: 0.562611
Training until validation scores don't improve for 50 rounds
Early stopping, best iteration is:
[29]	valid_0's binary_logloss: 0.36004
Training until validation scores don't improve for 50 rounds
Early stopping, best iteration is:
[27]	valid_0's binary_logloss: 0.344324
[I 2025-09-17 13:15:37,922] Trial 13 finished with value: 0.9095238095238095 and parameters: {'num_leaves': 195, 'learning_rate': 0.11344817543587195, 'feature_fraction': 0.9836041550329842, 'bagging_fraction': 0.8243458921042784, 'bagging_freq': 1, 'min_child_samples': 6}. Best is trial 11 with value: 0.9238095238095239.
[I 2025-09-17 13:15:37,946] Trial 14 finished with value: 0.7238095238095238 and parameters: {'num_leaves': 203, 'learning_rate': 0.12086411143634052, 'feature_fraction': 0.98860118103099, 'bagging_fraction': 0.8471159560750755, 'bagging_freq': 2, 'min_child_samples': 45}. Best is trial 11 with value: 0.9238095238095239.
[I 2025-09-17 13:15:37,958] Trial 15 finished with value: 0.5 and parameters: {'num_leaves': 264, 'learning_rate': 0.01635836667877534, 'feature_fraction': 0.897075905251615, 'bagging_fraction': 0.6461145687747905, 'bagging_freq': 2, 'min_child_samples': 81}. Best is trial 11 with value: 0.9238095238095239.
[I 2025-09-17 13:15:37,995] Trial 16 finished with value: 0.8857142857142857 and parameters: {'num_leaves': 177, 'learning_rate': 0.1336182906169864, 'feature_fraction': 0.9172413224969609, 'bagging_fraction': 0.9974336692404981, 'bagging_freq': 2, 'min_child_samples': 25}. Best is trial 11 with value: 0.9238095238095239.
[I 2025-09-17 13:15:38,005] Trial 17 finished with value: 0.5 and parameters: {'num_leaves': 232, 'learning_rate': 0.09245879281630577, 'feature_fraction': 0.9381173960526826, 'bagging_fraction': 0.8309540994664735, 'bagging_freq': 1, 'min_child_samples': 54}. Best is trial 11 with value: 0.9238095238095239.
[I 2025-09-17 13:15:38,042] Trial 18 finished with value: 0.8047619047619048 and parameters: {'num_leaves': 157, 'learning_rate': 0.21346795178831737, 'feature_fraction': 0.7036894493097599, 'bagging_fraction': 0.5114347701524351, 'bagging_freq': 3, 'min_child_samples': 13}. Best is trial 11 with value: 0.9238095238095239.
[I 2025-09-17 13:15:38,068] Trial 19 finished with value: 0.8571428571428571 and parameters: {'num_leaves': 244, 'learning_rate': 0.1472883186024278, 'feature_fraction': 0.8562510568748217, 'bagging_fraction': 0.8607323288454196, 'bagging_freq': 3, 'min_child_samples': 29}. Best is trial 11 with value: 0.9238095238095239.
[I 2025-09-17 13:15:38,124] Trial 20 finished with value: 0.8619047619047617 and parameters: {'num_leaves': 152, 'learning_rate': 0.08231497859682801, 'feature_fraction': 0.5064243382958793, 'bagging_fraction': 0.6814610933048677, 'bagging_freq': 2, 'min_child_samples': 15}. Best is trial 11 with value: 0.9238095238095239.
[I 2025-09-17 13:15:38,195] Trial 21 finished with value: 0.8904761904761905 and parameters: {'num_leaves': 193, 'learning_rate': 0.11977824946483392, 'feature_fraction': 0.9825452443296958, 'bagging_fraction': 0.8020882230287474, 'bagging_freq': 1, 'min_child_samples': 8}. Best is trial 11 with value: 0.9238095238095239.
[I 2025-09-17 13:15:38,290] Trial 22 finished with value: 0.9142857142857143 and parameters: {'num_leaves': 198, 'learning_rate': 0.14521562852589354, 'feature_fraction': 0.977813946323561, 'bagging_fraction': 0.8104762074438341, 'bagging_freq': 1, 'min_child_samples': 5}. Best is trial 11 with value: 0.9238095238095239.
[I 2025-09-17 13:15:38,328] Trial 23 finished with value: 0.8571428571428572 and parameters: {'num_leaves': 215, 'learning_rate': 0.15409088039714494, 'feature_fraction': 0.9331692641692177, 'bagging_fraction': 0.8845574414578662, 'bagging_freq': 1, 'min_child_samples': 19}. Best is trial 11 with value: 0.9238095238095239.
[I 2025-09-17 13:15:38,387] Trial 24 finished with value: 0.9142857142857144 and parameters: {'num_leaves': 300, 'learning_rate': 0.19195164272977883, 'feature_fraction': 0.7227500192597544, 'bagging_fraction': 0.7911677483043862, 'bagging_freq': 2, 'min_child_samples': 9}. Best is trial 11 with value: 0.9238095238095239.
[I 2025-09-17 13:15:38,413] Trial 25 finished with value: 0.8047619047619047 and parameters: {'num_leaves': 292, 'learning_rate': 0.20528539126843404, 'feature_fraction': 0.7228428599233109, 'bagging_fraction': 0.6858248258889695, 'bagging_freq': 2, 'min_child_samples': 27}. Best is trial 11 with value: 0.9238095238095239.
[I 2025-09-17 13:15:38,435] Trial 26 finished with value: 0.6714285714285714 and parameters: {'num_leaves': 171, 'learning_rate': 0.24228720443890267, 'feature_fraction': 0.8455189305067057, 'bagging_fraction': 0.7835986653068535, 'bagging_freq': 3, 'min_child_samples': 47}. Best is trial 11 with value: 0.9238095238095239.
[I 2025-09-17 13:15:38,512] Trial 27 finished with value: 0.9238095238095237 and parameters: {'num_leaves': 256, 'learning_rate': 0.29886781861072964, 'feature_fraction': 0.549414092484175, 'bagging_fraction': 0.9478610858764893, 'bagging_freq': 2, 'min_child_samples': 12}. Best is trial 11 with value: 0.9238095238095239.
[I 2025-09-17 13:15:38,567] Trial 28 finished with value: 0.8714285714285714 and parameters: {'num_leaves': 257, 'learning_rate': 0.29459927953258114, 'feature_fraction': 0.5445407072339689, 'bagging_fraction': 0.9520803436833507, 'bagging_freq': 4, 'min_child_samples': 19}. Best is trial 11 with value: 0.9238095238095239.
[I 2025-09-17 13:15:38,575] Trial 29 finished with value: 0.5 and parameters: {'num_leaves': 135, 'learning_rate': 0.1753471849681177, 'feature_fraction': 0.4739653956510901, 'bagging_fraction': 0.986435507478936, 'bagging_freq': 1, 'min_child_samples': 73}. Best is trial 11 with value: 0.9238095238095239.
[I 2025-09-17 13:15:38,647] Trial 30 finished with value: 0.9142857142857143 and parameters: {'num_leaves': 269, 'learning_rate': 0.16843723225252102, 'feature_fraction': 0.6780758075033009, 'bagging_fraction': 0.9344933062326959, 'bagging_freq': 4, 'min_child_samples': 13}. Best is trial 11 with value: 0.9238095238095239.
[I 2025-09-17 13:15:38,714] Trial 31 finished with value: 0.8666666666666666 and parameters: {'num_leaves': 246, 'learning_rate': 0.07712667951852277, 'feature_fraction': 0.8846615284527424, 'bagging_fraction': 0.8715771859096366, 'bagging_freq': 2, 'min_child_samples': 11}. Best is trial 11 with value: 0.9238095238095239.
[I 2025-09-17 13:15:38,751] Trial 32 finished with value: 0.8714285714285713 and parameters: {'num_leaves': 299, 'learning_rate': 0.1890472997756214, 'feature_fraction': 0.5663077600665553, 'bagging_fraction': 0.7290799667659608, 'bagging_freq': 2, 'min_child_samples': 17}. Best is trial 11 with value: 0.9238095238095239.
[I 2025-09-17 13:15:38,810] Trial 33 finished with value: 0.8761904761904762 and parameters: {'num_leaves': 176, 'learning_rate': 0.13528549341283286, 'feature_fraction': 0.8166629716183921, 'bagging_fraction': 0.8854604156516899, 'bagging_freq': 1, 'min_child_samples': 10}. Best is trial 11 with value: 0.9238095238095239.
[I 2025-09-17 13:15:38,844] Trial 34 finished with value: 0.8333333333333334 and parameters: {'num_leaves': 279, 'learning_rate': 0.2991127141928152, 'feature_fraction': 0.5264253088630881, 'bagging_fraction': 0.7643157559668149, 'bagging_freq': 3, 'min_child_samples': 31}. Best is trial 11 with value: 0.9238095238095239.
[I 2025-09-17 13:15:39,007] Trial 35 finished with value: 0.8666666666666667 and parameters: {'num_leaves': 219, 'learning_rate': 0.03845767859964609, 'feature_fraction': 0.7586425109252973, 'bagging_fraction': 0.9617392053460786, 'bagging_freq': 2, 'min_child_samples': 5}. Best is trial 11 with value: 0.9238095238095239.
[I 2025-09-17 13:15:39,038] Trial 36 finished with value: 0.7761904761904762 and parameters: {'num_leaves': 130, 'learning_rate': 0.1030191245022605, 'feature_fraction': 0.6552690612053145, 'bagging_fraction': 0.5842472575819587, 'bagging_freq': 1, 'min_child_samples': 23}. Best is trial 11 with value: 0.9238095238095239.
[I 2025-09-17 13:15:39,076] Trial 37 finished with value: 0.8904761904761905 and parameters: {'num_leaves': 250, 'learning_rate': 0.2447767998156637, 'feature_fraction': 0.5954620211171738, 'bagging_fraction': 0.7216147527335717, 'bagging_freq': 6, 'min_child_samples': 16}. Best is trial 11 with value: 0.9238095238095239.
[I 2025-09-17 13:15:39,104] Trial 38 finished with value: 0.8095238095238095 and parameters: {'num_leaves': 280, 'learning_rate': 0.28453329824026957, 'feature_fraction': 0.7464914677337398, 'bagging_fraction': 0.7931601718946755, 'bagging_freq': 2, 'min_child_samples': 40}. Best is trial 11 with value: 0.9238095238095239.
[I 2025-09-17 13:15:39,116] Trial 39 finished with value: 0.5 and parameters: {'num_leaves': 237, 'learning_rate': 0.1934391318256539, 'feature_fraction': 0.949360049796837, 'bagging_fraction': 0.849944706121337, 'bagging_freq': 4, 'min_child_samples': 58}. Best is trial 11 with value: 0.9238095238095239.
[I 2025-09-17 13:15:39,143] Trial 40 finished with value: 0.6857142857142857 and parameters: {'num_leaves': 271, 'learning_rate': 0.1306362475533009, 'feature_fraction': 0.796590625836256, 'bagging_fraction': 0.40372712381689735, 'bagging_freq': 1, 'min_child_samples': 22}. Best is trial 11 with value: 0.9238095238095239.
[I 2025-09-17 13:15:39,224] Trial 41 finished with value: 0.9095238095238095 and parameters: {'num_leaves': 204, 'learning_rate': 0.14450478952327178, 'feature_fraction': 0.965573798997472, 'bagging_fraction': 0.8180469678536721, 'bagging_freq': 1, 'min_child_samples': 6}. Best is trial 11 with value: 0.9238095238095239.
[I 2025-09-17 13:15:39,305] Trial 42 finished with value: 0.8761904761904762 and parameters: {'num_leaves': 162, 'learning_rate': 0.10018422682867077, 'feature_fraction': 0.9034153705342778, 'bagging_fraction': 0.9158359620408083, 'bagging_freq': 1, 'min_child_samples': 11}. Best is trial 11 with value: 0.9238095238095239.
[I 2025-09-17 13:15:39,390] Trial 43 finished with value: 0.8428571428571429 and parameters: {'num_leaves': 186, 'learning_rate': 0.1610197940564444, 'feature_fraction': 0.9980297974390098, 'bagging_fraction': 0.7446621059046163, 'bagging_freq': 1, 'min_child_samples': 5}. Best is trial 11 with value: 0.9238095238095239.
[I 2025-09-17 13:15:39,455] Trial 44 finished with value: 0.9142857142857143 and parameters: {'num_leaves': 89, 'learning_rate': 0.08019285583399625, 'feature_fraction': 0.8669027667641538, 'bagging_fraction': 0.8102549924720959, 'bagging_freq': 2, 'min_child_samples': 12}. Best is trial 11 with value: 0.9238095238095239.
[I 2025-09-17 13:15:39,510] Trial 45 finished with value: 0.8714285714285716 and parameters: {'num_leaves': 211, 'learning_rate': 0.06406697615881649, 'feature_fraction': 0.6236717284045226, 'bagging_fraction': 0.8997888270292322, 'bagging_freq': 1, 'min_child_samples': 18}. Best is trial 11 with value: 0.9238095238095239.
[I 2025-09-17 13:15:39,585] Trial 46 finished with value: 0.9333333333333333 and parameters: {'num_leaves': 290, 'learning_rate': 0.22466285228941862, 'feature_fraction': 0.9648316387883117, 'bagging_fraction': 0.7692859332117169, 'bagging_freq': 2, 'min_child_samples': 10}. Best is trial 46 with value: 0.9333333333333333.
[I 2025-09-17 13:15:39,615] Trial 47 finished with value: 0.819047619047619 and parameters: {'num_leaves': 289, 'learning_rate': 0.22299631378168422, 'feature_fraction': 0.9208585576271469, 'bagging_fraction': 0.6607766724724251, 'bagging_freq': 3, 'min_child_samples': 35}. Best is trial 46 with value: 0.9333333333333333.
[I 2025-09-17 13:15:39,649] Trial 48 finished with value: 0.8380952380952381 and parameters: {'num_leaves': 11, 'learning_rate': 0.2506864895867499, 'feature_fraction': 0.4018653252509042, 'bagging_fraction': 0.5999508214275181, 'bagging_freq': 2, 'min_child_samples': 26}. Best is trial 46 with value: 0.9333333333333333.
[I 2025-09-17 13:15:39,661] Trial 49 finished with value: 0.5 and parameters: {'num_leaves': 261, 'learning_rate': 0.23277723522810398, 'feature_fraction': 0.8342561210608213, 'bagging_fraction': 0.7674168666571087, 'bagging_freq': 3, 'min_child_samples': 84}. Best is trial 46 with value: 0.9333333333333333.
[I 2025-09-17 13:15:39,888] A new study created in memory with name: no-name-608b4dbe-724d-4eb7-a1e8-00109a8f4088
[I 2025-09-17 13:15:39,896] Trial 0 finished with value: 0.5 and parameters: {'num_leaves': 234, 'learning_rate': 0.28212179634124473, 'feature_fraction': 0.40682640435956335, 'bagging_fraction': 0.5008306212690655, 'bagging_freq': 2, 'min_child_samples': 64}. Best is trial 0 with value: 0.5.
[I 2025-09-17 13:15:39,906] Trial 1 finished with value: 0.5 and parameters: {'num_leaves': 72, 'learning_rate': 0.18067712853839143, 'feature_fraction': 0.8035847821943494, 'bagging_fraction': 0.7819819613513815, 'bagging_freq': 2, 'min_child_samples': 72}. Best is trial 0 with value: 0.5.
[I 2025-09-17 13:15:39,917] Trial 2 finished with value: 0.5 and parameters: {'num_leaves': 160, 'learning_rate': 0.2548840381105564, 'feature_fraction': 0.976171774917864, 'bagging_fraction': 0.6373279038948365, 'bagging_freq': 5, 'min_child_samples': 50}. Best is trial 0 with value: 0.5.
[I 2025-09-17 13:15:39,927] Trial 3 finished with value: 0.5 and parameters: {'num_leaves': 214, 'learning_rate': 0.2908545126944922, 'feature_fraction': 0.902242049733487, 'bagging_fraction': 0.4990887035174091, 'bagging_freq': 6, 'min_child_samples': 71}. Best is trial 0 with value: 0.5.
[I 2025-09-17 13:15:39,937] Trial 4 finished with value: 0.5 and parameters: {'num_leaves': 272, 'learning_rate': 0.226257951143519, 'feature_fraction': 0.8349207619846919, 'bagging_fraction': 0.5577121768799187, 'bagging_freq': 2, 'min_child_samples': 43}. Best is trial 0 with value: 0.5.
