[I 2025-09-17 13:17:04,926] Trial 28 finished with value: 0.784375 and parameters: {'num_leaves': 85, 'learning_rate': 0.1753559590784023, 'feature_fraction': 0.941196677798124, 'bagging_fraction': 0.7285178271477921, 'bagging_freq': 6, 'min_child_samples': 15}. Best is trial 21 with value: 0.796875.
[I 2025-09-17 13:17:04,966] Trial 29 finished with value: 0.68125 and parameters: {'num_leaves': 122, 'learning_rate': 0.13322163023126143, 'feature_fraction': 0.9534409418709225, 'bagging_fraction': 0.8001428284906641, 'bagging_freq': 5, 'min_child_samples': 13}. Best is trial 21 with value: 0.796875.
[I 2025-09-17 13:17:05,015] Trial 30 finished with value: 0.690625 and parameters: {'num_leaves': 88, 'learning_rate': 0.05090174311763522, 'feature_fraction': 0.6782833230863482, 'bagging_fraction': 0.7318037841205352, 'bagging_freq': 6, 'min_child_samples': 13}. Best is trial 21 with value: 0.796875.
[I 2025-09-17 13:17:05,039] Trial 31 finished with value: 0.6906249999999999 and parameters: {'num_leaves': 54, 'learning_rate': 0.2348028777813626, 'feature_fraction': 0.8750966516703883, 'bagging_fraction': 0.6446009032076195, 'bagging_freq': 7, 'min_child_samples': 22}. Best is trial 21 with value: 0.796875.
[I 2025-09-17 13:17:05,053] Trial 32 finished with value: 0.5 and parameters: {'num_leaves': 33, 'learning_rate': 0.20727224230417615, 'feature_fraction': 0.9548214656119948, 'bagging_fraction': 0.6827422302017426, 'bagging_freq': 5, 'min_child_samples': 60}. Best is trial 21 with value: 0.796875.
[I 2025-09-17 13:17:05,071] Trial 33 finished with value: 0.6656250000000001 and parameters: {'num_leaves': 180, 'learning_rate': 0.17184111713600064, 'feature_fraction': 0.7949036990209204, 'bagging_fraction': 0.5740117113870328, 'bagging_freq': 6, 'min_child_samples': 28}. Best is trial 21 with value: 0.796875.
[I 2025-09-17 13:17:05,084] Trial 34 finished with value: 0.5 and parameters: {'num_leaves': 77, 'learning_rate': 0.27661424341574226, 'feature_fraction': 0.9132116975375165, 'bagging_fraction': 0.7129171984615312, 'bagging_freq': 1, 'min_child_samples': 63}. Best is trial 21 with value: 0.796875.
[I 2025-09-17 13:17:05,103] Trial 35 finished with value: 0.6984375 and parameters: {'num_leaves': 156, 'learning_rate': 0.11848313780836042, 'feature_fraction': 0.8473734755660003, 'bagging_fraction': 0.7812054778963645, 'bagging_freq': 7, 'min_child_samples': 31}. Best is trial 21 with value: 0.796875.
[I 2025-09-17 13:17:05,163] Trial 36 finished with value: 0.7046875000000001 and parameters: {'num_leaves': 23, 'learning_rate': 0.23585398717620454, 'feature_fraction': 0.9706262796861778, 'bagging_fraction': 0.8769397617702495, 'bagging_freq': 6, 'min_child_samples': 9}. Best is trial 21 with value: 0.796875.
[I 2025-09-17 13:17:05,187] Trial 37 finished with value: 0.6906249999999999 and parameters: {'num_leaves': 110, 'learning_rate': 0.205702800788568, 'feature_fraction': 0.8299598977295544, 'bagging_fraction': 0.6697856005539037, 'bagging_freq': 6, 'min_child_samples': 24}. Best is trial 21 with value: 0.796875.
[I 2025-09-17 13:17:05,206] Trial 38 finished with value: 0.6499999999999999 and parameters: {'num_leaves': 46, 'learning_rate': 0.1754984201125736, 'feature_fraction': 0.9259295024206138, 'bagging_fraction': 0.6340693112989173, 'bagging_freq': 7, 'min_child_samples': 47}. Best is trial 21 with value: 0.796875.
[I 2025-09-17 13:17:05,238] Trial 39 finished with value: 0.746875 and parameters: {'num_leaves': 197, 'learning_rate': 0.272237298851092, 'feature_fraction': 0.7575817019665709, 'bagging_fraction': 0.7560080694099226, 'bagging_freq': 5, 'min_child_samples': 18}. Best is trial 21 with value: 0.796875.
[I 2025-09-17 13:17:05,258] Trial 40 finished with value: 0.7015625 and parameters: {'num_leaves': 120, 'learning_rate': 0.2186628162768972, 'feature_fraction': 0.812451051492385, 'bagging_fraction': 0.47561318285701826, 'bagging_freq': 6, 'min_child_samples': 40}. Best is trial 21 with value: 0.796875.
[I 2025-09-17 13:17:05,290] Trial 41 finished with value: 0.70625 and parameters: {'num_leaves': 210, 'learning_rate': 0.2456519959334151, 'feature_fraction': 0.767469669343105, 'bagging_fraction': 0.7624642841537699, 'bagging_freq': 5, 'min_child_samples': 17}. Best is trial 21 with value: 0.796875.
[I 2025-09-17 13:17:05,324] Trial 42 finished with value: 0.7875000000000001 and parameters: {'num_leaves': 192, 'learning_rate': 0.26793081928615853, 'feature_fraction': 0.8788018398516624, 'bagging_fraction': 0.8450895110540358, 'bagging_freq': 5, 'min_child_samples': 17}. Best is trial 21 with value: 0.796875.
[I 2025-09-17 13:17:05,353] Trial 43 finished with value: 0.7640625 and parameters: {'num_leaves': 246, 'learning_rate': 0.29834446926242086, 'feature_fraction': 0.8781137477408522, 'bagging_fraction': 0.8577999895002757, 'bagging_freq': 6, 'min_child_samples': 26}. Best is trial 21 with value: 0.796875.
[I 2025-09-17 13:17:05,379] Trial 44 finished with value: 0.7296874999999999 and parameters: {'num_leaves': 234, 'learning_rate': 0.2952360701021902, 'feature_fraction': 0.9761974657680759, 'bagging_fraction': 0.8932722584349545, 'bagging_freq': 6, 'min_child_samples': 25}. Best is trial 21 with value: 0.796875.
[I 2025-09-17 13:17:05,399] Trial 45 finished with value: 0.7 and parameters: {'num_leaves': 254, 'learning_rate': 0.2868055217439224, 'feature_fraction': 0.8857700676575363, 'bagging_fraction': 0.8290261908485096, 'bagging_freq': 5, 'min_child_samples': 32}. Best is trial 21 with value: 0.796875.
[I 2025-09-17 13:17:05,454] Trial 46 finished with value: 0.5921875 and parameters: {'num_leaves': 185, 'learning_rate': 0.2803016679285539, 'feature_fraction': 0.4257192249839031, 'bagging_fraction': 0.9586697852734226, 'bagging_freq': 6, 'min_child_samples': 13}. Best is trial 21 with value: 0.796875.
[I 2025-09-17 13:17:05,526] Trial 47 finished with value: 0.6984375 and parameters: {'num_leaves': 251, 'learning_rate': 0.22581196328489306, 'feature_fraction': 0.8764069078963448, 'bagging_fraction': 0.8607595820623543, 'bagging_freq': 4, 'min_child_samples': 7}. Best is trial 21 with value: 0.796875.
[I 2025-09-17 13:17:05,549] Trial 48 finished with value: 0.69375 and parameters: {'num_leaves': 165, 'learning_rate': 0.24843601531563703, 'feature_fraction': 0.9815867733883894, 'bagging_fraction': 0.9190900911630278, 'bagging_freq': 6, 'min_child_samples': 37}. Best is trial 21 with value: 0.796875.
[I 2025-09-17 13:17:05,585] Trial 49 finished with value: 0.6765625000000001 and parameters: {'num_leaves': 216, 'learning_rate': 0.2988342595414973, 'feature_fraction': 0.7017700681016157, 'bagging_fraction': 0.8155759801848093, 'bagging_freq': 4, 'min_child_samples': 16}. Best is trial 21 with value: 0.796875.
[I 2025-09-17 13:17:05,727] A new study created in memory with name: no-name-586c6cb3-b4fd-4768-8b9c-b3422b4336d3
[I 2025-09-17 13:17:05,740] Trial 0 finished with value: 0.5 and parameters: {'num_leaves': 47, 'learning_rate': 0.16588731086686923, 'feature_fraction': 0.608327053298105, 'bagging_fraction': 0.7048100539094486, 'bagging_freq': 7, 'min_child_samples': 84}. Best is trial 0 with value: 0.5.
[I 2025-09-17 13:17:05,768] Trial 1 finished with value: 0.8791666666666665 and parameters: {'num_leaves': 251, 'learning_rate': 0.08816355793397912, 'feature_fraction': 0.9464334341453534, 'bagging_fraction': 0.4268507827173353, 'bagging_freq': 1, 'min_child_samples': 24}. Best is trial 1 with value: 0.8791666666666665.
[I 2025-09-17 13:17:05,778] Trial 2 finished with value: 0.5 and parameters: {'num_leaves': 150, 'learning_rate': 0.04765486950208257, 'feature_fraction': 0.836542516847258, 'bagging_fraction': 0.5071940599734178, 'bagging_freq': 1, 'min_child_samples': 53}. Best is trial 1 with value: 0.8791666666666665.
[I 2025-09-17 13:17:05,833] Trial 3 finished with value: 0.9375 and parameters: {'num_leaves': 140, 'learning_rate': 0.04569263388700287, 'feature_fraction': 0.42924833954819097, 'bagging_fraction': 0.6418183683494796, 'bagging_freq': 5, 'min_child_samples': 16}. Best is trial 3 with value: 0.9375.
[I 2025-09-17 13:17:05,852] Trial 4 finished with value: 0.8333333333333333 and parameters: {'num_leaves': 294, 'learning_rate': 0.0645711768800064, 'feature_fraction': 0.8850103581489123, 'bagging_fraction': 0.9806296780301434, 'bagging_freq': 6, 'min_child_samples': 60}. Best is trial 3 with value: 0.9375.
[I 2025-09-17 13:17:05,892] Trial 5 finished with value: 0.95 and parameters: {'num_leaves': 43, 'learning_rate': 0.0925630094180602, 'feature_fraction': 0.9625068956161014, 'bagging_fraction': 0.7932337228842536, 'bagging_freq': 7, 'min_child_samples': 15}. Best is trial 5 with value: 0.95.
[I 2025-09-17 13:17:05,906] Trial 6 finished with value: 0.5 and parameters: {'num_leaves': 274, 'learning_rate': 0.1752661567215289, 'feature_fraction': 0.6471512805791537, 'bagging_fraction': 0.7260762627112405, 'bagging_freq': 3, 'min_child_samples': 50}. Best is trial 5 with value: 0.95.
[I 2025-09-17 13:17:05,915] Trial 7 finished with value: 0.5 and parameters: {'num_leaves': 85, 'learning_rate': 0.29324649928085955, 'feature_fraction': 0.8728733153475676, 'bagging_fraction': 0.44340664427229054, 'bagging_freq': 4, 'min_child_samples': 55}. Best is trial 5 with value: 0.95.
[I 2025-09-17 13:17:05,928] Trial 8 finished with value: 0.5 and parameters: {'num_leaves': 274, 'learning_rate': 0.1727329135284413, 'feature_fraction': 0.579438656687365, 'bagging_fraction': 0.49013111396240633, 'bagging_freq': 7, 'min_child_samples': 47}. Best is trial 5 with value: 0.95.
[I 2025-09-17 13:17:05,942] Trial 9 finished with value: 0.5 and parameters: {'num_leaves': 187, 'learning_rate': 0.13531858901712818, 'feature_fraction': 0.5169241189050349, 'bagging_fraction': 0.7286823765304362, 'bagging_freq': 7, 'min_child_samples': 60}. Best is trial 5 with value: 0.95.
[I 2025-09-17 13:17:06,035] Trial 10 finished with value: 0.9458333333333333 and parameters: {'num_leaves': 18, 'learning_rate': 0.2511115193116391, 'feature_fraction': 0.7408434027929716, 'bagging_fraction': 0.9366614815523153, 'bagging_freq': 3, 'min_child_samples': 7}. Best is trial 5 with value: 0.95.
[I 2025-09-17 13:17:06,099] Trial 11 finished with value: 0.9375 and parameters: {'num_leaves': 10, 'learning_rate': 0.27679907200397325, 'feature_fraction': 0.7619698402212501, 'bagging_fraction': 0.9266976253971779, 'bagging_freq': 3, 'min_child_samples': 6}. Best is trial 5 with value: 0.95.
[I 2025-09-17 13:17:06,127] Trial 12 finished with value: 0.9541666666666666 and parameters: {'num_leaves': 80, 'learning_rate': 0.23703964318554346, 'feature_fraction': 0.9767554711363824, 'bagging_fraction': 0.8600648354647414, 'bagging_freq': 3, 'min_child_samples': 30}. Best is trial 12 with value: 0.9541666666666666.
[I 2025-09-17 13:17:06,157] Trial 13 finished with value: 0.9541666666666666 and parameters: {'num_leaves': 91, 'learning_rate': 0.21748959763473427, 'feature_fraction': 0.9998796866758338, 'bagging_fraction': 0.8378008158225428, 'bagging_freq': 5, 'min_child_samples': 31}. Best is trial 12 with value: 0.9541666666666666.
[I 2025-09-17 13:17:06,190] Trial 14 finished with value: 0.95 and parameters: {'num_leaves': 100, 'learning_rate': 0.23205413641388753, 'feature_fraction': 0.9925152938155898, 'bagging_fraction': 0.8493732904262881, 'bagging_freq': 5, 'min_child_samples': 29}. Best is trial 12 with value: 0.9541666666666666.
[I 2025-09-17 13:17:06,216] Trial 15 finished with value: 0.9291666666666667 and parameters: {'num_leaves': 90, 'learning_rate': 0.21785033739876988, 'feature_fraction': 0.8037961375093958, 'bagging_fraction': 0.8533767392509534, 'bagging_freq': 2, 'min_child_samples': 33}. Best is trial 12 with value: 0.9541666666666666.
[I 2025-09-17 13:17:06,240] Trial 16 finished with value: 0.8791666666666667 and parameters: {'num_leaves': 121, 'learning_rate': 0.1997642292724044, 'feature_fraction': 0.9014676773929712, 'bagging_fraction': 0.6028024031863619, 'bagging_freq': 5, 'min_child_samples': 38}. Best is trial 12 with value: 0.9541666666666666.
[I 2025-09-17 13:17:06,259] Trial 17 finished with value: 0.5 and parameters: {'num_leaves': 193, 'learning_rate': 0.258174602300313, 'feature_fraction': 0.9893039128055584, 'bagging_fraction': 0.833337778701329, 'bagging_freq': 4, 'min_child_samples': 81}. Best is trial 12 with value: 0.9541666666666666.
[I 2025-09-17 13:17:06,272] Trial 18 finished with value: 0.5 and parameters: {'num_leaves': 63, 'learning_rate': 0.011794864424426899, 'feature_fraction': 0.9222567571140252, 'bagging_fraction': 0.786309363729118, 'bagging_freq': 2, 'min_child_samples': 99}. Best is trial 12 with value: 0.9541666666666666.
[I 2025-09-17 13:17:06,298] Trial 19 finished with value: 0.9125000000000001 and parameters: {'num_leaves': 191, 'learning_rate': 0.1376270981665283, 'feature_fraction': 0.7142481986421156, 'bagging_fraction': 0.9055728310247924, 'bagging_freq': 6, 'min_child_samples': 39}. Best is trial 12 with value: 0.9541666666666666.
[I 2025-09-17 13:17:06,341] Trial 20 finished with value: 0.9333333333333333 and parameters: {'num_leaves': 112, 'learning_rate': 0.1983149164356689, 'feature_fraction': 0.7956638988084168, 'bagging_fraction': 0.9839149125763779, 'bagging_freq': 4, 'min_child_samples': 20}. Best is trial 12 with value: 0.9541666666666666.
[I 2025-09-17 13:17:06,398] Trial 21 finished with value: 0.9500000000000001 and parameters: {'num_leaves': 54, 'learning_rate': 0.11660626815112, 'feature_fraction': 0.9975975667119608, 'bagging_fraction': 0.7907999592208953, 'bagging_freq': 6, 'min_child_samples': 13}. Best is trial 12 with value: 0.9541666666666666.
[I 2025-09-17 13:17:06,437] Trial 22 finished with value: 0.9708333333333332 and parameters: {'num_leaves': 75, 'learning_rate': 0.12426350229147479, 'feature_fraction': 0.9450099064381318, 'bagging_fraction': 0.7833279820154511, 'bagging_freq': 6, 'min_child_samples': 27}. Best is trial 22 with value: 0.9708333333333332.
