[I 2025-09-17 13:16:23,582] Trial 38 finished with value: 0.5358851674641149 and parameters: {'num_leaves': 136, 'learning_rate': 0.11343551413864414, 'feature_fraction': 0.48591749010905577, 'bagging_fraction': 0.8291131440376847, 'bagging_freq': 6, 'min_child_samples': 53}. Best is trial 21 with value: 0.84688995215311.
[I 2025-09-17 13:16:23,643] Trial 39 finished with value: 0.784688995215311 and parameters: {'num_leaves': 226, 'learning_rate': 0.01513956072200727, 'feature_fraction': 0.5993941865992415, 'bagging_fraction': 0.5405772766302389, 'bagging_freq': 4, 'min_child_samples': 10}. Best is trial 21 with value: 0.84688995215311.
[I 2025-09-17 13:16:23,656] Trial 40 finished with value: 0.5 and parameters: {'num_leaves': 192, 'learning_rate': 0.1250697111909637, 'feature_fraction': 0.7086225967815796, 'bagging_fraction': 0.6215179952499651, 'bagging_freq': 7, 'min_child_samples': 99}. Best is trial 21 with value: 0.84688995215311.
[I 2025-09-17 13:16:23,763] Trial 41 finished with value: 0.8947368421052632 and parameters: {'num_leaves': 257, 'learning_rate': 0.14381157448869888, 'feature_fraction': 0.4380522217654791, 'bagging_fraction': 0.5868394234289841, 'bagging_freq': 7, 'min_child_samples': 6}. Best is trial 41 with value: 0.8947368421052632.
[I 2025-09-17 13:16:23,820] Trial 42 finished with value: 0.8229665071770335 and parameters: {'num_leaves': 280, 'learning_rate': 0.1432847360949443, 'feature_fraction': 0.4707074449728602, 'bagging_fraction': 0.5127242787761405, 'bagging_freq': 7, 'min_child_samples': 13}. Best is trial 41 with value: 0.8947368421052632.
[I 2025-09-17 13:16:23,854] Trial 43 finished with value: 0.7703349282296651 and parameters: {'num_leaves': 257, 'learning_rate': 0.1026854443583238, 'feature_fraction': 0.40379164012479984, 'bagging_fraction': 0.6170919400840985, 'bagging_freq': 6, 'min_child_samples': 23}. Best is trial 41 with value: 0.8947368421052632.
[I 2025-09-17 13:16:23,926] Trial 44 finished with value: 0.7607655502392344 and parameters: {'num_leaves': 300, 'learning_rate': 0.16564600633694448, 'feature_fraction': 0.44099425547000953, 'bagging_fraction': 0.6789157861477992, 'bagging_freq': 7, 'min_child_samples': 9}. Best is trial 41 with value: 0.8947368421052632.
[I 2025-09-17 13:16:23,979] Trial 45 finished with value: 0.8038277511961722 and parameters: {'num_leaves': 217, 'learning_rate': 0.19511057332163897, 'feature_fraction': 0.5068031261815724, 'bagging_fraction': 0.5821301661729956, 'bagging_freq': 6, 'min_child_samples': 16}. Best is trial 41 with value: 0.8947368421052632.
[I 2025-09-17 13:16:24,008] Trial 46 finished with value: 0.69377990430622 and parameters: {'num_leaves': 163, 'learning_rate': 0.1782966310909027, 'feature_fraction': 0.42724998439930717, 'bagging_fraction': 0.4981972577815842, 'bagging_freq': 7, 'min_child_samples': 26}. Best is trial 41 with value: 0.8947368421052632.
[I 2025-09-17 13:16:24,089] Trial 47 finished with value: 0.7799043062200957 and parameters: {'num_leaves': 238, 'learning_rate': 0.12408134534240745, 'feature_fraction': 0.4629327017812583, 'bagging_fraction': 0.7420582981594736, 'bagging_freq': 6, 'min_child_samples': 10}. Best is trial 41 with value: 0.8947368421052632.
[I 2025-09-17 13:16:24,101] Trial 48 finished with value: 0.5 and parameters: {'num_leaves': 26, 'learning_rate': 0.16094288914297944, 'feature_fraction': 0.9358967824210269, 'bagging_fraction': 0.6283081534753611, 'bagging_freq': 1, 'min_child_samples': 81}. Best is trial 41 with value: 0.8947368421052632.
[I 2025-09-17 13:16:24,168] Trial 49 finished with value: 0.784688995215311 and parameters: {'num_leaves': 105, 'learning_rate': 0.2087660580942879, 'feature_fraction': 0.4247107069646539, 'bagging_fraction': 0.4533540549878752, 'bagging_freq': 4, 'min_child_samples': 8}. Best is trial 41 with value: 0.8947368421052632.
[I 2025-09-17 13:16:24,584] A new study created in memory with name: no-name-48223538-3d5c-4869-91f1-1c776af02a15
[I 2025-09-17 13:16:24,646] Trial 0 finished with value: 0.7268518518518519 and parameters: {'num_leaves': 37, 'learning_rate': 0.02800089562147623, 'feature_fraction': 0.5276676055163537, 'bagging_fraction': 0.8228332006372729, 'bagging_freq': 7, 'min_child_samples': 14}. Best is trial 0 with value: 0.7268518518518519.
[I 2025-09-17 13:16:24,657] Trial 1 finished with value: 0.5 and parameters: {'num_leaves': 185, 'learning_rate': 0.1353467406911687, 'feature_fraction': 0.7751397651325271, 'bagging_fraction': 0.4538785010254156, 'bagging_freq': 2, 'min_child_samples': 67}. Best is trial 0 with value: 0.7268518518518519.
[I 2025-09-17 13:16:24,672] Trial 2 finished with value: 0.5 and parameters: {'num_leaves': 210, 'learning_rate': 0.1342432205458527, 'feature_fraction': 0.9807986222513904, 'bagging_fraction': 0.4312231374863328, 'bagging_freq': 2, 'min_child_samples': 69}. Best is trial 0 with value: 0.7268518518518519.
[I 2025-09-17 13:16:24,683] Trial 3 finished with value: 0.5 and parameters: {'num_leaves': 199, 'learning_rate': 0.23777606144342905, 'feature_fraction': 0.5218568434609813, 'bagging_fraction': 0.5732538417113677, 'bagging_freq': 2, 'min_child_samples': 45}. Best is trial 0 with value: 0.7268518518518519.
[I 2025-09-17 13:16:24,689] Trial 4 finished with value: 0.5 and parameters: {'num_leaves': 159, 'learning_rate': 0.15710494749794268, 'feature_fraction': 0.8278357702543725, 'bagging_fraction': 0.72414828387972, 'bagging_freq': 1, 'min_child_samples': 59}. Best is trial 0 with value: 0.7268518518518519.
[I 2025-09-17 13:16:24,702] Trial 5 finished with value: 0.5 and parameters: {'num_leaves': 257, 'learning_rate': 0.26872682196953895, 'feature_fraction': 0.8038754594911734, 'bagging_fraction': 0.732811181142712, 'bagging_freq': 5, 'min_child_samples': 51}. Best is trial 0 with value: 0.7268518518518519.
[I 2025-09-17 13:16:24,718] Trial 6 finished with value: 0.7824074074074076 and parameters: {'num_leaves': 208, 'learning_rate': 0.23476450191255305, 'feature_fraction': 0.6325304753820158, 'bagging_fraction': 0.6464025587942294, 'bagging_freq': 5, 'min_child_samples': 35}. Best is trial 6 with value: 0.7824074074074076.
[I 2025-09-17 13:16:24,737] Trial 7 finished with value: 0.7546296296296297 and parameters: {'num_leaves': 178, 'learning_rate': 0.03004366699246399, 'feature_fraction': 0.5465965617128844, 'bagging_fraction': 0.6458359728559495, 'bagging_freq': 4, 'min_child_samples': 32}. Best is trial 6 with value: 0.7824074074074076.
[I 2025-09-17 13:16:24,747] Trial 8 finished with value: 0.5 and parameters: {'num_leaves': 91, 'learning_rate': 0.12389526157036082, 'feature_fraction': 0.9641887699372694, 'bagging_fraction': 0.4590585694347897, 'bagging_freq': 5, 'min_child_samples': 51}. Best is trial 6 with value: 0.7824074074074076.
[I 2025-09-17 13:16:24,755] Trial 9 finished with value: 0.5 and parameters: {'num_leaves': 239, 'learning_rate': 0.1889428086685404, 'feature_fraction': 0.9542257928395367, 'bagging_fraction': 0.6110846737303567, 'bagging_freq': 7, 'min_child_samples': 53}. Best is trial 6 with value: 0.7824074074074076.
[I 2025-09-17 13:16:24,770] Trial 10 finished with value: 0.5 and parameters: {'num_leaves': 295, 'learning_rate': 0.2854952822990691, 'feature_fraction': 0.6624968801279192, 'bagging_fraction': 0.9193109400851563, 'bagging_freq': 4, 'min_child_samples': 99}. Best is trial 6 with value: 0.7824074074074076.
[I 2025-09-17 13:16:24,802] Trial 11 finished with value: 0.7916666666666667 and parameters: {'num_leaves': 116, 'learning_rate': 0.013884588372239593, 'feature_fraction': 0.4019982044731588, 'bagging_fraction': 0.6175758274563444, 'bagging_freq': 4, 'min_child_samples': 24}. Best is trial 11 with value: 0.7916666666666667.
[I 2025-09-17 13:16:24,862] Trial 12 finished with value: 0.7824074074074074 and parameters: {'num_leaves': 105, 'learning_rate': 0.087836861228546, 'feature_fraction': 0.6696952001460117, 'bagging_fraction': 0.5510672000402681, 'bagging_freq': 5, 'min_child_samples': 9}. Best is trial 11 with value: 0.7916666666666667.
[I 2025-09-17 13:16:24,892] Trial 13 finished with value: 0.7453703703703703 and parameters: {'num_leaves': 114, 'learning_rate': 0.20993404472667693, 'feature_fraction': 0.42753632113629136, 'bagging_fraction': 0.820450394053081, 'bagging_freq': 6, 'min_child_samples': 27}. Best is trial 11 with value: 0.7916666666666667.
[I 2025-09-17 13:16:24,919] Trial 14 finished with value: 0.8240740740740741 and parameters: {'num_leaves': 10, 'learning_rate': 0.07923416481489141, 'feature_fraction': 0.4090585006361783, 'bagging_fraction': 0.6788294294170545, 'bagging_freq': 3, 'min_child_samples': 29}. Best is trial 14 with value: 0.8240740740740741.
[I 2025-09-17 13:16:24,973] Trial 15 finished with value: 0.7916666666666667 and parameters: {'num_leaves': 13, 'learning_rate': 0.07086130412941827, 'feature_fraction': 0.4336453426349078, 'bagging_fraction': 0.8053211574449001, 'bagging_freq': 3, 'min_child_samples': 19}. Best is trial 14 with value: 0.8240740740740741.
[I 2025-09-17 13:16:25,004] Trial 16 finished with value: 0.8472222222222222 and parameters: {'num_leaves': 61, 'learning_rate': 0.06988812669600869, 'feature_fraction': 0.4242662524320913, 'bagging_fraction': 0.5267572510799798, 'bagging_freq': 3, 'min_child_samples': 23}. Best is trial 16 with value: 0.8472222222222222.
[I 2025-09-17 13:16:25,018] Trial 17 finished with value: 0.5 and parameters: {'num_leaves': 60, 'learning_rate': 0.0744263048118824, 'feature_fraction': 0.47985119722051367, 'bagging_fraction': 0.5170845127687111, 'bagging_freq': 3, 'min_child_samples': 40}. Best is trial 16 with value: 0.8472222222222222.
[I 2025-09-17 13:16:25,168] Trial 18 finished with value: 0.8055555555555555 and parameters: {'num_leaves': 65, 'learning_rate': 0.09735817367077232, 'feature_fraction': 0.6014078002765847, 'bagging_fraction': 0.9984715338009276, 'bagging_freq': 3, 'min_child_samples': 6}. Best is trial 16 with value: 0.8472222222222222.
[I 2025-09-17 13:16:25,186] Trial 19 finished with value: 0.5 and parameters: {'num_leaves': 24, 'learning_rate': 0.04891586033259179, 'feature_fraction': 0.4994049420403749, 'bagging_fraction': 0.507207185219183, 'bagging_freq': 1, 'min_child_samples': 89}. Best is trial 16 with value: 0.8472222222222222.
[I 2025-09-17 13:16:25,226] Trial 20 finished with value: 0.787037037037037 and parameters: {'num_leaves': 60, 'learning_rate': 0.10865414793993737, 'feature_fraction': 0.5829770089432642, 'bagging_fraction': 0.7691639228182179, 'bagging_freq': 3, 'min_child_samples': 21}. Best is trial 16 with value: 0.8472222222222222.
[I 2025-09-17 13:16:25,272] Trial 21 finished with value: 0.7268518518518519 and parameters: {'num_leaves': 65, 'learning_rate': 0.09528506356448273, 'feature_fraction': 0.5880226184593143, 'bagging_fraction': 0.9990332057747682, 'bagging_freq': 3, 'min_child_samples': 17}. Best is trial 16 with value: 0.8472222222222222.
[I 2025-09-17 13:16:25,418] Trial 22 finished with value: 0.7361111111111112 and parameters: {'num_leaves': 37, 'learning_rate': 0.058792571870608115, 'feature_fraction': 0.4459150696944084, 'bagging_fraction': 0.8887868858313127, 'bagging_freq': 2, 'min_child_samples': 6}. Best is trial 16 with value: 0.8472222222222222.
[I 2025-09-17 13:16:25,493] Trial 23 finished with value: 0.7685185185185185 and parameters: {'num_leaves': 81, 'learning_rate': 0.1518446349331321, 'feature_fraction': 0.7176667041103519, 'bagging_fraction': 0.6857621362497459, 'bagging_freq': 4, 'min_child_samples': 6}. Best is trial 16 with value: 0.8472222222222222.
[I 2025-09-17 13:16:25,515] Trial 24 finished with value: 0.8194444444444445 and parameters: {'num_leaves': 134, 'learning_rate': 0.10923702884977665, 'feature_fraction': 0.4601469834756158, 'bagging_fraction': 0.8933332755288934, 'bagging_freq': 3, 'min_child_samples': 33}. Best is trial 16 with value: 0.8472222222222222.
[I 2025-09-17 13:16:25,547] Trial 25 finished with value: 0.7453703703703703 and parameters: {'num_leaves': 134, 'learning_rate': 0.050427585889699394, 'feature_fraction': 0.46964474857816957, 'bagging_fraction': 0.9086825954042785, 'bagging_freq': 2, 'min_child_samples': 31}. Best is trial 16 with value: 0.8472222222222222.
[I 2025-09-17 13:16:25,560] Trial 26 finished with value: 0.5 and parameters: {'num_leaves': 11, 'learning_rate': 0.16937875397026864, 'feature_fraction': 0.40096971576812224, 'bagging_fraction': 0.40268357362022067, 'bagging_freq': 4, 'min_child_samples': 39}. Best is trial 16 with value: 0.8472222222222222.
[I 2025-09-17 13:16:25,598] Trial 27 finished with value: 0.7638888888888888 and parameters: {'num_leaves': 142, 'learning_rate': 0.1121709782072446, 'feature_fraction': 0.47580447863234865, 'bagging_fraction': 0.6857393577224322, 'bagging_freq': 3, 'min_child_samples': 27}. Best is trial 16 with value: 0.8472222222222222.
[I 2025-09-17 13:16:25,627] Trial 28 finished with value: 0.7453703703703703 and parameters: {'num_leaves': 39, 'learning_rate': 0.07745610516800913, 'feature_fraction': 0.5264473074181011, 'bagging_fraction': 0.8612937347449353, 'bagging_freq': 1, 'min_child_samples': 41}. Best is trial 16 with value: 0.8472222222222222.
[I 2025-09-17 13:16:25,686] Trial 29 finished with value: 0.7268518518518519 and parameters: {'num_leaves': 47, 'learning_rate': 0.03462532231861771, 'feature_fraction': 0.5698200726130551, 'bagging_fraction': 0.9449973830948071, 'bagging_freq': 3, 'min_child_samples': 15}. Best is trial 16 with value: 0.8472222222222222.
[I 2025-09-17 13:16:25,757] Trial 30 finished with value: 0.7083333333333333 and parameters: {'num_leaves': 97, 'learning_rate': 0.012460434689774216, 'feature_fraction': 0.4491718169708436, 'bagging_fraction': 0.7695790911272545, 'bagging_freq': 2, 'min_child_samples': 13}. Best is trial 16 with value: 0.8472222222222222.
[I 2025-09-17 13:16:25,820] Trial 31 finished with value: 0.7685185185185185 and parameters: {'num_leaves': 77, 'learning_rate': 0.10044212071365799, 'feature_fraction': 0.6194908522325795, 'bagging_fraction': 0.9993977911541846, 'bagging_freq': 3, 'min_child_samples': 12}. Best is trial 16 with value: 0.8472222222222222.
[I 2025-09-17 13:16:25,864] Trial 32 finished with value: 0.7824074074074074 and parameters: {'num_leaves': 36, 'learning_rate': 0.12145507941208447, 'feature_fraction': 0.4918831339377698, 'bagging_fraction': 0.9516737417235441, 'bagging_freq': 4, 'min_child_samples': 23}. Best is trial 16 with value: 0.8472222222222222.
[I 2025-09-17 13:16:25,895] Trial 33 finished with value: 0.7916666666666666 and parameters: {'num_leaves': 134, 'learning_rate': 0.14422245083025192, 'feature_fraction': 0.7403804801833119, 'bagging_fraction': 0.8596434284555201, 'bagging_freq': 3, 'min_child_samples': 32}. Best is trial 16 with value: 0.8472222222222222.
[I 2025-09-17 13:16:25,909] Trial 34 finished with value: 0.5 and parameters: {'num_leaves': 70, 'learning_rate': 0.0885434245575756, 'feature_fraction': 0.5296028450396, 'bagging_fraction': 0.9631563599944515, 'bagging_freq': 2, 'min_child_samples': 66}. Best is trial 16 with value: 0.8472222222222222.
[I 2025-09-17 13:16:25,966] Trial 35 finished with value: 0.7361111111111112 and parameters: {'num_leaves': 160, 'learning_rate': 0.05693065664667183, 'feature_fraction': 0.4066725209205889, 'bagging_fraction': 0.8646736819263303, 'bagging_freq': 2, 'min_child_samples': 17}. Best is trial 16 with value: 0.8472222222222222.
