[I 2025-09-17 13:17:22,691] Trial 27 finished with value: 0.7669172932330827 and parameters: {'num_leaves': 131, 'learning_rate': 0.12640588631217523, 'feature_fraction': 0.5423867326806306, 'bagging_fraction': 0.8280015561741547, 'bagging_freq': 6, 'min_child_samples': 49}. Best is trial 2 with value: 0.8834586466165414.
[I 2025-09-17 13:17:22,716] Trial 28 finished with value: 0.7142857142857143 and parameters: {'num_leaves': 288, 'learning_rate': 0.05193356682064376, 'feature_fraction': 0.743588426593989, 'bagging_fraction': 0.6602304603938003, 'bagging_freq': 4, 'min_child_samples': 36}. Best is trial 2 with value: 0.8834586466165414.
[I 2025-09-17 13:17:22,730] Trial 29 finished with value: 0.5 and parameters: {'num_leaves': 214, 'learning_rate': 0.011157105366499859, 'feature_fraction': 0.6341670028343483, 'bagging_fraction': 0.4934294851872538, 'bagging_freq': 3, 'min_child_samples': 67}. Best is trial 2 with value: 0.8834586466165414.
[I 2025-09-17 13:17:22,762] Trial 30 finished with value: 0.7406015037593985 and parameters: {'num_leaves': 254, 'learning_rate': 0.17104448458408236, 'feature_fraction': 0.575622872521573, 'bagging_fraction': 0.42584665299354046, 'bagging_freq': 7, 'min_child_samples': 30}. Best is trial 2 with value: 0.8834586466165414.
[I 2025-09-17 13:17:22,851] Trial 31 finished with value: 0.8458646616541353 and parameters: {'num_leaves': 109, 'learning_rate': 0.2959481588825453, 'feature_fraction': 0.9803182001258488, 'bagging_fraction': 0.7294887672964738, 'bagging_freq': 1, 'min_child_samples': 5}. Best is trial 2 with value: 0.8834586466165414.
[I 2025-09-17 13:17:22,897] Trial 32 finished with value: 0.7593984962406014 and parameters: {'num_leaves': 84, 'learning_rate': 0.2765344857544452, 'feature_fraction': 0.9533362749894833, 'bagging_fraction': 0.7320347854260018, 'bagging_freq': 1, 'min_child_samples': 11}. Best is trial 2 with value: 0.8834586466165414.
[I 2025-09-17 13:17:22,999] Trial 33 finished with value: 0.8872180451127819 and parameters: {'num_leaves': 166, 'learning_rate': 0.2992500661608874, 'feature_fraction': 0.40882438856586345, 'bagging_fraction': 0.5996720412619082, 'bagging_freq': 3, 'min_child_samples': 5}. Best is trial 33 with value: 0.8872180451127819.
[I 2025-09-17 13:17:23,034] Trial 34 finished with value: 0.7857142857142858 and parameters: {'num_leaves': 133, 'learning_rate': 0.25232574985786527, 'feature_fraction': 0.4293014043806746, 'bagging_fraction': 0.6016125251671604, 'bagging_freq': 3, 'min_child_samples': 20}. Best is trial 33 with value: 0.8872180451127819.
[I 2025-09-17 13:17:23,079] Trial 35 finished with value: 0.8308270676691729 and parameters: {'num_leaves': 162, 'learning_rate': 0.27844418312909314, 'feature_fraction': 0.40162450846072906, 'bagging_fraction': 0.60694632110747, 'bagging_freq': 3, 'min_child_samples': 12}. Best is trial 33 with value: 0.8872180451127819.
[I 2025-09-17 13:17:23,116] Trial 36 finished with value: 0.8270676691729323 and parameters: {'num_leaves': 186, 'learning_rate': 0.25428208174996053, 'feature_fraction': 0.6895770175265188, 'bagging_fraction': 0.563422371179735, 'bagging_freq': 4, 'min_child_samples': 18}. Best is trial 33 with value: 0.8872180451127819.
[I 2025-09-17 13:17:23,147] Trial 37 finished with value: 0.7894736842105263 and parameters: {'num_leaves': 167, 'learning_rate': 0.22577013335267843, 'feature_fraction': 0.8333695471143721, 'bagging_fraction': 0.6808694937278345, 'bagging_freq': 4, 'min_child_samples': 25}. Best is trial 33 with value: 0.8872180451127819.
[I 2025-09-17 13:17:23,163] Trial 38 finished with value: 0.5 and parameters: {'num_leaves': 135, 'learning_rate': 0.28200799317405645, 'feature_fraction': 0.5002375265695149, 'bagging_fraction': 0.47990041693427266, 'bagging_freq': 2, 'min_child_samples': 99}. Best is trial 33 with value: 0.8872180451127819.
[I 2025-09-17 13:17:23,241] Trial 39 finished with value: 0.8270676691729323 and parameters: {'num_leaves': 196, 'learning_rate': 0.07463151297152207, 'feature_fraction': 0.754495257743041, 'bagging_fraction': 0.780851383999422, 'bagging_freq': 5, 'min_child_samples': 9}. Best is trial 33 with value: 0.8872180451127819.
[I 2025-09-17 13:17:23,273] Trial 40 finished with value: 0.8308270676691729 and parameters: {'num_leaves': 229, 'learning_rate': 0.18043295533406384, 'feature_fraction': 0.9004843034278317, 'bagging_fraction': 0.6144934640090663, 'bagging_freq': 3, 'min_child_samples': 26}. Best is trial 33 with value: 0.8872180451127819.
[I 2025-09-17 13:17:23,345] Trial 41 finished with value: 0.7669172932330828 and parameters: {'num_leaves': 89, 'learning_rate': 0.29950986882921, 'feature_fraction': 0.813292182733927, 'bagging_fraction': 0.7295570798520745, 'bagging_freq': 1, 'min_child_samples': 7}. Best is trial 33 with value: 0.8872180451127819.
[I 2025-09-17 13:17:23,446] Trial 42 finished with value: 0.8383458646616541 and parameters: {'num_leaves': 105, 'learning_rate': 0.26205042691858516, 'feature_fraction': 0.8734295177162515, 'bagging_fraction': 0.6679950399131429, 'bagging_freq': 2, 'min_child_samples': 5}. Best is trial 33 with value: 0.8872180451127819.
[I 2025-09-17 13:17:23,492] Trial 43 finished with value: 0.8007518796992482 and parameters: {'num_leaves': 151, 'learning_rate': 0.2849379391586867, 'feature_fraction': 0.9197585365259809, 'bagging_fraction': 0.7988864313139503, 'bagging_freq': 1, 'min_child_samples': 15}. Best is trial 33 with value: 0.8872180451127819.
[I 2025-09-17 13:17:23,506] Trial 44 finished with value: 0.5 and parameters: {'num_leaves': 29, 'learning_rate': 0.24012800698939948, 'feature_fraction': 0.5877903572388165, 'bagging_fraction': 0.6362833794753794, 'bagging_freq': 7, 'min_child_samples': 62}. Best is trial 33 with value: 0.8872180451127819.
[I 2025-09-17 13:17:23,518] Trial 45 finished with value: 0.5 and parameters: {'num_leaves': 207, 'learning_rate': 0.28990771058200565, 'feature_fraction': 0.683423868450348, 'bagging_fraction': 0.5580116523029955, 'bagging_freq': 2, 'min_child_samples': 89}. Best is trial 33 with value: 0.8872180451127819.
[I 2025-09-17 13:17:23,567] Trial 46 finished with value: 0.793233082706767 and parameters: {'num_leaves': 66, 'learning_rate': 0.29993471598259336, 'feature_fraction': 0.9987462147800912, 'bagging_fraction': 0.752560884989147, 'bagging_freq': 6, 'min_child_samples': 10}. Best is trial 33 with value: 0.8872180451127819.
[I 2025-09-17 13:17:23,604] Trial 47 finished with value: 0.6654135338345866 and parameters: {'num_leaves': 171, 'learning_rate': 0.22633445319481701, 'feature_fraction': 0.4612128942748836, 'bagging_fraction': 0.7057570935358416, 'bagging_freq': 4, 'min_child_samples': 17}. Best is trial 33 with value: 0.8872180451127819.
[I 2025-09-17 13:17:23,719] Trial 48 finished with value: 0.830827067669173 and parameters: {'num_leaves': 274, 'learning_rate': 0.21014605796460178, 'feature_fraction': 0.5190394125250472, 'bagging_fraction': 0.8654669708780381, 'bagging_freq': 5, 'min_child_samples': 5}. Best is trial 33 with value: 0.8872180451127819.
[I 2025-09-17 13:17:23,760] Trial 49 finished with value: 0.8157894736842105 and parameters: {'num_leaves': 123, 'learning_rate': 0.26772936368641875, 'feature_fraction': 0.7282833797393762, 'bagging_fraction': 0.8075293786504277, 'bagging_freq': 6, 'min_child_samples': 14}. Best is trial 33 with value: 0.8872180451127819.
[I 2025-09-17 13:17:24,062] A new study created in memory with name: no-name-e4c6cb22-7fe8-404d-b8e3-b78db82c1e0c
[I 2025-09-17 13:17:24,072] Trial 0 finished with value: 0.5 and parameters: {'num_leaves': 239, 'learning_rate': 0.10127022737430441, 'feature_fraction': 0.4236240139873141, 'bagging_fraction': 0.5018882104079907, 'bagging_freq': 1, 'min_child_samples': 76}. Best is trial 0 with value: 0.5.
[I 2025-09-17 13:17:24,107] Trial 1 finished with value: 0.8421052631578947 and parameters: {'num_leaves': 139, 'learning_rate': 0.2947472325985566, 'feature_fraction': 0.7013441220681853, 'bagging_fraction': 0.8238506475470366, 'bagging_freq': 1, 'min_child_samples': 23}. Best is trial 1 with value: 0.8421052631578947.
[I 2025-09-17 13:17:24,125] Trial 2 finished with value: 0.8007518796992481 and parameters: {'num_leaves': 57, 'learning_rate': 0.20497872745444404, 'feature_fraction': 0.49621210894216594, 'bagging_fraction': 0.9951509078984895, 'bagging_freq': 5, 'min_child_samples': 62}. Best is trial 1 with value: 0.8421052631578947.
[I 2025-09-17 13:17:24,165] Trial 3 finished with value: 0.9097744360902256 and parameters: {'num_leaves': 250, 'learning_rate': 0.13647241709258653, 'feature_fraction': 0.7307140550422737, 'bagging_fraction': 0.9849360810412964, 'bagging_freq': 3, 'min_child_samples': 24}. Best is trial 3 with value: 0.9097744360902256.
[I 2025-09-17 13:17:24,191] Trial 4 finished with value: 0.8195488721804511 and parameters: {'num_leaves': 247, 'learning_rate': 0.21636134102603158, 'feature_fraction': 0.9861385434977368, 'bagging_fraction': 0.5439801313346048, 'bagging_freq': 1, 'min_child_samples': 29}. Best is trial 3 with value: 0.9097744360902256.
[I 2025-09-17 13:17:24,199] Trial 5 finished with value: 0.5 and parameters: {'num_leaves': 34, 'learning_rate': 0.096129374526354, 'feature_fraction': 0.8804482592229546, 'bagging_fraction': 0.6502688119170372, 'bagging_freq': 5, 'min_child_samples': 55}. Best is trial 3 with value: 0.9097744360902256.
[I 2025-09-17 13:17:24,223] Trial 6 finished with value: 0.868421052631579 and parameters: {'num_leaves': 137, 'learning_rate': 0.11144112614851245, 'feature_fraction': 0.8041094158697397, 'bagging_fraction': 0.4937429094251621, 'bagging_freq': 7, 'min_child_samples': 21}. Best is trial 3 with value: 0.9097744360902256.
[I 2025-09-17 13:17:24,243] Trial 7 finished with value: 0.8609022556390977 and parameters: {'num_leaves': 242, 'learning_rate': 0.18756840131884983, 'feature_fraction': 0.8952075406785145, 'bagging_fraction': 0.7741634968759563, 'bagging_freq': 7, 'min_child_samples': 46}. Best is trial 3 with value: 0.9097744360902256.
[I 2025-09-17 13:17:24,265] Trial 8 finished with value: 0.7857142857142857 and parameters: {'num_leaves': 202, 'learning_rate': 0.12775598560000917, 'feature_fraction': 0.7820393328799937, 'bagging_fraction': 0.5424745906272079, 'bagging_freq': 3, 'min_child_samples': 33}. Best is trial 3 with value: 0.9097744360902256.
[I 2025-09-17 13:17:24,301] Trial 9 finished with value: 0.8721804511278195 and parameters: {'num_leaves': 139, 'learning_rate': 0.13902265337878628, 'feature_fraction': 0.8984969875202935, 'bagging_fraction': 0.4231192500739981, 'bagging_freq': 2, 'min_child_samples': 14}. Best is trial 3 with value: 0.9097744360902256.
[I 2025-09-17 13:17:24,309] Trial 10 finished with value: 0.5 and parameters: {'num_leaves': 298, 'learning_rate': 0.015585994587778429, 'feature_fraction': 0.5758835840117913, 'bagging_fraction': 0.9649867776789323, 'bagging_freq': 4, 'min_child_samples': 100}. Best is trial 3 with value: 0.9097744360902256.
[I 2025-09-17 13:17:24,366] Trial 11 finished with value: 0.8233082706766918 and parameters: {'num_leaves': 88, 'learning_rate': 0.04573418461247959, 'feature_fraction': 0.6531205228095137, 'bagging_fraction': 0.40177452652382906, 'bagging_freq': 3, 'min_child_samples': 8}. Best is trial 3 with value: 0.9097744360902256.
[I 2025-09-17 13:17:24,497] Trial 12 finished with value: 0.9022556390977444 and parameters: {'num_leaves': 179, 'learning_rate': 0.15958591025129762, 'feature_fraction': 0.97732292384537, 'bagging_fraction': 0.8646403761255163, 'bagging_freq': 3, 'min_child_samples': 5}. Best is trial 3 with value: 0.9097744360902256.
[I 2025-09-17 13:17:24,625] Trial 13 finished with value: 0.943609022556391 and parameters: {'num_leaves': 183, 'learning_rate': 0.16468817152325257, 'feature_fraction': 0.9936613348919177, 'bagging_fraction': 0.8919804617696262, 'bagging_freq': 3, 'min_child_samples': 6}. Best is trial 13 with value: 0.943609022556391.
[I 2025-09-17 13:17:24,656] Trial 14 finished with value: 0.8270676691729324 and parameters: {'num_leaves': 288, 'learning_rate': 0.2667722131427359, 'feature_fraction': 0.6975924384771477, 'bagging_fraction': 0.9135547169251534, 'bagging_freq': 4, 'min_child_samples': 40}. Best is trial 13 with value: 0.943609022556391.
[I 2025-09-17 13:17:24,717] Trial 15 finished with value: 0.8872180451127819 and parameters: {'num_leaves': 198, 'learning_rate': 0.0717389145082926, 'feature_fraction': 0.7906918585670832, 'bagging_fraction': 0.7139989695360733, 'bagging_freq': 2, 'min_child_samples': 16}. Best is trial 13 with value: 0.943609022556391.
[I 2025-09-17 13:17:24,748] Trial 16 finished with value: 0.868421052631579 and parameters: {'num_leaves': 96, 'learning_rate': 0.17118588578813845, 'feature_fraction': 0.5722811744737488, 'bagging_fraction': 0.9201521251696098, 'bagging_freq': 5, 'min_child_samples': 34}. Best is trial 13 with value: 0.943609022556391.
[I 2025-09-17 13:17:24,854] Trial 17 finished with value: 0.9323308270676691 and parameters: {'num_leaves': 266, 'learning_rate': 0.23989605066009895, 'feature_fraction': 0.627943415586127, 'bagging_fraction': 0.8291687858897819, 'bagging_freq': 2, 'min_child_samples': 6}. Best is trial 13 with value: 0.943609022556391.
[I 2025-09-17 13:17:24,871] Trial 18 finished with value: 0.5 and parameters: {'num_leaves': 177, 'learning_rate': 0.23431735432861692, 'feature_fraction': 0.5850226049693114, 'bagging_fraction': 0.7630292720706919, 'bagging_freq': 2, 'min_child_samples': 74}. Best is trial 13 with value: 0.943609022556391.
[I 2025-09-17 13:17:24,984] Trial 19 finished with value: 0.9285714285714285 and parameters: {'num_leaves': 215, 'learning_rate': 0.2566262098407418, 'feature_fraction': 0.625558215763184, 'bagging_fraction': 0.6838871829134112, 'bagging_freq': 2, 'min_child_samples': 5}. Best is trial 13 with value: 0.943609022556391.
[I 2025-09-17 13:17:24,996] Trial 20 finished with value: 0.5 and parameters: {'num_leaves': 275, 'learning_rate': 0.29777686915676693, 'feature_fraction': 0.4975634274404599, 'bagging_fraction': 0.8433446435296331, 'bagging_freq': 4, 'min_child_samples': 95}. Best is trial 13 with value: 0.943609022556391.
[I 2025-09-17 13:17:25,112] Trial 21 finished with value: 0.962406015037594 and parameters: {'num_leaves': 215, 'learning_rate': 0.24802760021102713, 'feature_fraction': 0.6249278370948491, 'bagging_fraction': 0.664650044830875, 'bagging_freq': 2, 'min_child_samples': 5}. Best is trial 21 with value: 0.962406015037594.
[I 2025-09-17 13:17:25,166] Trial 22 finished with value: 0.887218045112782 and parameters: {'num_leaves': 215, 'learning_rate': 0.2433274098627434, 'feature_fraction': 0.5274206109673072, 'bagging_fraction': 0.612887405009339, 'bagging_freq': 2, 'min_child_samples': 14}. Best is trial 21 with value: 0.962406015037594.
[I 2025-09-17 13:17:25,222] Trial 23 finished with value: 0.924812030075188 and parameters: {'num_leaves': 271, 'learning_rate': 0.2120712193495306, 'feature_fraction': 0.6417807034510362, 'bagging_fraction': 0.7578285092762553, 'bagging_freq': 3, 'min_child_samples': 13}. Best is trial 21 with value: 0.962406015037594.
[I 2025-09-17 13:17:25,364] Trial 24 finished with value: 0.9548872180451128 and parameters: {'num_leaves': 167, 'learning_rate': 0.2736556091430485, 'feature_fraction': 0.43809619675203454, 'bagging_fraction': 0.9058944587562624, 'bagging_freq': 1, 'min_child_samples': 5}. Best is trial 21 with value: 0.962406015037594.
