[I 2025-09-17 13:16:00,981] Trial 38 finished with value: 0.8041958041958043 and parameters: {'num_leaves': 210, 'learning_rate': 0.11826619796314683, 'feature_fraction': 0.6008091681797844, 'bagging_fraction': 0.697664373826496, 'bagging_freq': 1, 'min_child_samples': 36}. Best is trial 17 with value: 0.8951048951048951.
[I 2025-09-17 13:16:01,022] Trial 39 finished with value: 0.7377622377622377 and parameters: {'num_leaves': 49, 'learning_rate': 0.2410591949521218, 'feature_fraction': 0.6780210188575114, 'bagging_fraction': 0.7517457379473655, 'bagging_freq': 3, 'min_child_samples': 11}. Best is trial 17 with value: 0.8951048951048951.
[I 2025-09-17 13:16:01,046] Trial 40 finished with value: 0.7517482517482517 and parameters: {'num_leaves': 243, 'learning_rate': 0.19810788925949377, 'feature_fraction': 0.8351816829914123, 'bagging_fraction': 0.6371505439583193, 'bagging_freq': 2, 'min_child_samples': 44}. Best is trial 17 with value: 0.8951048951048951.
[I 2025-09-17 13:16:01,082] Trial 41 finished with value: 0.7832167832167832 and parameters: {'num_leaves': 263, 'learning_rate': 0.1469381622968853, 'feature_fraction': 0.6250042766262909, 'bagging_fraction': 0.7036771396284659, 'bagging_freq': 2, 'min_child_samples': 24}. Best is trial 17 with value: 0.8951048951048951.
[I 2025-09-17 13:16:01,118] Trial 42 finished with value: 0.7832167832167832 and parameters: {'num_leaves': 233, 'learning_rate': 0.15982266255603106, 'feature_fraction': 0.6511109017884714, 'bagging_fraction': 0.6834959664895245, 'bagging_freq': 2, 'min_child_samples': 20}. Best is trial 17 with value: 0.8951048951048951.
[I 2025-09-17 13:16:01,146] Trial 43 finished with value: 0.7972027972027972 and parameters: {'num_leaves': 177, 'learning_rate': 0.14058931028522964, 'feature_fraction': 0.7106431776185511, 'bagging_fraction': 0.6650791867277694, 'bagging_freq': 1, 'min_child_samples': 32}. Best is trial 17 with value: 0.8951048951048951.
[I 2025-09-17 13:16:01,199] Trial 44 finished with value: 0.8636363636363636 and parameters: {'num_leaves': 258, 'learning_rate': 0.16999257734299517, 'feature_fraction': 0.6188265020537719, 'bagging_fraction': 0.6062772826057499, 'bagging_freq': 3, 'min_child_samples': 10}. Best is trial 17 with value: 0.8951048951048951.
[I 2025-09-17 13:16:01,241] Trial 45 finished with value: 0.8216783216783217 and parameters: {'num_leaves': 285, 'learning_rate': 0.18830328887025144, 'feature_fraction': 0.5623336903177522, 'bagging_fraction': 0.58868356362143, 'bagging_freq': 4, 'min_child_samples': 11}. Best is trial 17 with value: 0.8951048951048951.
[I 2025-09-17 13:16:01,292] Trial 46 finished with value: 0.7832167832167832 and parameters: {'num_leaves': 215, 'learning_rate': 0.1710056701267638, 'feature_fraction': 0.4764465376170063, 'bagging_fraction': 0.5185025616697075, 'bagging_freq': 3, 'min_child_samples': 9}. Best is trial 17 with value: 0.8951048951048951.
[I 2025-09-17 13:16:01,332] Trial 47 finished with value: 0.8356643356643357 and parameters: {'num_leaves': 269, 'learning_rate': 0.26360967951186387, 'feature_fraction': 0.6010617737413528, 'bagging_fraction': 0.5941256389664034, 'bagging_freq': 6, 'min_child_samples': 14}. Best is trial 17 with value: 0.8951048951048951.
[I 2025-09-17 13:16:01,403] Trial 48 finished with value: 0.7832167832167831 and parameters: {'num_leaves': 83, 'learning_rate': 0.23163546434633597, 'feature_fraction': 0.5372862957604998, 'bagging_fraction': 0.8104268182510432, 'bagging_freq': 3, 'min_child_samples': 8}. Best is trial 17 with value: 0.8951048951048951.
[I 2025-09-17 13:16:01,417] Trial 49 finished with value: 0.5 and parameters: {'num_leaves': 260, 'learning_rate': 0.20818144997263613, 'feature_fraction': 0.49891742996869437, 'bagging_fraction': 0.43029576539397263, 'bagging_freq': 4, 'min_child_samples': 72}. Best is trial 17 with value: 0.8951048951048951.
[I 2025-09-17 13:16:01,838] A new study created in memory with name: no-name-1c363304-ce43-41fb-b768-9e8593191e06
[I 2025-09-17 13:16:01,904] Trial 0 finished with value: 0.8492063492063492 and parameters: {'num_leaves': 105, 'learning_rate': 0.08699659243773945, 'feature_fraction': 0.40155682648398033, 'bagging_fraction': 0.8630372531810772, 'bagging_freq': 6, 'min_child_samples': 16}. Best is trial 0 with value: 0.8492063492063492.
[I 2025-09-17 13:16:01,928] Trial 1 finished with value: 0.8412698412698413 and parameters: {'num_leaves': 191, 'learning_rate': 0.26198104123735927, 'feature_fraction': 0.7137419292695089, 'bagging_fraction': 0.50107447671817, 'bagging_freq': 4, 'min_child_samples': 23}. Best is trial 0 with value: 0.8492063492063492.
[I 2025-09-17 13:16:02,006] Trial 2 finished with value: 0.9087301587301588 and parameters: {'num_leaves': 283, 'learning_rate': 0.040410028014956766, 'feature_fraction': 0.42202785076633886, 'bagging_fraction': 0.804040024509809, 'bagging_freq': 5, 'min_child_samples': 12}. Best is trial 2 with value: 0.9087301587301588.
[I 2025-09-17 13:16:02,044] Trial 3 finished with value: 0.8095238095238095 and parameters: {'num_leaves': 165, 'learning_rate': 0.2960765463836199, 'feature_fraction': 0.5733170172546367, 'bagging_fraction': 0.8311625520319614, 'bagging_freq': 2, 'min_child_samples': 25}. Best is trial 2 with value: 0.9087301587301588.
[I 2025-09-17 13:16:02,053] Trial 4 finished with value: 0.5 and parameters: {'num_leaves': 60, 'learning_rate': 0.14670904530173806, 'feature_fraction': 0.8816654284733616, 'bagging_fraction': 0.41788753605387824, 'bagging_freq': 5, 'min_child_samples': 61}. Best is trial 2 with value: 0.9087301587301588.
[I 2025-09-17 13:16:02,062] Trial 5 finished with value: 0.5 and parameters: {'num_leaves': 88, 'learning_rate': 0.2502446303172031, 'feature_fraction': 0.7793432449174932, 'bagging_fraction': 0.4610599814243684, 'bagging_freq': 3, 'min_child_samples': 69}. Best is trial 2 with value: 0.9087301587301588.
[I 2025-09-17 13:16:02,102] Trial 6 finished with value: 0.8452380952380951 and parameters: {'num_leaves': 249, 'learning_rate': 0.17025627283826833, 'feature_fraction': 0.4787312868793737, 'bagging_fraction': 0.7506747692249341, 'bagging_freq': 1, 'min_child_samples': 27}. Best is trial 2 with value: 0.9087301587301588.
[I 2025-09-17 13:16:02,114] Trial 7 finished with value: 0.6944444444444444 and parameters: {'num_leaves': 53, 'learning_rate': 0.24673994183003137, 'feature_fraction': 0.8611114515888849, 'bagging_fraction': 0.6110401135759214, 'bagging_freq': 1, 'min_child_samples': 44}. Best is trial 2 with value: 0.9087301587301588.
[I 2025-09-17 13:16:02,140] Trial 8 finished with value: 0.7896825396825397 and parameters: {'num_leaves': 63, 'learning_rate': 0.06612581371927737, 'feature_fraction': 0.4971751547359228, 'bagging_fraction': 0.9199603454986701, 'bagging_freq': 6, 'min_child_samples': 40}. Best is trial 2 with value: 0.9087301587301588.
[I 2025-09-17 13:16:02,160] Trial 9 finished with value: 0.8214285714285714 and parameters: {'num_leaves': 120, 'learning_rate': 0.0836627061610867, 'feature_fraction': 0.9985369333796644, 'bagging_fraction': 0.49210986027490444, 'bagging_freq': 7, 'min_child_samples': 36}. Best is trial 2 with value: 0.9087301587301588.
[I 2025-09-17 13:16:02,167] Trial 10 finished with value: 0.5 and parameters: {'num_leaves': 300, 'learning_rate': 0.01806473541851463, 'feature_fraction': 0.6214274635129377, 'bagging_fraction': 0.9785531085175759, 'bagging_freq': 4, 'min_child_samples': 100}. Best is trial 2 with value: 0.9087301587301588.
[I 2025-09-17 13:16:02,295] Trial 11 finished with value: 0.8571428571428571 and parameters: {'num_leaves': 215, 'learning_rate': 0.0104637184591366, 'feature_fraction': 0.40380117559473566, 'bagging_fraction': 0.8204308269479031, 'bagging_freq': 6, 'min_child_samples': 7}. Best is trial 2 with value: 0.9087301587301588.
[I 2025-09-17 13:16:02,407] Trial 12 finished with value: 0.8214285714285714 and parameters: {'num_leaves': 228, 'learning_rate': 0.01159138919601695, 'feature_fraction': 0.4093966338728839, 'bagging_fraction': 0.7038669860746228, 'bagging_freq': 7, 'min_child_samples': 7}. Best is trial 2 with value: 0.9087301587301588.
[I 2025-09-17 13:16:02,500] Trial 13 finished with value: 0.8888888888888888 and parameters: {'num_leaves': 288, 'learning_rate': 0.04762355386525506, 'feature_fraction': 0.5492746187353773, 'bagging_fraction': 0.7831262166006854, 'bagging_freq': 5, 'min_child_samples': 10}. Best is trial 2 with value: 0.9087301587301588.
[I 2025-09-17 13:16:02,512] Trial 14 finished with value: 0.5 and parameters: {'num_leaves': 299, 'learning_rate': 0.13533892183421742, 'feature_fraction': 0.5661766020920234, 'bagging_fraction': 0.6092667085181195, 'bagging_freq': 5, 'min_child_samples': 82}. Best is trial 2 with value: 0.9087301587301588.
[I 2025-09-17 13:16:02,631] Trial 15 finished with value: 0.876984126984127 and parameters: {'num_leaves': 261, 'learning_rate': 0.057802747541127276, 'feature_fraction': 0.6510817623793943, 'bagging_fraction': 0.7654083693552515, 'bagging_freq': 5, 'min_child_samples': 7}. Best is trial 2 with value: 0.9087301587301588.
[I 2025-09-17 13:16:02,644] Trial 16 finished with value: 0.5 and parameters: {'num_leaves': 269, 'learning_rate': 0.11360838779070281, 'feature_fraction': 0.4985261502907408, 'bagging_fraction': 0.6344705220776502, 'bagging_freq': 3, 'min_child_samples': 54}. Best is trial 2 with value: 0.9087301587301588.
[I 2025-09-17 13:16:02,705] Trial 17 finished with value: 0.8531746031746031 and parameters: {'num_leaves': 153, 'learning_rate': 0.1794221903283877, 'feature_fraction': 0.551244288841032, 'bagging_fraction': 0.9145310249589527, 'bagging_freq': 3, 'min_child_samples': 17}. Best is trial 2 with value: 0.9087301587301588.
[I 2025-09-17 13:16:02,736] Trial 18 finished with value: 0.7579365079365079 and parameters: {'num_leaves': 23, 'learning_rate': 0.04379424675972866, 'feature_fraction': 0.47404599719662177, 'bagging_fraction': 0.6785823514350586, 'bagging_freq': 5, 'min_child_samples': 33}. Best is trial 2 with value: 0.9087301587301588.
[I 2025-09-17 13:16:02,759] Trial 19 finished with value: 0.746031746031746 and parameters: {'num_leaves': 198, 'learning_rate': 0.20973829781952458, 'feature_fraction': 0.6844413161335068, 'bagging_fraction': 0.7743507341171109, 'bagging_freq': 4, 'min_child_samples': 48}. Best is trial 2 with value: 0.9087301587301588.
[I 2025-09-17 13:16:02,814] Trial 20 finished with value: 0.8531746031746031 and parameters: {'num_leaves': 280, 'learning_rate': 0.10630744524659026, 'feature_fraction': 0.5906803075599466, 'bagging_fraction': 0.553743222258047, 'bagging_freq': 6, 'min_child_samples': 15}. Best is trial 2 with value: 0.9087301587301588.
[I 2025-09-17 13:16:02,947] Trial 21 finished with value: 0.8928571428571428 and parameters: {'num_leaves': 256, 'learning_rate': 0.0507684903504088, 'feature_fraction': 0.6641844725023595, 'bagging_fraction': 0.7363518017293464, 'bagging_freq': 5, 'min_child_samples': 6}. Best is trial 2 with value: 0.9087301587301588.
[I 2025-09-17 13:16:03,069] Trial 22 finished with value: 0.8849206349206349 and parameters: {'num_leaves': 238, 'learning_rate': 0.03768545044300731, 'feature_fraction': 0.7642492864810876, 'bagging_fraction': 0.7169282591750581, 'bagging_freq': 4, 'min_child_samples': 6}. Best is trial 2 with value: 0.9087301587301588.
[I 2025-09-17 13:16:03,136] Trial 23 finished with value: 0.876984126984127 and parameters: {'num_leaves': 282, 'learning_rate': 0.07432763347567312, 'feature_fraction': 0.5197840708639438, 'bagging_fraction': 0.8207690357327553, 'bagging_freq': 5, 'min_child_samples': 17}. Best is trial 2 with value: 0.9087301587301588.
[I 2025-09-17 13:16:03,180] Trial 24 finished with value: 0.8134920634920635 and parameters: {'num_leaves': 247, 'learning_rate': 0.0377202666022801, 'feature_fraction': 0.6342140554617086, 'bagging_fraction': 0.8865022787124147, 'bagging_freq': 6, 'min_child_samples': 30}. Best is trial 2 with value: 0.9087301587301588.
[I 2025-09-17 13:16:03,258] Trial 25 finished with value: 0.876984126984127 and parameters: {'num_leaves': 213, 'learning_rate': 0.10686459591005643, 'feature_fraction': 0.4505675291118497, 'bagging_fraction': 0.7834416691428796, 'bagging_freq': 5, 'min_child_samples': 13}. Best is trial 2 with value: 0.9087301587301588.
[I 2025-09-17 13:16:03,296] Trial 26 finished with value: 0.7936507936507936 and parameters: {'num_leaves': 272, 'learning_rate': 0.05009718995326919, 'feature_fraction': 0.7300602617281078, 'bagging_fraction': 0.6660873739457023, 'bagging_freq': 7, 'min_child_samples': 21}. Best is trial 2 with value: 0.9087301587301588.
[I 2025-09-17 13:16:03,477] Trial 27 finished with value: 0.876984126984127 and parameters: {'num_leaves': 160, 'learning_rate': 0.12375676040976137, 'feature_fraction': 0.5289506428518078, 'bagging_fraction': 0.9855076532123206, 'bagging_freq': 3, 'min_child_samples': 5}. Best is trial 2 with value: 0.9087301587301588.
[I 2025-09-17 13:16:03,495] Trial 28 finished with value: 0.5 and parameters: {'num_leaves': 296, 'learning_rate': 0.03047119276411196, 'feature_fraction': 0.6695240526696046, 'bagging_fraction': 0.7299429457175188, 'bagging_freq': 4, 'min_child_samples': 76}. Best is trial 2 with value: 0.9087301587301588.
[I 2025-09-17 13:16:03,579] Trial 29 finished with value: 0.8412698412698413 and parameters: {'num_leaves': 254, 'learning_rate': 0.08812253531641237, 'feature_fraction': 0.4367458483318539, 'bagging_fraction': 0.8692648169988402, 'bagging_freq': 6, 'min_child_samples': 13}. Best is trial 2 with value: 0.9087301587301588.
[I 2025-09-17 13:16:03,628] Trial 30 finished with value: 0.8174603174603174 and parameters: {'num_leaves': 229, 'learning_rate': 0.08803980605363751, 'feature_fraction': 0.6085470454292642, 'bagging_fraction': 0.8026333670391874, 'bagging_freq': 5, 'min_child_samples': 22}. Best is trial 2 with value: 0.9087301587301588.
[I 2025-09-17 13:16:03,700] Trial 31 finished with value: 0.8928571428571429 and parameters: {'num_leaves': 239, 'learning_rate': 0.03433233754902369, 'feature_fraction': 0.7970779072609865, 'bagging_fraction': 0.7163813028429096, 'bagging_freq': 4, 'min_child_samples': 11}. Best is trial 2 with value: 0.9087301587301588.
[I 2025-09-17 13:16:03,759] Trial 32 finished with value: 0.8968253968253967 and parameters: {'num_leaves': 281, 'learning_rate': 0.06308803468451166, 'feature_fraction': 0.8336896804931863, 'bagging_fraction': 0.6647376864092129, 'bagging_freq': 4, 'min_child_samples': 13}. Best is trial 2 with value: 0.9087301587301588.
[I 2025-09-17 13:16:03,796] Trial 33 finished with value: 0.8531746031746031 and parameters: {'num_leaves': 176, 'learning_rate': 0.0684748994747709, 'feature_fraction': 0.8393878984928945, 'bagging_fraction': 0.6507245048229052, 'bagging_freq': 4, 'min_child_samples': 21}. Best is trial 2 with value: 0.9087301587301588.
[I 2025-09-17 13:16:03,827] Trial 34 finished with value: 0.7579365079365079 and parameters: {'num_leaves': 267, 'learning_rate': 0.030622213181882997, 'feature_fraction': 0.949162183465265, 'bagging_fraction': 0.5601906047523801, 'bagging_freq': 2, 'min_child_samples': 26}. Best is trial 2 with value: 0.9087301587301588.
