[I 2025-09-17 13:17:17,637] Trial 42 finished with value: 0.9666666666666667 and parameters: {'num_leaves': 112, 'learning_rate': 0.1373575978067306, 'feature_fraction': 0.5695490994703715, 'bagging_fraction': 0.8052153255317682, 'bagging_freq': 3, 'min_child_samples': 5}. Best is trial 8 with value: 0.9833333333333334.
[I 2025-09-17 13:17:17,707] Trial 43 finished with value: 0.9833333333333334 and parameters: {'num_leaves': 77, 'learning_rate': 0.09015853383604897, 'feature_fraction': 0.7130314287373045, 'bagging_fraction': 0.8773541901018231, 'bagging_freq': 2, 'min_child_samples': 15}. Best is trial 8 with value: 0.9833333333333334.
[I 2025-09-17 13:17:17,739] Trial 44 finished with value: 0.9541666666666666 and parameters: {'num_leaves': 78, 'learning_rate': 0.17309697814960334, 'feature_fraction': 0.7163242930079229, 'bagging_fraction': 0.8793052180809459, 'bagging_freq': 2, 'min_child_samples': 27}. Best is trial 8 with value: 0.9833333333333334.
[I 2025-09-17 13:17:17,785] Trial 45 finished with value: 0.9583333333333334 and parameters: {'num_leaves': 67, 'learning_rate': 0.19655308075144984, 'feature_fraction': 0.8382869112031446, 'bagging_fraction': 0.9658972736549828, 'bagging_freq': 2, 'min_child_samples': 20}. Best is trial 8 with value: 0.9833333333333334.
[I 2025-09-17 13:17:17,837] Trial 46 finished with value: 0.9624999999999999 and parameters: {'num_leaves': 116, 'learning_rate': 0.23483377659816937, 'feature_fraction': 0.7716509092059537, 'bagging_fraction': 0.923833965281254, 'bagging_freq': 2, 'min_child_samples': 16}. Best is trial 8 with value: 0.9833333333333334.
[I 2025-09-17 13:17:17,871] Trial 47 finished with value: 0.9208333333333334 and parameters: {'num_leaves': 88, 'learning_rate': 0.08846141877887186, 'feature_fraction': 0.6740948316914002, 'bagging_fraction': 0.8436120552709083, 'bagging_freq': 1, 'min_child_samples': 35}. Best is trial 8 with value: 0.9833333333333334.
[I 2025-09-17 13:17:17,885] Trial 48 finished with value: 0.5 and parameters: {'num_leaves': 32, 'learning_rate': 0.0681518050313002, 'feature_fraction': 0.7101129648200045, 'bagging_fraction': 0.8825975717186857, 'bagging_freq': 6, 'min_child_samples': 98}. Best is trial 8 with value: 0.9833333333333334.
[I 2025-09-17 13:17:17,980] Trial 49 finished with value: 0.9666666666666667 and parameters: {'num_leaves': 285, 'learning_rate': 0.027684928384026725, 'feature_fraction': 0.7461520921987663, 'bagging_fraction': 0.7806422491686016, 'bagging_freq': 3, 'min_child_samples': 9}. Best is trial 8 with value: 0.9833333333333334.
[I 2025-09-17 13:17:18,156] A new study created in memory with name: no-name-460c4734-822e-434b-ba9f-1edc4cb956b0
[I 2025-09-17 13:17:18,169] Trial 0 finished with value: 0.5 and parameters: {'num_leaves': 118, 'learning_rate': 0.1816318799692721, 'feature_fraction': 0.5060069847524543, 'bagging_fraction': 0.5679239734936397, 'bagging_freq': 7, 'min_child_samples': 53}. Best is trial 0 with value: 0.5.
[I 2025-09-17 13:17:18,177] Trial 1 finished with value: 0.5 and parameters: {'num_leaves': 278, 'learning_rate': 0.0794500872763771, 'feature_fraction': 0.7313545473355174, 'bagging_fraction': 0.45566765145799243, 'bagging_freq': 4, 'min_child_samples': 58}. Best is trial 0 with value: 0.5.
[I 2025-09-17 13:17:18,185] Trial 2 finished with value: 0.5 and parameters: {'num_leaves': 242, 'learning_rate': 0.20628095098675675, 'feature_fraction': 0.9611177468911488, 'bagging_fraction': 0.7810991443094969, 'bagging_freq': 3, 'min_child_samples': 96}. Best is trial 0 with value: 0.5.
[I 2025-09-17 13:17:18,191] Trial 3 finished with value: 0.5 and parameters: {'num_leaves': 234, 'learning_rate': 0.17197172136080482, 'feature_fraction': 0.8326770050452371, 'bagging_fraction': 0.5574483614862007, 'bagging_freq': 1, 'min_child_samples': 45}. Best is trial 0 with value: 0.5.
[I 2025-09-17 13:17:18,199] Trial 4 finished with value: 0.5 and parameters: {'num_leaves': 44, 'learning_rate': 0.24876372426990595, 'feature_fraction': 0.7903202551088396, 'bagging_fraction': 0.4692706385488847, 'bagging_freq': 6, 'min_child_samples': 61}. Best is trial 0 with value: 0.5.
[I 2025-09-17 13:17:18,207] Trial 5 finished with value: 0.5 and parameters: {'num_leaves': 71, 'learning_rate': 0.027411122929170945, 'feature_fraction': 0.42988060239146386, 'bagging_fraction': 0.5376941567234045, 'bagging_freq': 7, 'min_child_samples': 72}. Best is trial 0 with value: 0.5.
[I 2025-09-17 13:17:18,338] Trial 6 finished with value: 0.7969924812030076 and parameters: {'num_leaves': 17, 'learning_rate': 0.08225848367130727, 'feature_fraction': 0.5867131935823178, 'bagging_fraction': 0.8223150599906477, 'bagging_freq': 2, 'min_child_samples': 5}. Best is trial 6 with value: 0.7969924812030076.
[I 2025-09-17 13:17:18,346] Trial 7 finished with value: 0.5 and parameters: {'num_leaves': 272, 'learning_rate': 0.16270791421877667, 'feature_fraction': 0.46648654547944146, 'bagging_fraction': 0.5244306279000808, 'bagging_freq': 5, 'min_child_samples': 73}. Best is trial 6 with value: 0.7969924812030076.
Training until validation scores don't improve for 50 rounds
Early stopping, best iteration is:
[25]	valid_0's binary_logloss: 0.661598
Training until validation scores don't improve for 50 rounds
Early stopping, best iteration is:
[3]	valid_0's binary_logloss: 0.661598
Training until validation scores don't improve for 50 rounds
Did not meet early stopping. Best iteration is:
[100]	valid_0's binary_logloss: 0.406108
Training until validation scores don't improve for 50 rounds
Early stopping, best iteration is:
[44]	valid_0's binary_logloss: 0.192982
Training until validation scores don't improve for 50 rounds
Early stopping, best iteration is:
[3]	valid_0's binary_logloss: 0.661598
Training until validation scores don't improve for 50 rounds
Early stopping, best iteration is:
[10]	valid_0's binary_logloss: 0.661598
Training until validation scores don't improve for 50 rounds
Early stopping, best iteration is:
[12]	valid_0's binary_logloss: 0.277132
Training until validation scores don't improve for 50 rounds
Early stopping, best iteration is:
[5]	valid_0's binary_logloss: 0.661598
Training until validation scores don't improve for 50 rounds
Early stopping, best iteration is:
[39]	valid_0's binary_logloss: 0.136652
Training until validation scores don't improve for 50 rounds
Early stopping, best iteration is:
[26]	valid_0's binary_logloss: 0.253105
Training until validation scores don't improve for 50 rounds
Early stopping, best iteration is:
[6]	valid_0's binary_logloss: 0.661598
Training until validation scores don't improve for 50 rounds
Did not meet early stopping. Best iteration is:
[70]	valid_0's binary_logloss: 0.167575
Training until validation scores don't improve for 50 rounds
Did not meet early stopping. Best iteration is:
[79]	valid_0's binary_logloss: 0.183616
Training until validation scores don't improve for 50 rounds
Early stopping, best iteration is:
[38]	valid_0's binary_logloss: 0.265843
Training until validation scores don't improve for 50 rounds
Early stopping, best iteration is:
[14]	valid_0's binary_logloss: 0.193806
Training until validation scores don't improve for 50 rounds
Early stopping, best iteration is:
[19]	valid_0's binary_logloss: 0.661598
Training until validation scores don't improve for 50 rounds
Early stopping, best iteration is:
[48]	valid_0's binary_logloss: 0.28093
Training until validation scores don't improve for 50 rounds
Early stopping, best iteration is:
[14]	valid_0's binary_logloss: 0.661598
Training until validation scores don't improve for 50 rounds
Early stopping, best iteration is:
[30]	valid_0's binary_logloss: 0.259799
Training until validation scores don't improve for 50 rounds
Did not meet early stopping. Best iteration is:
[78]	valid_0's binary_logloss: 0.284246
Training until validation scores don't improve for 50 rounds
Did not meet early stopping. Best iteration is:
[53]	valid_0's binary_logloss: 0.370125
Training until validation scores don't improve for 50 rounds
Did not meet early stopping. Best iteration is:
[69]	valid_0's binary_logloss: 0.185583
Training until validation scores don't improve for 50 rounds
Did not meet early stopping. Best iteration is:
[77]	valid_0's binary_logloss: 0.231073
Training until validation scores don't improve for 50 rounds
Did not meet early stopping. Best iteration is:
[100]	valid_0's binary_logloss: 0.243086
Training until validation scores don't improve for 50 rounds
Early stopping, best iteration is:
[29]	valid_0's binary_logloss: 0.205082
Training until validation scores don't improve for 50 rounds
Did not meet early stopping. Best iteration is:
[100]	valid_0's binary_logloss: 0.298124
Training until validation scores don't improve for 50 rounds
Early stopping, best iteration is:
[34]	valid_0's binary_logloss: 0.275739
Training until validation scores don't improve for 50 rounds
Early stopping, best iteration is:
[28]	valid_0's binary_logloss: 0.18905
Training until validation scores don't improve for 50 rounds
Did not meet early stopping. Best iteration is:
[97]	valid_0's binary_logloss: 0.363623
Training until validation scores don't improve for 50 rounds
Early stopping, best iteration is:
[38]	valid_0's binary_logloss: 0.22881
Training until validation scores don't improve for 50 rounds
Early stopping, best iteration is:
[5]	valid_0's binary_logloss: 0.661598
Training until validation scores don't improve for 50 rounds
Early stopping, best iteration is:
[43]	valid_0's binary_logloss: 0.197175
Training until validation scores don't improve for 50 rounds
Did not meet early stopping. Best iteration is:
[66]	valid_0's binary_logloss: 0.217011
Training until validation scores don't improve for 50 rounds
Did not meet early stopping. Best iteration is:
[66]	valid_0's binary_logloss: 0.199844
Training until validation scores don't improve for 50 rounds
Did not meet early stopping. Best iteration is:
[98]	valid_0's binary_logloss: 0.298967
Training until validation scores don't improve for 50 rounds
Early stopping, best iteration is:
[36]	valid_0's binary_logloss: 0.168228
Training until validation scores don't improve for 50 rounds
Early stopping, best iteration is:
[31]	valid_0's binary_logloss: 0.192297
Training until validation scores don't improve for 50 rounds
Early stopping, best iteration is:
[43]	valid_0's binary_logloss: 0.661598
Training until validation scores don't improve for 50 rounds
Early stopping, best iteration is:
[40]	valid_0's binary_logloss: 0.165184
Training until validation scores don't improve for 50 rounds
Early stopping, best iteration is:
[31]	valid_0's binary_logloss: 0.175238
Training until validation scores don't improve for 50 rounds
Did not meet early stopping. Best iteration is:
[100]	valid_0's binary_logloss: 0.20392
Training until validation scores don't improve for 50 rounds
Did not meet early stopping. Best iteration is:
[69]	valid_0's binary_logloss: 0.183868
Training until validation scores don't improve for 50 rounds
Early stopping, best iteration is:
[41]	valid_0's binary_logloss: 0.202242
Training until validation scores don't improve for 50 rounds
Did not meet early stopping. Best iteration is:
[67]	valid_0's binary_logloss: 0.177443
Training until validation scores don't improve for 50 rounds
Early stopping, best iteration is:
[26]	valid_0's binary_logloss: 0.218845
Training until validation scores don't improve for 50 rounds
Early stopping, best iteration is:
[28]	valid_0's binary_logloss: 0.236713
Training until validation scores don't improve for 50 rounds
Early stopping, best iteration is:
[23]	valid_0's binary_logloss: 0.198011
Training until validation scores don't improve for 50 rounds
Early stopping, best iteration is:
[45]	valid_0's binary_logloss: 0.308921
Training until validation scores don't improve for 50 rounds
Early stopping, best iteration is:
[16]	valid_0's binary_logloss: 0.661598
Training until validation scores don't improve for 50 rounds
Did not meet early stopping. Best iteration is:
[99]	valid_0's binary_logloss: 0.225746
Training model for P133... (normalize_per_user=True)
Training until validation scores don't improve for 50 rounds
Early stopping, best iteration is:
[39]	valid_0's binary_logloss: 0.682256
Training until validation scores don't improve for 50 rounds
Early stopping, best iteration is:
[6]	valid_0's binary_logloss: 0.682256
Training until validation scores don't improve for 50 rounds
Early stopping, best iteration is:
[1]	valid_0's binary_logloss: 0.682256
Training until validation scores don't improve for 50 rounds
Early stopping, best iteration is:
[1]	valid_0's binary_logloss: 0.682256
Training until validation scores don't improve for 50 rounds
Early stopping, best iteration is:
[2]	valid_0's binary_logloss: 0.682256
Training until validation scores don't improve for 50 rounds
Early stopping, best iteration is:
[9]	valid_0's binary_logloss: 0.682256
Training until validation scores don't improve for 50 rounds
Early stopping, best iteration is:
[31]	valid_0's binary_logloss: 0.490928
Training until validation scores don't improve for 50 rounds
Early stopping, best iteration is:
[1]	valid_0's binary_logloss: 0.682256
[I 2025-09-17 13:17:18,373] Trial 8 finished with value: 0.6203007518796994 and parameters: {'num_leaves': 214, 'learning_rate': 0.17694960521226946, 'feature_fraction': 0.4499162615013038, 'bagging_fraction': 0.4785817334891624, 'bagging_freq': 1, 'min_child_samples': 18}. Best is trial 6 with value: 0.7969924812030076.
[I 2025-09-17 13:17:18,381] Trial 9 finished with value: 0.5 and parameters: {'num_leaves': 298, 'learning_rate': 0.23844845577830331, 'feature_fraction': 0.5974612614915894, 'bagging_fraction': 0.5879223570251906, 'bagging_freq': 4, 'min_child_samples': 64}. Best is trial 6 with value: 0.7969924812030076.
[I 2025-09-17 13:17:18,477] Trial 10 finished with value: 0.8045112781954887 and parameters: {'num_leaves': 159, 'learning_rate': 0.09456447048162979, 'feature_fraction': 0.616017164890815, 'bagging_fraction': 0.9978604174710061, 'bagging_freq': 2, 'min_child_samples': 8}. Best is trial 10 with value: 0.8045112781954887.
[I 2025-09-17 13:17:18,633] Trial 11 finished with value: 0.8195488721804511 and parameters: {'num_leaves': 160, 'learning_rate': 0.09681521200626002, 'feature_fraction': 0.6105751388286527, 'bagging_fraction': 0.9581741615630411, 'bagging_freq': 2, 'min_child_samples': 5}. Best is trial 11 with value: 0.8195488721804511.
[I 2025-09-17 13:17:18,666] Trial 12 finished with value: 0.6654135338345866 and parameters: {'num_leaves': 167, 'learning_rate': 0.10531232302899693, 'feature_fraction': 0.6220561949417543, 'bagging_fraction': 0.9734643268698826, 'bagging_freq': 2, 'min_child_samples': 28}. Best is trial 11 with value: 0.8195488721804511.
[I 2025-09-17 13:17:18,772] Trial 13 finished with value: 0.81203007518797 and parameters: {'num_leaves': 147, 'learning_rate': 0.10973946889896997, 'feature_fraction': 0.6812005498807739, 'bagging_fraction': 0.9688196491973341, 'bagging_freq': 3, 'min_child_samples': 7}. Best is trial 11 with value: 0.8195488721804511.
[I 2025-09-17 13:17:18,810] Trial 14 finished with value: 0.6278195488721805 and parameters: {'num_leaves': 110, 'learning_rate': 0.04544910322784455, 'feature_fraction': 0.7146903428216255, 'bagging_fraction': 0.8824224669357997, 'bagging_freq': 3, 'min_child_samples': 33}. Best is trial 11 with value: 0.8195488721804511.
[I 2025-09-17 13:17:18,861] Trial 15 finished with value: 0.7406015037593985 and parameters: {'num_leaves': 194, 'learning_rate': 0.12502283704878173, 'feature_fraction': 0.8764023545607077, 'bagging_fraction': 0.9129803118903435, 'bagging_freq': 3, 'min_child_samples': 19}. Best is trial 11 with value: 0.8195488721804511.
[I 2025-09-17 13:17:18,886] Trial 16 finished with value: 0.7293233082706767 and parameters: {'num_leaves': 118, 'learning_rate': 0.12867476454093874, 'feature_fraction': 0.535742744325075, 'bagging_fraction': 0.6911926640360333, 'bagging_freq': 5, 'min_child_samples': 38}. Best is trial 11 with value: 0.8195488721804511.
[I 2025-09-17 13:17:18,938] Trial 17 finished with value: 0.736842105263158 and parameters: {'num_leaves': 180, 'learning_rate': 0.057308374930549306, 'feature_fraction': 0.66836275615141, 'bagging_fraction': 0.7107508878515565, 'bagging_freq': 2, 'min_child_samples': 17}. Best is trial 11 with value: 0.8195488721804511.
[I 2025-09-17 13:17:18,952] Trial 18 finished with value: 0.5 and parameters: {'num_leaves': 82, 'learning_rate': 0.29880323497234773, 'feature_fraction': 0.7604448898597116, 'bagging_fraction': 0.9022039727458417, 'bagging_freq': 3, 'min_child_samples': 100}. Best is trial 11 with value: 0.8195488721804511.
[I 2025-09-17 13:17:18,985] Trial 19 finished with value: 0.6992481203007519 and parameters: {'num_leaves': 147, 'learning_rate': 0.13798853200665223, 'feature_fraction': 0.6781250383743537, 'bagging_fraction': 0.8231608183168025, 'bagging_freq': 1, 'min_child_samples': 26}. Best is trial 11 with value: 0.8195488721804511.
[I 2025-09-17 13:17:19,106] Trial 20 finished with value: 0.8007518796992481 and parameters: {'num_leaves': 134, 'learning_rate': 0.06596213301009157, 'feature_fraction': 0.5564146786705277, 'bagging_fraction': 0.9412197883986486, 'bagging_freq': 4, 'min_child_samples': 10}. Best is trial 11 with value: 0.8195488721804511.
[I 2025-09-17 13:17:19,207] Trial 21 finished with value: 0.7669172932330828 and parameters: {'num_leaves': 164, 'learning_rate': 0.01083271835268064, 'feature_fraction': 0.6352257299283601, 'bagging_fraction': 0.9950865505765275, 'bagging_freq': 2, 'min_child_samples': 9}. Best is trial 11 with value: 0.8195488721804511.
[I 2025-09-17 13:17:19,346] Trial 22 finished with value: 0.8458646616541353 and parameters: {'num_leaves': 203, 'learning_rate': 0.10526937782339978, 'feature_fraction': 0.6519967767943564, 'bagging_fraction': 0.991687749865202, 'bagging_freq': 2, 'min_child_samples': 6}. Best is trial 22 with value: 0.8458646616541353.
[I 2025-09-17 13:17:19,401] Trial 23 finished with value: 0.736842105263158 and parameters: {'num_leaves': 211, 'learning_rate': 0.12432588193689918, 'feature_fraction': 0.6794558257401683, 'bagging_fraction': 0.8559322078093361, 'bagging_freq': 3, 'min_child_samples': 18}. Best is trial 22 with value: 0.8458646616541353.
[I 2025-09-17 13:17:19,442] Trial 24 finished with value: 0.7706766917293234 and parameters: {'num_leaves': 186, 'learning_rate': 0.10598540549067734, 'feature_fraction': 0.7774007148222805, 'bagging_fraction': 0.9458027461393831, 'bagging_freq': 1, 'min_child_samples': 25}. Best is trial 22 with value: 0.8458646616541353.
[I 2025-09-17 13:17:19,463] Trial 25 finished with value: 0.5902255639097744 and parameters: {'num_leaves': 93, 'learning_rate': 0.04429477778664026, 'feature_fraction': 0.5170142865286299, 'bagging_fraction': 0.722368346922535, 'bagging_freq': 2, 'min_child_samples': 39}. Best is trial 22 with value: 0.8458646616541353.
[I 2025-09-17 13:17:19,514] Trial 26 finished with value: 0.7857142857142858 and parameters: {'num_leaves': 141, 'learning_rate': 0.14712949480513332, 'feature_fraction': 0.6593685289893338, 'bagging_fraction': 0.9436624980907877, 'bagging_freq': 4, 'min_child_samples': 13}. Best is trial 22 with value: 0.8458646616541353.
[I 2025-09-17 13:17:19,621] Trial 27 finished with value: 0.7744360902255639 and parameters: {'num_leaves': 222, 'learning_rate': 0.1046374908784043, 'feature_fraction': 0.7255155728748024, 'bagging_fraction': 0.6320420903395048, 'bagging_freq': 3, 'min_child_samples': 5}. Best is trial 22 with value: 0.8458646616541353.
[I 2025-09-17 13:17:19,636] Trial 28 finished with value: 0.5 and parameters: {'num_leaves': 199, 'learning_rate': 0.07945720459872221, 'feature_fraction': 0.5643816060898693, 'bagging_fraction': 0.7676531475521002, 'bagging_freq': 1, 'min_child_samples': 87}. Best is trial 22 with value: 0.8458646616541353.
[I 2025-09-17 13:17:19,672] Trial 29 finished with value: 0.7218045112781956 and parameters: {'num_leaves': 125, 'learning_rate': 0.21741880538093586, 'feature_fraction': 0.4936096868350287, 'bagging_fraction': 0.8651797662833688, 'bagging_freq': 2, 'min_child_samples': 23}. Best is trial 22 with value: 0.8458646616541353.
[I 2025-09-17 13:17:19,692] Trial 30 finished with value: 0.6165413533834587 and parameters: {'num_leaves': 100, 'learning_rate': 0.19408894624703, 'feature_fraction': 0.8367745460422672, 'bagging_fraction': 0.924394364415168, 'bagging_freq': 5, 'min_child_samples': 46}. Best is trial 22 with value: 0.8458646616541353.
[I 2025-09-17 13:17:19,752] Trial 31 finished with value: 0.7255639097744362 and parameters: {'num_leaves': 163, 'learning_rate': 0.09513550148374196, 'feature_fraction': 0.6274061005747525, 'bagging_fraction': 0.9799738072143206, 'bagging_freq': 2, 'min_child_samples': 12}. Best is trial 22 with value: 0.8458646616541353.
[I 2025-09-17 13:17:19,865] Trial 32 finished with value: 0.7894736842105263 and parameters: {'num_leaves': 172, 'learning_rate': 0.09043362456792393, 'feature_fraction': 0.5896033357549023, 'bagging_fraction': 0.9981145957343669, 'bagging_freq': 2, 'min_child_samples': 6}. Best is trial 22 with value: 0.8458646616541353.
[I 2025-09-17 13:17:19,921] Trial 33 finished with value: 0.7142857142857143 and parameters: {'num_leaves': 252, 'learning_rate': 0.11700516397003462, 'feature_fraction': 0.7085228352550045, 'bagging_fraction': 0.9605414041110747, 'bagging_freq': 3, 'min_child_samples': 14}. Best is trial 22 with value: 0.8458646616541353.
[I 2025-09-17 13:17:19,990] Trial 34 finished with value: 0.755639097744361 and parameters: {'num_leaves': 139, 'learning_rate': 0.15176104380126337, 'feature_fraction': 0.6372614067789094, 'bagging_fraction': 0.8978926480104584, 'bagging_freq': 1, 'min_child_samples': 12}. Best is trial 22 with value: 0.8458646616541353.
