[I 2025-09-17 13:18:11,032] Trial 32 finished with value: 0.7169421487603307 and parameters: {'num_leaves': 191, 'learning_rate': 0.13463697488650495, 'feature_fraction': 0.7486559212406745, 'bagging_fraction': 0.4844440086396168, 'bagging_freq': 3, 'min_child_samples': 39}. Best is trial 27 with value: 0.9421487603305785.
[I 2025-09-17 13:18:11,065] Trial 33 finished with value: 0.9090909090909091 and parameters: {'num_leaves': 164, 'learning_rate': 0.19676977216198635, 'feature_fraction': 0.8868223133360311, 'bagging_fraction': 0.5745827677788952, 'bagging_freq': 2, 'min_child_samples': 16}. Best is trial 27 with value: 0.9421487603305785.
[I 2025-09-17 13:18:11,105] Trial 34 finished with value: 0.884297520661157 and parameters: {'num_leaves': 201, 'learning_rate': 0.06453499533182683, 'feature_fraction': 0.6748546557194471, 'bagging_fraction': 0.44858429119970544, 'bagging_freq': 4, 'min_child_samples': 10}. Best is trial 27 with value: 0.9421487603305785.
[I 2025-09-17 13:18:11,132] Trial 35 finished with value: 0.884297520661157 and parameters: {'num_leaves': 260, 'learning_rate': 0.04138730752358674, 'feature_fraction': 0.8048973392409559, 'bagging_fraction': 0.5407219578078903, 'bagging_freq': 1, 'min_child_samples': 32}. Best is trial 27 with value: 0.9421487603305785.
[I 2025-09-17 13:18:11,149] Trial 36 finished with value: 0.5 and parameters: {'num_leaves': 132, 'learning_rate': 0.21686000981484269, 'feature_fraction': 0.5607952955417755, 'bagging_fraction': 0.5935319173753455, 'bagging_freq': 3, 'min_child_samples': 47}. Best is trial 27 with value: 0.9421487603305785.
[I 2025-09-17 13:18:11,161] Trial 37 finished with value: 0.5 and parameters: {'num_leaves': 93, 'learning_rate': 0.1062828692087927, 'feature_fraction': 0.6342208526132107, 'bagging_fraction': 0.48965660118056087, 'bagging_freq': 5, 'min_child_samples': 85}. Best is trial 27 with value: 0.9421487603305785.
[I 2025-09-17 13:18:11,309] Trial 38 finished with value: 0.8719008264462811 and parameters: {'num_leaves': 66, 'learning_rate': 0.07776871969966384, 'feature_fraction': 0.8500849753369212, 'bagging_fraction': 0.7191110691817341, 'bagging_freq': 2, 'min_child_samples': 5}. Best is trial 27 with value: 0.9421487603305785.
[I 2025-09-17 13:18:11,337] Trial 39 finished with value: 0.871900826446281 and parameters: {'num_leaves': 36, 'learning_rate': 0.17556391616748385, 'feature_fraction': 0.5115991595861861, 'bagging_fraction': 0.8093705201337178, 'bagging_freq': 3, 'min_child_samples': 21}. Best is trial 27 with value: 0.9421487603305785.
[I 2025-09-17 13:18:11,358] Trial 40 finished with value: 0.8739669421487604 and parameters: {'num_leaves': 244, 'learning_rate': 0.15701991949233016, 'feature_fraction': 0.7361476403253989, 'bagging_fraction': 0.6093359934058934, 'bagging_freq': 4, 'min_child_samples': 29}. Best is trial 27 with value: 0.9421487603305785.
[I 2025-09-17 13:18:11,390] Trial 41 finished with value: 0.8966942148760331 and parameters: {'num_leaves': 147, 'learning_rate': 0.11026282147824798, 'feature_fraction': 0.6901574154297406, 'bagging_fraction': 0.5690056541007834, 'bagging_freq': 3, 'min_child_samples': 22}. Best is trial 27 with value: 0.9421487603305785.
[I 2025-09-17 13:18:11,433] Trial 42 finished with value: 0.8925619834710743 and parameters: {'num_leaves': 166, 'learning_rate': 0.11773301511415904, 'feature_fraction': 0.7943141070708916, 'bagging_fraction': 0.6391572230650715, 'bagging_freq': 2, 'min_child_samples': 13}. Best is trial 27 with value: 0.9421487603305785.
[I 2025-09-17 13:18:11,456] Trial 43 finished with value: 0.7768595041322315 and parameters: {'num_leaves': 205, 'learning_rate': 0.13768846907051535, 'feature_fraction': 0.7530480932310668, 'bagging_fraction': 0.5407083219361832, 'bagging_freq': 3, 'min_child_samples': 36}. Best is trial 27 with value: 0.9421487603305785.
[I 2025-09-17 13:18:11,482] Trial 44 finished with value: 0.8842975206611571 and parameters: {'num_leaves': 148, 'learning_rate': 0.09263866643077126, 'feature_fraction': 0.7198891892355295, 'bagging_fraction': 0.6677117418532231, 'bagging_freq': 2, 'min_child_samples': 20}. Best is trial 27 with value: 0.9421487603305785.
[I 2025-09-17 13:18:11,506] Trial 45 finished with value: 0.9173553719008264 and parameters: {'num_leaves': 101, 'learning_rate': 0.04180866922608893, 'feature_fraction': 0.8282296060986521, 'bagging_fraction': 0.5162905148267583, 'bagging_freq': 6, 'min_child_samples': 25}. Best is trial 27 with value: 0.9421487603305785.
[I 2025-09-17 13:18:11,529] Trial 46 finished with value: 0.8636363636363636 and parameters: {'num_leaves': 103, 'learning_rate': 0.02254697439251917, 'feature_fraction': 0.8206570611472648, 'bagging_fraction': 0.43248010224355615, 'bagging_freq': 6, 'min_child_samples': 26}. Best is trial 27 with value: 0.9421487603305785.
[I 2025-09-17 13:18:11,547] Trial 47 finished with value: 0.6735537190082644 and parameters: {'num_leaves': 126, 'learning_rate': 0.03520627618212227, 'feature_fraction': 0.928105919652684, 'bagging_fraction': 0.4700710198649264, 'bagging_freq': 6, 'min_child_samples': 37}. Best is trial 27 with value: 0.9421487603305785.
[I 2025-09-17 13:18:11,586] Trial 48 finished with value: 0.9090909090909091 and parameters: {'num_leaves': 79, 'learning_rate': 0.050633537444894794, 'feature_fraction': 0.8368235501467294, 'bagging_fraction': 0.49756087188437575, 'bagging_freq': 7, 'min_child_samples': 14}. Best is trial 27 with value: 0.9421487603305785.
[I 2025-09-17 13:18:11,715] Trial 49 finished with value: 0.8925619834710743 and parameters: {'num_leaves': 180, 'learning_rate': 0.017080156463225235, 'feature_fraction': 0.5306329452443204, 'bagging_fraction': 0.8818449188213626, 'bagging_freq': 7, 'min_child_samples': 7}. Best is trial 27 with value: 0.9421487603305785.
[I 2025-09-17 13:18:12,004] A new study created in memory with name: no-name-7c240f34-6b7a-48a5-8ca7-39dac12ae0aa
[I 2025-09-17 13:18:12,012] Trial 0 finished with value: 0.5 and parameters: {'num_leaves': 245, 'learning_rate': 0.05688243553063523, 'feature_fraction': 0.921580011144169, 'bagging_fraction': 0.8655469659578516, 'bagging_freq': 1, 'min_child_samples': 81}. Best is trial 0 with value: 0.5.
[I 2025-09-17 13:18:12,020] Trial 1 finished with value: 0.5 and parameters: {'num_leaves': 49, 'learning_rate': 0.1848518823773086, 'feature_fraction': 0.696254129346659, 'bagging_fraction': 0.8634316630203399, 'bagging_freq': 2, 'min_child_samples': 70}. Best is trial 0 with value: 0.5.
[I 2025-09-17 13:18:12,030] Trial 2 finished with value: 0.5 and parameters: {'num_leaves': 261, 'learning_rate': 0.1489935938512717, 'feature_fraction': 0.6708400342868877, 'bagging_fraction': 0.7321648291746943, 'bagging_freq': 7, 'min_child_samples': 83}. Best is trial 0 with value: 0.5.
[I 2025-09-17 13:18:12,046] Trial 3 finished with value: 0.8677685950413223 and parameters: {'num_leaves': 15, 'learning_rate': 0.25095307386037913, 'feature_fraction': 0.5037111717656543, 'bagging_fraction': 0.7966913891878195, 'bagging_freq': 2, 'min_child_samples': 42}. Best is trial 3 with value: 0.8677685950413223.
[I 2025-09-17 13:18:12,065] Trial 4 finished with value: 0.768595041322314 and parameters: {'num_leaves': 174, 'learning_rate': 0.2790031690266699, 'feature_fraction': 0.5881613278672042, 'bagging_fraction': 0.9943127263610558, 'bagging_freq': 1, 'min_child_samples': 57}. Best is trial 3 with value: 0.8677685950413223.
[I 2025-09-17 13:18:12,073] Trial 5 finished with value: 0.5 and parameters: {'num_leaves': 16, 'learning_rate': 0.16426468389700288, 'feature_fraction': 0.7977250927031729, 'bagging_fraction': 0.8937589042530176, 'bagging_freq': 5, 'min_child_samples': 96}. Best is trial 3 with value: 0.8677685950413223.
[I 2025-09-17 13:18:12,082] Trial 6 finished with value: 0.5 and parameters: {'num_leaves': 155, 'learning_rate': 0.05890743331792185, 'feature_fraction': 0.7030763213180853, 'bagging_fraction': 0.9165255950365572, 'bagging_freq': 1, 'min_child_samples': 72}. Best is trial 3 with value: 0.8677685950413223.
[I 2025-09-17 13:18:12,090] Trial 7 finished with value: 0.5 and parameters: {'num_leaves': 161, 'learning_rate': 0.06964081173489745, 'feature_fraction': 0.8654642519495688, 'bagging_fraction': 0.4561029418430175, 'bagging_freq': 4, 'min_child_samples': 56}. Best is trial 3 with value: 0.8677685950413223.
[I 2025-09-17 13:18:12,101] Trial 8 finished with value: 0.5 and parameters: {'num_leaves': 187, 'learning_rate': 0.2596138536799834, 'feature_fraction': 0.885918652179595, 'bagging_fraction': 0.7869040428058944, 'bagging_freq': 5, 'min_child_samples': 68}. Best is trial 3 with value: 0.8677685950413223.
[I 2025-09-17 13:18:12,123] Trial 9 finished with value: 0.8657024793388429 and parameters: {'num_leaves': 13, 'learning_rate': 0.14096936109355698, 'feature_fraction': 0.5829080639634543, 'bagging_fraction': 0.943857549245955, 'bagging_freq': 6, 'min_child_samples': 31}. Best is trial 3 with value: 0.8677685950413223.
[I 2025-09-17 13:18:12,210] Trial 10 finished with value: 0.871900826446281 and parameters: {'num_leaves': 91, 'learning_rate': 0.21632488863379823, 'feature_fraction': 0.40064315154988633, 'bagging_fraction': 0.5690110989976175, 'bagging_freq': 3, 'min_child_samples': 5}. Best is trial 10 with value: 0.871900826446281.
[I 2025-09-17 13:18:12,300] Trial 11 finished with value: 0.8140495867768596 and parameters: {'num_leaves': 89, 'learning_rate': 0.22944050025782237, 'feature_fraction': 0.40809345536797254, 'bagging_fraction': 0.5624507250006476, 'bagging_freq': 3, 'min_child_samples': 5}. Best is trial 10 with value: 0.871900826446281.
[I 2025-09-17 13:18:12,323] Trial 12 finished with value: 0.8801652892561983 and parameters: {'num_leaves': 93, 'learning_rate': 0.22534955756021696, 'feature_fraction': 0.403501119226883, 'bagging_fraction': 0.6196216024161775, 'bagging_freq': 3, 'min_child_samples': 25}. Best is trial 12 with value: 0.8801652892561983.
[I 2025-09-17 13:18:12,433] Trial 13 finished with value: 0.884297520661157 and parameters: {'num_leaves': 104, 'learning_rate': 0.20596001632829405, 'feature_fraction': 0.41910733924095017, 'bagging_fraction': 0.607308714000373, 'bagging_freq': 3, 'min_child_samples': 5}. Best is trial 13 with value: 0.884297520661157.
[I 2025-09-17 13:18:12,465] Trial 14 finished with value: 0.8884297520661157 and parameters: {'num_leaves': 99, 'learning_rate': 0.2007229269299324, 'feature_fraction': 0.48920166511864066, 'bagging_fraction': 0.6214000657429601, 'bagging_freq': 3, 'min_child_samples': 21}. Best is trial 14 with value: 0.8884297520661157.
[I 2025-09-17 13:18:12,512] Trial 15 finished with value: 0.8966942148760331 and parameters: {'num_leaves': 123, 'learning_rate': 0.10522110685047702, 'feature_fraction': 0.5064227229292303, 'bagging_fraction': 0.6563451851897165, 'bagging_freq': 4, 'min_child_samples': 19}. Best is trial 15 with value: 0.8966942148760331.
[I 2025-09-17 13:18:12,532] Trial 16 finished with value: 0.8615702479338843 and parameters: {'num_leaves': 130, 'learning_rate': 0.09813247731324704, 'feature_fraction': 0.5168601797172379, 'bagging_fraction': 0.4628953923801621, 'bagging_freq': 4, 'min_child_samples': 22}. Best is trial 15 with value: 0.8966942148760331.
[I 2025-09-17 13:18:12,582] Trial 17 finished with value: 0.8801652892561984 and parameters: {'num_leaves': 212, 'learning_rate': 0.0191500581155922, 'feature_fraction': 0.5102363618108364, 'bagging_fraction': 0.664978910746388, 'bagging_freq': 5, 'min_child_samples': 18}. Best is trial 15 with value: 0.8966942148760331.
[I 2025-09-17 13:18:12,604] Trial 18 finished with value: 0.5929752066115703 and parameters: {'num_leaves': 121, 'learning_rate': 0.11524727231584789, 'feature_fraction': 0.6077060517439993, 'bagging_fraction': 0.5149410350913757, 'bagging_freq': 4, 'min_child_samples': 39}. Best is trial 15 with value: 0.8966942148760331.
[I 2025-09-17 13:18:12,628] Trial 19 finished with value: 0.5764462809917356 and parameters: {'num_leaves': 300, 'learning_rate': 0.1152822505249746, 'feature_fraction': 0.4880770555382319, 'bagging_fraction': 0.6664200707711992, 'bagging_freq': 2, 'min_child_samples': 44}. Best is trial 15 with value: 0.8966942148760331.
[I 2025-09-17 13:18:12,662] Trial 20 finished with value: 0.884297520661157 and parameters: {'num_leaves': 57, 'learning_rate': 0.1885027519823765, 'feature_fraction': 0.6425268355327249, 'bagging_fraction': 0.7469372643515338, 'bagging_freq': 6, 'min_child_samples': 17}. Best is trial 15 with value: 0.8966942148760331.
[I 2025-09-17 13:18:12,717] Trial 21 finished with value: 0.8471074380165289 and parameters: {'num_leaves': 115, 'learning_rate': 0.18993978968588024, 'feature_fraction': 0.4664406570464299, 'bagging_fraction': 0.6101202063199417, 'bagging_freq': 3, 'min_child_samples': 12}. Best is trial 15 with value: 0.8966942148760331.
[I 2025-09-17 13:18:12,738] Trial 22 finished with value: 0.5537190082644629 and parameters: {'num_leaves': 60, 'learning_rate': 0.2976406986567557, 'feature_fraction': 0.46221670966615613, 'bagging_fraction': 0.40334733814670337, 'bagging_freq': 4, 'min_child_samples': 30}. Best is trial 15 with value: 0.8966942148760331.
[I 2025-09-17 13:18:12,780] Trial 23 finished with value: 0.828512396694215 and parameters: {'num_leaves': 139, 'learning_rate': 0.20867745651665137, 'feature_fraction': 0.5446704090673753, 'bagging_fraction': 0.6737600976599578, 'bagging_freq': 3, 'min_child_samples': 13}. Best is trial 15 with value: 0.8966942148760331.
[I 2025-09-17 13:18:12,807] Trial 24 finished with value: 0.8760330578512396 and parameters: {'num_leaves': 82, 'learning_rate': 0.16418545583586705, 'feature_fraction': 0.7771146967895846, 'bagging_fraction': 0.6114026293786224, 'bagging_freq': 2, 'min_child_samples': 33}. Best is trial 15 with value: 0.8966942148760331.
[I 2025-09-17 13:18:12,874] Trial 25 finished with value: 0.9049586776859504 and parameters: {'num_leaves': 110, 'learning_rate': 0.1269628242154683, 'feature_fraction': 0.4464400484937037, 'bagging_fraction': 0.5503239143795955, 'bagging_freq': 5, 'min_child_samples': 11}. Best is trial 25 with value: 0.9049586776859504.
[I 2025-09-17 13:18:12,888] Trial 26 finished with value: 0.5 and parameters: {'num_leaves': 197, 'learning_rate': 0.08902615182289822, 'feature_fraction': 0.5460778333241239, 'bagging_fraction': 0.5386837060832022, 'bagging_freq': 6, 'min_child_samples': 49}. Best is trial 25 with value: 0.9049586776859504.
