[I 2025-09-17 13:18:18,165] Trial 3 finished with value: 0.5 and parameters: {'num_leaves': 193, 'learning_rate': 0.04227278169226856, 'feature_fraction': 0.9094067464388765, 'bagging_fraction': 0.714180321440536, 'bagging_freq': 3, 'min_child_samples': 92}. Best is trial 1 with value: 0.7714285714285714.
[I 2025-09-17 13:18:18,175] Trial 4 finished with value: 0.5 and parameters: {'num_leaves': 91, 'learning_rate': 0.20089835944376577, 'feature_fraction': 0.9023793693517046, 'bagging_fraction': 0.4703258476446129, 'bagging_freq': 5, 'min_child_samples': 65}. Best is trial 1 with value: 0.7714285714285714.
[I 2025-09-17 13:18:18,202] Trial 5 finished with value: 0.8761904761904762 and parameters: {'num_leaves': 293, 'learning_rate': 0.24086772194835807, 'feature_fraction': 0.7798404240793925, 'bagging_fraction': 0.9738487614767304, 'bagging_freq': 7, 'min_child_samples': 25}. Best is trial 5 with value: 0.8761904761904762.
[I 2025-09-17 13:18:18,222] Trial 6 finished with value: 0.8095238095238095 and parameters: {'num_leaves': 115, 'learning_rate': 0.13555719290672472, 'feature_fraction': 0.7135838013973217, 'bagging_fraction': 0.8060669526540335, 'bagging_freq': 2, 'min_child_samples': 42}. Best is trial 5 with value: 0.8761904761904762.
[I 2025-09-17 13:18:18,247] Trial 7 finished with value: 0.8380952380952381 and parameters: {'num_leaves': 130, 'learning_rate': 0.21176704707568797, 'feature_fraction': 0.5487553546912487, 'bagging_fraction': 0.9428463827195378, 'bagging_freq': 5, 'min_child_samples': 29}. Best is trial 5 with value: 0.8761904761904762.
[I 2025-09-17 13:18:18,255] Trial 8 finished with value: 0.5 and parameters: {'num_leaves': 64, 'learning_rate': 0.07586252346564992, 'feature_fraction': 0.5187878905560355, 'bagging_fraction': 0.773990507181022, 'bagging_freq': 6, 'min_child_samples': 71}. Best is trial 5 with value: 0.8761904761904762.
[I 2025-09-17 13:18:18,262] Trial 9 finished with value: 0.5 and parameters: {'num_leaves': 287, 'learning_rate': 0.14767480811260036, 'feature_fraction': 0.5470331522804115, 'bagging_fraction': 0.6702922643697069, 'bagging_freq': 4, 'min_child_samples': 80}. Best is trial 5 with value: 0.8761904761904762.
[I 2025-09-17 13:18:18,361] Trial 10 finished with value: 0.8761904761904762 and parameters: {'num_leaves': 297, 'learning_rate': 0.29528627082546083, 'feature_fraction': 0.41027493220320804, 'bagging_fraction': 0.986429148630075, 'bagging_freq': 7, 'min_child_samples': 5}. Best is trial 5 with value: 0.8761904761904762.
[I 2025-09-17 13:18:18,450] Trial 11 finished with value: 0.9238095238095239 and parameters: {'num_leaves': 259, 'learning_rate': 0.29958206388822933, 'feature_fraction': 0.6667270164216639, 'bagging_fraction': 0.995385731864433, 'bagging_freq': 7, 'min_child_samples': 5}. Best is trial 11 with value: 0.9238095238095239.
[I 2025-09-17 13:18:18,540] Trial 12 finished with value: 0.9190476190476191 and parameters: {'num_leaves': 230, 'learning_rate': 0.2902947203154815, 'feature_fraction': 0.6793438185017245, 'bagging_fraction': 0.8894609514919858, 'bagging_freq': 7, 'min_child_samples': 5}. Best is trial 11 with value: 0.9238095238095239.
[I 2025-09-17 13:18:18,622] Trial 13 finished with value: 0.9238095238095239 and parameters: {'num_leaves': 218, 'learning_rate': 0.29566956464789024, 'feature_fraction': 0.6584606673256101, 'bagging_fraction': 0.8859955591101913, 'bagging_freq': 1, 'min_child_samples': 6}. Best is trial 11 with value: 0.9238095238095239.
[I 2025-09-17 13:18:18,672] Trial 14 finished with value: 0.9142857142857143 and parameters: {'num_leaves': 226, 'learning_rate': 0.1759266639772895, 'feature_fraction': 0.6919361860173344, 'bagging_fraction': 0.8538951978112307, 'bagging_freq': 1, 'min_child_samples': 19}. Best is trial 11 with value: 0.9238095238095239.
[I 2025-09-17 13:18:18,715] Trial 15 finished with value: 0.9761904761904763 and parameters: {'num_leaves': 185, 'learning_rate': 0.257250707643466, 'feature_fraction': 0.6272751116710911, 'bagging_fraction': 0.9072765098438751, 'bagging_freq': 1, 'min_child_samples': 13}. Best is trial 15 with value: 0.9761904761904763.
[I 2025-09-17 13:18:18,734] Trial 16 finished with value: 0.7904761904761904 and parameters: {'num_leaves': 174, 'learning_rate': 0.25244587349169617, 'feature_fraction': 0.6080171899104784, 'bagging_fraction': 0.6138659412478705, 'bagging_freq': 3, 'min_child_samples': 39}. Best is trial 15 with value: 0.9761904761904763.
[I 2025-09-17 13:18:18,781] Trial 17 finished with value: 0.9238095238095239 and parameters: {'num_leaves': 12, 'learning_rate': 0.18250710156284616, 'feature_fraction': 0.4531316498623654, 'bagging_fraction': 0.9992454023595583, 'bagging_freq': 2, 'min_child_samples': 16}. Best is trial 15 with value: 0.9761904761904763.
[I 2025-09-17 13:18:18,805] Trial 18 finished with value: 0.8761904761904762 and parameters: {'num_leaves': 257, 'learning_rate': 0.26562506035631717, 'feature_fraction': 0.6155390692947624, 'bagging_fraction': 0.9191297134031127, 'bagging_freq': 4, 'min_child_samples': 29}. Best is trial 15 with value: 0.9761904761904763.
[I 2025-09-17 13:18:18,851] Trial 19 finished with value: 0.9333333333333333 and parameters: {'num_leaves': 257, 'learning_rate': 0.1061820353822977, 'feature_fraction': 0.9855103508075088, 'bagging_fraction': 0.8196771539365273, 'bagging_freq': 3, 'min_child_samples': 13}. Best is trial 15 with value: 0.9761904761904763.
[I 2025-09-17 13:18:18,869] Trial 20 finished with value: 0.7761904761904762 and parameters: {'num_leaves': 165, 'learning_rate': 0.09525597114332561, 'feature_fraction': 0.9715732825986764, 'bagging_fraction': 0.7928741603951625, 'bagging_freq': 2, 'min_child_samples': 49}. Best is trial 15 with value: 0.9761904761904763.
[I 2025-09-17 13:18:18,923] Trial 21 finished with value: 0.9619047619047619 and parameters: {'num_leaves': 257, 'learning_rate': 0.11276751219902352, 'feature_fraction': 0.7588976362130914, 'bagging_fraction': 0.8359134093108626, 'bagging_freq': 3, 'min_child_samples': 14}. Best is trial 15 with value: 0.9761904761904763.
[I 2025-09-17 13:18:18,971] Trial 22 finished with value: 0.9714285714285714 and parameters: {'num_leaves': 256, 'learning_rate': 0.12208009115480895, 'feature_fraction': 0.8711357030878818, 'bagging_fraction': 0.8298620660435408, 'bagging_freq': 3, 'min_child_samples': 13}. Best is trial 15 with value: 0.9761904761904763.
[I 2025-09-17 13:18:19,003] Trial 23 finished with value: 0.8238095238095239 and parameters: {'num_leaves': 205, 'learning_rate': 0.12644042870664943, 'feature_fraction': 0.8448708971550846, 'bagging_fraction': 0.7276889335764856, 'bagging_freq': 1, 'min_child_samples': 27}. Best is trial 15 with value: 0.9761904761904763.
[I 2025-09-17 13:18:19,037] Trial 24 finished with value: 0.9047619047619047 and parameters: {'num_leaves': 244, 'learning_rate': 0.04239881977542391, 'feature_fraction': 0.7466827394254775, 'bagging_fraction': 0.8597777135560092, 'bagging_freq': 3, 'min_child_samples': 22}. Best is trial 15 with value: 0.9761904761904763.
[I 2025-09-17 13:18:19,109] Trial 25 finished with value: 0.9476190476190477 and parameters: {'num_leaves': 188, 'learning_rate': 0.012764463510951729, 'feature_fraction': 0.8859943592275558, 'bagging_fraction': 0.7599223119403039, 'bagging_freq': 2, 'min_child_samples': 12}. Best is trial 15 with value: 0.9761904761904763.
[I 2025-09-17 13:18:19,129] Trial 26 finished with value: 0.8333333333333334 and parameters: {'num_leaves': 275, 'learning_rate': 0.16607021431467306, 'feature_fraction': 0.743277434987565, 'bagging_fraction': 0.648997655894415, 'bagging_freq': 4, 'min_child_samples': 35}. Best is trial 15 with value: 0.9761904761904763.
[I 2025-09-17 13:18:19,154] Trial 27 finished with value: 0.8142857142857144 and parameters: {'num_leaves': 152, 'learning_rate': 0.12265268491773959, 'feature_fraction': 0.845267286015327, 'bagging_fraction': 0.9303029550064327, 'bagging_freq': 2, 'min_child_samples': 50}. Best is trial 15 with value: 0.9761904761904763.
[I 2025-09-17 13:18:19,207] Trial 28 finished with value: 0.9619047619047619 and parameters: {'num_leaves': 206, 'learning_rate': 0.1517255906430428, 'feature_fraction': 0.941163083286104, 'bagging_fraction': 0.836595119037396, 'bagging_freq': 3, 'min_child_samples': 12}. Best is trial 15 with value: 0.9761904761904763.
[I 2025-09-17 13:18:19,223] Trial 29 finished with value: 0.5 and parameters: {'num_leaves': 236, 'learning_rate': 0.06694883435095353, 'feature_fraction': 0.839529967774856, 'bagging_fraction': 0.7481632183780942, 'bagging_freq': 4, 'min_child_samples': 56}. Best is trial 15 with value: 0.9761904761904763.
[I 2025-09-17 13:18:19,256] Trial 30 finished with value: 0.8285714285714286 and parameters: {'num_leaves': 153, 'learning_rate': 0.11687762245931581, 'feature_fraction': 0.6135422300819273, 'bagging_fraction': 0.8975812774743561, 'bagging_freq': 1, 'min_child_samples': 34}. Best is trial 15 with value: 0.9761904761904763.
[I 2025-09-17 13:18:19,305] Trial 31 finished with value: 0.9666666666666667 and parameters: {'num_leaves': 212, 'learning_rate': 0.16021967837255285, 'feature_fraction': 0.9431620927743947, 'bagging_fraction': 0.8353087171898606, 'bagging_freq': 3, 'min_child_samples': 13}. Best is trial 15 with value: 0.9761904761904763.
[I 2025-09-17 13:18:19,339] Trial 32 finished with value: 0.9238095238095239 and parameters: {'num_leaves': 271, 'learning_rate': 0.19670880657295134, 'feature_fraction': 0.9503631679471293, 'bagging_fraction': 0.8603602511101803, 'bagging_freq': 3, 'min_child_samples': 21}. Best is trial 15 with value: 0.9761904761904763.
[I 2025-09-17 13:18:19,407] Trial 33 finished with value: 0.9476190476190476 and parameters: {'num_leaves': 209, 'learning_rate': 0.09205609011109141, 'feature_fraction': 0.8794128534325841, 'bagging_fraction': 0.8163634644750718, 'bagging_freq': 4, 'min_child_samples': 12}. Best is trial 15 with value: 0.9761904761904763.
[I 2025-09-17 13:18:19,448] Trial 34 finished with value: 0.8523809523809525 and parameters: {'num_leaves': 190, 'learning_rate': 0.057470694162092384, 'feature_fraction': 0.8020830546235808, 'bagging_fraction': 0.6934562808678816, 'bagging_freq': 2, 'min_child_samples': 18}. Best is trial 15 with value: 0.9761904761904763.
[I 2025-09-17 13:18:19,475] Trial 35 finished with value: 0.780952380952381 and parameters: {'num_leaves': 245, 'learning_rate': 0.1398444299882546, 'feature_fraction': 0.9332032271665794, 'bagging_fraction': 0.6082009986001264, 'bagging_freq': 3, 'min_child_samples': 24}. Best is trial 15 with value: 0.9761904761904763.
[I 2025-09-17 13:18:19,488] Trial 36 finished with value: 0.5 and parameters: {'num_leaves': 179, 'learning_rate': 0.21288408044374585, 'feature_fraction': 0.7582709213634463, 'bagging_fraction': 0.7819967678703666, 'bagging_freq': 5, 'min_child_samples': 91}. Best is trial 15 with value: 0.9761904761904763.
[I 2025-09-17 13:18:19,554] Trial 37 finished with value: 0.9666666666666667 and parameters: {'num_leaves': 278, 'learning_rate': 0.10729003539528281, 'feature_fraction': 0.823221349975545, 'bagging_fraction': 0.9098578152195221, 'bagging_freq': 3, 'min_child_samples': 10}. Best is trial 15 with value: 0.9761904761904763.
[I 2025-09-17 13:18:19,625] Trial 38 finished with value: 0.9476190476190477 and parameters: {'num_leaves': 284, 'learning_rate': 0.26991472975325553, 'feature_fraction': 0.8244225235481767, 'bagging_fraction': 0.9536391745104016, 'bagging_freq': 5, 'min_child_samples': 9}. Best is trial 15 with value: 0.9761904761904763.
[I 2025-09-17 13:18:19,661] Trial 39 finished with value: 0.8047619047619048 and parameters: {'num_leaves': 216, 'learning_rate': 0.08994409054159064, 'feature_fraction': 0.8993416384335079, 'bagging_fraction': 0.9130541828032936, 'bagging_freq': 2, 'min_child_samples': 32}. Best is trial 15 with value: 0.9761904761904763.
[I 2025-09-17 13:18:19,675] Trial 40 finished with value: 0.5 and parameters: {'num_leaves': 139, 'learning_rate': 0.22681035663952104, 'feature_fraction': 0.8634047392206556, 'bagging_fraction': 0.4947360528463868, 'bagging_freq': 4, 'min_child_samples': 41}. Best is trial 15 with value: 0.9761904761904763.
[I 2025-09-17 13:18:19,724] Trial 41 finished with value: 0.9380952380952381 and parameters: {'num_leaves': 271, 'learning_rate': 0.10936051680598864, 'feature_fraction': 0.7773945119483892, 'bagging_fraction': 0.9544849642265232, 'bagging_freq': 3, 'min_child_samples': 16}. Best is trial 15 with value: 0.9761904761904763.
[I 2025-09-17 13:18:19,772] Trial 42 finished with value: 0.9476190476190477 and parameters: {'num_leaves': 244, 'learning_rate': 0.13297303658411144, 'feature_fraction': 0.9155527698751675, 'bagging_fraction': 0.8761516975987884, 'bagging_freq': 3, 'min_child_samples': 10}. Best is trial 15 with value: 0.9761904761904763.
[I 2025-09-17 13:18:19,824] Trial 43 finished with value: 0.9238095238095239 and parameters: {'num_leaves': 262, 'learning_rate': 0.16129651279178236, 'feature_fraction': 0.8138882597024106, 'bagging_fraction': 0.8316337681483672, 'bagging_freq': 4, 'min_child_samples': 16}. Best is trial 15 with value: 0.9761904761904763.
[I 2025-09-17 13:18:19,867] Trial 44 finished with value: 0.8428571428571429 and parameters: {'num_leaves': 297, 'learning_rate': 0.10692617157581769, 'feature_fraction': 0.7267240378247483, 'bagging_fraction': 0.961240475454386, 'bagging_freq': 2, 'min_child_samples': 24}. Best is trial 15 with value: 0.9761904761904763.
[I 2025-09-17 13:18:19,917] Trial 45 finished with value: 0.8952380952380953 and parameters: {'num_leaves': 230, 'learning_rate': 0.14507817329001693, 'feature_fraction': 0.6461213144061135, 'bagging_fraction': 0.42197802371552273, 'bagging_freq': 3, 'min_child_samples': 9}. Best is trial 15 with value: 0.9761904761904763.
[I 2025-09-17 13:18:19,961] Trial 46 finished with value: 0.9428571428571428 and parameters: {'num_leaves': 279, 'learning_rate': 0.07720176375764586, 'feature_fraction': 0.7857202581180783, 'bagging_fraction': 0.9069682978813368, 'bagging_freq': 6, 'min_child_samples': 19}. Best is trial 15 with value: 0.9761904761904763.
[I 2025-09-17 13:18:19,972] Trial 47 finished with value: 0.5 and parameters: {'num_leaves': 93, 'learning_rate': 0.1918994118366953, 'feature_fraction': 0.5780651076660137, 'bagging_fraction': 0.842264340350955, 'bagging_freq': 1, 'min_child_samples': 99}. Best is trial 15 with value: 0.9761904761904763.
[I 2025-09-17 13:18:19,986] Trial 48 finished with value: 0.5 and parameters: {'num_leaves': 251, 'learning_rate': 0.060792073511291574, 'feature_fraction': 0.9135132608206398, 'bagging_fraction': 0.7984312645605887, 'bagging_freq': 4, 'min_child_samples': 66}. Best is trial 15 with value: 0.9761904761904763.
[I 2025-09-17 13:18:20,062] Trial 49 finished with value: 0.9523809523809523 and parameters: {'num_leaves': 199, 'learning_rate': 0.1738428635226905, 'feature_fraction': 0.7076474434182369, 'bagging_fraction': 0.8808835955432652, 'bagging_freq': 2, 'min_child_samples': 8}. Best is trial 15 with value: 0.9761904761904763.
[I 2025-09-17 13:18:20,337] A new study created in memory with name: no-name-d9d8373f-c27c-4835-87ae-038f779577ce
[I 2025-09-17 13:18:20,364] Trial 0 finished with value: 0.8348214285714285 and parameters: {'num_leaves': 270, 'learning_rate': 0.10781840858101362, 'feature_fraction': 0.49174225958953005, 'bagging_fraction': 0.9795635414800178, 'bagging_freq': 5, 'min_child_samples': 31}. Best is trial 0 with value: 0.8348214285714285.
[I 2025-09-17 13:18:20,376] Trial 1 finished with value: 0.5 and parameters: {'num_leaves': 40, 'learning_rate': 0.11970233827094989, 'feature_fraction': 0.7727814299249918, 'bagging_fraction': 0.5089730615473392, 'bagging_freq': 7, 'min_child_samples': 46}. Best is trial 0 with value: 0.8348214285714285.
