[I 2025-09-17 13:17:29,202] Trial 9 finished with value: 0.5 and parameters: {'num_leaves': 298, 'learning_rate': 0.07147877822686609, 'feature_fraction': 0.99959789559474, 'bagging_fraction': 0.7608993901840725, 'bagging_freq': 6, 'min_child_samples': 85}. Best is trial 5 with value: 0.8333333333333334.
[I 2025-09-17 13:17:29,263] Trial 10 finished with value: 0.7518518518518519 and parameters: {'num_leaves': 10, 'learning_rate': 0.17573636447290317, 'feature_fraction': 0.6042466340290916, 'bagging_fraction': 0.40468709088331567, 'bagging_freq': 6, 'min_child_samples': 5}. Best is trial 5 with value: 0.8333333333333334.
[I 2025-09-17 13:17:29,271] Trial 11 finished with value: 0.5 and parameters: {'num_leaves': 20, 'learning_rate': 0.2923197442046541, 'feature_fraction': 0.8379729153401246, 'bagging_fraction': 0.9862029672513567, 'bagging_freq': 1, 'min_child_samples': 66}. Best is trial 5 with value: 0.8333333333333334.
[I 2025-09-17 13:17:29,291] Trial 12 finished with value: 0.7703703703703704 and parameters: {'num_leaves': 266, 'learning_rate': 0.2999302017978098, 'feature_fraction': 0.831519296359048, 'bagging_fraction': 0.8380455560075435, 'bagging_freq': 1, 'min_child_samples': 55}. Best is trial 5 with value: 0.8333333333333334.
[I 2025-09-17 13:17:29,413] Trial 13 finished with value: 0.8185185185185185 and parameters: {'num_leaves': 67, 'learning_rate': 0.19297366450401238, 'feature_fraction': 0.6579854260929239, 'bagging_fraction': 0.8980192111644625, 'bagging_freq': 5, 'min_child_samples': 5}. Best is trial 5 with value: 0.8333333333333334.
[I 2025-09-17 13:17:29,458] Trial 14 finished with value: 0.8185185185185185 and parameters: {'num_leaves': 129, 'learning_rate': 0.021936158036552134, 'feature_fraction': 0.8272698511135369, 'bagging_fraction': 0.8289567303024405, 'bagging_freq': 2, 'min_child_samples': 30}. Best is trial 5 with value: 0.8333333333333334.
[I 2025-09-17 13:17:29,478] Trial 15 finished with value: 0.5 and parameters: {'num_leaves': 174, 'learning_rate': 0.24961603145530653, 'feature_fraction': 0.47555844162135585, 'bagging_fraction': 0.6348312109817051, 'bagging_freq': 5, 'min_child_samples': 56}. Best is trial 5 with value: 0.8333333333333334.
[I 2025-09-17 13:17:29,502] Trial 16 finished with value: 0.825925925925926 and parameters: {'num_leaves': 52, 'learning_rate': 0.14248036608383283, 'feature_fraction': 0.6498807345112906, 'bagging_fraction': 0.7481606427914587, 'bagging_freq': 2, 'min_child_samples': 38}. Best is trial 5 with value: 0.8333333333333334.
[I 2025-09-17 13:17:29,534] Trial 17 finished with value: 0.737037037037037 and parameters: {'num_leaves': 250, 'learning_rate': 0.2579148744640263, 'feature_fraction': 0.7574314821129345, 'bagging_fraction': 0.5988281088429654, 'bagging_freq': 5, 'min_child_samples': 16}. Best is trial 5 with value: 0.8333333333333334.
[I 2025-09-17 13:17:29,548] Trial 18 finished with value: 0.5 and parameters: {'num_leaves': 106, 'learning_rate': 0.20246047596035147, 'feature_fraction': 0.8920116999203759, 'bagging_fraction': 0.4901297520671989, 'bagging_freq': 2, 'min_child_samples': 69}. Best is trial 5 with value: 0.8333333333333334.
[I 2025-09-17 13:17:29,571] Trial 19 finished with value: 0.8407407407407408 and parameters: {'num_leaves': 198, 'learning_rate': 0.17492681796376763, 'feature_fraction': 0.7813063124931654, 'bagging_fraction': 0.8900525731389449, 'bagging_freq': 6, 'min_child_samples': 45}. Best is trial 19 with value: 0.8407407407407408.
[I 2025-09-17 13:17:29,583] Trial 20 finished with value: 0.5 and parameters: {'num_leaves': 46, 'learning_rate': 0.16046753033111277, 'feature_fraction': 0.6537768452940282, 'bagging_fraction': 0.8937103154880942, 'bagging_freq': 6, 'min_child_samples': 72}. Best is trial 19 with value: 0.8407407407407408.
[I 2025-09-17 13:17:29,605] Trial 21 finished with value: 0.788888888888889 and parameters: {'num_leaves': 198, 'learning_rate': 0.1326185518419701, 'feature_fraction': 0.792163144529957, 'bagging_fraction': 0.9406892264791912, 'bagging_freq': 7, 'min_child_samples': 46}. Best is trial 19 with value: 0.8407407407407408.
[I 2025-09-17 13:17:29,639] Trial 22 finished with value: 0.8518518518518519 and parameters: {'num_leaves': 169, 'learning_rate': 0.17266269701581974, 'feature_fraction': 0.8840235978638014, 'bagging_fraction': 0.8482155661096913, 'bagging_freq': 6, 'min_child_samples': 27}. Best is trial 22 with value: 0.8518518518518519.
[I 2025-09-17 13:17:29,670] Trial 23 finished with value: 0.8148148148148149 and parameters: {'num_leaves': 237, 'learning_rate': 0.17135010603253173, 'feature_fraction': 0.8978115599748239, 'bagging_fraction': 0.8182655532405412, 'bagging_freq': 6, 'min_child_samples': 21}. Best is trial 22 with value: 0.8518518518518519.
[I 2025-09-17 13:17:29,687] Trial 24 finished with value: 0.5 and parameters: {'num_leaves': 156, 'learning_rate': 0.1036418843298186, 'feature_fraction': 0.7835892593566683, 'bagging_fraction': 0.8780155404298908, 'bagging_freq': 5, 'min_child_samples': 100}. Best is trial 22 with value: 0.8518518518518519.
[I 2025-09-17 13:17:29,745] Trial 25 finished with value: 0.788888888888889 and parameters: {'num_leaves': 166, 'learning_rate': 0.22255026119640914, 'feature_fraction': 0.6878083102504996, 'bagging_fraction': 0.761011308666177, 'bagging_freq': 6, 'min_child_samples': 9}. Best is trial 22 with value: 0.8518518518518519.
[I 2025-09-17 13:17:29,770] Trial 26 finished with value: 0.8074074074074075 and parameters: {'num_leaves': 121, 'learning_rate': 0.18195529078382536, 'feature_fraction': 0.5825900816486566, 'bagging_fraction': 0.7848107392854027, 'bagging_freq': 7, 'min_child_samples': 44}. Best is trial 22 with value: 0.8518518518518519.
[I 2025-09-17 13:17:29,800] Trial 27 finished with value: 0.8222222222222222 and parameters: {'num_leaves': 148, 'learning_rate': 0.15561729952820708, 'feature_fraction': 0.9198549375209816, 'bagging_fraction': 0.6897549531618093, 'bagging_freq': 5, 'min_child_samples': 27}. Best is trial 22 with value: 0.8518518518518519.
[I 2025-09-17 13:17:29,821] Trial 28 finished with value: 0.812962962962963 and parameters: {'num_leaves': 219, 'learning_rate': 0.20778505360178087, 'feature_fraction': 0.7137311028414319, 'bagging_fraction': 0.9255291888205539, 'bagging_freq': 6, 'min_child_samples': 36}. Best is trial 22 with value: 0.8518518518518519.
[I 2025-09-17 13:17:29,844] Trial 29 finished with value: 0.8333333333333334 and parameters: {'num_leaves': 95, 'learning_rate': 0.13106462848975547, 'feature_fraction': 0.5325925761051743, 'bagging_fraction': 0.8595684647944443, 'bagging_freq': 7, 'min_child_samples': 45}. Best is trial 22 with value: 0.8518518518518519.
[I 2025-09-17 13:17:29,858] Trial 30 finished with value: 0.5 and parameters: {'num_leaves': 269, 'learning_rate': 0.10925905269121869, 'feature_fraction': 0.9758202563878602, 'bagging_fraction': 0.7164674303798735, 'bagging_freq': 4, 'min_child_samples': 60}. Best is trial 22 with value: 0.8518518518518519.
[I 2025-09-17 13:17:29,882] Trial 31 finished with value: 0.8333333333333334 and parameters: {'num_leaves': 88, 'learning_rate': 0.1370294893601843, 'feature_fraction': 0.5055116164778541, 'bagging_fraction': 0.8535392336458827, 'bagging_freq': 7, 'min_child_samples': 48}. Best is trial 22 with value: 0.8518518518518519.
[I 2025-09-17 13:17:29,907] Trial 32 finished with value: 0.7962962962962963 and parameters: {'num_leaves': 106, 'learning_rate': 0.09644730896677328, 'feature_fraction': 0.557213754219784, 'bagging_fraction': 0.802751212694906, 'bagging_freq': 7, 'min_child_samples': 48}. Best is trial 22 with value: 0.8518518518518519.
[I 2025-09-17 13:17:29,930] Trial 33 finished with value: 0.825925925925926 and parameters: {'num_leaves': 64, 'learning_rate': 0.14950478397770867, 'feature_fraction': 0.6088386822318522, 'bagging_fraction': 0.8640512882995004, 'bagging_freq': 6, 'min_child_samples': 39}. Best is trial 22 with value: 0.8518518518518519.
[I 2025-09-17 13:17:29,997] Trial 34 finished with value: 0.7703703703703704 and parameters: {'num_leaves': 39, 'learning_rate': 0.13018157634198702, 'feature_fraction': 0.40528049485852957, 'bagging_fraction': 0.9237276290999029, 'bagging_freq': 7, 'min_child_samples': 11}. Best is trial 22 with value: 0.8518518518518519.
[I 2025-09-17 13:17:30,019] Trial 35 finished with value: 0.7518518518518518 and parameters: {'num_leaves': 86, 'learning_rate': 0.19224254872642002, 'feature_fraction': 0.45504801017290214, 'bagging_fraction': 0.6210755806163697, 'bagging_freq': 7, 'min_child_samples': 42}. Best is trial 22 with value: 0.8518518518518519.
[I 2025-09-17 13:17:30,033] Trial 36 finished with value: 0.5 and parameters: {'num_leaves': 146, 'learning_rate': 0.16050233272692246, 'feature_fraction': 0.5125316076489049, 'bagging_fraction': 0.5365661430445123, 'bagging_freq': 6, 'min_child_samples': 61}. Best is trial 22 with value: 0.8518518518518519.
[I 2025-09-17 13:17:30,064] Trial 37 finished with value: 0.8222222222222223 and parameters: {'num_leaves': 184, 'learning_rate': 0.09017760896884275, 'feature_fraction': 0.5689506063637597, 'bagging_fraction': 0.6577594396359201, 'bagging_freq': 4, 'min_child_samples': 31}. Best is trial 22 with value: 0.8518518518518519.
[I 2025-09-17 13:17:30,082] Trial 38 finished with value: 0.5 and parameters: {'num_leaves': 200, 'learning_rate': 0.04709277955184599, 'feature_fraction': 0.5384320269041888, 'bagging_fraction': 0.41281483139366454, 'bagging_freq': 5, 'min_child_samples': 75}. Best is trial 22 with value: 0.8518518518518519.
[I 2025-09-17 13:17:30,115] Trial 39 finished with value: 0.7703703703703704 and parameters: {'num_leaves': 101, 'learning_rate': 0.23005622621752436, 'feature_fraction': 0.618777736023805, 'bagging_fraction': 0.9535596500020801, 'bagging_freq': 7, 'min_child_samples': 22}. Best is trial 22 with value: 0.8518518518518519.
[I 2025-09-17 13:17:30,149] Trial 40 finished with value: 0.8296296296296297 and parameters: {'num_leaves': 135, 'learning_rate': 0.11942704089736124, 'feature_fraction': 0.4596431780846052, 'bagging_fraction': 0.9958508585819501, 'bagging_freq': 6, 'min_child_samples': 34}. Best is trial 22 with value: 0.8518518518518519.
[I 2025-09-17 13:17:30,175] Trial 41 finished with value: 0.788888888888889 and parameters: {'num_leaves': 87, 'learning_rate': 0.13091915046242533, 'feature_fraction': 0.49114444837101595, 'bagging_fraction': 0.848253972340489, 'bagging_freq': 7, 'min_child_samples': 51}. Best is trial 22 with value: 0.8518518518518519.
[I 2025-09-17 13:17:30,202] Trial 42 finished with value: 0.8037037037037037 and parameters: {'num_leaves': 70, 'learning_rate': 0.17548379540938122, 'feature_fraction': 0.5139651676205296, 'bagging_fraction': 0.9065404546524373, 'bagging_freq': 7, 'min_child_samples': 53}. Best is trial 22 with value: 0.8518518518518519.
[I 2025-09-17 13:17:30,227] Trial 43 finished with value: 0.8222222222222223 and parameters: {'num_leaves': 33, 'learning_rate': 0.14265786825241622, 'feature_fraction': 0.4394882768888443, 'bagging_fraction': 0.7957288464438993, 'bagging_freq': 7, 'min_child_samples': 42}. Best is trial 22 with value: 0.8518518518518519.
Early stopping, best iteration is:
[8]	valid_0's binary_logloss: 0.612886
Training until validation scores don't improve for 50 rounds
Early stopping, best iteration is:
[11]	valid_0's binary_logloss: 0.564213
Training until validation scores don't improve for 50 rounds
Early stopping, best iteration is:
[2]	valid_0's binary_logloss: 0.67867
Training until validation scores don't improve for 50 rounds
Did not meet early stopping. Best iteration is:
[60]	valid_0's binary_logloss: 0.682036
Training until validation scores don't improve for 50 rounds
Early stopping, best iteration is:
[48]	valid_0's binary_logloss: 0.682036
Training until validation scores don't improve for 50 rounds
Early stopping, best iteration is:
[4]	valid_0's binary_logloss: 0.618801
Training until validation scores don't improve for 50 rounds
Early stopping, best iteration is:
[9]	valid_0's binary_logloss: 0.649201
Training until validation scores don't improve for 50 rounds
Early stopping, best iteration is:
[11]	valid_0's binary_logloss: 0.593641
Training until validation scores don't improve for 50 rounds
Early stopping, best iteration is:
[26]	valid_0's binary_logloss: 0.60185
Training until validation scores don't improve for 50 rounds
Early stopping, best iteration is:
[9]	valid_0's binary_logloss: 0.61154
Training until validation scores don't improve for 50 rounds
Early stopping, best iteration is:
[9]	valid_0's binary_logloss: 0.605109
Training until validation scores don't improve for 50 rounds
Early stopping, best iteration is:
[1]	valid_0's binary_logloss: 0.673718
Training until validation scores don't improve for 50 rounds
Early stopping, best iteration is:
[5]	valid_0's binary_logloss: 0.65584
Training until validation scores don't improve for 50 rounds
Early stopping, best iteration is:
[25]	valid_0's binary_logloss: 0.607234
Training until validation scores don't improve for 50 rounds
Early stopping, best iteration is:
[1]	valid_0's binary_logloss: 0.70704
Training until validation scores don't improve for 50 rounds
Early stopping, best iteration is:
[3]	valid_0's binary_logloss: 0.689533
Training until validation scores don't improve for 50 rounds
Early stopping, best iteration is:
[15]	valid_0's binary_logloss: 0.689533
Training until validation scores don't improve for 50 rounds
Did not meet early stopping. Best iteration is:
[98]	valid_0's binary_logloss: 0.551865
Training until validation scores don't improve for 50 rounds
Early stopping, best iteration is:
[43]	valid_0's binary_logloss: 0.689533
Training until validation scores don't improve for 50 rounds
Early stopping, best iteration is:
[14]	valid_0's binary_logloss: 0.514173
Training until validation scores don't improve for 50 rounds
Early stopping, best iteration is:
[12]	valid_0's binary_logloss: 0.513514
Training until validation scores don't improve for 50 rounds
Early stopping, best iteration is:
[10]	valid_0's binary_logloss: 0.521537
Training until validation scores don't improve for 50 rounds
Early stopping, best iteration is:
[12]	valid_0's binary_logloss: 0.521571
Training until validation scores don't improve for 50 rounds
Early stopping, best iteration is:
[16]	valid_0's binary_logloss: 0.55033
Training until validation scores don't improve for 50 rounds
Early stopping, best iteration is:
[2]	valid_0's binary_logloss: 0.689533
Training until validation scores don't improve for 50 rounds
Early stopping, best iteration is:
[11]	valid_0's binary_logloss: 0.579764
Training until validation scores don't improve for 50 rounds
Early stopping, best iteration is:
[4]	valid_0's binary_logloss: 0.689533
Training until validation scores don't improve for 50 rounds
Did not meet early stopping. Best iteration is:
[88]	valid_0's binary_logloss: 0.543395
Training until validation scores don't improve for 50 rounds
Early stopping, best iteration is:
[14]	valid_0's binary_logloss: 0.528979
Training until validation scores don't improve for 50 rounds
Did not meet early stopping. Best iteration is:
[100]	valid_0's binary_logloss: 0.542077
Training until validation scores don't improve for 50 rounds
Early stopping, best iteration is:
[28]	valid_0's binary_logloss: 0.689533
Training until validation scores don't improve for 50 rounds
Early stopping, best iteration is:
[34]	valid_0's binary_logloss: 0.532475
Training until validation scores don't improve for 50 rounds
Early stopping, best iteration is:
[7]	valid_0's binary_logloss: 0.548325
Training until validation scores don't improve for 50 rounds
Early stopping, best iteration is:
[8]	valid_0's binary_logloss: 0.689533
Training until validation scores don't improve for 50 rounds
Early stopping, best iteration is:
[42]	valid_0's binary_logloss: 0.53124
Training until validation scores don't improve for 50 rounds
Early stopping, best iteration is:
[3]	valid_0's binary_logloss: 0.689533
Training until validation scores don't improve for 50 rounds
Did not meet early stopping. Best iteration is:
[51]	valid_0's binary_logloss: 0.548492
Training until validation scores don't improve for 50 rounds
Early stopping, best iteration is:
[46]	valid_0's binary_logloss: 0.506949
Training until validation scores don't improve for 50 rounds
Early stopping, best iteration is:
[19]	valid_0's binary_logloss: 0.508713
Training until validation scores don't improve for 50 rounds
Early stopping, best iteration is:
[48]	valid_0's binary_logloss: 0.689533
Training until validation scores don't improve for 50 rounds
Early stopping, best iteration is:
[13]	valid_0's binary_logloss: 0.519355
Training until validation scores don't improve for 50 rounds
Did not meet early stopping. Best iteration is:
[99]	valid_0's binary_logloss: 0.530509
Training until validation scores don't improve for 50 rounds
Early stopping, best iteration is:
[30]	valid_0's binary_logloss: 0.514191
Training until validation scores don't improve for 50 rounds
Early stopping, best iteration is:
[10]	valid_0's binary_logloss: 0.528316
Training until validation scores don't improve for 50 rounds
Did not meet early stopping. Best iteration is:
[53]	valid_0's binary_logloss: 0.531567
Training until validation scores don't improve for 50 rounds
Early stopping, best iteration is:
[14]	valid_0's binary_logloss: 0.689533
Training until validation scores don't improve for 50 rounds
Did not meet early stopping. Best iteration is:
[100]	valid_0's binary_logloss: 0.513481
Training until validation scores don't improve for 50 rounds
Did not meet early stopping. Best iteration is:
[100]	valid_0's binary_logloss: 0.532182
Training until validation scores don't improve for 50 rounds
Early stopping, best iteration is:
[48]	valid_0's binary_logloss: 0.527484
Training until validation scores don't improve for 50 rounds
Early stopping, best iteration is:
[15]	valid_0's binary_logloss: 0.53187
Training until validation scores don't improve for 50 rounds
Early stopping, best iteration is:
[32]	valid_0's binary_logloss: 0.570402
Training until validation scores don't improve for 50 rounds
Early stopping, best iteration is:
[4]	valid_0's binary_logloss: 0.689533
Training until validation scores don't improve for 50 rounds
Did not meet early stopping. Best iteration is:
[66]	valid_0's binary_logloss: 0.525327
Training until validation scores don't improve for 50 rounds
Early stopping, best iteration is:
[5]	valid_0's binary_logloss: 0.689533
Training until validation scores don't improve for 50 rounds
Early stopping, best iteration is:
[7]	valid_0's binary_logloss: 0.545747
Training until validation scores don't improve for 50 rounds
Early stopping, best iteration is:
[32]	valid_0's binary_logloss: 0.52441
Training until validation scores don't improve for 50 rounds
Did not meet early stopping. Best iteration is:
[100]	valid_0's binary_logloss: 0.532168
Training until validation scores don't improve for 50 rounds
Did not meet early stopping. Best iteration is:
[97]	valid_0's binary_logloss: 0.547089
Training until validation scores don't improve for 50 rounds
Did not meet early stopping. Best iteration is:
[58]	valid_0's binary_logloss: 0.51981
Training until validation scores don't improve for 50 rounds
[I 2025-09-17 13:17:30,250] Trial 44 finished with value: 0.701851851851852 and parameters: {'num_leaves': 174, 'learning_rate': 0.16505063873122178, 'feature_fraction': 0.5291095098441333, 'bagging_fraction': 0.8721143584696038, 'bagging_freq': 6, 'min_child_samples': 61}. Best is trial 22 with value: 0.8518518518518519.
[I 2025-09-17 13:17:30,278] Trial 45 finished with value: 0.825925925925926 and parameters: {'num_leaves': 79, 'learning_rate': 0.18868891188965134, 'feature_fraction': 0.8628540466466529, 'bagging_fraction': 0.8523136223356599, 'bagging_freq': 6, 'min_child_samples': 49}. Best is trial 22 with value: 0.8518518518518519.
[I 2025-09-17 13:17:30,305] Trial 46 finished with value: 0.8296296296296297 and parameters: {'num_leaves': 116, 'learning_rate': 0.11834474581757017, 'feature_fraction': 0.6791626403836133, 'bagging_fraction': 0.5657733564741649, 'bagging_freq': 7, 'min_child_samples': 26}. Best is trial 22 with value: 0.8518518518518519.
[I 2025-09-17 13:17:30,341] Trial 47 finished with value: 0.762962962962963 and parameters: {'num_leaves': 59, 'learning_rate': 0.20204687776918, 'feature_fraction': 0.7470737742038884, 'bagging_fraction': 0.7263506120325722, 'bagging_freq': 5, 'min_child_samples': 15}. Best is trial 22 with value: 0.8518518518518519.
[I 2025-09-17 13:17:30,373] Trial 48 finished with value: 0.8 and parameters: {'num_leaves': 208, 'learning_rate': 0.07863452019532137, 'feature_fraction': 0.9383507278098578, 'bagging_fraction': 0.8204769829225849, 'bagging_freq': 6, 'min_child_samples': 33}. Best is trial 22 with value: 0.8518518518518519.
[I 2025-09-17 13:17:30,388] Trial 49 finished with value: 0.5 and parameters: {'num_leaves': 233, 'learning_rate': 0.1424500993816815, 'feature_fraction': 0.80112887378693, 'bagging_fraction': 0.5079215274408505, 'bagging_freq': 7, 'min_child_samples': 58}. Best is trial 22 with value: 0.8518518518518519.
[I 2025-09-17 13:17:30,673] A new study created in memory with name: no-name-cf502433-41d4-4879-b07a-c224747319df
[I 2025-09-17 13:17:30,681] Trial 0 finished with value: 0.5 and parameters: {'num_leaves': 143, 'learning_rate': 0.23763063686912975, 'feature_fraction': 0.6701836792188174, 'bagging_fraction': 0.40696132748669267, 'bagging_freq': 7, 'min_child_samples': 73}. Best is trial 0 with value: 0.5.
