[I 2025-09-17 13:16:11,332] Trial 19 finished with value: 0.5 and parameters: {'num_leaves': 39, 'learning_rate': 0.01936604137303851, 'feature_fraction': 0.8826396228948998, 'bagging_fraction': 0.4949389794102789, 'bagging_freq': 4, 'min_child_samples': 56}. Best is trial 16 with value: 0.8690476190476191.
[I 2025-09-17 13:16:11,354] Trial 20 finished with value: 0.757936507936508 and parameters: {'num_leaves': 158, 'learning_rate': 0.05683287713731289, 'feature_fraction': 0.6921639581262389, 'bagging_fraction': 0.4253856694178188, 'bagging_freq': 6, 'min_child_samples': 29}. Best is trial 16 with value: 0.8690476190476191.
[I 2025-09-17 13:16:11,396] Trial 21 finished with value: 0.7896825396825397 and parameters: {'num_leaves': 196, 'learning_rate': 0.2669977040770608, 'feature_fraction': 0.7259002789407532, 'bagging_fraction': 0.7460082192515546, 'bagging_freq': 3, 'min_child_samples': 14}. Best is trial 16 with value: 0.8690476190476191.
[I 2025-09-17 13:16:11,437] Trial 22 finished with value: 0.865079365079365 and parameters: {'num_leaves': 235, 'learning_rate': 0.15003453197126201, 'feature_fraction': 0.7675651546725042, 'bagging_fraction': 0.609657628182552, 'bagging_freq': 4, 'min_child_samples': 21}. Best is trial 16 with value: 0.8690476190476191.
[I 2025-09-17 13:16:11,477] Trial 23 finished with value: 0.8571428571428572 and parameters: {'num_leaves': 238, 'learning_rate': 0.14985144350046126, 'feature_fraction': 0.790185696516482, 'bagging_fraction': 0.605808642897153, 'bagging_freq': 5, 'min_child_samples': 20}. Best is trial 16 with value: 0.8690476190476191.
[I 2025-09-17 13:16:11,506] Trial 24 finished with value: 0.8333333333333334 and parameters: {'num_leaves': 267, 'learning_rate': 0.09004176175292605, 'feature_fraction': 0.8366971875058642, 'bagging_fraction': 0.5230056494941294, 'bagging_freq': 3, 'min_child_samples': 25}. Best is trial 16 with value: 0.8690476190476191.
[I 2025-09-17 13:16:11,523] Trial 25 finished with value: 0.5 and parameters: {'num_leaves': 221, 'learning_rate': 0.17067714026560826, 'feature_fraction': 0.746354219910075, 'bagging_fraction': 0.4047732062724957, 'bagging_freq': 4, 'min_child_samples': 38}. Best is trial 16 with value: 0.8690476190476191.
[I 2025-09-17 13:16:11,624] Trial 26 finished with value: 0.7658730158730158 and parameters: {'num_leaves': 181, 'learning_rate': 0.11906973309856958, 'feature_fraction': 0.6799231161114454, 'bagging_fraction': 0.46876397141947124, 'bagging_freq': 2, 'min_child_samples': 5}. Best is trial 16 with value: 0.8690476190476191.
[I 2025-09-17 13:16:11,680] Trial 27 finished with value: 0.8015873015873016 and parameters: {'num_leaves': 300, 'learning_rate': 0.058358183579529294, 'feature_fraction': 0.6150046405410797, 'bagging_fraction': 0.6084732138158023, 'bagging_freq': 6, 'min_child_samples': 13}. Best is trial 16 with value: 0.8690476190476191.
[I 2025-09-17 13:16:11,699] Trial 28 finished with value: 0.5 and parameters: {'num_leaves': 256, 'learning_rate': 0.21147970097648405, 'feature_fraction': 0.9426582589149783, 'bagging_fraction': 0.5148032271017738, 'bagging_freq': 4, 'min_child_samples': 47}. Best is trial 16 with value: 0.8690476190476191.
[I 2025-09-17 13:16:11,737] Trial 29 finished with value: 0.8333333333333333 and parameters: {'num_leaves': 104, 'learning_rate': 0.1449856274031338, 'feature_fraction': 0.5561648896829005, 'bagging_fraction': 0.4531108522468569, 'bagging_freq': 3, 'min_child_samples': 19}. Best is trial 16 with value: 0.8690476190476191.
[I 2025-09-17 13:16:11,766] Trial 30 finished with value: 0.753968253968254 and parameters: {'num_leaves': 227, 'learning_rate': 0.03451141547723552, 'feature_fraction': 0.8716417707576979, 'bagging_fraction': 0.6523853334584837, 'bagging_freq': 5, 'min_child_samples': 35}. Best is trial 16 with value: 0.8690476190476191.
[I 2025-09-17 13:16:11,801] Trial 31 finished with value: 0.876984126984127 and parameters: {'num_leaves': 243, 'learning_rate': 0.154893949519337, 'feature_fraction': 0.8010361690825443, 'bagging_fraction': 0.578480170350556, 'bagging_freq': 5, 'min_child_samples': 21}. Best is trial 31 with value: 0.876984126984127.
[I 2025-09-17 13:16:11,843] Trial 32 finished with value: 0.7857142857142857 and parameters: {'num_leaves': 277, 'learning_rate': 0.17258985267986024, 'feature_fraction': 0.7595246672652939, 'bagging_fraction': 0.5702391862670234, 'bagging_freq': 4, 'min_child_samples': 14}. Best is trial 31 with value: 0.876984126984127.
[I 2025-09-17 13:16:11,871] Trial 33 finished with value: 0.8214285714285714 and parameters: {'num_leaves': 250, 'learning_rate': 0.10717644601631243, 'feature_fraction': 0.8139869502469065, 'bagging_fraction': 0.5276326310104503, 'bagging_freq': 5, 'min_child_samples': 24}. Best is trial 31 with value: 0.876984126984127.
[I 2025-09-17 13:16:11,934] Trial 34 finished with value: 0.7936507936507937 and parameters: {'num_leaves': 193, 'learning_rate': 0.07400267575729859, 'feature_fraction': 0.6485417855917942, 'bagging_fraction': 0.4389418682750469, 'bagging_freq': 3, 'min_child_samples': 10}. Best is trial 31 with value: 0.876984126984127.
[I 2025-09-17 13:16:11,948] Trial 35 finished with value: 0.5 and parameters: {'num_leaves': 219, 'learning_rate': 0.1961444892935859, 'feature_fraction': 0.8469538445042979, 'bagging_fraction': 0.6453693398251101, 'bagging_freq': 6, 'min_child_samples': 65}. Best is trial 31 with value: 0.876984126984127.
[I 2025-09-17 13:16:11,991] Trial 36 finished with value: 0.876984126984127 and parameters: {'num_leaves': 209, 'learning_rate': 0.13804635174673194, 'feature_fraction': 0.687902647017112, 'bagging_fraction': 0.5811864409487152, 'bagging_freq': 4, 'min_child_samples': 17}. Best is trial 31 with value: 0.876984126984127.
[I 2025-09-17 13:16:12,038] Trial 37 finished with value: 0.8373015873015873 and parameters: {'num_leaves': 206, 'learning_rate': 0.1368210112418029, 'feature_fraction': 0.682415068000279, 'bagging_fraction': 0.9912223711828452, 'bagging_freq': 7, 'min_child_samples': 17}. Best is trial 31 with value: 0.876984126984127.
[I 2025-09-17 13:16:12,070] Trial 38 finished with value: 0.8095238095238095 and parameters: {'num_leaves': 176, 'learning_rate': 0.1598825329443905, 'feature_fraction': 0.7394696613204617, 'bagging_fraction': 0.693410943049412, 'bagging_freq': 2, 'min_child_samples': 30}. Best is trial 31 with value: 0.876984126984127.
[I 2025-09-17 13:16:12,083] Trial 39 finished with value: 0.5 and parameters: {'num_leaves': 287, 'learning_rate': 0.11858095982824549, 'feature_fraction': 0.8071379520924725, 'bagging_fraction': 0.5756299957717779, 'bagging_freq': 5, 'min_child_samples': 82}. Best is trial 31 with value: 0.876984126984127.
[I 2025-09-17 13:16:12,109] Trial 40 finished with value: 0.8055555555555556 and parameters: {'num_leaves': 264, 'learning_rate': 0.2218616288543357, 'feature_fraction': 0.594088383359975, 'bagging_fraction': 0.9367340779575707, 'bagging_freq': 4, 'min_child_samples': 42}. Best is trial 31 with value: 0.876984126984127.
[I 2025-09-17 13:16:12,165] Trial 41 finished with value: 0.8253968253968254 and parameters: {'num_leaves': 236, 'learning_rate': 0.18559086480341172, 'feature_fraction': 0.6561921911402467, 'bagging_fraction': 0.5917276716942972, 'bagging_freq': 4, 'min_child_samples': 10}. Best is trial 31 with value: 0.876984126984127.
[I 2025-09-17 13:16:12,207] Trial 42 finished with value: 0.8571428571428571 and parameters: {'num_leaves': 212, 'learning_rate': 0.15916320907145276, 'feature_fraction': 0.7113994828585153, 'bagging_fraction': 0.5121871337622015, 'bagging_freq': 3, 'min_child_samples': 17}. Best is trial 31 with value: 0.876984126984127.
[I 2025-09-17 13:16:12,274] Trial 43 finished with value: 0.7976190476190477 and parameters: {'num_leaves': 188, 'learning_rate': 0.1355062497032758, 'feature_fraction': 0.6198315955010351, 'bagging_fraction': 0.5502161628023463, 'bagging_freq': 5, 'min_child_samples': 10}. Best is trial 31 with value: 0.876984126984127.
[I 2025-09-17 13:16:12,298] Trial 44 finished with value: 0.7857142857142857 and parameters: {'num_leaves': 161, 'learning_rate': 0.10006190518629265, 'feature_fraction': 0.756001674905671, 'bagging_fraction': 0.6444438687580882, 'bagging_freq': 4, 'min_child_samples': 33}. Best is trial 31 with value: 0.876984126984127.
[I 2025-09-17 13:16:12,327] Trial 45 finished with value: 0.7380952380952381 and parameters: {'num_leaves': 209, 'learning_rate': 0.2383488844502628, 'feature_fraction': 0.6809296228914025, 'bagging_fraction': 0.4020071384729497, 'bagging_freq': 4, 'min_child_samples': 25}. Best is trial 31 with value: 0.876984126984127.
[I 2025-09-17 13:16:12,386] Trial 46 finished with value: 0.8492063492063492 and parameters: {'num_leaves': 228, 'learning_rate': 0.12513043701563673, 'feature_fraction': 0.7841948240144058, 'bagging_fraction': 0.7295962214397937, 'bagging_freq': 3, 'min_child_samples': 13}. Best is trial 31 with value: 0.876984126984127.
[I 2025-09-17 13:16:12,415] Trial 47 finished with value: 0.8452380952380952 and parameters: {'num_leaves': 240, 'learning_rate': 0.18941146429550934, 'feature_fraction': 0.7112773010227081, 'bagging_fraction': 0.46434095034892103, 'bagging_freq': 5, 'min_child_samples': 21}. Best is trial 31 with value: 0.876984126984127.
[I 2025-09-17 13:16:12,563] Trial 48 finished with value: 0.8809523809523809 and parameters: {'num_leaves': 276, 'learning_rate': 0.07779181884059658, 'feature_fraction': 0.9249528157228915, 'bagging_fraction': 0.8045536831720937, 'bagging_freq': 2, 'min_child_samples': 5}. Best is trial 48 with value: 0.8809523809523809.
[I 2025-09-17 13:16:12,728] Trial 49 finished with value: 0.8928571428571429 and parameters: {'num_leaves': 280, 'learning_rate': 0.026529898680529296, 'feature_fraction': 0.9252028594138468, 'bagging_fraction': 0.8160421551054622, 'bagging_freq': 2, 'min_child_samples': 5}. Best is trial 49 with value: 0.8928571428571429.
[I 2025-09-17 13:16:14,024] A new study created in memory with name: no-name-eaab36f3-5682-4e4e-8a25-8eb5e8afa5c7
[I 2025-09-17 13:16:14,033] Trial 0 finished with value: 0.5 and parameters: {'num_leaves': 30, 'learning_rate': 0.013918602508452935, 'feature_fraction': 0.4467611550898813, 'bagging_fraction': 0.7539843483805229, 'bagging_freq': 2, 'min_child_samples': 67}. Best is trial 0 with value: 0.5.
[I 2025-09-17 13:16:14,046] Trial 1 finished with value: 0.5 and parameters: {'num_leaves': 162, 'learning_rate': 0.04205950875114527, 'feature_fraction': 0.9485998258922089, 'bagging_fraction': 0.42393874304073886, 'bagging_freq': 5, 'min_child_samples': 100}. Best is trial 0 with value: 0.5.
Early stopping, best iteration is:
[16]	valid_0's binary_logloss: 0.570394
Training until validation scores don't improve for 50 rounds
Did not meet early stopping. Best iteration is:
[72]	valid_0's binary_logloss: 0.605043
Training until validation scores don't improve for 50 rounds
Early stopping, best iteration is:
[15]	valid_0's binary_logloss: 0.655984
Training until validation scores don't improve for 50 rounds
Early stopping, best iteration is:
[16]	valid_0's binary_logloss: 0.530572
Training until validation scores don't improve for 50 rounds
Early stopping, best iteration is:
[44]	valid_0's binary_logloss: 0.514695
Training until validation scores don't improve for 50 rounds
Early stopping, best iteration is:
[9]	valid_0's binary_logloss: 0.641651
Training until validation scores don't improve for 50 rounds
Early stopping, best iteration is:
[8]	valid_0's binary_logloss: 0.606184
Training until validation scores don't improve for 50 rounds
Early stopping, best iteration is:
[5]	valid_0's binary_logloss: 0.655984
Training until validation scores don't improve for 50 rounds
Early stopping, best iteration is:
[18]	valid_0's binary_logloss: 0.652701
Training until validation scores don't improve for 50 rounds
Early stopping, best iteration is:
[23]	valid_0's binary_logloss: 0.455535
Training until validation scores don't improve for 50 rounds
Early stopping, best iteration is:
[29]	valid_0's binary_logloss: 0.530818
Training until validation scores don't improve for 50 rounds
Early stopping, best iteration is:
[2]	valid_0's binary_logloss: 0.655984
Training until validation scores don't improve for 50 rounds
Early stopping, best iteration is:
[25]	valid_0's binary_logloss: 0.547102
Training until validation scores don't improve for 50 rounds
Early stopping, best iteration is:
[27]	valid_0's binary_logloss: 0.510443
Training until validation scores don't improve for 50 rounds
Did not meet early stopping. Best iteration is:
[85]	valid_0's binary_logloss: 0.485166
Training until validation scores don't improve for 50 rounds
Early stopping, best iteration is:
[14]	valid_0's binary_logloss: 0.477122
Training until validation scores don't improve for 50 rounds
Early stopping, best iteration is:
[3]	valid_0's binary_logloss: 0.655984
Training until validation scores don't improve for 50 rounds
Early stopping, best iteration is:
[8]	valid_0's binary_logloss: 0.652768
Training until validation scores don't improve for 50 rounds
Early stopping, best iteration is:
[14]	valid_0's binary_logloss: 0.575048
Training until validation scores don't improve for 50 rounds
Did not meet early stopping. Best iteration is:
[72]	valid_0's binary_logloss: 0.431477
Training until validation scores don't improve for 50 rounds
Did not meet early stopping. Best iteration is:
[86]	valid_0's binary_logloss: 0.498563
Training until validation scores don't improve for 50 rounds
Early stopping, best iteration is:
[37]	valid_0's binary_logloss: 0.488474
Training until validation scores don't improve for 50 rounds
Did not meet early stopping. Best iteration is:
[82]	valid_0's binary_logloss: 0.41929
Training until validation scores don't improve for 50 rounds
Early stopping, best iteration is:
[11]	valid_0's binary_logloss: 0.655984
Training until validation scores don't improve for 50 rounds
Early stopping, best iteration is:
[20]	valid_0's binary_logloss: 0.499934
Training until validation scores don't improve for 50 rounds
Early stopping, best iteration is:
[9]	valid_0's binary_logloss: 0.655984
Training until validation scores don't improve for 50 rounds
Did not meet early stopping. Best iteration is:
[73]	valid_0's binary_logloss: 0.541681
Training until validation scores don't improve for 50 rounds
Early stopping, best iteration is:
[14]	valid_0's binary_logloss: 0.523552
Training until validation scores don't improve for 50 rounds
Did not meet early stopping. Best iteration is:
[67]	valid_0's binary_logloss: 0.443548
Training until validation scores don't improve for 50 rounds
Did not meet early stopping. Best iteration is:
[65]	valid_0's binary_logloss: 0.478062
Training until validation scores don't improve for 50 rounds
Did not meet early stopping. Best iteration is:
[78]	valid_0's binary_logloss: 0.484317
Training until validation scores don't improve for 50 rounds
Early stopping, best iteration is:
[42]	valid_0's binary_logloss: 0.655984
Training until validation scores don't improve for 50 rounds
Early stopping, best iteration is:
[40]	valid_0's binary_logloss: 0.564303
Training until validation scores don't improve for 50 rounds
Did not meet early stopping. Best iteration is:
[98]	valid_0's binary_logloss: 0.523942
Training until validation scores don't improve for 50 rounds
Early stopping, best iteration is:
[22]	valid_0's binary_logloss: 0.655984
Training until validation scores don't improve for 50 rounds
Did not meet early stopping. Best iteration is:
[78]	valid_0's binary_logloss: 0.475366
Training until validation scores don't improve for 50 rounds
Did not meet early stopping. Best iteration is:
[100]	valid_0's binary_logloss: 0.557536
Training until validation scores don't improve for 50 rounds
Did not meet early stopping. Best iteration is:
[96]	valid_0's binary_logloss: 0.440644
Training until validation scores don't improve for 50 rounds
Early stopping, best iteration is:
[35]	valid_0's binary_logloss: 0.510045
Training until validation scores don't improve for 50 rounds
Did not meet early stopping. Best iteration is:
[90]	valid_0's binary_logloss: 0.467529
Training until validation scores don't improve for 50 rounds
Did not meet early stopping. Best iteration is:
[90]	valid_0's binary_logloss: 0.517563
Training until validation scores don't improve for 50 rounds
Early stopping, best iteration is:
[5]	valid_0's binary_logloss: 0.655984
Training until validation scores don't improve for 50 rounds
Did not meet early stopping. Best iteration is:
[81]	valid_0's binary_logloss: 0.421304
Training until validation scores don't improve for 50 rounds
Early stopping, best iteration is:
[20]	valid_0's binary_logloss: 0.479202
Training until validation scores don't improve for 50 rounds
Early stopping, best iteration is:
[49]	valid_0's binary_logloss: 0.48582
Training until validation scores don't improve for 50 rounds
Early stopping, best iteration is:
[12]	valid_0's binary_logloss: 0.655984
Training until validation scores don't improve for 50 rounds
Did not meet early stopping. Best iteration is:
[86]	valid_0's binary_logloss: 0.495162
Training until validation scores don't improve for 50 rounds
Early stopping, best iteration is:
[20]	valid_0's binary_logloss: 0.498006
Training until validation scores don't improve for 50 rounds
Did not meet early stopping. Best iteration is:
[78]	valid_0's binary_logloss: 0.472877
Training until validation scores don't improve for 50 rounds
Early stopping, best iteration is:
[47]	valid_0's binary_logloss: 0.539959
Training until validation scores don't improve for 50 rounds
Did not meet early stopping. Best iteration is:
[100]	valid_0's binary_logloss: 0.516687
Training until validation scores don't improve for 50 rounds
Early stopping, best iteration is:
[40]	valid_0's binary_logloss: 0.530361
Training until validation scores don't improve for 50 rounds
Early stopping, best iteration is:
[37]	valid_0's binary_logloss: 0.471545
Training until validation scores don't improve for 50 rounds
Did not meet early stopping. Best iteration is:
[100]	valid_0's binary_logloss: 0.470458
Training until validation scores don't improve for 50 rounds
Early stopping, best iteration is:
[35]	valid_0's binary_logloss: 0.440791
Training until validation scores don't improve for 50 rounds
Did not meet early stopping. Best iteration is:
[80]	valid_0's binary_logloss: 0.432928
Training until validation scores don't improve for 50 rounds
Early stopping, best iteration is:
[3]	valid_0's binary_logloss: 0.655607
Training until validation scores don't improve for 50 rounds
Early stopping, best iteration is:
[50]	valid_0's binary_logloss: 0.655607
Training until validation scores don't improve for 50 rounds
[I 2025-09-17 13:16:14,060] Trial 2 finished with value: 0.5 and parameters: {'num_leaves': 297, 'learning_rate': 0.12245183233151188, 'feature_fraction': 0.5017487955692598, 'bagging_fraction': 0.8932558393370433, 'bagging_freq': 3, 'min_child_samples': 66}. Best is trial 0 with value: 0.5.
[I 2025-09-17 13:16:14,095] Trial 3 finished with value: 0.7817460317460317 and parameters: {'num_leaves': 140, 'learning_rate': 0.12154061175555665, 'feature_fraction': 0.8872120602423826, 'bagging_fraction': 0.5910800791692434, 'bagging_freq': 1, 'min_child_samples': 19}. Best is trial 3 with value: 0.7817460317460317.
[I 2025-09-17 13:16:14,107] Trial 4 finished with value: 0.5 and parameters: {'num_leaves': 64, 'learning_rate': 0.06115914170995757, 'feature_fraction': 0.539684507704232, 'bagging_fraction': 0.5473104449630964, 'bagging_freq': 4, 'min_child_samples': 70}. Best is trial 3 with value: 0.7817460317460317.
[I 2025-09-17 13:16:14,118] Trial 5 finished with value: 0.5 and parameters: {'num_leaves': 281, 'learning_rate': 0.19528221975509924, 'feature_fraction': 0.9432468217770683, 'bagging_fraction': 0.4454397681860933, 'bagging_freq': 5, 'min_child_samples': 61}. Best is trial 3 with value: 0.7817460317460317.
[I 2025-09-17 13:16:14,128] Trial 6 finished with value: 0.5 and parameters: {'num_leaves': 163, 'learning_rate': 0.02119997168692089, 'feature_fraction': 0.7056765194576702, 'bagging_fraction': 0.43952659183913123, 'bagging_freq': 6, 'min_child_samples': 54}. Best is trial 3 with value: 0.7817460317460317.
[I 2025-09-17 13:16:14,137] Trial 7 finished with value: 0.5 and parameters: {'num_leaves': 205, 'learning_rate': 0.13083626224470057, 'feature_fraction': 0.7372479055266512, 'bagging_fraction': 0.4587564081030008, 'bagging_freq': 6, 'min_child_samples': 53}. Best is trial 3 with value: 0.7817460317460317.
[I 2025-09-17 13:16:14,196] Trial 8 finished with value: 0.8571428571428571 and parameters: {'num_leaves': 266, 'learning_rate': 0.11980629672500982, 'feature_fraction': 0.9949883438470575, 'bagging_fraction': 0.8580391380986157, 'bagging_freq': 2, 'min_child_samples': 12}. Best is trial 8 with value: 0.8571428571428571.
[I 2025-09-17 13:16:14,240] Trial 9 finished with value: 0.8353174603174603 and parameters: {'num_leaves': 71, 'learning_rate': 0.1982182853890607, 'feature_fraction': 0.7124055468289856, 'bagging_fraction': 0.7058946429546684, 'bagging_freq': 4, 'min_child_samples': 11}. Best is trial 8 with value: 0.8571428571428571.
[I 2025-09-17 13:16:14,264] Trial 10 finished with value: 0.6646825396825395 and parameters: {'num_leaves': 240, 'learning_rate': 0.2898310744875918, 'feature_fraction': 0.8271959646808004, 'bagging_fraction': 0.9873380961307978, 'bagging_freq': 1, 'min_child_samples': 28}. Best is trial 8 with value: 0.8571428571428571.
[I 2025-09-17 13:16:14,381] Trial 11 finished with value: 0.8095238095238095 and parameters: {'num_leaves': 96, 'learning_rate': 0.2109358495648788, 'feature_fraction': 0.5815888211776047, 'bagging_fraction': 0.7575158167703803, 'bagging_freq': 3, 'min_child_samples': 5}. Best is trial 8 with value: 0.8571428571428571.
