[I 2025-09-17 13:16:06,541] Trial 27 finished with value: 0.6428571428571428 and parameters: {'num_leaves': 169, 'learning_rate': 0.056334866827886736, 'feature_fraction': 0.7139053380380969, 'bagging_fraction': 0.995853499018341, 'bagging_freq': 3, 'min_child_samples': 43}. Best is trial 23 with value: 0.865079365079365.
[I 2025-09-17 13:16:06,565] Trial 28 finished with value: 0.6369047619047619 and parameters: {'num_leaves': 41, 'learning_rate': 0.0862548359459412, 'feature_fraction': 0.5632072017386909, 'bagging_fraction': 0.8417875084448564, 'bagging_freq': 5, 'min_child_samples': 30}. Best is trial 23 with value: 0.865079365079365.
[I 2025-09-17 13:16:06,605] Trial 29 finished with value: 0.7420634920634921 and parameters: {'num_leaves': 100, 'learning_rate': 0.22667075591512437, 'feature_fraction': 0.6732072034931287, 'bagging_fraction': 0.7486311939243246, 'bagging_freq': 2, 'min_child_samples': 16}. Best is trial 23 with value: 0.865079365079365.
[I 2025-09-17 13:16:06,645] Trial 30 finished with value: 0.6865079365079365 and parameters: {'num_leaves': 197, 'learning_rate': 0.1286385610341541, 'feature_fraction': 0.7910803731330758, 'bagging_fraction': 0.6959624641927122, 'bagging_freq': 4, 'min_child_samples': 14}. Best is trial 23 with value: 0.865079365079365.
[I 2025-09-17 13:16:06,818] Trial 31 finished with value: 0.8253968253968255 and parameters: {'num_leaves': 68, 'learning_rate': 0.028007229204873772, 'feature_fraction': 0.5160705481943432, 'bagging_fraction': 0.9046172926190653, 'bagging_freq': 4, 'min_child_samples': 6}. Best is trial 23 with value: 0.865079365079365.
[I 2025-09-17 13:16:06,921] Trial 32 finished with value: 0.8452380952380952 and parameters: {'num_leaves': 79, 'learning_rate': 0.026876329061098266, 'feature_fraction': 0.49095480025641947, 'bagging_fraction': 0.9416510248188992, 'bagging_freq': 4, 'min_child_samples': 10}. Best is trial 23 with value: 0.865079365079365.
[I 2025-09-17 13:16:07,021] Trial 33 finished with value: 0.8293650793650793 and parameters: {'num_leaves': 84, 'learning_rate': 0.05039567385051737, 'feature_fraction': 0.47661006174895637, 'bagging_fraction': 0.9507631241046353, 'bagging_freq': 3, 'min_child_samples': 11}. Best is trial 23 with value: 0.865079365079365.
[I 2025-09-17 13:16:07,084] Trial 34 finished with value: 0.6984126984126984 and parameters: {'num_leaves': 106, 'learning_rate': 0.022533985955091453, 'feature_fraction': 0.40584170413462256, 'bagging_fraction': 0.8669289745594069, 'bagging_freq': 5, 'min_child_samples': 18}. Best is trial 23 with value: 0.865079365079365.
[I 2025-09-17 13:16:07,170] Trial 35 finished with value: 0.7936507936507937 and parameters: {'num_leaves': 47, 'learning_rate': 0.010737770692037438, 'feature_fraction': 0.5959248957501296, 'bagging_fraction': 0.8346061249729815, 'bagging_freq': 4, 'min_child_samples': 11}. Best is trial 23 with value: 0.865079365079365.
[I 2025-09-17 13:16:07,180] Trial 36 finished with value: 0.5 and parameters: {'num_leaves': 17, 'learning_rate': 0.16933964944681829, 'feature_fraction': 0.6462227141197436, 'bagging_fraction': 0.7692410849848077, 'bagging_freq': 1, 'min_child_samples': 83}. Best is trial 23 with value: 0.865079365079365.
[I 2025-09-17 13:16:07,217] Trial 37 finished with value: 0.6785714285714285 and parameters: {'num_leaves': 122, 'learning_rate': 0.1190030028135274, 'feature_fraction': 0.4460866722463062, 'bagging_fraction': 0.9421679982210187, 'bagging_freq': 3, 'min_child_samples': 24}. Best is trial 23 with value: 0.865079365079365.
[I 2025-09-17 13:16:07,236] Trial 38 finished with value: 0.6706349206349206 and parameters: {'num_leaves': 154, 'learning_rate': 0.09596058633695945, 'feature_fraction': 0.49330450282381394, 'bagging_fraction': 0.8901215785822354, 'bagging_freq': 5, 'min_child_samples': 34}. Best is trial 23 with value: 0.865079365079365.
[I 2025-09-17 13:16:07,338] Trial 39 finished with value: 0.761904761904762 and parameters: {'num_leaves': 294, 'learning_rate': 0.06116404206593567, 'feature_fraction': 0.5365017266718649, 'bagging_fraction': 0.9789356162364072, 'bagging_freq': 4, 'min_child_samples': 9}. Best is trial 23 with value: 0.865079365079365.
[I 2025-09-17 13:16:07,357] Trial 40 finished with value: 0.5 and parameters: {'num_leaves': 36, 'learning_rate': 0.04679326250288806, 'feature_fraction': 0.5539631310242322, 'bagging_fraction': 0.6076573036233895, 'bagging_freq': 6, 'min_child_samples': 97}. Best is trial 23 with value: 0.865079365079365.
[I 2025-09-17 13:16:07,464] Trial 41 finished with value: 0.8055555555555556 and parameters: {'num_leaves': 81, 'learning_rate': 0.03970984269805407, 'feature_fraction': 0.4679776850022632, 'bagging_fraction': 0.9555776565366704, 'bagging_freq': 3, 'min_child_samples': 10}. Best is trial 23 with value: 0.865079365079365.
[I 2025-09-17 13:16:07,542] Trial 42 finished with value: 0.7301587301587301 and parameters: {'num_leaves': 81, 'learning_rate': 0.029108557304363757, 'feature_fraction': 0.5092144107565441, 'bagging_fraction': 0.9535104951683994, 'bagging_freq': 3, 'min_child_samples': 15}. Best is trial 23 with value: 0.865079365079365.
[I 2025-09-17 13:16:07,619] Trial 43 finished with value: 0.7261904761904763 and parameters: {'num_leaves': 90, 'learning_rate': 0.012843575478333778, 'feature_fraction': 0.4288152740071434, 'bagging_fraction': 0.5089650574348037, 'bagging_freq': 2, 'min_child_samples': 9}. Best is trial 23 with value: 0.865079365079365.
Did not meet early stopping. Best iteration is:
[67]	valid_0's binary_logloss: 0.493473
Training until validation scores don't improve for 50 rounds
Did not meet early stopping. Best iteration is:
[98]	valid_0's binary_logloss: 0.479811
Training until validation scores don't improve for 50 rounds
Did not meet early stopping. Best iteration is:
[85]	valid_0's binary_logloss: 0.457505
Training until validation scores don't improve for 50 rounds
Did not meet early stopping. Best iteration is:
[92]	valid_0's binary_logloss: 0.435534
Training until validation scores don't improve for 50 rounds
Did not meet early stopping. Best iteration is:
[90]	valid_0's binary_logloss: 0.490766
Training until validation scores don't improve for 50 rounds
Did not meet early stopping. Best iteration is:
[100]	valid_0's binary_logloss: 0.383639
Training until validation scores don't improve for 50 rounds
Early stopping, best iteration is:
[50]	valid_0's binary_logloss: 0.436905
Training until validation scores don't improve for 50 rounds
Early stopping, best iteration is:
[16]	valid_0's binary_logloss: 0.426155
Training until validation scores don't improve for 50 rounds
Early stopping, best iteration is:
[26]	valid_0's binary_logloss: 0.447025
Training until validation scores don't improve for 50 rounds
Did not meet early stopping. Best iteration is:
[55]	valid_0's binary_logloss: 0.456494
Training until validation scores don't improve for 50 rounds
Did not meet early stopping. Best iteration is:
[66]	valid_0's binary_logloss: 0.449543
Training until validation scores don't improve for 50 rounds
Early stopping, best iteration is:
[3]	valid_0's binary_logloss: 0.655822
Training until validation scores don't improve for 50 rounds
Early stopping, best iteration is:
[26]	valid_0's binary_logloss: 0.485377
Training until validation scores don't improve for 50 rounds
Early stopping, best iteration is:
[32]	valid_0's binary_logloss: 0.655822
Training until validation scores don't improve for 50 rounds
Early stopping, best iteration is:
[5]	valid_0's binary_logloss: 0.5945
Training until validation scores don't improve for 50 rounds
Did not meet early stopping. Best iteration is:
[79]	valid_0's binary_logloss: 0.655984
Training until validation scores don't improve for 50 rounds
Early stopping, best iteration is:
[6]	valid_0's binary_logloss: 0.655984
Training until validation scores don't improve for 50 rounds
Early stopping, best iteration is:
[6]	valid_0's binary_logloss: 0.655984
Training until validation scores don't improve for 50 rounds
Early stopping, best iteration is:
[15]	valid_0's binary_logloss: 0.647021
Training until validation scores don't improve for 50 rounds
Early stopping, best iteration is:
[5]	valid_0's binary_logloss: 0.655984
Training until validation scores don't improve for 50 rounds
Early stopping, best iteration is:
[6]	valid_0's binary_logloss: 0.620684
Training until validation scores don't improve for 50 rounds
Early stopping, best iteration is:
[11]	valid_0's binary_logloss: 0.625071
Training until validation scores don't improve for 50 rounds
Early stopping, best iteration is:
[33]	valid_0's binary_logloss: 0.655984
Training until validation scores don't improve for 50 rounds
Early stopping, best iteration is:
[7]	valid_0's binary_logloss: 0.624734
Training until validation scores don't improve for 50 rounds
Did not meet early stopping. Best iteration is:
[96]	valid_0's binary_logloss: 0.517172
Training until validation scores don't improve for 50 rounds
Did not meet early stopping. Best iteration is:
[93]	valid_0's binary_logloss: 0.506829
Training until validation scores don't improve for 50 rounds
Early stopping, best iteration is:
[45]	valid_0's binary_logloss: 0.548486
Training until validation scores don't improve for 50 rounds
Did not meet early stopping. Best iteration is:
[99]	valid_0's binary_logloss: 0.488301
Training until validation scores don't improve for 50 rounds
Early stopping, best iteration is:
[34]	valid_0's binary_logloss: 0.603431
Training until validation scores don't improve for 50 rounds
Early stopping, best iteration is:
[29]	valid_0's binary_logloss: 0.532109
Training until validation scores don't improve for 50 rounds
Did not meet early stopping. Best iteration is:
[92]	valid_0's binary_logloss: 0.620766
Training until validation scores don't improve for 50 rounds
Early stopping, best iteration is:
[5]	valid_0's binary_logloss: 0.639248
Training until validation scores don't improve for 50 rounds
Did not meet early stopping. Best iteration is:
[63]	valid_0's binary_logloss: 0.632941
Training until validation scores don't improve for 50 rounds
Early stopping, best iteration is:
[20]	valid_0's binary_logloss: 0.655984
Training until validation scores don't improve for 50 rounds
Early stopping, best iteration is:
[5]	valid_0's binary_logloss: 0.541271
Training until validation scores don't improve for 50 rounds
Did not meet early stopping. Best iteration is:
[98]	valid_0's binary_logloss: 0.561045
Training until validation scores don't improve for 50 rounds
Early stopping, best iteration is:
[49]	valid_0's binary_logloss: 0.615838
Training until validation scores don't improve for 50 rounds
Did not meet early stopping. Best iteration is:
[98]	valid_0's binary_logloss: 0.499742
Training until validation scores don't improve for 50 rounds
Did not meet early stopping. Best iteration is:
[52]	valid_0's binary_logloss: 0.625097
Training until validation scores don't improve for 50 rounds
Early stopping, best iteration is:
[24]	valid_0's binary_logloss: 0.585971
Training until validation scores don't improve for 50 rounds
Did not meet early stopping. Best iteration is:
[61]	valid_0's binary_logloss: 0.503737
Training until validation scores don't improve for 50 rounds
Early stopping, best iteration is:
[32]	valid_0's binary_logloss: 0.643513
Training until validation scores don't improve for 50 rounds
Early stopping, best iteration is:
[16]	valid_0's binary_logloss: 0.630971
Training until validation scores don't improve for 50 rounds
Early stopping, best iteration is:
[20]	valid_0's binary_logloss: 0.61557
Training until validation scores don't improve for 50 rounds
Early stopping, best iteration is:
[12]	valid_0's binary_logloss: 0.598003
Training until validation scores don't improve for 50 rounds
Did not meet early stopping. Best iteration is:
[57]	valid_0's binary_logloss: 0.502074
Training until validation scores don't improve for 50 rounds
Early stopping, best iteration is:
[44]	valid_0's binary_logloss: 0.51045
Training until validation scores don't improve for 50 rounds
Early stopping, best iteration is:
[45]	valid_0's binary_logloss: 0.500186
Training until validation scores don't improve for 50 rounds
Did not meet early stopping. Best iteration is:
[70]	valid_0's binary_logloss: 0.594705
Training until validation scores don't improve for 50 rounds
Did not meet early stopping. Best iteration is:
[96]	valid_0's binary_logloss: 0.546179
Training until validation scores don't improve for 50 rounds
Early stopping, best iteration is:
[3]	valid_0's binary_logloss: 0.655984
Training until validation scores don't improve for 50 rounds
Early stopping, best iteration is:
[10]	valid_0's binary_logloss: 0.605575
Training until validation scores don't improve for 50 rounds
Early stopping, best iteration is:
[4]	valid_0's binary_logloss: 0.628932
Training until validation scores don't improve for 50 rounds
Early stopping, best iteration is:
[22]	valid_0's binary_logloss: 0.536771
Training until validation scores don't improve for 50 rounds
Did not meet early stopping. Best iteration is:
[71]	valid_0's binary_logloss: 0.655984
Training until validation scores don't improve for 50 rounds
Early stopping, best iteration is:
[39]	valid_0's binary_logloss: 0.509973
Training until validation scores don't improve for 50 rounds
Early stopping, best iteration is:
[45]	valid_0's binary_logloss: 0.579801
Training until validation scores don't improve for 50 rounds
Did not meet early stopping. Best iteration is:
[88]	valid_0's binary_logloss: 0.59137
Training until validation scores don't improve for 50 rounds
[I 2025-09-17 13:16:07,660] Trial 44 finished with value: 0.7777777777777778 and parameters: {'num_leaves': 112, 'learning_rate': 0.06581086305817117, 'feature_fraction': 0.4817010190121744, 'bagging_fraction': 0.931348833468876, 'bagging_freq': 3, 'min_child_samples': 20}. Best is trial 23 with value: 0.865079365079365.
[I 2025-09-17 13:16:07,692] Trial 45 finished with value: 0.6706349206349206 and parameters: {'num_leaves': 69, 'learning_rate': 0.04442551575023878, 'feature_fraction': 0.5971455417629152, 'bagging_fraction': 0.8951147456691827, 'bagging_freq': 4, 'min_child_samples': 29}. Best is trial 23 with value: 0.865079365079365.
[I 2025-09-17 13:16:07,707] Trial 46 finished with value: 0.4920634920634921 and parameters: {'num_leaves': 136, 'learning_rate': 0.024597205297216148, 'feature_fraction': 0.4883874577478896, 'bagging_fraction': 0.9684665181892509, 'bagging_freq': 7, 'min_child_samples': 66}. Best is trial 23 with value: 0.865079365079365.
[I 2025-09-17 13:16:07,765] Trial 47 finished with value: 0.8055555555555556 and parameters: {'num_leaves': 88, 'learning_rate': 0.08680724412448959, 'feature_fraction': 0.5494663224008033, 'bagging_fraction': 0.8542936397664032, 'bagging_freq': 2, 'min_child_samples': 13}. Best is trial 23 with value: 0.865079365079365.
[I 2025-09-17 13:16:07,885] Trial 48 finished with value: 0.8174603174603174 and parameters: {'num_leaves': 248, 'learning_rate': 0.056234820145154754, 'feature_fraction': 0.4237408126352232, 'bagging_fraction': 0.8179578636425471, 'bagging_freq': 3, 'min_child_samples': 8}. Best is trial 23 with value: 0.865079365079365.
[I 2025-09-17 13:16:07,903] Trial 49 finished with value: 0.5753968253968254 and parameters: {'num_leaves': 28, 'learning_rate': 0.2858017408422953, 'feature_fraction': 0.6317079033013657, 'bagging_fraction': 0.9991691124417561, 'bagging_freq': 3, 'min_child_samples': 59}. Best is trial 23 with value: 0.865079365079365.
[I 2025-09-17 13:16:10,632] A new study created in memory with name: no-name-322c0b6c-1944-4923-959b-e2b106e606f8
[I 2025-09-17 13:16:10,655] Trial 0 finished with value: 0.6924603174603174 and parameters: {'num_leaves': 102, 'learning_rate': 0.23151985041387643, 'feature_fraction': 0.48804505072828197, 'bagging_fraction': 0.42454815682847297, 'bagging_freq': 7, 'min_child_samples': 17}. Best is trial 0 with value: 0.6924603174603174.
[I 2025-09-17 13:16:10,664] Trial 1 finished with value: 0.5 and parameters: {'num_leaves': 214, 'learning_rate': 0.014972468853371394, 'feature_fraction': 0.6288192229280805, 'bagging_fraction': 0.4358116796306643, 'bagging_freq': 2, 'min_child_samples': 57}. Best is trial 0 with value: 0.6924603174603174.
[I 2025-09-17 13:16:10,677] Trial 2 finished with value: 0.5158730158730158 and parameters: {'num_leaves': 173, 'learning_rate': 0.1197307474856651, 'feature_fraction': 0.6364902500026142, 'bagging_fraction': 0.9729046028800119, 'bagging_freq': 3, 'min_child_samples': 66}. Best is trial 0 with value: 0.6924603174603174.
[I 2025-09-17 13:16:10,733] Trial 3 finished with value: 0.8571428571428571 and parameters: {'num_leaves': 202, 'learning_rate': 0.289339480061569, 'feature_fraction': 0.7129816155996125, 'bagging_fraction': 0.7027046849652084, 'bagging_freq': 4, 'min_child_samples': 10}. Best is trial 3 with value: 0.8571428571428571.
[I 2025-09-17 13:16:10,777] Trial 4 finished with value: 0.8055555555555556 and parameters: {'num_leaves': 218, 'learning_rate': 0.19093651261115155, 'feature_fraction': 0.8234013005545904, 'bagging_fraction': 0.891263856941407, 'bagging_freq': 2, 'min_child_samples': 18}. Best is trial 3 with value: 0.8571428571428571.
[I 2025-09-17 13:16:10,785] Trial 5 finished with value: 0.5 and parameters: {'num_leaves': 202, 'learning_rate': 0.13079133516492666, 'feature_fraction': 0.5914915994312011, 'bagging_fraction': 0.8671232861463921, 'bagging_freq': 5, 'min_child_samples': 90}. Best is trial 3 with value: 0.8571428571428571.
[I 2025-09-17 13:16:10,801] Trial 6 finished with value: 0.7619047619047619 and parameters: {'num_leaves': 283, 'learning_rate': 0.23260040547024072, 'feature_fraction': 0.6587254042936596, 'bagging_fraction': 0.8378464230005269, 'bagging_freq': 2, 'min_child_samples': 47}. Best is trial 3 with value: 0.8571428571428571.
[I 2025-09-17 13:16:10,818] Trial 7 finished with value: 0.8214285714285714 and parameters: {'num_leaves': 172, 'learning_rate': 0.2061746918663634, 'feature_fraction': 0.46005642759949383, 'bagging_fraction': 0.5443078592938607, 'bagging_freq': 7, 'min_child_samples': 37}. Best is trial 3 with value: 0.8571428571428571.
[I 2025-09-17 13:16:10,845] Trial 8 finished with value: 0.8174603174603174 and parameters: {'num_leaves': 134, 'learning_rate': 0.09181896206546461, 'feature_fraction': 0.4822668751870368, 'bagging_fraction': 0.7589682048896937, 'bagging_freq': 3, 'min_child_samples': 30}. Best is trial 3 with value: 0.8571428571428571.
[I 2025-09-17 13:16:10,884] Trial 9 finished with value: 0.861111111111111 and parameters: {'num_leaves': 216, 'learning_rate': 0.2912606069663526, 'feature_fraction': 0.6413238838138113, 'bagging_fraction': 0.46237283026341286, 'bagging_freq': 4, 'min_child_samples': 9}. Best is trial 9 with value: 0.861111111111111.
[I 2025-09-17 13:16:10,897] Trial 10 finished with value: 0.5 and parameters: {'num_leaves': 11, 'learning_rate': 0.28738594046228744, 'feature_fraction': 0.9906033990279726, 'bagging_fraction': 0.5756160607618308, 'bagging_freq': 5, 'min_child_samples': 75}. Best is trial 9 with value: 0.861111111111111.
[I 2025-09-17 13:16:10,983] Trial 11 finished with value: 0.7023809523809523 and parameters: {'num_leaves': 269, 'learning_rate': 0.29261957628392815, 'feature_fraction': 0.7826613872661652, 'bagging_fraction': 0.6519348784949702, 'bagging_freq': 5, 'min_child_samples': 5}. Best is trial 9 with value: 0.861111111111111.
[I 2025-09-17 13:16:11,031] Trial 12 finished with value: 0.7698412698412699 and parameters: {'num_leaves': 245, 'learning_rate': 0.29914827801021593, 'feature_fraction': 0.774230240986272, 'bagging_fraction': 0.6893655972514494, 'bagging_freq': 4, 'min_child_samples': 10}. Best is trial 9 with value: 0.861111111111111.
[I 2025-09-17 13:16:11,059] Trial 13 finished with value: 0.8492063492063492 and parameters: {'num_leaves': 100, 'learning_rate': 0.2502954111264928, 'feature_fraction': 0.8874293468238129, 'bagging_fraction': 0.5524662234028279, 'bagging_freq': 4, 'min_child_samples': 28}. Best is trial 9 with value: 0.861111111111111.
[I 2025-09-17 13:16:11,082] Trial 14 finished with value: 0.8174603174603174 and parameters: {'num_leaves': 296, 'learning_rate': 0.17312238150809872, 'feature_fraction': 0.5620100756196688, 'bagging_fraction': 0.774720276362437, 'bagging_freq': 6, 'min_child_samples': 40}. Best is trial 9 with value: 0.861111111111111.
[I 2025-09-17 13:16:11,120] Trial 15 finished with value: 0.8373015873015873 and parameters: {'num_leaves': 139, 'learning_rate': 0.26283638124736736, 'feature_fraction': 0.718877173832146, 'bagging_fraction': 0.6186811661079437, 'bagging_freq': 1, 'min_child_samples': 22}. Best is trial 9 with value: 0.861111111111111.
[I 2025-09-17 13:16:11,211] Trial 16 finished with value: 0.8690476190476191 and parameters: {'num_leaves': 244, 'learning_rate': 0.05286953176519586, 'feature_fraction': 0.7113284030750322, 'bagging_fraction': 0.49533719706315243, 'bagging_freq': 3, 'min_child_samples': 6}. Best is trial 16 with value: 0.8690476190476191.
[I 2025-09-17 13:16:11,224] Trial 17 finished with value: 0.5 and parameters: {'num_leaves': 256, 'learning_rate': 0.048409964397515895, 'feature_fraction': 0.5482261517829606, 'bagging_fraction': 0.48156869829618054, 'bagging_freq': 3, 'min_child_samples': 94}. Best is trial 16 with value: 0.8690476190476191.
[I 2025-09-17 13:16:11,319] Trial 18 finished with value: 0.8095238095238095 and parameters: {'num_leaves': 235, 'learning_rate': 0.08827135175323009, 'feature_fraction': 0.40380964325486557, 'bagging_fraction': 0.4887464325953283, 'bagging_freq': 1, 'min_child_samples': 5}. Best is trial 16 with value: 0.8690476190476191.
