[I 2025-09-17 13:15:06,226] Trial 7 finished with value: 0.5 and parameters: {'num_leaves': 12, 'learning_rate': 0.2165039126080814, 'feature_fraction': 0.48588705639702917, 'bagging_fraction': 0.8992813070771966, 'bagging_freq': 7, 'min_child_samples': 70}. Best is trial 6 with value: 0.8234126984126984.
=== COMPARING DATASETS WITH DIFFERENT NORMALIZATION ===

1. Training models on full 216-feature dataset (user-wise normalized)...
Training model for P024... (normalize_per_user=True)
Training until validation scores don't improve for 50 rounds
Early stopping, best iteration is:
[1]	valid_0's binary_logloss: 0.685521
Training until validation scores don't improve for 50 rounds
Early stopping, best iteration is:
[2]	valid_0's binary_logloss: 0.685521
Training until validation scores don't improve for 50 rounds
Early stopping, best iteration is:
[1]	valid_0's binary_logloss: 0.685521
Training until validation scores don't improve for 50 rounds
Early stopping, best iteration is:
[1]	valid_0's binary_logloss: 0.685521
Training until validation scores don't improve for 50 rounds
Early stopping, best iteration is:
[1]	valid_0's binary_logloss: 0.685521
Training until validation scores don't improve for 50 rounds
Early stopping, best iteration is:
[5]	valid_0's binary_logloss: 0.685521
Training until validation scores don't improve for 50 rounds
Early stopping, best iteration is:
[1]	valid_0's binary_logloss: 0.685521
Training until validation scores don't improve for 50 rounds
Early stopping, best iteration is:
[3]	valid_0's binary_logloss: 0.685521
Training until validation scores don't improve for 50 rounds
Early stopping, best iteration is:
[10]	valid_0's binary_logloss: 0.525096
Training until validation scores don't improve for 50 rounds
Early stopping, best iteration is:
[20]	valid_0's binary_logloss: 0.550598
Training until validation scores don't improve for 50 rounds
Early stopping, best iteration is:
[8]	valid_0's binary_logloss: 0.57682
Training until validation scores don't improve for 50 rounds
Early stopping, best iteration is:
[7]	valid_0's binary_logloss: 0.558704
Training until validation scores don't improve for 50 rounds
Early stopping, best iteration is:
[14]	valid_0's binary_logloss: 0.580776
Training until validation scores don't improve for 50 rounds
Early stopping, best iteration is:
[7]	valid_0's binary_logloss: 0.478823
Training until validation scores don't improve for 50 rounds
Early stopping, best iteration is:
[9]	valid_0's binary_logloss: 0.485133
Training until validation scores don't improve for 50 rounds
Early stopping, best iteration is:
[6]	valid_0's binary_logloss: 0.56152
Training until validation scores don't improve for 50 rounds
Early stopping, best iteration is:
[17]	valid_0's binary_logloss: 0.604195
Training until validation scores don't improve for 50 rounds
Early stopping, best iteration is:
[34]	valid_0's binary_logloss: 0.575639
Training until validation scores don't improve for 50 rounds
Early stopping, best iteration is:
[18]	valid_0's binary_logloss: 0.56024
Training until validation scores don't improve for 50 rounds
Early stopping, best iteration is:
[12]	valid_0's binary_logloss: 0.594076
Training until validation scores don't improve for 50 rounds
Early stopping, best iteration is:
[4]	valid_0's binary_logloss: 0.599942
Training until validation scores don't improve for 50 rounds
Early stopping, best iteration is:
[18]	valid_0's binary_logloss: 0.551028
Training until validation scores don't improve for 50 rounds
Did not meet early stopping. Best iteration is:
[91]	valid_0's binary_logloss: 0.539505
Training until validation scores don't improve for 50 rounds
Early stopping, best iteration is:
[12]	valid_0's binary_logloss: 0.635757
Training until validation scores don't improve for 50 rounds
Did not meet early stopping. Best iteration is:
[100]	valid_0's binary_logloss: 0.606543
Training until validation scores don't improve for 50 rounds
Early stopping, best iteration is:
[24]	valid_0's binary_logloss: 0.585884
Training until validation scores don't improve for 50 rounds
Early stopping, best iteration is:
[14]	valid_0's binary_logloss: 0.56841
Training until validation scores don't improve for 50 rounds
Early stopping, best iteration is:
[30]	valid_0's binary_logloss: 0.568979
Training until validation scores don't improve for 50 rounds
Early stopping, best iteration is:
[8]	valid_0's binary_logloss: 0.685521
Training until validation scores don't improve for 50 rounds
Early stopping, best iteration is:
[8]	valid_0's binary_logloss: 0.567297
Training until validation scores don't improve for 50 rounds
Early stopping, best iteration is:
[6]	valid_0's binary_logloss: 0.685521
Training until validation scores don't improve for 50 rounds
Early stopping, best iteration is:
[16]	valid_0's binary_logloss: 0.560469
Training until validation scores don't improve for 50 rounds
Early stopping, best iteration is:
[17]	valid_0's binary_logloss: 0.594261
Training until validation scores don't improve for 50 rounds
Early stopping, best iteration is:
[6]	valid_0's binary_logloss: 0.574115
Training until validation scores don't improve for 50 rounds
Early stopping, best iteration is:
[6]	valid_0's binary_logloss: 0.595289
Training until validation scores don't improve for 50 rounds
Did not meet early stopping. Best iteration is:
[57]	valid_0's binary_logloss: 0.674533
Training until validation scores don't improve for 50 rounds
Early stopping, best iteration is:
[7]	valid_0's binary_logloss: 0.55048
Training until validation scores don't improve for 50 rounds
Early stopping, best iteration is:
[2]	valid_0's binary_logloss: 0.685521
Training until validation scores don't improve for 50 rounds
Did not meet early stopping. Best iteration is:
[96]	valid_0's binary_logloss: 0.610312
Training until validation scores don't improve for 50 rounds
Early stopping, best iteration is:
[2]	valid_0's binary_logloss: 0.685521
Training until validation scores don't improve for 50 rounds
Early stopping, best iteration is:
[2]	valid_0's binary_logloss: 0.685521
Training until validation scores don't improve for 50 rounds
Early stopping, best iteration is:
[18]	valid_0's binary_logloss: 0.575624
Training until validation scores don't improve for 50 rounds
Early stopping, best iteration is:
[17]	valid_0's binary_logloss: 0.594842
Training until validation scores don't improve for 50 rounds
Early stopping, best iteration is:
[6]	valid_0's binary_logloss: 0.608807
Training until validation scores don't improve for 50 rounds
Early stopping, best iteration is:
[4]	valid_0's binary_logloss: 0.609886
Training until validation scores don't improve for 50 rounds
Early stopping, best iteration is:
[24]	valid_0's binary_logloss: 0.556451
Training until validation scores don't improve for 50 rounds
Did not meet early stopping. Best iteration is:
[58]	valid_0's binary_logloss: 0.605298
Training until validation scores don't improve for 50 rounds
Did not meet early stopping. Best iteration is:
[72]	valid_0's binary_logloss: 0.589602
Training until validation scores don't improve for 50 rounds
Early stopping, best iteration is:
[21]	valid_0's binary_logloss: 0.5754
Training until validation scores don't improve for 50 rounds
Early stopping, best iteration is:
[3]	valid_0's binary_logloss: 0.625731
Training until validation scores don't improve for 50 rounds
Early stopping, best iteration is:
[46]	valid_0's binary_logloss: 0.613334
Training until validation scores don't improve for 50 rounds
Early stopping, best iteration is:
[11]	valid_0's binary_logloss: 0.622449
Training until validation scores don't improve for 50 rounds
Early stopping, best iteration is:
[2]	valid_0's binary_logloss: 0.685521
Training until validation scores don't improve for 50 rounds
Early stopping, best iteration is:
[1]	valid_0's binary_logloss: 0.685521
Training until validation scores don't improve for 50 rounds
Early stopping, best iteration is:
[5]	valid_0's binary_logloss: 0.628927
Training until validation scores don't improve for 50 rounds
Early stopping, best iteration is:
[10]	valid_0's binary_logloss: 0.576254
Training until validation scores don't improve for 50 rounds
Early stopping, best iteration is:
[6]	valid_0's binary_logloss: 0.529948
Training until validation scores don't improve for 50 rounds
Early stopping, best iteration is:
[4]	valid_0's binary_logloss: 0.685521
Training until validation scores don't improve for 50 rounds
[I 2025-09-17 13:15:06,234] Trial 8 finished with value: 0.5 and parameters: {'num_leaves': 293, 'learning_rate': 0.2967892774867587, 'feature_fraction': 0.49796077829616275, 'bagging_fraction': 0.8692916960356409, 'bagging_freq': 6, 'min_child_samples': 97}. Best is trial 6 with value: 0.8234126984126984.
[I 2025-09-17 13:15:06,252] Trial 9 finished with value: 0.8273809523809524 and parameters: {'num_leaves': 286, 'learning_rate': 0.07936626426667957, 'feature_fraction': 0.8493057848187171, 'bagging_fraction': 0.6550193309667367, 'bagging_freq': 6, 'min_child_samples': 24}. Best is trial 9 with value: 0.8273809523809524.
[I 2025-09-17 13:15:06,301] Trial 10 finished with value: 0.6865079365079365 and parameters: {'num_leaves': 300, 'learning_rate': 0.012706658284345404, 'feature_fraction': 0.9894397091323847, 'bagging_fraction': 0.4330275512888717, 'bagging_freq': 5, 'min_child_samples': 10}. Best is trial 9 with value: 0.8273809523809524.
[I 2025-09-17 13:15:06,344] Trial 11 finished with value: 0.7698412698412699 and parameters: {'num_leaves': 130, 'learning_rate': 0.14432785681177657, 'feature_fraction': 0.9161410993609025, 'bagging_fraction': 0.4246735393628591, 'bagging_freq': 4, 'min_child_samples': 6}. Best is trial 9 with value: 0.8273809523809524.
[I 2025-09-17 13:15:06,366] Trial 12 finished with value: 0.8412698412698412 and parameters: {'num_leaves': 184, 'learning_rate': 0.10184444814285275, 'feature_fraction': 0.8459181840071037, 'bagging_fraction': 0.6376275400982, 'bagging_freq': 4, 'min_child_samples': 23}. Best is trial 12 with value: 0.8412698412698412.
[I 2025-09-17 13:15:06,390] Trial 13 finished with value: 0.8452380952380952 and parameters: {'num_leaves': 222, 'learning_rate': 0.09766883990112157, 'feature_fraction': 0.8402259830644726, 'bagging_fraction': 0.7979932246733834, 'bagging_freq': 4, 'min_child_samples': 24}. Best is trial 13 with value: 0.8452380952380952.
[I 2025-09-17 13:15:06,412] Trial 14 finished with value: 0.7956349206349206 and parameters: {'num_leaves': 191, 'learning_rate': 0.11438910569376297, 'feature_fraction': 0.7930756555812161, 'bagging_fraction': 0.7961253167603544, 'bagging_freq': 4, 'min_child_samples': 32}. Best is trial 13 with value: 0.8452380952380952.
[I 2025-09-17 13:15:06,467] Trial 15 finished with value: 0.75 and parameters: {'num_leaves': 240, 'learning_rate': 0.02977242078739213, 'feature_fraction': 0.7121838328611527, 'bagging_fraction': 0.8026196090556602, 'bagging_freq': 3, 'min_child_samples': 17}. Best is trial 13 with value: 0.8452380952380952.
[I 2025-09-17 13:15:06,487] Trial 16 finished with value: 0.7480158730158731 and parameters: {'num_leaves': 232, 'learning_rate': 0.11417261587817112, 'feature_fraction': 0.9237499717239573, 'bagging_fraction': 0.9951449470663316, 'bagging_freq': 5, 'min_child_samples': 45}. Best is trial 13 with value: 0.8452380952380952.
[I 2025-09-17 13:15:06,516] Trial 17 finished with value: 0.7341269841269842 and parameters: {'num_leaves': 101, 'learning_rate': 0.11268948266237391, 'feature_fraction': 0.6343200785345823, 'bagging_fraction': 0.7794001522548736, 'bagging_freq': 2, 'min_child_samples': 22}. Best is trial 13 with value: 0.8452380952380952.
[I 2025-09-17 13:15:06,528] Trial 18 finished with value: 0.5 and parameters: {'num_leaves': 170, 'learning_rate': 0.17368152160508238, 'feature_fraction': 0.8694346925414116, 'bagging_fraction': 0.622957989956826, 'bagging_freq': 5, 'min_child_samples': 65}. Best is trial 13 with value: 0.8452380952380952.
[I 2025-09-17 13:15:06,551] Trial 19 finished with value: 0.8313492063492063 and parameters: {'num_leaves': 174, 'learning_rate': 0.044348070509424235, 'feature_fraction': 0.7654861352582739, 'bagging_fraction': 0.8460679323869733, 'bagging_freq': 4, 'min_child_samples': 37}. Best is trial 13 with value: 0.8452380952380952.
[I 2025-09-17 13:15:06,563] Trial 20 finished with value: 0.5 and parameters: {'num_leaves': 222, 'learning_rate': 0.0841439181716507, 'feature_fraction': 0.9843408575870112, 'bagging_fraction': 0.6857001824160884, 'bagging_freq': 2, 'min_child_samples': 91}. Best is trial 13 with value: 0.8452380952380952.
[I 2025-09-17 13:15:06,585] Trial 21 finished with value: 0.7996031746031746 and parameters: {'num_leaves': 167, 'learning_rate': 0.02315462606386449, 'feature_fraction': 0.7804478679114881, 'bagging_fraction': 0.8248892210723925, 'bagging_freq': 4, 'min_child_samples': 41}. Best is trial 13 with value: 0.8452380952380952.
[I 2025-09-17 13:15:06,608] Trial 22 finished with value: 0.8095238095238094 and parameters: {'num_leaves': 174, 'learning_rate': 0.05787762471306458, 'feature_fraction': 0.7593577231656237, 'bagging_fraction': 0.7459328572726379, 'bagging_freq': 4, 'min_child_samples': 31}. Best is trial 13 with value: 0.8452380952380952.
[I 2025-09-17 13:15:06,662] Trial 23 finished with value: 0.7420634920634921 and parameters: {'num_leaves': 261, 'learning_rate': 0.05046253240470393, 'feature_fraction': 0.8611106345389388, 'bagging_fraction': 0.8448164798589686, 'bagging_freq': 3, 'min_child_samples': 16}. Best is trial 13 with value: 0.8452380952380952.
[I 2025-09-17 13:15:06,692] Trial 24 finished with value: 0.8214285714285714 and parameters: {'num_leaves': 209, 'learning_rate': 0.12419478261426144, 'feature_fraction': 0.6156144155815652, 'bagging_fraction': 0.9464941123760163, 'bagging_freq': 5, 'min_child_samples': 25}. Best is trial 13 with value: 0.8452380952380952.
[I 2025-09-17 13:15:06,712] Trial 25 finished with value: 0.5873015873015873 and parameters: {'num_leaves': 159, 'learning_rate': 0.08503795386845946, 'feature_fraction': 0.9179641183426256, 'bagging_fraction': 0.7652466665250335, 'bagging_freq': 4, 'min_child_samples': 49}. Best is trial 13 with value: 0.8452380952380952.
[I 2025-09-17 13:15:06,740] Trial 26 finished with value: 0.8055555555555556 and parameters: {'num_leaves': 92, 'learning_rate': 0.04143350669845966, 'feature_fraction': 0.7508956510659575, 'bagging_fraction': 0.8680990323831659, 'bagging_freq': 3, 'min_child_samples': 36}. Best is trial 13 with value: 0.8452380952380952.
[I 2025-09-17 13:15:06,756] Trial 27 finished with value: 0.5 and parameters: {'num_leaves': 187, 'learning_rate': 0.09709295728691088, 'feature_fraction': 0.8286214917444327, 'bagging_fraction': 0.6849451678985969, 'bagging_freq': 5, 'min_child_samples': 61}. Best is trial 13 with value: 0.8452380952380952.
[I 2025-09-17 13:15:06,787] Trial 28 finished with value: 0.6468253968253967 and parameters: {'num_leaves': 265, 'learning_rate': 0.13545913954085406, 'feature_fraction': 0.8922348239623898, 'bagging_fraction': 0.49534581271381495, 'bagging_freq': 4, 'min_child_samples': 11}. Best is trial 13 with value: 0.8452380952380952.
[I 2025-09-17 13:15:06,803] Trial 29 finished with value: 0.6150793650793651 and parameters: {'num_leaves': 220, 'learning_rate': 0.17896346120489512, 'feature_fraction': 0.95297404807335, 'bagging_fraction': 0.5961826682033207, 'bagging_freq': 1, 'min_child_samples': 40}. Best is trial 13 with value: 0.8452380952380952.
[I 2025-09-17 13:15:06,831] Trial 30 finished with value: 0.8055555555555556 and parameters: {'num_leaves': 40, 'learning_rate': 0.061320221837572304, 'feature_fraction': 0.6759978452793911, 'bagging_fraction': 0.9069507808585433, 'bagging_freq': 2, 'min_child_samples': 35}. Best is trial 13 with value: 0.8452380952380952.
[I 2025-09-17 13:15:06,858] Trial 31 finished with value: 0.7857142857142857 and parameters: {'num_leaves': 280, 'learning_rate': 0.07353897021329714, 'feature_fraction': 0.8437071916862428, 'bagging_fraction': 0.6588225858101859, 'bagging_freq': 6, 'min_child_samples': 24}. Best is trial 13 with value: 0.8452380952380952.
[I 2025-09-17 13:15:06,877] Trial 32 finished with value: 0.8214285714285715 and parameters: {'num_leaves': 244, 'learning_rate': 0.09937768672763621, 'feature_fraction': 0.8214386634018626, 'bagging_fraction': 0.647923588329882, 'bagging_freq': 5, 'min_child_samples': 27}. Best is trial 13 with value: 0.8452380952380952.
[I 2025-09-17 13:15:06,915] Trial 33 finished with value: 0.7182539682539683 and parameters: {'num_leaves': 152, 'learning_rate': 0.037006122842017326, 'feature_fraction': 0.7465634069688913, 'bagging_fraction': 0.7074908238226495, 'bagging_freq': 3, 'min_child_samples': 21}. Best is trial 13 with value: 0.8452380952380952.
[I 2025-09-17 13:15:06,929] Trial 34 finished with value: 0.5 and parameters: {'num_leaves': 275, 'learning_rate': 0.06611951849181937, 'feature_fraction': 0.8911870318029689, 'bagging_fraction': 0.5871242599800337, 'bagging_freq': 4, 'min_child_samples': 47}. Best is trial 13 with value: 0.8452380952380952.
[I 2025-09-17 13:15:06,950] Trial 35 finished with value: 0.49007936507936506 and parameters: {'num_leaves': 115, 'learning_rate': 0.09362084055913282, 'feature_fraction': 0.7993835487543065, 'bagging_fraction': 0.51784248877722, 'bagging_freq': 4, 'min_child_samples': 38}. Best is trial 13 with value: 0.8452380952380952.
[I 2025-09-17 13:15:06,974] Trial 36 finished with value: 0.8174603174603176 and parameters: {'num_leaves': 215, 'learning_rate': 0.0764285922108791, 'feature_fraction': 0.8648125340480582, 'bagging_fraction': 0.7339367443845681, 'bagging_freq': 6, 'min_child_samples': 30}. Best is trial 13 with value: 0.8452380952380952.
[I 2025-09-17 13:15:07,010] Trial 37 finished with value: 0.7857142857142857 and parameters: {'num_leaves': 182, 'learning_rate': 0.16318332862344048, 'feature_fraction': 0.7366317680645967, 'bagging_fraction': 0.6542235993470893, 'bagging_freq': 5, 'min_child_samples': 13}. Best is trial 13 with value: 0.8452380952380952.
[I 2025-09-17 13:15:07,177] Trial 38 finished with value: 0.8293650793650793 and parameters: {'num_leaves': 141, 'learning_rate': 0.13198267884572132, 'feature_fraction': 0.5570498352203626, 'bagging_fraction': 0.7602397341322384, 'bagging_freq': 7, 'min_child_samples': 5}. Best is trial 13 with value: 0.8452380952380952.
[I 2025-09-17 13:15:07,297] Trial 39 finished with value: 0.8492063492063492 and parameters: {'num_leaves': 77, 'learning_rate': 0.14138722369286452, 'feature_fraction': 0.4134612456406627, 'bagging_fraction': 0.8251212705548376, 'bagging_freq': 7, 'min_child_samples': 5}. Best is trial 39 with value: 0.8492063492063492.
[I 2025-09-17 13:15:07,339] Trial 40 finished with value: 0.8095238095238095 and parameters: {'num_leaves': 38, 'learning_rate': 0.1990019440064562, 'feature_fraction': 0.5360596419306928, 'bagging_fraction': 0.8337289160936874, 'bagging_freq': 7, 'min_child_samples': 19}. Best is trial 39 with value: 0.8492063492063492.
[I 2025-09-17 13:15:07,417] Trial 41 finished with value: 0.7142857142857143 and parameters: {'num_leaves': 79, 'learning_rate': 0.13286027756955504, 'feature_fraction': 0.5829218402074888, 'bagging_fraction': 0.7707134235643551, 'bagging_freq': 7, 'min_child_samples': 7}. Best is trial 39 with value: 0.8492063492063492.
[I 2025-09-17 13:15:07,542] Trial 42 finished with value: 0.8690476190476191 and parameters: {'num_leaves': 142, 'learning_rate': 0.15765378144947373, 'feature_fraction': 0.4347451219098158, 'bagging_fraction': 0.8733940093516194, 'bagging_freq': 7, 'min_child_samples': 5}. Best is trial 42 with value: 0.8690476190476191.
[I 2025-09-17 13:15:07,606] Trial 43 finished with value: 0.8452380952380952 and parameters: {'num_leaves': 62, 'learning_rate': 0.1453896086515971, 'feature_fraction': 0.4219587209659719, 'bagging_fraction': 0.8886072346814772, 'bagging_freq': 6, 'min_child_samples': 13}. Best is trial 42 with value: 0.8690476190476191.
[I 2025-09-17 13:15:07,663] Trial 44 finished with value: 0.8412698412698413 and parameters: {'num_leaves': 68, 'learning_rate': 0.154249344929822, 'feature_fraction': 0.4307463791536884, 'bagging_fraction': 0.9423668239753841, 'bagging_freq': 7, 'min_child_samples': 13}. Best is trial 42 with value: 0.8690476190476191.
[I 2025-09-17 13:15:07,730] Trial 45 finished with value: 0.8333333333333334 and parameters: {'num_leaves': 63, 'learning_rate': 0.1520022623219467, 'feature_fraction': 0.4008244578680882, 'bagging_fraction': 0.9303795800374544, 'bagging_freq': 7, 'min_child_samples': 13}. Best is trial 42 with value: 0.8690476190476191.
[I 2025-09-17 13:15:07,801] Trial 46 finished with value: 0.8095238095238095 and parameters: {'num_leaves': 61, 'learning_rate': 0.19714154574366263, 'feature_fraction': 0.44342643814687666, 'bagging_fraction': 0.9667828485521481, 'bagging_freq': 6, 'min_child_samples': 9}. Best is trial 42 with value: 0.8690476190476191.
[I 2025-09-17 13:15:07,863] Trial 47 finished with value: 0.8333333333333334 and parameters: {'num_leaves': 35, 'learning_rate': 0.1578374271204569, 'feature_fraction': 0.4018191294135463, 'bagging_fraction': 0.8991064132012146, 'bagging_freq': 7, 'min_child_samples': 14}. Best is trial 42 with value: 0.8690476190476191.
[I 2025-09-17 13:15:07,990] Trial 48 finished with value: 0.8968253968253969 and parameters: {'num_leaves': 75, 'learning_rate': 0.18182032600971956, 'feature_fraction': 0.4477220637658868, 'bagging_fraction': 0.8812010697038335, 'bagging_freq': 6, 'min_child_samples': 5}. Best is trial 48 with value: 0.8968253968253969.
