[I 2025-09-17 13:17:45,833] Trial 1 finished with value: 0.8134920634920635 and parameters: {'num_leaves': 120, 'learning_rate': 0.15869815147059593, 'feature_fraction': 0.512664649210062, 'bagging_fraction': 0.4848415500041026, 'bagging_freq': 4, 'min_child_samples': 18}. Best is trial 1 with value: 0.8134920634920635.
[I 2025-09-17 13:17:45,875] Trial 2 finished with value: 0.7817460317460317 and parameters: {'num_leaves': 203, 'learning_rate': 0.09693663934891628, 'feature_fraction': 0.6858556216487679, 'bagging_fraction': 0.863407999587988, 'bagging_freq': 1, 'min_child_samples': 13}. Best is trial 1 with value: 0.8134920634920635.
[I 2025-09-17 13:17:45,888] Trial 3 finished with value: 0.5 and parameters: {'num_leaves': 130, 'learning_rate': 0.057439075115200584, 'feature_fraction': 0.5513967763115084, 'bagging_fraction': 0.4346063568572644, 'bagging_freq': 4, 'min_child_samples': 48}. Best is trial 1 with value: 0.8134920634920635.
[I 2025-09-17 13:17:45,895] Trial 4 finished with value: 0.5 and parameters: {'num_leaves': 18, 'learning_rate': 0.19943068369266165, 'feature_fraction': 0.9289866675041395, 'bagging_fraction': 0.8376444208155427, 'bagging_freq': 7, 'min_child_samples': 95}. Best is trial 1 with value: 0.8134920634920635.
[I 2025-09-17 13:17:45,911] Trial 5 finished with value: 0.8253968253968256 and parameters: {'num_leaves': 129, 'learning_rate': 0.1528008494833815, 'feature_fraction': 0.5810810072679932, 'bagging_fraction': 0.40027896988472433, 'bagging_freq': 6, 'min_child_samples': 24}. Best is trial 5 with value: 0.8253968253968256.
[I 2025-09-17 13:17:45,924] Trial 6 finished with value: 0.5 and parameters: {'num_leaves': 89, 'learning_rate': 0.11854158809384506, 'feature_fraction': 0.882827172564818, 'bagging_fraction': 0.7314350502962246, 'bagging_freq': 5, 'min_child_samples': 71}. Best is trial 5 with value: 0.8253968253968256.
[I 2025-09-17 13:17:45,933] Trial 7 finished with value: 0.5 and parameters: {'num_leaves': 296, 'learning_rate': 0.2472700329102159, 'feature_fraction': 0.6586353838323433, 'bagging_fraction': 0.653076529548918, 'bagging_freq': 7, 'min_child_samples': 92}. Best is trial 5 with value: 0.8253968253968256.
[I 2025-09-17 13:17:45,982] Trial 8 finished with value: 0.861111111111111 and parameters: {'num_leaves': 91, 'learning_rate': 0.17791889324969046, 'feature_fraction': 0.765757268397758, 'bagging_fraction': 0.9238798945494959, 'bagging_freq': 4, 'min_child_samples': 11}. Best is trial 8 with value: 0.861111111111111.
[I 2025-09-17 13:17:45,995] Trial 9 finished with value: 0.6865079365079365 and parameters: {'num_leaves': 184, 'learning_rate': 0.16127778161066364, 'feature_fraction': 0.8041840701076697, 'bagging_fraction': 0.8164829212854792, 'bagging_freq': 5, 'min_child_samples': 57}. Best is trial 8 with value: 0.861111111111111.
[I 2025-09-17 13:17:46,014] Trial 10 finished with value: 0.7976190476190476 and parameters: {'num_leaves': 252, 'learning_rate': 0.2956704558768486, 'feature_fraction': 0.8058847897310095, 'bagging_fraction': 0.9975296634210282, 'bagging_freq': 2, 'min_child_samples': 36}. Best is trial 8 with value: 0.861111111111111.
[I 2025-09-17 13:17:46,186] Trial 11 finished with value: 0.76984126984127 and parameters: {'num_leaves': 78, 'learning_rate': 0.019198051368857355, 'feature_fraction': 0.6562931945980632, 'bagging_fraction': 0.9988652417718835, 'bagging_freq': 3, 'min_child_samples': 5}. Best is trial 8 with value: 0.861111111111111.
[I 2025-09-17 13:17:46,205] Trial 12 finished with value: 0.8174603174603176 and parameters: {'num_leaves': 161, 'learning_rate': 0.2227901487545513, 'feature_fraction': 0.5617245012483706, 'bagging_fraction': 0.5633585714063932, 'bagging_freq': 5, 'min_child_samples': 29}. Best is trial 8 with value: 0.861111111111111.
[I 2025-09-17 13:17:46,231] Trial 13 finished with value: 0.8452380952380953 and parameters: {'num_leaves': 99, 'learning_rate': 0.11350576783471263, 'feature_fraction': 0.7531193517165905, 'bagging_fraction': 0.7110129253914106, 'bagging_freq': 6, 'min_child_samples': 27}. Best is trial 8 with value: 0.861111111111111.
[I 2025-09-17 13:17:46,255] Trial 14 finished with value: 0.7936507936507936 and parameters: {'num_leaves': 16, 'learning_rate': 0.10442357146906027, 'feature_fraction': 0.7692560277981337, 'bagging_fraction': 0.9106902527857795, 'bagging_freq': 3, 'min_child_samples': 38}. Best is trial 8 with value: 0.861111111111111.
[I 2025-09-17 13:17:46,325] Trial 15 finished with value: 0.7896825396825397 and parameters: {'num_leaves': 82, 'learning_rate': 0.07055045163125884, 'feature_fraction': 0.7612063456328393, 'bagging_fraction': 0.7358160659447869, 'bagging_freq': 6, 'min_child_samples': 7}. Best is trial 8 with value: 0.861111111111111.
[I 2025-09-17 13:17:46,337] Trial 16 finished with value: 0.5 and parameters: {'num_leaves': 65, 'learning_rate': 0.13347875036134704, 'feature_fraction': 0.9814703538807594, 'bagging_fraction': 0.6277441823565658, 'bagging_freq': 3, 'min_child_samples': 47}. Best is trial 8 with value: 0.861111111111111.
[I 2025-09-17 13:17:46,358] Trial 17 finished with value: 0.7658730158730158 and parameters: {'num_leaves': 109, 'learning_rate': 0.2535392287611124, 'feature_fraction': 0.8736400781419759, 'bagging_fraction': 0.759150714735288, 'bagging_freq': 6, 'min_child_samples': 23}. Best is trial 8 with value: 0.861111111111111.
[I 2025-09-17 13:17:46,379] Trial 18 finished with value: 0.757936507936508 and parameters: {'num_leaves': 48, 'learning_rate': 0.07105610977405874, 'feature_fraction': 0.40286299005063403, 'bagging_fraction': 0.9517205268109328, 'bagging_freq': 4, 'min_child_samples': 60}. Best is trial 8 with value: 0.861111111111111.
[I 2025-09-17 13:17:46,405] Trial 19 finished with value: 0.7757936507936508 and parameters: {'num_leaves': 160, 'learning_rate': 0.010731733639874563, 'feature_fraction': 0.7195478353285097, 'bagging_fraction': 0.7914184976842565, 'bagging_freq': 2, 'min_child_samples': 34}. Best is trial 8 with value: 0.861111111111111.
[I 2025-09-17 13:17:46,442] Trial 20 finished with value: 0.7499999999999999 and parameters: {'num_leaves': 207, 'learning_rate': 0.1781860129848078, 'feature_fraction': 0.6238139225870035, 'bagging_fraction': 0.8981846647345826, 'bagging_freq': 5, 'min_child_samples': 15}. Best is trial 8 with value: 0.861111111111111.
[I 2025-09-17 13:17:46,464] Trial 21 finished with value: 0.7658730158730159 and parameters: {'num_leaves': 137, 'learning_rate': 0.13592334944515846, 'feature_fraction': 0.6076463728606998, 'bagging_fraction': 0.41168604662964825, 'bagging_freq': 6, 'min_child_samples': 25}. Best is trial 8 with value: 0.861111111111111.
[I 2025-09-17 13:17:46,490] Trial 22 finished with value: 0.7658730158730158 and parameters: {'num_leaves': 105, 'learning_rate': 0.20974376498764088, 'feature_fraction': 0.7397143327843907, 'bagging_fraction': 0.6824536205872087, 'bagging_freq': 6, 'min_child_samples': 20}. Best is trial 8 with value: 0.861111111111111.
[I 2025-09-17 13:17:46,507] Trial 23 finished with value: 0.755952380952381 and parameters: {'num_leaves': 149, 'learning_rate': 0.1477841139299062, 'feature_fraction': 0.8384116519513267, 'bagging_fraction': 0.5439116899151933, 'bagging_freq': 5, 'min_child_samples': 40}. Best is trial 8 with value: 0.861111111111111.
[I 2025-09-17 13:17:46,528] Trial 24 finished with value: 0.8134920634920635 and parameters: {'num_leaves': 106, 'learning_rate': 0.17190062275847612, 'feature_fraction': 0.6983742911341099, 'bagging_fraction': 0.5109741413964544, 'bagging_freq': 6, 'min_child_samples': 29}. Best is trial 8 with value: 0.861111111111111.
[I 2025-09-17 13:17:46,577] Trial 25 finished with value: 0.8055555555555556 and parameters: {'num_leaves': 180, 'learning_rate': 0.09770155537713042, 'feature_fraction': 0.5807180153157474, 'bagging_fraction': 0.6307230978316083, 'bagging_freq': 4, 'min_child_samples': 11}. Best is trial 8 with value: 0.861111111111111.
[I 2025-09-17 13:17:46,589] Trial 26 finished with value: 0.5 and parameters: {'num_leaves': 88, 'learning_rate': 0.1247867252717855, 'feature_fraction': 0.7943484355891782, 'bagging_fraction': 0.4782090943799123, 'bagging_freq': 7, 'min_child_samples': 72}. Best is trial 8 with value: 0.861111111111111.
[I 2025-09-17 13:17:46,609] Trial 27 finished with value: 0.8373015873015873 and parameters: {'num_leaves': 37, 'learning_rate': 0.23297395698629708, 'feature_fraction': 0.6437813486333888, 'bagging_fraction': 0.6894188162430374, 'bagging_freq': 4, 'min_child_samples': 27}. Best is trial 8 with value: 0.861111111111111.
[I 2025-09-17 13:17:46,627] Trial 28 finished with value: 0.6567460317460317 and parameters: {'num_leaves': 36, 'learning_rate': 0.23403437739396996, 'feature_fraction': 0.6458314680305648, 'bagging_fraction': 0.6850718283007045, 'bagging_freq': 3, 'min_child_samples': 47}. Best is trial 8 with value: 0.861111111111111.
[I 2025-09-17 13:17:46,643] Trial 29 finished with value: 0.5 and parameters: {'num_leaves': 41, 'learning_rate': 0.2845621956165174, 'feature_fraction': 0.8525006852307534, 'bagging_fraction': 0.6057507781928275, 'bagging_freq': 4, 'min_child_samples': 84}. Best is trial 8 with value: 0.861111111111111.
[I 2025-09-17 13:17:46,666] Trial 30 finished with value: 0.7817460317460317 and parameters: {'num_leaves': 62, 'learning_rate': 0.2727631640060031, 'feature_fraction': 0.9203758611522443, 'bagging_fraction': 0.7622683115151637, 'bagging_freq': 2, 'min_child_samples': 30}. Best is trial 8 with value: 0.861111111111111.
[I 2025-09-17 13:17:46,690] Trial 31 finished with value: 0.8293650793650793 and parameters: {'num_leaves': 67, 'learning_rate': 0.19288402037293917, 'feature_fraction': 0.4945640838629981, 'bagging_fraction': 0.5838477151430165, 'bagging_freq': 5, 'min_child_samples': 22}. Best is trial 8 with value: 0.861111111111111.
[I 2025-09-17 13:17:46,719] Trial 32 finished with value: 0.8412698412698414 and parameters: {'num_leaves': 29, 'learning_rate': 0.19448682589327765, 'feature_fraction': 0.4668757263836349, 'bagging_fraction': 0.5927256120510778, 'bagging_freq': 4, 'min_child_samples': 17}. Best is trial 8 with value: 0.861111111111111.
[I 2025-09-17 13:17:46,756] Trial 33 finished with value: 0.7777777777777777 and parameters: {'num_leaves': 31, 'learning_rate': 0.21656449387941432, 'feature_fraction': 0.43796931676720685, 'bagging_fraction': 0.7101951811623303, 'bagging_freq': 4, 'min_child_samples': 14}. Best is trial 8 with value: 0.861111111111111.
[I 2025-09-17 13:17:46,805] Trial 34 finished with value: 0.8611111111111112 and parameters: {'num_leaves': 11, 'learning_rate': 0.1881681287522745, 'feature_fraction': 0.5229382159666691, 'bagging_fraction': 0.5433615797032371, 'bagging_freq': 3, 'min_child_samples': 10}. Best is trial 34 with value: 0.8611111111111112.
[I 2025-09-17 13:17:46,846] Trial 35 finished with value: 0.8412698412698412 and parameters: {'num_leaves': 14, 'learning_rate': 0.1848060446190165, 'feature_fraction': 0.5185157847137861, 'bagging_fraction': 0.5217786953343304, 'bagging_freq': 3, 'min_child_samples': 10}. Best is trial 34 with value: 0.8611111111111112.
[I 2025-09-17 13:17:46,890] Trial 36 finished with value: 0.880952380952381 and parameters: {'num_leaves': 57, 'learning_rate': 0.1667220441620954, 'feature_fraction': 0.45118016773560643, 'bagging_fraction': 0.49180162307825936, 'bagging_freq': 1, 'min_child_samples': 18}. Best is trial 36 with value: 0.880952380952381.
[I 2025-09-17 13:17:46,930] Trial 37 finished with value: 0.8412698412698413 and parameters: {'num_leaves': 56, 'learning_rate': 0.16918687923016218, 'feature_fraction': 0.5293044813900841, 'bagging_fraction': 0.47068150385771945, 'bagging_freq': 1, 'min_child_samples': 18}. Best is trial 36 with value: 0.880952380952381.
[I 2025-09-17 13:17:47,019] Trial 38 finished with value: 0.8373015873015872 and parameters: {'num_leaves': 99, 'learning_rate': 0.14707044510622638, 'feature_fraction': 0.45538969599153445, 'bagging_fraction': 0.4566128300138032, 'bagging_freq': 1, 'min_child_samples': 5}. Best is trial 36 with value: 0.880952380952381.
[I 2025-09-17 13:17:47,074] Trial 39 finished with value: 0.7976190476190477 and parameters: {'num_leaves': 124, 'learning_rate': 0.2057892239676741, 'feature_fraction': 0.4311652548021447, 'bagging_fraction': 0.8547424446200372, 'bagging_freq': 2, 'min_child_samples': 14}. Best is trial 36 with value: 0.880952380952381.
[I 2025-09-17 13:17:47,086] Trial 40 finished with value: 0.5 and parameters: {'num_leaves': 76, 'learning_rate': 0.16170437317078948, 'feature_fraction': 0.6939186897993618, 'bagging_fraction': 0.5166078871854223, 'bagging_freq': 1, 'min_child_samples': 42}. Best is trial 36 with value: 0.880952380952381.
[I 2025-09-17 13:17:47,115] Trial 41 finished with value: 0.7896825396825398 and parameters: {'num_leaves': 28, 'learning_rate': 0.19542226727329853, 'feature_fraction': 0.48182211627278815, 'bagging_fraction': 0.5813241470466749, 'bagging_freq': 4, 'min_child_samples': 19}. Best is trial 36 with value: 0.880952380952381.
[I 2025-09-17 13:17:47,155] Trial 42 finished with value: 0.8174603174603174 and parameters: {'num_leaves': 23, 'learning_rate': 0.1872838018462007, 'feature_fraction': 0.4009842126664119, 'bagging_fraction': 0.44363028348887357, 'bagging_freq': 3, 'min_child_samples': 9}. Best is trial 36 with value: 0.880952380952381.
[I 2025-09-17 13:17:47,209] Trial 43 finished with value: 0.7817460317460317 and parameters: {'num_leaves': 48, 'learning_rate': 0.11762930758516238, 'feature_fraction': 0.4729973882496295, 'bagging_fraction': 0.5502747966339343, 'bagging_freq': 2, 'min_child_samples': 14}. Best is trial 36 with value: 0.880952380952381.
[I 2025-09-17 13:17:47,241] Trial 44 finished with value: 0.7857142857142857 and parameters: {'num_leaves': 11, 'learning_rate': 0.153654203528587, 'feature_fraction': 0.5398418952002225, 'bagging_fraction': 0.4958927791353247, 'bagging_freq': 5, 'min_child_samples': 17}. Best is trial 36 with value: 0.880952380952381.
[I 2025-09-17 13:17:47,288] Trial 45 finished with value: 0.8214285714285715 and parameters: {'num_leaves': 53, 'learning_rate': 0.08245208276276048, 'feature_fraction': 0.7401911214667695, 'bagging_fraction': 0.6614348853277251, 'bagging_freq': 4, 'min_child_samples': 10}. Best is trial 36 with value: 0.880952380952381.
[I 2025-09-17 13:17:47,388] Trial 46 finished with value: 0.8571428571428572 and parameters: {'num_leaves': 93, 'learning_rate': 0.175573082124888, 'feature_fraction': 0.4939891979005062, 'bagging_fraction': 0.598883847579296, 'bagging_freq': 3, 'min_child_samples': 5}. Best is trial 36 with value: 0.880952380952381.
[I 2025-09-17 13:17:47,474] Trial 47 finished with value: 0.7817460317460317 and parameters: {'num_leaves': 90, 'learning_rate': 0.11003356010543783, 'feature_fraction': 0.4978133862086125, 'bagging_fraction': 0.5354780254468331, 'bagging_freq': 3, 'min_child_samples': 5}. Best is trial 36 with value: 0.880952380952381.
[I 2025-09-17 13:17:47,502] Trial 48 finished with value: 0.8095238095238095 and parameters: {'num_leaves': 115, 'learning_rate': 0.13570375917942124, 'feature_fraction': 0.5654017764323777, 'bagging_fraction': 0.6269870986420654, 'bagging_freq': 2, 'min_child_samples': 33}. Best is trial 36 with value: 0.880952380952381.
[I 2025-09-17 13:17:47,569] Trial 49 finished with value: 0.7936507936507937 and parameters: {'num_leaves': 140, 'learning_rate': 0.16710223407776112, 'feature_fraction': 0.6048843144827409, 'bagging_fraction': 0.960625842008481, 'bagging_freq': 3, 'min_child_samples': 10}. Best is trial 36 with value: 0.880952380952381.
[I 2025-09-17 13:17:47,981] A new study created in memory with name: no-name-394ff347-dbaa-4912-9048-9e647a1b4cb4
