[I 2025-09-17 13:16:45,086] Trial 29 finished with value: 0.7896825396825397 and parameters: {'num_leaves': 42, 'learning_rate': 0.06460537247484874, 'feature_fraction': 0.9236010266698115, 'bagging_fraction': 0.8217225509565729, 'bagging_freq': 5, 'min_child_samples': 5}. Best is trial 3 with value: 0.8373015873015872.
[I 2025-09-17 13:16:45,125] Trial 30 finished with value: 0.6904761904761905 and parameters: {'num_leaves': 82, 'learning_rate': 0.031987816771963634, 'feature_fraction': 0.6128716288408785, 'bagging_fraction': 0.950859965504451, 'bagging_freq': 6, 'min_child_samples': 33}. Best is trial 3 with value: 0.8373015873015872.
[I 2025-09-17 13:16:45,202] Trial 31 finished with value: 0.7857142857142857 and parameters: {'num_leaves': 40, 'learning_rate': 0.06304489488315133, 'feature_fraction': 0.9071152971935001, 'bagging_fraction': 0.8102479389240872, 'bagging_freq': 5, 'min_child_samples': 7}. Best is trial 3 with value: 0.8373015873015872.
[I 2025-09-17 13:16:45,372] Trial 32 finished with value: 0.7222222222222222 and parameters: {'num_leaves': 55, 'learning_rate': 0.03082655964078109, 'feature_fraction': 0.9282358703883492, 'bagging_fraction': 0.892545623577486, 'bagging_freq': 6, 'min_child_samples': 5}. Best is trial 3 with value: 0.8373015873015872.
[I 2025-09-17 13:16:45,449] Trial 33 finished with value: 0.746031746031746 and parameters: {'num_leaves': 33, 'learning_rate': 0.01183648063701713, 'feature_fraction': 0.97361286632421, 'bagging_fraction': 0.9608831909961584, 'bagging_freq': 4, 'min_child_samples': 12}. Best is trial 3 with value: 0.8373015873015872.
[I 2025-09-17 13:16:45,521] Trial 34 finished with value: 0.7261904761904762 and parameters: {'num_leaves': 171, 'learning_rate': 0.05468564190710774, 'feature_fraction': 0.8369736800017303, 'bagging_fraction': 0.9998282797918417, 'bagging_freq': 5, 'min_child_samples': 11}. Best is trial 3 with value: 0.8373015873015872.
[I 2025-09-17 13:16:45,570] Trial 35 finished with value: 0.7023809523809524 and parameters: {'num_leaves': 146, 'learning_rate': 0.09455189231247012, 'feature_fraction': 0.9336244377925939, 'bagging_fraction': 0.8523914654171553, 'bagging_freq': 7, 'min_child_samples': 20}. Best is trial 3 with value: 0.8373015873015872.
[I 2025-09-17 13:16:45,608] Trial 36 finished with value: 0.6587301587301586 and parameters: {'num_leaves': 206, 'learning_rate': 0.029293342634992496, 'feature_fraction': 0.8648833859852277, 'bagging_fraction': 0.7131071306492364, 'bagging_freq': 6, 'min_child_samples': 25}. Best is trial 3 with value: 0.8373015873015872.
[I 2025-09-17 13:16:45,667] Trial 37 finished with value: 0.753968253968254 and parameters: {'num_leaves': 118, 'learning_rate': 0.04634145439349391, 'feature_fraction': 0.7062011582156202, 'bagging_fraction': 0.914709351198824, 'bagging_freq': 5, 'min_child_samples': 17}. Best is trial 3 with value: 0.8373015873015872.
[I 2025-09-17 13:16:45,714] Trial 38 finished with value: 0.6071428571428571 and parameters: {'num_leaves': 14, 'learning_rate': 0.19881354936585802, 'feature_fraction': 0.4918059707514794, 'bagging_fraction': 0.6084254975772505, 'bagging_freq': 3, 'min_child_samples': 9}. Best is trial 3 with value: 0.8373015873015872.
[I 2025-09-17 13:16:45,794] Trial 39 finished with value: 0.6825396825396826 and parameters: {'num_leaves': 102, 'learning_rate': 0.07174849753437251, 'feature_fraction': 0.9738043657535346, 'bagging_fraction': 0.5506935141936835, 'bagging_freq': 7, 'min_child_samples': 5}. Best is trial 3 with value: 0.8373015873015872.
[I 2025-09-17 13:16:45,812] Trial 40 finished with value: 0.5 and parameters: {'num_leaves': 60, 'learning_rate': 0.02571222415480802, 'feature_fraction': 0.916003695085865, 'bagging_fraction': 0.7846244201841878, 'bagging_freq': 4, 'min_child_samples': 98}. Best is trial 3 with value: 0.8373015873015872.
[I 2025-09-17 13:16:45,892] Trial 41 finished with value: 0.746031746031746 and parameters: {'num_leaves': 36, 'learning_rate': 0.06589397785883747, 'feature_fraction': 0.9531058706682979, 'bagging_fraction': 0.8365706464049351, 'bagging_freq': 5, 'min_child_samples': 10}. Best is trial 3 with value: 0.8373015873015872.
[I 2025-09-17 13:16:45,962] Trial 42 finished with value: 0.753968253968254 and parameters: {'num_leaves': 39, 'learning_rate': 0.05914551929536467, 'feature_fraction': 0.9049453501739887, 'bagging_fraction': 0.8223839727793739, 'bagging_freq': 5, 'min_child_samples': 13}. Best is trial 3 with value: 0.8373015873015872.
[I 2025-09-17 13:16:46,107] Trial 43 finished with value: 0.8015873015873016 and parameters: {'num_leaves': 85, 'learning_rate': 0.08974602579071814, 'feature_fraction': 0.9658809789499035, 'bagging_fraction': 0.8673304434677197, 'bagging_freq': 6, 'min_child_samples': 5}. Best is trial 3 with value: 0.8373015873015872.
[I 2025-09-17 13:16:46,169] Trial 44 finished with value: 0.7063492063492064 and parameters: {'num_leaves': 80, 'learning_rate': 0.0859801909073797, 'feature_fraction': 0.9693930022595567, 'bagging_fraction': 0.9621867677286067, 'bagging_freq': 7, 'min_child_samples': 18}. Best is trial 3 with value: 0.8373015873015872.
[I 2025-09-17 13:16:46,200] Trial 45 finished with value: 0.7619047619047619 and parameters: {'num_leaves': 223, 'learning_rate': 0.1560787366555069, 'feature_fraction': 0.7940783989202276, 'bagging_fraction': 0.8622891013942825, 'bagging_freq': 6, 'min_child_samples': 24}. Best is trial 3 with value: 0.8373015873015872.
[I 2025-09-17 13:16:46,217] Trial 46 finished with value: 0.5 and parameters: {'num_leaves': 123, 'learning_rate': 0.13800386738679893, 'feature_fraction': 0.9993395647468588, 'bagging_fraction': 0.9215733392562964, 'bagging_freq': 6, 'min_child_samples': 67}. Best is trial 3 with value: 0.8373015873015872.
Early stopping, best iteration is:
[22]	valid_0's binary_logloss: 0.132138
Training until validation scores don't improve for 50 rounds
Did not meet early stopping. Best iteration is:
[60]	valid_0's binary_logloss: 0.180837
Training until validation scores don't improve for 50 rounds
Early stopping, best iteration is:
[2]	valid_0's binary_logloss: 0.24493
Training until validation scores don't improve for 50 rounds
Early stopping, best iteration is:
[32]	valid_0's binary_logloss: 0.156664
Training until validation scores don't improve for 50 rounds
Early stopping, best iteration is:
[33]	valid_0's binary_logloss: 0.17592
Training until validation scores don't improve for 50 rounds
Early stopping, best iteration is:
[26]	valid_0's binary_logloss: 0.152987
Training until validation scores don't improve for 50 rounds
Early stopping, best iteration is:
[4]	valid_0's binary_logloss: 0.24493
Training until validation scores don't improve for 50 rounds
Early stopping, best iteration is:
[8]	valid_0's binary_logloss: 0.190121
Training until validation scores don't improve for 50 rounds
Early stopping, best iteration is:
[23]	valid_0's binary_logloss: 0.16719
Training until validation scores don't improve for 50 rounds
Early stopping, best iteration is:
[6]	valid_0's binary_logloss: 0.24493
Training until validation scores don't improve for 50 rounds
Early stopping, best iteration is:
[17]	valid_0's binary_logloss: 0.188421
Training until validation scores don't improve for 50 rounds
Did not meet early stopping. Best iteration is:
[51]	valid_0's binary_logloss: 0.164901
Training model for P094... (normalize_per_user=True)
Training until validation scores don't improve for 50 rounds
Early stopping, best iteration is:
[11]	valid_0's binary_logloss: 0.563572
Training until validation scores don't improve for 50 rounds
Did not meet early stopping. Best iteration is:
[80]	valid_0's binary_logloss: 0.526861
Training until validation scores don't improve for 50 rounds
Early stopping, best iteration is:
[1]	valid_0's binary_logloss: 0.657267
Training until validation scores don't improve for 50 rounds
Did not meet early stopping. Best iteration is:
[98]	valid_0's binary_logloss: 0.476269
Training until validation scores don't improve for 50 rounds
Early stopping, best iteration is:
[42]	valid_0's binary_logloss: 0.655263
Training until validation scores don't improve for 50 rounds
Did not meet early stopping. Best iteration is:
[91]	valid_0's binary_logloss: 0.5177
Training until validation scores don't improve for 50 rounds
Early stopping, best iteration is:
[23]	valid_0's binary_logloss: 0.655533
Training until validation scores don't improve for 50 rounds
Early stopping, best iteration is:
[27]	valid_0's binary_logloss: 0.655533
Training until validation scores don't improve for 50 rounds
Early stopping, best iteration is:
[1]	valid_0's binary_logloss: 0.658076
Training until validation scores don't improve for 50 rounds
Early stopping, best iteration is:
[5]	valid_0's binary_logloss: 0.65251
Training until validation scores don't improve for 50 rounds
Early stopping, best iteration is:
[37]	valid_0's binary_logloss: 0.655533
Training until validation scores don't improve for 50 rounds
Early stopping, best iteration is:
[1]	valid_0's binary_logloss: 0.656989
Training until validation scores don't improve for 50 rounds
Early stopping, best iteration is:
[36]	valid_0's binary_logloss: 0.613687
Training until validation scores don't improve for 50 rounds
Did not meet early stopping. Best iteration is:
[71]	valid_0's binary_logloss: 0.530555
Training until validation scores don't improve for 50 rounds
Early stopping, best iteration is:
[11]	valid_0's binary_logloss: 0.655533
Training until validation scores don't improve for 50 rounds
Did not meet early stopping. Best iteration is:
[75]	valid_0's binary_logloss: 0.600221
Training until validation scores don't improve for 50 rounds
Early stopping, best iteration is:
[2]	valid_0's binary_logloss: 0.655355
Training until validation scores don't improve for 50 rounds
Early stopping, best iteration is:
[3]	valid_0's binary_logloss: 0.651561
Training until validation scores don't improve for 50 rounds
Early stopping, best iteration is:
[1]	valid_0's binary_logloss: 0.655533
Training until validation scores don't improve for 50 rounds
Early stopping, best iteration is:
[8]	valid_0's binary_logloss: 0.592074
Training until validation scores don't improve for 50 rounds
Early stopping, best iteration is:
[2]	valid_0's binary_logloss: 0.658312
Training until validation scores don't improve for 50 rounds
Did not meet early stopping. Best iteration is:
[82]	valid_0's binary_logloss: 0.541954
Training until validation scores don't improve for 50 rounds
Did not meet early stopping. Best iteration is:
[96]	valid_0's binary_logloss: 0.555914
Training until validation scores don't improve for 50 rounds
Early stopping, best iteration is:
[24]	valid_0's binary_logloss: 0.564009
Training until validation scores don't improve for 50 rounds
Early stopping, best iteration is:
[8]	valid_0's binary_logloss: 0.607758
Training until validation scores don't improve for 50 rounds
Early stopping, best iteration is:
[9]	valid_0's binary_logloss: 0.544491
Training until validation scores don't improve for 50 rounds
Early stopping, best iteration is:
[1]	valid_0's binary_logloss: 0.658297
Training until validation scores don't improve for 50 rounds
Early stopping, best iteration is:
[44]	valid_0's binary_logloss: 0.599244
Training until validation scores don't improve for 50 rounds
Early stopping, best iteration is:
[18]	valid_0's binary_logloss: 0.533833
Training until validation scores don't improve for 50 rounds
Early stopping, best iteration is:
[16]	valid_0's binary_logloss: 0.541509
Training until validation scores don't improve for 50 rounds
Early stopping, best iteration is:
[42]	valid_0's binary_logloss: 0.610168
Training until validation scores don't improve for 50 rounds
Early stopping, best iteration is:
[14]	valid_0's binary_logloss: 0.527058
Training until validation scores don't improve for 50 rounds
Did not meet early stopping. Best iteration is:
[72]	valid_0's binary_logloss: 0.578579
Training until validation scores don't improve for 50 rounds
Did not meet early stopping. Best iteration is:
[72]	valid_0's binary_logloss: 0.560679
Training until validation scores don't improve for 50 rounds
Early stopping, best iteration is:
[29]	valid_0's binary_logloss: 0.572075
Training until validation scores don't improve for 50 rounds
Early stopping, best iteration is:
[48]	valid_0's binary_logloss: 0.580615
Training until validation scores don't improve for 50 rounds
Early stopping, best iteration is:
[42]	valid_0's binary_logloss: 0.626058
Training until validation scores don't improve for 50 rounds
Did not meet early stopping. Best iteration is:
[71]	valid_0's binary_logloss: 0.559514
Training until validation scores don't improve for 50 rounds
Early stopping, best iteration is:
[4]	valid_0's binary_logloss: 0.642164
Training until validation scores don't improve for 50 rounds
Early stopping, best iteration is:
[12]	valid_0's binary_logloss: 0.608387
Training until validation scores don't improve for 50 rounds
Early stopping, best iteration is:
[47]	valid_0's binary_logloss: 0.655533
Training until validation scores don't improve for 50 rounds
Early stopping, best iteration is:
[41]	valid_0's binary_logloss: 0.542289
Training until validation scores don't improve for 50 rounds
Did not meet early stopping. Best iteration is:
[62]	valid_0's binary_logloss: 0.558993
Training until validation scores don't improve for 50 rounds
Early stopping, best iteration is:
[30]	valid_0's binary_logloss: 0.5045
Training until validation scores don't improve for 50 rounds
Did not meet early stopping. Best iteration is:
[68]	valid_0's binary_logloss: 0.586555
Training until validation scores don't improve for 50 rounds
Early stopping, best iteration is:
[22]	valid_0's binary_logloss: 0.571732
Training until validation scores don't improve for 50 rounds
Early stopping, best iteration is:
[43]	valid_0's binary_logloss: 0.655533
[I 2025-09-17 13:16:46,259] Trial 47 finished with value: 0.6904761904761905 and parameters: {'num_leaves': 88, 'learning_rate': 0.1025616739987116, 'feature_fraction': 0.9486167966766259, 'bagging_fraction': 0.49486812085118415, 'bagging_freq': 7, 'min_child_samples': 9}. Best is trial 3 with value: 0.8373015873015872.
[I 2025-09-17 13:16:46,412] Trial 48 finished with value: 0.7023809523809524 and parameters: {'num_leaves': 174, 'learning_rate': 0.04590317723670492, 'feature_fraction': 0.5244114304060913, 'bagging_fraction': 0.9665510096253126, 'bagging_freq': 5, 'min_child_samples': 5}. Best is trial 3 with value: 0.8373015873015872.
[I 2025-09-17 13:16:46,431] Trial 49 finished with value: 0.5079365079365079 and parameters: {'num_leaves': 104, 'learning_rate': 0.12482066319756796, 'feature_fraction': 0.40674071078591306, 'bagging_fraction': 0.645237419225729, 'bagging_freq': 3, 'min_child_samples': 44}. Best is trial 3 with value: 0.8373015873015872.
[I 2025-09-17 13:16:47,181] A new study created in memory with name: no-name-17033e73-3318-4674-bcc4-6f566a258910
[I 2025-09-17 13:16:47,217] Trial 0 finished with value: 0.6904761904761905 and parameters: {'num_leaves': 69, 'learning_rate': 0.03320177682242156, 'feature_fraction': 0.62388384812363, 'bagging_fraction': 0.5945404033745348, 'bagging_freq': 2, 'min_child_samples': 21}. Best is trial 0 with value: 0.6904761904761905.
[I 2025-09-17 13:16:47,226] Trial 1 finished with value: 0.5 and parameters: {'num_leaves': 180, 'learning_rate': 0.11057428976370282, 'feature_fraction': 0.8680980566826978, 'bagging_fraction': 0.8452116199966556, 'bagging_freq': 5, 'min_child_samples': 91}. Best is trial 0 with value: 0.6904761904761905.
[I 2025-09-17 13:16:47,233] Trial 2 finished with value: 0.5 and parameters: {'num_leaves': 226, 'learning_rate': 0.08578666063025472, 'feature_fraction': 0.6006771128916131, 'bagging_fraction': 0.4011197492938925, 'bagging_freq': 5, 'min_child_samples': 91}. Best is trial 0 with value: 0.6904761904761905.
[I 2025-09-17 13:16:47,246] Trial 3 finished with value: 0.5 and parameters: {'num_leaves': 250, 'learning_rate': 0.20065524180990746, 'feature_fraction': 0.5699658293297849, 'bagging_fraction': 0.6241047799707158, 'bagging_freq': 2, 'min_child_samples': 89}. Best is trial 0 with value: 0.6904761904761905.
[I 2025-09-17 13:16:47,266] Trial 4 finished with value: 0.5952380952380952 and parameters: {'num_leaves': 74, 'learning_rate': 0.05598758248331291, 'feature_fraction': 0.4810915283348463, 'bagging_fraction': 0.579205157281444, 'bagging_freq': 3, 'min_child_samples': 29}. Best is trial 0 with value: 0.6904761904761905.
[I 2025-09-17 13:16:47,305] Trial 5 finished with value: 0.7698412698412699 and parameters: {'num_leaves': 265, 'learning_rate': 0.2453006130440936, 'feature_fraction': 0.5525523440723213, 'bagging_fraction': 0.8042765201854366, 'bagging_freq': 6, 'min_child_samples': 23}. Best is trial 5 with value: 0.7698412698412699.
[I 2025-09-17 13:16:47,397] Trial 6 finished with value: 0.8134920634920635 and parameters: {'num_leaves': 114, 'learning_rate': 0.21843010730021312, 'feature_fraction': 0.9066566469898242, 'bagging_fraction': 0.7835403983207525, 'bagging_freq': 3, 'min_child_samples': 5}. Best is trial 6 with value: 0.8134920634920635.
[I 2025-09-17 13:16:47,436] Trial 7 finished with value: 0.8214285714285714 and parameters: {'num_leaves': 130, 'learning_rate': 0.24675067505758772, 'feature_fraction': 0.9806545307749118, 'bagging_fraction': 0.6654406493697096, 'bagging_freq': 6, 'min_child_samples': 20}. Best is trial 7 with value: 0.8214285714285714.
[I 2025-09-17 13:16:47,451] Trial 8 finished with value: 0.4166666666666667 and parameters: {'num_leaves': 117, 'learning_rate': 0.2470812372206367, 'feature_fraction': 0.5053752545351226, 'bagging_fraction': 0.9366415934019535, 'bagging_freq': 1, 'min_child_samples': 62}. Best is trial 7 with value: 0.8214285714285714.
[I 2025-09-17 13:16:47,481] Trial 9 finished with value: 0.7619047619047619 and parameters: {'num_leaves': 25, 'learning_rate': 0.10976992400437974, 'feature_fraction': 0.8028517180810306, 'bagging_fraction': 0.40991152860096314, 'bagging_freq': 3, 'min_child_samples': 12}. Best is trial 7 with value: 0.8214285714285714.
[I 2025-09-17 13:16:47,500] Trial 10 finished with value: 0.623015873015873 and parameters: {'num_leaves': 183, 'learning_rate': 0.28759005178353875, 'feature_fraction': 0.9630726362547236, 'bagging_fraction': 0.6901441449507779, 'bagging_freq': 7, 'min_child_samples': 43}. Best is trial 7 with value: 0.8214285714285714.
[I 2025-09-17 13:16:47,587] Trial 11 finished with value: 0.9087301587301586 and parameters: {'num_leaves': 133, 'learning_rate': 0.1749781485461978, 'feature_fraction': 0.9825733605888022, 'bagging_fraction': 0.7784335113479298, 'bagging_freq': 4, 'min_child_samples': 5}. Best is trial 11 with value: 0.9087301587301586.
[I 2025-09-17 13:16:47,611] Trial 12 finished with value: 0.6706349206349207 and parameters: {'num_leaves': 139, 'learning_rate': 0.16132734707172638, 'feature_fraction': 0.7388578669774908, 'bagging_fraction': 0.998107264108621, 'bagging_freq': 5, 'min_child_samples': 42}. Best is trial 11 with value: 0.9087301587301586.
[I 2025-09-17 13:16:47,627] Trial 13 finished with value: 0.5 and parameters: {'num_leaves': 188, 'learning_rate': 0.1621515795810093, 'feature_fraction': 0.9867149964959224, 'bagging_fraction': 0.7400269916733309, 'bagging_freq': 7, 'min_child_samples': 63}. Best is trial 11 with value: 0.9087301587301586.
[I 2025-09-17 13:16:47,650] Trial 14 finished with value: 0.6071428571428571 and parameters: {'num_leaves': 84, 'learning_rate': 0.29047112112957907, 'feature_fraction': 0.8444717669869757, 'bagging_fraction': 0.6788694865300176, 'bagging_freq': 4, 'min_child_samples': 33}. Best is trial 11 with value: 0.9087301587301586.
[I 2025-09-17 13:16:47,739] Trial 15 finished with value: 0.8373015873015872 and parameters: {'num_leaves': 16, 'learning_rate': 0.1962561394490903, 'feature_fraction': 0.7538098538021833, 'bagging_fraction': 0.49238304264099, 'bagging_freq': 6, 'min_child_samples': 5}. Best is trial 11 with value: 0.9087301587301586.
[I 2025-09-17 13:16:47,817] Trial 16 finished with value: 0.7817460317460317 and parameters: {'num_leaves': 21, 'learning_rate': 0.1825290372054778, 'feature_fraction': 0.7169305111449769, 'bagging_fraction': 0.5130846932262638, 'bagging_freq': 4, 'min_child_samples': 6}. Best is trial 11 with value: 0.9087301587301586.
[I 2025-09-17 13:16:47,832] Trial 17 finished with value: 0.5 and parameters: {'num_leaves': 56, 'learning_rate': 0.11751257194608883, 'feature_fraction': 0.7860118274683875, 'bagging_fraction': 0.8751803023368402, 'bagging_freq': 6, 'min_child_samples': 67}. Best is trial 11 with value: 0.9087301587301586.
[I 2025-09-17 13:16:47,878] Trial 18 finished with value: 0.7341269841269841 and parameters: {'num_leaves': 285, 'learning_rate': 0.14048948125584096, 'feature_fraction': 0.4263545002486301, 'bagging_fraction': 0.49752865822233944, 'bagging_freq': 5, 'min_child_samples': 13}. Best is trial 11 with value: 0.9087301587301586.
[I 2025-09-17 13:16:47,889] Trial 19 finished with value: 0.5 and parameters: {'num_leaves': 218, 'learning_rate': 0.20994248966901405, 'feature_fraction': 0.6411410460424862, 'bagging_fraction': 0.47966843125638703, 'bagging_freq': 4, 'min_child_samples': 76}. Best is trial 11 with value: 0.9087301587301586.
[I 2025-09-17 13:16:47,906] Trial 20 finished with value: 0.4583333333333333 and parameters: {'num_leaves': 13, 'learning_rate': 0.18272288480120813, 'feature_fraction': 0.8880282643002959, 'bagging_fraction': 0.742035937012663, 'bagging_freq': 7, 'min_child_samples': 41}. Best is trial 11 with value: 0.9087301587301586.
