[I 2025-09-17 13:17:58,545] Trial 18 finished with value: 0.9017543859649122 and parameters: {'num_leaves': 52, 'learning_rate': 0.19692243646759613, 'feature_fraction': 0.5451073542998282, 'bagging_fraction': 0.909083966769288, 'bagging_freq': 6, 'min_child_samples': 16}. Best is trial 15 with value: 0.9438596491228071.
[I 2025-09-17 13:17:58,559] Trial 19 finished with value: 0.5 and parameters: {'num_leaves': 108, 'learning_rate': 0.02220009291590938, 'feature_fraction': 0.7639374922705446, 'bagging_fraction': 0.9313486472562131, 'bagging_freq': 5, 'min_child_samples': 86}. Best is trial 15 with value: 0.9438596491228071.
[I 2025-09-17 13:17:58,570] Trial 20 finished with value: 0.5 and parameters: {'num_leaves': 150, 'learning_rate': 0.10474530466352103, 'feature_fraction': 0.8408929402960829, 'bagging_fraction': 0.553842946227469, 'bagging_freq': 1, 'min_child_samples': 57}. Best is trial 15 with value: 0.9438596491228071.
[I 2025-09-17 13:17:58,643] Trial 21 finished with value: 0.8947368421052632 and parameters: {'num_leaves': 84, 'learning_rate': 0.14242486205742175, 'feature_fraction': 0.5261681863384833, 'bagging_fraction': 0.9908397897100569, 'bagging_freq': 5, 'min_child_samples': 14}. Best is trial 15 with value: 0.9438596491228071.
[I 2025-09-17 13:17:58,806] Trial 22 finished with value: 0.9087719298245615 and parameters: {'num_leaves': 55, 'learning_rate': 0.13788297441736386, 'feature_fraction': 0.4057778082440292, 'bagging_fraction': 0.9464504161283331, 'bagging_freq': 6, 'min_child_samples': 5}. Best is trial 15 with value: 0.9438596491228071.
[I 2025-09-17 13:17:58,850] Trial 23 finished with value: 0.8912280701754386 and parameters: {'num_leaves': 94, 'learning_rate': 0.06373611558738242, 'feature_fraction': 0.6940527775609822, 'bagging_fraction': 0.9995963874359993, 'bagging_freq': 5, 'min_child_samples': 21}. Best is trial 15 with value: 0.9438596491228071.
[I 2025-09-17 13:17:58,879] Trial 24 finished with value: 0.9157894736842106 and parameters: {'num_leaves': 71, 'learning_rate': 0.12145865732361315, 'feature_fraction': 0.609236412958301, 'bagging_fraction': 0.8607248279195006, 'bagging_freq': 7, 'min_child_samples': 28}. Best is trial 15 with value: 0.9438596491228071.
[I 2025-09-17 13:17:59,033] Trial 25 finished with value: 0.9543859649122807 and parameters: {'num_leaves': 34, 'learning_rate': 0.15854839493226444, 'feature_fraction': 0.5085909383082575, 'bagging_fraction': 0.9211773787167434, 'bagging_freq': 4, 'min_child_samples': 5}. Best is trial 25 with value: 0.9543859649122807.
[I 2025-09-17 13:17:59,051] Trial 26 finished with value: 0.8140350877192981 and parameters: {'num_leaves': 31, 'learning_rate': 0.16116549843726036, 'feature_fraction': 0.5616769623604286, 'bagging_fraction': 0.8021748976178784, 'bagging_freq': 4, 'min_child_samples': 38}. Best is trial 25 with value: 0.9543859649122807.
[I 2025-09-17 13:17:59,095] Trial 27 finished with value: 0.8912280701754387 and parameters: {'num_leaves': 10, 'learning_rate': 0.19519282269397664, 'feature_fraction': 0.49723889294408136, 'bagging_fraction': 0.9097184827778069, 'bagging_freq': 4, 'min_child_samples': 16}. Best is trial 25 with value: 0.9543859649122807.
[I 2025-09-17 13:17:59,143] Trial 28 finished with value: 0.8912280701754386 and parameters: {'num_leaves': 40, 'learning_rate': 0.18102333807457427, 'feature_fraction': 0.6664702900688972, 'bagging_fraction': 0.9435518608055417, 'bagging_freq': 4, 'min_child_samples': 14}. Best is trial 25 with value: 0.9543859649122807.
[I 2025-09-17 13:17:59,191] Trial 29 finished with value: 0.9035087719298246 and parameters: {'num_leaves': 109, 'learning_rate': 0.20739225100509434, 'feature_fraction': 0.5217842597710494, 'bagging_fraction': 0.764645950888865, 'bagging_freq': 6, 'min_child_samples': 12}. Best is trial 25 with value: 0.9543859649122807.
[I 2025-09-17 13:17:59,220] Trial 30 finished with value: 0.8912280701754386 and parameters: {'num_leaves': 142, 'learning_rate': 0.15221386757848912, 'feature_fraction': 0.4613440251112193, 'bagging_fraction': 0.7076187115303071, 'bagging_freq': 3, 'min_child_samples': 22}. Best is trial 25 with value: 0.9543859649122807.
[I 2025-09-17 13:17:59,337] Trial 31 finished with value: 0.9333333333333333 and parameters: {'num_leaves': 67, 'learning_rate': 0.1216651211935826, 'feature_fraction': 0.4300366474482535, 'bagging_fraction': 0.9624683365431842, 'bagging_freq': 5, 'min_child_samples': 8}. Best is trial 25 with value: 0.9543859649122807.
[I 2025-09-17 13:17:59,418] Trial 32 finished with value: 0.9052631578947368 and parameters: {'num_leaves': 60, 'learning_rate': 0.11729866785158595, 'feature_fraction': 0.5742337053280753, 'bagging_fraction': 0.9580227967475472, 'bagging_freq': 5, 'min_child_samples': 12}. Best is trial 25 with value: 0.9543859649122807.
[I 2025-09-17 13:17:59,442] Trial 33 finished with value: 0.8999999999999999 and parameters: {'num_leaves': 36, 'learning_rate': 0.1554316257262775, 'feature_fraction': 0.49488194862110163, 'bagging_fraction': 0.8944632596165754, 'bagging_freq': 6, 'min_child_samples': 30}. Best is trial 25 with value: 0.9543859649122807.
[I 2025-09-17 13:17:59,547] Trial 34 finished with value: 0.9192982456140351 and parameters: {'num_leaves': 104, 'learning_rate': 0.08620712687062866, 'feature_fraction': 0.43419985613553375, 'bagging_fraction': 0.8567773215475333, 'bagging_freq': 4, 'min_child_samples': 9}. Best is trial 25 with value: 0.9543859649122807.
[I 2025-09-17 13:17:59,579] Trial 35 finished with value: 0.9105263157894736 and parameters: {'num_leaves': 66, 'learning_rate': 0.2272862944261243, 'feature_fraction': 0.6471085891572592, 'bagging_fraction': 0.9185876173688955, 'bagging_freq': 3, 'min_child_samples': 19}. Best is trial 25 with value: 0.9543859649122807.
[I 2025-09-17 13:17:59,730] Trial 36 finished with value: 0.9543859649122808 and parameters: {'num_leaves': 25, 'learning_rate': 0.1835481035352256, 'feature_fraction': 0.5033346469887963, 'bagging_fraction': 0.9623584751016494, 'bagging_freq': 5, 'min_child_samples': 5}. Best is trial 36 with value: 0.9543859649122808.
Early stopping, best iteration is:
[28]	valid_0's binary_logloss: 0.311855
Training until validation scores don't improve for 50 rounds
Did not meet early stopping. Best iteration is:
[100]	valid_0's binary_logloss: 0.436763
Training until validation scores don't improve for 50 rounds
Early stopping, best iteration is:
[31]	valid_0's binary_logloss: 0.336197
Training until validation scores don't improve for 50 rounds
Early stopping, best iteration is:
[16]	valid_0's binary_logloss: 0.38131
Training until validation scores don't improve for 50 rounds
Early stopping, best iteration is:
[25]	valid_0's binary_logloss: 0.292953
Training until validation scores don't improve for 50 rounds
Early stopping, best iteration is:
[26]	valid_0's binary_logloss: 0.308418
Training until validation scores don't improve for 50 rounds
Early stopping, best iteration is:
[42]	valid_0's binary_logloss: 0.248526
Training until validation scores don't improve for 50 rounds
Early stopping, best iteration is:
[46]	valid_0's binary_logloss: 0.337275
Training until validation scores don't improve for 50 rounds
Early stopping, best iteration is:
[48]	valid_0's binary_logloss: 0.333729
Training until validation scores don't improve for 50 rounds
Early stopping, best iteration is:
[2]	valid_0's binary_logloss: 0.686352
Training until validation scores don't improve for 50 rounds
Did not meet early stopping. Best iteration is:
[57]	valid_0's binary_logloss: 0.321084
Training until validation scores don't improve for 50 rounds
Did not meet early stopping. Best iteration is:
[70]	valid_0's binary_logloss: 0.472048
Training until validation scores don't improve for 50 rounds
Early stopping, best iteration is:
[7]	valid_0's binary_logloss: 0.686352
Training until validation scores don't improve for 50 rounds
Did not meet early stopping. Best iteration is:
[55]	valid_0's binary_logloss: 0.389339
Training until validation scores don't improve for 50 rounds
Early stopping, best iteration is:
[27]	valid_0's binary_logloss: 0.295427
Training until validation scores don't improve for 50 rounds
Early stopping, best iteration is:
[35]	valid_0's binary_logloss: 0.291242
Training until validation scores don't improve for 50 rounds
Early stopping, best iteration is:
[25]	valid_0's binary_logloss: 0.310277
Training until validation scores don't improve for 50 rounds
Early stopping, best iteration is:
[29]	valid_0's binary_logloss: 0.304363
Training until validation scores don't improve for 50 rounds
Early stopping, best iteration is:
[10]	valid_0's binary_logloss: 0.358992
Training until validation scores don't improve for 50 rounds
Early stopping, best iteration is:
[28]	valid_0's binary_logloss: 0.42331
Training until validation scores don't improve for 50 rounds
Early stopping, best iteration is:
[12]	valid_0's binary_logloss: 0.367788
Training until validation scores don't improve for 50 rounds
Early stopping, best iteration is:
[43]	valid_0's binary_logloss: 0.170266
Training until validation scores don't improve for 50 rounds
Early stopping, best iteration is:
[12]	valid_0's binary_logloss: 0.28842
Training until validation scores don't improve for 50 rounds
Early stopping, best iteration is:
[15]	valid_0's binary_logloss: 0.431368
Training until validation scores don't improve for 50 rounds
Early stopping, best iteration is:
[15]	valid_0's binary_logloss: 0.504005
Training until validation scores don't improve for 50 rounds
Early stopping, best iteration is:
[11]	valid_0's binary_logloss: 0.404436
Training until validation scores don't improve for 50 rounds
Early stopping, best iteration is:
[10]	valid_0's binary_logloss: 0.434053
Training until validation scores don't improve for 50 rounds
Early stopping, best iteration is:
[5]	valid_0's binary_logloss: 0.686352
Training until validation scores don't improve for 50 rounds
Early stopping, best iteration is:
[3]	valid_0's binary_logloss: 0.686352
Training until validation scores don't improve for 50 rounds
Early stopping, best iteration is:
[26]	valid_0's binary_logloss: 0.686352
Training until validation scores don't improve for 50 rounds
Early stopping, best iteration is:
[18]	valid_0's binary_logloss: 0.420793
Training until validation scores don't improve for 50 rounds
Early stopping, best iteration is:
[20]	valid_0's binary_logloss: 0.430543
Training until validation scores don't improve for 50 rounds
Early stopping, best iteration is:
[25]	valid_0's binary_logloss: 0.442403
Training until validation scores don't improve for 50 rounds
Early stopping, best iteration is:
[19]	valid_0's binary_logloss: 0.686352
Training until validation scores don't improve for 50 rounds
Early stopping, best iteration is:
[33]	valid_0's binary_logloss: 0.37435
Training until validation scores don't improve for 50 rounds
Early stopping, best iteration is:
[17]	valid_0's binary_logloss: 0.324887
Training until validation scores don't improve for 50 rounds
Early stopping, best iteration is:
[15]	valid_0's binary_logloss: 0.403662
Training until validation scores don't improve for 50 rounds
Early stopping, best iteration is:
[7]	valid_0's binary_logloss: 0.521825
Training until validation scores don't improve for 50 rounds
Early stopping, best iteration is:
[17]	valid_0's binary_logloss: 0.329211
Training until validation scores don't improve for 50 rounds
Early stopping, best iteration is:
[12]	valid_0's binary_logloss: 0.686352
Training until validation scores don't improve for 50 rounds
Did not meet early stopping. Best iteration is:
[57]	valid_0's binary_logloss: 0.491925
Training until validation scores don't improve for 50 rounds
Early stopping, best iteration is:
[12]	valid_0's binary_logloss: 0.428826
Training until validation scores don't improve for 50 rounds
Early stopping, best iteration is:
[18]	valid_0's binary_logloss: 0.686352
Training until validation scores don't improve for 50 rounds
Early stopping, best iteration is:
[1]	valid_0's binary_logloss: 0.686352
Training until validation scores don't improve for 50 rounds
Early stopping, best iteration is:
[25]	valid_0's binary_logloss: 0.406462
Training until validation scores don't improve for 50 rounds
Early stopping, best iteration is:
[17]	valid_0's binary_logloss: 0.3906
Training until validation scores don't improve for 50 rounds
Early stopping, best iteration is:
[27]	valid_0's binary_logloss: 0.442499
Training until validation scores don't improve for 50 rounds
Early stopping, best iteration is:
[28]	valid_0's binary_logloss: 0.415353
Training until validation scores don't improve for 50 rounds
Early stopping, best iteration is:
[16]	valid_0's binary_logloss: 0.327899
Training until validation scores don't improve for 50 rounds
Early stopping, best iteration is:
[13]	valid_0's binary_logloss: 0.522446
Training until validation scores don't improve for 50 rounds
Early stopping, best iteration is:
[10]	valid_0's binary_logloss: 0.440663
Training until validation scores don't improve for 50 rounds
Early stopping, best iteration is:
[15]	valid_0's binary_logloss: 0.389283
Training until validation scores don't improve for 50 rounds
Early stopping, best iteration is:
[7]	valid_0's binary_logloss: 0.434076
Training until validation scores don't improve for 50 rounds
Early stopping, best iteration is:
[12]	valid_0's binary_logloss: 0.430761
Training until validation scores don't improve for 50 rounds
Early stopping, best iteration is:
[35]	valid_0's binary_logloss: 0.324699
Training until validation scores don't improve for 50 rounds
Early stopping, best iteration is:
[29]	valid_0's binary_logloss: 0.409653
Training until validation scores don't improve for 50 rounds
Early stopping, best iteration is:
[22]	valid_0's binary_logloss: 0.437356
Training until validation scores don't improve for 50 rounds
Early stopping, best iteration is:
[41]	valid_0's binary_logloss: 0.361543
Training until validation scores don't improve for 50 rounds
Early stopping, best iteration is:
[5]	valid_0's binary_logloss: 0.428387
Training until validation scores don't improve for 50 rounds
Early stopping, best iteration is:
[17]	valid_0's binary_logloss: 0.334242
[I 2025-09-17 13:17:59,835] Trial 37 finished with value: 0.8596491228070176 and parameters: {'num_leaves': 22, 'learning_rate': 0.24691943987489706, 'feature_fraction': 0.7283664034496516, 'bagging_fraction': 0.8341584683855694, 'bagging_freq': 7, 'min_child_samples': 5}. Best is trial 36 with value: 0.9543859649122808.
[I 2025-09-17 13:17:59,857] Trial 38 finished with value: 0.8596491228070176 and parameters: {'num_leaves': 42, 'learning_rate': 0.18411716021890806, 'feature_fraction': 0.5098209500660058, 'bagging_fraction': 0.8712968022697958, 'bagging_freq': 6, 'min_child_samples': 34}. Best is trial 36 with value: 0.9543859649122808.
[I 2025-09-17 13:17:59,879] Trial 39 finished with value: 0.8543859649122807 and parameters: {'num_leaves': 164, 'learning_rate': 0.21059000978733866, 'feature_fraction': 0.6213417794261511, 'bagging_fraction': 0.6401602200559757, 'bagging_freq': 2, 'min_child_samples': 26}. Best is trial 36 with value: 0.9543859649122808.
[I 2025-09-17 13:17:59,893] Trial 40 finished with value: 0.5 and parameters: {'num_leaves': 190, 'learning_rate': 0.19258892832542523, 'feature_fraction': 0.47075208987403594, 'bagging_fraction': 0.8819831722566445, 'bagging_freq': 3, 'min_child_samples': 100}. Best is trial 36 with value: 0.9543859649122808.
[I 2025-09-17 13:17:59,985] Trial 41 finished with value: 0.912280701754386 and parameters: {'num_leaves': 46, 'learning_rate': 0.1241334665462359, 'feature_fraction': 0.4367141800038397, 'bagging_fraction': 0.9393153433655453, 'bagging_freq': 5, 'min_child_samples': 10}. Best is trial 36 with value: 0.9543859649122808.
[I 2025-09-17 13:18:00,037] Trial 42 finished with value: 0.9087719298245613 and parameters: {'num_leaves': 25, 'learning_rate': 0.15936409949815297, 'feature_fraction': 0.5393914408346396, 'bagging_fraction': 0.9698050400517308, 'bagging_freq': 4, 'min_child_samples': 17}. Best is trial 36 with value: 0.9543859649122808.
[I 2025-09-17 13:18:00,125] Trial 43 finished with value: 0.9368421052631579 and parameters: {'num_leaves': 75, 'learning_rate': 0.14747445857651612, 'feature_fraction': 0.5784320244340264, 'bagging_fraction': 0.9633243686173609, 'bagging_freq': 5, 'min_child_samples': 10}. Best is trial 36 with value: 0.9543859649122808.
[I 2025-09-17 13:18:00,196] Trial 44 finished with value: 0.9087719298245613 and parameters: {'num_leaves': 12, 'learning_rate': 0.14748935002169442, 'feature_fraction': 0.5811696662703172, 'bagging_fraction': 0.961748036688239, 'bagging_freq': 5, 'min_child_samples': 12}. Best is trial 36 with value: 0.9543859649122808.
[I 2025-09-17 13:18:00,231] Trial 45 finished with value: 0.9052631578947369 and parameters: {'num_leaves': 126, 'learning_rate': 0.17112561434824375, 'feature_fraction': 0.8030286947845364, 'bagging_fraction': 0.9070556307897515, 'bagging_freq': 6, 'min_child_samples': 23}. Best is trial 36 with value: 0.9543859649122808.
[I 2025-09-17 13:18:00,379] Trial 46 finished with value: 0.9438596491228071 and parameters: {'num_leaves': 78, 'learning_rate': 0.10518782163347201, 'feature_fraction': 0.659128263711446, 'bagging_fraction': 0.9955481470714094, 'bagging_freq': 5, 'min_child_samples': 5}. Best is trial 36 with value: 0.9543859649122808.
[I 2025-09-17 13:18:00,407] Trial 47 finished with value: 0.8771929824561404 and parameters: {'num_leaves': 279, 'learning_rate': 0.08298170883919292, 'feature_fraction': 0.7286557851973148, 'bagging_fraction': 0.45794271832469685, 'bagging_freq': 5, 'min_child_samples': 18}. Best is trial 36 with value: 0.9543859649122808.
[I 2025-09-17 13:18:00,500] Trial 48 finished with value: 0.9298245614035088 and parameters: {'num_leaves': 97, 'learning_rate': 0.1059916420874771, 'feature_fraction': 0.6643407653680011, 'bagging_fraction': 0.9959854242966749, 'bagging_freq': 4, 'min_child_samples': 9}. Best is trial 36 with value: 0.9543859649122808.
[I 2025-09-17 13:18:00,516] Trial 49 finished with value: 0.5 and parameters: {'num_leaves': 79, 'learning_rate': 0.050301721642884045, 'feature_fraction': 0.6479402482911298, 'bagging_fraction': 0.9269463953602625, 'bagging_freq': 4, 'min_child_samples': 71}. Best is trial 36 with value: 0.9543859649122808.
[I 2025-09-17 13:18:00,972] A new study created in memory with name: no-name-33f1d463-146e-4f29-b464-acd448cd724c
[I 2025-09-17 13:18:01,042] Trial 0 finished with value: 0.8947368421052633 and parameters: {'num_leaves': 40, 'learning_rate': 0.12701193545926728, 'feature_fraction': 0.7497654491247956, 'bagging_fraction': 0.5919214350749419, 'bagging_freq': 2, 'min_child_samples': 6}. Best is trial 0 with value: 0.8947368421052633.
[I 2025-09-17 13:18:01,056] Trial 1 finished with value: 0.8280701754385965 and parameters: {'num_leaves': 75, 'learning_rate': 0.10349984263452916, 'feature_fraction': 0.7043367862702505, 'bagging_fraction': 0.4581704460690077, 'bagging_freq': 3, 'min_child_samples': 36}. Best is trial 0 with value: 0.8947368421052633.
[I 2025-09-17 13:18:01,064] Trial 2 finished with value: 0.5 and parameters: {'num_leaves': 284, 'learning_rate': 0.08795876111953793, 'feature_fraction': 0.8642174011650061, 'bagging_fraction': 0.9429406535851037, 'bagging_freq': 6, 'min_child_samples': 80}. Best is trial 0 with value: 0.8947368421052633.
[I 2025-09-17 13:18:01,090] Trial 3 finished with value: 0.8771929824561404 and parameters: {'num_leaves': 261, 'learning_rate': 0.19448225617108553, 'feature_fraction': 0.6728962573591399, 'bagging_fraction': 0.9012763430109987, 'bagging_freq': 1, 'min_child_samples': 52}. Best is trial 0 with value: 0.8947368421052633.
[I 2025-09-17 13:18:01,101] Trial 4 finished with value: 0.5 and parameters: {'num_leaves': 184, 'learning_rate': 0.17700341229759675, 'feature_fraction': 0.8138480277040494, 'bagging_fraction': 0.45713619317707277, 'bagging_freq': 6, 'min_child_samples': 43}. Best is trial 0 with value: 0.8947368421052633.
[I 2025-09-17 13:18:01,128] Trial 5 finished with value: 0.8912280701754385 and parameters: {'num_leaves': 171, 'learning_rate': 0.14352618622746763, 'feature_fraction': 0.9847396553838036, 'bagging_fraction': 0.6949916264682738, 'bagging_freq': 1, 'min_child_samples': 29}. Best is trial 0 with value: 0.8947368421052633.
[I 2025-09-17 13:18:01,138] Trial 6 finished with value: 0.5 and parameters: {'num_leaves': 242, 'learning_rate': 0.2418494054108857, 'feature_fraction': 0.8341735627897209, 'bagging_fraction': 0.65158147116234, 'bagging_freq': 3, 'min_child_samples': 66}. Best is trial 0 with value: 0.8947368421052633.
[I 2025-09-17 13:18:01,144] Trial 7 finished with value: 0.5 and parameters: {'num_leaves': 16, 'learning_rate': 0.26347637113572225, 'feature_fraction': 0.4737089050743807, 'bagging_fraction': 0.7494591582592036, 'bagging_freq': 1, 'min_child_samples': 93}. Best is trial 0 with value: 0.8947368421052633.
[I 2025-09-17 13:18:01,154] Trial 8 finished with value: 0.5 and parameters: {'num_leaves': 107, 'learning_rate': 0.15405023987502417, 'feature_fraction': 0.6981679306529864, 'bagging_fraction': 0.40801607436802423, 'bagging_freq': 4, 'min_child_samples': 49}. Best is trial 0 with value: 0.8947368421052633.
[I 2025-09-17 13:18:01,165] Trial 9 finished with value: 0.5 and parameters: {'num_leaves': 122, 'learning_rate': 0.04399569847605997, 'feature_fraction': 0.9788430885128666, 'bagging_fraction': 0.8319457751115784, 'bagging_freq': 7, 'min_child_samples': 80}. Best is trial 0 with value: 0.8947368421052633.
