[I 2025-09-17 13:15:39,944] Trial 5 finished with value: 0.5 and parameters: {'num_leaves': 217, 'learning_rate': 0.2016278640509799, 'feature_fraction': 0.9804828700794546, 'bagging_fraction': 0.8751177870274343, 'bagging_freq': 3, 'min_child_samples': 73}. Best is trial 0 with value: 0.5.
[I 2025-09-17 13:15:39,962] Trial 6 finished with value: 0.7571428571428571 and parameters: {'num_leaves': 237, 'learning_rate': 0.1043837858843728, 'feature_fraction': 0.9581237923303154, 'bagging_fraction': 0.9876637519254633, 'bagging_freq': 4, 'min_child_samples': 42}. Best is trial 6 with value: 0.7571428571428571.
[I 2025-09-17 13:15:39,970] Trial 7 finished with value: 0.5 and parameters: {'num_leaves': 255, 'learning_rate': 0.02402516710900044, 'feature_fraction': 0.9487025580324459, 'bagging_fraction': 0.4055181823255668, 'bagging_freq': 2, 'min_child_samples': 87}. Best is trial 6 with value: 0.7571428571428571.
[I 2025-09-17 13:15:40,004] Trial 8 finished with value: 0.838095238095238 and parameters: {'num_leaves': 19, 'learning_rate': 0.28925739781720305, 'feature_fraction': 0.5710436117509934, 'bagging_fraction': 0.5733886416457347, 'bagging_freq': 4, 'min_child_samples': 11}. Best is trial 8 with value: 0.838095238095238.
[I 2025-09-17 13:15:40,012] Trial 9 finished with value: 0.5 and parameters: {'num_leaves': 273, 'learning_rate': 0.013763122324407562, 'feature_fraction': 0.5686989333523867, 'bagging_fraction': 0.7539293067824797, 'bagging_freq': 5, 'min_child_samples': 50}. Best is trial 8 with value: 0.838095238095238.
[I 2025-09-17 13:15:40,075] Trial 10 finished with value: 0.919047619047619 and parameters: {'num_leaves': 11, 'learning_rate': 0.11252534663179765, 'feature_fraction': 0.623588207069172, 'bagging_fraction': 0.6499836873494528, 'bagging_freq': 7, 'min_child_samples': 10}. Best is trial 10 with value: 0.919047619047619.
[I 2025-09-17 13:15:40,147] Trial 11 finished with value: 0.9333333333333333 and parameters: {'num_leaves': 10, 'learning_rate': 0.11500674271783116, 'feature_fraction': 0.6448250517153495, 'bagging_fraction': 0.6508528671335334, 'bagging_freq': 7, 'min_child_samples': 8}. Best is trial 11 with value: 0.9333333333333333.
[I 2025-09-17 13:15:40,245] Trial 12 finished with value: 0.9380952380952381 and parameters: {'num_leaves': 17, 'learning_rate': 0.11643467552545517, 'feature_fraction': 0.6557940191311289, 'bagging_fraction': 0.6880667394269786, 'bagging_freq': 7, 'min_child_samples': 5}. Best is trial 12 with value: 0.9380952380952381.
[I 2025-09-17 13:15:40,270] Trial 13 finished with value: 0.8714285714285714 and parameters: {'num_leaves': 77, 'learning_rate': 0.12181154225569521, 'feature_fraction': 0.6963481648808671, 'bagging_fraction': 0.729753393649969, 'bagging_freq': 7, 'min_child_samples': 26}. Best is trial 12 with value: 0.9380952380952381.
[I 2025-09-17 13:15:40,317] Trial 14 finished with value: 0.8238095238095239 and parameters: {'num_leaves': 73, 'learning_rate': 0.05964683967436137, 'feature_fraction': 0.4710993790574617, 'bagging_fraction': 0.8519603484575464, 'bagging_freq': 6, 'min_child_samples': 24}. Best is trial 12 with value: 0.9380952380952381.
[I 2025-09-17 13:15:40,342] Trial 15 finished with value: 0.7857142857142856 and parameters: {'num_leaves': 120, 'learning_rate': 0.15021468610418068, 'feature_fraction': 0.6913375788163585, 'bagging_fraction': 0.6530946928556465, 'bagging_freq': 7, 'min_child_samples': 25}. Best is trial 12 with value: 0.9380952380952381.
[I 2025-09-17 13:15:40,460] Trial 16 finished with value: 0.942857142857143 and parameters: {'num_leaves': 37, 'learning_rate': 0.07019449786930958, 'feature_fraction': 0.8018284506494107, 'bagging_fraction': 0.8597157933041982, 'bagging_freq': 6, 'min_child_samples': 6}. Best is trial 16 with value: 0.942857142857143.
[I 2025-09-17 13:15:40,510] Trial 17 finished with value: 0.9238095238095239 and parameters: {'num_leaves': 47, 'learning_rate': 0.07223319949732074, 'feature_fraction': 0.7942767342407306, 'bagging_fraction': 0.9747697138642468, 'bagging_freq': 6, 'min_child_samples': 20}. Best is trial 16 with value: 0.942857142857143.
[I 2025-09-17 13:15:40,537] Trial 18 finished with value: 0.8047619047619048 and parameters: {'num_leaves': 120, 'learning_rate': 0.07624705072305236, 'feature_fraction': 0.7745035648197699, 'bagging_fraction': 0.8364019219517677, 'bagging_freq': 5, 'min_child_samples': 37}. Best is trial 16 with value: 0.942857142857143.
[I 2025-09-17 13:15:40,662] Trial 19 finished with value: 0.9523809523809524 and parameters: {'num_leaves': 173, 'learning_rate': 0.15189724656851572, 'feature_fraction': 0.8753350102846308, 'bagging_fraction': 0.9125682879318439, 'bagging_freq': 6, 'min_child_samples': 6}. Best is trial 19 with value: 0.9523809523809524.
[I 2025-09-17 13:15:40,674] Trial 20 finished with value: 0.5 and parameters: {'num_leaves': 163, 'learning_rate': 0.15516804305511128, 'feature_fraction': 0.8832853875360118, 'bagging_fraction': 0.9279797531925963, 'bagging_freq': 4, 'min_child_samples': 99}. Best is trial 19 with value: 0.9523809523809524.
Training until validation scores don't improve for 50 rounds
Early stopping, best iteration is:
[39]	valid_0's binary_logloss: 0.357306
Training until validation scores don't improve for 50 rounds
Did not meet early stopping. Best iteration is:
[76]	valid_0's binary_logloss: 0.602387
Training until validation scores don't improve for 50 rounds
Early stopping, best iteration is:
[8]	valid_0's binary_logloss: 0.693149
Training until validation scores don't improve for 50 rounds
Did not meet early stopping. Best iteration is:
[78]	valid_0's binary_logloss: 0.453346
Training until validation scores don't improve for 50 rounds
Early stopping, best iteration is:
[2]	valid_0's binary_logloss: 0.693149
Training until validation scores don't improve for 50 rounds
Early stopping, best iteration is:
[32]	valid_0's binary_logloss: 0.529111
Training until validation scores don't improve for 50 rounds
Early stopping, best iteration is:
[36]	valid_0's binary_logloss: 0.479441
Training until validation scores don't improve for 50 rounds
Early stopping, best iteration is:
[45]	valid_0's binary_logloss: 0.473323
Training until validation scores don't improve for 50 rounds
Early stopping, best iteration is:
[20]	valid_0's binary_logloss: 0.424665
Training until validation scores don't improve for 50 rounds
Early stopping, best iteration is:
[13]	valid_0's binary_logloss: 0.3742
Training until validation scores don't improve for 50 rounds
Early stopping, best iteration is:
[27]	valid_0's binary_logloss: 0.476921
Training until validation scores don't improve for 50 rounds
Early stopping, best iteration is:
[22]	valid_0's binary_logloss: 0.369217
Training until validation scores don't improve for 50 rounds
Early stopping, best iteration is:
[48]	valid_0's binary_logloss: 0.530852
Training until validation scores don't improve for 50 rounds
Did not meet early stopping. Best iteration is:
[88]	valid_0's binary_logloss: 0.60486
Training until validation scores don't improve for 50 rounds
Early stopping, best iteration is:
[36]	valid_0's binary_logloss: 0.362203
Training until validation scores don't improve for 50 rounds
Early stopping, best iteration is:
[48]	valid_0's binary_logloss: 0.449498
Training until validation scores don't improve for 50 rounds
Early stopping, best iteration is:
[2]	valid_0's binary_logloss: 0.693149
Training until validation scores don't improve for 50 rounds
Early stopping, best iteration is:
[39]	valid_0's binary_logloss: 0.390632
Training until validation scores don't improve for 50 rounds
Early stopping, best iteration is:
[40]	valid_0's binary_logloss: 0.453916
Training until validation scores don't improve for 50 rounds
Early stopping, best iteration is:
[21]	valid_0's binary_logloss: 0.474665
Training until validation scores don't improve for 50 rounds
Early stopping, best iteration is:
[21]	valid_0's binary_logloss: 0.416904
Training until validation scores don't improve for 50 rounds
Did not meet early stopping. Best iteration is:
[76]	valid_0's binary_logloss: 0.492879
Training until validation scores don't improve for 50 rounds
Did not meet early stopping. Best iteration is:
[88]	valid_0's binary_logloss: 0.42018
Training until validation scores don't improve for 50 rounds
Did not meet early stopping. Best iteration is:
[82]	valid_0's binary_logloss: 0.579269
Training until validation scores don't improve for 50 rounds
Early stopping, best iteration is:
[28]	valid_0's binary_logloss: 0.433199
Training until validation scores don't improve for 50 rounds
Did not meet early stopping. Best iteration is:
[84]	valid_0's binary_logloss: 0.542933
Training until validation scores don't improve for 50 rounds
Early stopping, best iteration is:
[1]	valid_0's binary_logloss: 0.693149
Training until validation scores don't improve for 50 rounds
Early stopping, best iteration is:
[43]	valid_0's binary_logloss: 0.600966
Training until validation scores don't improve for 50 rounds
Early stopping, best iteration is:
[14]	valid_0's binary_logloss: 0.401734
Training until validation scores don't improve for 50 rounds
Did not meet early stopping. Best iteration is:
[59]	valid_0's binary_logloss: 0.433072
Training until validation scores don't improve for 50 rounds
Early stopping, best iteration is:
[8]	valid_0's binary_logloss: 0.465288
Training until validation scores don't improve for 50 rounds
Did not meet early stopping. Best iteration is:
[57]	valid_0's binary_logloss: 0.371861
Training until validation scores don't improve for 50 rounds
Did not meet early stopping. Best iteration is:
[93]	valid_0's binary_logloss: 0.451069
Training until validation scores don't improve for 50 rounds
Early stopping, best iteration is:
[38]	valid_0's binary_logloss: 0.335202
Training until validation scores don't improve for 50 rounds
Did not meet early stopping. Best iteration is:
[92]	valid_0's binary_logloss: 0.518923
Training until validation scores don't improve for 50 rounds
Did not meet early stopping. Best iteration is:
[76]	valid_0's binary_logloss: 0.492379
Training until validation scores don't improve for 50 rounds
Early stopping, best iteration is:
[3]	valid_0's binary_logloss: 0.693149
Training until validation scores don't improve for 50 rounds
Early stopping, best iteration is:
[1]	valid_0's binary_logloss: 0.692701
Training until validation scores don't improve for 50 rounds
Early stopping, best iteration is:
[19]	valid_0's binary_logloss: 0.692701
Training until validation scores don't improve for 50 rounds
Early stopping, best iteration is:
[10]	valid_0's binary_logloss: 0.692701
Training until validation scores don't improve for 50 rounds
Early stopping, best iteration is:
[2]	valid_0's binary_logloss: 0.692701
Training until validation scores don't improve for 50 rounds
Early stopping, best iteration is:
[10]	valid_0's binary_logloss: 0.692701
Training until validation scores don't improve for 50 rounds
Early stopping, best iteration is:
[1]	valid_0's binary_logloss: 0.692701
Training until validation scores don't improve for 50 rounds
Did not meet early stopping. Best iteration is:
[69]	valid_0's binary_logloss: 0.574671
Training until validation scores don't improve for 50 rounds
Early stopping, best iteration is:
[4]	valid_0's binary_logloss: 0.692701
Training until validation scores don't improve for 50 rounds
Early stopping, best iteration is:
[11]	valid_0's binary_logloss: 0.432266
Training until validation scores don't improve for 50 rounds
Early stopping, best iteration is:
[2]	valid_0's binary_logloss: 0.692701
Training until validation scores don't improve for 50 rounds
Did not meet early stopping. Best iteration is:
[66]	valid_0's binary_logloss: 0.394834
Training until validation scores don't improve for 50 rounds
Did not meet early stopping. Best iteration is:
[61]	valid_0's binary_logloss: 0.347358
Training until validation scores don't improve for 50 rounds
Early stopping, best iteration is:
[31]	valid_0's binary_logloss: 0.418678
Training until validation scores don't improve for 50 rounds
Did not meet early stopping. Best iteration is:
[70]	valid_0's binary_logloss: 0.468304
Training until validation scores don't improve for 50 rounds
Did not meet early stopping. Best iteration is:
[91]	valid_0's binary_logloss: 0.523355
Training until validation scores don't improve for 50 rounds
Did not meet early stopping. Best iteration is:
[70]	valid_0's binary_logloss: 0.590575
Training until validation scores don't improve for 50 rounds
Did not meet early stopping. Best iteration is:
[51]	valid_0's binary_logloss: 0.331367
Training until validation scores don't improve for 50 rounds
Did not meet early stopping. Best iteration is:
[59]	valid_0's binary_logloss: 0.435051
Training until validation scores don't improve for 50 rounds
Early stopping, best iteration is:
[46]	valid_0's binary_logloss: 0.559409
Training until validation scores don't improve for 50 rounds
Early stopping, best iteration is:
[41]	valid_0's binary_logloss: 0.270842
Training until validation scores don't improve for 50 rounds
Early stopping, best iteration is:
[5]	valid_0's binary_logloss: 0.692701
Training until validation scores don't improve for 50 rounds[I 2025-09-17 13:15:40,712] Trial 21 finished with value: 0.9238095238095237 and parameters: {'num_leaves': 124, 'learning_rate': 0.1485892129191266, 'feature_fraction': 0.7462740126620736, 'bagging_fraction': 0.9176625085046638, 'bagging_freq': 6, 'min_child_samples': 17}. Best is trial 19 with value: 0.9523809523809524.
[I 2025-09-17 13:15:40,843] Trial 22 finished with value: 0.919047619047619 and parameters: {'num_leaves': 170, 'learning_rate': 0.04626326250804717, 'feature_fraction': 0.8633520631525339, 'bagging_fraction': 0.7929225120449914, 'bagging_freq': 6, 'min_child_samples': 5}. Best is trial 19 with value: 0.9523809523809524.
[I 2025-09-17 13:15:40,865] Trial 23 finished with value: 0.8285714285714285 and parameters: {'num_leaves': 41, 'learning_rate': 0.08973697637318781, 'feature_fraction': 0.7429662872169613, 'bagging_fraction': 0.7043696542444178, 'bagging_freq': 5, 'min_child_samples': 35}. Best is trial 19 with value: 0.9523809523809524.
[I 2025-09-17 13:15:40,913] Trial 24 finished with value: 0.9190476190476191 and parameters: {'num_leaves': 97, 'learning_rate': 0.17877722146212602, 'feature_fraction': 0.9140502777987479, 'bagging_fraction': 0.91184745573899, 'bagging_freq': 7, 'min_child_samples': 16}. Best is trial 19 with value: 0.9523809523809524.
[I 2025-09-17 13:15:40,942] Trial 25 finished with value: 0.8142857142857143 and parameters: {'num_leaves': 194, 'learning_rate': 0.1364417341221313, 'feature_fraction': 0.8307093272092475, 'bagging_fraction': 0.7977617004112906, 'bagging_freq': 1, 'min_child_samples': 31}. Best is trial 19 with value: 0.9523809523809524.
[I 2025-09-17 13:15:40,996] Trial 26 finished with value: 0.9523809523809524 and parameters: {'num_leaves': 42, 'learning_rate': 0.03893839214016031, 'feature_fraction': 0.7293552553820899, 'bagging_fraction': 0.8741362037516744, 'bagging_freq': 6, 'min_child_samples': 14}. Best is trial 19 with value: 0.9523809523809524.
[I 2025-09-17 13:15:41,051] Trial 27 finished with value: 0.9380952380952381 and parameters: {'num_leaves': 50, 'learning_rate': 0.03980912844470952, 'feature_fraction': 0.745962885275281, 'bagging_fraction': 0.955752997218314, 'bagging_freq': 5, 'min_child_samples': 16}. Best is trial 19 with value: 0.9523809523809524.
[I 2025-09-17 13:15:41,121] Trial 28 finished with value: 0.9428571428571428 and parameters: {'num_leaves': 140, 'learning_rate': 0.03239975668032693, 'feature_fraction': 0.8479693972083621, 'bagging_fraction': 0.8760559965278575, 'bagging_freq': 6, 'min_child_samples': 13}. Best is trial 19 with value: 0.9523809523809524.
[I 2025-09-17 13:15:41,149] Trial 29 finished with value: 0.7904761904761904 and parameters: {'num_leaves': 297, 'learning_rate': 0.05501345431732421, 'feature_fraction': 0.40201309620187664, 'bagging_fraction': 0.8269810640669166, 'bagging_freq': 3, 'min_child_samples': 29}. Best is trial 19 with value: 0.9523809523809524.
[I 2025-09-17 13:15:41,195] Trial 30 finished with value: 0.8761904761904762 and parameters: {'num_leaves': 186, 'learning_rate': 0.2649828963270492, 'feature_fraction': 0.4699252473229598, 'bagging_fraction': 0.898744891324657, 'bagging_freq': 6, 'min_child_samples': 22}. Best is trial 19 with value: 0.9523809523809524.
[I 2025-09-17 13:15:41,263] Trial 31 finished with value: 0.9571428571428572 and parameters: {'num_leaves': 137, 'learning_rate': 0.029811371378960477, 'feature_fraction': 0.8413866979687357, 'bagging_fraction': 0.8681622633655408, 'bagging_freq': 6, 'min_child_samples': 12}. Best is trial 31 with value: 0.9571428571428572.
[I 2025-09-17 13:15:41,423] Trial 32 finished with value: 0.9380952380952381 and parameters: {'num_leaves': 102, 'learning_rate': 0.010861588785018084, 'feature_fraction': 0.7996779248336886, 'bagging_fraction': 0.9527947090081101, 'bagging_freq': 5, 'min_child_samples': 5}. Best is trial 31 with value: 0.9571428571428572.
[I 2025-09-17 13:15:41,481] Trial 33 finished with value: 0.9571428571428572 and parameters: {'num_leaves': 143, 'learning_rate': 0.08729953715995738, 'feature_fraction': 0.9215365225828142, 'bagging_fraction': 0.9990061596518934, 'bagging_freq': 6, 'min_child_samples': 12}. Best is trial 31 with value: 0.9571428571428572.
[I 2025-09-17 13:15:41,494] Trial 34 finished with value: 0.5 and parameters: {'num_leaves': 140, 'learning_rate': 0.09005534889257742, 'feature_fraction': 0.9262304987482798, 'bagging_fraction': 0.944512875606425, 'bagging_freq': 6, 'min_child_samples': 61}. Best is trial 31 with value: 0.9571428571428572.
[I 2025-09-17 13:15:41,543] Trial 35 finished with value: 0.9523809523809524 and parameters: {'num_leaves': 186, 'learning_rate': 0.17458010369674903, 'feature_fraction': 0.8823150664553767, 'bagging_fraction': 0.9977026004959154, 'bagging_freq': 5, 'min_child_samples': 13}. Best is trial 31 with value: 0.9571428571428572.
[I 2025-09-17 13:15:41,581] Trial 36 finished with value: 0.8571428571428571 and parameters: {'num_leaves': 209, 'learning_rate': 0.2234165599247625, 'feature_fraction': 0.8392341256217608, 'bagging_fraction': 0.8881915866898039, 'bagging_freq': 4, 'min_child_samples': 20}. Best is trial 31 with value: 0.9571428571428572.
[I 2025-09-17 13:15:41,604] Trial 37 finished with value: 0.7904761904761904 and parameters: {'num_leaves': 144, 'learning_rate': 0.09520791205460025, 'feature_fraction': 0.9999535956825161, 'bagging_fraction': 0.8179597393377945, 'bagging_freq': 5, 'min_child_samples': 40}. Best is trial 31 with value: 0.9571428571428572.
[I 2025-09-17 13:15:41,627] Trial 38 finished with value: 0.8285714285714285 and parameters: {'num_leaves': 96, 'learning_rate': 0.02696791951829744, 'feature_fraction': 0.9334292287905558, 'bagging_fraction': 0.9813510268990153, 'bagging_freq': 6, 'min_child_samples': 55}. Best is trial 31 with value: 0.9571428571428572.
[I 2025-09-17 13:15:41,652] Trial 39 finished with value: 0.7952380952380952 and parameters: {'num_leaves': 151, 'learning_rate': 0.05270510642982704, 'feature_fraction': 0.888588304769634, 'bagging_fraction': 0.7737555501050456, 'bagging_freq': 7, 'min_child_samples': 31}. Best is trial 31 with value: 0.9571428571428572.
[I 2025-09-17 13:15:41,698] Trial 40 finished with value: 0.9571428571428572 and parameters: {'num_leaves': 173, 'learning_rate': 0.20266748548477848, 'feature_fraction': 0.9741397835985252, 'bagging_fraction': 0.9515762223750941, 'bagging_freq': 3, 'min_child_samples': 14}. Best is trial 31 with value: 0.9571428571428572.
[I 2025-09-17 13:15:41,744] Trial 41 finished with value: 0.9714285714285714 and parameters: {'num_leaves': 171, 'learning_rate': 0.2324575658904925, 'feature_fraction': 0.9672201635200497, 'bagging_fraction': 0.9473073779803005, 'bagging_freq': 3, 'min_child_samples': 12}. Best is trial 41 with value: 0.9714285714285714.
[I 2025-09-17 13:15:41,811] Trial 42 finished with value: 0.9285714285714286 and parameters: {'num_leaves': 174, 'learning_rate': 0.22025079120035296, 'feature_fraction': 0.9712184632904209, 'bagging_fraction': 0.9369877002364085, 'bagging_freq': 3, 'min_child_samples': 10}. Best is trial 41 with value: 0.9714285714285714.
[I 2025-09-17 13:15:41,823] Trial 43 finished with value: 0.5 and parameters: {'num_leaves': 228, 'learning_rate': 0.2019659710136277, 'feature_fraction': 0.9980031863937007, 'bagging_fraction': 0.968959192229145, 'bagging_freq': 3, 'min_child_samples': 77}. Best is trial 41 with value: 0.9714285714285714.
[I 2025-09-17 13:15:41,862] Trial 44 finished with value: 0.8904761904761904 and parameters: {'num_leaves': 201, 'learning_rate': 0.24584279794841052, 'feature_fraction': 0.9528791527974378, 'bagging_fraction': 0.9962482731408473, 'bagging_freq': 2, 'min_child_samples': 19}. Best is trial 41 with value: 0.9714285714285714.
[I 2025-09-17 13:15:41,919] Trial 45 finished with value: 0.9666666666666667 and parameters: {'num_leaves': 178, 'learning_rate': 0.1953355880826442, 'feature_fraction': 0.9190133871798225, 'bagging_fraction': 0.9333187540494624, 'bagging_freq': 3, 'min_child_samples': 10}. Best is trial 41 with value: 0.9714285714285714.
[I 2025-09-17 13:15:41,941] Trial 46 finished with value: 0.8142857142857143 and parameters: {'num_leaves': 155, 'learning_rate': 0.19669241678823218, 'feature_fraction': 0.9110629167767232, 'bagging_fraction': 0.9562470196824563, 'bagging_freq': 3, 'min_child_samples': 46}. Best is trial 41 with value: 0.9714285714285714.
