[I 2025-09-17 13:15:41,991] Trial 47 finished with value: 0.9047619047619048 and parameters: {'num_leaves': 127, 'learning_rate': 0.23997929233704718, 'feature_fraction': 0.962182332197222, 'bagging_fraction': 0.5931303769617875, 'bagging_freq': 4, 'min_child_samples': 10}. Best is trial 41 with value: 0.9714285714285714.
[I 2025-09-17 13:15:42,011] Trial 48 finished with value: 0.7976190476190477 and parameters: {'num_leaves': 233, 'learning_rate': 0.1960104884150498, 'feature_fraction': 0.9365227091979734, 'bagging_fraction': 0.43432918981644303, 'bagging_freq': 3, 'min_child_samples': 27}. Best is trial 41 with value: 0.9714285714285714.
[I 2025-09-17 13:15:42,062] Trial 49 finished with value: 0.9714285714285714 and parameters: {'num_leaves': 185, 'learning_rate': 0.27585863870613014, 'feature_fraction': 0.9784792626388246, 'bagging_fraction': 0.9335917018580981, 'bagging_freq': 1, 'min_child_samples': 11}. Best is trial 41 with value: 0.9714285714285714.
[I 2025-09-17 13:15:42,309] A new study created in memory with name: no-name-0c26e965-7e7f-4b14-97d5-fce686f505c2
[I 2025-09-17 13:15:42,320] Trial 0 finished with value: 0.5 and parameters: {'num_leaves': 93, 'learning_rate': 0.1719209934154147, 'feature_fraction': 0.5072409974333536, 'bagging_fraction': 0.5960729726149304, 'bagging_freq': 3, 'min_child_samples': 92}. Best is trial 0 with value: 0.5.
[I 2025-09-17 13:15:42,349] Trial 1 finished with value: 0.9375 and parameters: {'num_leaves': 16, 'learning_rate': 0.2532447267193909, 'feature_fraction': 0.9023753607125652, 'bagging_fraction': 0.6138780620076895, 'bagging_freq': 4, 'min_child_samples': 21}. Best is trial 1 with value: 0.9375.
[I 2025-09-17 13:15:42,369] Trial 2 finished with value: 0.7232142857142857 and parameters: {'num_leaves': 16, 'learning_rate': 0.06283199147540544, 'feature_fraction': 0.6733315971863829, 'bagging_fraction': 0.9202435768953916, 'bagging_freq': 2, 'min_child_samples': 51}. Best is trial 1 with value: 0.9375.
[I 2025-09-17 13:15:42,378] Trial 3 finished with value: 0.5 and parameters: {'num_leaves': 285, 'learning_rate': 0.269985077402448, 'feature_fraction': 0.9686535928619657, 'bagging_fraction': 0.428204909071418, 'bagging_freq': 1, 'min_child_samples': 71}. Best is trial 1 with value: 0.9375.
[I 2025-09-17 13:15:42,383] Trial 4 finished with value: 0.5 and parameters: {'num_leaves': 62, 'learning_rate': 0.10028159561868513, 'feature_fraction': 0.6623944453656085, 'bagging_fraction': 0.9740538290032235, 'bagging_freq': 6, 'min_child_samples': 79}. Best is trial 1 with value: 0.9375.
[I 2025-09-17 13:15:42,412] Trial 5 finished with value: 0.8660714285714285 and parameters: {'num_leaves': 180, 'learning_rate': 0.14002701483829266, 'feature_fraction': 0.6950368921539689, 'bagging_fraction': 0.8898102760269372, 'bagging_freq': 4, 'min_child_samples': 31}. Best is trial 1 with value: 0.9375.
[I 2025-09-17 13:15:42,420] Trial 6 finished with value: 0.5 and parameters: {'num_leaves': 31, 'learning_rate': 0.07418246472775926, 'feature_fraction': 0.8269966342477093, 'bagging_fraction': 0.7086053773947169, 'bagging_freq': 3, 'min_child_samples': 78}. Best is trial 1 with value: 0.9375.
[I 2025-09-17 13:15:42,499] Trial 7 finished with value: 0.9375 and parameters: {'num_leaves': 47, 'learning_rate': 0.07511178025483654, 'feature_fraction': 0.8095337198857373, 'bagging_fraction': 0.4636788791202819, 'bagging_freq': 7, 'min_child_samples': 5}. Best is trial 1 with value: 0.9375.
[I 2025-09-17 13:15:42,507] Trial 8 finished with value: 0.5 and parameters: {'num_leaves': 110, 'learning_rate': 0.05900892312626341, 'feature_fraction': 0.5227182005174769, 'bagging_fraction': 0.8633545606377928, 'bagging_freq': 4, 'min_child_samples': 64}. Best is trial 1 with value: 0.9375.
[I 2025-09-17 13:15:42,611] Trial 9 finished with value: 0.9375 and parameters: {'num_leaves': 57, 'learning_rate': 0.10001570068176997, 'feature_fraction': 0.49007187384452155, 'bagging_fraction': 0.9807461217328378, 'bagging_freq': 6, 'min_child_samples': 9}. Best is trial 1 with value: 0.9375.
[I 2025-09-17 13:15:42,637] Trial 10 finished with value: 0.9151785714285714 and parameters: {'num_leaves': 187, 'learning_rate': 0.2996842796299003, 'feature_fraction': 0.9950050164449334, 'bagging_fraction': 0.7051861141264714, 'bagging_freq': 5, 'min_child_samples': 29}. Best is trial 1 with value: 0.9375.
[I 2025-09-17 13:15:42,683] Trial 11 finished with value: 0.9107142857142857 and parameters: {'num_leaves': 131, 'learning_rate': 0.23035256891138603, 'feature_fraction': 0.8393731009741041, 'bagging_fraction': 0.45760803517285253, 'bagging_freq': 7, 'min_child_samples': 6}. Best is trial 1 with value: 0.9375.
[I 2025-09-17 13:15:42,706] Trial 12 finished with value: 0.7678571428571428 and parameters: {'num_leaves': 245, 'learning_rate': 0.013092548749426197, 'feature_fraction': 0.8477089321144954, 'bagging_fraction': 0.5576704125944609, 'bagging_freq': 7, 'min_child_samples': 32}. Best is trial 1 with value: 0.9375.
[I 2025-09-17 13:15:42,739] Trial 13 finished with value: 0.8616071428571429 and parameters: {'num_leaves': 13, 'learning_rate': 0.20494429056462699, 'feature_fraction': 0.8809437518650358, 'bagging_fraction': 0.5546664433777777, 'bagging_freq': 5, 'min_child_samples': 17}. Best is trial 1 with value: 0.9375.
[I 2025-09-17 13:15:42,752] Trial 14 finished with value: 0.5 and parameters: {'num_leaves': 69, 'learning_rate': 0.15186668896362415, 'feature_fraction': 0.7651788617713084, 'bagging_fraction': 0.6363527369510776, 'bagging_freq': 5, 'min_child_samples': 47}. Best is trial 1 with value: 0.9375.
[I 2025-09-17 13:15:42,788] Trial 15 finished with value: 0.8928571428571429 and parameters: {'num_leaves': 148, 'learning_rate': 0.22888085336310227, 'feature_fraction': 0.9124418692840055, 'bagging_fraction': 0.4919673864756529, 'bagging_freq': 3, 'min_child_samples': 17}. Best is trial 1 with value: 0.9375.
[I 2025-09-17 13:15:42,818] Trial 16 finished with value: 0.7946428571428572 and parameters: {'num_leaves': 92, 'learning_rate': 0.016458186631762045, 'feature_fraction': 0.7462342942812226, 'bagging_fraction': 0.7447639914691931, 'bagging_freq': 6, 'min_child_samples': 39}. Best is trial 1 with value: 0.9375.
[I 2025-09-17 13:15:42,844] Trial 17 finished with value: 0.8125 and parameters: {'num_leaves': 48, 'learning_rate': 0.19188005516868054, 'feature_fraction': 0.4071836000756011, 'bagging_fraction': 0.4054640061196136, 'bagging_freq': 1, 'min_child_samples': 19}. Best is trial 1 with value: 0.9375.
[I 2025-09-17 13:15:42,921] Trial 18 finished with value: 0.8928571428571429 and parameters: {'num_leaves': 196, 'learning_rate': 0.12973306028892262, 'feature_fraction': 0.9216574557696758, 'bagging_fraction': 0.7837407993033899, 'bagging_freq': 2, 'min_child_samples': 7}. Best is trial 1 with value: 0.9375.
[I 2025-09-17 13:15:42,950] Trial 19 finished with value: 0.8883928571428571 and parameters: {'num_leaves': 111, 'learning_rate': 0.2949033290569665, 'feature_fraction': 0.604236174302765, 'bagging_fraction': 0.5079537552567766, 'bagging_freq': 4, 'min_child_samples': 23}. Best is trial 1 with value: 0.9375.
[I 2025-09-17 13:15:42,970] Trial 20 finished with value: 0.6852678571428572 and parameters: {'num_leaves': 40, 'learning_rate': 0.2544364829973252, 'feature_fraction': 0.7626357160350162, 'bagging_fraction': 0.6388308172422649, 'bagging_freq': 7, 'min_child_samples': 42}. Best is trial 1 with value: 0.9375.
[I 2025-09-17 13:15:43,137] Trial 21 finished with value: 0.9107142857142857 and parameters: {'num_leaves': 69, 'learning_rate': 0.10502320724667603, 'feature_fraction': 0.41482410180796714, 'bagging_fraction': 0.8245309526975744, 'bagging_freq': 6, 'min_child_samples': 5}. Best is trial 1 with value: 0.9375.
[I 2025-09-17 13:15:43,179] Trial 22 finished with value: 0.9330357142857143 and parameters: {'num_leaves': 16, 'learning_rate': 0.10631134662309444, 'feature_fraction': 0.795615847350828, 'bagging_fraction': 0.6450175719145433, 'bagging_freq': 6, 'min_child_samples': 15}. Best is trial 1 with value: 0.9375.
[I 2025-09-17 13:15:43,256] Trial 23 finished with value: 0.9375 and parameters: {'num_leaves': 59, 'learning_rate': 0.04080406429147071, 'feature_fraction': 0.6090652230222754, 'bagging_fraction': 0.9963412936535806, 'bagging_freq': 7, 'min_child_samples': 12}. Best is trial 1 with value: 0.9375.
[I 2025-09-17 13:15:43,287] Trial 24 finished with value: 0.8169642857142857 and parameters: {'num_leaves': 83, 'learning_rate': 0.08262505210702518, 'feature_fraction': 0.4807417908357079, 'bagging_fraction': 0.5431907641451498, 'bagging_freq': 5, 'min_child_samples': 24}. Best is trial 1 with value: 0.9375.
[I 2025-09-17 13:15:43,336] Trial 25 finished with value: 0.9285714285714286 and parameters: {'num_leaves': 35, 'learning_rate': 0.04209330180892837, 'feature_fraction': 0.6061042603012268, 'bagging_fraction': 0.4916917978699879, 'bagging_freq': 6, 'min_child_samples': 11}. Best is trial 1 with value: 0.9375.
[I 2025-09-17 13:15:43,359] Trial 26 finished with value: 0.7723214285714286 and parameters: {'num_leaves': 39, 'learning_rate': 0.1152643148691592, 'feature_fraction': 0.9322732175464932, 'bagging_fraction': 0.6023149681116147, 'bagging_freq': 7, 'min_child_samples': 36}. Best is trial 1 with value: 0.9375.
[I 2025-09-17 13:15:43,393] Trial 27 finished with value: 0.8571428571428572 and parameters: {'num_leaves': 119, 'learning_rate': 0.1738667735963802, 'feature_fraction': 0.8778260700514742, 'bagging_fraction': 0.8054953729005352, 'bagging_freq': 5, 'min_child_samples': 25}. Best is trial 1 with value: 0.9375.
[I 2025-09-17 13:15:43,410] Trial 28 finished with value: 0.5 and parameters: {'num_leaves': 157, 'learning_rate': 0.08648596622100901, 'feature_fraction': 0.7172824938089116, 'bagging_fraction': 0.75539624018371, 'bagging_freq': 6, 'min_child_samples': 59}. Best is trial 1 with value: 0.9375.

Early stopping, best iteration is:
[24]	valid_0's binary_logloss: 0.402142
Training until validation scores don't improve for 50 rounds
Did not meet early stopping. Best iteration is:
[76]	valid_0's binary_logloss: 0.364013
Training until validation scores don't improve for 50 rounds
Early stopping, best iteration is:
[44]	valid_0's binary_logloss: 0.556364
Training until validation scores don't improve for 50 rounds
Early stopping, best iteration is:
[31]	valid_0's binary_logloss: 0.395732
Training until validation scores don't improve for 50 rounds
Did not meet early stopping. Best iteration is:
[93]	valid_0's binary_logloss: 0.529744
Training until validation scores don't improve for 50 rounds
Did not meet early stopping. Best iteration is:
[100]	valid_0's binary_logloss: 0.354907
Training until validation scores don't improve for 50 rounds
Did not meet early stopping. Best iteration is:
[100]	valid_0's binary_logloss: 0.371234
Training until validation scores don't improve for 50 rounds
Did not meet early stopping. Best iteration is:
[97]	valid_0's binary_logloss: 0.377261
Training until validation scores don't improve for 50 rounds
Did not meet early stopping. Best iteration is:
[80]	valid_0's binary_logloss: 0.557312
Training until validation scores don't improve for 50 rounds
Did not meet early stopping. Best iteration is:
[59]	valid_0's binary_logloss: 0.44443
Training until validation scores don't improve for 50 rounds
Did not meet early stopping. Best iteration is:
[100]	valid_0's binary_logloss: 0.330399
Training until validation scores don't improve for 50 rounds
Did not meet early stopping. Best iteration is:
[100]	valid_0's binary_logloss: 0.393299
Training until validation scores don't improve for 50 rounds
Early stopping, best iteration is:
[29]	valid_0's binary_logloss: 0.354058
Training until validation scores don't improve for 50 rounds
Early stopping, best iteration is:
[4]	valid_0's binary_logloss: 0.692701
Training until validation scores don't improve for 50 rounds
Early stopping, best iteration is:
[16]	valid_0's binary_logloss: 0.347361
Training until validation scores don't improve for 50 rounds
Early stopping, best iteration is:
[20]	valid_0's binary_logloss: 0.43266
Training until validation scores don't improve for 50 rounds
Early stopping, best iteration is:
[45]	valid_0's binary_logloss: 0.565377
Training until validation scores don't improve for 50 rounds
Did not meet early stopping. Best iteration is:
[100]	valid_0's binary_logloss: 0.572945
Training until validation scores don't improve for 50 rounds
Did not meet early stopping. Best iteration is:
[63]	valid_0's binary_logloss: 0.581743
Training until validation scores don't improve for 50 rounds
Early stopping, best iteration is:
[21]	valid_0's binary_logloss: 0.302846
Training until validation scores don't improve for 50 rounds
Early stopping, best iteration is:
[12]	valid_0's binary_logloss: 0.304515
Training until validation scores don't improve for 50 rounds
Early stopping, best iteration is:
[21]	valid_0's binary_logloss: 0.324524
Training until validation scores don't improve for 50 rounds
Early stopping, best iteration is:
[2]	valid_0's binary_logloss: 0.692701
Training until validation scores don't improve for 50 rounds
Early stopping, best iteration is:
[29]	valid_0's binary_logloss: 0.438769
Training until validation scores don't improve for 50 rounds
Early stopping, best iteration is:
[12]	valid_0's binary_logloss: 0.285064
Training until validation scores don't improve for 50 rounds
Early stopping, best iteration is:
[29]	valid_0's binary_logloss: 0.534806
Training until validation scores don't improve for 50 rounds
Early stopping, best iteration is:
[34]	valid_0's binary_logloss: 0.437196
Training until validation scores don't improve for 50 rounds
Early stopping, best iteration is:
[11]	valid_0's binary_logloss: 0.584105
Training until validation scores don't improve for 50 rounds
Early stopping, best iteration is:
[6]	valid_0's binary_logloss: 0.332214
Training until validation scores don't improve for 50 rounds
Early stopping, best iteration is:
[9]	valid_0's binary_logloss: 0.691035
Training until validation scores don't improve for 50 rounds
Did not meet early stopping. Best iteration is:
[90]	valid_0's binary_logloss: 0.315567
Training until validation scores don't improve for 50 rounds
Did not meet early stopping. Best iteration is:
[84]	valid_0's binary_logloss: 0.600354
Training until validation scores don't improve for 50 rounds
Early stopping, best iteration is:
[7]	valid_0's binary_logloss: 0.691035
Training until validation scores don't improve for 50 rounds
Early stopping, best iteration is:
[1]	valid_0's binary_logloss: 0.691035
Training until validation scores don't improve for 50 rounds
Did not meet early stopping. Best iteration is:
[99]	valid_0's binary_logloss: 0.472835
Training until validation scores don't improve for 50 rounds
Early stopping, best iteration is:
[1]	valid_0's binary_logloss: 0.691035
Training until validation scores don't improve for 50 rounds
Did not meet early stopping. Best iteration is:
[98]	valid_0's binary_logloss: 0.289758
Training until validation scores don't improve for 50 rounds
Early stopping, best iteration is:
[3]	valid_0's binary_logloss: 0.691035
Training until validation scores don't improve for 50 rounds
Early stopping, best iteration is:
[48]	valid_0's binary_logloss: 0.314132
Training until validation scores don't improve for 50 rounds
Did not meet early stopping. Best iteration is:
[97]	valid_0's binary_logloss: 0.394146
Training until validation scores don't improve for 50 rounds
Early stopping, best iteration is:
[12]	valid_0's binary_logloss: 0.374128
Training until validation scores don't improve for 50 rounds
Did not meet early stopping. Best iteration is:
[64]	valid_0's binary_logloss: 0.641156
Training until validation scores don't improve for 50 rounds
Early stopping, best iteration is:
[43]	valid_0's binary_logloss: 0.476556
Training until validation scores don't improve for 50 rounds
Early stopping, best iteration is:
[19]	valid_0's binary_logloss: 0.691035
Training until validation scores don't improve for 50 rounds
Did not meet early stopping. Best iteration is:
[98]	valid_0's binary_logloss: 0.416973
Training until validation scores don't improve for 50 rounds
Did not meet early stopping. Best iteration is:
[99]	valid_0's binary_logloss: 0.607431
Training until validation scores don't improve for 50 rounds
Early stopping, best iteration is:
[11]	valid_0's binary_logloss: 0.581545
Training until validation scores don't improve for 50 rounds
Early stopping, best iteration is:
[21]	valid_0's binary_logloss: 0.378298
Training until validation scores don't improve for 50 rounds
Did not meet early stopping. Best iteration is:
[97]	valid_0's binary_logloss: 0.401266
Training until validation scores don't improve for 50 rounds
Did not meet early stopping. Best iteration is:
[89]	valid_0's binary_logloss: 0.631151
Training until validation scores don't improve for 50 rounds
Did not meet early stopping. Best iteration is:
[72]	valid_0's binary_logloss: 0.352731
Training until validation scores don't improve for 50 rounds
Did not meet early stopping. Best iteration is:
[72]	valid_0's binary_logloss: 0.347433
Training until validation scores don't improve for 50 rounds
Did not meet early stopping. Best iteration is:
[68]	valid_0's binary_logloss: 0.360637
Training until validation scores don't improve for 50 rounds
Did not meet early stopping. Best iteration is:
[90]	valid_0's binary_logloss: 0.545749
Training until validation scores don't improve for 50 rounds
Did not meet early stopping. Best iteration is:
[85]	valid_0's binary_logloss: 0.388098
Training until validation scores don't improve for 50 rounds
Did not meet early stopping. Best iteration is:
[81]	valid_0's binary_logloss: 0.554838
Training until validation scores don't improve for 50 rounds
Did not meet early stopping. Best iteration is:
[100]	valid_0's binary_logloss: 0.47001
Training until validation scores don't improve for 50 rounds
Early stopping, best iteration is:
[44]	valid_0's binary_logloss: 0.691035
[I 2025-09-17 13:15:43,424] Trial 29 finished with value: 0.5 and parameters: {'num_leaves': 85, 'learning_rate': 0.1625237502024385, 'feature_fraction': 0.5135097743105107, 'bagging_fraction': 0.5940964997442543, 'bagging_freq': 4, 'min_child_samples': 100}. Best is trial 1 with value: 0.9375.
[I 2025-09-17 13:15:43,473] Trial 30 finished with value: 0.9285714285714286 and parameters: {'num_leaves': 218, 'learning_rate': 0.12874856866690265, 'feature_fraction': 0.7986105457302858, 'bagging_fraction': 0.6776038894795446, 'bagging_freq': 3, 'min_child_samples': 12}. Best is trial 1 with value: 0.9375.
[I 2025-09-17 13:15:43,551] Trial 31 finished with value: 0.8928571428571428 and parameters: {'num_leaves': 64, 'learning_rate': 0.03581111839622312, 'feature_fraction': 0.5837061545225539, 'bagging_fraction': 0.9775992853373819, 'bagging_freq': 7, 'min_child_samples': 12}. Best is trial 1 with value: 0.9375.
[I 2025-09-17 13:15:43,607] Trial 32 finished with value: 0.8973214285714285 and parameters: {'num_leaves': 55, 'learning_rate': 0.04768852194805828, 'feature_fraction': 0.5755288077921196, 'bagging_fraction': 0.9442380584057709, 'bagging_freq': 7, 'min_child_samples': 20}. Best is trial 1 with value: 0.9375.
[I 2025-09-17 13:15:43,747] Trial 33 finished with value: 0.9241071428571428 and parameters: {'num_leaves': 12, 'learning_rate': 0.030009682853778294, 'feature_fraction': 0.4473000992703165, 'bagging_fraction': 0.9982610092816316, 'bagging_freq': 7, 'min_child_samples': 5}. Best is trial 1 with value: 0.9375.
[I 2025-09-17 13:15:43,815] Trial 34 finished with value: 0.9330357142857143 and parameters: {'num_leaves': 29, 'learning_rate': 0.06330713001309791, 'feature_fraction': 0.6460876341058885, 'bagging_fraction': 0.9193673723854523, 'bagging_freq': 6, 'min_child_samples': 12}. Best is trial 1 with value: 0.9375.
[I 2025-09-17 13:15:43,845] Trial 35 finished with value: 0.8392857142857143 and parameters: {'num_leaves': 293, 'learning_rate': 0.08815598574330892, 'feature_fraction': 0.5468255369681526, 'bagging_fraction': 0.8442892064885725, 'bagging_freq': 7, 'min_child_samples': 27}. Best is trial 1 with value: 0.9375.
[I 2025-09-17 13:15:43,940] Trial 36 finished with value: 0.8839285714285714 and parameters: {'num_leaves': 73, 'learning_rate': 0.06644772949052263, 'feature_fraction': 0.6351169745754146, 'bagging_fraction': 0.9121817095370947, 'bagging_freq': 4, 'min_child_samples': 10}. Best is trial 1 with value: 0.9375.
[I 2025-09-17 13:15:43,969] Trial 37 finished with value: 0.7723214285714286 and parameters: {'num_leaves': 101, 'learning_rate': 0.053393231275958554, 'feature_fraction': 0.7009819337312547, 'bagging_fraction': 0.951438947560296, 'bagging_freq': 2, 'min_child_samples': 52}. Best is trial 1 with value: 0.9375.
[I 2025-09-17 13:15:44,023] Trial 38 finished with value: 0.9151785714285714 and parameters: {'num_leaves': 56, 'learning_rate': 0.027580087264263177, 'feature_fraction': 0.4741957029228626, 'bagging_fraction': 0.8841839980032653, 'bagging_freq': 5, 'min_child_samples': 20}. Best is trial 1 with value: 0.9375.
[I 2025-09-17 13:15:44,040] Trial 39 finished with value: 0.5 and parameters: {'num_leaves': 30, 'learning_rate': 0.09373877035037273, 'feature_fraction': 0.9745410814172129, 'bagging_fraction': 0.43285693285243965, 'bagging_freq': 6, 'min_child_samples': 85}. Best is trial 1 with value: 0.9375.
[I 2025-09-17 13:15:44,072] Trial 40 finished with value: 0.8080357142857143 and parameters: {'num_leaves': 134, 'learning_rate': 0.11904320175026925, 'feature_fraction': 0.5409282940674898, 'bagging_fraction': 0.9969067510390871, 'bagging_freq': 7, 'min_child_samples': 34}. Best is trial 1 with value: 0.9375.
