[I 2025-09-17 13:18:28,969] Trial 25 finished with value: 0.8006993006993006 and parameters: {'num_leaves': 145, 'learning_rate': 0.23105259550079504, 'feature_fraction': 0.6278085708551483, 'bagging_fraction': 0.9471102133734929, 'bagging_freq': 1, 'min_child_samples': 39}. Best is trial 24 with value: 0.9195804195804196.
Training until validation scores don't improve for 50 rounds
Early stopping, best iteration is:
[16]	valid_0's binary_logloss: 0.455811
Training until validation scores don't improve for 50 rounds
Early stopping, best iteration is:
[1]	valid_0's binary_logloss: 0.691035
Training until validation scores don't improve for 50 rounds
Early stopping, best iteration is:
[8]	valid_0's binary_logloss: 0.46797
Training until validation scores don't improve for 50 rounds
Early stopping, best iteration is:
[5]	valid_0's binary_logloss: 0.484947
Training until validation scores don't improve for 50 rounds
Did not meet early stopping. Best iteration is:
[58]	valid_0's binary_logloss: 0.500628
Training until validation scores don't improve for 50 rounds
Early stopping, best iteration is:
[12]	valid_0's binary_logloss: 0.482206
Training until validation scores don't improve for 50 rounds
Early stopping, best iteration is:
[23]	valid_0's binary_logloss: 0.533343
Training until validation scores don't improve for 50 rounds
Early stopping, best iteration is:
[7]	valid_0's binary_logloss: 0.458373
Training until validation scores don't improve for 50 rounds
Early stopping, best iteration is:
[38]	valid_0's binary_logloss: 0.528377
Training until validation scores don't improve for 50 rounds
Did not meet early stopping. Best iteration is:
[69]	valid_0's binary_logloss: 0.486892
Training until validation scores don't improve for 50 rounds
Early stopping, best iteration is:
[19]	valid_0's binary_logloss: 0.691035
Training until validation scores don't improve for 50 rounds
Early stopping, best iteration is:
[13]	valid_0's binary_logloss: 0.484945
Training until validation scores don't improve for 50 rounds
Early stopping, best iteration is:
[11]	valid_0's binary_logloss: 0.41613
Training until validation scores don't improve for 50 rounds
Early stopping, best iteration is:
[5]	valid_0's binary_logloss: 0.463207
Training until validation scores don't improve for 50 rounds
Early stopping, best iteration is:
[7]	valid_0's binary_logloss: 0.490341
Training until validation scores don't improve for 50 rounds
Early stopping, best iteration is:
[34]	valid_0's binary_logloss: 0.538167
Training until validation scores don't improve for 50 rounds
Early stopping, best iteration is:
[39]	valid_0's binary_logloss: 0.52004
Training until validation scores don't improve for 50 rounds
Did not meet early stopping. Best iteration is:
[100]	valid_0's binary_logloss: 0.48358
Training until validation scores don't improve for 50 rounds
Early stopping, best iteration is:
[1]	valid_0's binary_logloss: 0.691035
Training until validation scores don't improve for 50 rounds
Did not meet early stopping. Best iteration is:
[83]	valid_0's binary_logloss: 0.466267
Training until validation scores don't improve for 50 rounds
Early stopping, best iteration is:
[23]	valid_0's binary_logloss: 0.691035
Training until validation scores don't improve for 50 rounds
Early stopping, best iteration is:
[6]	valid_0's binary_logloss: 0.493987
Training until validation scores don't improve for 50 rounds
Early stopping, best iteration is:
[9]	valid_0's binary_logloss: 0.485787
Training until validation scores don't improve for 50 rounds
Did not meet early stopping. Best iteration is:
[53]	valid_0's binary_logloss: 0.526973
Training until validation scores don't improve for 50 rounds
Early stopping, best iteration is:
[10]	valid_0's binary_logloss: 0.495357
Training until validation scores don't improve for 50 rounds
Early stopping, best iteration is:
[12]	valid_0's binary_logloss: 0.454856
Training until validation scores don't improve for 50 rounds
Did not meet early stopping. Best iteration is:
[78]	valid_0's binary_logloss: 0.539571
Training until validation scores don't improve for 50 rounds
Did not meet early stopping. Best iteration is:
[51]	valid_0's binary_logloss: 0.691035
Training until validation scores don't improve for 50 rounds
Did not meet early stopping. Best iteration is:
[56]	valid_0's binary_logloss: 0.473108
Training until validation scores don't improve for 50 rounds
Early stopping, best iteration is:
[6]	valid_0's binary_logloss: 0.453347
Training until validation scores don't improve for 50 rounds
Did not meet early stopping. Best iteration is:
[75]	valid_0's binary_logloss: 0.614488
Training model for P050... (normalize_per_user=True)
Training until validation scores don't improve for 50 rounds
Early stopping, best iteration is:
[10]	valid_0's binary_logloss: 0.659919
Training until validation scores don't improve for 50 rounds
Early stopping, best iteration is:
[2]	valid_0's binary_logloss: 0.659919
Training until validation scores don't improve for 50 rounds
Early stopping, best iteration is:
[2]	valid_0's binary_logloss: 0.659919
Training until validation scores don't improve for 50 rounds
Early stopping, best iteration is:
[1]	valid_0's binary_logloss: 0.659919
Training until validation scores don't improve for 50 rounds
Early stopping, best iteration is:
[2]	valid_0's binary_logloss: 0.659919
Training until validation scores don't improve for 50 rounds
Did not meet early stopping. Best iteration is:
[100]	valid_0's binary_logloss: 0.518485
Training until validation scores don't improve for 50 rounds
Early stopping, best iteration is:
[10]	valid_0's binary_logloss: 0.512943
Training until validation scores don't improve for 50 rounds
Early stopping, best iteration is:
[3]	valid_0's binary_logloss: 0.659919
Training until validation scores don't improve for 50 rounds
Early stopping, best iteration is:
[1]	valid_0's binary_logloss: 0.659919
Training until validation scores don't improve for 50 rounds
Early stopping, best iteration is:
[2]	valid_0's binary_logloss: 0.659919
Training until validation scores don't improve for 50 rounds
Did not meet early stopping. Best iteration is:
[57]	valid_0's binary_logloss: 0.459763
Training until validation scores don't improve for 50 rounds
Did not meet early stopping. Best iteration is:
[85]	valid_0's binary_logloss: 0.422689
Training until validation scores don't improve for 50 rounds
Did not meet early stopping. Best iteration is:
[65]	valid_0's binary_logloss: 0.459252
Training until validation scores don't improve for 50 rounds
Did not meet early stopping. Best iteration is:
[72]	valid_0's binary_logloss: 0.445554
Training until validation scores don't improve for 50 rounds
Did not meet early stopping. Best iteration is:
[99]	valid_0's binary_logloss: 0.582514
Training until validation scores don't improve for 50 rounds
Did not meet early stopping. Best iteration is:
[90]	valid_0's binary_logloss: 0.471385
Training until validation scores don't improve for 50 rounds
Did not meet early stopping. Best iteration is:
[58]	valid_0's binary_logloss: 0.524998
Training until validation scores don't improve for 50 rounds
Early stopping, best iteration is:
[33]	valid_0's binary_logloss: 0.469101
Training until validation scores don't improve for 50 rounds
Early stopping, best iteration is:
[10]	valid_0's binary_logloss: 0.611793
Training until validation scores don't improve for 50 rounds
Early stopping, best iteration is:
[5]	valid_0's binary_logloss: 0.660371
Training until validation scores don't improve for 50 rounds
Did not meet early stopping. Best iteration is:
[67]	valid_0's binary_logloss: 0.436698
Training until validation scores don't improve for 50 rounds
Did not meet early stopping. Best iteration is:
[59]	valid_0's binary_logloss: 0.471132
Training until validation scores don't improve for 50 rounds
Did not meet early stopping. Best iteration is:
[98]	valid_0's binary_logloss: 0.410657
Training until validation scores don't improve for 50 rounds
Early stopping, best iteration is:
[1]	valid_0's binary_logloss: 0.650259
Training until validation scores don't improve for 50 rounds
Did not meet early stopping. Best iteration is:
[59]	valid_0's binary_logloss: 0.385233
Training until validation scores don't improve for 50 rounds
Did not meet early stopping. Best iteration is:
[71]	valid_0's binary_logloss: 0.511649
Training until validation scores don't improve for 50 rounds
[I 2025-09-17 13:18:29,011] Trial 26 finished with value: 0.8741258741258742 and parameters: {'num_leaves': 94, 'learning_rate': 0.23849999879090417, 'feature_fraction': 0.5674430885343503, 'bagging_fraction': 0.8714577007636517, 'bagging_freq': 1, 'min_child_samples': 30}. Best is trial 24 with value: 0.9195804195804196.
[I 2025-09-17 13:18:29,034] Trial 27 finished with value: 0.7552447552447552 and parameters: {'num_leaves': 44, 'learning_rate': 0.22007566381637356, 'feature_fraction': 0.45566561138622175, 'bagging_fraction': 0.9429013130388355, 'bagging_freq': 2, 'min_child_samples': 45}. Best is trial 24 with value: 0.9195804195804196.
[I 2025-09-17 13:18:29,110] Trial 28 finished with value: 0.8111888111888113 and parameters: {'num_leaves': 136, 'learning_rate': 0.18259225956520825, 'feature_fraction': 0.4024378108103108, 'bagging_fraction': 0.743670698792827, 'bagging_freq': 1, 'min_child_samples': 10}. Best is trial 24 with value: 0.9195804195804196.
[I 2025-09-17 13:18:29,146] Trial 29 finished with value: 0.9125874125874126 and parameters: {'num_leaves': 105, 'learning_rate': 0.2533169698207155, 'feature_fraction': 0.6442503170742433, 'bagging_fraction': 0.9131835473528215, 'bagging_freq': 2, 'min_child_samples': 30}. Best is trial 24 with value: 0.9195804195804196.
[I 2025-09-17 13:18:29,186] Trial 30 finished with value: 0.8916083916083916 and parameters: {'num_leaves': 116, 'learning_rate': 0.2592860360644522, 'feature_fraction': 0.6643206746772363, 'bagging_fraction': 0.9100610388767806, 'bagging_freq': 2, 'min_child_samples': 30}. Best is trial 24 with value: 0.9195804195804196.
[I 2025-09-17 13:18:29,219] Trial 31 finished with value: 0.9335664335664335 and parameters: {'num_leaves': 113, 'learning_rate': 0.2572866669871437, 'feature_fraction': 0.6737172562463768, 'bagging_fraction': 0.9124589071750281, 'bagging_freq': 2, 'min_child_samples': 30}. Best is trial 31 with value: 0.9335664335664335.
[I 2025-09-17 13:18:29,250] Trial 32 finished with value: 0.8601398601398601 and parameters: {'num_leaves': 95, 'learning_rate': 0.25977722395651864, 'feature_fraction': 0.7341250325243951, 'bagging_fraction': 0.9473292652090407, 'bagging_freq': 1, 'min_child_samples': 42}. Best is trial 31 with value: 0.9335664335664335.
[I 2025-09-17 13:18:29,271] Trial 33 finished with value: 0.7132867132867133 and parameters: {'num_leaves': 122, 'learning_rate': 0.2739902035198736, 'feature_fraction': 0.6848119131352172, 'bagging_fraction': 0.8560782663042387, 'bagging_freq': 2, 'min_child_samples': 49}. Best is trial 31 with value: 0.9335664335664335.
[I 2025-09-17 13:18:29,306] Trial 34 finished with value: 0.8531468531468531 and parameters: {'num_leaves': 175, 'learning_rate': 0.2407776283451074, 'feature_fraction': 0.6143901884763089, 'bagging_fraction': 0.9013448380449693, 'bagging_freq': 1, 'min_child_samples': 31}. Best is trial 31 with value: 0.9335664335664335.
[I 2025-09-17 13:18:29,331] Trial 35 finished with value: 0.8076923076923077 and parameters: {'num_leaves': 147, 'learning_rate': 0.29086427622490657, 'feature_fraction': 0.7283417600265916, 'bagging_fraction': 0.9529314504771322, 'bagging_freq': 2, 'min_child_samples': 49}. Best is trial 31 with value: 0.9335664335664335.
[I 2025-09-17 13:18:29,345] Trial 36 finished with value: 0.4143356643356643 and parameters: {'num_leaves': 33, 'learning_rate': 0.21603548091459154, 'feature_fraction': 0.770200962629373, 'bagging_fraction': 0.9059612096466595, 'bagging_freq': 1, 'min_child_samples': 63}. Best is trial 31 with value: 0.9335664335664335.
[I 2025-09-17 13:18:29,386] Trial 37 finished with value: 0.8531468531468532 and parameters: {'num_leaves': 106, 'learning_rate': 0.26157547142584725, 'feature_fraction': 0.6641125913035103, 'bagging_fraction': 0.5925069714530219, 'bagging_freq': 2, 'min_child_samples': 18}. Best is trial 31 with value: 0.9335664335664335.
[I 2025-09-17 13:18:29,419] Trial 38 finished with value: 0.8706293706293706 and parameters: {'num_leaves': 91, 'learning_rate': 0.1852157579591239, 'feature_fraction': 0.7854970443886635, 'bagging_fraction': 0.8209318789114399, 'bagging_freq': 2, 'min_child_samples': 29}. Best is trial 31 with value: 0.9335664335664335.
[I 2025-09-17 13:18:29,452] Trial 39 finished with value: 0.8636363636363635 and parameters: {'num_leaves': 128, 'learning_rate': 0.299919845187905, 'feature_fraction': 0.7104509317222927, 'bagging_fraction': 0.9665760334636126, 'bagging_freq': 1, 'min_child_samples': 35}. Best is trial 31 with value: 0.9335664335664335.
[I 2025-09-17 13:18:29,518] Trial 40 finished with value: 0.846153846153846 and parameters: {'num_leaves': 16, 'learning_rate': 0.22442851905952066, 'feature_fraction': 0.8668866966398113, 'bagging_fraction': 0.8746818227408028, 'bagging_freq': 1, 'min_child_samples': 12}. Best is trial 31 with value: 0.9335664335664335.
[I 2025-09-17 13:18:29,555] Trial 41 finished with value: 0.895104895104895 and parameters: {'num_leaves': 110, 'learning_rate': 0.2523200791615688, 'feature_fraction': 0.6646363021273628, 'bagging_fraction': 0.9146868778495113, 'bagging_freq': 2, 'min_child_samples': 28}. Best is trial 31 with value: 0.9335664335664335.
[I 2025-09-17 13:18:29,585] Trial 42 finished with value: 0.8531468531468531 and parameters: {'num_leaves': 62, 'learning_rate': 0.2443240472360984, 'feature_fraction': 0.685661369036445, 'bagging_fraction': 0.9217941890614129, 'bagging_freq': 2, 'min_child_samples': 42}. Best is trial 31 with value: 0.9335664335664335.
[I 2025-09-17 13:18:29,623] Trial 43 finished with value: 0.8321678321678322 and parameters: {'num_leaves': 111, 'learning_rate': 0.27214288089801025, 'feature_fraction': 0.6083201999847427, 'bagging_fraction': 0.8823349831397821, 'bagging_freq': 1, 'min_child_samples': 28}. Best is trial 31 with value: 0.9335664335664335.
[I 2025-09-17 13:18:29,669] Trial 44 finished with value: 0.8216783216783217 and parameters: {'num_leaves': 140, 'learning_rate': 0.2529950885532408, 'feature_fraction': 0.6541828656192699, 'bagging_fraction': 0.9650748260036098, 'bagging_freq': 2, 'min_child_samples': 18}. Best is trial 31 with value: 0.9335664335664335.
[I 2025-09-17 13:18:29,700] Trial 45 finished with value: 0.8601398601398602 and parameters: {'num_leaves': 85, 'learning_rate': 0.20871569773472734, 'feature_fraction': 0.5509121788116603, 'bagging_fraction': 0.9293462658027127, 'bagging_freq': 3, 'min_child_samples': 35}. Best is trial 31 with value: 0.9335664335664335.
[I 2025-09-17 13:18:29,722] Trial 46 finished with value: 0.8146853146853147 and parameters: {'num_leaves': 191, 'learning_rate': 0.2855015600449833, 'feature_fraction': 0.7133533916443525, 'bagging_fraction': 0.7771035899229369, 'bagging_freq': 6, 'min_child_samples': 39}. Best is trial 31 with value: 0.9335664335664335.
[I 2025-09-17 13:18:29,735] Trial 47 finished with value: 0.5 and parameters: {'num_leaves': 129, 'learning_rate': 0.2740452306276409, 'feature_fraction': 0.604994557638747, 'bagging_fraction': 0.8536947049377085, 'bagging_freq': 3, 'min_child_samples': 84}. Best is trial 31 with value: 0.9335664335664335.
[I 2025-09-17 13:18:29,766] Trial 48 finished with value: 0.8986013986013986 and parameters: {'num_leaves': 66, 'learning_rate': 0.1929580925187368, 'feature_fraction': 0.7784443441993187, 'bagging_fraction': 0.8190715533489814, 'bagging_freq': 7, 'min_child_samples': 27}. Best is trial 31 with value: 0.9335664335664335.
[I 2025-09-17 13:18:29,815] Trial 49 finished with value: 0.8601398601398602 and parameters: {'num_leaves': 73, 'learning_rate': 0.1912424844784524, 'feature_fraction': 0.8202407005918625, 'bagging_fraction': 0.8251254622661677, 'bagging_freq': 5, 'min_child_samples': 19}. Best is trial 31 with value: 0.9335664335664335.
[I 2025-09-17 13:18:30,062] A new study created in memory with name: no-name-7aca1c79-23d5-4fe1-8cbc-8cc71c0ab057
[I 2025-09-17 13:18:30,077] Trial 0 finished with value: 0.8041958041958043 and parameters: {'num_leaves': 257, 'learning_rate': 0.27245643788673846, 'feature_fraction': 0.9218073651943401, 'bagging_fraction': 0.6801068847775513, 'bagging_freq': 3, 'min_child_samples': 35}. Best is trial 0 with value: 0.8041958041958043.
[I 2025-09-17 13:18:30,084] Trial 1 finished with value: 0.5 and parameters: {'num_leaves': 191, 'learning_rate': 0.2428377210964694, 'feature_fraction': 0.7743264349071655, 'bagging_fraction': 0.9273820459353522, 'bagging_freq': 7, 'min_child_samples': 87}. Best is trial 0 with value: 0.8041958041958043.
[I 2025-09-17 13:18:30,092] Trial 2 finished with value: 0.5 and parameters: {'num_leaves': 121, 'learning_rate': 0.12418493109139775, 'feature_fraction': 0.6622495533901475, 'bagging_fraction': 0.6833959885657378, 'bagging_freq': 4, 'min_child_samples': 82}. Best is trial 0 with value: 0.8041958041958043.
[I 2025-09-17 13:18:30,234] Trial 3 finished with value: 0.9090909090909092 and parameters: {'num_leaves': 63, 'learning_rate': 0.14540419617161854, 'feature_fraction': 0.4550177497292, 'bagging_fraction': 0.9329430455411314, 'bagging_freq': 1, 'min_child_samples': 6}. Best is trial 3 with value: 0.9090909090909092.
[I 2025-09-17 13:18:30,243] Trial 4 finished with value: 0.5 and parameters: {'num_leaves': 20, 'learning_rate': 0.1254740091800037, 'feature_fraction': 0.9649378324646409, 'bagging_fraction': 0.6056285766730395, 'bagging_freq': 2, 'min_child_samples': 57}. Best is trial 3 with value: 0.9090909090909092.
[I 2025-09-17 13:18:30,247] Trial 5 finished with value: 0.5 and parameters: {'num_leaves': 99, 'learning_rate': 0.18902189527398774, 'feature_fraction': 0.8574968917950038, 'bagging_fraction': 0.9972088310215975, 'bagging_freq': 7, 'min_child_samples': 96}. Best is trial 3 with value: 0.9090909090909092.
[I 2025-09-17 13:18:30,255] Trial 6 finished with value: 0.5 and parameters: {'num_leaves': 64, 'learning_rate': 0.1909802406446819, 'feature_fraction': 0.443708690439528, 'bagging_fraction': 0.5788185438580019, 'bagging_freq': 4, 'min_child_samples': 58}. Best is trial 3 with value: 0.9090909090909092.
[I 2025-09-17 13:18:30,284] Trial 7 finished with value: 0.8111888111888113 and parameters: {'num_leaves': 215, 'learning_rate': 0.07908759892359503, 'feature_fraction': 0.4867900949483623, 'bagging_fraction': 0.9114918816820824, 'bagging_freq': 3, 'min_child_samples': 31}. Best is trial 3 with value: 0.9090909090909092.
[I 2025-09-17 13:18:30,303] Trial 8 finished with value: 0.7552447552447552 and parameters: {'num_leaves': 140, 'learning_rate': 0.08867298467871049, 'feature_fraction': 0.6512608562534761, 'bagging_fraction': 0.7157662436384105, 'bagging_freq': 6, 'min_child_samples': 44}. Best is trial 3 with value: 0.9090909090909092.
[I 2025-09-17 13:18:30,319] Trial 9 finished with value: 0.6608391608391608 and parameters: {'num_leaves': 226, 'learning_rate': 0.1840143162883964, 'feature_fraction': 0.9810271964081235, 'bagging_fraction': 0.9041381526272936, 'bagging_freq': 5, 'min_child_samples': 65}. Best is trial 3 with value: 0.9090909090909092.
[I 2025-09-17 13:18:30,417] Trial 10 finished with value: 0.8916083916083917 and parameters: {'num_leaves': 14, 'learning_rate': 0.02220115419293603, 'feature_fraction': 0.5558402180642468, 'bagging_fraction': 0.4245207616168651, 'bagging_freq': 1, 'min_child_samples': 6}. Best is trial 3 with value: 0.9090909090909092.
[I 2025-09-17 13:18:30,536] Trial 11 finished with value: 0.881118881118881 and parameters: {'num_leaves': 10, 'learning_rate': 0.010847145957906538, 'feature_fraction': 0.5668592448321041, 'bagging_fraction': 0.41651557863806743, 'bagging_freq': 1, 'min_child_samples': 5}. Best is trial 3 with value: 0.9090909090909092.
[I 2025-09-17 13:18:30,615] Trial 12 finished with value: 0.8531468531468531 and parameters: {'num_leaves': 62, 'learning_rate': 0.01600137921412767, 'feature_fraction': 0.5310737087366757, 'bagging_fraction': 0.4022453656217092, 'bagging_freq': 1, 'min_child_samples': 8}. Best is trial 3 with value: 0.9090909090909092.
[I 2025-09-17 13:18:30,678] Trial 13 finished with value: 0.8531468531468531 and parameters: {'num_leaves': 54, 'learning_rate': 0.056996090149008166, 'feature_fraction': 0.42618090265415415, 'bagging_fraction': 0.8034227489184866, 'bagging_freq': 2, 'min_child_samples': 21}. Best is trial 3 with value: 0.9090909090909092.
[I 2025-09-17 13:18:30,707] Trial 14 finished with value: 0.8566433566433567 and parameters: {'num_leaves': 88, 'learning_rate': 0.23760033632519856, 'feature_fraction': 0.5737237881277373, 'bagging_fraction': 0.5079268265891388, 'bagging_freq': 1, 'min_child_samples': 20}. Best is trial 3 with value: 0.9090909090909092.
[I 2025-09-17 13:18:30,768] Trial 15 finished with value: 0.8916083916083916 and parameters: {'num_leaves': 39, 'learning_rate': 0.1397324348685623, 'feature_fraction': 0.7289845926550794, 'bagging_fraction': 0.7930599730932051, 'bagging_freq': 2, 'min_child_samples': 13}. Best is trial 3 with value: 0.9090909090909092.
[I 2025-09-17 13:18:30,793] Trial 16 finished with value: 0.7832167832167832 and parameters: {'num_leaves': 300, 'learning_rate': 0.043510793653294494, 'feature_fraction': 0.6194908646247183, 'bagging_fraction': 0.4911588807271453, 'bagging_freq': 3, 'min_child_samples': 28}. Best is trial 3 with value: 0.9090909090909092.
