[I 2025-09-17 13:15:58,930] Trial 46 finished with value: 0.8041958041958042 and parameters: {'num_leaves': 190, 'learning_rate': 0.12130208382083627, 'feature_fraction': 0.9231851836892329, 'bagging_fraction': 0.7933401268429207, 'bagging_freq': 1, 'min_child_samples': 18}. Best is trial 27 with value: 0.9020979020979022.
[I 2025-09-17 13:15:58,943] Trial 47 finished with value: 0.5 and parameters: {'num_leaves': 211, 'learning_rate': 0.13794935120788793, 'feature_fraction': 0.9755345290694188, 'bagging_fraction': 0.8324403613619878, 'bagging_freq': 3, 'min_child_samples': 73}. Best is trial 27 with value: 0.9020979020979022.
[I 2025-09-17 13:15:59,036] Trial 48 finished with value: 0.8111888111888111 and parameters: {'num_leaves': 160, 'learning_rate': 0.04841975236956496, 'feature_fraction': 0.8194968874253385, 'bagging_fraction': 0.8508413720967223, 'bagging_freq': 2, 'min_child_samples': 10}. Best is trial 27 with value: 0.9020979020979022.
[I 2025-09-17 13:15:59,077] Trial 49 finished with value: 0.8041958041958042 and parameters: {'num_leaves': 141, 'learning_rate': 0.09327331831141833, 'feature_fraction': 0.9382185100818184, 'bagging_fraction': 0.732237282903277, 'bagging_freq': 1, 'min_child_samples': 25}. Best is trial 27 with value: 0.9020979020979022.
[I 2025-09-17 13:15:59,382] A new study created in memory with name: no-name-95abe344-d2da-428d-9de4-d38314847ea3
[I 2025-09-17 13:15:59,400] Trial 0 finished with value: 0.7797202797202798 and parameters: {'num_leaves': 220, 'learning_rate': 0.1521058819932154, 'feature_fraction': 0.5607564211028528, 'bagging_fraction': 0.5844572666792223, 'bagging_freq': 7, 'min_child_samples': 43}. Best is trial 0 with value: 0.7797202797202798.
[I 2025-09-17 13:15:59,408] Trial 1 finished with value: 0.5 and parameters: {'num_leaves': 91, 'learning_rate': 0.23357637155564956, 'feature_fraction': 0.6266957373626463, 'bagging_fraction': 0.737075140756213, 'bagging_freq': 7, 'min_child_samples': 61}. Best is trial 0 with value: 0.7797202797202798.
[I 2025-09-17 13:15:59,435] Trial 2 finished with value: 0.8391608391608393 and parameters: {'num_leaves': 270, 'learning_rate': 0.24403745295888793, 'feature_fraction': 0.694088789365772, 'bagging_fraction': 0.9653970061218144, 'bagging_freq': 6, 'min_child_samples': 40}. Best is trial 2 with value: 0.8391608391608393.
[I 2025-09-17 13:15:59,453] Trial 3 finished with value: 0.8321678321678322 and parameters: {'num_leaves': 288, 'learning_rate': 0.2688092729114615, 'feature_fraction': 0.7614015490126071, 'bagging_fraction': 0.652163919781512, 'bagging_freq': 5, 'min_child_samples': 41}. Best is trial 2 with value: 0.8391608391608393.
[I 2025-09-17 13:15:59,463] Trial 4 finished with value: 0.5 and parameters: {'num_leaves': 295, 'learning_rate': 0.10942800715341265, 'feature_fraction': 0.8651163669777109, 'bagging_fraction': 0.46617480757292856, 'bagging_freq': 6, 'min_child_samples': 65}. Best is trial 2 with value: 0.8391608391608393.
[I 2025-09-17 13:15:59,481] Trial 5 finished with value: 0.7762237762237763 and parameters: {'num_leaves': 38, 'learning_rate': 0.03989228650909814, 'feature_fraction': 0.7953260392806725, 'bagging_fraction': 0.5719626833030087, 'bagging_freq': 7, 'min_child_samples': 41}. Best is trial 2 with value: 0.8391608391608393.
[I 2025-09-17 13:15:59,503] Trial 6 finished with value: 0.8181818181818181 and parameters: {'num_leaves': 33, 'learning_rate': 0.19350991729449069, 'feature_fraction': 0.4738978259414457, 'bagging_fraction': 0.6449424382409192, 'bagging_freq': 2, 'min_child_samples': 35}. Best is trial 2 with value: 0.8391608391608393.
[I 2025-09-17 13:15:59,515] Trial 7 finished with value: 0.5 and parameters: {'num_leaves': 300, 'learning_rate': 0.15994053089603685, 'feature_fraction': 0.6981755636252012, 'bagging_fraction': 0.4563025367947774, 'bagging_freq': 5, 'min_child_samples': 69}. Best is trial 2 with value: 0.8391608391608393.
[I 2025-09-17 13:15:59,524] Trial 8 finished with value: 0.5 and parameters: {'num_leaves': 98, 'learning_rate': 0.26016817730509495, 'feature_fraction': 0.8982305271000429, 'bagging_fraction': 0.5720216390719, 'bagging_freq': 7, 'min_child_samples': 62}. Best is trial 2 with value: 0.8391608391608393.
[I 2025-09-17 13:15:59,537] Trial 9 finished with value: 0.5 and parameters: {'num_leaves': 278, 'learning_rate': 0.2507215314070388, 'feature_fraction': 0.9148469679859066, 'bagging_fraction': 0.8247146703345138, 'bagging_freq': 7, 'min_child_samples': 98}. Best is trial 2 with value: 0.8391608391608393.
[I 2025-09-17 13:15:59,647] Trial 10 finished with value: 0.8426573426573427 and parameters: {'num_leaves': 192, 'learning_rate': 0.07963518044220229, 'feature_fraction': 0.4250604615827909, 'bagging_fraction': 0.996814365590251, 'bagging_freq': 3, 'min_child_samples': 7}. Best is trial 10 with value: 0.8426573426573427.
[I 2025-09-17 13:15:59,773] Trial 11 finished with value: 0.7832167832167832 and parameters: {'num_leaves': 178, 'learning_rate': 0.0450249063692587, 'feature_fraction': 0.4883804024013938, 'bagging_fraction': 0.996736644329792, 'bagging_freq': 3, 'min_child_samples': 8}. Best is trial 10 with value: 0.8426573426573427.
[I 2025-09-17 13:15:59,842] Trial 12 finished with value: 0.7902097902097902 and parameters: {'num_leaves': 221, 'learning_rate': 0.09602262982939594, 'feature_fraction': 0.41656794714931683, 'bagging_fraction': 0.9968415312765678, 'bagging_freq': 3, 'min_child_samples': 12}. Best is trial 10 with value: 0.8426573426573427.
[I 2025-09-17 13:15:59,878] Trial 13 finished with value: 0.7902097902097901 and parameters: {'num_leaves': 230, 'learning_rate': 0.08790309236402805, 'feature_fraction': 0.9798952927358475, 'bagging_fraction': 0.892333916748778, 'bagging_freq': 1, 'min_child_samples': 23}. Best is trial 10 with value: 0.8426573426573427.
[I 2025-09-17 13:15:59,911] Trial 14 finished with value: 0.791958041958042 and parameters: {'num_leaves': 159, 'learning_rate': 0.19997526545074654, 'feature_fraction': 0.6018775139011169, 'bagging_fraction': 0.8873304251737063, 'bagging_freq': 4, 'min_child_samples': 23}. Best is trial 10 with value: 0.8426573426573427.
[I 2025-09-17 13:15:59,923] Trial 15 finished with value: 0.5 and parameters: {'num_leaves': 248, 'learning_rate': 0.13018891419621148, 'feature_fraction': 0.6785119917680114, 'bagging_fraction': 0.8989428495577575, 'bagging_freq': 4, 'min_child_samples': 82}. Best is trial 10 with value: 0.8426573426573427.
[I 2025-09-17 13:15:59,971] Trial 16 finished with value: 0.8181818181818182 and parameters: {'num_leaves': 187, 'learning_rate': 0.010923268054388924, 'feature_fraction': 0.5220643609541441, 'bagging_fraction': 0.7772785815719327, 'bagging_freq': 5, 'min_child_samples': 22}. Best is trial 10 with value: 0.8426573426573427.
[I 2025-09-17 13:16:00,094] Trial 17 finished with value: 0.8951048951048951 and parameters: {'num_leaves': 118, 'learning_rate': 0.28866072771058854, 'feature_fraction': 0.40878674624390854, 'bagging_fraction': 0.9414614770808281, 'bagging_freq': 3, 'min_child_samples': 5}. Best is trial 17 with value: 0.8951048951048951.
[I 2025-09-17 13:16:00,211] Trial 18 finished with value: 0.7097902097902098 and parameters: {'num_leaves': 118, 'learning_rate': 0.29785608949131964, 'feature_fraction': 0.40896391069504817, 'bagging_fraction': 0.8244969044170354, 'bagging_freq': 2, 'min_child_samples': 5}. Best is trial 17 with value: 0.8951048951048951.
[I 2025-09-17 13:16:00,272] Trial 19 finished with value: 0.7832167832167832 and parameters: {'num_leaves': 127, 'learning_rate': 0.06322964578648804, 'feature_fraction': 0.43827900912118567, 'bagging_fraction': 0.927398361246632, 'bagging_freq': 3, 'min_child_samples': 17}. Best is trial 17 with value: 0.8951048951048951.
[I 2025-09-17 13:16:00,311] Trial 20 finished with value: 0.8531468531468531 and parameters: {'num_leaves': 68, 'learning_rate': 0.19512418960448638, 'feature_fraction': 0.5133205132958607, 'bagging_fraction': 0.8051816144838909, 'bagging_freq': 1, 'min_child_samples': 30}. Best is trial 17 with value: 0.8951048951048951.
[I 2025-09-17 13:16:00,343] Trial 21 finished with value: 0.8164335664335663 and parameters: {'num_leaves': 66, 'learning_rate': 0.20749614518515197, 'feature_fraction': 0.5312094626354275, 'bagging_fraction': 0.8260669897594003, 'bagging_freq': 1, 'min_child_samples': 27}. Best is trial 17 with value: 0.8951048951048951.
[I 2025-09-17 13:16:00,398] Trial 22 finished with value: 0.7937062937062938 and parameters: {'num_leaves': 142, 'learning_rate': 0.1661730898923983, 'feature_fraction': 0.4627960179828086, 'bagging_fraction': 0.9399288970074952, 'bagging_freq': 2, 'min_child_samples': 14}. Best is trial 17 with value: 0.8951048951048951.
[I 2025-09-17 13:16:00,433] Trial 23 finished with value: 0.7972027972027972 and parameters: {'num_leaves': 75, 'learning_rate': 0.2882759630195574, 'feature_fraction': 0.4012449889448787, 'bagging_fraction': 0.8581663200306249, 'bagging_freq': 1, 'min_child_samples': 31}. Best is trial 17 with value: 0.8951048951048951.
[I 2025-09-17 13:16:00,453] Trial 24 finished with value: 0.784965034965035 and parameters: {'num_leaves': 55, 'learning_rate': 0.22002222339067962, 'feature_fraction': 0.5771209531033308, 'bagging_fraction': 0.7846153409072435, 'bagging_freq': 3, 'min_child_samples': 49}. Best is trial 17 with value: 0.8951048951048951.
[I 2025-09-17 13:16:00,574] Trial 25 finished with value: 0.7797202797202798 and parameters: {'num_leaves': 18, 'learning_rate': 0.1264120804613172, 'feature_fraction': 0.5106231190924561, 'bagging_fraction': 0.9467438921994246, 'bagging_freq': 2, 'min_child_samples': 5}. Best is trial 17 with value: 0.8951048951048951.
[I 2025-09-17 13:16:00,614] Trial 26 finished with value: 0.8531468531468531 and parameters: {'num_leaves': 192, 'learning_rate': 0.17392984484418061, 'feature_fraction': 0.643784579186198, 'bagging_fraction': 0.7365485747134267, 'bagging_freq': 4, 'min_child_samples': 17}. Best is trial 17 with value: 0.8951048951048951.
[I 2025-09-17 13:16:00,644] Trial 27 finished with value: 0.8286713286713288 and parameters: {'num_leaves': 98, 'learning_rate': 0.17867316833388774, 'feature_fraction': 0.646373096434202, 'bagging_fraction': 0.7183145959040099, 'bagging_freq': 4, 'min_child_samples': 17}. Best is trial 17 with value: 0.8951048951048951.
[I 2025-09-17 13:16:00,669] Trial 28 finished with value: 0.8251748251748252 and parameters: {'num_leaves': 157, 'learning_rate': 0.2773018761194385, 'feature_fraction': 0.757168508836191, 'bagging_fraction': 0.6717876352453408, 'bagging_freq': 4, 'min_child_samples': 30}. Best is trial 17 with value: 0.8951048951048951.
[I 2025-09-17 13:16:00,692] Trial 29 finished with value: 0.7832167832167831 and parameters: {'num_leaves': 131, 'learning_rate': 0.18235029009297443, 'feature_fraction': 0.5455164535839176, 'bagging_fraction': 0.7729472551338255, 'bagging_freq': 1, 'min_child_samples': 54}. Best is trial 17 with value: 0.8951048951048951.
Training until validation scores don't improve for 50 rounds
Early stopping, best iteration is:
[35]	valid_0's binary_logloss: 0.513683
Training until validation scores don't improve for 50 rounds
Early stopping, best iteration is:
[17]	valid_0's binary_logloss: 0.464158
Training until validation scores don't improve for 50 rounds
Early stopping, best iteration is:
[20]	valid_0's binary_logloss: 0.520204
Training until validation scores don't improve for 50 rounds
Early stopping, best iteration is:
[15]	valid_0's binary_logloss: 0.44821
Training until validation scores don't improve for 50 rounds
Early stopping, best iteration is:
[15]	valid_0's binary_logloss: 0.45516
Training until validation scores don't improve for 50 rounds
Early stopping, best iteration is:
[33]	valid_0's binary_logloss: 0.537334
Training until validation scores don't improve for 50 rounds
Early stopping, best iteration is:
[2]	valid_0's binary_logloss: 0.517839
Training until validation scores don't improve for 50 rounds
Early stopping, best iteration is:
[30]	valid_0's binary_logloss: 0.502769
Training until validation scores don't improve for 50 rounds
Early stopping, best iteration is:
[10]	valid_0's binary_logloss: 0.486634
Training until validation scores don't improve for 50 rounds
Did not meet early stopping. Best iteration is:
[73]	valid_0's binary_logloss: 0.574869
Training until validation scores don't improve for 50 rounds
Early stopping, best iteration is:
[26]	valid_0's binary_logloss: 0.454932
Training until validation scores don't improve for 50 rounds
Early stopping, best iteration is:
[26]	valid_0's binary_logloss: 0.447722
Training until validation scores don't improve for 50 rounds
Early stopping, best iteration is:
[41]	valid_0's binary_logloss: 0.494425
Training until validation scores don't improve for 50 rounds
Did not meet early stopping. Best iteration is:
[63]	valid_0's binary_logloss: 0.557207
Training until validation scores don't improve for 50 rounds
Early stopping, best iteration is:
[17]	valid_0's binary_logloss: 0.474516
Training until validation scores don't improve for 50 rounds
Early stopping, best iteration is:
[20]	valid_0's binary_logloss: 0.498739
Training until validation scores don't improve for 50 rounds
Early stopping, best iteration is:
[17]	valid_0's binary_logloss: 0.511892
Training until validation scores don't improve for 50 rounds
Early stopping, best iteration is:
[41]	valid_0's binary_logloss: 0.53375
Training until validation scores don't improve for 50 rounds
Early stopping, best iteration is:
[19]	valid_0's binary_logloss: 0.466373
Training until validation scores don't improve for 50 rounds
Did not meet early stopping. Best iteration is:
[59]	valid_0's binary_logloss: 0.591628
Training until validation scores don't improve for 50 rounds
Early stopping, best iteration is:
[14]	valid_0's binary_logloss: 0.46209
Training until validation scores don't improve for 50 rounds
Early stopping, best iteration is:
[25]	valid_0's binary_logloss: 0.433302
Training until validation scores don't improve for 50 rounds
Early stopping, best iteration is:
[20]	valid_0's binary_logloss: 0.505678
Training until validation scores don't improve for 50 rounds
Did not meet early stopping. Best iteration is:
[70]	valid_0's binary_logloss: 0.50346
Training until validation scores don't improve for 50 rounds
Early stopping, best iteration is:
[13]	valid_0's binary_logloss: 0.470627
Training until validation scores don't improve for 50 rounds
Early stopping, best iteration is:
[31]	valid_0's binary_logloss: 0.503631
Training until validation scores don't improve for 50 rounds
Early stopping, best iteration is:
[5]	valid_0's binary_logloss: 0.660144
Training until validation scores don't improve for 50 rounds
Did not meet early stopping. Best iteration is:
[76]	valid_0's binary_logloss: 0.508465
Training until validation scores don't improve for 50 rounds
Early stopping, best iteration is:
[38]	valid_0's binary_logloss: 0.518887
Training until validation scores don't improve for 50 rounds
Did not meet early stopping. Best iteration is:
[100]	valid_0's binary_logloss: 0.554044
Training until validation scores don't improve for 50 rounds
Early stopping, best iteration is:
[2]	valid_0's binary_logloss: 0.660144
Training until validation scores don't improve for 50 rounds
Early stopping, best iteration is:
[48]	valid_0's binary_logloss: 0.527838
Training until validation scores don't improve for 50 rounds
Early stopping, best iteration is:
[32]	valid_0's binary_logloss: 0.494379
Training until validation scores don't improve for 50 rounds
Early stopping, best iteration is:
[5]	valid_0's binary_logloss: 0.660144
Training until validation scores don't improve for 50 rounds
Did not meet early stopping. Best iteration is:
[97]	valid_0's binary_logloss: 0.585989
Training until validation scores don't improve for 50 rounds
Did not meet early stopping. Best iteration is:
[89]	valid_0's binary_logloss: 0.508322
Training until validation scores don't improve for 50 rounds
Early stopping, best iteration is:
[32]	valid_0's binary_logloss: 0.660144
Training until validation scores don't improve for 50 rounds
Early stopping, best iteration is:
[6]	valid_0's binary_logloss: 0.660144
Training until validation scores don't improve for 50 rounds
Early stopping, best iteration is:
[41]	valid_0's binary_logloss: 0.660144
Training until validation scores don't improve for 50 rounds
Early stopping, best iteration is:
[13]	valid_0's binary_logloss: 0.511622
Training until validation scores don't improve for 50 rounds
Early stopping, best iteration is:
[34]	valid_0's binary_logloss: 0.529039
Training until validation scores don't improve for 50 rounds
Early stopping, best iteration is:
[16]	valid_0's binary_logloss: 0.535058
Training until validation scores don't improve for 50 rounds
Early stopping, best iteration is:
[23]	valid_0's binary_logloss: 0.552953
Training until validation scores don't improve for 50 rounds
Early stopping, best iteration is:
[8]	valid_0's binary_logloss: 0.544455
Training until validation scores don't improve for 50 rounds
Early stopping, best iteration is:
[14]	valid_0's binary_logloss: 0.660144
Training until validation scores don't improve for 50 rounds
Did not meet early stopping. Best iteration is:
[100]	valid_0's binary_logloss: 0.571976
Training until validation scores don't improve for 50 rounds
Early stopping, best iteration is:
[6]	valid_0's binary_logloss: 0.432023
Training until validation scores don't improve for 50 rounds
Early stopping, best iteration is:
[4]	valid_0's binary_logloss: 0.58191
Training until validation scores don't improve for 50 rounds
Early stopping, best iteration is:
[37]	valid_0's binary_logloss: 0.521365
Training until validation scores don't improve for 50 rounds
Early stopping, best iteration is:
[36]	valid_0's binary_logloss: 0.488582
Training until validation scores don't improve for 50 rounds
Early stopping, best iteration is:
[17]	valid_0's binary_logloss: 0.506854
Training until validation scores don't improve for 50 rounds
Early stopping, best iteration is:
[12]	valid_0's binary_logloss: 0.5281
Training until validation scores don't improve for 50 rounds
Early stopping, best iteration is:
[25]	valid_0's binary_logloss: 0.547212
Training until validation scores don't improve for 50 rounds
Early stopping, best iteration is:
[28]	valid_0's binary_logloss: 0.555361
Training until validation scores don't improve for 50 rounds
Early stopping, best iteration is:
[9]	valid_0's binary_logloss: 0.533662
Training until validation scores don't improve for 50 rounds
Early stopping, best iteration is:
[14]	valid_0's binary_logloss: 0.506563
Training until validation scores don't improve for 50 rounds
Early stopping, best iteration is:
[7]	valid_0's binary_logloss: 0.52759
Training until validation scores don't improve for 50 rounds
Early stopping, best iteration is:
[24]	valid_0's binary_logloss: 0.512569
Training until validation scores don't improve for 50 rounds
Did not meet early stopping. Best iteration is:
[100]	valid_0's binary_logloss: 0.543831
[I 2025-09-17 13:16:00,733] Trial 30 finished with value: 0.8496503496503496 and parameters: {'num_leaves': 202, 'learning_rate': 0.14787826835891177, 'feature_fraction': 0.5688245266385656, 'bagging_fraction': 0.6083482869495799, 'bagging_freq': 2, 'min_child_samples': 18}. Best is trial 17 with value: 0.8951048951048951.
[I 2025-09-17 13:16:00,774] Trial 31 finished with value: 0.7972027972027972 and parameters: {'num_leaves': 203, 'learning_rate': 0.13691700147373714, 'feature_fraction': 0.5821228221552288, 'bagging_fraction': 0.5396745679929336, 'bagging_freq': 2, 'min_child_samples': 16}. Best is trial 17 with value: 0.8951048951048951.
[I 2025-09-17 13:16:00,807] Trial 32 finished with value: 0.846153846153846 and parameters: {'num_leaves': 247, 'learning_rate': 0.15003326248761353, 'feature_fraction': 0.6260316961871691, 'bagging_fraction': 0.6857257611628276, 'bagging_freq': 2, 'min_child_samples': 22}. Best is trial 17 with value: 0.8951048951048951.
[I 2025-09-17 13:16:00,834] Trial 33 finished with value: 0.7937062937062938 and parameters: {'num_leaves': 169, 'learning_rate': 0.22043124236076447, 'feature_fraction': 0.6465256217424045, 'bagging_fraction': 0.6196634141787927, 'bagging_freq': 1, 'min_child_samples': 36}. Best is trial 17 with value: 0.8951048951048951.
[I 2025-09-17 13:16:00,882] Trial 34 finished with value: 0.798951048951049 and parameters: {'num_leaves': 109, 'learning_rate': 0.22408913047370066, 'feature_fraction': 0.561211512881444, 'bagging_fraction': 0.7368579532311151, 'bagging_freq': 3, 'min_child_samples': 11}. Best is trial 17 with value: 0.8951048951048951.
[I 2025-09-17 13:16:00,898] Trial 35 finished with value: 0.5 and parameters: {'num_leaves': 200, 'learning_rate': 0.11133439190239608, 'feature_fraction': 0.49664886301416455, 'bagging_fraction': 0.5354397251085429, 'bagging_freq': 4, 'min_child_samples': 49}. Best is trial 17 with value: 0.8951048951048951.
[I 2025-09-17 13:16:00,924] Trial 36 finished with value: 0.7762237762237761 and parameters: {'num_leaves': 77, 'learning_rate': 0.14812312147679263, 'feature_fraction': 0.7375333935852495, 'bagging_fraction': 0.6112082084123545, 'bagging_freq': 2, 'min_child_samples': 19}. Best is trial 17 with value: 0.8951048951048951.
[I 2025-09-17 13:16:00,953] Trial 37 finished with value: 0.8321678321678321 and parameters: {'num_leaves': 145, 'learning_rate': 0.17600035807829773, 'feature_fraction': 0.45384898414327945, 'bagging_fraction': 0.49052956264975656, 'bagging_freq': 5, 'min_child_samples': 28}. Best is trial 17 with value: 0.8951048951048951.
