[I 2025-09-17 13:17:14,910] Trial 49 finished with value: 0.5 and parameters: {'num_leaves': 181, 'learning_rate': 0.18760058345101552, 'feature_fraction': 0.5149670805932132, 'bagging_fraction': 0.621347056443901, 'bagging_freq': 5, 'min_child_samples': 54}. Best is trial 32 with value: 1.0.
[I 2025-09-17 13:17:15,187] A new study created in memory with name: no-name-031dd8b6-aa87-4f4b-9385-413616bdaa65
Training until validation scores don't improve for 50 rounds
Did not meet early stopping. Best iteration is:
[62]	valid_0's binary_logloss: 0.184868
Training until validation scores don't improve for 50 rounds
Early stopping, best iteration is:
[44]	valid_0's binary_logloss: 0.266801
Training until validation scores don't improve for 50 rounds
Early stopping, best iteration is:
[34]	valid_0's binary_logloss: 0.26015
Training until validation scores don't improve for 50 rounds
Early stopping, best iteration is:
[46]	valid_0's binary_logloss: 0.300956
Training until validation scores don't improve for 50 rounds
Early stopping, best iteration is:
[15]	valid_0's binary_logloss: 0.323382
Training until validation scores don't improve for 50 rounds
Early stopping, best iteration is:
[20]	valid_0's binary_logloss: 0.282148
Training until validation scores don't improve for 50 rounds
Early stopping, best iteration is:
[12]	valid_0's binary_logloss: 0.306385
Training until validation scores don't improve for 50 rounds
Early stopping, best iteration is:
[42]	valid_0's binary_logloss: 0.248234
Training until validation scores don't improve for 50 rounds
Early stopping, best iteration is:
[9]	valid_0's binary_logloss: 0.300256
Training until validation scores don't improve for 50 rounds
Early stopping, best iteration is:
[6]	valid_0's binary_logloss: 0.661598
Training until validation scores don't improve for 50 rounds
Early stopping, best iteration is:
[19]	valid_0's binary_logloss: 0.225103
Training until validation scores don't improve for 50 rounds
Did not meet early stopping. Best iteration is:
[87]	valid_0's binary_logloss: 0.354446
Training until validation scores don't improve for 50 rounds
Did not meet early stopping. Best iteration is:
[60]	valid_0's binary_logloss: 0.33715
Training until validation scores don't improve for 50 rounds
Early stopping, best iteration is:
[16]	valid_0's binary_logloss: 0.23114
Training until validation scores don't improve for 50 rounds
Early stopping, best iteration is:
[15]	valid_0's binary_logloss: 0.661598
Training until validation scores don't improve for 50 rounds
Did not meet early stopping. Best iteration is:
[80]	valid_0's binary_logloss: 0.391527
Training until validation scores don't improve for 50 rounds
Early stopping, best iteration is:
[28]	valid_0's binary_logloss: 0.661598
Training until validation scores don't improve for 50 rounds
Did not meet early stopping. Best iteration is:
[78]	valid_0's binary_logloss: 0.302129
Training until validation scores don't improve for 50 rounds
Early stopping, best iteration is:
[8]	valid_0's binary_logloss: 0.661598
Training until validation scores don't improve for 50 rounds
Early stopping, best iteration is:
[26]	valid_0's binary_logloss: 0.180307
Training until validation scores don't improve for 50 rounds
Early stopping, best iteration is:
[25]	valid_0's binary_logloss: 0.11934
Training until validation scores don't improve for 50 rounds
Early stopping, best iteration is:
[8]	valid_0's binary_logloss: 0.215555
Training until validation scores don't improve for 50 rounds
Early stopping, best iteration is:
[41]	valid_0's binary_logloss: 0.402013
Training until validation scores don't improve for 50 rounds
Early stopping, best iteration is:
[18]	valid_0's binary_logloss: 0.226837
Training until validation scores don't improve for 50 rounds
Early stopping, best iteration is:
[1]	valid_0's binary_logloss: 0.661598
Training until validation scores don't improve for 50 rounds
Early stopping, best iteration is:
[12]	valid_0's binary_logloss: 0.233644
Training until validation scores don't improve for 50 rounds
Early stopping, best iteration is:
[45]	valid_0's binary_logloss: 0.334281
Training until validation scores don't improve for 50 rounds
Early stopping, best iteration is:
[29]	valid_0's binary_logloss: 0.183852
Training until validation scores don't improve for 50 rounds
Early stopping, best iteration is:
[5]	valid_0's binary_logloss: 0.661598
Training until validation scores don't improve for 50 rounds
Early stopping, best iteration is:
[15]	valid_0's binary_logloss: 0.235528
Training until validation scores don't improve for 50 rounds
Early stopping, best iteration is:
[32]	valid_0's binary_logloss: 0.187431
Training until validation scores don't improve for 50 rounds
Did not meet early stopping. Best iteration is:
[76]	valid_0's binary_logloss: 0.215067
Training until validation scores don't improve for 50 rounds
Early stopping, best iteration is:
[47]	valid_0's binary_logloss: 0.347216
Training until validation scores don't improve for 50 rounds
Early stopping, best iteration is:
[40]	valid_0's binary_logloss: 0.180308
Training until validation scores don't improve for 50 rounds
Early stopping, best iteration is:
[35]	valid_0's binary_logloss: 0.260978
Training until validation scores don't improve for 50 rounds
Did not meet early stopping. Best iteration is:
[100]	valid_0's binary_logloss: 0.290977
Training until validation scores don't improve for 50 rounds
Early stopping, best iteration is:
[40]	valid_0's binary_logloss: 0.322882
Training until validation scores don't improve for 50 rounds
Early stopping, best iteration is:
[21]	valid_0's binary_logloss: 0.208458
Training until validation scores don't improve for 50 rounds
Early stopping, best iteration is:
[9]	valid_0's binary_logloss: 0.165794
Training until validation scores don't improve for 50 rounds
Early stopping, best iteration is:
[2]	valid_0's binary_logloss: 0.661598
Training until validation scores don't improve for 50 rounds
Did not meet early stopping. Best iteration is:
[60]	valid_0's binary_logloss: 0.182161
Training until validation scores don't improve for 50 rounds
Early stopping, best iteration is:
[22]	valid_0's binary_logloss: 0.177492
Training until validation scores don't improve for 50 rounds
Early stopping, best iteration is:
[22]	valid_0's binary_logloss: 0.220764
Training until validation scores don't improve for 50 rounds
Early stopping, best iteration is:
[23]	valid_0's binary_logloss: 0.230268
Training until validation scores don't improve for 50 rounds
Early stopping, best iteration is:
[41]	valid_0's binary_logloss: 0.20536
Training until validation scores don't improve for 50 rounds
Early stopping, best iteration is:
[17]	valid_0's binary_logloss: 0.212234
Training until validation scores don't improve for 50 rounds
Early stopping, best iteration is:
[21]	valid_0's binary_logloss: 0.192132
Training until validation scores don't improve for 50 rounds
Early stopping, best iteration is:
[24]	valid_0's binary_logloss: 0.231897
Training until validation scores don't improve for 50 rounds
Early stopping, best iteration is:
[31]	valid_0's binary_logloss: 0.256953
Training until validation scores don't improve for 50 rounds
Early stopping, best iteration is:
[18]	valid_0's binary_logloss: 0.224813
Training until validation scores don't improve for 50 rounds
Did not meet early stopping. Best iteration is:
[82]	valid_0's binary_logloss: 0.189802
Training until validation scores don't improve for 50 rounds
Early stopping, best iteration is:
[29]	valid_0's binary_logloss: 0.227465
Training until validation scores don't improve for 50 rounds
Early stopping, best iteration is:
[41]	valid_0's binary_logloss: 0.197429
Training until validation scores don't improve for 50 rounds
Early stopping, best iteration is:
[17]	valid_0's binary_logloss: 0.228673
Training until validation scores don't improve for 50 rounds
Did not meet early stopping. Best iteration is:
[74]	valid_0's binary_logloss: 0.155168
Training until validation scores don't improve for 50 rounds
Did not meet early stopping. Best iteration is:
[100]	valid_0's binary_logloss: 0.2976
Training until validation scores don't improve for 50 rounds
Did not meet early stopping. Best iteration is:
[100]	valid_0's binary_logloss: 0.245153
Training until validation scores don't improve for 50 rounds
Early stopping, best iteration is:
[1]	valid_0's binary_logloss: 0.661598
Training until validation scores don't improve for 50 rounds
Early stopping, best iteration is:
[3]	valid_0's binary_logloss: 0.661598
[I 2025-09-17 13:17:15,200] Trial 0 finished with value: 0.5 and parameters: {'num_leaves': 199, 'learning_rate': 0.028032278687346507, 'feature_fraction': 0.7918208615761048, 'bagging_fraction': 0.5852377572091454, 'bagging_freq': 1, 'min_child_samples': 48}. Best is trial 0 with value: 0.5.
[I 2025-09-17 13:17:15,212] Trial 1 finished with value: 0.5 and parameters: {'num_leaves': 249, 'learning_rate': 0.15719395674551437, 'feature_fraction': 0.5069296436656425, 'bagging_fraction': 0.6347362479028783, 'bagging_freq': 5, 'min_child_samples': 97}. Best is trial 0 with value: 0.5.
[I 2025-09-17 13:17:15,232] Trial 2 finished with value: 0.8875000000000001 and parameters: {'num_leaves': 54, 'learning_rate': 0.033860600934516615, 'feature_fraction': 0.8704105212530884, 'bagging_fraction': 0.49391644223008224, 'bagging_freq': 5, 'min_child_samples': 32}. Best is trial 2 with value: 0.8875000000000001.
[I 2025-09-17 13:17:15,285] Trial 3 finished with value: 0.9708333333333333 and parameters: {'num_leaves': 295, 'learning_rate': 0.1265255114017591, 'feature_fraction': 0.9752184239053021, 'bagging_fraction': 0.850077735028548, 'bagging_freq': 4, 'min_child_samples': 15}. Best is trial 3 with value: 0.9708333333333333.
[I 2025-09-17 13:17:15,293] Trial 4 finished with value: 0.5 and parameters: {'num_leaves': 277, 'learning_rate': 0.18465743536459414, 'feature_fraction': 0.4156793884623454, 'bagging_fraction': 0.7838813707526195, 'bagging_freq': 5, 'min_child_samples': 91}. Best is trial 3 with value: 0.9708333333333333.
[I 2025-09-17 13:17:15,302] Trial 5 finished with value: 0.5 and parameters: {'num_leaves': 22, 'learning_rate': 0.22615329193276057, 'feature_fraction': 0.8868929123420517, 'bagging_fraction': 0.4778797587896927, 'bagging_freq': 6, 'min_child_samples': 45}. Best is trial 3 with value: 0.9708333333333333.
[I 2025-09-17 13:17:15,319] Trial 6 finished with value: 0.9500000000000001 and parameters: {'num_leaves': 240, 'learning_rate': 0.22047769280613824, 'feature_fraction': 0.7243955973299847, 'bagging_fraction': 0.9460428401164122, 'bagging_freq': 7, 'min_child_samples': 36}. Best is trial 3 with value: 0.9708333333333333.
[I 2025-09-17 13:17:15,327] Trial 7 finished with value: 0.5 and parameters: {'num_leaves': 74, 'learning_rate': 0.24388723866250664, 'feature_fraction': 0.8743219084486333, 'bagging_fraction': 0.487055226344946, 'bagging_freq': 2, 'min_child_samples': 87}. Best is trial 3 with value: 0.9708333333333333.
[I 2025-09-17 13:17:15,387] Trial 8 finished with value: 0.9833333333333334 and parameters: {'num_leaves': 85, 'learning_rate': 0.22669009304065127, 'feature_fraction': 0.6699396334382535, 'bagging_fraction': 0.8701993581040119, 'bagging_freq': 3, 'min_child_samples': 14}. Best is trial 8 with value: 0.9833333333333334.
[I 2025-09-17 13:17:15,429] Trial 9 finished with value: 0.9291666666666666 and parameters: {'num_leaves': 232, 'learning_rate': 0.18424388667600972, 'feature_fraction': 0.6135539692759049, 'bagging_fraction': 0.6870563819272592, 'bagging_freq': 3, 'min_child_samples': 15}. Best is trial 8 with value: 0.9833333333333334.
[I 2025-09-17 13:17:15,437] Trial 10 finished with value: 0.5 and parameters: {'num_leaves': 117, 'learning_rate': 0.2848102056154712, 'feature_fraction': 0.6050625936978854, 'bagging_fraction': 0.989660577125796, 'bagging_freq': 3, 'min_child_samples': 68}. Best is trial 8 with value: 0.9833333333333334.
[I 2025-09-17 13:17:15,581] Trial 11 finished with value: 0.9833333333333333 and parameters: {'num_leaves': 136, 'learning_rate': 0.08795921714260556, 'feature_fraction': 0.6661265397103757, 'bagging_fraction': 0.8230038425203361, 'bagging_freq': 3, 'min_child_samples': 6}. Best is trial 8 with value: 0.9833333333333334.
[I 2025-09-17 13:17:15,723] Trial 12 finished with value: 0.9791666666666666 and parameters: {'num_leaves': 146, 'learning_rate': 0.0971314458991201, 'feature_fraction': 0.6593619895743451, 'bagging_fraction': 0.8330615994741922, 'bagging_freq': 3, 'min_child_samples': 6}. Best is trial 8 with value: 0.9833333333333334.
[I 2025-09-17 13:17:15,759] Trial 13 finished with value: 0.9374999999999999 and parameters: {'num_leaves': 124, 'learning_rate': 0.08157304677040073, 'feature_fraction': 0.5352778498038604, 'bagging_fraction': 0.8969038881174289, 'bagging_freq': 1, 'min_child_samples': 24}. Best is trial 8 with value: 0.9833333333333334.
[I 2025-09-17 13:17:15,824] Trial 14 finished with value: 0.9625 and parameters: {'num_leaves': 177, 'learning_rate': 0.2940260521624388, 'feature_fraction': 0.718076076497761, 'bagging_fraction': 0.7525392850544929, 'bagging_freq': 2, 'min_child_samples': 8}. Best is trial 8 with value: 0.9833333333333334.
[I 2025-09-17 13:17:15,838] Trial 15 finished with value: 0.5 and parameters: {'num_leaves': 90, 'learning_rate': 0.0809989905989031, 'feature_fraction': 0.7644220074434623, 'bagging_fraction': 0.8975277388079733, 'bagging_freq': 4, 'min_child_samples': 67}. Best is trial 8 with value: 0.9833333333333334.
[I 2025-09-17 13:17:15,871] Trial 16 finished with value: 0.9249999999999999 and parameters: {'num_leaves': 18, 'learning_rate': 0.12853016148194327, 'feature_fraction': 0.555923592665015, 'bagging_fraction': 0.7499685770193686, 'bagging_freq': 2, 'min_child_samples': 25}. Best is trial 8 with value: 0.9833333333333334.
[I 2025-09-17 13:17:15,883] Trial 17 finished with value: 0.5 and parameters: {'num_leaves': 102, 'learning_rate': 0.1792295982761346, 'feature_fraction': 0.664519053133391, 'bagging_fraction': 0.824277614877219, 'bagging_freq': 3, 'min_child_samples': 63}. Best is trial 8 with value: 0.9833333333333334.
[I 2025-09-17 13:17:15,928] Trial 18 finished with value: 0.9333333333333333 and parameters: {'num_leaves': 153, 'learning_rate': 0.2563946090859728, 'feature_fraction': 0.48218948577047216, 'bagging_fraction': 0.6968085354733596, 'bagging_freq': 4, 'min_child_samples': 18}. Best is trial 8 with value: 0.9833333333333334.
[I 2025-09-17 13:17:15,958] Trial 19 finished with value: 0.925 and parameters: {'num_leaves': 54, 'learning_rate': 0.06757299214979204, 'feature_fraction': 0.7815921896369407, 'bagging_fraction': 0.9045571711898827, 'bagging_freq': 2, 'min_child_samples': 36}. Best is trial 8 with value: 0.9833333333333334.
[I 2025-09-17 13:17:15,980] Trial 20 finished with value: 0.9125 and parameters: {'num_leaves': 185, 'learning_rate': 0.12123965559635373, 'feature_fraction': 0.601929051496701, 'bagging_fraction': 0.9888948457541706, 'bagging_freq': 6, 'min_child_samples': 56}. Best is trial 8 with value: 0.9833333333333334.
[I 2025-09-17 13:17:16,111] Trial 21 finished with value: 0.9833333333333333 and parameters: {'num_leaves': 145, 'learning_rate': 0.10477354617457933, 'feature_fraction': 0.6752155840532245, 'bagging_fraction': 0.8070900864102536, 'bagging_freq': 3, 'min_child_samples': 7}. Best is trial 8 with value: 0.9833333333333334.
[I 2025-09-17 13:17:16,276] Trial 22 finished with value: 0.9583333333333334 and parameters: {'num_leaves': 133, 'learning_rate': 0.10597375120387946, 'feature_fraction': 0.6574546362561318, 'bagging_fraction': 0.7887020399262683, 'bagging_freq': 3, 'min_child_samples': 5}. Best is trial 8 with value: 0.9833333333333334.
[I 2025-09-17 13:17:16,313] Trial 23 finished with value: 0.9333333333333333 and parameters: {'num_leaves': 166, 'learning_rate': 0.05176813707812325, 'feature_fraction': 0.6863090111092095, 'bagging_fraction': 0.8620027376276141, 'bagging_freq': 4, 'min_child_samples': 24}. Best is trial 8 with value: 0.9833333333333334.
[I 2025-09-17 13:17:16,367] Trial 24 finished with value: 0.9750000000000001 and parameters: {'num_leaves': 210, 'learning_rate': 0.15528496175415707, 'feature_fraction': 0.7410639350871551, 'bagging_fraction': 0.7442129934219972, 'bagging_freq': 2, 'min_child_samples': 12}. Best is trial 8 with value: 0.9833333333333334.
[I 2025-09-17 13:17:16,421] Trial 25 finished with value: 0.9666666666666667 and parameters: {'num_leaves': 84, 'learning_rate': 0.015065738766659231, 'feature_fraction': 0.578070558593435, 'bagging_fraction': 0.931626661757252, 'bagging_freq': 3, 'min_child_samples': 19}. Best is trial 8 with value: 0.9833333333333334.
[I 2025-09-17 13:17:16,442] Trial 26 finished with value: 0.9208333333333334 and parameters: {'num_leaves': 114, 'learning_rate': 0.14517327995106583, 'feature_fraction': 0.8277766905997948, 'bagging_fraction': 0.6499320008530703, 'bagging_freq': 4, 'min_child_samples': 30}. Best is trial 8 with value: 0.9833333333333334.
[I 2025-09-17 13:17:16,558] Trial 27 finished with value: 0.975 and parameters: {'num_leaves': 56, 'learning_rate': 0.20548581265832813, 'feature_fraction': 0.6271181140269444, 'bagging_fraction': 0.8040158449314244, 'bagging_freq': 1, 'min_child_samples': 5}. Best is trial 8 with value: 0.9833333333333334.
[I 2025-09-17 13:17:16,586] Trial 28 finished with value: 0.9 and parameters: {'num_leaves': 148, 'learning_rate': 0.05725962012811651, 'feature_fraction': 0.6903201591110043, 'bagging_fraction': 0.8705740877002376, 'bagging_freq': 3, 'min_child_samples': 40}. Best is trial 8 with value: 0.9833333333333334.
[I 2025-09-17 13:17:16,643] Trial 29 finished with value: 0.9625 and parameters: {'num_leaves': 194, 'learning_rate': 0.10208086867961746, 'feature_fraction': 0.8121764997051407, 'bagging_fraction': 0.5654353324378643, 'bagging_freq': 1, 'min_child_samples': 11}. Best is trial 8 with value: 0.9833333333333334.
[I 2025-09-17 13:17:16,655] Trial 30 finished with value: 0.5 and parameters: {'num_leaves': 136, 'learning_rate': 0.263739233025305, 'feature_fraction': 0.4476047315740356, 'bagging_fraction': 0.41274207452021444, 'bagging_freq': 2, 'min_child_samples': 49}. Best is trial 8 with value: 0.9833333333333334.
[I 2025-09-17 13:17:16,821] Trial 31 finished with value: 0.9791666666666667 and parameters: {'num_leaves': 163, 'learning_rate': 0.09651924203080335, 'feature_fraction': 0.6501290577824227, 'bagging_fraction': 0.8209726289941823, 'bagging_freq': 3, 'min_child_samples': 5}. Best is trial 8 with value: 0.9833333333333334.
[I 2025-09-17 13:17:16,865] Trial 32 finished with value: 0.9541666666666666 and parameters: {'num_leaves': 211, 'learning_rate': 0.09090133064327785, 'feature_fraction': 0.6408241927829448, 'bagging_fraction': 0.7720800433629604, 'bagging_freq': 4, 'min_child_samples': 20}. Best is trial 8 with value: 0.9833333333333334.
[I 2025-09-17 13:17:16,948] Trial 33 finished with value: 0.9708333333333333 and parameters: {'num_leaves': 170, 'learning_rate': 0.11444509165511349, 'feature_fraction': 0.6915152061402017, 'bagging_fraction': 0.82091992930315, 'bagging_freq': 3, 'min_child_samples': 12}. Best is trial 8 with value: 0.9833333333333334.
[I 2025-09-17 13:17:16,974] Trial 34 finished with value: 0.9125 and parameters: {'num_leaves': 161, 'learning_rate': 0.041914876434526585, 'feature_fraction': 0.7464873336478394, 'bagging_fraction': 0.7196505385523039, 'bagging_freq': 5, 'min_child_samples': 30}. Best is trial 8 with value: 0.9833333333333334.
[I 2025-09-17 13:17:17,064] Trial 35 finished with value: 0.9833333333333334 and parameters: {'num_leaves': 104, 'learning_rate': 0.14328271825828726, 'feature_fraction': 0.5176212853010238, 'bagging_fraction': 0.9410720847499356, 'bagging_freq': 4, 'min_child_samples': 11}. Best is trial 8 with value: 0.9833333333333334.
[I 2025-09-17 13:17:17,137] Trial 36 finished with value: 0.9708333333333332 and parameters: {'num_leaves': 103, 'learning_rate': 0.15104297804985323, 'feature_fraction': 0.4991230708496228, 'bagging_fraction': 0.951174515586247, 'bagging_freq': 5, 'min_child_samples': 14}. Best is trial 8 with value: 0.9833333333333334.
[I 2025-09-17 13:17:17,154] Trial 37 finished with value: 0.5 and parameters: {'num_leaves': 67, 'learning_rate': 0.13653381493237823, 'feature_fraction': 0.40649852114039553, 'bagging_fraction': 0.928261159015599, 'bagging_freq': 5, 'min_child_samples': 81}. Best is trial 8 with value: 0.9833333333333334.
[I 2025-09-17 13:17:17,197] Trial 38 finished with value: 0.9791666666666666 and parameters: {'num_leaves': 50, 'learning_rate': 0.16723855894132195, 'feature_fraction': 0.9215586660646513, 'bagging_fraction': 0.8674348056368731, 'bagging_freq': 4, 'min_child_samples': 23}. Best is trial 8 with value: 0.9833333333333334.
[I 2025-09-17 13:17:17,260] Trial 39 finished with value: 0.9750000000000001 and parameters: {'num_leaves': 98, 'learning_rate': 0.20356620062269717, 'feature_fraction': 0.5382962311903022, 'bagging_fraction': 0.9690082107690924, 'bagging_freq': 4, 'min_child_samples': 17}. Best is trial 8 with value: 0.9833333333333334.
[I 2025-09-17 13:17:17,350] Trial 40 finished with value: 0.9583333333333334 and parameters: {'num_leaves': 36, 'learning_rate': 0.07286885254636756, 'feature_fraction': 0.45933506271634017, 'bagging_fraction': 0.9080792171114441, 'bagging_freq': 4, 'min_child_samples': 12}. Best is trial 8 with value: 0.9833333333333334.
[I 2025-09-17 13:17:17,451] Trial 41 finished with value: 0.9791666666666666 and parameters: {'num_leaves': 133, 'learning_rate': 0.11527390677637411, 'feature_fraction': 0.5936269952074923, 'bagging_fraction': 0.8480635954887685, 'bagging_freq': 3, 'min_child_samples': 10}. Best is trial 8 with value: 0.9833333333333334.
