[I 2025-09-17 13:16:43,079] Trial 37 finished with value: 0.5 and parameters: {'num_leaves': 234, 'learning_rate': 0.0768962706312677, 'feature_fraction': 0.4887617037262202, 'bagging_fraction': 0.8736404941559661, 'bagging_freq': 4, 'min_child_samples': 75}. Best is trial 16 with value: 0.9821428571428572.
Did not meet early stopping. Best iteration is:
[63]	valid_0's binary_logloss: 0.144719
Training until validation scores don't improve for 50 rounds
Did not meet early stopping. Best iteration is:
[60]	valid_0's binary_logloss: 0.124863
Training until validation scores don't improve for 50 rounds
Early stopping, best iteration is:
[28]	valid_0's binary_logloss: 0.137208
Training until validation scores don't improve for 50 rounds
Did not meet early stopping. Best iteration is:
[56]	valid_0's binary_logloss: 0.128641
Training until validation scores don't improve for 50 rounds
Early stopping, best iteration is:
[26]	valid_0's binary_logloss: 0.165716
Training until validation scores don't improve for 50 rounds
Did not meet early stopping. Best iteration is:
[52]	valid_0's binary_logloss: 0.138409
Training until validation scores don't improve for 50 rounds
Early stopping, best iteration is:
[17]	valid_0's binary_logloss: 0.160971
Training until validation scores don't improve for 50 rounds
Early stopping, best iteration is:
[31]	valid_0's binary_logloss: 0.129295
Training until validation scores don't improve for 50 rounds
Did not meet early stopping. Best iteration is:
[87]	valid_0's binary_logloss: 0.145277
Training until validation scores don't improve for 50 rounds
Early stopping, best iteration is:
[4]	valid_0's binary_logloss: 0.245449
Training until validation scores don't improve for 50 rounds
Did not meet early stopping. Best iteration is:
[99]	valid_0's binary_logloss: 0.144628
Training until validation scores don't improve for 50 rounds
Early stopping, best iteration is:
[15]	valid_0's binary_logloss: 0.111271
Training until validation scores don't improve for 50 rounds
Early stopping, best iteration is:
[33]	valid_0's binary_logloss: 0.110683
Training until validation scores don't improve for 50 rounds
Early stopping, best iteration is:
[15]	valid_0's binary_logloss: 0.163257
Training until validation scores don't improve for 50 rounds
Early stopping, best iteration is:
[26]	valid_0's binary_logloss: 0.131759
Training until validation scores don't improve for 50 rounds
Early stopping, best iteration is:
[21]	valid_0's binary_logloss: 0.138241
Training until validation scores don't improve for 50 rounds
Early stopping, best iteration is:
[19]	valid_0's binary_logloss: 0.13929
Training until validation scores don't improve for 50 rounds
Early stopping, best iteration is:
[21]	valid_0's binary_logloss: 0.14681
Training until validation scores don't improve for 50 rounds
Early stopping, best iteration is:
[40]	valid_0's binary_logloss: 0.109569
Training until validation scores don't improve for 50 rounds
Early stopping, best iteration is:
[36]	valid_0's binary_logloss: 0.131537
Training until validation scores don't improve for 50 rounds
Early stopping, best iteration is:
[14]	valid_0's binary_logloss: 0.138753
Training until validation scores don't improve for 50 rounds
Early stopping, best iteration is:
[6]	valid_0's binary_logloss: 0.24493
Training until validation scores don't improve for 50 rounds
Early stopping, best iteration is:
[10]	valid_0's binary_logloss: 0.24493
Training until validation scores don't improve for 50 rounds
Did not meet early stopping. Best iteration is:
[84]	valid_0's binary_logloss: 0.24493
Training until validation scores don't improve for 50 rounds
Did not meet early stopping. Best iteration is:
[54]	valid_0's binary_logloss: 0.24493
Training until validation scores don't improve for 50 rounds
Early stopping, best iteration is:
[27]	valid_0's binary_logloss: 0.24493
Training until validation scores don't improve for 50 rounds
Early stopping, best iteration is:
[4]	valid_0's binary_logloss: 0.24493
Training until validation scores don't improve for 50 rounds
Early stopping, best iteration is:
[1]	valid_0's binary_logloss: 0.24493
Training until validation scores don't improve for 50 rounds
Did not meet early stopping. Best iteration is:
[61]	valid_0's binary_logloss: 0.24493
Training until validation scores don't improve for 50 rounds
Early stopping, best iteration is:
[32]	valid_0's binary_logloss: 0.24493
Training until validation scores don't improve for 50 rounds
Early stopping, best iteration is:
[45]	valid_0's binary_logloss: 0.16483
Training until validation scores don't improve for 50 rounds
Early stopping, best iteration is:
[1]	valid_0's binary_logloss: 0.187886
Training until validation scores don't improve for 50 rounds
Early stopping, best iteration is:
[5]	valid_0's binary_logloss: 0.232098
Training until validation scores don't improve for 50 rounds
Early stopping, best iteration is:
[11]	valid_0's binary_logloss: 0.160199
Training until validation scores don't improve for 50 rounds
Early stopping, best iteration is:
[30]	valid_0's binary_logloss: 0.170199
Training until validation scores don't improve for 50 rounds
Early stopping, best iteration is:
[41]	valid_0's binary_logloss: 0.168572
Training until validation scores don't improve for 50 rounds
Early stopping, best iteration is:
[17]	valid_0's binary_logloss: 0.180977
Training until validation scores don't improve for 50 rounds
Early stopping, best iteration is:
[15]	valid_0's binary_logloss: 0.175314
Training until validation scores don't improve for 50 rounds
Early stopping, best iteration is:
[25]	valid_0's binary_logloss: 0.158784
Training until validation scores don't improve for 50 rounds
Did not meet early stopping. Best iteration is:
[97]	valid_0's binary_logloss: 0.172112
Training until validation scores don't improve for 50 rounds
Early stopping, best iteration is:
[46]	valid_0's binary_logloss: 0.131628
Training until validation scores don't improve for 50 rounds
Early stopping, best iteration is:
[12]	valid_0's binary_logloss: 0.24493
Training until validation scores don't improve for 50 rounds
Early stopping, best iteration is:
[46]	valid_0's binary_logloss: 0.168123
Training until validation scores don't improve for 50 rounds
Early stopping, best iteration is:
[27]	valid_0's binary_logloss: 0.178918
Training until validation scores don't improve for 50 rounds
Did not meet early stopping. Best iteration is:
[56]	valid_0's binary_logloss: 0.194345
Training until validation scores don't improve for 50 rounds
Early stopping, best iteration is:
[4]	valid_0's binary_logloss: 0.143592
Training until validation scores don't improve for 50 rounds
Early stopping, best iteration is:
[3]	valid_0's binary_logloss: 0.145944
Training until validation scores don't improve for 50 rounds
Early stopping, best iteration is:
[48]	valid_0's binary_logloss: 0.191148
Training until validation scores don't improve for 50 rounds
Early stopping, best iteration is:
[20]	valid_0's binary_logloss: 0.15816
Training until validation scores don't improve for 50 rounds
Early stopping, best iteration is:
[17]	valid_0's binary_logloss: 0.173039
Training until validation scores don't improve for 50 rounds
Did not meet early stopping. Best iteration is:
[51]	valid_0's binary_logloss: 0.14023
Training until validation scores don't improve for 50 rounds
Early stopping, best iteration is:
[28]	valid_0's binary_logloss: 0.162845
Training until validation scores don't improve for 50 rounds
Early stopping, best iteration is:
[25]	valid_0's binary_logloss: 0.154851
Training until validation scores don't improve for 50 rounds
Did not meet early stopping. Best iteration is:
[82]	valid_0's binary_logloss: 0.204695
Training until validation scores don't improve for 50 rounds
Early stopping, best iteration is:
[27]	valid_0's binary_logloss: 0.172741
Training until validation scores don't improve for 50 rounds
Early stopping, best iteration is:
[15]	valid_0's binary_logloss: 0.24493
Training until validation scores don't improve for 50 rounds
Early stopping, best iteration is:
[2]	valid_0's binary_logloss: 0.191021
Training until validation scores don't improve for 50 rounds
Early stopping, best iteration is:
[16]	valid_0's binary_logloss: 0.185509
Training until validation scores don't improve for 50 rounds
Early stopping, best iteration is:
[27]	valid_0's binary_logloss: 0.24493
Training until validation scores don't improve for 50 rounds
[I 2025-09-17 13:16:43,137] Trial 38 finished with value: 0.9464285714285715 and parameters: {'num_leaves': 58, 'learning_rate': 0.2543919443835666, 'feature_fraction': 0.6057826995758504, 'bagging_fraction': 0.9518456590109667, 'bagging_freq': 6, 'min_child_samples': 15}. Best is trial 16 with value: 0.9821428571428572.
[I 2025-09-17 13:16:43,164] Trial 39 finished with value: 0.875 and parameters: {'num_leaves': 11, 'learning_rate': 0.12243620413058694, 'feature_fraction': 0.43456349770901714, 'bagging_fraction': 0.8206993912268238, 'bagging_freq': 1, 'min_child_samples': 39}. Best is trial 16 with value: 0.9821428571428572.
[I 2025-09-17 13:16:43,176] Trial 40 finished with value: 0.5 and parameters: {'num_leaves': 159, 'learning_rate': 0.2772726827769255, 'feature_fraction': 0.5654731105919211, 'bagging_fraction': 0.42563264856309213, 'bagging_freq': 2, 'min_child_samples': 71}. Best is trial 16 with value: 0.9821428571428572.
[I 2025-09-17 13:16:43,206] Trial 41 finished with value: 0.9464285714285715 and parameters: {'num_leaves': 44, 'learning_rate': 0.11245889230251116, 'feature_fraction': 0.582484219361923, 'bagging_fraction': 0.9752817697691235, 'bagging_freq': 4, 'min_child_samples': 38}. Best is trial 16 with value: 0.9821428571428572.
[I 2025-09-17 13:16:43,231] Trial 42 finished with value: 0.9464285714285715 and parameters: {'num_leaves': 28, 'learning_rate': 0.0938797903352544, 'feature_fraction': 0.6131896705766, 'bagging_fraction': 0.9949897575660486, 'bagging_freq': 5, 'min_child_samples': 48}. Best is trial 16 with value: 0.9821428571428572.
[I 2025-09-17 13:16:43,256] Trial 43 finished with value: 0.9642857142857143 and parameters: {'num_leaves': 77, 'learning_rate': 0.14712906450103364, 'feature_fraction': 0.5045290591988297, 'bagging_fraction': 0.9594650278443002, 'bagging_freq': 4, 'min_child_samples': 36}. Best is trial 16 with value: 0.9821428571428572.
[I 2025-09-17 13:16:43,269] Trial 44 finished with value: 0.5 and parameters: {'num_leaves': 51, 'learning_rate': 0.06048268093351235, 'feature_fraction': 0.5470116045339851, 'bagging_fraction': 0.9223821359461329, 'bagging_freq': 3, 'min_child_samples': 59}. Best is trial 16 with value: 0.9821428571428572.
[I 2025-09-17 13:16:43,290] Trial 45 finished with value: 0.9553571428571429 and parameters: {'num_leaves': 26, 'learning_rate': 0.1193225359862938, 'feature_fraction': 0.6279463948987561, 'bagging_fraction': 0.6910691266676046, 'bagging_freq': 4, 'min_child_samples': 27}. Best is trial 16 with value: 0.9821428571428572.
[I 2025-09-17 13:16:43,333] Trial 46 finished with value: 0.9464285714285715 and parameters: {'num_leaves': 194, 'learning_rate': 0.096543893712239, 'feature_fraction': 0.6624344430979026, 'bagging_fraction': 0.9721286218209125, 'bagging_freq': 3, 'min_child_samples': 19}. Best is trial 16 with value: 0.9821428571428572.
[I 2025-09-17 13:16:43,346] Trial 47 finished with value: 0.5 and parameters: {'num_leaves': 72, 'learning_rate': 0.13724450626016818, 'feature_fraction': 0.4658343912789834, 'bagging_fraction': 0.8848540993651557, 'bagging_freq': 6, 'min_child_samples': 100}. Best is trial 16 with value: 0.9821428571428572.
[I 2025-09-17 13:16:43,457] Trial 48 finished with value: 0.9285714285714286 and parameters: {'num_leaves': 44, 'learning_rate': 0.17025092092371255, 'feature_fraction': 0.7720165298274643, 'bagging_fraction': 0.9249772109077317, 'bagging_freq': 2, 'min_child_samples': 5}. Best is trial 16 with value: 0.9821428571428572.
[I 2025-09-17 13:16:43,502] Trial 49 finished with value: 0.9107142857142857 and parameters: {'num_leaves': 94, 'learning_rate': 0.24223344958915752, 'feature_fraction': 0.5974925038548036, 'bagging_fraction': 0.864373737068971, 'bagging_freq': 1, 'min_child_samples': 29}. Best is trial 16 with value: 0.9821428571428572.
[I 2025-09-17 13:16:43,696] A new study created in memory with name: no-name-b48936e0-e4a7-480b-b8de-d66f2a5daa09
[I 2025-09-17 13:16:43,778] Trial 0 finished with value: 0.7698412698412698 and parameters: {'num_leaves': 50, 'learning_rate': 0.24301538544920684, 'feature_fraction': 0.939607219760807, 'bagging_fraction': 0.8025246184617519, 'bagging_freq': 5, 'min_child_samples': 6}. Best is trial 0 with value: 0.7698412698412698.
[I 2025-09-17 13:16:43,906] Trial 1 finished with value: 0.7738095238095237 and parameters: {'num_leaves': 162, 'learning_rate': 0.01900034334432389, 'feature_fraction': 0.9619721381633026, 'bagging_fraction': 0.975761696338478, 'bagging_freq': 7, 'min_child_samples': 8}. Best is trial 1 with value: 0.7738095238095237.
[I 2025-09-17 13:16:43,919] Trial 2 finished with value: 0.49404761904761896 and parameters: {'num_leaves': 227, 'learning_rate': 0.15944919639617475, 'feature_fraction': 0.678341379143452, 'bagging_fraction': 0.4732767703886044, 'bagging_freq': 7, 'min_child_samples': 23}. Best is trial 1 with value: 0.7738095238095237.
[I 2025-09-17 13:16:44,004] Trial 3 finished with value: 0.8373015873015872 and parameters: {'num_leaves': 66, 'learning_rate': 0.046878980873342226, 'feature_fraction': 0.9202156688229618, 'bagging_fraction': 0.6178861242118303, 'bagging_freq': 4, 'min_child_samples': 7}. Best is trial 3 with value: 0.8373015873015872.
[I 2025-09-17 13:16:44,017] Trial 4 finished with value: 0.5059523809523809 and parameters: {'num_leaves': 133, 'learning_rate': 0.0477105178910335, 'feature_fraction': 0.4314895410460363, 'bagging_fraction': 0.8583280364186153, 'bagging_freq': 7, 'min_child_samples': 62}. Best is trial 3 with value: 0.8373015873015872.
[I 2025-09-17 13:16:44,182] Trial 5 finished with value: 0.7896825396825397 and parameters: {'num_leaves': 181, 'learning_rate': 0.015860166667917633, 'feature_fraction': 0.5067075656793628, 'bagging_fraction': 0.9526346364575988, 'bagging_freq': 2, 'min_child_samples': 6}. Best is trial 3 with value: 0.8373015873015872.
[I 2025-09-17 13:16:44,194] Trial 6 finished with value: 0.5 and parameters: {'num_leaves': 211, 'learning_rate': 0.1801039036297532, 'feature_fraction': 0.5655879154242824, 'bagging_fraction': 0.5293608017482234, 'bagging_freq': 4, 'min_child_samples': 64}. Best is trial 3 with value: 0.8373015873015872.
[I 2025-09-17 13:16:44,206] Trial 7 finished with value: 0.5 and parameters: {'num_leaves': 236, 'learning_rate': 0.0832192491202059, 'feature_fraction': 0.9462921568860532, 'bagging_fraction': 0.5065381810531996, 'bagging_freq': 3, 'min_child_samples': 82}. Best is trial 3 with value: 0.8373015873015872.
[I 2025-09-17 13:16:44,219] Trial 8 finished with value: 0.48611111111111105 and parameters: {'num_leaves': 268, 'learning_rate': 0.10823846185262251, 'feature_fraction': 0.9512797872084806, 'bagging_fraction': 0.45758495551943623, 'bagging_freq': 7, 'min_child_samples': 21}. Best is trial 3 with value: 0.8373015873015872.
[I 2025-09-17 13:16:44,242] Trial 9 finished with value: 0.5515873015873016 and parameters: {'num_leaves': 223, 'learning_rate': 0.1542384513994451, 'feature_fraction': 0.41230576100597827, 'bagging_fraction': 0.9396889894193714, 'bagging_freq': 3, 'min_child_samples': 38}. Best is trial 3 with value: 0.8373015873015872.
[I 2025-09-17 13:16:44,254] Trial 10 finished with value: 0.5 and parameters: {'num_leaves': 25, 'learning_rate': 0.254456451562147, 'feature_fraction': 0.8063207098750798, 'bagging_fraction': 0.6439077630337843, 'bagging_freq': 1, 'min_child_samples': 92}. Best is trial 3 with value: 0.8373015873015872.
[I 2025-09-17 13:16:44,270] Trial 11 finished with value: 0.3511904761904761 and parameters: {'num_leaves': 96, 'learning_rate': 0.017266769294570408, 'feature_fraction': 0.753955059725258, 'bagging_fraction': 0.6757212132753682, 'bagging_freq': 1, 'min_child_samples': 40}. Best is trial 3 with value: 0.8373015873015872.
[I 2025-09-17 13:16:44,304] Trial 12 finished with value: 0.6666666666666666 and parameters: {'num_leaves': 93, 'learning_rate': 0.07593808041974784, 'feature_fraction': 0.5739512071623079, 'bagging_fraction': 0.7606862511887577, 'bagging_freq': 2, 'min_child_samples': 28}. Best is trial 3 with value: 0.8373015873015872.
[I 2025-09-17 13:16:44,377] Trial 13 finished with value: 0.7698412698412699 and parameters: {'num_leaves': 170, 'learning_rate': 0.05699973172777829, 'feature_fraction': 0.8241597025273413, 'bagging_fraction': 0.5678431821686398, 'bagging_freq': 5, 'min_child_samples': 8}. Best is trial 3 with value: 0.8373015873015872.
[I 2025-09-17 13:16:44,390] Trial 14 finished with value: 0.5 and parameters: {'num_leaves': 299, 'learning_rate': 0.12282381106622067, 'feature_fraction': 0.5542350893157268, 'bagging_fraction': 0.5861472144179771, 'bagging_freq': 3, 'min_child_samples': 46}. Best is trial 3 with value: 0.8373015873015872.
[I 2025-09-17 13:16:44,433] Trial 15 finished with value: 0.75 and parameters: {'num_leaves': 111, 'learning_rate': 0.013544636784048193, 'feature_fraction': 0.6687720242361245, 'bagging_fraction': 0.7358921655782895, 'bagging_freq': 5, 'min_child_samples': 19}. Best is trial 3 with value: 0.8373015873015872.
[I 2025-09-17 13:16:44,449] Trial 16 finished with value: 0.5119047619047619 and parameters: {'num_leaves': 50, 'learning_rate': 0.053504713984507964, 'feature_fraction': 0.854691648519061, 'bagging_fraction': 0.8834205082275142, 'bagging_freq': 2, 'min_child_samples': 59}. Best is trial 3 with value: 0.8373015873015872.
[I 2025-09-17 13:16:44,471] Trial 17 finished with value: 0.5515873015873016 and parameters: {'num_leaves': 187, 'learning_rate': 0.20579225220300257, 'feature_fraction': 0.48899678489377696, 'bagging_fraction': 0.6291932855636233, 'bagging_freq': 4, 'min_child_samples': 28}. Best is trial 3 with value: 0.8373015873015872.
[I 2025-09-17 13:16:44,483] Trial 18 finished with value: 0.5 and parameters: {'num_leaves': 135, 'learning_rate': 0.11190340275729424, 'feature_fraction': 0.622934489935394, 'bagging_fraction': 0.8345434033796886, 'bagging_freq': 2, 'min_child_samples': 77}. Best is trial 3 with value: 0.8373015873015872.
[I 2025-09-17 13:16:44,513] Trial 19 finished with value: 0.7142857142857143 and parameters: {'num_leaves': 69, 'learning_rate': 0.08464565698795098, 'feature_fraction': 0.7550750414063445, 'bagging_fraction': 0.41699319227602005, 'bagging_freq': 4, 'min_child_samples': 12}. Best is trial 3 with value: 0.8373015873015872.
[I 2025-09-17 13:16:44,532] Trial 20 finished with value: 0.4186507936507937 and parameters: {'num_leaves': 15, 'learning_rate': 0.037631288464396694, 'feature_fraction': 0.8792651374976019, 'bagging_fraction': 0.7441602855789301, 'bagging_freq': 1, 'min_child_samples': 35}. Best is trial 3 with value: 0.8373015873015872.
[I 2025-09-17 13:16:44,604] Trial 21 finished with value: 0.7896825396825398 and parameters: {'num_leaves': 154, 'learning_rate': 0.01162507862552364, 'feature_fraction': 0.9894924225524436, 'bagging_fraction': 0.9992367162854999, 'bagging_freq': 6, 'min_child_samples': 14}. Best is trial 3 with value: 0.8373015873015872.
[I 2025-09-17 13:16:44,675] Trial 22 finished with value: 0.7579365079365079 and parameters: {'num_leaves': 197, 'learning_rate': 0.01140312341965987, 'feature_fraction': 0.8869350369469342, 'bagging_fraction': 0.9828630202412939, 'bagging_freq': 6, 'min_child_samples': 15}. Best is trial 3 with value: 0.8373015873015872.
[I 2025-09-17 13:16:44,807] Trial 23 finished with value: 0.75 and parameters: {'num_leaves': 137, 'learning_rate': 0.043180299468896524, 'feature_fraction': 0.9971792641417212, 'bagging_fraction': 0.9325285424516296, 'bagging_freq': 6, 'min_child_samples': 5}. Best is trial 3 with value: 0.8373015873015872.
[I 2025-09-17 13:16:44,831] Trial 24 finished with value: 0.6587301587301587 and parameters: {'num_leaves': 249, 'learning_rate': 0.07012578461962926, 'feature_fraction': 0.9951766605607388, 'bagging_fraction': 0.9131628041061893, 'bagging_freq': 6, 'min_child_samples': 29}. Best is trial 3 with value: 0.8373015873015872.
[I 2025-09-17 13:16:44,873] Trial 25 finished with value: 0.7619047619047619 and parameters: {'num_leaves': 185, 'learning_rate': 0.29550451937573174, 'feature_fraction': 0.904524947932565, 'bagging_fraction': 0.9935880012699496, 'bagging_freq': 3, 'min_child_samples': 15}. Best is trial 3 with value: 0.8373015873015872.
[I 2025-09-17 13:16:44,888] Trial 26 finished with value: 0.31547619047619047 and parameters: {'num_leaves': 118, 'learning_rate': 0.03323620530727203, 'feature_fraction': 0.7368197790547724, 'bagging_fraction': 0.7915021451452895, 'bagging_freq': 5, 'min_child_samples': 50}. Best is trial 3 with value: 0.8373015873015872.
[I 2025-09-17 13:16:44,942] Trial 27 finished with value: 0.6746031746031745 and parameters: {'num_leaves': 71, 'learning_rate': 0.09493066695145096, 'feature_fraction': 0.4756922103528167, 'bagging_fraction': 0.6822925670866459, 'bagging_freq': 4, 'min_child_samples': 15}. Best is trial 3 with value: 0.8373015873015872.
[I 2025-09-17 13:16:44,976] Trial 28 finished with value: 0.7817460317460317 and parameters: {'num_leaves': 153, 'learning_rate': 0.13665079489518137, 'feature_fraction': 0.8051425652309557, 'bagging_fraction': 0.8857653425978582, 'bagging_freq': 2, 'min_child_samples': 22}. Best is trial 3 with value: 0.8373015873015872.
