[I 2025-09-17 13:16:33,688] Trial 10 finished with value: 0.9285714285714286 and parameters: {'num_leaves': 276, 'learning_rate': 0.29050445850785434, 'feature_fraction': 0.406630043942844, 'bagging_fraction': 0.9891323608388873, 'bagging_freq': 7, 'min_child_samples': 49}. Best is trial 2 with value: 0.9821428571428572.
Training until validation scores don't improve for 50 rounds
Early stopping, best iteration is:
[14]	valid_0's binary_logloss: 0.161844
Training until validation scores don't improve for 50 rounds
Did not meet early stopping. Best iteration is:
[59]	valid_0's binary_logloss: 0.244933
Training until validation scores don't improve for 50 rounds
Did not meet early stopping. Best iteration is:
[91]	valid_0's binary_logloss: 0.217655
Training until validation scores don't improve for 50 rounds
Early stopping, best iteration is:
[50]	valid_0's binary_logloss: 0.244933
Training until validation scores don't improve for 50 rounds
Early stopping, best iteration is:
[45]	valid_0's binary_logloss: 0.244933
Training until validation scores don't improve for 50 rounds
Did not meet early stopping. Best iteration is:
[100]	valid_0's binary_logloss: 0.103226
Training until validation scores don't improve for 50 rounds
Did not meet early stopping. Best iteration is:
[84]	valid_0's binary_logloss: 0.228203
Training until validation scores don't improve for 50 rounds
Did not meet early stopping. Best iteration is:
[68]	valid_0's binary_logloss: 0.244933
Training until validation scores don't improve for 50 rounds
Early stopping, best iteration is:
[8]	valid_0's binary_logloss: 0.0692222
Training until validation scores don't improve for 50 rounds
Early stopping, best iteration is:
[10]	valid_0's binary_logloss: 0.144568
Training until validation scores don't improve for 50 rounds
Early stopping, best iteration is:
[11]	valid_0's binary_logloss: 0.196116
Training until validation scores don't improve for 50 rounds
Did not meet early stopping. Best iteration is:
[84]	valid_0's binary_logloss: 0.175199
Training until validation scores don't improve for 50 rounds
Early stopping, best iteration is:
[12]	valid_0's binary_logloss: 0.193033
Training until validation scores don't improve for 50 rounds
Early stopping, best iteration is:
[49]	valid_0's binary_logloss: 0.170584
Training until validation scores don't improve for 50 rounds
Early stopping, best iteration is:
[10]	valid_0's binary_logloss: 0.244933
Training until validation scores don't improve for 50 rounds
Did not meet early stopping. Best iteration is:
[70]	valid_0's binary_logloss: 0.0284798
Training until validation scores don't improve for 50 rounds
Early stopping, best iteration is:
[14]	valid_0's binary_logloss: 0.214274
Training until validation scores don't improve for 50 rounds
Early stopping, best iteration is:
[35]	valid_0's binary_logloss: 0.244933
Training until validation scores don't improve for 50 rounds
Early stopping, best iteration is:
[2]	valid_0's binary_logloss: 0.29602
Training until validation scores don't improve for 50 rounds
Early stopping, best iteration is:
[13]	valid_0's binary_logloss: 0.130444
Training until validation scores don't improve for 50 rounds
Early stopping, best iteration is:
[13]	valid_0's binary_logloss: 0.128081
Training until validation scores don't improve for 50 rounds
Early stopping, best iteration is:
[3]	valid_0's binary_logloss: 0.244933
Training until validation scores don't improve for 50 rounds
Early stopping, best iteration is:
[7]	valid_0's binary_logloss: 0.128279
Training until validation scores don't improve for 50 rounds
Early stopping, best iteration is:
[42]	valid_0's binary_logloss: 0.114431
Training until validation scores don't improve for 50 rounds
Early stopping, best iteration is:
[19]	valid_0's binary_logloss: 0.244933
Training until validation scores don't improve for 50 rounds
Did not meet early stopping. Best iteration is:
[100]	valid_0's binary_logloss: 0.200124
Training until validation scores don't improve for 50 rounds
Did not meet early stopping. Best iteration is:
[55]	valid_0's binary_logloss: 0.2449
Training until validation scores don't improve for 50 rounds
Early stopping, best iteration is:
[15]	valid_0's binary_logloss: 0.160817
Training until validation scores don't improve for 50 rounds
Did not meet early stopping. Best iteration is:
[85]	valid_0's binary_logloss: 0.17708
Training until validation scores don't improve for 50 rounds
Early stopping, best iteration is:
[35]	valid_0's binary_logloss: 0.143726
Training until validation scores don't improve for 50 rounds
Early stopping, best iteration is:
[10]	valid_0's binary_logloss: 0.119689
Training until validation scores don't improve for 50 rounds
Early stopping, best iteration is:
[5]	valid_0's binary_logloss: 0.153258
Training until validation scores don't improve for 50 rounds
Early stopping, best iteration is:
[9]	valid_0's binary_logloss: 0.16046
Training until validation scores don't improve for 50 rounds
Early stopping, best iteration is:
[35]	valid_0's binary_logloss: 0.144948
Training until validation scores don't improve for 50 rounds
Did not meet early stopping. Best iteration is:
[56]	valid_0's binary_logloss: 0.167361
Training until validation scores don't improve for 50 rounds
Early stopping, best iteration is:
[23]	valid_0's binary_logloss: 0.11321
Training until validation scores don't improve for 50 rounds
Did not meet early stopping. Best iteration is:
[52]	valid_0's binary_logloss: 0.213931
Training until validation scores don't improve for 50 rounds
Early stopping, best iteration is:
[31]	valid_0's binary_logloss: 0.113035
Training until validation scores don't improve for 50 rounds
Early stopping, best iteration is:
[20]	valid_0's binary_logloss: 0.158765
Training until validation scores don't improve for 50 rounds
Did not meet early stopping. Best iteration is:
[74]	valid_0's binary_logloss: 0.244933
Training until validation scores don't improve for 50 rounds
Early stopping, best iteration is:
[35]	valid_0's binary_logloss: 0.244933
Training until validation scores don't improve for 50 rounds
Early stopping, best iteration is:
[4]	valid_0's binary_logloss: 0.143549
Training until validation scores don't improve for 50 rounds
Early stopping, best iteration is:
[1]	valid_0's binary_logloss: 0.259006
Training until validation scores don't improve for 50 rounds
Early stopping, best iteration is:
[48]	valid_0's binary_logloss: 0.244933
Training until validation scores don't improve for 50 rounds
Did not meet early stopping. Best iteration is:
[64]	valid_0's binary_logloss: 0.244933
Training until validation scores don't improve for 50 rounds
Early stopping, best iteration is:
[10]	valid_0's binary_logloss: 0.244796
Training until validation scores don't improve for 50 rounds
Did not meet early stopping. Best iteration is:
[55]	valid_0's binary_logloss: 0.191833
Training until validation scores don't improve for 50 rounds
Early stopping, best iteration is:
[21]	valid_0's binary_logloss: 0.143109
Training until validation scores don't improve for 50 rounds
Did not meet early stopping. Best iteration is:
[96]	valid_0's binary_logloss: 0.204511
Training until validation scores don't improve for 50 rounds
Early stopping, best iteration is:
[15]	valid_0's binary_logloss: 0.0900281
Training until validation scores don't improve for 50 rounds
Early stopping, best iteration is:
[4]	valid_0's binary_logloss: 0.244933
Training until validation scores don't improve for 50 rounds
Did not meet early stopping. Best iteration is:
[58]	valid_0's binary_logloss: 0.135802
Training until validation scores don't improve for 50 rounds
Early stopping, best iteration is:
[6]	valid_0's binary_logloss: 0.244933
Training until validation scores don't improve for 50 rounds
Early stopping, best iteration is:
[48]	valid_0's binary_logloss: 0.154299
Training until validation scores don't improve for 50 rounds
Early stopping, best iteration is:
[24]	valid_0's binary_logloss: 0.244933
Training until validation scores don't improve for 50 rounds
Did not meet early stopping. Best iteration is:
[65]	valid_0's binary_logloss: 0.244933
Training until validation scores don't improve for 50 rounds
Early stopping, best iteration is:
[28]	valid_0's binary_logloss: 0.147772
Training until validation scores don't improve for 50 rounds
Early stopping, best iteration is:
[24]	valid_0's binary_logloss: 0.153684
Training until validation scores don't improve for 50 rounds
[I 2025-09-17 13:16:33,754] Trial 11 finished with value: 0.9642857142857143 and parameters: {'num_leaves': 23, 'learning_rate': 0.2427327239381823, 'feature_fraction': 0.9910481008885812, 'bagging_fraction': 0.9941579339211876, 'bagging_freq': 5, 'min_child_samples': 8}. Best is trial 2 with value: 0.9821428571428572.
[I 2025-09-17 13:16:33,830] Trial 12 finished with value: 0.9464285714285714 and parameters: {'num_leaves': 14, 'learning_rate': 0.2659591519516339, 'feature_fraction': 0.5412556320981199, 'bagging_fraction': 0.9508680337791651, 'bagging_freq': 5, 'min_child_samples': 6}. Best is trial 2 with value: 0.9821428571428572.
[I 2025-09-17 13:16:33,848] Trial 13 finished with value: 0.8660714285714286 and parameters: {'num_leaves': 54, 'learning_rate': 0.2210024097409336, 'feature_fraction': 0.989295592101868, 'bagging_fraction': 0.4046268593824949, 'bagging_freq': 5, 'min_child_samples': 21}. Best is trial 2 with value: 0.9821428571428572.
[I 2025-09-17 13:16:33,870] Trial 14 finished with value: 0.875 and parameters: {'num_leaves': 49, 'learning_rate': 0.21626943623870556, 'feature_fraction': 0.8162701738872444, 'bagging_fraction': 0.8771187443999255, 'bagging_freq': 7, 'min_child_samples': 46}. Best is trial 2 with value: 0.9821428571428572.
[I 2025-09-17 13:16:33,903] Trial 15 finished with value: 0.8928571428571428 and parameters: {'num_leaves': 245, 'learning_rate': 0.21693665871283294, 'feature_fraction': 0.5381282410873132, 'bagging_fraction': 0.665517686624496, 'bagging_freq': 4, 'min_child_samples': 23}. Best is trial 2 with value: 0.9821428571428572.
[I 2025-09-17 13:16:33,985] Trial 16 finished with value: 0.9285714285714286 and parameters: {'num_leaves': 49, 'learning_rate': 0.2555041994355932, 'feature_fraction': 0.6320460864839811, 'bagging_fraction': 0.9996092229237871, 'bagging_freq': 6, 'min_child_samples': 5}. Best is trial 2 with value: 0.9821428571428572.
[I 2025-09-17 13:16:34,000] Trial 17 finished with value: 0.5 and parameters: {'num_leaves': 90, 'learning_rate': 0.19709934219814085, 'feature_fraction': 0.9036077086410226, 'bagging_fraction': 0.910107879999303, 'bagging_freq': 4, 'min_child_samples': 60}. Best is trial 2 with value: 0.9821428571428572.
[I 2025-09-17 13:16:34,014] Trial 18 finished with value: 0.5 and parameters: {'num_leaves': 11, 'learning_rate': 0.29886407357476963, 'feature_fraction': 0.7571947027682803, 'bagging_fraction': 0.7192486350082755, 'bagging_freq': 6, 'min_child_samples': 91}. Best is trial 2 with value: 0.9821428571428572.
[I 2025-09-17 13:16:34,034] Trial 19 finished with value: 0.9107142857142857 and parameters: {'num_leaves': 218, 'learning_rate': 0.24600800511243506, 'feature_fraction': 0.5992716763146462, 'bagging_fraction': 0.9146351164757689, 'bagging_freq': 5, 'min_child_samples': 38}. Best is trial 2 with value: 0.9821428571428572.
[I 2025-09-17 13:16:34,099] Trial 20 finished with value: 0.9821428571428572 and parameters: {'num_leaves': 68, 'learning_rate': 0.17993115785357436, 'feature_fraction': 0.46575478375979035, 'bagging_fraction': 0.8264908838961645, 'bagging_freq': 4, 'min_child_samples': 17}. Best is trial 2 with value: 0.9821428571428572.
[I 2025-09-17 13:16:34,165] Trial 21 finished with value: 0.9464285714285715 and parameters: {'num_leaves': 42, 'learning_rate': 0.1839474102335195, 'feature_fraction': 0.46623124980330183, 'bagging_fraction': 0.8279093597668017, 'bagging_freq': 4, 'min_child_samples': 17}. Best is trial 2 with value: 0.9821428571428572.
[I 2025-09-17 13:16:34,229] Trial 22 finished with value: 0.9464285714285715 and parameters: {'num_leaves': 113, 'learning_rate': 0.1743119382053991, 'feature_fraction': 0.4036628434320169, 'bagging_fraction': 0.9248347212181088, 'bagging_freq': 4, 'min_child_samples': 14}. Best is trial 2 with value: 0.9821428571428572.
[I 2025-09-17 13:16:34,262] Trial 23 finished with value: 0.9642857142857143 and parameters: {'num_leaves': 70, 'learning_rate': 0.24445613815900152, 'feature_fraction': 0.48807019608319313, 'bagging_fraction': 0.7430379642327072, 'bagging_freq': 6, 'min_child_samples': 26}. Best is trial 2 with value: 0.9821428571428572.
[I 2025-09-17 13:16:34,355] Trial 24 finished with value: 0.9285714285714286 and parameters: {'num_leaves': 34, 'learning_rate': 0.27938019244582857, 'feature_fraction': 0.6011434491790367, 'bagging_fraction': 0.839565332159682, 'bagging_freq': 5, 'min_child_samples': 5}. Best is trial 2 with value: 0.9821428571428572.
[I 2025-09-17 13:16:34,378] Trial 25 finished with value: 0.9642857142857143 and parameters: {'num_leaves': 26, 'learning_rate': 0.23222511404865526, 'feature_fraction': 0.46711689629249453, 'bagging_fraction': 0.9997725731030715, 'bagging_freq': 3, 'min_child_samples': 34}. Best is trial 2 with value: 0.9821428571428572.
[I 2025-09-17 13:16:34,427] Trial 26 finished with value: 0.9642857142857143 and parameters: {'num_leaves': 68, 'learning_rate': 0.10319998256805668, 'feature_fraction': 0.5117026801103826, 'bagging_fraction': 0.9417538395573307, 'bagging_freq': 5, 'min_child_samples': 17}. Best is trial 2 with value: 0.9821428571428572.
[I 2025-09-17 13:16:34,528] Trial 27 finished with value: 0.9285714285714286 and parameters: {'num_leaves': 110, 'learning_rate': 0.16651377667301218, 'feature_fraction': 0.5668945560161527, 'bagging_fraction': 0.8870341762418141, 'bagging_freq': 4, 'min_child_samples': 12}. Best is trial 2 with value: 0.9821428571428572.
[I 2025-09-17 13:16:34,562] Trial 28 finished with value: 0.9464285714285715 and parameters: {'num_leaves': 68, 'learning_rate': 0.26952496473674353, 'feature_fraction': 0.7537293709437127, 'bagging_fraction': 0.9511882654768524, 'bagging_freq': 6, 'min_child_samples': 25}. Best is trial 2 with value: 0.9821428571428572.
[I 2025-09-17 13:16:34,644] Trial 29 finished with value: 0.8571428571428572 and parameters: {'num_leaves': 118, 'learning_rate': 0.19476154742581991, 'feature_fraction': 0.6551994182463319, 'bagging_fraction': 0.8431486952518753, 'bagging_freq': 2, 'min_child_samples': 10}. Best is trial 2 with value: 0.9821428571428572.
[I 2025-09-17 13:16:34,675] Trial 30 finished with value: 0.8392857142857143 and parameters: {'num_leaves': 30, 'learning_rate': 0.20601758289548644, 'feature_fraction': 0.8950720413463472, 'bagging_fraction': 0.792434298355551, 'bagging_freq': 7, 'min_child_samples': 42}. Best is trial 2 with value: 0.9821428571428572.
[I 2025-09-17 13:16:34,705] Trial 31 finished with value: 0.9285714285714286 and parameters: {'num_leaves': 72, 'learning_rate': 0.24500031417652107, 'feature_fraction': 0.5044653596581721, 'bagging_fraction': 0.7281424589924993, 'bagging_freq': 6, 'min_child_samples': 29}. Best is trial 2 with value: 0.9821428571428572.
[I 2025-09-17 13:16:34,738] Trial 32 finished with value: 0.9464285714285715 and parameters: {'num_leaves': 66, 'learning_rate': 0.2378077469288155, 'feature_fraction': 0.435496588851189, 'bagging_fraction': 0.6101496888813905, 'bagging_freq': 6, 'min_child_samples': 22}. Best is trial 2 with value: 0.9821428571428572.
[I 2025-09-17 13:16:34,826] Trial 33 finished with value: 0.9464285714285715 and parameters: {'num_leaves': 32, 'learning_rate': 0.26096928290316646, 'feature_fraction': 0.4959046878857774, 'bagging_fraction': 0.7434914488981686, 'bagging_freq': 5, 'min_child_samples': 10}. Best is trial 2 with value: 0.9821428571428572.
[I 2025-09-17 13:16:34,867] Trial 34 finished with value: 0.9285714285714286 and parameters: {'num_leaves': 11, 'learning_rate': 0.27597221533177624, 'feature_fraction': 0.5736008170851323, 'bagging_fraction': 0.7488610624483925, 'bagging_freq': 5, 'min_child_samples': 19}. Best is trial 2 with value: 0.9821428571428572.
[I 2025-09-17 13:16:34,891] Trial 35 finished with value: 0.9642857142857143 and parameters: {'num_leaves': 86, 'learning_rate': 0.23016898798587218, 'feature_fraction': 0.43472087587042374, 'bagging_fraction': 0.965097958042508, 'bagging_freq': 4, 'min_child_samples': 32}. Best is trial 2 with value: 0.9821428571428572.
[I 2025-09-17 13:16:34,904] Trial 36 finished with value: 0.5 and parameters: {'num_leaves': 53, 'learning_rate': 0.0850523719580452, 'feature_fraction': 0.48840667665039905, 'bagging_fraction': 0.7662200208239683, 'bagging_freq': 6, 'min_child_samples': 56}. Best is trial 2 with value: 0.9821428571428572.
[I 2025-09-17 13:16:34,916] Trial 37 finished with value: 0.5 and parameters: {'num_leaves': 101, 'learning_rate': 0.285473412133377, 'feature_fraction': 0.6657723196233077, 'bagging_fraction': 0.68688367703429, 'bagging_freq': 4, 'min_child_samples': 82}. Best is trial 2 with value: 0.9821428571428572.
[I 2025-09-17 13:16:34,940] Trial 38 finished with value: 0.8928571428571428 and parameters: {'num_leaves': 128, 'learning_rate': 0.15305179804194474, 'feature_fraction': 0.9983602836379909, 'bagging_fraction': 0.6120626397865279, 'bagging_freq': 5, 'min_child_samples': 27}. Best is trial 2 with value: 0.9821428571428572.
[I 2025-09-17 13:16:35,021] Trial 39 finished with value: 1.0 and parameters: {'num_leaves': 25, 'learning_rate': 0.2507323725728281, 'feature_fraction': 0.9426685580057169, 'bagging_fraction': 0.8221965710876282, 'bagging_freq': 3, 'min_child_samples': 10}. Best is trial 39 with value: 1.0.
[I 2025-09-17 13:16:35,099] Trial 40 finished with value: 0.9464285714285715 and parameters: {'num_leaves': 25, 'learning_rate': 0.013238466827521528, 'feature_fraction': 0.9547480235551531, 'bagging_fraction': 0.8985334098249848, 'bagging_freq': 3, 'min_child_samples': 14}. Best is trial 39 with value: 1.0.
[I 2025-09-17 13:16:35,178] Trial 41 finished with value: 0.9821428571428572 and parameters: {'num_leaves': 76, 'learning_rate': 0.25133623994777243, 'feature_fraction': 0.9314652232763769, 'bagging_fraction': 0.7895668943849752, 'bagging_freq': 2, 'min_child_samples': 9}. Best is trial 39 with value: 1.0.
[I 2025-09-17 13:16:35,259] Trial 42 finished with value: 0.9642857142857143 and parameters: {'num_leaves': 41, 'learning_rate': 0.2550637887177005, 'feature_fraction': 0.9437366747311821, 'bagging_fraction': 0.8078140372466295, 'bagging_freq': 3, 'min_child_samples': 9}. Best is trial 39 with value: 1.0.
[I 2025-09-17 13:16:35,343] Trial 43 finished with value: 0.9642857142857143 and parameters: {'num_leaves': 21, 'learning_rate': 0.2058144099102132, 'feature_fraction': 0.8601288776984503, 'bagging_fraction': 0.8455358677816427, 'bagging_freq': 2, 'min_child_samples': 8}. Best is trial 39 with value: 1.0.
[I 2025-09-17 13:16:35,403] Trial 44 finished with value: 0.9107142857142857 and parameters: {'num_leaves': 160, 'learning_rate': 0.2962582401791384, 'feature_fraction': 0.9647082805391703, 'bagging_fraction': 0.7803069416950204, 'bagging_freq': 1, 'min_child_samples': 15}. Best is trial 39 with value: 1.0.
[I 2025-09-17 13:16:35,444] Trial 45 finished with value: 0.8571428571428572 and parameters: {'num_leaves': 82, 'learning_rate': 0.22836887728197977, 'feature_fraction': 0.9210736946822399, 'bagging_fraction': 0.864961805451172, 'bagging_freq': 2, 'min_child_samples': 20}. Best is trial 39 with value: 1.0.
[I 2025-09-17 13:16:35,545] Trial 46 finished with value: 1.0 and parameters: {'num_leaves': 60, 'learning_rate': 0.1263208774485626, 'feature_fraction': 0.8555354195415527, 'bagging_fraction': 0.8036639388493383, 'bagging_freq': 3, 'min_child_samples': 12}. Best is trial 39 with value: 1.0.
[I 2025-09-17 13:16:35,627] Trial 47 finished with value: 0.9642857142857143 and parameters: {'num_leaves': 56, 'learning_rate': 0.12341075125591583, 'feature_fraction': 0.8413734724110951, 'bagging_fraction': 0.8103104508690891, 'bagging_freq': 3, 'min_child_samples': 14}. Best is trial 39 with value: 1.0.
[I 2025-09-17 13:16:35,779] Trial 48 finished with value: 0.9821428571428572 and parameters: {'num_leaves': 100, 'learning_rate': 0.0996665857853134, 'feature_fraction': 0.8728858422945196, 'bagging_fraction': 0.8172494903699038, 'bagging_freq': 1, 'min_child_samples': 5}. Best is trial 39 with value: 1.0.
[I 2025-09-17 13:16:35,827] Trial 49 finished with value: 0.9464285714285715 and parameters: {'num_leaves': 179, 'learning_rate': 0.13110472644029333, 'feature_fraction': 0.7696134387613396, 'bagging_fraction': 0.7017077813196302, 'bagging_freq': 2, 'min_child_samples': 19}. Best is trial 39 with value: 1.0.
[I 2025-09-17 13:16:35,990] A new study created in memory with name: no-name-064b0a6b-90c9-4b31-a2eb-593ca958d26c
[I 2025-09-17 13:16:35,998] Trial 0 finished with value: 0.5 and parameters: {'num_leaves': 300, 'learning_rate': 0.19860576688155188, 'feature_fraction': 0.572364139173686, 'bagging_fraction': 0.7073941134696518, 'bagging_freq': 3, 'min_child_samples': 62}. Best is trial 0 with value: 0.5.
[I 2025-09-17 13:16:36,027] Trial 1 finished with value: 0.7142857142857143 and parameters: {'num_leaves': 254, 'learning_rate': 0.19997070655172544, 'feature_fraction': 0.5418740571972311, 'bagging_fraction': 0.5850906046240983, 'bagging_freq': 5, 'min_child_samples': 25}. Best is trial 1 with value: 0.7142857142857143.
[I 2025-09-17 13:16:36,035] Trial 2 finished with value: 0.5 and parameters: {'num_leaves': 46, 'learning_rate': 0.2654717516847212, 'feature_fraction': 0.815700196880341, 'bagging_fraction': 0.6019559437208418, 'bagging_freq': 2, 'min_child_samples': 53}. Best is trial 1 with value: 0.7142857142857143.
