[I 2025-09-17 13:15:08,108] Trial 49 finished with value: 0.9087301587301588 and parameters: {'num_leaves': 111, 'learning_rate': 0.21337961108610787, 'feature_fraction': 0.45441427538189627, 'bagging_fraction': 0.8807036453840641, 'bagging_freq': 6, 'min_child_samples': 5}. Best is trial 49 with value: 0.9087301587301588.
[I 2025-09-17 13:15:08,571] A new study created in memory with name: no-name-ab3ad174-518b-42fa-8809-5aacf76290c8
[I 2025-09-17 13:15:08,580] Trial 0 finished with value: 0.5 and parameters: {'num_leaves': 282, 'learning_rate': 0.2615033560837052, 'feature_fraction': 0.6136994073293782, 'bagging_fraction': 0.7233543531902209, 'bagging_freq': 5, 'min_child_samples': 51}. Best is trial 0 with value: 0.5.
[I 2025-09-17 13:15:08,592] Trial 1 finished with value: 0.5 and parameters: {'num_leaves': 222, 'learning_rate': 0.2273007754404039, 'feature_fraction': 0.7354626598108542, 'bagging_fraction': 0.7313040235639785, 'bagging_freq': 7, 'min_child_samples': 51}. Best is trial 0 with value: 0.5.
[I 2025-09-17 13:15:08,601] Trial 2 finished with value: 0.5 and parameters: {'num_leaves': 130, 'learning_rate': 0.2361716558761102, 'feature_fraction': 0.900433568416778, 'bagging_fraction': 0.8751641389646851, 'bagging_freq': 3, 'min_child_samples': 67}. Best is trial 0 with value: 0.5.
[I 2025-09-17 13:15:08,650] Trial 3 finished with value: 0.7619047619047619 and parameters: {'num_leaves': 43, 'learning_rate': 0.01221768176616489, 'feature_fraction': 0.8550452557346253, 'bagging_fraction': 0.6180438888741071, 'bagging_freq': 2, 'min_child_samples': 14}. Best is trial 3 with value: 0.7619047619047619.
[I 2025-09-17 13:15:08,680] Trial 4 finished with value: 0.8015873015873016 and parameters: {'num_leaves': 273, 'learning_rate': 0.04797445671806762, 'feature_fraction': 0.8359431550328047, 'bagging_fraction': 0.6809660466139731, 'bagging_freq': 6, 'min_child_samples': 24}. Best is trial 4 with value: 0.8015873015873016.
[I 2025-09-17 13:15:08,686] Trial 5 finished with value: 0.5 and parameters: {'num_leaves': 288, 'learning_rate': 0.21786727293191466, 'feature_fraction': 0.5095135114730134, 'bagging_fraction': 0.8631685601795089, 'bagging_freq': 1, 'min_child_samples': 64}. Best is trial 4 with value: 0.8015873015873016.
[I 2025-09-17 13:15:08,712] Trial 6 finished with value: 0.7817460317460317 and parameters: {'num_leaves': 282, 'learning_rate': 0.1616698391490549, 'feature_fraction': 0.817502750118045, 'bagging_fraction': 0.6213762352165548, 'bagging_freq': 7, 'min_child_samples': 20}. Best is trial 4 with value: 0.8015873015873016.
[I 2025-09-17 13:15:08,720] Trial 7 finished with value: 0.5 and parameters: {'num_leaves': 294, 'learning_rate': 0.2276066577728554, 'feature_fraction': 0.6673012419064368, 'bagging_fraction': 0.7368744461630006, 'bagging_freq': 7, 'min_child_samples': 84}. Best is trial 4 with value: 0.8015873015873016.
[I 2025-09-17 13:15:08,739] Trial 8 finished with value: 0.7976190476190477 and parameters: {'num_leaves': 75, 'learning_rate': 0.13287835737743275, 'feature_fraction': 0.7830991746802807, 'bagging_fraction': 0.8088988919251208, 'bagging_freq': 4, 'min_child_samples': 48}. Best is trial 4 with value: 0.8015873015873016.
[I 2025-09-17 13:15:08,760] Trial 9 finished with value: 0.8015873015873016 and parameters: {'num_leaves': 267, 'learning_rate': 0.1357555667224539, 'feature_fraction': 0.6425579738480991, 'bagging_fraction': 0.9226843607466201, 'bagging_freq': 7, 'min_child_samples': 37}. Best is trial 4 with value: 0.8015873015873016.
[I 2025-09-17 13:15:08,834] Trial 10 finished with value: 0.8452380952380953 and parameters: {'num_leaves': 189, 'learning_rate': 0.01004133073440501, 'feature_fraction': 0.9898520642158186, 'bagging_fraction': 0.4172200446983807, 'bagging_freq': 5, 'min_child_samples': 6}. Best is trial 10 with value: 0.8452380952380953.
[I 2025-09-17 13:15:08,910] Trial 11 finished with value: 0.7857142857142856 and parameters: {'num_leaves': 190, 'learning_rate': 0.010112729164656914, 'feature_fraction': 0.9816808406124764, 'bagging_fraction': 0.457435869901073, 'bagging_freq': 5, 'min_child_samples': 6}. Best is trial 10 with value: 0.8452380952380953.
[I 2025-09-17 13:15:08,934] Trial 12 finished with value: 0.7380952380952381 and parameters: {'num_leaves': 143, 'learning_rate': 0.06332224351049659, 'feature_fraction': 0.9550473615043858, 'bagging_fraction': 0.4059276591329485, 'bagging_freq': 5, 'min_child_samples': 28}. Best is trial 10 with value: 0.8452380952380953.
[I 2025-09-17 13:15:09,015] Trial 13 finished with value: 0.761904761904762 and parameters: {'num_leaves': 218, 'learning_rate': 0.07033239837269115, 'feature_fraction': 0.888506533948648, 'bagging_fraction': 0.546307214115091, 'bagging_freq': 6, 'min_child_samples': 5}. Best is trial 10 with value: 0.8452380952380953.
[I 2025-09-17 13:15:09,044] Trial 14 finished with value: 0.8015873015873016 and parameters: {'num_leaves': 179, 'learning_rate': 0.0651235119080416, 'feature_fraction': 0.9929466222236375, 'bagging_fraction': 0.9957983628889651, 'bagging_freq': 4, 'min_child_samples': 32}. Best is trial 10 with value: 0.8452380952380953.
[I 2025-09-17 13:15:09,074] Trial 15 finished with value: 0.7619047619047619 and parameters: {'num_leaves': 231, 'learning_rate': 0.08988756182694091, 'feature_fraction': 0.9109030424304392, 'bagging_fraction': 0.525995824223222, 'bagging_freq': 6, 'min_child_samples': 19}. Best is trial 10 with value: 0.8452380952380953.
[I 2025-09-17 13:15:09,087] Trial 16 finished with value: 0.5 and parameters: {'num_leaves': 111, 'learning_rate': 0.040149196343888305, 'feature_fraction': 0.41222964025477116, 'bagging_fraction': 0.6184340682874008, 'bagging_freq': 6, 'min_child_samples': 97}. Best is trial 10 with value: 0.8452380952380953.
Early stopping, best iteration is:
[3]	valid_0's binary_logloss: 0.685521
Training until validation scores don't improve for 50 rounds
Early stopping, best iteration is:
[12]	valid_0's binary_logloss: 0.579514
Training until validation scores don't improve for 50 rounds
Did not meet early stopping. Best iteration is:
[90]	valid_0's binary_logloss: 0.616951
Training until validation scores don't improve for 50 rounds
Early stopping, best iteration is:
[6]	valid_0's binary_logloss: 0.588292
Training until validation scores don't improve for 50 rounds
Early stopping, best iteration is:
[8]	valid_0's binary_logloss: 0.583909
Training until validation scores don't improve for 50 rounds
Early stopping, best iteration is:
[9]	valid_0's binary_logloss: 0.577807
Training until validation scores don't improve for 50 rounds
Early stopping, best iteration is:
[8]	valid_0's binary_logloss: 0.601368
Training until validation scores don't improve for 50 rounds
Early stopping, best iteration is:
[48]	valid_0's binary_logloss: 0.605107
Training until validation scores don't improve for 50 rounds
Early stopping, best iteration is:
[11]	valid_0's binary_logloss: 0.630263
Training until validation scores don't improve for 50 rounds
Early stopping, best iteration is:
[12]	valid_0's binary_logloss: 0.600227
Training until validation scores don't improve for 50 rounds
Early stopping, best iteration is:
[4]	valid_0's binary_logloss: 0.685521
Training until validation scores don't improve for 50 rounds
Early stopping, best iteration is:
[41]	valid_0's binary_logloss: 0.60965
Training until validation scores don't improve for 50 rounds
Early stopping, best iteration is:
[5]	valid_0's binary_logloss: 0.685521
Training until validation scores don't improve for 50 rounds
Early stopping, best iteration is:
[47]	valid_0's binary_logloss: 0.632288
Training until validation scores don't improve for 50 rounds
Early stopping, best iteration is:
[29]	valid_0's binary_logloss: 0.5986
Training until validation scores don't improve for 50 rounds
Did not meet early stopping. Best iteration is:
[54]	valid_0's binary_logloss: 0.596515
Training until validation scores don't improve for 50 rounds
Early stopping, best iteration is:
[9]	valid_0's binary_logloss: 0.597134
Training until validation scores don't improve for 50 rounds
Early stopping, best iteration is:
[44]	valid_0's binary_logloss: 0.653961
Training until validation scores don't improve for 50 rounds
Did not meet early stopping. Best iteration is:
[90]	valid_0's binary_logloss: 0.593305
Training until validation scores don't improve for 50 rounds
Early stopping, best iteration is:
[8]	valid_0's binary_logloss: 0.685521
Training until validation scores don't improve for 50 rounds
Early stopping, best iteration is:
[7]	valid_0's binary_logloss: 0.635336
Training until validation scores don't improve for 50 rounds
Did not meet early stopping. Best iteration is:
[58]	valid_0's binary_logloss: 0.652093
Training until validation scores don't improve for 50 rounds
Early stopping, best iteration is:
[35]	valid_0's binary_logloss: 0.602088
Training until validation scores don't improve for 50 rounds
Early stopping, best iteration is:
[33]	valid_0's binary_logloss: 0.589917
Training until validation scores don't improve for 50 rounds
Early stopping, best iteration is:
[10]	valid_0's binary_logloss: 0.595693
Training until validation scores don't improve for 50 rounds
Early stopping, best iteration is:
[47]	valid_0's binary_logloss: 0.626583
Training until validation scores don't improve for 50 rounds
Early stopping, best iteration is:
[5]	valid_0's binary_logloss: 0.685521
Training until validation scores don't improve for 50 rounds
Early stopping, best iteration is:
[44]	valid_0's binary_logloss: 0.685402
Training until validation scores don't improve for 50 rounds
Early stopping, best iteration is:
[13]	valid_0's binary_logloss: 0.589221
Training until validation scores don't improve for 50 rounds
Early stopping, best iteration is:
[7]	valid_0's binary_logloss: 0.572412
Training until validation scores don't improve for 50 rounds
Early stopping, best iteration is:
[43]	valid_0's binary_logloss: 0.553733
Training until validation scores don't improve for 50 rounds
Early stopping, best iteration is:
[14]	valid_0's binary_logloss: 0.525861
Training until validation scores don't improve for 50 rounds
Early stopping, best iteration is:
[17]	valid_0's binary_logloss: 0.537933
Training until validation scores don't improve for 50 rounds
Early stopping, best iteration is:
[13]	valid_0's binary_logloss: 0.593834
Training until validation scores don't improve for 50 rounds
Early stopping, best iteration is:
[13]	valid_0's binary_logloss: 0.481421
Training until validation scores don't improve for 50 rounds
Early stopping, best iteration is:
[21]	valid_0's binary_logloss: 0.519504
Training until validation scores don't improve for 50 rounds
Early stopping, best iteration is:
[14]	valid_0's binary_logloss: 0.517768
Training until validation scores don't improve for 50 rounds
Early stopping, best iteration is:
[24]	valid_0's binary_logloss: 0.521811
Training until validation scores don't improve for 50 rounds
Early stopping, best iteration is:
[4]	valid_0's binary_logloss: 0.585054
Training until validation scores don't improve for 50 rounds
Early stopping, best iteration is:
[22]	valid_0's binary_logloss: 0.528283
Training until validation scores don't improve for 50 rounds
Early stopping, best iteration is:
[14]	valid_0's binary_logloss: 0.454063
Training until validation scores don't improve for 50 rounds
Early stopping, best iteration is:
[8]	valid_0's binary_logloss: 0.438856
Training until validation scores don't improve for 50 rounds
Early stopping, best iteration is:
[11]	valid_0's binary_logloss: 0.685988
Training until validation scores don't improve for 50 rounds
Early stopping, best iteration is:
[15]	valid_0's binary_logloss: 0.685988
Training until validation scores don't improve for 50 rounds
Early stopping, best iteration is:
[3]	valid_0's binary_logloss: 0.685988
Training until validation scores don't improve for 50 rounds
Did not meet early stopping. Best iteration is:
[100]	valid_0's binary_logloss: 0.591986
Training until validation scores don't improve for 50 rounds
Did not meet early stopping. Best iteration is:
[90]	valid_0's binary_logloss: 0.527357
Training until validation scores don't improve for 50 rounds
Early stopping, best iteration is:
[3]	valid_0's binary_logloss: 0.685988
Training until validation scores don't improve for 50 rounds
Early stopping, best iteration is:
[23]	valid_0's binary_logloss: 0.548423
Training until validation scores don't improve for 50 rounds
Early stopping, best iteration is:
[8]	valid_0's binary_logloss: 0.685988
Training until validation scores don't improve for 50 rounds
Did not meet early stopping. Best iteration is:
[90]	valid_0's binary_logloss: 0.530544
Training until validation scores don't improve for 50 rounds
Early stopping, best iteration is:
[45]	valid_0's binary_logloss: 0.526143
Training until validation scores don't improve for 50 rounds
Did not meet early stopping. Best iteration is:
[100]	valid_0's binary_logloss: 0.546819
Training until validation scores don't improve for 50 rounds
Did not meet early stopping. Best iteration is:
[89]	valid_0's binary_logloss: 0.567626
Training until validation scores don't improve for 50 rounds
Did not meet early stopping. Best iteration is:
[56]	valid_0's binary_logloss: 0.586446
Training until validation scores don't improve for 50 rounds
Early stopping, best iteration is:
[26]	valid_0's binary_logloss: 0.554846
Training until validation scores don't improve for 50 rounds
Early stopping, best iteration is:
[46]	valid_0's binary_logloss: 0.546643
Training until validation scores don't improve for 50 rounds
Early stopping, best iteration is:
[33]	valid_0's binary_logloss: 0.571632
Training until validation scores don't improve for 50 rounds
Early stopping, best iteration is:
[19]	valid_0's binary_logloss: 0.685988
Training until validation scores don't improve for 50 rounds
[I 2025-09-17 13:15:09,102] Trial 17 finished with value: 0.5 and parameters: {'num_leaves': 247, 'learning_rate': 0.1002872254640839, 'feature_fraction': 0.8160473501907038, 'bagging_fraction': 0.5038772005554224, 'bagging_freq': 3, 'min_child_samples': 39}. Best is trial 10 with value: 0.8452380952380953.
[I 2025-09-17 13:15:09,129] Trial 18 finished with value: 0.8412698412698413 and parameters: {'num_leaves': 185, 'learning_rate': 0.18531870116225851, 'feature_fraction': 0.7338023920257039, 'bagging_fraction': 0.6581160707813566, 'bagging_freq': 5, 'min_child_samples': 26}. Best is trial 10 with value: 0.8452380952380953.
[I 2025-09-17 13:15:09,164] Trial 19 finished with value: 0.7777777777777778 and parameters: {'num_leaves': 179, 'learning_rate': 0.1787722032702208, 'feature_fraction': 0.5761654399477002, 'bagging_fraction': 0.4017773599381756, 'bagging_freq': 3, 'min_child_samples': 13}. Best is trial 10 with value: 0.8452380952380953.
[I 2025-09-17 13:15:09,183] Trial 20 finished with value: 0.6805555555555556 and parameters: {'num_leaves': 107, 'learning_rate': 0.2979499845104808, 'feature_fraction': 0.7272679324857811, 'bagging_fraction': 0.579013350014988, 'bagging_freq': 5, 'min_child_samples': 41}. Best is trial 10 with value: 0.8452380952380953.
[I 2025-09-17 13:15:09,216] Trial 21 finished with value: 0.8452380952380952 and parameters: {'num_leaves': 209, 'learning_rate': 0.18876416036909394, 'feature_fraction': 0.7666208113730132, 'bagging_fraction': 0.6725150074320423, 'bagging_freq': 6, 'min_child_samples': 25}. Best is trial 10 with value: 0.8452380952380953.
[I 2025-09-17 13:15:09,262] Trial 22 finished with value: 0.8650793650793651 and parameters: {'num_leaves': 183, 'learning_rate': 0.1968652024891133, 'feature_fraction': 0.7704162764275917, 'bagging_fraction': 0.7734319318218035, 'bagging_freq': 4, 'min_child_samples': 12}. Best is trial 22 with value: 0.8650793650793651.
[I 2025-09-17 13:15:09,313] Trial 23 finished with value: 0.8134920634920635 and parameters: {'num_leaves': 156, 'learning_rate': 0.19728310981767894, 'feature_fraction': 0.775287833854422, 'bagging_fraction': 0.7969117523084036, 'bagging_freq': 4, 'min_child_samples': 11}. Best is trial 22 with value: 0.8650793650793651.
[I 2025-09-17 13:15:09,353] Trial 24 finished with value: 0.7976190476190477 and parameters: {'num_leaves': 203, 'learning_rate': 0.13650700053963963, 'feature_fraction': 0.5522642584997483, 'bagging_fraction': 0.7755740694953454, 'bagging_freq': 4, 'min_child_samples': 17}. Best is trial 22 with value: 0.8650793650793651.
[I 2025-09-17 13:15:09,408] Trial 25 finished with value: 0.8055555555555556 and parameters: {'num_leaves': 164, 'learning_rate': 0.26406056813040557, 'feature_fraction': 0.9368297064889045, 'bagging_fraction': 0.46986170763171686, 'bagging_freq': 6, 'min_child_samples': 6}. Best is trial 22 with value: 0.8650793650793651.
[I 2025-09-17 13:15:09,434] Trial 26 finished with value: 0.8174603174603174 and parameters: {'num_leaves': 243, 'learning_rate': 0.16267708186078877, 'feature_fraction': 0.6725096194598151, 'bagging_fraction': 0.8831913111216413, 'bagging_freq': 2, 'min_child_samples': 31}. Best is trial 22 with value: 0.8650793650793651.
[I 2025-09-17 13:15:09,444] Trial 27 finished with value: 0.5 and parameters: {'num_leaves': 206, 'learning_rate': 0.11085270210919457, 'feature_fraction': 0.7749184956171447, 'bagging_fraction': 0.9755397682744988, 'bagging_freq': 5, 'min_child_samples': 64}. Best is trial 22 with value: 0.8650793650793651.
[I 2025-09-17 13:15:09,479] Trial 28 finished with value: 0.8015873015873016 and parameters: {'num_leaves': 127, 'learning_rate': 0.20333975153690978, 'feature_fraction': 0.865924042881648, 'bagging_fraction': 0.8250202320406401, 'bagging_freq': 3, 'min_child_samples': 23}. Best is trial 22 with value: 0.8650793650793651.
[I 2025-09-17 13:15:09,528] Trial 29 finished with value: 0.8095238095238095 and parameters: {'num_leaves': 259, 'learning_rate': 0.2587982032625298, 'feature_fraction': 0.4496483087682341, 'bagging_fraction': 0.7446068766830779, 'bagging_freq': 4, 'min_child_samples': 13}. Best is trial 22 with value: 0.8650793650793651.
[I 2025-09-17 13:15:09,551] Trial 30 finished with value: 0.7936507936507937 and parameters: {'num_leaves': 200, 'learning_rate': 0.2568986509909479, 'feature_fraction': 0.612592289507225, 'bagging_fraction': 0.6929654896646552, 'bagging_freq': 6, 'min_child_samples': 34}. Best is trial 22 with value: 0.8650793650793651.
[I 2025-09-17 13:15:09,574] Trial 31 finished with value: 0.8253968253968255 and parameters: {'num_leaves': 170, 'learning_rate': 0.18619189814583859, 'feature_fraction': 0.7298620013535613, 'bagging_fraction': 0.6538891184924812, 'bagging_freq': 5, 'min_child_samples': 26}. Best is trial 22 with value: 0.8650793650793651.
[I 2025-09-17 13:15:09,595] Trial 32 finished with value: 0.6944444444444444 and parameters: {'num_leaves': 220, 'learning_rate': 0.18474552540443384, 'feature_fraction': 0.7047530487344962, 'bagging_fraction': 0.6674326298602562, 'bagging_freq': 5, 'min_child_samples': 44}. Best is trial 22 with value: 0.8650793650793651.
[I 2025-09-17 13:15:09,607] Trial 33 finished with value: 0.5 and parameters: {'num_leaves': 187, 'learning_rate': 0.20570848004157688, 'feature_fraction': 0.7599903600456618, 'bagging_fraction': 0.7660103881853467, 'bagging_freq': 5, 'min_child_samples': 56}. Best is trial 22 with value: 0.8650793650793651.
[I 2025-09-17 13:15:09,651] Trial 34 finished with value: 0.8452380952380952 and parameters: {'num_leaves': 151, 'learning_rate': 0.15615960017265934, 'feature_fraction': 0.7071103312868507, 'bagging_fraction': 0.5861704576946369, 'bagging_freq': 4, 'min_child_samples': 11}. Best is trial 22 with value: 0.8650793650793651.
[I 2025-09-17 13:15:09,695] Trial 35 finished with value: 0.8174603174603174 and parameters: {'num_leaves': 144, 'learning_rate': 0.14916711894099077, 'feature_fraction': 0.6849567232595787, 'bagging_fraction': 0.7141171080609271, 'bagging_freq': 4, 'min_child_samples': 10}. Best is trial 22 with value: 0.8650793650793651.
[I 2025-09-17 13:15:09,733] Trial 36 finished with value: 0.8253968253968254 and parameters: {'num_leaves': 25, 'learning_rate': 0.11823789580013518, 'feature_fraction': 0.6285016336463615, 'bagging_fraction': 0.551947998747119, 'bagging_freq': 3, 'min_child_samples': 17}. Best is trial 22 with value: 0.8650793650793651.
[I 2025-09-17 13:15:09,776] Trial 37 finished with value: 0.8095238095238095 and parameters: {'num_leaves': 93, 'learning_rate': 0.17121671927037077, 'feature_fraction': 0.815934244968594, 'bagging_fraction': 0.578043494788174, 'bagging_freq': 2, 'min_child_samples': 9}. Best is trial 22 with value: 0.8650793650793651.
[I 2025-09-17 13:15:09,803] Trial 38 finished with value: 0.8412698412698413 and parameters: {'num_leaves': 142, 'learning_rate': 0.23891429476934084, 'feature_fraction': 0.8673252970483801, 'bagging_fraction': 0.49758707044857764, 'bagging_freq': 3, 'min_child_samples': 21}. Best is trial 22 with value: 0.8650793650793651.
[I 2025-09-17 13:15:09,839] Trial 39 finished with value: 0.8174603174603174 and parameters: {'num_leaves': 237, 'learning_rate': 0.15958123367059845, 'feature_fraction': 0.49468931231990243, 'bagging_fraction': 0.5922813609389022, 'bagging_freq': 4, 'min_child_samples': 15}. Best is trial 22 with value: 0.8650793650793651.
[I 2025-09-17 13:15:09,875] Trial 40 finished with value: 0.8373015873015873 and parameters: {'num_leaves': 73, 'learning_rate': 0.14640765684439389, 'feature_fraction': 0.5871665080753126, 'bagging_fraction': 0.4384189019491566, 'bagging_freq': 7, 'min_child_samples': 21}. Best is trial 22 with value: 0.8650793650793651.
[I 2025-09-17 13:15:09,897] Trial 41 finished with value: 0.8253968253968255 and parameters: {'num_leaves': 160, 'learning_rate': 0.2115992645486709, 'feature_fraction': 0.7494990417810362, 'bagging_fraction': 0.6379910606632915, 'bagging_freq': 5, 'min_child_samples': 27}. Best is trial 22 with value: 0.8650793650793651.
