[I 2025-09-17 13:15:49,952] Trial 21 finished with value: 0.8076923076923077 and parameters: {'num_leaves': 140, 'learning_rate': 0.2092931972326815, 'feature_fraction': 0.8291525965118047, 'bagging_fraction': 0.8384905798077437, 'bagging_freq': 1, 'min_child_samples': 18}. Best is trial 8 with value: 0.8916083916083916.
[I 2025-09-17 13:15:49,998] Trial 22 finished with value: 0.8986013986013985 and parameters: {'num_leaves': 107, 'learning_rate': 0.2370645880834112, 'feature_fraction': 0.7747563696986157, 'bagging_fraction': 0.8140009635983012, 'bagging_freq': 1, 'min_child_samples': 18}. Best is trial 22 with value: 0.8986013986013985.
[I 2025-09-17 13:15:50,063] Trial 23 finished with value: 0.8461538461538461 and parameters: {'num_leaves': 95, 'learning_rate': 0.2535066723427816, 'feature_fraction': 0.7604039838956583, 'bagging_fraction': 0.7840175330025907, 'bagging_freq': 1, 'min_child_samples': 19}. Best is trial 22 with value: 0.8986013986013985.
[I 2025-09-17 13:15:50,100] Trial 24 finished with value: 0.8496503496503496 and parameters: {'num_leaves': 169, 'learning_rate': 0.17089655360734038, 'feature_fraction': 0.7148783035123532, 'bagging_fraction': 0.898515475419533, 'bagging_freq': 2, 'min_child_samples': 34}. Best is trial 22 with value: 0.8986013986013985.
[I 2025-09-17 13:15:50,112] Trial 25 finished with value: 0.5 and parameters: {'num_leaves': 119, 'learning_rate': 0.23257093927269487, 'feature_fraction': 0.7852595223298344, 'bagging_fraction': 0.7107777041485843, 'bagging_freq': 3, 'min_child_samples': 59}. Best is trial 22 with value: 0.8986013986013985.
[I 2025-09-17 13:15:50,168] Trial 26 finished with value: 0.8111888111888113 and parameters: {'num_leaves': 75, 'learning_rate': 0.1280071709791304, 'feature_fraction': 0.9219571971970543, 'bagging_fraction': 0.7959986604343594, 'bagging_freq': 1, 'min_child_samples': 19}. Best is trial 22 with value: 0.8986013986013985.
[I 2025-09-17 13:15:50,181] Trial 27 finished with value: 0.5 and parameters: {'num_leaves': 189, 'learning_rate': 0.19622368352780517, 'feature_fraction': 0.8643579989691155, 'bagging_fraction': 0.7050271631943615, 'bagging_freq': 2, 'min_child_samples': 99}. Best is trial 22 with value: 0.8986013986013985.
[I 2025-09-17 13:15:50,201] Trial 28 finished with value: 0.6503496503496503 and parameters: {'num_leaves': 96, 'learning_rate': 0.06608296331299482, 'feature_fraction': 0.6728131454642281, 'bagging_fraction': 0.6546407310171115, 'bagging_freq': 4, 'min_child_samples': 41}. Best is trial 22 with value: 0.8986013986013985.
[I 2025-09-17 13:15:50,233] Trial 29 finished with value: 0.6853146853146853 and parameters: {'num_leaves': 158, 'learning_rate': 0.11503307074027098, 'feature_fraction': 0.5742992088929152, 'bagging_fraction': 0.5640911628035594, 'bagging_freq': 7, 'min_child_samples': 29}. Best is trial 22 with value: 0.8986013986013985.
[I 2025-09-17 13:15:50,346] Trial 30 finished with value: 0.8076923076923077 and parameters: {'num_leaves': 256, 'learning_rate': 0.08908829044869035, 'feature_fraction': 0.7952104292591464, 'bagging_fraction': 0.9091051805743058, 'bagging_freq': 5, 'min_child_samples': 8}. Best is trial 22 with value: 0.8986013986013985.
[I 2025-09-17 13:15:50,389] Trial 31 finished with value: 0.8671328671328671 and parameters: {'num_leaves': 155, 'learning_rate': 0.1606204620067259, 'feature_fraction': 0.7225496164372823, 'bagging_fraction': 0.8781037309423805, 'bagging_freq': 2, 'min_child_samples': 34}. Best is trial 22 with value: 0.8986013986013985.
[I 2025-09-17 13:15:50,439] Trial 32 finished with value: 0.8496503496503496 and parameters: {'num_leaves': 127, 'learning_rate': 0.161643382422348, 'feature_fraction': 0.7360949255470849, 'bagging_fraction': 0.8672768247990794, 'bagging_freq': 1, 'min_child_samples': 23}. Best is trial 22 with value: 0.8986013986013985.
[I 2025-09-17 13:15:50,482] Trial 33 finished with value: 0.881118881118881 and parameters: {'num_leaves': 158, 'learning_rate': 0.14662400377627552, 'feature_fraction': 0.7105758026346133, 'bagging_fraction': 0.954845068022388, 'bagging_freq': 2, 'min_child_samples': 30}. Best is trial 22 with value: 0.8986013986013985.
[I 2025-09-17 13:15:50,551] Trial 34 finished with value: 0.8146853146853146 and parameters: {'num_leaves': 55, 'learning_rate': 0.1441970277143567, 'feature_fraction': 0.637376997760195, 'bagging_fraction': 0.9419886746465764, 'bagging_freq': 1, 'min_child_samples': 12}. Best is trial 22 with value: 0.8986013986013985.
[I 2025-09-17 13:15:50,609] Trial 35 finished with value: 0.8461538461538461 and parameters: {'num_leaves': 99, 'learning_rate': 0.18396437490338186, 'feature_fraction': 0.7026571764469816, 'bagging_fraction': 0.9861432543742226, 'bagging_freq': 2, 'min_child_samples': 21}. Best is trial 22 with value: 0.8986013986013985.
[I 2025-09-17 13:15:50,646] Trial 36 finished with value: 0.8076923076923076 and parameters: {'num_leaves': 197, 'learning_rate': 0.23213934900565777, 'feature_fraction': 0.6045514240381465, 'bagging_fraction': 0.6324962670509777, 'bagging_freq': 1, 'min_child_samples': 30}. Best is trial 22 with value: 0.8986013986013985.
[I 2025-09-17 13:15:50,705] Trial 37 finished with value: 0.8496503496503496 and parameters: {'num_leaves': 225, 'learning_rate': 0.11953621083052887, 'feature_fraction': 0.8764092703739439, 'bagging_fraction': 0.8081659739640121, 'bagging_freq': 2, 'min_child_samples': 14}. Best is trial 22 with value: 0.8986013986013985.
[I 2025-09-17 13:15:50,750] Trial 38 finished with value: 0.7727272727272727 and parameters: {'num_leaves': 10, 'learning_rate': 0.04383844265635542, 'feature_fraction': 0.786593381081546, 'bagging_fraction': 0.9502437819493776, 'bagging_freq': 2, 'min_child_samples': 25}. Best is trial 22 with value: 0.8986013986013985.
[I 2025-09-17 13:15:50,833] Trial 39 finished with value: 0.7062937062937062 and parameters: {'num_leaves': 77, 'learning_rate': 0.09914891533081363, 'feature_fraction': 0.6696781885363959, 'bagging_fraction': 0.9329245101578525, 'bagging_freq': 1, 'min_child_samples': 8}. Best is trial 22 with value: 0.8986013986013985.
[I 2025-09-17 13:15:50,846] Trial 40 finished with value: 0.5506993006993007 and parameters: {'num_leaves': 49, 'learning_rate': 0.27847770283029144, 'feature_fraction': 0.9932057111552799, 'bagging_fraction': 0.5714678801740891, 'bagging_freq': 3, 'min_child_samples': 43}. Best is trial 22 with value: 0.8986013986013985.
[I 2025-09-17 13:15:50,885] Trial 41 finished with value: 0.8461538461538461 and parameters: {'num_leaves': 161, 'learning_rate': 0.15349494123893, 'feature_fraction': 0.740662538125563, 'bagging_fraction': 0.8524181732790254, 'bagging_freq': 2, 'min_child_samples': 32}. Best is trial 22 with value: 0.8986013986013985.
[I 2025-09-17 13:15:50,930] Trial 42 finished with value: 0.8601398601398602 and parameters: {'num_leaves': 129, 'learning_rate': 0.16293413578456994, 'feature_fraction': 0.699861035089511, 'bagging_fraction': 0.7308236873918567, 'bagging_freq': 2, 'min_child_samples': 24}. Best is trial 22 with value: 0.8986013986013985.
[I 2025-09-17 13:15:50,976] Trial 43 finished with value: 0.8216783216783217 and parameters: {'num_leaves': 176, 'learning_rate': 0.19416312337261196, 'feature_fraction': 0.7257531824597938, 'bagging_fraction': 0.9772769851897192, 'bagging_freq': 2, 'min_child_samples': 27}. Best is trial 22 with value: 0.8986013986013985.
[I 2025-09-17 13:15:51,029] Trial 44 finished with value: 0.8426573426573427 and parameters: {'num_leaves': 152, 'learning_rate': 0.1474847975651271, 'feature_fraction': 0.6325140865340526, 'bagging_fraction': 0.7680188206187584, 'bagging_freq': 6, 'min_child_samples': 16}. Best is trial 22 with value: 0.8986013986013985.
[I 2025-09-17 13:15:51,057] Trial 45 finished with value: 0.7587412587412588 and parameters: {'num_leaves': 129, 'learning_rate': 0.17693264454223806, 'feature_fraction': 0.7660048024191928, 'bagging_fraction': 0.8176953781742625, 'bagging_freq': 1, 'min_child_samples': 39}. Best is trial 22 with value: 0.8986013986013985.
[I 2025-09-17 13:15:51,083] Trial 46 finished with value: 0.8041958041958042 and parameters: {'num_leaves': 109, 'learning_rate': 0.21106701373092543, 'feature_fraction': 0.8056426390673268, 'bagging_fraction': 0.9123737331107447, 'bagging_freq': 3, 'min_child_samples': 47}. Best is trial 22 with value: 0.8986013986013985.
[I 2025-09-17 13:15:51,145] Trial 47 finished with value: 0.8181818181818181 and parameters: {'num_leaves': 274, 'learning_rate': 0.13329997252202228, 'feature_fraction': 0.6925156281753335, 'bagging_fraction': 0.8668691593453614, 'bagging_freq': 5, 'min_child_samples': 11}. Best is trial 22 with value: 0.8986013986013985.
[I 2025-09-17 13:15:51,171] Trial 48 finished with value: 0.6730769230769231 and parameters: {'num_leaves': 227, 'learning_rate': 0.24435559115259298, 'feature_fraction': 0.6043953301958935, 'bagging_fraction': 0.9652934153027305, 'bagging_freq': 1, 'min_child_samples': 54}. Best is trial 22 with value: 0.8986013986013985.
[I 2025-09-17 13:15:51,207] Trial 49 finished with value: 0.8146853146853147 and parameters: {'num_leaves': 214, 'learning_rate': 0.26533005794070563, 'feature_fraction': 0.6496702748049489, 'bagging_fraction': 0.7821993817746327, 'bagging_freq': 2, 'min_child_samples': 34}. Best is trial 22 with value: 0.8986013986013985.
[I 2025-09-17 13:15:51,494] A new study created in memory with name: no-name-76c9c779-ec1d-4091-b0da-ff92516732ff
[I 2025-09-17 13:15:51,515] Trial 0 finished with value: 0.7272727272727273 and parameters: {'num_leaves': 45, 'learning_rate': 0.2626369441821148, 'feature_fraction': 0.5153549029845769, 'bagging_fraction': 0.8094775667153855, 'bagging_freq': 6, 'min_child_samples': 60}. Best is trial 0 with value: 0.7272727272727273.
[I 2025-09-17 13:15:51,525] Trial 1 finished with value: 0.5 and parameters: {'num_leaves': 169, 'learning_rate': 0.1585141507157929, 'feature_fraction': 0.6833527996982798, 'bagging_fraction': 0.77881482000265, 'bagging_freq': 6, 'min_child_samples': 90}. Best is trial 0 with value: 0.7272727272727273.
[I 2025-09-17 13:15:51,549] Trial 2 finished with value: 0.8286713286713286 and parameters: {'num_leaves': 119, 'learning_rate': 0.21861306251311136, 'feature_fraction': 0.44398248989568534, 'bagging_fraction': 0.9250205937645211, 'bagging_freq': 4, 'min_child_samples': 44}. Best is trial 2 with value: 0.8286713286713286.
Early stopping, best iteration is:
[27]	valid_0's binary_logloss: 0.540689
Training until validation scores don't improve for 50 rounds
Early stopping, best iteration is:
[39]	valid_0's binary_logloss: 0.400041
Training until validation scores don't improve for 50 rounds
Early stopping, best iteration is:
[10]	valid_0's binary_logloss: 0.691035
Training until validation scores don't improve for 50 rounds
Early stopping, best iteration is:
[14]	valid_0's binary_logloss: 0.549696
Training until validation scores don't improve for 50 rounds
Early stopping, best iteration is:
[15]	valid_0's binary_logloss: 0.459101
Training model for P050... (normalize_per_user=True)
Training until validation scores don't improve for 50 rounds
Did not meet early stopping. Best iteration is:
[72]	valid_0's binary_logloss: 0.520838
Training until validation scores don't improve for 50 rounds
Early stopping, best iteration is:
[1]	valid_0's binary_logloss: 0.659919
Training until validation scores don't improve for 50 rounds
Early stopping, best iteration is:
[49]	valid_0's binary_logloss: 0.489961
Training until validation scores don't improve for 50 rounds
Early stopping, best iteration is:
[11]	valid_0's binary_logloss: 0.500806
Training until validation scores don't improve for 50 rounds
Did not meet early stopping. Best iteration is:
[74]	valid_0's binary_logloss: 0.469931
Training until validation scores don't improve for 50 rounds
Did not meet early stopping. Best iteration is:
[100]	valid_0's binary_logloss: 0.573675
Training until validation scores don't improve for 50 rounds
Early stopping, best iteration is:
[2]	valid_0's binary_logloss: 0.549825
Training until validation scores don't improve for 50 rounds
Early stopping, best iteration is:
[1]	valid_0's binary_logloss: 0.659919
Training until validation scores don't improve for 50 rounds
Did not meet early stopping. Best iteration is:
[70]	valid_0's binary_logloss: 0.421148
Training until validation scores don't improve for 50 rounds
Did not meet early stopping. Best iteration is:
[100]	valid_0's binary_logloss: 0.570071
Training until validation scores don't improve for 50 rounds
Early stopping, best iteration is:
[47]	valid_0's binary_logloss: 0.659919
Training until validation scores don't improve for 50 rounds
Early stopping, best iteration is:
[1]	valid_0's binary_logloss: 0.648968
Training until validation scores don't improve for 50 rounds
Early stopping, best iteration is:
[2]	valid_0's binary_logloss: 0.659919
Training until validation scores don't improve for 50 rounds
Early stopping, best iteration is:
[2]	valid_0's binary_logloss: 0.659919
Training until validation scores don't improve for 50 rounds
Early stopping, best iteration is:
[14]	valid_0's binary_logloss: 0.47408
Training until validation scores don't improve for 50 rounds
Early stopping, best iteration is:
[16]	valid_0's binary_logloss: 0.652463
Training until validation scores don't improve for 50 rounds
Early stopping, best iteration is:
[1]	valid_0's binary_logloss: 0.659919
Training until validation scores don't improve for 50 rounds
Early stopping, best iteration is:
[21]	valid_0's binary_logloss: 0.490715
Training until validation scores don't improve for 50 rounds
Early stopping, best iteration is:
[2]	valid_0's binary_logloss: 0.659919
Training until validation scores don't improve for 50 rounds
Early stopping, best iteration is:
[5]	valid_0's binary_logloss: 0.601134
Training until validation scores don't improve for 50 rounds
Early stopping, best iteration is:
[11]	valid_0's binary_logloss: 0.575396
Training until validation scores don't improve for 50 rounds
Early stopping, best iteration is:
[23]	valid_0's binary_logloss: 0.500469
Training until validation scores don't improve for 50 rounds
Early stopping, best iteration is:
[34]	valid_0's binary_logloss: 0.460115
Training until validation scores don't improve for 50 rounds
Did not meet early stopping. Best iteration is:
[51]	valid_0's binary_logloss: 0.505336
Training until validation scores don't improve for 50 rounds
Did not meet early stopping. Best iteration is:
[97]	valid_0's binary_logloss: 0.471872
Training until validation scores don't improve for 50 rounds
Early stopping, best iteration is:
[2]	valid_0's binary_logloss: 0.659919
Training until validation scores don't improve for 50 rounds
Did not meet early stopping. Best iteration is:
[60]	valid_0's binary_logloss: 0.521889
Training until validation scores don't improve for 50 rounds
Early stopping, best iteration is:
[9]	valid_0's binary_logloss: 0.659919
Training until validation scores don't improve for 50 rounds
Early stopping, best iteration is:
[21]	valid_0's binary_logloss: 0.631951
Training until validation scores don't improve for 50 rounds
Early stopping, best iteration is:
[39]	valid_0's binary_logloss: 0.615974
Training until validation scores don't improve for 50 rounds
Early stopping, best iteration is:
[44]	valid_0's binary_logloss: 0.51339
Training until validation scores don't improve for 50 rounds
Did not meet early stopping. Best iteration is:
[93]	valid_0's binary_logloss: 0.433072
Training until validation scores don't improve for 50 rounds
Did not meet early stopping. Best iteration is:
[53]	valid_0's binary_logloss: 0.4945
Training until validation scores don't improve for 50 rounds
Did not meet early stopping. Best iteration is:
[91]	valid_0's binary_logloss: 0.427154
Training until validation scores don't improve for 50 rounds
Early stopping, best iteration is:
[27]	valid_0's binary_logloss: 0.510834
Training until validation scores don't improve for 50 rounds
Did not meet early stopping. Best iteration is:
[60]	valid_0's binary_logloss: 0.460208
Training until validation scores don't improve for 50 rounds
Did not meet early stopping. Best iteration is:
[100]	valid_0's binary_logloss: 0.514202
Training until validation scores don't improve for 50 rounds
Early stopping, best iteration is:
[35]	valid_0's binary_logloss: 0.488406
Training until validation scores don't improve for 50 rounds
Did not meet early stopping. Best iteration is:
[98]	valid_0's binary_logloss: 0.548452
Training until validation scores don't improve for 50 rounds
Early stopping, best iteration is:
[15]	valid_0's binary_logloss: 0.584815
Training until validation scores don't improve for 50 rounds
Early stopping, best iteration is:
[1]	valid_0's binary_logloss: 0.65513
Training until validation scores don't improve for 50 rounds
Did not meet early stopping. Best iteration is:
[93]	valid_0's binary_logloss: 0.459061
Training until validation scores don't improve for 50 rounds
Did not meet early stopping. Best iteration is:
[65]	valid_0's binary_logloss: 0.461679
Training until validation scores don't improve for 50 rounds
Did not meet early stopping. Best iteration is:
[57]	valid_0's binary_logloss: 0.490009
Training until validation scores don't improve for 50 rounds
Early stopping, best iteration is:
[47]	valid_0's binary_logloss: 0.502119
Training until validation scores don't improve for 50 rounds
Did not meet early stopping. Best iteration is:
[100]	valid_0's binary_logloss: 0.528338
Training until validation scores don't improve for 50 rounds
Did not meet early stopping. Best iteration is:
[72]	valid_0's binary_logloss: 0.533469
Training until validation scores don't improve for 50 rounds
Early stopping, best iteration is:
[20]	valid_0's binary_logloss: 0.507737
Training until validation scores don't improve for 50 rounds
Early stopping, best iteration is:
[29]	valid_0's binary_logloss: 0.614846
Training until validation scores don't improve for 50 rounds
Did not meet early stopping. Best iteration is:
[98]	valid_0's binary_logloss: 0.490805
Training until validation scores don't improve for 50 rounds
Did not meet early stopping. Best iteration is:
[93]	valid_0's binary_logloss: 0.593111
Training until validation scores don't improve for 50 rounds
Early stopping, best iteration is:
[3]	valid_0's binary_logloss: 0.659919
Training until validation scores don't improve for 50 rounds
Did not meet early stopping. Best iteration is:
[59]	valid_0's binary_logloss: 0.49532
[I 2025-09-17 13:15:51,567] Trial 3 finished with value: 0.7867132867132867 and parameters: {'num_leaves': 143, 'learning_rate': 0.24199611325005427, 'feature_fraction': 0.6147301078308245, 'bagging_fraction': 0.8722978984928752, 'bagging_freq': 3, 'min_child_samples': 48}. Best is trial 2 with value: 0.8286713286713286.
[I 2025-09-17 13:15:51,648] Trial 4 finished with value: 0.8986013986013985 and parameters: {'num_leaves': 89, 'learning_rate': 0.17080262186136336, 'feature_fraction': 0.5135343688727935, 'bagging_fraction': 0.9105763387468908, 'bagging_freq': 3, 'min_child_samples': 10}. Best is trial 4 with value: 0.8986013986013985.
[I 2025-09-17 13:15:51,657] Trial 5 finished with value: 0.5 and parameters: {'num_leaves': 53, 'learning_rate': 0.1045198992095192, 'feature_fraction': 0.9722609967199629, 'bagging_fraction': 0.5042196245826566, 'bagging_freq': 3, 'min_child_samples': 63}. Best is trial 4 with value: 0.8986013986013985.
[I 2025-09-17 13:15:51,665] Trial 6 finished with value: 0.5 and parameters: {'num_leaves': 196, 'learning_rate': 0.04833672784529773, 'feature_fraction': 0.8333979133779198, 'bagging_fraction': 0.7569811284104097, 'bagging_freq': 2, 'min_child_samples': 66}. Best is trial 4 with value: 0.8986013986013985.
[I 2025-09-17 13:15:51,673] Trial 7 finished with value: 0.5 and parameters: {'num_leaves': 34, 'learning_rate': 0.0110475270910275, 'feature_fraction': 0.7069720875823653, 'bagging_fraction': 0.5305537053441369, 'bagging_freq': 4, 'min_child_samples': 99}. Best is trial 4 with value: 0.8986013986013985.
[I 2025-09-17 13:15:51,681] Trial 8 finished with value: 0.5 and parameters: {'num_leaves': 153, 'learning_rate': 0.08370329188115923, 'feature_fraction': 0.8644567370762454, 'bagging_fraction': 0.4679815002115898, 'bagging_freq': 2, 'min_child_samples': 47}. Best is trial 4 with value: 0.8986013986013985.
[I 2025-09-17 13:15:51,700] Trial 9 finished with value: 0.8531468531468531 and parameters: {'num_leaves': 184, 'learning_rate': 0.18871246262450955, 'feature_fraction': 0.8086278946383447, 'bagging_fraction': 0.8186965647467745, 'bagging_freq': 6, 'min_child_samples': 31}. Best is trial 4 with value: 0.8986013986013985.
[I 2025-09-17 13:15:51,773] Trial 10 finished with value: 0.8601398601398601 and parameters: {'num_leaves': 289, 'learning_rate': 0.2962038908290109, 'feature_fraction': 0.4039705388799891, 'bagging_fraction': 0.6243552480140929, 'bagging_freq': 1, 'min_child_samples': 8}. Best is trial 4 with value: 0.8986013986013985.
[I 2025-09-17 13:15:51,896] Trial 11 finished with value: 0.8461538461538461 and parameters: {'num_leaves': 290, 'learning_rate': 0.2918845603301728, 'feature_fraction': 0.42067368345110034, 'bagging_fraction': 0.6115304996998678, 'bagging_freq': 1, 'min_child_samples': 5}. Best is trial 4 with value: 0.8986013986013985.
[I 2025-09-17 13:15:51,990] Trial 12 finished with value: 0.8811188811188811 and parameters: {'num_leaves': 275, 'learning_rate': 0.12094450569511506, 'feature_fraction': 0.5251217110235016, 'bagging_fraction': 0.6500866401375959, 'bagging_freq': 1, 'min_child_samples': 7}. Best is trial 4 with value: 0.8986013986013985.
