[I 2025-09-17 13:16:55,865] Trial 49 finished with value: 0.5 and parameters: {'num_leaves': 72, 'learning_rate': 0.2593346313720248, 'feature_fraction': 0.8852539094686096, 'bagging_fraction': 0.7477550911452009, 'bagging_freq': 7, 'min_child_samples': 58}. Best is trial 43 with value: 0.9126984126984126.
[I 2025-09-17 13:16:56,136] A new study created in memory with name: no-name-f2a269fd-53fe-467b-a409-f1eebd3e5220
[I 2025-09-17 13:16:56,145] Trial 0 finished with value: 0.5 and parameters: {'num_leaves': 205, 'learning_rate': 0.053485171324423784, 'feature_fraction': 0.63576032661588, 'bagging_fraction': 0.8282740466266649, 'bagging_freq': 3, 'min_child_samples': 79}. Best is trial 0 with value: 0.5.
[I 2025-09-17 13:16:56,152] Trial 1 finished with value: 0.5 and parameters: {'num_leaves': 40, 'learning_rate': 0.03131981644013073, 'feature_fraction': 0.4131046843217716, 'bagging_fraction': 0.487194524905821, 'bagging_freq': 2, 'min_child_samples': 86}. Best is trial 0 with value: 0.5.
[I 2025-09-17 13:16:56,171] Trial 2 finished with value: 0.7476780185758514 and parameters: {'num_leaves': 56, 'learning_rate': 0.19711335527239637, 'feature_fraction': 0.8864000850416762, 'bagging_fraction': 0.7822052210690511, 'bagging_freq': 5, 'min_child_samples': 26}. Best is trial 2 with value: 0.7476780185758514.
[I 2025-09-17 13:16:56,179] Trial 3 finished with value: 0.5 and parameters: {'num_leaves': 176, 'learning_rate': 0.14255703701004524, 'feature_fraction': 0.7942451413609506, 'bagging_fraction': 0.4926960447548081, 'bagging_freq': 4, 'min_child_samples': 58}. Best is trial 2 with value: 0.7476780185758514.
[I 2025-09-17 13:16:56,187] Trial 4 finished with value: 0.5 and parameters: {'num_leaves': 221, 'learning_rate': 0.1778293930725563, 'feature_fraction': 0.7341344234253788, 'bagging_fraction': 0.7255426752027245, 'bagging_freq': 2, 'min_child_samples': 97}. Best is trial 2 with value: 0.7476780185758514.
[I 2025-09-17 13:16:56,195] Trial 5 finished with value: 0.5 and parameters: {'num_leaves': 163, 'learning_rate': 0.2953598487913879, 'feature_fraction': 0.7517981592944813, 'bagging_fraction': 0.4555362788564311, 'bagging_freq': 1, 'min_child_samples': 72}. Best is trial 2 with value: 0.7476780185758514.
[I 2025-09-17 13:16:56,217] Trial 6 finished with value: 0.7058823529411765 and parameters: {'num_leaves': 141, 'learning_rate': 0.010519569266011181, 'feature_fraction': 0.4209067928965743, 'bagging_fraction': 0.7718271007277084, 'bagging_freq': 3, 'min_child_samples': 48}. Best is trial 2 with value: 0.7476780185758514.
[I 2025-09-17 13:16:56,225] Trial 7 finished with value: 0.5 and parameters: {'num_leaves': 167, 'learning_rate': 0.05006666298947432, 'feature_fraction': 0.7892015887549233, 'bagging_fraction': 0.5262013393660837, 'bagging_freq': 6, 'min_child_samples': 86}. Best is trial 2 with value: 0.7476780185758514.
[I 2025-09-17 13:16:56,240] Trial 8 finished with value: 0.7058823529411764 and parameters: {'num_leaves': 173, 'learning_rate': 0.24045507923884757, 'feature_fraction': 0.8256703963767125, 'bagging_fraction': 0.6311552632686594, 'bagging_freq': 2, 'min_child_samples': 40}. Best is trial 2 with value: 0.7476780185758514.
[I 2025-09-17 13:16:56,248] Trial 9 finished with value: 0.5 and parameters: {'num_leaves': 199, 'learning_rate': 0.0473741232402782, 'feature_fraction': 0.7461633891123978, 'bagging_fraction': 0.48294213390359636, 'bagging_freq': 6, 'min_child_samples': 66}. Best is trial 2 with value: 0.7476780185758514.
[I 2025-09-17 13:16:56,305] Trial 10 finished with value: 0.7244582043343653 and parameters: {'num_leaves': 10, 'learning_rate': 0.15738503527180472, 'feature_fraction': 0.9991921613324235, 'bagging_fraction': 0.9946186155214727, 'bagging_freq': 7, 'min_child_samples': 10}. Best is trial 2 with value: 0.7476780185758514.
[I 2025-09-17 13:16:56,362] Trial 11 finished with value: 0.7105263157894737 and parameters: {'num_leaves': 10, 'learning_rate': 0.15183216409658604, 'feature_fraction': 0.9852827926049484, 'bagging_fraction': 0.9530702632517664, 'bagging_freq': 7, 'min_child_samples': 8}. Best is trial 2 with value: 0.7476780185758514.
[I 2025-09-17 13:16:56,426] Trial 12 finished with value: 0.6965944272445821 and parameters: {'num_leaves': 82, 'learning_rate': 0.20697959643584396, 'feature_fraction': 0.9978136753496274, 'bagging_fraction': 0.9957219453612967, 'bagging_freq': 5, 'min_child_samples': 9}. Best is trial 2 with value: 0.7476780185758514.
[I 2025-09-17 13:16:56,447] Trial 13 finished with value: 0.7151702786377709 and parameters: {'num_leaves': 92, 'learning_rate': 0.11304510233221139, 'feature_fraction': 0.8989407105246068, 'bagging_fraction': 0.8643360405132956, 'bagging_freq': 7, 'min_child_samples': 30}. Best is trial 2 with value: 0.7476780185758514.
[I 2025-09-17 13:16:56,471] Trial 14 finished with value: 0.6687306501547987 and parameters: {'num_leaves': 287, 'learning_rate': 0.23393187651437342, 'feature_fraction': 0.9006117514674783, 'bagging_fraction': 0.6438432598224111, 'bagging_freq': 5, 'min_child_samples': 25}. Best is trial 2 with value: 0.7476780185758514.
[I 2025-09-17 13:16:56,511] Trial 15 finished with value: 0.739938080495356 and parameters: {'num_leaves': 63, 'learning_rate': 0.09439745438024015, 'feature_fraction': 0.5754437577431567, 'bagging_fraction': 0.9107207437955008, 'bagging_freq': 6, 'min_child_samples': 21}. Best is trial 2 with value: 0.7476780185758514.
[I 2025-09-17 13:16:56,544] Trial 16 finished with value: 0.7352941176470588 and parameters: {'num_leaves': 105, 'learning_rate': 0.09506127597384961, 'feature_fraction': 0.5694632474201378, 'bagging_fraction': 0.9016668041375727, 'bagging_freq': 5, 'min_child_samples': 25}. Best is trial 2 with value: 0.7476780185758514.
[I 2025-09-17 13:16:56,574] Trial 17 finished with value: 0.739938080495356 and parameters: {'num_leaves': 59, 'learning_rate': 0.08809236257677211, 'feature_fraction': 0.5265243272017579, 'bagging_fraction': 0.7947150892936339, 'bagging_freq': 6, 'min_child_samples': 36}. Best is trial 2 with value: 0.7476780185758514.
[I 2025-09-17 13:16:56,605] Trial 18 finished with value: 0.7554179566563468 and parameters: {'num_leaves': 49, 'learning_rate': 0.29324989951937763, 'feature_fraction': 0.6367312332826675, 'bagging_fraction': 0.9116292550897984, 'bagging_freq': 4, 'min_child_samples': 20}. Best is trial 18 with value: 0.7554179566563468.
[I 2025-09-17 13:16:56,627] Trial 19 finished with value: 0.7492260061919505 and parameters: {'num_leaves': 123, 'learning_rate': 0.2994628533030944, 'feature_fraction': 0.6657516502597373, 'bagging_fraction': 0.6881622332716343, 'bagging_freq': 4, 'min_child_samples': 44}. Best is trial 18 with value: 0.7554179566563468.
[I 2025-09-17 13:16:56,639] Trial 20 finished with value: 0.5 and parameters: {'num_leaves': 124, 'learning_rate': 0.29965509027537196, 'feature_fraction': 0.6654613968331351, 'bagging_fraction': 0.5862838876185137, 'bagging_freq': 4, 'min_child_samples': 55}. Best is trial 18 with value: 0.7554179566563468.
[I 2025-09-17 13:16:56,654] Trial 21 finished with value: 0.695046439628483 and parameters: {'num_leaves': 45, 'learning_rate': 0.26596288271897356, 'feature_fraction': 0.6472029019309884, 'bagging_fraction': 0.7101505665300349, 'bagging_freq': 4, 'min_child_samples': 43}. Best is trial 18 with value: 0.7554179566563468.
[I 2025-09-17 13:16:56,685] Trial 22 finished with value: 0.7770897832817338 and parameters: {'num_leaves': 112, 'learning_rate': 0.2674644788022671, 'feature_fraction': 0.6871697261753231, 'bagging_fraction': 0.7565570029466675, 'bagging_freq': 3, 'min_child_samples': 18}. Best is trial 22 with value: 0.7770897832817338.
[I 2025-09-17 13:16:56,712] Trial 23 finished with value: 0.7306501547987616 and parameters: {'num_leaves': 117, 'learning_rate': 0.26578865360885856, 'feature_fraction': 0.694794782175894, 'bagging_fraction': 0.6636452240048502, 'bagging_freq': 3, 'min_child_samples': 18}. Best is trial 22 with value: 0.7770897832817338.
[I 2025-09-17 13:16:56,731] Trial 24 finished with value: 0.6780185758513932 and parameters: {'num_leaves': 137, 'learning_rate': 0.27293456096318547, 'feature_fraction': 0.5913778472814288, 'bagging_fraction': 0.7378473712057059, 'bagging_freq': 4, 'min_child_samples': 34}. Best is trial 22 with value: 0.7770897832817338.
[I 2025-09-17 13:16:56,759] Trial 25 finished with value: 0.7337461300309597 and parameters: {'num_leaves': 83, 'learning_rate': 0.24528101084859355, 'feature_fraction': 0.608387317030923, 'bagging_fraction': 0.5747092901552129, 'bagging_freq': 3, 'min_child_samples': 16}. Best is trial 22 with value: 0.7770897832817338.
[I 2025-09-17 13:16:56,776] Trial 26 finished with value: 0.7337461300309598 and parameters: {'num_leaves': 103, 'learning_rate': 0.2855350275532623, 'feature_fraction': 0.49705404846908585, 'bagging_fraction': 0.8536290028471364, 'bagging_freq': 4, 'min_child_samples': 48}. Best is trial 22 with value: 0.7770897832817338.
[I 2025-09-17 13:16:56,808] Trial 27 finished with value: 0.6857585139318886 and parameters: {'num_leaves': 30, 'learning_rate': 0.2240884757373029, 'feature_fraction': 0.694328895426279, 'bagging_fraction': 0.6780320098723198, 'bagging_freq': 1, 'min_child_samples': 15}. Best is trial 22 with value: 0.7770897832817338.
[I 2025-09-17 13:16:56,830] Trial 28 finished with value: 0.6857585139318885 and parameters: {'num_leaves': 270, 'learning_rate': 0.26003503980509163, 'feature_fraction': 0.5087370375342031, 'bagging_fraction': 0.9144586956407397, 'bagging_freq': 3, 'min_child_samples': 33}. Best is trial 22 with value: 0.7770897832817338.
[I 2025-09-17 13:16:56,887] Trial 29 finished with value: 0.7616099071207431 and parameters: {'num_leaves': 235, 'learning_rate': 0.28067341505424753, 'feature_fraction': 0.6236819981682943, 'bagging_fraction': 0.40165731619208694, 'bagging_freq': 2, 'min_child_samples': 5}. Best is trial 22 with value: 0.7770897832817338.
[I 2025-09-17 13:16:56,969] Trial 30 finished with value: 0.7089783281733746 and parameters: {'num_leaves': 217, 'learning_rate': 0.21475400739803602, 'feature_fraction': 0.61490124696914, 'bagging_fraction': 0.8173270435936333, 'bagging_freq': 2, 'min_child_samples': 7}. Best is trial 22 with value: 0.7770897832817338.
[I 2025-09-17 13:16:56,996] Trial 31 finished with value: 0.7213622291021673 and parameters: {'num_leaves': 248, 'learning_rate': 0.2791743749281668, 'feature_fraction': 0.6548475074305768, 'bagging_fraction': 0.41519983752818795, 'bagging_freq': 3, 'min_child_samples': 14}. Best is trial 22 with value: 0.7770897832817338.
[I 2025-09-17 13:16:57,058] Trial 32 finished with value: 0.78328173374613 and parameters: {'num_leaves': 131, 'learning_rate': 0.2517848173031591, 'feature_fraction': 0.54711972410928, 'bagging_fraction': 0.4002055581930114, 'bagging_freq': 2, 'min_child_samples': 5}. Best is trial 32 with value: 0.78328173374613.
[I 2025-09-17 13:16:57,106] Trial 33 finished with value: 0.6873065015479877 and parameters: {'num_leaves': 194, 'learning_rate': 0.2505839815495916, 'feature_fraction': 0.4722539998131574, 'bagging_fraction': 0.4116682497627795, 'bagging_freq': 2, 'min_child_samples': 7}. Best is trial 32 with value: 0.78328173374613.
[I 2025-09-17 13:16:57,177] Trial 34 finished with value: 0.6904024767801857 and parameters: {'num_leaves': 253, 'learning_rate': 0.1978215920159373, 'feature_fraction': 0.5525572768921416, 'bagging_fraction': 0.4450889823248221, 'bagging_freq': 1, 'min_child_samples': 5}. Best is trial 32 with value: 0.78328173374613.
Training until validation scores don't improve for 50 rounds
Early stopping, best iteration is:
[24]	valid_0's binary_logloss: 0.60117
Training until validation scores don't improve for 50 rounds
Early stopping, best iteration is:
[4]	valid_0's binary_logloss: 0.510622
Training until validation scores don't improve for 50 rounds
Early stopping, best iteration is:
[6]	valid_0's binary_logloss: 0.506132
Training until validation scores don't improve for 50 rounds
Early stopping, best iteration is:
[31]	valid_0's binary_logloss: 0.502084
Training until validation scores don't improve for 50 rounds
Early stopping, best iteration is:
[5]	valid_0's binary_logloss: 0.515478
Training until validation scores don't improve for 50 rounds
Early stopping, best iteration is:
[5]	valid_0's binary_logloss: 0.511234
Training until validation scores don't improve for 50 rounds
Early stopping, best iteration is:
[5]	valid_0's binary_logloss: 0.544016
Training until validation scores don't improve for 50 rounds
Did not meet early stopping. Best iteration is:
[77]	valid_0's binary_logloss: 0.579176
Training until validation scores don't improve for 50 rounds
Early stopping, best iteration is:
[6]	valid_0's binary_logloss: 0.552923
Training until validation scores don't improve for 50 rounds
Early stopping, best iteration is:
[47]	valid_0's binary_logloss: 0.530314
Training until validation scores don't improve for 50 rounds
Early stopping, best iteration is:
[5]	valid_0's binary_logloss: 0.584884
Training until validation scores don't improve for 50 rounds
Early stopping, best iteration is:
[8]	valid_0's binary_logloss: 0.423688
Training until validation scores don't improve for 50 rounds
Early stopping, best iteration is:
[44]	valid_0's binary_logloss: 0.527089
Training until validation scores don't improve for 50 rounds
Early stopping, best iteration is:
[3]	valid_0's binary_logloss: 0.655482
Training until validation scores don't improve for 50 rounds
Early stopping, best iteration is:
[5]	valid_0's binary_logloss: 0.468983
Training until validation scores don't improve for 50 rounds
Early stopping, best iteration is:
[4]	valid_0's binary_logloss: 0.463719
Training until validation scores don't improve for 50 rounds
Early stopping, best iteration is:
[23]	valid_0's binary_logloss: 0.513952
Training until validation scores don't improve for 50 rounds
Early stopping, best iteration is:
[16]	valid_0's binary_logloss: 0.383217
Training until validation scores don't improve for 50 rounds
Early stopping, best iteration is:
[1]	valid_0's binary_logloss: 0.655482
Training until validation scores don't improve for 50 rounds
Did not meet early stopping. Best iteration is:
[55]	valid_0's binary_logloss: 0.589132
Training until validation scores don't improve for 50 rounds
Early stopping, best iteration is:
[4]	valid_0's binary_logloss: 0.655482
Training until validation scores don't improve for 50 rounds
Did not meet early stopping. Best iteration is:
[60]	valid_0's binary_logloss: 0.561505
Training until validation scores don't improve for 50 rounds
Did not meet early stopping. Best iteration is:
[96]	valid_0's binary_logloss: 0.59399
Training until validation scores don't improve for 50 rounds
Early stopping, best iteration is:
[3]	valid_0's binary_logloss: 0.655482
Training model for P105... (normalize_per_user=True)
Training until validation scores don't improve for 50 rounds
Early stopping, best iteration is:
[1]	valid_0's binary_logloss: 0.691991
Training until validation scores don't improve for 50 rounds
Early stopping, best iteration is:
[3]	valid_0's binary_logloss: 0.691991
Training until validation scores don't improve for 50 rounds
Early stopping, best iteration is:
[4]	valid_0's binary_logloss: 0.606617
Training until validation scores don't improve for 50 rounds
Early stopping, best iteration is:
[1]	valid_0's binary_logloss: 0.691991
Training until validation scores don't improve for 50 rounds
Early stopping, best iteration is:
[1]	valid_0's binary_logloss: 0.691991
Training until validation scores don't improve for 50 rounds
Early stopping, best iteration is:
[1]	valid_0's binary_logloss: 0.691991
Training until validation scores don't improve for 50 rounds
Did not meet early stopping. Best iteration is:
[100]	valid_0's binary_logloss: 0.634463
Training until validation scores don't improve for 50 rounds
Early stopping, best iteration is:
[1]	valid_0's binary_logloss: 0.691991
Training until validation scores don't improve for 50 rounds
Early stopping, best iteration is:
[7]	valid_0's binary_logloss: 0.621065
Training until validation scores don't improve for 50 rounds
Early stopping, best iteration is:
[1]	valid_0's binary_logloss: 0.691991
Training until validation scores don't improve for 50 rounds
Early stopping, best iteration is:
[5]	valid_0's binary_logloss: 0.622416
Training until validation scores don't improve for 50 rounds
Early stopping, best iteration is:
[4]	valid_0's binary_logloss: 0.629824
Training until validation scores don't improve for 50 rounds
Early stopping, best iteration is:
[4]	valid_0's binary_logloss: 0.643124
Training until validation scores don't improve for 50 rounds
Early stopping, best iteration is:
[7]	valid_0's binary_logloss: 0.616555
Training until validation scores don't improve for 50 rounds
Early stopping, best iteration is:
[7]	valid_0's binary_logloss: 0.644953
Training until validation scores don't improve for 50 rounds
Early stopping, best iteration is:
[11]	valid_0's binary_logloss: 0.602977
Training until validation scores don't improve for 50 rounds
Early stopping, best iteration is:
[12]	valid_0's binary_logloss: 0.610951
Training until validation scores don't improve for 50 rounds
Early stopping, best iteration is:
[39]	valid_0's binary_logloss: 0.613908
Training until validation scores don't improve for 50 rounds
Early stopping, best iteration is:
[4]	valid_0's binary_logloss: 0.571836
Training until validation scores don't improve for 50 rounds
Early stopping, best iteration is:
[47]	valid_0's binary_logloss: 0.603399
Training until validation scores don't improve for 50 rounds
Early stopping, best iteration is:
[1]	valid_0's binary_logloss: 0.691991
Training until validation scores don't improve for 50 rounds
Early stopping, best iteration is:
[4]	valid_0's binary_logloss: 0.61386
Training until validation scores don't improve for 50 rounds
Early stopping, best iteration is:
[7]	valid_0's binary_logloss: 0.580716
Training until validation scores don't improve for 50 rounds
Early stopping, best iteration is:
[4]	valid_0's binary_logloss: 0.612088
Training until validation scores don't improve for 50 rounds
Early stopping, best iteration is:
[15]	valid_0's binary_logloss: 0.649651
Training until validation scores don't improve for 50 rounds
Early stopping, best iteration is:
[3]	valid_0's binary_logloss: 0.607143
Training until validation scores don't improve for 50 rounds
Early stopping, best iteration is:
[5]	valid_0's binary_logloss: 0.605175
Training until validation scores don't improve for 50 rounds
Early stopping, best iteration is:
[4]	valid_0's binary_logloss: 0.637986
Training until validation scores don't improve for 50 rounds
Early stopping, best iteration is:
[4]	valid_0's binary_logloss: 0.617525
Training until validation scores don't improve for 50 rounds
Early stopping, best iteration is:
[2]	valid_0's binary_logloss: 0.59463
Training until validation scores don't improve for 50 rounds
Early stopping, best iteration is:
[5]	valid_0's binary_logloss: 0.61677
Training until validation scores don't improve for 50 rounds
Early stopping, best iteration is:
[4]	valid_0's binary_logloss: 0.619727
Training until validation scores don't improve for 50 rounds
Early stopping, best iteration is:
[2]	valid_0's binary_logloss: 0.58945
Training until validation scores don't improve for 50 rounds
Early stopping, best iteration is:
[2]	valid_0's binary_logloss: 0.627259
Training until validation scores don't improve for 50 rounds
Early stopping, best iteration is:
[2]	valid_0's binary_logloss: 0.644938
Training until validation scores don't improve for 50 rounds
[I 2025-09-17 13:16:57,204] Trial 35 finished with value: 0.7693498452012384 and parameters: {'num_leaves': 142, 'learning_rate': 0.2818991387770179, 'feature_fraction': 0.6284433230828513, 'bagging_fraction': 0.5330287218975654, 'bagging_freq': 2, 'min_child_samples': 22}. Best is trial 32 with value: 0.78328173374613.
[I 2025-09-17 13:16:57,261] Trial 36 finished with value: 0.7616099071207431 and parameters: {'num_leaves': 146, 'learning_rate': 0.18076672816213157, 'feature_fraction': 0.46523861015794743, 'bagging_fraction': 0.520533532427702, 'bagging_freq': 2, 'min_child_samples': 12}. Best is trial 32 with value: 0.78328173374613.
[I 2025-09-17 13:16:57,286] Trial 37 finished with value: 0.7445820433436532 and parameters: {'num_leaves': 152, 'learning_rate': 0.25433639999036717, 'feature_fraction': 0.7307040638007041, 'bagging_fraction': 0.44938255399499116, 'bagging_freq': 1, 'min_child_samples': 28}. Best is trial 32 with value: 0.78328173374613.
[I 2025-09-17 13:16:57,315] Trial 38 finished with value: 0.7569659442724458 and parameters: {'num_leaves': 187, 'learning_rate': 0.2269670991943021, 'feature_fraction': 0.5461390451564111, 'bagging_fraction': 0.5679476798787475, 'bagging_freq': 2, 'min_child_samples': 20}. Best is trial 32 with value: 0.78328173374613.
[I 2025-09-17 13:16:57,328] Trial 39 finished with value: 0.5 and parameters: {'num_leaves': 228, 'learning_rate': 0.2744096402862204, 'feature_fraction': 0.61944055430447, 'bagging_fraction': 0.5206405614279987, 'bagging_freq': 2, 'min_child_samples': 62}. Best is trial 32 with value: 0.78328173374613.
[I 2025-09-17 13:16:57,343] Trial 40 finished with value: 0.5 and parameters: {'num_leaves': 161, 'learning_rate': 0.24518563857619657, 'feature_fraction': 0.4004542119670817, 'bagging_fraction': 0.40336981079025824, 'bagging_freq': 3, 'min_child_samples': 100}. Best is trial 32 with value: 0.78328173374613.
[I 2025-09-17 13:16:57,380] Trial 41 finished with value: 0.7229102167182663 and parameters: {'num_leaves': 143, 'learning_rate': 0.18762399311581351, 'feature_fraction': 0.4485241963699949, 'bagging_fraction': 0.5060195840309608, 'bagging_freq': 2, 'min_child_samples': 12}. Best is trial 32 with value: 0.78328173374613.
