[I 2025-09-17 13:16:21,383] Trial 46 finished with value: 0.7942583732057416 and parameters: {'num_leaves': 288, 'learning_rate': 0.13990149893153359, 'feature_fraction': 0.4683705087821073, 'bagging_fraction': 0.6377260039589239, 'bagging_freq': 1, 'min_child_samples': 10}. Best is trial 15 with value: 0.9138755980861244.
[I 2025-09-17 13:16:21,392] Trial 47 finished with value: 0.5 and parameters: {'num_leaves': 204, 'learning_rate': 0.20970159958641998, 'feature_fraction': 0.747328100739699, 'bagging_fraction': 0.9908725211026048, 'bagging_freq': 3, 'min_child_samples': 100}. Best is trial 15 with value: 0.9138755980861244.
[I 2025-09-17 13:16:21,419] Trial 48 finished with value: 0.8325358851674641 and parameters: {'num_leaves': 12, 'learning_rate': 0.21963178507591835, 'feature_fraction': 0.42607573788753056, 'bagging_fraction': 0.48749862720833337, 'bagging_freq': 4, 'min_child_samples': 23}. Best is trial 15 with value: 0.9138755980861244.
[I 2025-09-17 13:16:21,458] Trial 49 finished with value: 0.7703349282296651 and parameters: {'num_leaves': 250, 'learning_rate': 0.23817730641741658, 'feature_fraction': 0.47576770576168786, 'bagging_fraction': 0.5398284427963544, 'bagging_freq': 5, 'min_child_samples': 18}. Best is trial 15 with value: 0.9138755980861244.
[I 2025-09-17 13:16:21,776] A new study created in memory with name: no-name-d4f400f6-e463-4cfd-b187-e64766e64f79
[I 2025-09-17 13:16:21,856] Trial 0 finished with value: 0.7559808612440192 and parameters: {'num_leaves': 171, 'learning_rate': 0.12982034244772567, 'feature_fraction': 0.43476717543114995, 'bagging_fraction': 0.8812956152388989, 'bagging_freq': 3, 'min_child_samples': 7}. Best is trial 0 with value: 0.7559808612440192.
[I 2025-09-17 13:16:21,862] Trial 1 finished with value: 0.5 and parameters: {'num_leaves': 17, 'learning_rate': 0.18226140765501972, 'feature_fraction': 0.8922726990402001, 'bagging_fraction': 0.6194290107288478, 'bagging_freq': 1, 'min_child_samples': 85}. Best is trial 0 with value: 0.7559808612440192.
[I 2025-09-17 13:16:21,880] Trial 2 finished with value: 0.6889952153110048 and parameters: {'num_leaves': 188, 'learning_rate': 0.053848825669902685, 'feature_fraction': 0.6978453957451582, 'bagging_fraction': 0.8240889270895229, 'bagging_freq': 4, 'min_child_samples': 49}. Best is trial 0 with value: 0.7559808612440192.
[I 2025-09-17 13:16:21,904] Trial 3 finished with value: 0.6698564593301435 and parameters: {'num_leaves': 299, 'learning_rate': 0.08847800220688275, 'feature_fraction': 0.49396593841185543, 'bagging_fraction': 0.4843055440579464, 'bagging_freq': 2, 'min_child_samples': 27}. Best is trial 0 with value: 0.7559808612440192.
[I 2025-09-17 13:16:21,914] Trial 4 finished with value: 0.5 and parameters: {'num_leaves': 28, 'learning_rate': 0.1317706542529534, 'feature_fraction': 0.9871776341805597, 'bagging_fraction': 0.5571486982661216, 'bagging_freq': 4, 'min_child_samples': 77}. Best is trial 0 with value: 0.7559808612440192.
[I 2025-09-17 13:16:21,928] Trial 5 finished with value: 0.5 and parameters: {'num_leaves': 121, 'learning_rate': 0.24697279189505314, 'feature_fraction': 0.728265501732992, 'bagging_fraction': 0.4700307859763935, 'bagging_freq': 4, 'min_child_samples': 92}. Best is trial 0 with value: 0.7559808612440192.
[I 2025-09-17 13:16:21,979] Trial 6 finished with value: 0.7272727272727273 and parameters: {'num_leaves': 227, 'learning_rate': 0.18450624964351264, 'feature_fraction': 0.4910055855838647, 'bagging_fraction': 0.7318127107598154, 'bagging_freq': 1, 'min_child_samples': 11}. Best is trial 0 with value: 0.7559808612440192.
[I 2025-09-17 13:16:21,987] Trial 7 finished with value: 0.5 and parameters: {'num_leaves': 174, 'learning_rate': 0.11114889185124958, 'feature_fraction': 0.6091541047106734, 'bagging_fraction': 0.5209679747221603, 'bagging_freq': 5, 'min_child_samples': 93}. Best is trial 0 with value: 0.7559808612440192.
[I 2025-09-17 13:16:22,028] Trial 8 finished with value: 0.8038277511961722 and parameters: {'num_leaves': 159, 'learning_rate': 0.14919481540949803, 'feature_fraction': 0.4600191930893462, 'bagging_fraction': 0.9311031590760855, 'bagging_freq': 2, 'min_child_samples': 29}. Best is trial 8 with value: 0.8038277511961722.
[I 2025-09-17 13:16:22,037] Trial 9 finished with value: 0.5 and parameters: {'num_leaves': 175, 'learning_rate': 0.2246798025687272, 'feature_fraction': 0.6309679678962669, 'bagging_fraction': 0.9318409488625318, 'bagging_freq': 3, 'min_child_samples': 74}. Best is trial 8 with value: 0.8038277511961722.
[I 2025-09-17 13:16:22,061] Trial 10 finished with value: 0.7129186602870814 and parameters: {'num_leaves': 81, 'learning_rate': 0.03564563266675998, 'feature_fraction': 0.8027070746211223, 'bagging_fraction': 0.9709528966684008, 'bagging_freq': 7, 'min_child_samples': 44}. Best is trial 8 with value: 0.8038277511961722.
[I 2025-09-17 13:16:22,130] Trial 11 finished with value: 0.7177033492822966 and parameters: {'num_leaves': 234, 'learning_rate': 0.16901680578246672, 'feature_fraction': 0.4121632177504953, 'bagging_fraction': 0.863268196276683, 'bagging_freq': 2, 'min_child_samples': 9}. Best is trial 8 with value: 0.8038277511961722.
[I 2025-09-17 13:16:22,167] Trial 12 finished with value: 0.7942583732057417 and parameters: {'num_leaves': 118, 'learning_rate': 0.2843019737155314, 'feature_fraction': 0.4139981208441499, 'bagging_fraction': 0.772477940879562, 'bagging_freq': 3, 'min_child_samples': 28}. Best is trial 8 with value: 0.8038277511961722.
[I 2025-09-17 13:16:22,196] Trial 13 finished with value: 0.7703349282296651 and parameters: {'num_leaves': 114, 'learning_rate': 0.29684780047769144, 'feature_fraction': 0.5427762812394, 'bagging_fraction': 0.7551400290079241, 'bagging_freq': 6, 'min_child_samples': 30}. Best is trial 8 with value: 0.8038277511961722.
[I 2025-09-17 13:16:22,226] Trial 14 finished with value: 0.7751196172248803 and parameters: {'num_leaves': 83, 'learning_rate': 0.2829518669148589, 'feature_fraction': 0.4031842753436129, 'bagging_fraction': 0.6519808412239536, 'bagging_freq': 2, 'min_child_samples': 32}. Best is trial 8 with value: 0.8038277511961722.
[I 2025-09-17 13:16:22,237] Trial 15 finished with value: 0.5 and parameters: {'num_leaves': 115, 'learning_rate': 0.21982956078700616, 'feature_fraction': 0.5641884466527027, 'bagging_fraction': 0.7903623096506686, 'bagging_freq': 3, 'min_child_samples': 60}. Best is trial 8 with value: 0.8038277511961722.
[I 2025-09-17 13:16:22,281] Trial 16 finished with value: 0.8086124401913876 and parameters: {'num_leaves': 64, 'learning_rate': 0.07755733196090926, 'feature_fraction': 0.48462257948909243, 'bagging_fraction': 0.9294020865214272, 'bagging_freq': 5, 'min_child_samples': 24}. Best is trial 16 with value: 0.8086124401913876.
[I 2025-09-17 13:16:22,336] Trial 17 finished with value: 0.8181818181818181 and parameters: {'num_leaves': 64, 'learning_rate': 0.09025031953157833, 'feature_fraction': 0.5167620750593169, 'bagging_fraction': 0.9962320134089684, 'bagging_freq': 5, 'min_child_samples': 20}. Best is trial 17 with value: 0.8181818181818181.
[I 2025-09-17 13:16:22,366] Trial 18 finished with value: 0.770334928229665 and parameters: {'num_leaves': 59, 'learning_rate': 0.06884845863026716, 'feature_fraction': 0.666984321517035, 'bagging_fraction': 0.40297040753986757, 'bagging_freq': 6, 'min_child_samples': 15}. Best is trial 17 with value: 0.8181818181818181.
[I 2025-09-17 13:16:22,420] Trial 19 finished with value: 0.7846889952153111 and parameters: {'num_leaves': 48, 'learning_rate': 0.019637132003730934, 'feature_fraction': 0.5475412273105611, 'bagging_fraction': 0.9966501770174242, 'bagging_freq': 5, 'min_child_samples': 19}. Best is trial 17 with value: 0.8181818181818181.
[I 2025-09-17 13:16:22,445] Trial 20 finished with value: 0.7655502392344498 and parameters: {'num_leaves': 83, 'learning_rate': 0.09351593183809857, 'feature_fraction': 0.7722525158190072, 'bagging_fraction': 0.8912600623848762, 'bagging_freq': 5, 'min_child_samples': 43}. Best is trial 17 with value: 0.8181818181818181.
[I 2025-09-17 13:16:22,483] Trial 21 finished with value: 0.84688995215311 and parameters: {'num_leaves': 144, 'learning_rate': 0.1449877456898501, 'feature_fraction': 0.48315471807964694, 'bagging_fraction': 0.9370722581405055, 'bagging_freq': 6, 'min_child_samples': 22}. Best is trial 21 with value: 0.84688995215311.
[I 2025-09-17 13:16:22,543] Trial 22 finished with value: 0.8421052631578947 and parameters: {'num_leaves': 51, 'learning_rate': 0.07197418772346155, 'feature_fraction': 0.5064976307201963, 'bagging_fraction': 0.9471232647927631, 'bagging_freq': 6, 'min_child_samples': 19}. Best is trial 21 with value: 0.84688995215311.
[I 2025-09-17 13:16:22,569] Trial 23 finished with value: 0.8038277511961722 and parameters: {'num_leaves': 140, 'learning_rate': 0.11170012614047639, 'feature_fraction': 0.6010897701376755, 'bagging_fraction': 0.9923601261707482, 'bagging_freq': 7, 'min_child_samples': 38}. Best is trial 21 with value: 0.84688995215311.
[I 2025-09-17 13:16:22,628] Trial 24 finished with value: 0.784688995215311 and parameters: {'num_leaves': 12, 'learning_rate': 0.042880847133242986, 'feature_fraction': 0.5365802373400065, 'bagging_fraction': 0.8598193711097263, 'bagging_freq': 6, 'min_child_samples': 18}. Best is trial 21 with value: 0.84688995215311.
[I 2025-09-17 13:16:22,643] Trial 25 finished with value: 0.5 and parameters: {'num_leaves': 214, 'learning_rate': 0.1474587487601614, 'feature_fraction': 0.5066870294798236, 'bagging_fraction': 0.9319481068420286, 'bagging_freq': 6, 'min_child_samples': 63}. Best is trial 21 with value: 0.84688995215311.
[I 2025-09-17 13:16:22,667] Trial 26 finished with value: 0.7511961722488039 and parameters: {'num_leaves': 39, 'learning_rate': 0.11378464632560145, 'feature_fraction': 0.5759070566070599, 'bagging_fraction': 0.8176633239468595, 'bagging_freq': 7, 'min_child_samples': 37}. Best is trial 21 with value: 0.84688995215311.
[I 2025-09-17 13:16:22,721] Trial 27 finished with value: 0.7990430622009569 and parameters: {'num_leaves': 89, 'learning_rate': 0.05987638481774446, 'feature_fraction': 0.6504496248018448, 'bagging_fraction': 0.9618305372871065, 'bagging_freq': 6, 'min_child_samples': 20}. Best is trial 21 with value: 0.84688995215311.
[I 2025-09-17 13:16:22,856] Trial 28 finished with value: 0.8229665071770335 and parameters: {'num_leaves': 273, 'learning_rate': 0.08981221348780795, 'feature_fraction': 0.45406377843372375, 'bagging_fraction': 0.6886874609036596, 'bagging_freq': 5, 'min_child_samples': 6}. Best is trial 21 with value: 0.84688995215311.
Early stopping, best iteration is:
[2]	valid_0's binary_logloss: 0.657997
Training until validation scores don't improve for 50 rounds
Early stopping, best iteration is:
[40]	valid_0's binary_logloss: 0.551882
Training until validation scores don't improve for 50 rounds
Early stopping, best iteration is:
[15]	valid_0's binary_logloss: 0.528769
Training until validation scores don't improve for 50 rounds
Early stopping, best iteration is:
[36]	valid_0's binary_logloss: 0.484927
Training until validation scores don't improve for 50 rounds
Early stopping, best iteration is:
[18]	valid_0's binary_logloss: 0.497996
Training until validation scores don't improve for 50 rounds
Early stopping, best iteration is:
[16]	valid_0's binary_logloss: 0.657997
Training until validation scores don't improve for 50 rounds
Early stopping, best iteration is:
[44]	valid_0's binary_logloss: 0.655387
Training until validation scores don't improve for 50 rounds
Early stopping, best iteration is:
[19]	valid_0's binary_logloss: 0.54944
Training until validation scores don't improve for 50 rounds
Early stopping, best iteration is:
[25]	valid_0's binary_logloss: 0.49704
Training until validation scores don't improve for 50 rounds
Early stopping, best iteration is:
[26]	valid_0's binary_logloss: 0.537742
Training until validation scores don't improve for 50 rounds
Early stopping, best iteration is:
[1]	valid_0's binary_logloss: 0.657997
Training until validation scores don't improve for 50 rounds
Early stopping, best iteration is:
[45]	valid_0's binary_logloss: 0.423736
Training until validation scores don't improve for 50 rounds
Early stopping, best iteration is:
[39]	valid_0's binary_logloss: 0.454601
Training until validation scores don't improve for 50 rounds
Early stopping, best iteration is:
[20]	valid_0's binary_logloss: 0.477201
Training until validation scores don't improve for 50 rounds
Early stopping, best iteration is:
[15]	valid_0's binary_logloss: 0.477126
Training until validation scores don't improve for 50 rounds
Early stopping, best iteration is:
[13]	valid_0's binary_logloss: 0.607749
Training until validation scores don't improve for 50 rounds
Early stopping, best iteration is:
[14]	valid_0's binary_logloss: 0.471064
Training until validation scores don't improve for 50 rounds
Did not meet early stopping. Best iteration is:
[86]	valid_0's binary_logloss: 0.505677
Training until validation scores don't improve for 50 rounds
Early stopping, best iteration is:
[24]	valid_0's binary_logloss: 0.657997
Training until validation scores don't improve for 50 rounds
Early stopping, best iteration is:
[12]	valid_0's binary_logloss: 0.540295
Training until validation scores don't improve for 50 rounds
Early stopping, best iteration is:
[18]	valid_0's binary_logloss: 0.549582
Training until validation scores don't improve for 50 rounds
Early stopping, best iteration is:
[24]	valid_0's binary_logloss: 0.522985
Training until validation scores don't improve for 50 rounds
Early stopping, best iteration is:
[6]	valid_0's binary_logloss: 0.571305
Training until validation scores don't improve for 50 rounds
Early stopping, best iteration is:
[19]	valid_0's binary_logloss: 0.520111
Training until validation scores don't improve for 50 rounds
Early stopping, best iteration is:
[1]	valid_0's binary_logloss: 0.657997
Training until validation scores don't improve for 50 rounds
Did not meet early stopping. Best iteration is:
[55]	valid_0's binary_logloss: 0.520843
Training until validation scores don't improve for 50 rounds
Early stopping, best iteration is:
[19]	valid_0's binary_logloss: 0.521653
Training until validation scores don't improve for 50 rounds
Early stopping, best iteration is:
[10]	valid_0's binary_logloss: 0.657997
Training until validation scores don't improve for 50 rounds
Early stopping, best iteration is:
[19]	valid_0's binary_logloss: 0.518762
Training until validation scores don't improve for 50 rounds
Early stopping, best iteration is:
[45]	valid_0's binary_logloss: 0.578393
Training until validation scores don't improve for 50 rounds
Early stopping, best iteration is:
[11]	valid_0's binary_logloss: 0.53682
Training until validation scores don't improve for 50 rounds
Early stopping, best iteration is:
[1]	valid_0's binary_logloss: 0.657997
Training until validation scores don't improve for 50 rounds
Did not meet early stopping. Best iteration is:
[81]	valid_0's binary_logloss: 0.609119
Training until validation scores don't improve for 50 rounds
Early stopping, best iteration is:
[30]	valid_0's binary_logloss: 0.606501
Training until validation scores don't improve for 50 rounds
Early stopping, best iteration is:
[21]	valid_0's binary_logloss: 0.657997
Training until validation scores don't improve for 50 rounds
Early stopping, best iteration is:
[46]	valid_0's binary_logloss: 0.657997
Training until validation scores don't improve for 50 rounds
Early stopping, best iteration is:
[18]	valid_0's binary_logloss: 0.573749
Training until validation scores don't improve for 50 rounds
Early stopping, best iteration is:
[1]	valid_0's binary_logloss: 0.657997
Training until validation scores don't improve for 50 rounds
Did not meet early stopping. Best iteration is:
[57]	valid_0's binary_logloss: 0.516905
Training until validation scores don't improve for 50 rounds
Early stopping, best iteration is:
[1]	valid_0's binary_logloss: 0.657997
Training until validation scores don't improve for 50 rounds
Did not meet early stopping. Best iteration is:
[91]	valid_0's binary_logloss: 0.5876
Training until validation scores don't improve for 50 rounds
Early stopping, best iteration is:
[14]	valid_0's binary_logloss: 0.581797
Training until validation scores don't improve for 50 rounds
Did not meet early stopping. Best iteration is:
[63]	valid_0's binary_logloss: 0.545755
Training until validation scores don't improve for 50 rounds
Early stopping, best iteration is:
[43]	valid_0's binary_logloss: 0.53521
Training until validation scores don't improve for 50 rounds
Early stopping, best iteration is:
[42]	valid_0's binary_logloss: 0.536161
Training until validation scores don't improve for 50 rounds
Early stopping, best iteration is:
[1]	valid_0's binary_logloss: 0.657997
Training until validation scores don't improve for 50 rounds
Did not meet early stopping. Best iteration is:
[52]	valid_0's binary_logloss: 0.511533
Training until validation scores don't improve for 50 rounds
Did not meet early stopping. Best iteration is:
[53]	valid_0's binary_logloss: 0.508598
Training until validation scores don't improve for 50 rounds
Did not meet early stopping. Best iteration is:
[71]	valid_0's binary_logloss: 0.534984
Training until validation scores don't improve for 50 rounds
Did not meet early stopping. Best iteration is:
[96]	valid_0's binary_logloss: 0.538483
Training until validation scores don't improve for 50 rounds
Early stopping, best iteration is:
[48]	valid_0's binary_logloss: 0.570795
Training until validation scores don't improve for 50 rounds
Early stopping, best iteration is:
[23]	valid_0's binary_logloss: 0.485901
Training until validation scores don't improve for 50 rounds
Did not meet early stopping. Best iteration is:
[51]	valid_0's binary_logloss: 0.472417
Training until validation scores don't improve for 50 rounds
Did not meet early stopping. Best iteration is:
[78]	valid_0's binary_logloss: 0.527183
Training until validation scores don't improve for 50 rounds
Did not meet early stopping. Best iteration is:
[94]	valid_0's binary_logloss: 0.542267
Training until validation scores don't improve for 50 rounds
Early stopping, best iteration is:
[32]	valid_0's binary_logloss: 0.657997
Training until validation scores don't improve for 50 rounds
Did not meet early stopping. Best iteration is:
[100]	valid_0's binary_logloss: 0.570854
Training until validation scores don't improve for 50 rounds
Did not meet early stopping. Best iteration is:
[91]	valid_0's binary_logloss: 0.515137
Training until validation scores don't improve for 50 rounds
Did not meet early stopping. Best iteration is:
[74]	valid_0's binary_logloss: 0.495183
[I 2025-09-17 13:16:22,952] Trial 29 finished with value: 0.8325358851674641 and parameters: {'num_leaves': 283, 'learning_rate': 0.13488231108493956, 'feature_fraction': 0.45586454069086924, 'bagging_fraction': 0.6808343592399897, 'bagging_freq': 7, 'min_child_samples': 8}. Best is trial 21 with value: 0.84688995215311.
[I 2025-09-17 13:16:23,084] Trial 30 finished with value: 0.8373205741626794 and parameters: {'num_leaves': 264, 'learning_rate': 0.1357251507754301, 'feature_fraction': 0.4618356453764516, 'bagging_fraction': 0.6054660511239983, 'bagging_freq': 7, 'min_child_samples': 5}. Best is trial 21 with value: 0.84688995215311.
[I 2025-09-17 13:16:23,224] Trial 31 finished with value: 0.8325358851674641 and parameters: {'num_leaves': 260, 'learning_rate': 0.1302084219336244, 'feature_fraction': 0.44442479959749015, 'bagging_fraction': 0.5980423364642486, 'bagging_freq': 7, 'min_child_samples': 5}. Best is trial 21 with value: 0.84688995215311.
[I 2025-09-17 13:16:23,277] Trial 32 finished with value: 0.722488038277512 and parameters: {'num_leaves': 299, 'learning_rate': 0.17312002473003188, 'feature_fraction': 0.4523939206075441, 'bagging_fraction': 0.6511863619130485, 'bagging_freq': 7, 'min_child_samples': 14}. Best is trial 21 with value: 0.84688995215311.
[I 2025-09-17 13:16:23,362] Trial 33 finished with value: 0.7894736842105263 and parameters: {'num_leaves': 201, 'learning_rate': 0.19072021785209262, 'feature_fraction': 0.4838732347637328, 'bagging_fraction': 0.7043828605033037, 'bagging_freq': 7, 'min_child_samples': 11}. Best is trial 21 with value: 0.84688995215311.
[I 2025-09-17 13:16:23,395] Trial 34 finished with value: 0.7942583732057417 and parameters: {'num_leaves': 274, 'learning_rate': 0.20210469627035577, 'feature_fraction': 0.5735284226055977, 'bagging_fraction': 0.5982481519599675, 'bagging_freq': 6, 'min_child_samples': 23}. Best is trial 21 with value: 0.84688995215311.
[I 2025-09-17 13:16:23,496] Trial 35 finished with value: 0.7942583732057416 and parameters: {'num_leaves': 254, 'learning_rate': 0.16223549865284848, 'feature_fraction': 0.43627351278047394, 'bagging_fraction': 0.5610036853401972, 'bagging_freq': 7, 'min_child_samples': 5}. Best is trial 21 with value: 0.84688995215311.
[I 2025-09-17 13:16:23,541] Trial 36 finished with value: 0.7607655502392345 and parameters: {'num_leaves': 285, 'learning_rate': 0.13435721895890085, 'feature_fraction': 0.8777431164966905, 'bagging_fraction': 0.6631334693004287, 'bagging_freq': 6, 'min_child_samples': 14}. Best is trial 21 with value: 0.84688995215311.
[I 2025-09-17 13:16:23,564] Trial 37 finished with value: 0.7464114832535885 and parameters: {'num_leaves': 245, 'learning_rate': 0.14848374613382587, 'feature_fraction': 0.5228779329035348, 'bagging_fraction': 0.7190186639588874, 'bagging_freq': 7, 'min_child_samples': 34}. Best is trial 21 with value: 0.84688995215311.
