[I 2025-09-17 13:16:27,387] Trial 28 finished with value: 0.8009259259259258 and parameters: {'num_leaves': 164, 'learning_rate': 0.10074928495330834, 'feature_fraction': 0.621371865512802, 'bagging_fraction': 0.8654123200856563, 'bagging_freq': 6, 'min_child_samples': 14}. Best is trial 5 with value: 0.9027777777777778.
[I 2025-09-17 13:16:27,412] Trial 29 finished with value: 0.6898148148148148 and parameters: {'num_leaves': 192, 'learning_rate': 0.13921295360791722, 'feature_fraction': 0.459634712500272, 'bagging_fraction': 0.655465604460286, 'bagging_freq': 3, 'min_child_samples': 31}. Best is trial 5 with value: 0.9027777777777778.
[I 2025-09-17 13:16:27,435] Trial 30 finished with value: 0.8055555555555556 and parameters: {'num_leaves': 56, 'learning_rate': 0.21848449054474392, 'feature_fraction': 0.6039102095059772, 'bagging_fraction': 0.7851904367154843, 'bagging_freq': 7, 'min_child_samples': 35}. Best is trial 5 with value: 0.9027777777777778.
[I 2025-09-17 13:16:27,488] Trial 31 finished with value: 0.7870370370370371 and parameters: {'num_leaves': 98, 'learning_rate': 0.18438137835024898, 'feature_fraction': 0.6804466537549835, 'bagging_fraction': 0.9460616156376191, 'bagging_freq': 7, 'min_child_samples': 11}. Best is trial 5 with value: 0.9027777777777778.
[I 2025-09-17 13:16:27,523] Trial 32 finished with value: 0.8240740740740741 and parameters: {'num_leaves': 10, 'learning_rate': 0.23578019987132984, 'feature_fraction': 0.6672167226233027, 'bagging_fraction': 0.8236430110173772, 'bagging_freq': 5, 'min_child_samples': 27}. Best is trial 5 with value: 0.9027777777777778.
[I 2025-09-17 13:16:27,553] Trial 33 finished with value: 0.7939814814814815 and parameters: {'num_leaves': 46, 'learning_rate': 0.2563380036561281, 'feature_fraction': 0.6671373692197028, 'bagging_fraction': 0.8426468482977061, 'bagging_freq': 5, 'min_child_samples': 26}. Best is trial 5 with value: 0.9027777777777778.
[I 2025-09-17 13:16:27,576] Trial 34 finished with value: 0.6851851851851851 and parameters: {'num_leaves': 124, 'learning_rate': 0.2344763326564979, 'feature_fraction': 0.5500700718790351, 'bagging_fraction': 0.9596551472503354, 'bagging_freq': 4, 'min_child_samples': 48}. Best is trial 5 with value: 0.9027777777777778.
[I 2025-09-17 13:16:27,599] Trial 35 finished with value: 0.7175925925925927 and parameters: {'num_leaves': 147, 'learning_rate': 0.28933161723988576, 'feature_fraction': 0.7136057908238732, 'bagging_fraction': 0.7660582294429992, 'bagging_freq': 5, 'min_child_samples': 37}. Best is trial 5 with value: 0.9027777777777778.
[I 2025-09-17 13:16:27,613] Trial 36 finished with value: 0.5 and parameters: {'num_leaves': 180, 'learning_rate': 0.26594884378891764, 'feature_fraction': 0.5932499648248569, 'bagging_fraction': 0.8195209547932115, 'bagging_freq': 6, 'min_child_samples': 93}. Best is trial 5 with value: 0.9027777777777778.
[I 2025-09-17 13:16:27,655] Trial 37 finished with value: 0.8101851851851851 and parameters: {'num_leaves': 212, 'learning_rate': 0.21201982119913462, 'feature_fraction': 0.46180093592304566, 'bagging_fraction': 0.8748472743308333, 'bagging_freq': 5, 'min_child_samples': 29}. Best is trial 5 with value: 0.9027777777777778.
[I 2025-09-17 13:16:27,687] Trial 38 finished with value: 0.8078703703703703 and parameters: {'num_leaves': 244, 'learning_rate': 0.23832484443870422, 'feature_fraction': 0.7541073905191161, 'bagging_fraction': 0.9215688630766682, 'bagging_freq': 5, 'min_child_samples': 21}. Best is trial 5 with value: 0.9027777777777778.
[I 2025-09-17 13:16:27,714] Trial 39 finished with value: 0.6435185185185185 and parameters: {'num_leaves': 196, 'learning_rate': 0.19919942168090365, 'feature_fraction': 0.8281303675894761, 'bagging_fraction': 0.9823565010809888, 'bagging_freq': 6, 'min_child_samples': 59}. Best is trial 5 with value: 0.9027777777777778.
[I 2025-09-17 13:16:27,742] Trial 40 finished with value: 0.7222222222222222 and parameters: {'num_leaves': 132, 'learning_rate': 0.06434251212680192, 'feature_fraction': 0.6476446590894991, 'bagging_fraction': 0.7107906174760018, 'bagging_freq': 1, 'min_child_samples': 34}. Best is trial 5 with value: 0.9027777777777778.
[I 2025-09-17 13:16:27,760] Trial 41 finished with value: 0.6157407407407408 and parameters: {'num_leaves': 10, 'learning_rate': 0.1895016557857923, 'feature_fraction': 0.4968906953342984, 'bagging_fraction': 0.7745504793979934, 'bagging_freq': 7, 'min_child_samples': 43}. Best is trial 5 with value: 0.9027777777777778.
[I 2025-09-17 13:16:27,797] Trial 42 finished with value: 0.7916666666666667 and parameters: {'num_leaves': 29, 'learning_rate': 0.16718060937435517, 'feature_fraction': 0.6964389695800969, 'bagging_fraction': 0.8371641751880152, 'bagging_freq': 6, 'min_child_samples': 25}. Best is trial 5 with value: 0.9027777777777778.
[I 2025-09-17 13:16:27,830] Trial 43 finished with value: 0.7870370370370371 and parameters: {'num_leaves': 45, 'learning_rate': 0.14860749177901186, 'feature_fraction': 0.5306606703426504, 'bagging_fraction': 0.8882536568542008, 'bagging_freq': 7, 'min_child_samples': 27}. Best is trial 5 with value: 0.9027777777777778.
[I 2025-09-17 13:16:27,890] Trial 44 finished with value: 0.7314814814814814 and parameters: {'num_leaves': 27, 'learning_rate': 0.20952384684443176, 'feature_fraction': 0.6172318099378605, 'bagging_fraction': 0.5509809597740055, 'bagging_freq': 6, 'min_child_samples': 5}. Best is trial 5 with value: 0.9027777777777778.
[I 2025-09-17 13:16:27,908] Trial 45 finished with value: 0.8564814814814814 and parameters: {'num_leaves': 69, 'learning_rate': 0.29914108294698166, 'feature_fraction': 0.5833579988782517, 'bagging_fraction': 0.9362317703973206, 'bagging_freq': 5, 'min_child_samples': 39}. Best is trial 5 with value: 0.9027777777777778.
Early stopping, best iteration is:
[24]	valid_0's binary_logloss: 0.596702
Training until validation scores don't improve for 50 rounds
Early stopping, best iteration is:
[3]	valid_0's binary_logloss: 0.673596
Training until validation scores don't improve for 50 rounds
Did not meet early stopping. Best iteration is:
[91]	valid_0's binary_logloss: 0.556636
Training until validation scores don't improve for 50 rounds
Early stopping, best iteration is:
[14]	valid_0's binary_logloss: 0.673596
Training until validation scores don't improve for 50 rounds
Did not meet early stopping. Best iteration is:
[88]	valid_0's binary_logloss: 0.562707
Training until validation scores don't improve for 50 rounds
Did not meet early stopping. Best iteration is:
[99]	valid_0's binary_logloss: 0.594565
Training until validation scores don't improve for 50 rounds
Did not meet early stopping. Best iteration is:
[100]	valid_0's binary_logloss: 0.612393
Training until validation scores don't improve for 50 rounds
Did not meet early stopping. Best iteration is:
[100]	valid_0's binary_logloss: 0.589479
Training until validation scores don't improve for 50 rounds
Early stopping, best iteration is:
[9]	valid_0's binary_logloss: 0.673596
Training until validation scores don't improve for 50 rounds
Did not meet early stopping. Best iteration is:
[52]	valid_0's binary_logloss: 0.540186
Training until validation scores don't improve for 50 rounds
Early stopping, best iteration is:
[11]	valid_0's binary_logloss: 0.57864
Training until validation scores don't improve for 50 rounds
Early stopping, best iteration is:
[25]	valid_0's binary_logloss: 0.590042
Training until validation scores don't improve for 50 rounds
Early stopping, best iteration is:
[38]	valid_0's binary_logloss: 0.573164
Training until validation scores don't improve for 50 rounds
Early stopping, best iteration is:
[35]	valid_0's binary_logloss: 0.52997
Training until validation scores don't improve for 50 rounds
Early stopping, best iteration is:
[2]	valid_0's binary_logloss: 0.57535
Training until validation scores don't improve for 50 rounds
Early stopping, best iteration is:
[7]	valid_0's binary_logloss: 0.673596
Training until validation scores don't improve for 50 rounds
Early stopping, best iteration is:
[20]	valid_0's binary_logloss: 0.673596
Training until validation scores don't improve for 50 rounds
Early stopping, best iteration is:
[7]	valid_0's binary_logloss: 0.673596
Training until validation scores don't improve for 50 rounds
Early stopping, best iteration is:
[16]	valid_0's binary_logloss: 0.492498
Training until validation scores don't improve for 50 rounds
Did not meet early stopping. Best iteration is:
[89]	valid_0's binary_logloss: 0.612585
Training until validation scores don't improve for 50 rounds
Did not meet early stopping. Best iteration is:
[99]	valid_0's binary_logloss: 0.554243
Training until validation scores don't improve for 50 rounds
Early stopping, best iteration is:
[2]	valid_0's binary_logloss: 0.673596
Training until validation scores don't improve for 50 rounds
Did not meet early stopping. Best iteration is:
[62]	valid_0's binary_logloss: 0.657976
Training until validation scores don't improve for 50 rounds
Early stopping, best iteration is:
[37]	valid_0's binary_logloss: 0.663396
Training until validation scores don't improve for 50 rounds
Early stopping, best iteration is:
[16]	valid_0's binary_logloss: 0.563968
Training until validation scores don't improve for 50 rounds
Early stopping, best iteration is:
[28]	valid_0's binary_logloss: 0.558498
Training until validation scores don't improve for 50 rounds
Early stopping, best iteration is:
[2]	valid_0's binary_logloss: 0.554676
Training until validation scores don't improve for 50 rounds
Early stopping, best iteration is:
[48]	valid_0's binary_logloss: 0.671236
Training until validation scores don't improve for 50 rounds
Early stopping, best iteration is:
[33]	valid_0's binary_logloss: 0.585854
Training until validation scores don't improve for 50 rounds
Early stopping, best iteration is:
[11]	valid_0's binary_logloss: 0.581104
Training until validation scores don't improve for 50 rounds
Did not meet early stopping. Best iteration is:
[100]	valid_0's binary_logloss: 0.483363
Training until validation scores don't improve for 50 rounds
Did not meet early stopping. Best iteration is:
[64]	valid_0's binary_logloss: 0.626872
Training until validation scores don't improve for 50 rounds
Early stopping, best iteration is:
[44]	valid_0's binary_logloss: 0.673596
Training until validation scores don't improve for 50 rounds
Early stopping, best iteration is:
[5]	valid_0's binary_logloss: 0.601842
Training until validation scores don't improve for 50 rounds
Early stopping, best iteration is:
[35]	valid_0's binary_logloss: 0.543382
Training until validation scores don't improve for 50 rounds
Early stopping, best iteration is:
[19]	valid_0's binary_logloss: 0.505695
Training until validation scores don't improve for 50 rounds
Early stopping, best iteration is:
[50]	valid_0's binary_logloss: 0.62265
Training until validation scores don't improve for 50 rounds
Did not meet early stopping. Best iteration is:
[73]	valid_0's binary_logloss: 0.635986
Training until validation scores don't improve for 50 rounds
Early stopping, best iteration is:
[4]	valid_0's binary_logloss: 0.657266
Training until validation scores don't improve for 50 rounds
Early stopping, best iteration is:
[12]	valid_0's binary_logloss: 0.54036
Training until validation scores don't improve for 50 rounds
Early stopping, best iteration is:
[23]	valid_0's binary_logloss: 0.576027
Training until validation scores don't improve for 50 rounds
Early stopping, best iteration is:
[18]	valid_0's binary_logloss: 0.529486
Training until validation scores don't improve for 50 rounds
Early stopping, best iteration is:
[24]	valid_0's binary_logloss: 0.622175
Training until validation scores don't improve for 50 rounds
Early stopping, best iteration is:
[29]	valid_0's binary_logloss: 0.545096
Training until validation scores don't improve for 50 rounds
Early stopping, best iteration is:
[11]	valid_0's binary_logloss: 0.53651
Training until validation scores don't improve for 50 rounds
Early stopping, best iteration is:
[47]	valid_0's binary_logloss: 0.513751
Training until validation scores don't improve for 50 rounds
Early stopping, best iteration is:
[14]	valid_0's binary_logloss: 0.547126
Training until validation scores don't improve for 50 rounds
Early stopping, best iteration is:
[32]	valid_0's binary_logloss: 0.621704
Training until validation scores don't improve for 50 rounds
Early stopping, best iteration is:
[25]	valid_0's binary_logloss: 0.595736
Training until validation scores don't improve for 50 rounds
Early stopping, best iteration is:
[18]	valid_0's binary_logloss: 0.673596
Training until validation scores don't improve for 50 rounds
Early stopping, best iteration is:
[47]	valid_0's binary_logloss: 0.519143
Training until validation scores don't improve for 50 rounds
Early stopping, best iteration is:
[11]	valid_0's binary_logloss: 0.532891
Training until validation scores don't improve for 50 rounds
Did not meet early stopping. Best iteration is:
[57]	valid_0's binary_logloss: 0.645485
Training until validation scores don't improve for 50 rounds
Did not meet early stopping. Best iteration is:
[99]	valid_0's binary_logloss: 0.599804
Training until validation scores don't improve for 50 rounds
Early stopping, best iteration is:
[17]	valid_0's binary_logloss: 0.667769
Training until validation scores don't improve for 50 rounds
Did not meet early stopping. Best iteration is:
[52]	valid_0's binary_logloss: 0.531157
Training until validation scores don't improve for 50 rounds
Early stopping, best iteration is:
[26]	valid_0's binary_logloss: 0.549791
Training until validation scores don't improve for 50 rounds
Early stopping, best iteration is:
[2]	valid_0's binary_logloss: 0.601254
Training until validation scores don't improve for 50 rounds
Early stopping, best iteration is:
[15]	valid_0's binary_logloss: 0.529535
[I 2025-09-17 13:16:27,927] Trial 46 finished with value: 0.8009259259259259 and parameters: {'num_leaves': 91, 'learning_rate': 0.296644447562, 'feature_fraction': 0.5885321318278207, 'bagging_fraction': 0.9372447635199798, 'bagging_freq': 3, 'min_child_samples': 40}. Best is trial 5 with value: 0.9027777777777778.
[I 2025-09-17 13:16:27,945] Trial 47 finished with value: 0.6597222222222222 and parameters: {'num_leaves': 106, 'learning_rate': 0.2814665671812353, 'feature_fraction': 0.6344082651847451, 'bagging_fraction': 0.9536501357311831, 'bagging_freq': 4, 'min_child_samples': 50}. Best is trial 5 with value: 0.9027777777777778.
[I 2025-09-17 13:16:27,970] Trial 48 finished with value: 0.8472222222222222 and parameters: {'num_leaves': 70, 'learning_rate': 0.2581778892821145, 'feature_fraction': 0.5707046138324058, 'bagging_fraction': 0.8584381490363072, 'bagging_freq': 5, 'min_child_samples': 33}. Best is trial 5 with value: 0.9027777777777778.
[I 2025-09-17 13:16:27,992] Trial 49 finished with value: 0.8287037037037037 and parameters: {'num_leaves': 72, 'learning_rate': 0.26214892657997974, 'feature_fraction': 0.48756754943147795, 'bagging_fraction': 0.9743510314060022, 'bagging_freq': 4, 'min_child_samples': 33}. Best is trial 5 with value: 0.9027777777777778.
[I 2025-09-17 13:16:28,309] A new study created in memory with name: no-name-451e335b-b54f-4025-b572-0c50021768eb
[I 2025-09-17 13:16:28,375] Trial 0 finished with value: 0.8287037037037037 and parameters: {'num_leaves': 244, 'learning_rate': 0.021733718794195098, 'feature_fraction': 0.5942617318457963, 'bagging_fraction': 0.8688030001980391, 'bagging_freq': 1, 'min_child_samples': 14}. Best is trial 0 with value: 0.8287037037037037.
[I 2025-09-17 13:16:28,383] Trial 1 finished with value: 0.5 and parameters: {'num_leaves': 120, 'learning_rate': 0.10629949324081496, 'feature_fraction': 0.695215836460459, 'bagging_fraction': 0.4711424224248271, 'bagging_freq': 7, 'min_child_samples': 55}. Best is trial 0 with value: 0.8287037037037037.
[I 2025-09-17 13:16:28,395] Trial 2 finished with value: 0.5 and parameters: {'num_leaves': 229, 'learning_rate': 0.12823296088854, 'feature_fraction': 0.6003174896230626, 'bagging_fraction': 0.6643944437425665, 'bagging_freq': 3, 'min_child_samples': 100}. Best is trial 0 with value: 0.8287037037037037.
[I 2025-09-17 13:16:28,412] Trial 3 finished with value: 0.611111111111111 and parameters: {'num_leaves': 100, 'learning_rate': 0.035010854897406636, 'feature_fraction': 0.9649064623997103, 'bagging_fraction': 0.9879723862279685, 'bagging_freq': 3, 'min_child_samples': 54}. Best is trial 0 with value: 0.8287037037037037.
[I 2025-09-17 13:16:28,429] Trial 4 finished with value: 0.6481481481481481 and parameters: {'num_leaves': 90, 'learning_rate': 0.022184802554385243, 'feature_fraction': 0.40639341478399393, 'bagging_fraction': 0.5676146010164929, 'bagging_freq': 1, 'min_child_samples': 35}. Best is trial 0 with value: 0.8287037037037037.
[I 2025-09-17 13:16:28,526] Trial 5 finished with value: 0.9074074074074074 and parameters: {'num_leaves': 261, 'learning_rate': 0.1716555414100054, 'feature_fraction': 0.4724437613746566, 'bagging_fraction': 0.9961643580457766, 'bagging_freq': 4, 'min_child_samples': 11}. Best is trial 5 with value: 0.9074074074074074.
[I 2025-09-17 13:16:28,601] Trial 6 finished with value: 0.8425925925925926 and parameters: {'num_leaves': 211, 'learning_rate': 0.027998236001217452, 'feature_fraction': 0.8694387561577754, 'bagging_fraction': 0.7725624341733097, 'bagging_freq': 5, 'min_child_samples': 9}. Best is trial 5 with value: 0.9074074074074074.
[I 2025-09-17 13:16:28,615] Trial 7 finished with value: 0.5 and parameters: {'num_leaves': 277, 'learning_rate': 0.20275579474656366, 'feature_fraction': 0.5761828585206791, 'bagging_fraction': 0.6190828395273713, 'bagging_freq': 2, 'min_child_samples': 46}. Best is trial 5 with value: 0.9074074074074074.
[I 2025-09-17 13:16:28,658] Trial 8 finished with value: 0.8518518518518519 and parameters: {'num_leaves': 284, 'learning_rate': 0.16008656152582804, 'feature_fraction': 0.5223911536669429, 'bagging_fraction': 0.6136193169193479, 'bagging_freq': 3, 'min_child_samples': 19}. Best is trial 5 with value: 0.9074074074074074.
[I 2025-09-17 13:16:28,682] Trial 9 finished with value: 0.7777777777777778 and parameters: {'num_leaves': 204, 'learning_rate': 0.1666335770019891, 'feature_fraction': 0.8616168015055432, 'bagging_fraction': 0.7950678017859176, 'bagging_freq': 3, 'min_child_samples': 35}. Best is trial 5 with value: 0.9074074074074074.
[I 2025-09-17 13:16:28,692] Trial 10 finished with value: 0.5 and parameters: {'num_leaves': 43, 'learning_rate': 0.2998674088372997, 'feature_fraction': 0.41564554235966417, 'bagging_fraction': 0.9808840115746787, 'bagging_freq': 5, 'min_child_samples': 80}. Best is trial 5 with value: 0.9074074074074074.
[I 2025-09-17 13:16:28,725] Trial 11 finished with value: 0.6944444444444445 and parameters: {'num_leaves': 280, 'learning_rate': 0.2233079636776527, 'feature_fraction': 0.4912359048482344, 'bagging_fraction': 0.4292529580895678, 'bagging_freq': 5, 'min_child_samples': 21}. Best is trial 5 with value: 0.9074074074074074.
[I 2025-09-17 13:16:28,849] Trial 12 finished with value: 0.8935185185185185 and parameters: {'num_leaves': 298, 'learning_rate': 0.09698009514585426, 'feature_fraction': 0.5104380993982455, 'bagging_fraction': 0.5325233982784795, 'bagging_freq': 4, 'min_child_samples': 5}. Best is trial 5 with value: 0.9074074074074074.
[I 2025-09-17 13:16:28,954] Trial 13 finished with value: 0.8379629629629629 and parameters: {'num_leaves': 166, 'learning_rate': 0.08911691273247462, 'feature_fraction': 0.6911343801751023, 'bagging_fraction': 0.511873147700173, 'bagging_freq': 7, 'min_child_samples': 5}. Best is trial 5 with value: 0.9074074074074074.
[I 2025-09-17 13:16:28,990] Trial 14 finished with value: 0.8240740740740741 and parameters: {'num_leaves': 298, 'learning_rate': 0.079070995630595, 'feature_fraction': 0.4933862922140941, 'bagging_fraction': 0.7521921924091785, 'bagging_freq': 4, 'min_child_samples': 29}. Best is trial 5 with value: 0.9074074074074074.
[I 2025-09-17 13:16:29,002] Trial 15 finished with value: 0.5 and parameters: {'num_leaves': 174, 'learning_rate': 0.2197068338588916, 'feature_fraction': 0.7813588907012614, 'bagging_fraction': 0.8914933124713825, 'bagging_freq': 6, 'min_child_samples': 69}. Best is trial 5 with value: 0.9074074074074074.
[I 2025-09-17 13:16:29,028] Trial 16 finished with value: 0.6898148148148148 and parameters: {'num_leaves': 250, 'learning_rate': 0.2678109955237552, 'feature_fraction': 0.6401031785807233, 'bagging_fraction': 0.5538687001017454, 'bagging_freq': 4, 'min_child_samples': 26}. Best is trial 5 with value: 0.9074074074074074.
[I 2025-09-17 13:16:29,111] Trial 17 finished with value: 0.9027777777777777 and parameters: {'num_leaves': 196, 'learning_rate': 0.1418862161393577, 'feature_fraction': 0.45712585242895515, 'bagging_fraction': 0.40636916145556556, 'bagging_freq': 6, 'min_child_samples': 6}. Best is trial 5 with value: 0.9074074074074074.
[I 2025-09-17 13:16:29,137] Trial 18 finished with value: 0.7037037037037036 and parameters: {'num_leaves': 186, 'learning_rate': 0.18655124615634439, 'feature_fraction': 0.4466710927096106, 'bagging_fraction': 0.8996400451833845, 'bagging_freq': 6, 'min_child_samples': 42}. Best is trial 5 with value: 0.9074074074074074.
[I 2025-09-17 13:16:29,150] Trial 19 finished with value: 0.5 and parameters: {'num_leaves': 138, 'learning_rate': 0.1336630945691336, 'feature_fraction': 0.7787925040766361, 'bagging_fraction': 0.6896988189810507, 'bagging_freq': 6, 'min_child_samples': 67}. Best is trial 5 with value: 0.9074074074074074.
