[I 2025-09-17 13:15:46,237] Trial 35 finished with value: 0.90625 and parameters: {'num_leaves': 288, 'learning_rate': 0.057782486929146434, 'feature_fraction': 0.9068231030724743, 'bagging_fraction': 0.9949084615158058, 'bagging_freq': 5, 'min_child_samples': 18}. Best is trial 11 with value: 0.9285714285714286.
Training until validation scores don't improve for 50 rounds
Early stopping, best iteration is:
[15]	valid_0's binary_logloss: 0.691035
Training until validation scores don't improve for 50 rounds
Early stopping, best iteration is:
[30]	valid_0's binary_logloss: 0.359214
Training until validation scores don't improve for 50 rounds
Did not meet early stopping. Best iteration is:
[96]	valid_0's binary_logloss: 0.387973
Training until validation scores don't improve for 50 rounds
Did not meet early stopping. Best iteration is:
[98]	valid_0's binary_logloss: 0.403093
Training until validation scores don't improve for 50 rounds
Did not meet early stopping. Best iteration is:
[100]	valid_0's binary_logloss: 0.360022
Training until validation scores don't improve for 50 rounds
Did not meet early stopping. Best iteration is:
[66]	valid_0's binary_logloss: 0.33649
Training until validation scores don't improve for 50 rounds
Did not meet early stopping. Best iteration is:
[80]	valid_0's binary_logloss: 0.497277
Training until validation scores don't improve for 50 rounds
Early stopping, best iteration is:
[48]	valid_0's binary_logloss: 0.403348
Training until validation scores don't improve for 50 rounds
Did not meet early stopping. Best iteration is:
[88]	valid_0's binary_logloss: 0.583424
Training until validation scores don't improve for 50 rounds
Did not meet early stopping. Best iteration is:
[94]	valid_0's binary_logloss: 0.443679
Training until validation scores don't improve for 50 rounds
Early stopping, best iteration is:
[43]	valid_0's binary_logloss: 0.691035
Training until validation scores don't improve for 50 rounds
Did not meet early stopping. Best iteration is:
[96]	valid_0's binary_logloss: 0.532211
Training until validation scores don't improve for 50 rounds
Did not meet early stopping. Best iteration is:
[100]	valid_0's binary_logloss: 0.413284
Training until validation scores don't improve for 50 rounds
Did not meet early stopping. Best iteration is:
[72]	valid_0's binary_logloss: 0.394327
Training until validation scores don't improve for 50 rounds
Did not meet early stopping. Best iteration is:
[84]	valid_0's binary_logloss: 0.310292
Training until validation scores don't improve for 50 rounds
Did not meet early stopping. Best iteration is:
[77]	valid_0's binary_logloss: 0.302941
Training until validation scores don't improve for 50 rounds
Did not meet early stopping. Best iteration is:
[85]	valid_0's binary_logloss: 0.192789
Training until validation scores don't improve for 50 rounds
Did not meet early stopping. Best iteration is:
[62]	valid_0's binary_logloss: 0.512249
Training until validation scores don't improve for 50 rounds
Did not meet early stopping. Best iteration is:
[64]	valid_0's binary_logloss: 0.379493
Training until validation scores don't improve for 50 rounds
Early stopping, best iteration is:
[36]	valid_0's binary_logloss: 0.691035
Training until validation scores don't improve for 50 rounds
Did not meet early stopping. Best iteration is:
[88]	valid_0's binary_logloss: 0.462291
Training until validation scores don't improve for 50 rounds
Early stopping, best iteration is:
[1]	valid_0's binary_logloss: 0.691035
Training until validation scores don't improve for 50 rounds
Early stopping, best iteration is:
[44]	valid_0's binary_logloss: 0.691035
Training until validation scores don't improve for 50 rounds
Early stopping, best iteration is:
[20]	valid_0's binary_logloss: 0.371138
Training until validation scores don't improve for 50 rounds
Early stopping, best iteration is:
[2]	valid_0's binary_logloss: 0.691035
Training until validation scores don't improve for 50 rounds
Early stopping, best iteration is:
[4]	valid_0's binary_logloss: 0.691035
Training until validation scores don't improve for 50 rounds
Early stopping, best iteration is:
[22]	valid_0's binary_logloss: 0.371693
Training until validation scores don't improve for 50 rounds
Early stopping, best iteration is:
[1]	valid_0's binary_logloss: 0.691035
Training until validation scores don't improve for 50 rounds
Early stopping, best iteration is:
[2]	valid_0's binary_logloss: 0.691035
Training until validation scores don't improve for 50 rounds
Early stopping, best iteration is:
[25]	valid_0's binary_logloss: 0.412504
Training until validation scores don't improve for 50 rounds
Early stopping, best iteration is:
[34]	valid_0's binary_logloss: 0.691035
Training until validation scores don't improve for 50 rounds
Did not meet early stopping. Best iteration is:
[60]	valid_0's binary_logloss: 0.45838
Training until validation scores don't improve for 50 rounds
Early stopping, best iteration is:
[30]	valid_0's binary_logloss: 0.328551
Training until validation scores don't improve for 50 rounds
Early stopping, best iteration is:
[41]	valid_0's binary_logloss: 0.454888
Training until validation scores don't improve for 50 rounds
Did not meet early stopping. Best iteration is:
[52]	valid_0's binary_logloss: 0.358648
Training until validation scores don't improve for 50 rounds
Early stopping, best iteration is:
[35]	valid_0's binary_logloss: 0.343551
Training until validation scores don't improve for 50 rounds
Did not meet early stopping. Best iteration is:
[100]	valid_0's binary_logloss: 0.631032
Training until validation scores don't improve for 50 rounds
Did not meet early stopping. Best iteration is:
[95]	valid_0's binary_logloss: 0.571094
Training until validation scores don't improve for 50 rounds
Did not meet early stopping. Best iteration is:
[64]	valid_0's binary_logloss: 0.414847
Training until validation scores don't improve for 50 rounds
Did not meet early stopping. Best iteration is:
[63]	valid_0's binary_logloss: 0.599316
Training until validation scores don't improve for 50 rounds
Early stopping, best iteration is:
[20]	valid_0's binary_logloss: 0.359411
Training until validation scores don't improve for 50 rounds
Did not meet early stopping. Best iteration is:
[89]	valid_0's binary_logloss: 0.592365
Training until validation scores don't improve for 50 rounds
Early stopping, best iteration is:
[28]	valid_0's binary_logloss: 0.362118
Training until validation scores don't improve for 50 rounds
Early stopping, best iteration is:
[11]	valid_0's binary_logloss: 0.379758
Training until validation scores don't improve for 50 rounds
Did not meet early stopping. Best iteration is:
[96]	valid_0's binary_logloss: 0.491402
Training until validation scores don't improve for 50 rounds
Early stopping, best iteration is:
[16]	valid_0's binary_logloss: 0.353007
Training until validation scores don't improve for 50 rounds
Early stopping, best iteration is:
[11]	valid_0's binary_logloss: 0.36058
Training until validation scores don't improve for 50 rounds
Early stopping, best iteration is:
[24]	valid_0's binary_logloss: 0.562608
Training until validation scores don't improve for 50 rounds
Early stopping, best iteration is:
[17]	valid_0's binary_logloss: 0.376684
Training until validation scores don't improve for 50 rounds
Early stopping, best iteration is:
[30]	valid_0's binary_logloss: 0.639806
Training until validation scores don't improve for 50 rounds
Early stopping, best iteration is:
[37]	valid_0's binary_logloss: 0.426138
Training until validation scores don't improve for 50 rounds
Early stopping, best iteration is:
[19]	valid_0's binary_logloss: 0.424931
Training until validation scores don't improve for 50 rounds
Early stopping, best iteration is:
[27]	valid_0's binary_logloss: 0.361098
Training until validation scores don't improve for 50 rounds
Early stopping, best iteration is:
[27]	valid_0's binary_logloss: 0.691035
Training until validation scores don't improve for 50 rounds
Did not meet early stopping. Best iteration is:
[69]	valid_0's binary_logloss: 0.419019
Training until validation scores don't improve for 50 rounds
Early stopping, best iteration is:
[11]	valid_0's binary_logloss: 0.691035
Training until validation scores don't improve for 50 rounds
Early stopping, best iteration is:
[25]	valid_0's binary_logloss: 0.439606
Training until validation scores don't improve for 50 rounds
[I 2025-09-17 13:15:46,302] Trial 36 finished with value: 0.9107142857142857 and parameters: {'num_leaves': 182, 'learning_rate': 0.1395291512832434, 'feature_fraction': 0.9563674088289892, 'bagging_fraction': 0.8547305705768151, 'bagging_freq': 1, 'min_child_samples': 8}. Best is trial 11 with value: 0.9285714285714286.
[I 2025-09-17 13:15:46,319] Trial 37 finished with value: 0.6964285714285714 and parameters: {'num_leaves': 232, 'learning_rate': 0.18273226108576818, 'feature_fraction': 0.7472130963312595, 'bagging_fraction': 0.9486979288234819, 'bagging_freq': 6, 'min_child_samples': 55}. Best is trial 11 with value: 0.9285714285714286.
[I 2025-09-17 13:15:46,333] Trial 38 finished with value: 0.5 and parameters: {'num_leaves': 142, 'learning_rate': 0.10981726064609904, 'feature_fraction': 0.7769318022957061, 'bagging_fraction': 0.9648986554690413, 'bagging_freq': 3, 'min_child_samples': 88}. Best is trial 11 with value: 0.9285714285714286.
[I 2025-09-17 13:15:46,385] Trial 39 finished with value: 0.8883928571428572 and parameters: {'num_leaves': 246, 'learning_rate': 0.07942264925535777, 'feature_fraction': 0.6808874951897146, 'bagging_fraction': 0.8894243015893611, 'bagging_freq': 4, 'min_child_samples': 17}. Best is trial 11 with value: 0.9285714285714286.
[I 2025-09-17 13:15:46,412] Trial 40 finished with value: 0.7455357142857143 and parameters: {'num_leaves': 268, 'learning_rate': 0.1530147369803611, 'feature_fraction': 0.6400710876693361, 'bagging_fraction': 0.6765292069083013, 'bagging_freq': 2, 'min_child_samples': 37}. Best is trial 11 with value: 0.9285714285714286.
[I 2025-09-17 13:15:46,450] Trial 41 finished with value: 0.8973214285714285 and parameters: {'num_leaves': 107, 'learning_rate': 0.2073179281247174, 'feature_fraction': 0.9233750419363544, 'bagging_fraction': 0.4036618068529478, 'bagging_freq': 1, 'min_child_samples': 10}. Best is trial 11 with value: 0.9285714285714286.
[I 2025-09-17 13:15:46,511] Trial 42 finished with value: 0.9419642857142857 and parameters: {'num_leaves': 63, 'learning_rate': 0.24036083079814752, 'feature_fraction': 0.8897264423824617, 'bagging_fraction': 0.8301342618143478, 'bagging_freq': 2, 'min_child_samples': 10}. Best is trial 42 with value: 0.9419642857142857.
[I 2025-09-17 13:15:46,563] Trial 43 finished with value: 0.9419642857142857 and parameters: {'num_leaves': 68, 'learning_rate': 0.21571176228442207, 'feature_fraction': 0.8921403344045383, 'bagging_fraction': 0.9053546358109384, 'bagging_freq': 2, 'min_child_samples': 11}. Best is trial 42 with value: 0.9419642857142857.
[I 2025-09-17 13:15:46,594] Trial 44 finished with value: 0.8616071428571428 and parameters: {'num_leaves': 66, 'learning_rate': 0.2577916659220876, 'feature_fraction': 0.8987262964777736, 'bagging_fraction': 0.9026967456703187, 'bagging_freq': 2, 'min_child_samples': 27}. Best is trial 42 with value: 0.9419642857142857.
[I 2025-09-17 13:15:46,644] Trial 45 finished with value: 0.9598214285714286 and parameters: {'num_leaves': 47, 'learning_rate': 0.24616868466443087, 'feature_fraction': 0.959156869194236, 'bagging_fraction': 0.965726199327412, 'bagging_freq': 1, 'min_child_samples': 11}. Best is trial 45 with value: 0.9598214285714286.
[I 2025-09-17 13:15:46,684] Trial 46 finished with value: 0.9017857142857142 and parameters: {'num_leaves': 29, 'learning_rate': 0.2652274722943585, 'feature_fraction': 0.9623521202030515, 'bagging_fraction': 0.9673419781184572, 'bagging_freq': 1, 'min_child_samples': 18}. Best is trial 45 with value: 0.9598214285714286.
[I 2025-09-17 13:15:46,748] Trial 47 finished with value: 0.9308035714285714 and parameters: {'num_leaves': 42, 'learning_rate': 0.23954753369655296, 'feature_fraction': 0.9831696739337222, 'bagging_fraction': 0.9441811978726112, 'bagging_freq': 1, 'min_child_samples': 9}. Best is trial 45 with value: 0.9598214285714286.
[I 2025-09-17 13:15:46,780] Trial 48 finished with value: 0.8928571428571428 and parameters: {'num_leaves': 48, 'learning_rate': 0.22689627862948067, 'feature_fraction': 0.9777301384875565, 'bagging_fraction': 0.9698124877761332, 'bagging_freq': 1, 'min_child_samples': 21}. Best is trial 45 with value: 0.9598214285714286.
[I 2025-09-17 13:15:46,830] Trial 49 finished with value: 0.9241071428571428 and parameters: {'num_leaves': 83, 'learning_rate': 0.28591041251173943, 'feature_fraction': 0.9908957678878775, 'bagging_fraction': 0.8277702759038972, 'bagging_freq': 1, 'min_child_samples': 10}. Best is trial 45 with value: 0.9598214285714286.
[I 2025-09-17 13:15:47,099] A new study created in memory with name: no-name-99407a89-3556-4d6c-8f42-c72a1207b7a0
[I 2025-09-17 13:15:47,107] Trial 0 finished with value: 0.5 and parameters: {'num_leaves': 207, 'learning_rate': 0.14457283528017395, 'feature_fraction': 0.6490752630958387, 'bagging_fraction': 0.8492128473070302, 'bagging_freq': 5, 'min_child_samples': 83}. Best is trial 0 with value: 0.5.
[I 2025-09-17 13:15:47,114] Trial 1 finished with value: 0.5 and parameters: {'num_leaves': 62, 'learning_rate': 0.061534284684251456, 'feature_fraction': 0.7686322385175, 'bagging_fraction': 0.4456924659968031, 'bagging_freq': 1, 'min_child_samples': 60}. Best is trial 0 with value: 0.5.
[I 2025-09-17 13:15:47,129] Trial 2 finished with value: 0.8125 and parameters: {'num_leaves': 269, 'learning_rate': 0.2930987928667866, 'feature_fraction': 0.4352191203632837, 'bagging_fraction': 0.8550658843987508, 'bagging_freq': 5, 'min_child_samples': 43}. Best is trial 2 with value: 0.8125.
[I 2025-09-17 13:15:47,137] Trial 3 finished with value: 0.5 and parameters: {'num_leaves': 142, 'learning_rate': 0.0835464524973218, 'feature_fraction': 0.6240572566389584, 'bagging_fraction': 0.7818592528327446, 'bagging_freq': 6, 'min_child_samples': 70}. Best is trial 2 with value: 0.8125.
[I 2025-09-17 13:15:47,145] Trial 4 finished with value: 0.5 and parameters: {'num_leaves': 84, 'learning_rate': 0.014535966007155319, 'feature_fraction': 0.8272306839409653, 'bagging_fraction': 0.9092523904201065, 'bagging_freq': 7, 'min_child_samples': 57}. Best is trial 2 with value: 0.8125.
[I 2025-09-17 13:15:47,174] Trial 5 finished with value: 0.8080357142857143 and parameters: {'num_leaves': 129, 'learning_rate': 0.08170769926533754, 'feature_fraction': 0.8174197423197498, 'bagging_fraction': 0.6020950234861153, 'bagging_freq': 4, 'min_child_samples': 23}. Best is trial 2 with value: 0.8125.
[I 2025-09-17 13:15:47,184] Trial 6 finished with value: 0.5 and parameters: {'num_leaves': 221, 'learning_rate': 0.03311084380230383, 'feature_fraction': 0.5109782713434005, 'bagging_fraction': 0.9314890062733876, 'bagging_freq': 6, 'min_child_samples': 61}. Best is trial 2 with value: 0.8125.
[I 2025-09-17 13:15:47,192] Trial 7 finished with value: 0.5 and parameters: {'num_leaves': 273, 'learning_rate': 0.06079049450499582, 'feature_fraction': 0.4966390803643231, 'bagging_fraction': 0.5596836252482789, 'bagging_freq': 2, 'min_child_samples': 88}. Best is trial 2 with value: 0.8125.
[I 2025-09-17 13:15:47,200] Trial 8 finished with value: 0.5 and parameters: {'num_leaves': 147, 'learning_rate': 0.11029347176123429, 'feature_fraction': 0.4721263092873674, 'bagging_fraction': 0.47754553004709993, 'bagging_freq': 2, 'min_child_samples': 75}. Best is trial 2 with value: 0.8125.
[I 2025-09-17 13:15:47,209] Trial 9 finished with value: 0.5 and parameters: {'num_leaves': 145, 'learning_rate': 0.1476421118410084, 'feature_fraction': 0.7347809580523351, 'bagging_fraction': 0.4012157362410055, 'bagging_freq': 5, 'min_child_samples': 95}. Best is trial 2 with value: 0.8125.
[I 2025-09-17 13:15:47,233] Trial 10 finished with value: 0.7946428571428572 and parameters: {'num_leaves': 290, 'learning_rate': 0.2974647550331583, 'feature_fraction': 0.9451276597480792, 'bagging_fraction': 0.7166215775785757, 'bagging_freq': 3, 'min_child_samples': 31}. Best is trial 2 with value: 0.8125.
[I 2025-09-17 13:15:47,291] Trial 11 finished with value: 0.8303571428571428 and parameters: {'num_leaves': 10, 'learning_rate': 0.2518345641140973, 'feature_fraction': 0.8927760336650791, 'bagging_fraction': 0.6386403702307372, 'bagging_freq': 4, 'min_child_samples': 10}. Best is trial 11 with value: 0.8303571428571428.
[I 2025-09-17 13:15:47,364] Trial 12 finished with value: 0.8482142857142857 and parameters: {'num_leaves': 27, 'learning_rate': 0.2802535408622532, 'feature_fraction': 0.9924786401122835, 'bagging_fraction': 0.9970443572368661, 'bagging_freq': 4, 'min_child_samples': 6}. Best is trial 12 with value: 0.8482142857142857.
[I 2025-09-17 13:15:47,411] Trial 13 finished with value: 0.7946428571428572 and parameters: {'num_leaves': 21, 'learning_rate': 0.2386819270321683, 'feature_fraction': 0.9988776047468274, 'bagging_fraction': 0.6479392219487123, 'bagging_freq': 4, 'min_child_samples': 7}. Best is trial 12 with value: 0.8482142857142857.
[I 2025-09-17 13:15:47,479] Trial 14 finished with value: 0.8794642857142856 and parameters: {'num_leaves': 17, 'learning_rate': 0.22220119764511784, 'feature_fraction': 0.9023017146238304, 'bagging_fraction': 0.9908545608927118, 'bagging_freq': 3, 'min_child_samples': 7}. Best is trial 14 with value: 0.8794642857142856.
[I 2025-09-17 13:15:47,517] Trial 15 finished with value: 0.8392857142857143 and parameters: {'num_leaves': 59, 'learning_rate': 0.20498152219299423, 'feature_fraction': 0.9948254300740536, 'bagging_fraction': 0.989829095068209, 'bagging_freq': 3, 'min_child_samples': 22}. Best is trial 14 with value: 0.8794642857142856.
[I 2025-09-17 13:15:47,540] Trial 16 finished with value: 0.8125 and parameters: {'num_leaves': 94, 'learning_rate': 0.1908744178075374, 'feature_fraction': 0.8875606712471699, 'bagging_fraction': 0.9695945793276056, 'bagging_freq': 3, 'min_child_samples': 42}. Best is trial 14 with value: 0.8794642857142856.
[I 2025-09-17 13:15:47,578] Trial 17 finished with value: 0.8794642857142857 and parameters: {'num_leaves': 46, 'learning_rate': 0.2577680893117706, 'feature_fraction': 0.8983792388337709, 'bagging_fraction': 0.7886296222301377, 'bagging_freq': 1, 'min_child_samples': 17}. Best is trial 17 with value: 0.8794642857142857.
[I 2025-09-17 13:15:47,607] Trial 18 finished with value: 0.90625 and parameters: {'num_leaves': 107, 'learning_rate': 0.20310869950544075, 'feature_fraction': 0.8941177874013878, 'bagging_fraction': 0.7830125558982949, 'bagging_freq': 1, 'min_child_samples': 22}. Best is trial 18 with value: 0.90625.
[I 2025-09-17 13:15:47,636] Trial 19 finished with value: 0.8258928571428571 and parameters: {'num_leaves': 178, 'learning_rate': 0.18764872676958783, 'feature_fraction': 0.8135673412574842, 'bagging_fraction': 0.7593745260405476, 'bagging_freq': 1, 'min_child_samples': 22}. Best is trial 18 with value: 0.90625.
[I 2025-09-17 13:15:47,662] Trial 20 finished with value: 0.8125 and parameters: {'num_leaves': 109, 'learning_rate': 0.25241639724109866, 'feature_fraction': 0.6773989111414069, 'bagging_fraction': 0.8152359261443332, 'bagging_freq': 1, 'min_child_samples': 38}. Best is trial 18 with value: 0.90625.
[I 2025-09-17 13:15:47,694] Trial 21 finished with value: 0.8303571428571428 and parameters: {'num_leaves': 49, 'learning_rate': 0.22282839000816035, 'feature_fraction': 0.9028270023066898, 'bagging_fraction': 0.7129423352034905, 'bagging_freq': 2, 'min_child_samples': 16}. Best is trial 18 with value: 0.90625.
[I 2025-09-17 13:15:47,721] Trial 22 finished with value: 0.8392857142857143 and parameters: {'num_leaves': 49, 'learning_rate': 0.16902629421223975, 'feature_fraction': 0.8510819622156117, 'bagging_fraction': 0.8835290676676539, 'bagging_freq': 2, 'min_child_samples': 31}. Best is trial 18 with value: 0.90625.
[I 2025-09-17 13:15:47,753] Trial 23 finished with value: 0.8526785714285714 and parameters: {'num_leaves': 79, 'learning_rate': 0.26778959458633467, 'feature_fraction': 0.9346121197204005, 'bagging_fraction': 0.7609671398516352, 'bagging_freq': 1, 'min_child_samples': 16}. Best is trial 18 with value: 0.90625.
[I 2025-09-17 13:15:47,782] Trial 24 finished with value: 0.8303571428571429 and parameters: {'num_leaves': 116, 'learning_rate': 0.21662123063320113, 'feature_fraction': 0.5959668359401586, 'bagging_fraction': 0.8114748797773957, 'bagging_freq': 2, 'min_child_samples': 29}. Best is trial 18 with value: 0.90625.
[I 2025-09-17 13:15:47,825] Trial 25 finished with value: 0.8973214285714286 and parameters: {'num_leaves': 37, 'learning_rate': 0.2359995694723475, 'feature_fraction': 0.7624881777465937, 'bagging_fraction': 0.9379032411180226, 'bagging_freq': 1, 'min_child_samples': 14}. Best is trial 18 with value: 0.90625.
[I 2025-09-17 13:15:47,863] Trial 26 finished with value: 0.9017857142857143 and parameters: {'num_leaves': 175, 'learning_rate': 0.24026256812707442, 'feature_fraction': 0.760373662554879, 'bagging_fraction': 0.922324934545238, 'bagging_freq': 1, 'min_child_samples': 15}. Best is trial 18 with value: 0.90625.
[I 2025-09-17 13:15:47,889] Trial 27 finished with value: 0.8258928571428571 and parameters: {'num_leaves': 171, 'learning_rate': 0.17203820096423972, 'feature_fraction': 0.7430771680350792, 'bagging_fraction': 0.9279443233141248, 'bagging_freq': 1, 'min_child_samples': 46}. Best is trial 18 with value: 0.90625.
