[I 2025-09-17 13:17:08,146] Trial 17 finished with value: 0.8999999999999999 and parameters: {'num_leaves': 56, 'learning_rate': 0.031190630008438566, 'feature_fraction': 0.7317556939392398, 'bagging_fraction': 0.9218162286799125, 'bagging_freq': 6, 'min_child_samples': 47}. Best is trial 10 with value: 1.0.
[I 2025-09-17 13:17:08,188] Trial 18 finished with value: 0.9958333333333333 and parameters: {'num_leaves': 157, 'learning_rate': 0.1151260260770016, 'feature_fraction': 0.9948402380568491, 'bagging_fraction': 0.792440318436355, 'bagging_freq': 3, 'min_child_samples': 22}. Best is trial 10 with value: 1.0.
[I 2025-09-17 13:17:08,288] Trial 19 finished with value: 0.9625 and parameters: {'num_leaves': 41, 'learning_rate': 0.21862864803554163, 'feature_fraction': 0.8825434748454701, 'bagging_fraction': 0.8770259940981439, 'bagging_freq': 5, 'min_child_samples': 6}. Best is trial 10 with value: 1.0.
[I 2025-09-17 13:17:08,311] Trial 20 finished with value: 0.8916666666666667 and parameters: {'num_leaves': 156, 'learning_rate': 0.19198073996703893, 'feature_fraction': 0.7497165020722992, 'bagging_fraction': 0.6568483746977406, 'bagging_freq': 4, 'min_child_samples': 44}. Best is trial 10 with value: 1.0.
[I 2025-09-17 13:17:08,360] Trial 21 finished with value: 0.9958333333333333 and parameters: {'num_leaves': 182, 'learning_rate': 0.127513955644394, 'feature_fraction': 0.9854615984526377, 'bagging_fraction': 0.8177910430326752, 'bagging_freq': 3, 'min_child_samples': 21}. Best is trial 10 with value: 1.0.
[I 2025-09-17 13:17:08,406] Trial 22 finished with value: 0.9916666666666667 and parameters: {'num_leaves': 140, 'learning_rate': 0.07628201384705961, 'feature_fraction': 0.9225126491957583, 'bagging_fraction': 0.7768352087025644, 'bagging_freq': 3, 'min_child_samples': 23}. Best is trial 10 with value: 1.0.
[I 2025-09-17 13:17:08,479] Trial 23 finished with value: 0.9750000000000001 and parameters: {'num_leaves': 195, 'learning_rate': 0.13831739817508598, 'feature_fraction': 0.9973696110681458, 'bagging_fraction': 0.947893724675786, 'bagging_freq': 4, 'min_child_samples': 12}. Best is trial 10 with value: 1.0.
[I 2025-09-17 13:17:08,508] Trial 24 finished with value: 0.9624999999999999 and parameters: {'num_leaves': 76, 'learning_rate': 0.09187451459726777, 'feature_fraction': 0.8290163092774964, 'bagging_fraction': 0.8472190279079268, 'bagging_freq': 6, 'min_child_samples': 34}. Best is trial 10 with value: 1.0.
[I 2025-09-17 13:17:08,555] Trial 25 finished with value: 0.9749999999999999 and parameters: {'num_leaves': 37, 'learning_rate': 0.1500501873309805, 'feature_fraction': 0.9140758669574178, 'bagging_fraction': 0.6746916540143096, 'bagging_freq': 3, 'min_child_samples': 17}. Best is trial 10 with value: 1.0.
[I 2025-09-17 13:17:08,586] Trial 26 finished with value: 0.9416666666666667 and parameters: {'num_leaves': 259, 'learning_rate': 0.01983958045996101, 'feature_fraction': 0.8678052603655975, 'bagging_fraction': 0.9335969685809686, 'bagging_freq': 5, 'min_child_samples': 29}. Best is trial 10 with value: 1.0.
[I 2025-09-17 13:17:08,722] Trial 27 finished with value: 0.9708333333333332 and parameters: {'num_leaves': 171, 'learning_rate': 0.10911970685820095, 'feature_fraction': 0.7512589282041697, 'bagging_fraction': 0.7509730278842806, 'bagging_freq': 4, 'min_child_samples': 6}. Best is trial 10 with value: 1.0.
[I 2025-09-17 13:17:08,776] Trial 28 finished with value: 0.9833333333333333 and parameters: {'num_leaves': 129, 'learning_rate': 0.05393513745028203, 'feature_fraction': 0.958945739686548, 'bagging_fraction': 0.9782160221945494, 'bagging_freq': 5, 'min_child_samples': 20}. Best is trial 10 with value: 1.0.
[I 2025-09-17 13:17:08,792] Trial 29 finished with value: 0.5 and parameters: {'num_leaves': 81, 'learning_rate': 0.1928364147961058, 'feature_fraction': 0.8366531761589399, 'bagging_fraction': 0.7701526893966395, 'bagging_freq': 3, 'min_child_samples': 62}. Best is trial 10 with value: 1.0.
[I 2025-09-17 13:17:08,813] Trial 30 finished with value: 0.9458333333333334 and parameters: {'num_leaves': 159, 'learning_rate': 0.24131399314985985, 'feature_fraction': 0.9245683787158269, 'bagging_fraction': 0.8977332843619172, 'bagging_freq': 4, 'min_child_samples': 42}. Best is trial 10 with value: 1.0.
[I 2025-09-17 13:17:08,856] Trial 31 finished with value: 0.9958333333333333 and parameters: {'num_leaves': 188, 'learning_rate': 0.1344933770051476, 'feature_fraction': 0.9992678960575689, 'bagging_fraction': 0.830160339417687, 'bagging_freq': 3, 'min_child_samples': 23}. Best is trial 10 with value: 1.0.
Early stopping, best iteration is:
[18]	valid_0's binary_logloss: 0.387104
Training until validation scores don't improve for 50 rounds
Did not meet early stopping. Best iteration is:
[54]	valid_0's binary_logloss: 0.184017
Training until validation scores don't improve for 50 rounds
Early stopping, best iteration is:
[31]	valid_0's binary_logloss: 0.207414
Training until validation scores don't improve for 50 rounds
Early stopping, best iteration is:
[35]	valid_0's binary_logloss: 0.219995
Training until validation scores don't improve for 50 rounds
Early stopping, best iteration is:
[29]	valid_0's binary_logloss: 0.300014
Training until validation scores don't improve for 50 rounds
Early stopping, best iteration is:
[18]	valid_0's binary_logloss: 0.661878
Training until validation scores don't improve for 50 rounds
Early stopping, best iteration is:
[12]	valid_0's binary_logloss: 0.280851
Training until validation scores don't improve for 50 rounds
Early stopping, best iteration is:
[34]	valid_0's binary_logloss: 0.234275
Training until validation scores don't improve for 50 rounds
Early stopping, best iteration is:
[19]	valid_0's binary_logloss: 0.273532
Training until validation scores don't improve for 50 rounds
Early stopping, best iteration is:
[21]	valid_0's binary_logloss: 0.379893
Training until validation scores don't improve for 50 rounds
Did not meet early stopping. Best iteration is:
[58]	valid_0's binary_logloss: 0.303225
Training until validation scores don't improve for 50 rounds
Did not meet early stopping. Best iteration is:
[83]	valid_0's binary_logloss: 0.417142
Training until validation scores don't improve for 50 rounds
Early stopping, best iteration is:
[30]	valid_0's binary_logloss: 0.290776
Training until validation scores don't improve for 50 rounds
Early stopping, best iteration is:
[14]	valid_0's binary_logloss: 0.314668
Training until validation scores don't improve for 50 rounds
Did not meet early stopping. Best iteration is:
[52]	valid_0's binary_logloss: 0.270122
Training until validation scores don't improve for 50 rounds
Early stopping, best iteration is:
[7]	valid_0's binary_logloss: 0.661878
Training until validation scores don't improve for 50 rounds
Early stopping, best iteration is:
[46]	valid_0's binary_logloss: 0.385733
Training until validation scores don't improve for 50 rounds
Early stopping, best iteration is:
[29]	valid_0's binary_logloss: 0.197544
Training until validation scores don't improve for 50 rounds
Early stopping, best iteration is:
[35]	valid_0's binary_logloss: 0.189878
Training until validation scores don't improve for 50 rounds
Early stopping, best iteration is:
[30]	valid_0's binary_logloss: 0.226344
Training until validation scores don't improve for 50 rounds
Early stopping, best iteration is:
[9]	valid_0's binary_logloss: 0.279027
Training until validation scores don't improve for 50 rounds
Early stopping, best iteration is:
[15]	valid_0's binary_logloss: 0.3139
Training until validation scores don't improve for 50 rounds
Early stopping, best iteration is:
[27]	valid_0's binary_logloss: 0.349121
Training until validation scores don't improve for 50 rounds
Early stopping, best iteration is:
[10]	valid_0's binary_logloss: 0.256611
Training until validation scores don't improve for 50 rounds
Early stopping, best iteration is:
[16]	valid_0's binary_logloss: 0.308016
Training until validation scores don't improve for 50 rounds
Early stopping, best iteration is:
[17]	valid_0's binary_logloss: 0.286218
Training until validation scores don't improve for 50 rounds
Early stopping, best iteration is:
[18]	valid_0's binary_logloss: 0.661878
Training until validation scores don't improve for 50 rounds
Early stopping, best iteration is:
[35]	valid_0's binary_logloss: 0.661878
Training until validation scores don't improve for 50 rounds
Early stopping, best iteration is:
[7]	valid_0's binary_logloss: 0.661878
Training until validation scores don't improve for 50 rounds
Did not meet early stopping. Best iteration is:
[100]	valid_0's binary_logloss: 0.29164
Training until validation scores don't improve for 50 rounds
Did not meet early stopping. Best iteration is:
[66]	valid_0's binary_logloss: 0.661878
Training until validation scores don't improve for 50 rounds
Early stopping, best iteration is:
[9]	valid_0's binary_logloss: 0.661878
Training until validation scores don't improve for 50 rounds
Did not meet early stopping. Best iteration is:
[88]	valid_0's binary_logloss: 0.282806
Training until validation scores don't improve for 50 rounds
Did not meet early stopping. Best iteration is:
[80]	valid_0's binary_logloss: 0.250665
Training until validation scores don't improve for 50 rounds
Did not meet early stopping. Best iteration is:
[99]	valid_0's binary_logloss: 0.154813
Training until validation scores don't improve for 50 rounds
Early stopping, best iteration is:
[36]	valid_0's binary_logloss: 0.661878
Training until validation scores don't improve for 50 rounds
Early stopping, best iteration is:
[22]	valid_0's binary_logloss: 0.133325
Training until validation scores don't improve for 50 rounds
Early stopping, best iteration is:
[34]	valid_0's binary_logloss: 0.125968
Training until validation scores don't improve for 50 rounds
Early stopping, best iteration is:
[35]	valid_0's binary_logloss: 0.0756378
Training until validation scores don't improve for 50 rounds
Early stopping, best iteration is:
[14]	valid_0's binary_logloss: 0.181627
Training until validation scores don't improve for 50 rounds
Did not meet early stopping. Best iteration is:
[75]	valid_0's binary_logloss: 0.169426
Training until validation scores don't improve for 50 rounds
Early stopping, best iteration is:
[22]	valid_0's binary_logloss: 0.223163
Training until validation scores don't improve for 50 rounds
Did not meet early stopping. Best iteration is:
[100]	valid_0's binary_logloss: 0.372012
Training until validation scores don't improve for 50 rounds
Did not meet early stopping. Best iteration is:
[100]	valid_0's binary_logloss: 0.400867
Training until validation scores don't improve for 50 rounds
Did not meet early stopping. Best iteration is:
[75]	valid_0's binary_logloss: 0.141706
Training until validation scores don't improve for 50 rounds
Early stopping, best iteration is:
[33]	valid_0's binary_logloss: 0.179697
Training until validation scores don't improve for 50 rounds
Did not meet early stopping. Best iteration is:
[91]	valid_0's binary_logloss: 0.389982
Training until validation scores don't improve for 50 rounds
Did not meet early stopping. Best iteration is:
[69]	valid_0's binary_logloss: 0.138393
Training until validation scores don't improve for 50 rounds
Did not meet early stopping. Best iteration is:
[98]	valid_0's binary_logloss: 0.153798
Training until validation scores don't improve for 50 rounds
Early stopping, best iteration is:
[35]	valid_0's binary_logloss: 0.183783
Training until validation scores don't improve for 50 rounds
Did not meet early stopping. Best iteration is:
[100]	valid_0's binary_logloss: 0.239612
Training until validation scores don't improve for 50 rounds
Did not meet early stopping. Best iteration is:
[62]	valid_0's binary_logloss: 0.162176
Training until validation scores don't improve for 50 rounds
Did not meet early stopping. Best iteration is:
[100]	valid_0's binary_logloss: 0.310249
Training until validation scores don't improve for 50 rounds
Did not meet early stopping. Best iteration is:
[63]	valid_0's binary_logloss: 0.178552
Training until validation scores don't improve for 50 rounds
Did not meet early stopping. Best iteration is:
[100]	valid_0's binary_logloss: 0.172912
Training until validation scores don't improve for 50 rounds
Early stopping, best iteration is:
[25]	valid_0's binary_logloss: 0.661878
Training until validation scores don't improve for 50 rounds
Early stopping, best iteration is:
[37]	valid_0's binary_logloss: 0.288242
Training until validation scores don't improve for 50 rounds
Did not meet early stopping. Best iteration is:
[93]	valid_0's binary_logloss: 0.126325
Training until validation scores don't improve for 50 rounds
[I 2025-09-17 13:17:08,935] Trial 32 finished with value: 0.9916666666666667 and parameters: {'num_leaves': 233, 'learning_rate': 0.11807772045787088, 'feature_fraction': 0.9606963668538692, 'bagging_fraction': 0.7904746209128142, 'bagging_freq': 2, 'min_child_samples': 12}. Best is trial 10 with value: 1.0.
[I 2025-09-17 13:17:08,948] Trial 33 finished with value: 0.5 and parameters: {'num_leaves': 184, 'learning_rate': 0.08756372495562459, 'feature_fraction': 0.8898749884280275, 'bagging_fraction': 0.699271603327095, 'bagging_freq': 3, 'min_child_samples': 98}. Best is trial 10 with value: 1.0.
[I 2025-09-17 13:17:08,992] Trial 34 finished with value: 0.9875 and parameters: {'num_leaves': 208, 'learning_rate': 0.16234627690978679, 'feature_fraction': 0.650070980844103, 'bagging_fraction': 0.8477518928329059, 'bagging_freq': 6, 'min_child_samples': 22}. Best is trial 10 with value: 1.0.
[I 2025-09-17 13:17:09,032] Trial 35 finished with value: 0.9958333333333333 and parameters: {'num_leaves': 236, 'learning_rate': 0.28327942696170694, 'feature_fraction': 0.9755189747640622, 'bagging_fraction': 0.9031489067425642, 'bagging_freq': 2, 'min_child_samples': 30}. Best is trial 10 with value: 1.0.
[I 2025-09-17 13:17:09,086] Trial 36 finished with value: 0.9916666666666667 and parameters: {'num_leaves': 170, 'learning_rate': 0.25756272187098983, 'feature_fraction': 0.9387593257969165, 'bagging_fraction': 0.7361950643208779, 'bagging_freq': 3, 'min_child_samples': 10}. Best is trial 10 with value: 1.0.
[I 2025-09-17 13:17:09,146] Trial 37 finished with value: 0.9874999999999999 and parameters: {'num_leaves': 143, 'learning_rate': 0.14355346869132374, 'feature_fraction': 0.6761661884203336, 'bagging_fraction': 0.953462944453101, 'bagging_freq': 7, 'min_child_samples': 17}. Best is trial 10 with value: 1.0.
[I 2025-09-17 13:17:09,189] Trial 38 finished with value: 0.9874999999999999 and parameters: {'num_leaves': 30, 'learning_rate': 0.0679067921767238, 'feature_fraction': 0.7135916932487668, 'bagging_fraction': 0.8017265009015246, 'bagging_freq': 2, 'min_child_samples': 26}. Best is trial 10 with value: 1.0.
[I 2025-09-17 13:17:09,216] Trial 39 finished with value: 0.9541666666666667 and parameters: {'num_leaves': 123, 'learning_rate': 0.1271494381005301, 'feature_fraction': 0.9010770558714218, 'bagging_fraction': 0.8612640735840602, 'bagging_freq': 4, 'min_child_samples': 38}. Best is trial 10 with value: 1.0.
[I 2025-09-17 13:17:09,226] Trial 40 finished with value: 0.5 and parameters: {'num_leaves': 201, 'learning_rate': 0.2759813194643116, 'feature_fraction': 0.7728923937672525, 'bagging_fraction': 0.6215020815724783, 'bagging_freq': 1, 'min_child_samples': 59}. Best is trial 10 with value: 1.0.
[I 2025-09-17 13:17:09,270] Trial 41 finished with value: 1.0 and parameters: {'num_leaves': 188, 'learning_rate': 0.18363614029114378, 'feature_fraction': 0.9963222209401926, 'bagging_fraction': 0.8354647435694287, 'bagging_freq': 3, 'min_child_samples': 23}. Best is trial 10 with value: 1.0.
[I 2025-09-17 13:17:09,322] Trial 42 finished with value: 0.9750000000000001 and parameters: {'num_leaves': 179, 'learning_rate': 0.19311957616378486, 'feature_fraction': 0.9950923777765195, 'bagging_fraction': 0.7562305205077042, 'bagging_freq': 3, 'min_child_samples': 13}. Best is trial 10 with value: 1.0.
[I 2025-09-17 13:17:09,352] Trial 43 finished with value: 0.9916666666666666 and parameters: {'num_leaves': 248, 'learning_rate': 0.17700251496603417, 'feature_fraction': 0.9469789909949539, 'bagging_fraction': 0.8289710785805126, 'bagging_freq': 5, 'min_child_samples': 31}. Best is trial 10 with value: 1.0.
[I 2025-09-17 13:17:09,400] Trial 44 finished with value: 0.9833333333333333 and parameters: {'num_leaves': 215, 'learning_rate': 0.2333511282683724, 'feature_fraction': 0.8218943915218331, 'bagging_fraction': 0.7206577865763089, 'bagging_freq': 2, 'min_child_samples': 19}. Best is trial 10 with value: 1.0.
[I 2025-09-17 13:17:09,530] Trial 45 finished with value: 0.9458333333333333 and parameters: {'num_leaves': 98, 'learning_rate': 0.1596868498629987, 'feature_fraction': 0.9718212869307512, 'bagging_fraction': 0.8821527058335409, 'bagging_freq': 3, 'min_child_samples': 5}. Best is trial 10 with value: 1.0.
[I 2025-09-17 13:17:09,562] Trial 46 finished with value: 0.9166666666666667 and parameters: {'num_leaves': 166, 'learning_rate': 0.25086885167030626, 'feature_fraction': 0.5743040246343818, 'bagging_fraction': 0.4536255930626608, 'bagging_freq': 4, 'min_child_samples': 25}. Best is trial 10 with value: 1.0.
[I 2025-09-17 13:17:09,574] Trial 47 finished with value: 0.5 and parameters: {'num_leaves': 278, 'learning_rate': 0.17868868244726868, 'feature_fraction': 0.8479615743739781, 'bagging_fraction': 0.9182161326813945, 'bagging_freq': 6, 'min_child_samples': 78}. Best is trial 10 with value: 1.0.
[I 2025-09-17 13:17:09,655] Trial 48 finished with value: 0.9874999999999999 and parameters: {'num_leaves': 140, 'learning_rate': 0.2202959493867524, 'feature_fraction': 0.9021667371217571, 'bagging_fraction': 0.8028954854970693, 'bagging_freq': 2, 'min_child_samples': 9}. Best is trial 10 with value: 1.0.
[I 2025-09-17 13:17:09,727] Trial 49 finished with value: 0.9875 and parameters: {'num_leaves': 67, 'learning_rate': 0.10930280048749674, 'feature_fraction': 0.8640764984754121, 'bagging_fraction': 0.9673950168581348, 'bagging_freq': 4, 'min_child_samples': 14}. Best is trial 10 with value: 1.0.
[I 2025-09-17 13:17:09,977] A new study created in memory with name: no-name-62af38e6-c673-4fdd-b386-2527f3ed0304
[I 2025-09-17 13:17:09,999] Trial 0 finished with value: 0.9083333333333332 and parameters: {'num_leaves': 73, 'learning_rate': 0.11673814719880511, 'feature_fraction': 0.9413631462015812, 'bagging_fraction': 0.9730656266283341, 'bagging_freq': 4, 'min_child_samples': 38}. Best is trial 0 with value: 0.9083333333333332.
[I 2025-09-17 13:17:10,008] Trial 1 finished with value: 0.5 and parameters: {'num_leaves': 132, 'learning_rate': 0.09730246276225937, 'feature_fraction': 0.7377587786050281, 'bagging_fraction': 0.6739881804531467, 'bagging_freq': 2, 'min_child_samples': 56}. Best is trial 0 with value: 0.9083333333333332.
[I 2025-09-17 13:17:10,036] Trial 2 finished with value: 0.9291666666666667 and parameters: {'num_leaves': 113, 'learning_rate': 0.013945159623691857, 'feature_fraction': 0.5952858047979721, 'bagging_fraction': 0.7540384706904104, 'bagging_freq': 3, 'min_child_samples': 30}. Best is trial 2 with value: 0.9291666666666667.
[I 2025-09-17 13:17:10,045] Trial 3 finished with value: 0.5 and parameters: {'num_leaves': 52, 'learning_rate': 0.061248842130705854, 'feature_fraction': 0.4609792849487653, 'bagging_fraction': 0.8301748060816085, 'bagging_freq': 5, 'min_child_samples': 81}. Best is trial 2 with value: 0.9291666666666667.
[I 2025-09-17 13:17:10,059] Trial 4 finished with value: 0.7229166666666667 and parameters: {'num_leaves': 203, 'learning_rate': 0.03622182203201399, 'feature_fraction': 0.7637400876945992, 'bagging_fraction': 0.5751139895291888, 'bagging_freq': 4, 'min_child_samples': 42}. Best is trial 2 with value: 0.9291666666666667.
[I 2025-09-17 13:17:10,069] Trial 5 finished with value: 0.5 and parameters: {'num_leaves': 288, 'learning_rate': 0.06230781642590409, 'feature_fraction': 0.7768056962764784, 'bagging_fraction': 0.4495332569495273, 'bagging_freq': 6, 'min_child_samples': 51}. Best is trial 2 with value: 0.9291666666666667.
[I 2025-09-17 13:17:10,088] Trial 6 finished with value: 0.8958333333333334 and parameters: {'num_leaves': 125, 'learning_rate': 0.10257285910558431, 'feature_fraction': 0.5560128800603568, 'bagging_fraction': 0.6393975795856625, 'bagging_freq': 3, 'min_child_samples': 38}. Best is trial 2 with value: 0.9291666666666667.
[I 2025-09-17 13:17:10,096] Trial 7 finished with value: 0.5 and parameters: {'num_leaves': 231, 'learning_rate': 0.1282910248317017, 'feature_fraction': 0.5367966232215179, 'bagging_fraction': 0.42598231317831353, 'bagging_freq': 4, 'min_child_samples': 100}. Best is trial 2 with value: 0.9291666666666667.
[I 2025-09-17 13:17:10,106] Trial 8 finished with value: 0.5 and parameters: {'num_leaves': 207, 'learning_rate': 0.16415539901079415, 'feature_fraction': 0.6981336382763246, 'bagging_fraction': 0.625433053220456, 'bagging_freq': 5, 'min_child_samples': 83}. Best is trial 2 with value: 0.9291666666666667.
[I 2025-09-17 13:17:10,115] Trial 9 finished with value: 0.5 and parameters: {'num_leaves': 172, 'learning_rate': 0.25580179890873816, 'feature_fraction': 0.4173908251147965, 'bagging_fraction': 0.6979638812172546, 'bagging_freq': 4, 'min_child_samples': 87}. Best is trial 2 with value: 0.9291666666666667.
[I 2025-09-17 13:17:10,201] Trial 10 finished with value: 0.9583333333333333 and parameters: {'num_leaves': 16, 'learning_rate': 0.21252815731928507, 'feature_fraction': 0.6177603741379488, 'bagging_fraction': 0.8391937306782995, 'bagging_freq': 1, 'min_child_samples': 10}. Best is trial 10 with value: 0.9583333333333333.
