[I 2025-09-17 13:16:03,883] Trial 35 finished with value: 0.8333333333333333 and parameters: {'num_leaves': 203, 'learning_rate': 0.05963667285832608, 'feature_fraction': 0.8197249235025302, 'bagging_fraction': 0.6945764451424267, 'bagging_freq': 4, 'min_child_samples': 16}. Best is trial 2 with value: 0.9087301587301588.
Training until validation scores don't improve for 50 rounds
Early stopping, best iteration is:
[24]	valid_0's binary_logloss: 0.52112
Training until validation scores don't improve for 50 rounds
Early stopping, best iteration is:
[22]	valid_0's binary_logloss: 0.537968
Training until validation scores don't improve for 50 rounds
Early stopping, best iteration is:
[25]	valid_0's binary_logloss: 0.524602
Training until validation scores don't improve for 50 rounds
Early stopping, best iteration is:
[48]	valid_0's binary_logloss: 0.515721
Training until validation scores don't improve for 50 rounds
Early stopping, best iteration is:
[6]	valid_0's binary_logloss: 0.547968
Training until validation scores don't improve for 50 rounds
Early stopping, best iteration is:
[11]	valid_0's binary_logloss: 0.660144
Training until validation scores don't improve for 50 rounds
Early stopping, best iteration is:
[8]	valid_0's binary_logloss: 0.576987
Training until validation scores don't improve for 50 rounds
Did not meet early stopping. Best iteration is:
[80]	valid_0's binary_logloss: 0.491505
Training until validation scores don't improve for 50 rounds
Did not meet early stopping. Best iteration is:
[100]	valid_0's binary_logloss: 0.520762
Training until validation scores don't improve for 50 rounds
Early stopping, best iteration is:
[5]	valid_0's binary_logloss: 0.559976
Training until validation scores don't improve for 50 rounds
Did not meet early stopping. Best iteration is:
[88]	valid_0's binary_logloss: 0.530115
Training until validation scores don't improve for 50 rounds
Early stopping, best iteration is:
[32]	valid_0's binary_logloss: 0.542184
Training until validation scores don't improve for 50 rounds
Early stopping, best iteration is:
[25]	valid_0's binary_logloss: 0.563083
Training until validation scores don't improve for 50 rounds
Early stopping, best iteration is:
[48]	valid_0's binary_logloss: 0.539105
Training until validation scores don't improve for 50 rounds
Early stopping, best iteration is:
[21]	valid_0's binary_logloss: 0.493543
Training until validation scores don't improve for 50 rounds
Early stopping, best iteration is:
[9]	valid_0's binary_logloss: 0.512166
Training until validation scores don't improve for 50 rounds
Early stopping, best iteration is:
[11]	valid_0's binary_logloss: 0.535096
Training until validation scores don't improve for 50 rounds
Early stopping, best iteration is:
[11]	valid_0's binary_logloss: 0.503357
Training until validation scores don't improve for 50 rounds
Early stopping, best iteration is:
[6]	valid_0's binary_logloss: 0.522758
Training until validation scores don't improve for 50 rounds
Early stopping, best iteration is:
[12]	valid_0's binary_logloss: 0.660144
Training model for P052... (normalize_per_user=True)
Training until validation scores don't improve for 50 rounds
Did not meet early stopping. Best iteration is:
[96]	valid_0's binary_logloss: 0.431455
Training until validation scores don't improve for 50 rounds
Did not meet early stopping. Best iteration is:
[73]	valid_0's binary_logloss: 0.432285
Training until validation scores don't improve for 50 rounds
Did not meet early stopping. Best iteration is:
[100]	valid_0's binary_logloss: 0.381389
Training until validation scores don't improve for 50 rounds
Early stopping, best iteration is:
[42]	valid_0's binary_logloss: 0.479409
Training until validation scores don't improve for 50 rounds
Early stopping, best iteration is:
[3]	valid_0's binary_logloss: 0.655822
Training until validation scores don't improve for 50 rounds
Early stopping, best iteration is:
[2]	valid_0's binary_logloss: 0.655822
Training until validation scores don't improve for 50 rounds
Did not meet early stopping. Best iteration is:
[99]	valid_0's binary_logloss: 0.460768
Training until validation scores don't improve for 50 rounds
Did not meet early stopping. Best iteration is:
[87]	valid_0's binary_logloss: 0.579515
Training until validation scores don't improve for 50 rounds
Did not meet early stopping. Best iteration is:
[99]	valid_0's binary_logloss: 0.505563
Training until validation scores don't improve for 50 rounds
Did not meet early stopping. Best iteration is:
[99]	valid_0's binary_logloss: 0.521396
Training until validation scores don't improve for 50 rounds
Early stopping, best iteration is:
[2]	valid_0's binary_logloss: 0.655822
Training until validation scores don't improve for 50 rounds
Did not meet early stopping. Best iteration is:
[100]	valid_0's binary_logloss: 0.492728
Training until validation scores don't improve for 50 rounds
Did not meet early stopping. Best iteration is:
[100]	valid_0's binary_logloss: 0.512732
Training until validation scores don't improve for 50 rounds
Did not meet early stopping. Best iteration is:
[100]	valid_0's binary_logloss: 0.372976
Training until validation scores don't improve for 50 rounds
Early stopping, best iteration is:
[5]	valid_0's binary_logloss: 0.655822
Training until validation scores don't improve for 50 rounds
Did not meet early stopping. Best iteration is:
[89]	valid_0's binary_logloss: 0.379669
Training until validation scores don't improve for 50 rounds
Early stopping, best iteration is:
[2]	valid_0's binary_logloss: 0.655822
Training until validation scores don't improve for 50 rounds
Early stopping, best iteration is:
[36]	valid_0's binary_logloss: 0.443907
Training until validation scores don't improve for 50 rounds
Did not meet early stopping. Best iteration is:
[99]	valid_0's binary_logloss: 0.548171
Training until validation scores don't improve for 50 rounds
Did not meet early stopping. Best iteration is:
[88]	valid_0's binary_logloss: 0.565341
Training until validation scores don't improve for 50 rounds
Did not meet early stopping. Best iteration is:
[94]	valid_0's binary_logloss: 0.447946
Training until validation scores don't improve for 50 rounds
Did not meet early stopping. Best iteration is:
[97]	valid_0's binary_logloss: 0.367995
Training until validation scores don't improve for 50 rounds
Did not meet early stopping. Best iteration is:
[97]	valid_0's binary_logloss: 0.390631
Training until validation scores don't improve for 50 rounds
Did not meet early stopping. Best iteration is:
[99]	valid_0's binary_logloss: 0.393622
Training until validation scores don't improve for 50 rounds
Did not meet early stopping. Best iteration is:
[100]	valid_0's binary_logloss: 0.495563
Training until validation scores don't improve for 50 rounds
Did not meet early stopping. Best iteration is:
[99]	valid_0's binary_logloss: 0.418604
Training until validation scores don't improve for 50 rounds
Did not meet early stopping. Best iteration is:
[91]	valid_0's binary_logloss: 0.50816
Training until validation scores don't improve for 50 rounds
Early stopping, best iteration is:
[26]	valid_0's binary_logloss: 0.384729
Training until validation scores don't improve for 50 rounds
Early stopping, best iteration is:
[45]	valid_0's binary_logloss: 0.655822
Training until validation scores don't improve for 50 rounds
Did not meet early stopping. Best iteration is:
[71]	valid_0's binary_logloss: 0.455313
Training until validation scores don't improve for 50 rounds
Did not meet early stopping. Best iteration is:
[100]	valid_0's binary_logloss: 0.46664
Training until validation scores don't improve for 50 rounds
Did not meet early stopping. Best iteration is:
[100]	valid_0's binary_logloss: 0.371286
Training until validation scores don't improve for 50 rounds
Did not meet early stopping. Best iteration is:
[72]	valid_0's binary_logloss: 0.396009
Training until validation scores don't improve for 50 rounds
Did not meet early stopping. Best iteration is:
[86]	valid_0's binary_logloss: 0.433169
Training until validation scores don't improve for 50 rounds
Did not meet early stopping. Best iteration is:
[98]	valid_0's binary_logloss: 0.557076
Training until validation scores don't improve for 50 rounds
Did not meet early stopping. Best iteration is:
[97]	valid_0's binary_logloss: 0.467648
Training until validation scores don't improve for 50 rounds
[I 2025-09-17 13:16:03,917] Trial 36 finished with value: 0.7976190476190476 and parameters: {'num_leaves': 139, 'learning_rate': 0.09514931299191096, 'feature_fraction': 0.9105852154782106, 'bagging_fraction': 0.7382415867394971, 'bagging_freq': 3, 'min_child_samples': 31}. Best is trial 2 with value: 0.9087301587301588.
[I 2025-09-17 13:16:03,978] Trial 37 finished with value: 0.8492063492063492 and parameters: {'num_leaves': 184, 'learning_rate': 0.02230462293130453, 'feature_fraction': 0.7909587819704451, 'bagging_fraction': 0.5666642273453466, 'bagging_freq': 4, 'min_child_samples': 12}. Best is trial 2 with value: 0.9087301587301588.
[I 2025-09-17 13:16:04,030] Trial 38 finished with value: 0.8214285714285714 and parameters: {'num_leaves': 241, 'learning_rate': 0.06951817113487782, 'feature_fraction': 0.7285964251991436, 'bagging_fraction': 0.845198355069177, 'bagging_freq': 2, 'min_child_samples': 20}. Best is trial 2 with value: 0.9087301587301588.
[I 2025-09-17 13:16:04,062] Trial 39 finished with value: 0.8571428571428572 and parameters: {'num_leaves': 224, 'learning_rate': 0.15435673838583636, 'feature_fraction': 0.9078420367337814, 'bagging_fraction': 0.6002476929763834, 'bagging_freq': 4, 'min_child_samples': 26}. Best is trial 2 with value: 0.9087301587301588.
[I 2025-09-17 13:16:04,087] Trial 40 finished with value: 0.8095238095238095 and parameters: {'num_leaves': 258, 'learning_rate': 0.19837657636637165, 'feature_fraction': 0.7587388688936944, 'bagging_fraction': 0.7423390804699546, 'bagging_freq': 5, 'min_child_samples': 39}. Best is trial 2 with value: 0.9087301587301588.
[I 2025-09-17 13:16:04,179] Trial 41 finished with value: 0.873015873015873 and parameters: {'num_leaves': 286, 'learning_rate': 0.04983115276738192, 'feature_fraction': 0.7990998949791231, 'bagging_fraction': 0.7924755333704352, 'bagging_freq': 5, 'min_child_samples': 10}. Best is trial 2 with value: 0.9087301587301588.
[I 2025-09-17 13:16:04,253] Trial 42 finished with value: 0.9126984126984126 and parameters: {'num_leaves': 287, 'learning_rate': 0.2993525387122332, 'feature_fraction': 0.8562877294743578, 'bagging_fraction': 0.6910738558568348, 'bagging_freq': 5, 'min_child_samples': 11}. Best is trial 42 with value: 0.9126984126984126.
[I 2025-09-17 13:16:04,309] Trial 43 finished with value: 0.8809523809523809 and parameters: {'num_leaves': 278, 'learning_rate': 0.29863419970277977, 'feature_fraction': 0.8465483884867565, 'bagging_fraction': 0.6883492038087802, 'bagging_freq': 5, 'min_child_samples': 11}. Best is trial 42 with value: 0.9126984126984126.
[I 2025-09-17 13:16:04,346] Trial 44 finished with value: 0.8531746031746031 and parameters: {'num_leaves': 255, 'learning_rate': 0.2694678054683104, 'feature_fraction': 0.8933878617345455, 'bagging_fraction': 0.6424320014172882, 'bagging_freq': 4, 'min_child_samples': 18}. Best is trial 42 with value: 0.9126984126984126.
[I 2025-09-17 13:16:04,517] Trial 45 finished with value: 0.8571428571428572 and parameters: {'num_leaves': 99, 'learning_rate': 0.07950682044499485, 'feature_fraction': 0.8648508093652789, 'bagging_fraction': 0.758407347408284, 'bagging_freq': 6, 'min_child_samples': 5}. Best is trial 42 with value: 0.9126984126984126.
[I 2025-09-17 13:16:04,555] Trial 46 finished with value: 0.8571428571428571 and parameters: {'num_leaves': 300, 'learning_rate': 0.22569770664401012, 'feature_fraction': 0.9637804462676011, 'bagging_fraction': 0.7127762621920481, 'bagging_freq': 6, 'min_child_samples': 26}. Best is trial 42 with value: 0.9126984126984126.
[I 2025-09-17 13:16:04,574] Trial 47 finished with value: 0.5 and parameters: {'num_leaves': 270, 'learning_rate': 0.023738960858350196, 'feature_fraction': 0.7080400597351535, 'bagging_fraction': 0.65999050235243, 'bagging_freq': 5, 'min_child_samples': 59}. Best is trial 42 with value: 0.9126984126984126.
[I 2025-09-17 13:16:04,648] Trial 48 finished with value: 0.8452380952380952 and parameters: {'num_leaves': 240, 'learning_rate': 0.2834144899610984, 'feature_fraction': 0.8086344993302683, 'bagging_fraction': 0.8449599221279516, 'bagging_freq': 3, 'min_child_samples': 10}. Best is trial 42 with value: 0.9126984126984126.
[I 2025-09-17 13:16:04,666] Trial 49 finished with value: 0.5 and parameters: {'num_leaves': 265, 'learning_rate': 0.24437701878180604, 'feature_fraction': 0.9391535119461853, 'bagging_fraction': 0.42794507459944386, 'bagging_freq': 4, 'min_child_samples': 35}. Best is trial 42 with value: 0.9126984126984126.
[I 2025-09-17 13:16:04,832] A new study created in memory with name: no-name-67100447-1d03-48b3-bedc-1b24b4418df4
[I 2025-09-17 13:16:04,866] Trial 0 finished with value: 0.7341269841269841 and parameters: {'num_leaves': 222, 'learning_rate': 0.14997049942306703, 'feature_fraction': 0.6531095307894794, 'bagging_fraction': 0.7432712226085918, 'bagging_freq': 6, 'min_child_samples': 14}. Best is trial 0 with value: 0.7341269841269841.
[I 2025-09-17 13:16:04,881] Trial 1 finished with value: 0.5 and parameters: {'num_leaves': 278, 'learning_rate': 0.13582531482500157, 'feature_fraction': 0.49473702866174407, 'bagging_fraction': 0.888125852167448, 'bagging_freq': 7, 'min_child_samples': 93}. Best is trial 0 with value: 0.7341269841269841.
[I 2025-09-17 13:16:04,888] Trial 2 finished with value: 0.5 and parameters: {'num_leaves': 228, 'learning_rate': 0.10271085294870427, 'feature_fraction': 0.9073304966321567, 'bagging_fraction': 0.6318784653843784, 'bagging_freq': 1, 'min_child_samples': 77}. Best is trial 0 with value: 0.7341269841269841.
[I 2025-09-17 13:16:04,898] Trial 3 finished with value: 0.5 and parameters: {'num_leaves': 199, 'learning_rate': 0.11525886453179156, 'feature_fraction': 0.4100106521856707, 'bagging_fraction': 0.443173263963396, 'bagging_freq': 4, 'min_child_samples': 100}. Best is trial 0 with value: 0.7341269841269841.
[I 2025-09-17 13:16:04,912] Trial 4 finished with value: 0.6091269841269841 and parameters: {'num_leaves': 26, 'learning_rate': 0.28268195566922383, 'feature_fraction': 0.7627407639075272, 'bagging_fraction': 0.6697574638223078, 'bagging_freq': 5, 'min_child_samples': 35}. Best is trial 0 with value: 0.7341269841269841.
[I 2025-09-17 13:16:04,921] Trial 5 finished with value: 0.5 and parameters: {'num_leaves': 11, 'learning_rate': 0.266692348441094, 'feature_fraction': 0.7482243663715735, 'bagging_fraction': 0.6471377661107092, 'bagging_freq': 7, 'min_child_samples': 54}. Best is trial 0 with value: 0.7341269841269841.
[I 2025-09-17 13:16:04,932] Trial 6 finished with value: 0.7103174603174605 and parameters: {'num_leaves': 149, 'learning_rate': 0.19552352733093295, 'feature_fraction': 0.8841449181771912, 'bagging_fraction': 0.5662954437923735, 'bagging_freq': 6, 'min_child_samples': 34}. Best is trial 0 with value: 0.7341269841269841.
[I 2025-09-17 13:16:04,947] Trial 7 finished with value: 0.6527777777777777 and parameters: {'num_leaves': 267, 'learning_rate': 0.25299960444018466, 'feature_fraction': 0.4550273839135529, 'bagging_fraction': 0.9538745510204286, 'bagging_freq': 4, 'min_child_samples': 52}. Best is trial 0 with value: 0.7341269841269841.
[I 2025-09-17 13:16:04,959] Trial 8 finished with value: 0.5 and parameters: {'num_leaves': 225, 'learning_rate': 0.09826714554325532, 'feature_fraction': 0.48298639110388364, 'bagging_fraction': 0.5682768426604448, 'bagging_freq': 2, 'min_child_samples': 67}. Best is trial 0 with value: 0.7341269841269841.
[I 2025-09-17 13:16:04,974] Trial 9 finished with value: 0.6309523809523809 and parameters: {'num_leaves': 36, 'learning_rate': 0.14369205451483144, 'feature_fraction': 0.5307076650036829, 'bagging_fraction': 0.9700758017580563, 'bagging_freq': 6, 'min_child_samples': 39}. Best is trial 0 with value: 0.7341269841269841.
[I 2025-09-17 13:16:05,073] Trial 10 finished with value: 0.8174603174603174 and parameters: {'num_leaves': 133, 'learning_rate': 0.016010810443928436, 'feature_fraction': 0.6232516502247195, 'bagging_fraction': 0.805803858675212, 'bagging_freq': 3, 'min_child_samples': 9}. Best is trial 10 with value: 0.8174603174603174.
[I 2025-09-17 13:16:05,239] Trial 11 finished with value: 0.8373015873015872 and parameters: {'num_leaves': 122, 'learning_rate': 0.012078133748756468, 'feature_fraction': 0.6284152097410267, 'bagging_fraction': 0.8032328656192563, 'bagging_freq': 3, 'min_child_samples': 6}. Best is trial 11 with value: 0.8373015873015872.
[I 2025-09-17 13:16:05,303] Trial 12 finished with value: 0.7619047619047619 and parameters: {'num_leaves': 109, 'learning_rate': 0.035993933203558565, 'feature_fraction': 0.6437085110060883, 'bagging_fraction': 0.7981255743496037, 'bagging_freq': 3, 'min_child_samples': 13}. Best is trial 11 with value: 0.8373015873015872.
[I 2025-09-17 13:16:05,486] Trial 13 finished with value: 0.8492063492063492 and parameters: {'num_leaves': 96, 'learning_rate': 0.015420012394516942, 'feature_fraction': 0.5863921441464469, 'bagging_fraction': 0.8310365785573579, 'bagging_freq': 3, 'min_child_samples': 5}. Best is trial 13 with value: 0.8492063492063492.
[I 2025-09-17 13:16:05,527] Trial 14 finished with value: 0.6944444444444444 and parameters: {'num_leaves': 79, 'learning_rate': 0.058159688594108847, 'feature_fraction': 0.5699118320071852, 'bagging_fraction': 0.8702268416376437, 'bagging_freq': 2, 'min_child_samples': 24}. Best is trial 13 with value: 0.8492063492063492.
[I 2025-09-17 13:16:05,651] Trial 15 finished with value: 0.7896825396825397 and parameters: {'num_leaves': 77, 'learning_rate': 0.07165591640667682, 'feature_fraction': 0.8106371324376921, 'bagging_fraction': 0.7437949872396834, 'bagging_freq': 3, 'min_child_samples': 5}. Best is trial 13 with value: 0.8492063492063492.
[I 2025-09-17 13:16:05,697] Trial 16 finished with value: 0.6666666666666666 and parameters: {'num_leaves': 172, 'learning_rate': 0.01666873537416134, 'feature_fraction': 0.9865230864864034, 'bagging_fraction': 0.8664917104239469, 'bagging_freq': 1, 'min_child_samples': 25}. Best is trial 13 with value: 0.8492063492063492.
[I 2025-09-17 13:16:05,730] Trial 17 finished with value: 0.5912698412698413 and parameters: {'num_leaves': 93, 'learning_rate': 0.20239011503166687, 'feature_fraction': 0.5789139550789942, 'bagging_fraction': 0.7876258894132968, 'bagging_freq': 2, 'min_child_samples': 20}. Best is trial 13 with value: 0.8492063492063492.
[I 2025-09-17 13:16:05,753] Trial 18 finished with value: 0.621031746031746 and parameters: {'num_leaves': 58, 'learning_rate': 0.051950856883578096, 'feature_fraction': 0.7081316011819493, 'bagging_fraction': 0.9177569468437543, 'bagging_freq': 5, 'min_child_samples': 48}. Best is trial 13 with value: 0.8492063492063492.
[I 2025-09-17 13:16:05,766] Trial 19 finished with value: 0.5 and parameters: {'num_leaves': 124, 'learning_rate': 0.07893991590984907, 'feature_fraction': 0.6817450824120312, 'bagging_fraction': 0.41469131492320915, 'bagging_freq': 3, 'min_child_samples': 67}. Best is trial 13 with value: 0.8492063492063492.
[I 2025-09-17 13:16:05,865] Trial 20 finished with value: 0.8015873015873016 and parameters: {'num_leaves': 172, 'learning_rate': 0.18147423147776648, 'feature_fraction': 0.5773879140563405, 'bagging_fraction': 0.7179917548686573, 'bagging_freq': 4, 'min_child_samples': 5}. Best is trial 13 with value: 0.8492063492063492.
[I 2025-09-17 13:16:05,948] Trial 21 finished with value: 0.753968253968254 and parameters: {'num_leaves': 141, 'learning_rate': 0.011404149137940363, 'feature_fraction': 0.6181997651356423, 'bagging_fraction': 0.8337955175905465, 'bagging_freq': 3, 'min_child_samples': 12}. Best is trial 13 with value: 0.8492063492063492.
[I 2025-09-17 13:16:05,994] Trial 22 finished with value: 0.6666666666666666 and parameters: {'num_leaves': 118, 'learning_rate': 0.03609049932758834, 'feature_fraction': 0.6121537743319729, 'bagging_fraction': 0.799999017236867, 'bagging_freq': 2, 'min_child_samples': 21}. Best is trial 13 with value: 0.8492063492063492.
[I 2025-09-17 13:16:06,218] Trial 23 finished with value: 0.865079365079365 and parameters: {'num_leaves': 56, 'learning_rate': 0.010952144701915207, 'feature_fraction': 0.5293698938942119, 'bagging_fraction': 0.9969712840386655, 'bagging_freq': 4, 'min_child_samples': 5}. Best is trial 23 with value: 0.865079365079365.
[I 2025-09-17 13:16:06,255] Trial 24 finished with value: 0.6626984126984127 and parameters: {'num_leaves': 55, 'learning_rate': 0.04143485945491224, 'feature_fraction': 0.5326997641358565, 'bagging_fraction': 0.9923856351834618, 'bagging_freq': 4, 'min_child_samples': 28}. Best is trial 23 with value: 0.865079365079365.
[I 2025-09-17 13:16:06,306] Trial 25 finished with value: 0.7261904761904762 and parameters: {'num_leaves': 96, 'learning_rate': 0.07365345025521125, 'feature_fraction': 0.44168176956546223, 'bagging_fraction': 0.9288967513412416, 'bagging_freq': 5, 'min_child_samples': 17}. Best is trial 23 with value: 0.865079365079365.
[I 2025-09-17 13:16:06,516] Trial 26 finished with value: 0.8214285714285714 and parameters: {'num_leaves': 63, 'learning_rate': 0.028625232314019533, 'feature_fraction': 0.5244030970340943, 'bagging_fraction': 0.9120162285958013, 'bagging_freq': 4, 'min_child_samples': 5}. Best is trial 23 with value: 0.865079365079365.
