[I 2025-09-17 13:17:34,551] Trial 43 finished with value: 0.9372549019607843 and parameters: {'num_leaves': 18, 'learning_rate': 0.21527149313406585, 'feature_fraction': 0.6126346107751499, 'bagging_fraction': 0.6972695298500575, 'bagging_freq': 7, 'min_child_samples': 22}. Best is trial 41 with value: 0.9764705882352941.
[I 2025-09-17 13:17:34,620] Trial 44 finished with value: 0.9882352941176471 and parameters: {'num_leaves': 37, 'learning_rate': 0.28293828654935155, 'feature_fraction': 0.8032587255305925, 'bagging_fraction': 0.7207719065036812, 'bagging_freq': 7, 'min_child_samples': 10}. Best is trial 44 with value: 0.9882352941176471.
[I 2025-09-17 13:17:34,632] Trial 45 finished with value: 0.5 and parameters: {'num_leaves': 34, 'learning_rate': 0.2827234210999955, 'feature_fraction': 0.8099691281994184, 'bagging_fraction': 0.6145122712524412, 'bagging_freq': 7, 'min_child_samples': 67}. Best is trial 44 with value: 0.9882352941176471.
[I 2025-09-17 13:17:34,677] Trial 46 finished with value: 0.9333333333333333 and parameters: {'num_leaves': 46, 'learning_rate': 0.03083401235051582, 'feature_fraction': 0.7195772899659418, 'bagging_fraction': 0.6689383298030132, 'bagging_freq': 7, 'min_child_samples': 16}. Best is trial 44 with value: 0.9882352941176471.
[I 2025-09-17 13:17:34,748] Trial 47 finished with value: 0.9647058823529412 and parameters: {'num_leaves': 73, 'learning_rate': 0.2763096567162592, 'feature_fraction': 0.871242597371501, 'bagging_fraction': 0.6277149351200276, 'bagging_freq': 6, 'min_child_samples': 9}. Best is trial 44 with value: 0.9882352941176471.
[I 2025-09-17 13:17:34,782] Trial 48 finished with value: 0.9450980392156862 and parameters: {'num_leaves': 33, 'learning_rate': 0.25238200114006687, 'feature_fraction': 0.7401187591780432, 'bagging_fraction': 0.7109457126444343, 'bagging_freq': 6, 'min_child_samples': 24}. Best is trial 44 with value: 0.9882352941176471.
[I 2025-09-17 13:17:34,795] Trial 49 finished with value: 0.5 and parameters: {'num_leaves': 88, 'learning_rate': 0.19951044716729385, 'feature_fraction': 0.7936364682576842, 'bagging_fraction': 0.7384920435045589, 'bagging_freq': 1, 'min_child_samples': 78}. Best is trial 44 with value: 0.9882352941176471.
[I 2025-09-17 13:17:34,973] A new study created in memory with name: no-name-1ebeb1ab-1809-4c14-8018-2702d5ca50dc
[I 2025-09-17 13:17:35,002] Trial 0 finished with value: 0.9176470588235295 and parameters: {'num_leaves': 180, 'learning_rate': 0.15079330521381976, 'feature_fraction': 0.9529233415626833, 'bagging_fraction': 0.5082566594907748, 'bagging_freq': 1, 'min_child_samples': 20}. Best is trial 0 with value: 0.9176470588235295.
[I 2025-09-17 13:17:35,011] Trial 1 finished with value: 0.5 and parameters: {'num_leaves': 153, 'learning_rate': 0.053437061939216005, 'feature_fraction': 0.491551464224911, 'bagging_fraction': 0.6085068881033275, 'bagging_freq': 7, 'min_child_samples': 66}. Best is trial 0 with value: 0.9176470588235295.
[I 2025-09-17 13:17:35,019] Trial 2 finished with value: 0.5 and parameters: {'num_leaves': 114, 'learning_rate': 0.1866247696339264, 'feature_fraction': 0.7146851524749456, 'bagging_fraction': 0.5523257031001473, 'bagging_freq': 6, 'min_child_samples': 82}. Best is trial 0 with value: 0.9176470588235295.
[I 2025-09-17 13:17:35,029] Trial 3 finished with value: 0.5 and parameters: {'num_leaves': 240, 'learning_rate': 0.24572685270707054, 'feature_fraction': 0.4838225538914992, 'bagging_fraction': 0.9482350794047146, 'bagging_freq': 3, 'min_child_samples': 82}. Best is trial 0 with value: 0.9176470588235295.
[I 2025-09-17 13:17:35,038] Trial 4 finished with value: 0.5 and parameters: {'num_leaves': 247, 'learning_rate': 0.27947518217638095, 'feature_fraction': 0.4904651096629873, 'bagging_fraction': 0.9474599190514071, 'bagging_freq': 5, 'min_child_samples': 75}. Best is trial 0 with value: 0.9176470588235295.
[I 2025-09-17 13:17:35,047] Trial 5 finished with value: 0.5 and parameters: {'num_leaves': 121, 'learning_rate': 0.08600690038298324, 'feature_fraction': 0.5980603010376196, 'bagging_fraction': 0.6678983259373557, 'bagging_freq': 6, 'min_child_samples': 56}. Best is trial 0 with value: 0.9176470588235295.
[I 2025-09-17 13:17:35,140] Trial 6 finished with value: 0.8862745098039216 and parameters: {'num_leaves': 188, 'learning_rate': 0.11557509926998809, 'feature_fraction': 0.4192854810636981, 'bagging_fraction': 0.7699623555953515, 'bagging_freq': 7, 'min_child_samples': 6}. Best is trial 0 with value: 0.9176470588235295.
[I 2025-09-17 13:17:35,165] Trial 7 finished with value: 0.8549019607843137 and parameters: {'num_leaves': 233, 'learning_rate': 0.06837639127639895, 'feature_fraction': 0.7891091934107746, 'bagging_fraction': 0.4548229406072696, 'bagging_freq': 2, 'min_child_samples': 26}. Best is trial 0 with value: 0.9176470588235295.
[I 2025-09-17 13:17:35,185] Trial 8 finished with value: 0.8392156862745098 and parameters: {'num_leaves': 268, 'learning_rate': 0.2118876975424684, 'feature_fraction': 0.9404805357149161, 'bagging_fraction': 0.6835031749590335, 'bagging_freq': 1, 'min_child_samples': 37}. Best is trial 0 with value: 0.9176470588235295.
[I 2025-09-17 13:17:35,195] Trial 9 finished with value: 0.5 and parameters: {'num_leaves': 227, 'learning_rate': 0.2666973039215827, 'feature_fraction': 0.5844361925102166, 'bagging_fraction': 0.8723385336734835, 'bagging_freq': 3, 'min_child_samples': 82}. Best is trial 0 with value: 0.9176470588235295.
Early stopping, best iteration is:
[1]	valid_0's binary_logloss: 0.691293
Training until validation scores don't improve for 50 rounds
Early stopping, best iteration is:
[36]	valid_0's binary_logloss: 0.279149
Training until validation scores don't improve for 50 rounds
Did not meet early stopping. Best iteration is:
[100]	valid_0's binary_logloss: 0.491087
Training until validation scores don't improve for 50 rounds
Did not meet early stopping. Best iteration is:
[100]	valid_0's binary_logloss: 0.509183
Training until validation scores don't improve for 50 rounds
Early stopping, best iteration is:
[21]	valid_0's binary_logloss: 0.235694
Training until validation scores don't improve for 50 rounds
Early stopping, best iteration is:
[35]	valid_0's binary_logloss: 0.282687
Training until validation scores don't improve for 50 rounds
Early stopping, best iteration is:
[2]	valid_0's binary_logloss: 0.691293
Training until validation scores don't improve for 50 rounds
Early stopping, best iteration is:
[1]	valid_0's binary_logloss: 0.691293
Training until validation scores don't improve for 50 rounds
Did not meet early stopping. Best iteration is:
[62]	valid_0's binary_logloss: 0.263639
Training until validation scores don't improve for 50 rounds
Early stopping, best iteration is:
[48]	valid_0's binary_logloss: 0.309773
Training until validation scores don't improve for 50 rounds
Early stopping, best iteration is:
[36]	valid_0's binary_logloss: 0.418281
Training until validation scores don't improve for 50 rounds
Early stopping, best iteration is:
[45]	valid_0's binary_logloss: 0.298621
Training until validation scores don't improve for 50 rounds
Early stopping, best iteration is:
[2]	valid_0's binary_logloss: 0.691293
Training until validation scores don't improve for 50 rounds
Early stopping, best iteration is:
[40]	valid_0's binary_logloss: 0.309305
Training until validation scores don't improve for 50 rounds
Early stopping, best iteration is:
[45]	valid_0's binary_logloss: 0.278111
Training until validation scores don't improve for 50 rounds
Early stopping, best iteration is:
[1]	valid_0's binary_logloss: 0.691293
Training until validation scores don't improve for 50 rounds
Did not meet early stopping. Best iteration is:
[69]	valid_0's binary_logloss: 0.288025
Training until validation scores don't improve for 50 rounds
Early stopping, best iteration is:
[2]	valid_0's binary_logloss: 0.691293
Training until validation scores don't improve for 50 rounds
Early stopping, best iteration is:
[48]	valid_0's binary_logloss: 0.308743
Training until validation scores don't improve for 50 rounds
Did not meet early stopping. Best iteration is:
[95]	valid_0's binary_logloss: 0.50716
Training until validation scores don't improve for 50 rounds
Early stopping, best iteration is:
[27]	valid_0's binary_logloss: 0.292154
Training until validation scores don't improve for 50 rounds
Early stopping, best iteration is:
[20]	valid_0's binary_logloss: 0.276588
Training until validation scores don't improve for 50 rounds
Early stopping, best iteration is:
[24]	valid_0's binary_logloss: 0.318611
Training until validation scores don't improve for 50 rounds
Early stopping, best iteration is:
[25]	valid_0's binary_logloss: 0.220617
Training until validation scores don't improve for 50 rounds
Early stopping, best iteration is:
[23]	valid_0's binary_logloss: 0.252944
Training until validation scores don't improve for 50 rounds
Early stopping, best iteration is:
[46]	valid_0's binary_logloss: 0.298064
Training until validation scores don't improve for 50 rounds
Early stopping, best iteration is:
[21]	valid_0's binary_logloss: 0.362577
Training until validation scores don't improve for 50 rounds
Early stopping, best iteration is:
[24]	valid_0's binary_logloss: 0.288255
Training until validation scores don't improve for 50 rounds
Early stopping, best iteration is:
[14]	valid_0's binary_logloss: 0.268961
Training until validation scores don't improve for 50 rounds
Did not meet early stopping. Best iteration is:
[83]	valid_0's binary_logloss: 0.400334
Training until validation scores don't improve for 50 rounds
Early stopping, best iteration is:
[27]	valid_0's binary_logloss: 0.21428
Training until validation scores don't improve for 50 rounds
Early stopping, best iteration is:
[45]	valid_0's binary_logloss: 0.260124
Training until validation scores don't improve for 50 rounds
Early stopping, best iteration is:
[13]	valid_0's binary_logloss: 0.354621
Training until validation scores don't improve for 50 rounds
Early stopping, best iteration is:
[13]	valid_0's binary_logloss: 0.289099
Training until validation scores don't improve for 50 rounds
Early stopping, best iteration is:
[28]	valid_0's binary_logloss: 0.336621
Training until validation scores don't improve for 50 rounds
Early stopping, best iteration is:
[26]	valid_0's binary_logloss: 0.274688
Training until validation scores don't improve for 50 rounds
Early stopping, best iteration is:
[2]	valid_0's binary_logloss: 0.691293
Training until validation scores don't improve for 50 rounds
Early stopping, best iteration is:
[27]	valid_0's binary_logloss: 0.269754
Training until validation scores don't improve for 50 rounds
Did not meet early stopping. Best iteration is:
[62]	valid_0's binary_logloss: 0.291156
Training until validation scores don't improve for 50 rounds
Early stopping, best iteration is:
[25]	valid_0's binary_logloss: 0.204394
Training until validation scores don't improve for 50 rounds
Early stopping, best iteration is:
[47]	valid_0's binary_logloss: 0.219246
Training until validation scores don't improve for 50 rounds
Early stopping, best iteration is:
[32]	valid_0's binary_logloss: 0.246782
Training until validation scores don't improve for 50 rounds
Early stopping, best iteration is:
[46]	valid_0's binary_logloss: 0.307573
Training until validation scores don't improve for 50 rounds
Early stopping, best iteration is:
[49]	valid_0's binary_logloss: 0.164877
Training until validation scores don't improve for 50 rounds
Early stopping, best iteration is:
[1]	valid_0's binary_logloss: 0.691293
Training until validation scores don't improve for 50 rounds
Did not meet early stopping. Best iteration is:
[84]	valid_0's binary_logloss: 0.369197
Training until validation scores don't improve for 50 rounds
Early stopping, best iteration is:
[42]	valid_0's binary_logloss: 0.206204
Training until validation scores don't improve for 50 rounds
Did not meet early stopping. Best iteration is:
[54]	valid_0's binary_logloss: 0.283474
Training until validation scores don't improve for 50 rounds
Early stopping, best iteration is:
[1]	valid_0's binary_logloss: 0.691293
Training until validation scores don't improve for 50 rounds
Did not meet early stopping. Best iteration is:
[86]	valid_0's binary_logloss: 0.34765
Training until validation scores don't improve for 50 rounds
Early stopping, best iteration is:
[1]	valid_0's binary_logloss: 0.691293
Training until validation scores don't improve for 50 rounds
Early stopping, best iteration is:
[1]	valid_0's binary_logloss: 0.691293
Training until validation scores don't improve for 50 rounds
Early stopping, best iteration is:
[1]	valid_0's binary_logloss: 0.691293
Training until validation scores don't improve for 50 rounds
Early stopping, best iteration is:
[5]	valid_0's binary_logloss: 0.691293
Training until validation scores don't improve for 50 rounds
Early stopping, best iteration is:
[1]	valid_0's binary_logloss: 0.691293
Training until validation scores don't improve for 50 rounds
Early stopping, best iteration is:
[16]	valid_0's binary_logloss: 0.41436
Training until validation scores don't improve for 50 rounds
Did not meet early stopping. Best iteration is:
[79]	valid_0's binary_logloss: 0.469648
Training until validation scores don't improve for 50 rounds
Early stopping, best iteration is:
[33]	valid_0's binary_logloss: 0.490189
Training until validation scores don't improve for 50 rounds
Early stopping, best iteration is:
[1]	valid_0's binary_logloss: 0.691293
Training until validation scores don't improve for 50 rounds
[I 2025-09-17 13:17:35,287] Trial 10 finished with value: 0.9058823529411764 and parameters: {'num_leaves': 17, 'learning_rate': 0.12155793780365276, 'feature_fraction': 0.9838208457658216, 'bagging_fraction': 0.41262854022364337, 'bagging_freq': 1, 'min_child_samples': 5}. Best is trial 0 with value: 0.9176470588235295.
[I 2025-09-17 13:17:35,351] Trial 11 finished with value: 0.9372549019607843 and parameters: {'num_leaves': 55, 'learning_rate': 0.14188547317873565, 'feature_fraction': 0.9967188768476805, 'bagging_fraction': 0.40129399741561317, 'bagging_freq': 1, 'min_child_samples': 7}. Best is trial 11 with value: 0.9372549019607843.
[I 2025-09-17 13:17:35,377] Trial 12 finished with value: 0.9117647058823529 and parameters: {'num_leaves': 49, 'learning_rate': 0.010154057011405454, 'feature_fraction': 0.8717521996850333, 'bagging_fraction': 0.5031408798294731, 'bagging_freq': 2, 'min_child_samples': 24}. Best is trial 11 with value: 0.9372549019607843.
[I 2025-09-17 13:17:35,405] Trial 13 finished with value: 0.8588235294117648 and parameters: {'num_leaves': 79, 'learning_rate': 0.16067406726851374, 'feature_fraction': 0.8621383619849486, 'bagging_fraction': 0.4065867038813564, 'bagging_freq': 1, 'min_child_samples': 22}. Best is trial 11 with value: 0.9372549019607843.
[I 2025-09-17 13:17:35,419] Trial 14 finished with value: 0.5 and parameters: {'num_leaves': 299, 'learning_rate': 0.15594071344699273, 'feature_fraction': 0.9875682347372003, 'bagging_fraction': 0.5381957835576225, 'bagging_freq': 3, 'min_child_samples': 44}. Best is trial 11 with value: 0.9372549019607843.
[I 2025-09-17 13:17:35,457] Trial 15 finished with value: 0.9215686274509804 and parameters: {'num_leaves': 178, 'learning_rate': 0.20950927965229132, 'feature_fraction': 0.8790365153910271, 'bagging_fraction': 0.47421174138724637, 'bagging_freq': 2, 'min_child_samples': 15}. Best is trial 11 with value: 0.9372549019607843.
[I 2025-09-17 13:17:35,469] Trial 16 finished with value: 0.5 and parameters: {'num_leaves': 87, 'learning_rate': 0.2080789855630615, 'feature_fraction': 0.8666419217233644, 'bagging_fraction': 0.7695716388873212, 'bagging_freq': 4, 'min_child_samples': 98}. Best is trial 11 with value: 0.9372549019607843.
[I 2025-09-17 13:17:35,510] Trial 17 finished with value: 0.8823529411764706 and parameters: {'num_leaves': 10, 'learning_rate': 0.23406876402404625, 'feature_fraction': 0.7808516843333427, 'bagging_fraction': 0.6058384321180321, 'bagging_freq': 2, 'min_child_samples': 13}. Best is trial 11 with value: 0.9372549019607843.
[I 2025-09-17 13:17:35,524] Trial 18 finished with value: 0.5 and parameters: {'num_leaves': 164, 'learning_rate': 0.18514458927030522, 'feature_fraction': 0.9094085041165615, 'bagging_fraction': 0.44145576816938387, 'bagging_freq': 4, 'min_child_samples': 37}. Best is trial 11 with value: 0.9372549019607843.
[I 2025-09-17 13:17:35,549] Trial 19 finished with value: 0.6078431372549019 and parameters: {'num_leaves': 130, 'learning_rate': 0.11469780960719636, 'feature_fraction': 0.8200891166689296, 'bagging_fraction': 0.4806221525365401, 'bagging_freq': 2, 'min_child_samples': 34}. Best is trial 11 with value: 0.9372549019607843.
[I 2025-09-17 13:17:35,561] Trial 20 finished with value: 0.5 and parameters: {'num_leaves': 209, 'learning_rate': 0.29863790759183245, 'feature_fraction': 0.7137583805966343, 'bagging_fraction': 0.5804675648095373, 'bagging_freq': 3, 'min_child_samples': 47}. Best is trial 11 with value: 0.9372549019607843.
[I 2025-09-17 13:17:35,595] Trial 21 finished with value: 0.9254901960784314 and parameters: {'num_leaves': 183, 'learning_rate': 0.13627755856060542, 'feature_fraction': 0.9385774215980649, 'bagging_fraction': 0.5043551195339825, 'bagging_freq': 1, 'min_child_samples': 16}. Best is trial 11 with value: 0.9372549019607843.
[I 2025-09-17 13:17:35,636] Trial 22 finished with value: 0.9490196078431372 and parameters: {'num_leaves': 202, 'learning_rate': 0.13559051253314747, 'feature_fraction': 0.904979825512686, 'bagging_fraction': 0.4706112870021348, 'bagging_freq': 1, 'min_child_samples': 16}. Best is trial 22 with value: 0.9490196078431372.
[I 2025-09-17 13:17:35,690] Trial 23 finished with value: 0.9215686274509803 and parameters: {'num_leaves': 210, 'learning_rate': 0.1314133408490638, 'feature_fraction': 0.9518578311758491, 'bagging_fraction': 0.4220878249160548, 'bagging_freq': 1, 'min_child_samples': 11}. Best is trial 22 with value: 0.9490196078431372.
[I 2025-09-17 13:17:35,724] Trial 24 finished with value: 0.9294117647058824 and parameters: {'num_leaves': 141, 'learning_rate': 0.08738099912428246, 'feature_fraction': 0.9965569734265275, 'bagging_fraction': 0.6459599058393073, 'bagging_freq': 1, 'min_child_samples': 29}. Best is trial 22 with value: 0.9490196078431372.
[I 2025-09-17 13:17:35,766] Trial 25 finished with value: 0.9294117647058824 and parameters: {'num_leaves': 47, 'learning_rate': 0.09022585239634709, 'feature_fraction': 0.9992383417527158, 'bagging_fraction': 0.7292180540602244, 'bagging_freq': 2, 'min_child_samples': 25}. Best is trial 22 with value: 0.9490196078431372.
[I 2025-09-17 13:17:35,795] Trial 26 finished with value: 0.9176470588235295 and parameters: {'num_leaves': 140, 'learning_rate': 0.04200152947954902, 'feature_fraction': 0.9126908368905566, 'bagging_fraction': 0.6322016342393927, 'bagging_freq': 1, 'min_child_samples': 29}. Best is trial 22 with value: 0.9490196078431372.
[I 2025-09-17 13:17:35,916] Trial 27 finished with value: 0.8941176470588236 and parameters: {'num_leaves': 84, 'learning_rate': 0.10173542847394251, 'feature_fraction': 0.8182752473395734, 'bagging_fraction': 0.836266108922047, 'bagging_freq': 2, 'min_child_samples': 5}. Best is trial 22 with value: 0.9490196078431372.
[I 2025-09-17 13:17:35,939] Trial 28 finished with value: 0.8941176470588236 and parameters: {'num_leaves': 100, 'learning_rate': 0.17634967102633625, 'feature_fraction': 0.6445469982486685, 'bagging_fraction': 0.5501115321089896, 'bagging_freq': 3, 'min_child_samples': 32}. Best is trial 22 with value: 0.9490196078431372.
[I 2025-09-17 13:17:35,983] Trial 29 finished with value: 0.9215686274509804 and parameters: {'num_leaves': 48, 'learning_rate': 0.14820463233240247, 'feature_fraction': 0.9184587656789892, 'bagging_fraction': 0.643259370099339, 'bagging_freq': 1, 'min_child_samples': 19}. Best is trial 22 with value: 0.9490196078431372.
[I 2025-09-17 13:17:35,995] Trial 30 finished with value: 0.5 and parameters: {'num_leaves': 67, 'learning_rate': 0.0733864538138709, 'feature_fraction': 0.9669253680852717, 'bagging_fraction': 0.5115370290355801, 'bagging_freq': 5, 'min_child_samples': 42}. Best is trial 22 with value: 0.9490196078431372.
[I 2025-09-17 13:17:36,037] Trial 31 finished with value: 0.9333333333333333 and parameters: {'num_leaves': 35, 'learning_rate': 0.09811337531685141, 'feature_fraction': 0.9950130848245357, 'bagging_fraction': 0.7241453696430914, 'bagging_freq': 1, 'min_child_samples': 20}. Best is trial 22 with value: 0.9490196078431372.
[I 2025-09-17 13:17:36,106] Trial 32 finished with value: 0.9058823529411765 and parameters: {'num_leaves': 59, 'learning_rate': 0.03916721486821717, 'feature_fraction': 0.9976341912451082, 'bagging_fraction': 0.7368390250797925, 'bagging_freq': 1, 'min_child_samples': 11}. Best is trial 22 with value: 0.9490196078431372.
[I 2025-09-17 13:17:36,121] Trial 33 finished with value: 0.5686274509803922 and parameters: {'num_leaves': 157, 'learning_rate': 0.10056732898892473, 'feature_fraction': 0.9557818039224601, 'bagging_fraction': 0.8213535754548927, 'bagging_freq': 1, 'min_child_samples': 56}. Best is trial 22 with value: 0.9490196078431372.
[I 2025-09-17 13:17:36,167] Trial 34 finished with value: 0.9254901960784314 and parameters: {'num_leaves': 34, 'learning_rate': 0.06463193247363716, 'feature_fraction': 0.8992828500641581, 'bagging_fraction': 0.7126429773319654, 'bagging_freq': 2, 'min_child_samples': 17}. Best is trial 22 with value: 0.9490196078431372.
[I 2025-09-17 13:17:36,201] Trial 35 finished with value: 0.8980392156862744 and parameters: {'num_leaves': 30, 'learning_rate': 0.1393735943976855, 'feature_fraction': 0.9599208079080312, 'bagging_fraction': 0.575974581692799, 'bagging_freq': 1, 'min_child_samples': 21}. Best is trial 22 with value: 0.9490196078431372.
