[I 2025-09-17 13:16:47,951] Trial 21 finished with value: 0.8253968253968254 and parameters: {'num_leaves': 141, 'learning_rate': 0.2462258645429706, 'feature_fraction': 0.9428349291649541, 'bagging_fraction': 0.6455989293071188, 'bagging_freq': 6, 'min_child_samples': 18}. Best is trial 11 with value: 0.9087301587301586.
[I 2025-09-17 13:16:47,989] Trial 22 finished with value: 0.8174603174603174 and parameters: {'num_leaves': 161, 'learning_rate': 0.23223175434022741, 'feature_fraction': 0.940059896088791, 'bagging_fraction': 0.533845400236785, 'bagging_freq': 6, 'min_child_samples': 14}. Best is trial 11 with value: 0.9087301587301586.
[I 2025-09-17 13:16:48,008] Trial 23 finished with value: 0.630952380952381 and parameters: {'num_leaves': 97, 'learning_rate': 0.261059705575536, 'feature_fraction': 0.8152917341924861, 'bagging_fraction': 0.5643622971788006, 'bagging_freq': 5, 'min_child_samples': 31}. Best is trial 11 with value: 0.9087301587301586.
[I 2025-09-17 13:16:48,083] Trial 24 finished with value: 0.861111111111111 and parameters: {'num_leaves': 47, 'learning_rate': 0.19138795629945365, 'feature_fraction': 0.9092102033446454, 'bagging_fraction': 0.6310460219216196, 'bagging_freq': 6, 'min_child_samples': 5}. Best is trial 11 with value: 0.9087301587301586.
[I 2025-09-17 13:16:48,154] Trial 25 finished with value: 0.9007936507936509 and parameters: {'num_leaves': 50, 'learning_rate': 0.18535687831049463, 'feature_fraction': 0.7678781421623224, 'bagging_fraction': 0.725025899875626, 'bagging_freq': 7, 'min_child_samples': 6}. Best is trial 11 with value: 0.9087301587301586.
[I 2025-09-17 13:16:48,170] Trial 26 finished with value: 0.3551587301587302 and parameters: {'num_leaves': 46, 'learning_rate': 0.1447694673261772, 'feature_fraction': 0.6627277162559623, 'bagging_fraction': 0.7428308303837967, 'bagging_freq': 7, 'min_child_samples': 52}. Best is trial 11 with value: 0.9087301587301586.
[I 2025-09-17 13:16:48,234] Trial 27 finished with value: 0.8492063492063492 and parameters: {'num_leaves': 41, 'learning_rate': 0.18147556935964299, 'feature_fraction': 0.9112111142148143, 'bagging_fraction': 0.8098720572923792, 'bagging_freq': 7, 'min_child_samples': 12}. Best is trial 11 with value: 0.9087301587301586.
[I 2025-09-17 13:16:48,248] Trial 28 finished with value: 0.5 and parameters: {'num_leaves': 96, 'learning_rate': 0.1342564524093343, 'feature_fraction': 0.9998562005984312, 'bagging_fraction': 0.8855045302454925, 'bagging_freq': 4, 'min_child_samples': 100}. Best is trial 11 with value: 0.9087301587301586.
[I 2025-09-17 13:16:48,281] Trial 29 finished with value: 0.6666666666666666 and parameters: {'num_leaves': 66, 'learning_rate': 0.030574357471298663, 'feature_fraction': 0.8387383646513796, 'bagging_fraction': 0.6119684178611466, 'bagging_freq': 2, 'min_child_samples': 25}. Best is trial 11 with value: 0.9087301587301586.
[I 2025-09-17 13:16:48,300] Trial 30 finished with value: 0.5873015873015873 and parameters: {'num_leaves': 41, 'learning_rate': 0.16644411434900658, 'feature_fraction': 0.6888172811082084, 'bagging_fraction': 0.7361888905087239, 'bagging_freq': 7, 'min_child_samples': 36}. Best is trial 11 with value: 0.9087301587301586.
[I 2025-09-17 13:16:48,347] Trial 31 finished with value: 0.7777777777777778 and parameters: {'num_leaves': 39, 'learning_rate': 0.17976444160237354, 'feature_fraction': 0.9110925414908996, 'bagging_fraction': 0.7979120011618881, 'bagging_freq': 7, 'min_child_samples': 12}. Best is trial 11 with value: 0.9087301587301586.
[I 2025-09-17 13:16:48,406] Trial 32 finished with value: 0.8055555555555556 and parameters: {'num_leaves': 61, 'learning_rate': 0.22000672182136283, 'feature_fraction': 0.8695723911852067, 'bagging_fraction': 0.8326302949791952, 'bagging_freq': 7, 'min_child_samples': 9}. Best is trial 11 with value: 0.9087301587301586.
[I 2025-09-17 13:16:48,435] Trial 33 finished with value: 0.6984126984126984 and parameters: {'num_leaves': 99, 'learning_rate': 0.19699894592863276, 'feature_fraction': 0.9240389750725839, 'bagging_fraction': 0.7174907811925777, 'bagging_freq': 6, 'min_child_samples': 18}. Best is trial 11 with value: 0.9087301587301586.
[I 2025-09-17 13:16:48,464] Trial 34 finished with value: 0.7222222222222222 and parameters: {'num_leaves': 77, 'learning_rate': 0.12364199629620101, 'feature_fraction': 0.7708357802754403, 'bagging_fraction': 0.7696561497759989, 'bagging_freq': 5, 'min_child_samples': 24}. Best is trial 11 with value: 0.9087301587301586.
[I 2025-09-17 13:16:48,528] Trial 35 finished with value: 0.7658730158730159 and parameters: {'num_leaves': 43, 'learning_rate': 0.012784592126274169, 'feature_fraction': 0.851075277643678, 'bagging_fraction': 0.8707727936244063, 'bagging_freq': 3, 'min_child_samples': 16}. Best is trial 11 with value: 0.9087301587301586.
[I 2025-09-17 13:16:48,616] Trial 36 finished with value: 0.8333333333333333 and parameters: {'num_leaves': 164, 'learning_rate': 0.09776614784604995, 'feature_fraction': 0.8893383717124994, 'bagging_fraction': 0.8274970493171654, 'bagging_freq': 5, 'min_child_samples': 10}. Best is trial 11 with value: 0.9087301587301586.
[I 2025-09-17 13:16:48,656] Trial 37 finished with value: 0.7658730158730158 and parameters: {'num_leaves': 220, 'learning_rate': 0.08185987887484782, 'feature_fraction': 0.9599580220430723, 'bagging_fraction': 0.9265991510399634, 'bagging_freq': 7, 'min_child_samples': 27}. Best is trial 11 with value: 0.9087301587301586.
[I 2025-09-17 13:16:48,774] Trial 38 finished with value: 0.8650793650793651 and parameters: {'num_leaves': 81, 'learning_rate': 0.1734972834397407, 'feature_fraction': 0.8128366522792252, 'bagging_fraction': 0.6379693035790696, 'bagging_freq': 6, 'min_child_samples': 5}. Best is trial 11 with value: 0.9087301587301586.
[I 2025-09-17 13:16:48,812] Trial 39 finished with value: 0.746031746031746 and parameters: {'num_leaves': 120, 'learning_rate': 0.1516311413572544, 'feature_fraction': 0.8316429158054142, 'bagging_fraction': 0.637567908236532, 'bagging_freq': 6, 'min_child_samples': 21}. Best is trial 11 with value: 0.9087301587301586.
[I 2025-09-17 13:16:48,907] Trial 40 finished with value: 0.7936507936507937 and parameters: {'num_leaves': 92, 'learning_rate': 0.21015302165704514, 'feature_fraction': 0.7185356506326077, 'bagging_fraction': 0.596728878530882, 'bagging_freq': 3, 'min_child_samples': 5}. Best is trial 11 with value: 0.9087301587301586.
[I 2025-09-17 13:16:48,958] Trial 41 finished with value: 0.9325396825396826 and parameters: {'num_leaves': 33, 'learning_rate': 0.17371036701349435, 'feature_fraction': 0.8703356344812405, 'bagging_fraction': 0.7049797837832439, 'bagging_freq': 6, 'min_child_samples': 8}. Best is trial 41 with value: 0.9325396825396826.
[I 2025-09-17 13:16:49,019] Trial 42 finished with value: 0.8809523809523809 and parameters: {'num_leaves': 30, 'learning_rate': 0.17242390435135754, 'feature_fraction': 0.8012150048261374, 'bagging_fraction': 0.701154481889009, 'bagging_freq': 5, 'min_child_samples': 7}. Best is trial 41 with value: 0.9325396825396826.
[I 2025-09-17 13:16:49,098] Trial 43 finished with value: 0.9007936507936508 and parameters: {'num_leaves': 26, 'learning_rate': 0.16710274060511163, 'feature_fraction': 0.7818024672505601, 'bagging_fraction': 0.7043510438395773, 'bagging_freq': 5, 'min_child_samples': 9}. Best is trial 41 with value: 0.9325396825396826.
[I 2025-09-17 13:16:49,128] Trial 44 finished with value: 0.7222222222222223 and parameters: {'num_leaves': 26, 'learning_rate': 0.1538126369437852, 'feature_fraction': 0.7675741422139287, 'bagging_fraction': 0.7059409480227374, 'bagging_freq': 5, 'min_child_samples': 17}. Best is trial 41 with value: 0.9325396825396826.
[I 2025-09-17 13:16:49,196] Trial 45 finished with value: 0.873015873015873 and parameters: {'num_leaves': 27, 'learning_rate': 0.13462576987770258, 'feature_fraction': 0.7903101779957317, 'bagging_fraction': 0.7730523010729405, 'bagging_freq': 5, 'min_child_samples': 9}. Best is trial 41 with value: 0.9325396825396826.
[I 2025-09-17 13:16:49,232] Trial 46 finished with value: 0.746031746031746 and parameters: {'num_leaves': 59, 'learning_rate': 0.22679548675801559, 'feature_fraction': 0.5914048219540351, 'bagging_fraction': 0.6683493276150326, 'bagging_freq': 4, 'min_child_samples': 19}. Best is trial 41 with value: 0.9325396825396826.
[I 2025-09-17 13:16:49,278] Trial 47 finished with value: 0.9166666666666666 and parameters: {'num_leaves': 32, 'learning_rate': 0.16180690042329304, 'feature_fraction': 0.7387357038215057, 'bagging_fraction': 0.7055742122085139, 'bagging_freq': 4, 'min_child_samples': 10}. Best is trial 41 with value: 0.9325396825396826.
[I 2025-09-17 13:16:49,306] Trial 48 finished with value: 0.7063492063492064 and parameters: {'num_leaves': 10, 'learning_rate': 0.15950015912587923, 'feature_fraction': 0.7351286721691149, 'bagging_fraction': 0.7650988367613965, 'bagging_freq': 4, 'min_child_samples': 21}. Best is trial 41 with value: 0.9325396825396826.
[I 2025-09-17 13:16:49,340] Trial 49 finished with value: 0.6865079365079365 and parameters: {'num_leaves': 201, 'learning_rate': 0.2096839103954452, 'feature_fraction': 0.7071239407294642, 'bagging_fraction': 0.6811109548013182, 'bagging_freq': 4, 'min_child_samples': 14}. Best is trial 41 with value: 0.9325396825396826.
[I 2025-09-17 13:16:49,657] A new study created in memory with name: no-name-1708e638-d8da-4302-bf21-f1cb1f1b85e4
[I 2025-09-17 13:16:49,668] Trial 0 finished with value: 0.3988095238095238 and parameters: {'num_leaves': 80, 'learning_rate': 0.10331273185700798, 'feature_fraction': 0.9589216634197129, 'bagging_fraction': 0.9597953338163644, 'bagging_freq': 7, 'min_child_samples': 57}. Best is trial 0 with value: 0.3988095238095238.
[I 2025-09-17 13:16:49,682] Trial 1 finished with value: 0.6309523809523809 and parameters: {'num_leaves': 73, 'learning_rate': 0.023481253965564296, 'feature_fraction': 0.8593856185074162, 'bagging_fraction': 0.9350808232804133, 'bagging_freq': 6, 'min_child_samples': 47}. Best is trial 1 with value: 0.6309523809523809.
[I 2025-09-17 13:16:49,695] Trial 2 finished with value: 0.5 and parameters: {'num_leaves': 134, 'learning_rate': 0.2849177150591123, 'feature_fraction': 0.7269056862324261, 'bagging_fraction': 0.9393158702665787, 'bagging_freq': 6, 'min_child_samples': 66}. Best is trial 1 with value: 0.6309523809523809.
[I 2025-09-17 13:16:49,756] Trial 3 finished with value: 0.8134920634920635 and parameters: {'num_leaves': 169, 'learning_rate': 0.04473688241394929, 'feature_fraction': 0.57709488458821, 'bagging_fraction': 0.486716979662323, 'bagging_freq': 4, 'min_child_samples': 8}. Best is trial 3 with value: 0.8134920634920635.
[I 2025-09-17 13:16:49,782] Trial 4 finished with value: 0.8134920634920635 and parameters: {'num_leaves': 75, 'learning_rate': 0.1811585742761581, 'feature_fraction': 0.9855869721606824, 'bagging_fraction': 0.9363785792413742, 'bagging_freq': 7, 'min_child_samples': 24}. Best is trial 3 with value: 0.8134920634920635.
[I 2025-09-17 13:16:49,797] Trial 5 finished with value: 0.375 and parameters: {'num_leaves': 41, 'learning_rate': 0.04864773844567933, 'feature_fraction': 0.7222582404757812, 'bagging_fraction': 0.5047320624236791, 'bagging_freq': 2, 'min_child_samples': 23}. Best is trial 3 with value: 0.8134920634920635.
Training until validation scores don't improve for 50 rounds
Early stopping, best iteration is:
[11]	valid_0's binary_logloss: 0.599195
Training until validation scores don't improve for 50 rounds
Early stopping, best iteration is:
[26]	valid_0's binary_logloss: 0.581194
Training until validation scores don't improve for 50 rounds
Early stopping, best iteration is:
[22]	valid_0's binary_logloss: 0.650273
Training until validation scores don't improve for 50 rounds
Did not meet early stopping. Best iteration is:
[100]	valid_0's binary_logloss: 0.594656
Training until validation scores don't improve for 50 rounds
Early stopping, best iteration is:
[9]	valid_0's binary_logloss: 0.655607
Training until validation scores don't improve for 50 rounds
Early stopping, best iteration is:
[3]	valid_0's binary_logloss: 0.655607
Training until validation scores don't improve for 50 rounds
Early stopping, best iteration is:
[33]	valid_0's binary_logloss: 0.655607
Training until validation scores don't improve for 50 rounds
Early stopping, best iteration is:
[20]	valid_0's binary_logloss: 0.647734
Training until validation scores don't improve for 50 rounds
Early stopping, best iteration is:
[41]	valid_0's binary_logloss: 0.547699
Training until validation scores don't improve for 50 rounds
Early stopping, best iteration is:
[5]	valid_0's binary_logloss: 0.499985
Training until validation scores don't improve for 50 rounds
Did not meet early stopping. Best iteration is:
[63]	valid_0's binary_logloss: 0.491498
Training until validation scores don't improve for 50 rounds
Early stopping, best iteration is:
[17]	valid_0's binary_logloss: 0.658633
Training until validation scores don't improve for 50 rounds
Early stopping, best iteration is:
[21]	valid_0's binary_logloss: 0.541431
Training until validation scores don't improve for 50 rounds
Early stopping, best iteration is:
[29]	valid_0's binary_logloss: 0.624595
Training until validation scores don't improve for 50 rounds
Early stopping, best iteration is:
[6]	valid_0's binary_logloss: 0.426984
Training until validation scores don't improve for 50 rounds
Early stopping, best iteration is:
[28]	valid_0's binary_logloss: 0.617762
Training until validation scores don't improve for 50 rounds
Early stopping, best iteration is:
[18]	valid_0's binary_logloss: 0.655607
Training until validation scores don't improve for 50 rounds
Early stopping, best iteration is:
[17]	valid_0's binary_logloss: 0.633382
Training until validation scores don't improve for 50 rounds
Early stopping, best iteration is:
[25]	valid_0's binary_logloss: 0.537847
Training until validation scores don't improve for 50 rounds
Early stopping, best iteration is:
[31]	valid_0's binary_logloss: 0.530473
Training until validation scores don't improve for 50 rounds
Early stopping, best iteration is:
[33]	valid_0's binary_logloss: 0.655607
Training until validation scores don't improve for 50 rounds
Early stopping, best iteration is:
[22]	valid_0's binary_logloss: 0.563052
Training until validation scores don't improve for 50 rounds
Early stopping, best iteration is:
[3]	valid_0's binary_logloss: 0.655607
Training until validation scores don't improve for 50 rounds
Early stopping, best iteration is:
[1]	valid_0's binary_logloss: 0.660276
Training until validation scores don't improve for 50 rounds
Did not meet early stopping. Best iteration is:
[55]	valid_0's binary_logloss: 0.506414
Training until validation scores don't improve for 50 rounds
Early stopping, best iteration is:
[36]	valid_0's binary_logloss: 0.537001
Training until validation scores don't improve for 50 rounds
Early stopping, best iteration is:
[18]	valid_0's binary_logloss: 0.626158
Training until validation scores don't improve for 50 rounds
Early stopping, best iteration is:
[6]	valid_0's binary_logloss: 0.464417
Training until validation scores don't improve for 50 rounds
Early stopping, best iteration is:
[8]	valid_0's binary_logloss: 0.396339
Training until validation scores don't improve for 50 rounds
Early stopping, best iteration is:
[20]	valid_0's binary_logloss: 0.651387
Training until validation scores don't improve for 50 rounds
Early stopping, best iteration is:
[33]	valid_0's binary_logloss: 0.486661
Training until validation scores don't improve for 50 rounds
Early stopping, best iteration is:
[22]	valid_0's binary_logloss: 0.655607
Training until validation scores don't improve for 50 rounds
Did not meet early stopping. Best iteration is:
[64]	valid_0's binary_logloss: 0.606204
Training until validation scores don't improve for 50 rounds
Early stopping, best iteration is:
[23]	valid_0's binary_logloss: 0.649363
Training until validation scores don't improve for 50 rounds
Early stopping, best iteration is:
[9]	valid_0's binary_logloss: 0.54005
Training until validation scores don't improve for 50 rounds
Early stopping, best iteration is:
[10]	valid_0's binary_logloss: 0.5026
Training until validation scores don't improve for 50 rounds
Early stopping, best iteration is:
[5]	valid_0's binary_logloss: 0.59209
Training until validation scores don't improve for 50 rounds
Early stopping, best iteration is:
[19]	valid_0's binary_logloss: 0.587121
Training until validation scores don't improve for 50 rounds
Did not meet early stopping. Best iteration is:
[99]	valid_0's binary_logloss: 0.55478
Training until validation scores don't improve for 50 rounds
Did not meet early stopping. Best iteration is:
[59]	valid_0's binary_logloss: 0.497545
Training until validation scores don't improve for 50 rounds
Did not meet early stopping. Best iteration is:
[86]	valid_0's binary_logloss: 0.553199
Training until validation scores don't improve for 50 rounds
Early stopping, best iteration is:
[35]	valid_0's binary_logloss: 0.43965
Training until validation scores don't improve for 50 rounds
Did not meet early stopping. Best iteration is:
[53]	valid_0's binary_logloss: 0.587655
Training until validation scores don't improve for 50 rounds
Early stopping, best iteration is:
[22]	valid_0's binary_logloss: 0.528833
Training until validation scores don't improve for 50 rounds
Early stopping, best iteration is:
[5]	valid_0's binary_logloss: 0.461349
Training until validation scores don't improve for 50 rounds
Early stopping, best iteration is:
[7]	valid_0's binary_logloss: 0.471307
Training until validation scores don't improve for 50 rounds
Early stopping, best iteration is:
[48]	valid_0's binary_logloss: 0.397765
Training until validation scores don't improve for 50 rounds
Early stopping, best iteration is:
[8]	valid_0's binary_logloss: 0.592472
Training until validation scores don't improve for 50 rounds
Early stopping, best iteration is:
[24]	valid_0's binary_logloss: 0.446807
Training until validation scores don't improve for 50 rounds
Early stopping, best iteration is:
[22]	valid_0's binary_logloss: 0.582447
Training until validation scores don't improve for 50 rounds
Early stopping, best iteration is:
[7]	valid_0's binary_logloss: 0.460833
Training until validation scores don't improve for 50 rounds
Early stopping, best iteration is:
[5]	valid_0's binary_logloss: 0.60746
Training until validation scores don't improve for 50 rounds
Early stopping, best iteration is:
[9]	valid_0's binary_logloss: 0.59839
Training until validation scores don't improve for 50 rounds
Early stopping, best iteration is:
[1]	valid_0's binary_logloss: 0.660666
Training until validation scores don't improve for 50 rounds
Early stopping, best iteration is:
[6]	valid_0's binary_logloss: 0.654029
Training until validation scores don't improve for 50 rounds
Early stopping, best iteration is:
[19]	valid_0's binary_logloss: 0.655607
Training until validation scores don't improve for 50 rounds
Early stopping, best iteration is:
[26]	valid_0's binary_logloss: 0.553757
Training until validation scores don't improve for 50 rounds
Early stopping, best iteration is:
[6]	valid_0's binary_logloss: 0.551221
Training until validation scores don't improve for 50 rounds
Early stopping, best iteration is:
[1]	valid_0's binary_logloss: 0.659787
Training until validation scores don't improve for 50 rounds
[I 2025-09-17 13:16:49,834] Trial 6 finished with value: 0.6071428571428572 and parameters: {'num_leaves': 244, 'learning_rate': 0.025586826621332746, 'feature_fraction': 0.6969221064190367, 'bagging_fraction': 0.45512226149220003, 'bagging_freq': 3, 'min_child_samples': 14}. Best is trial 3 with value: 0.8134920634920635.
[I 2025-09-17 13:16:49,844] Trial 7 finished with value: 0.5 and parameters: {'num_leaves': 111, 'learning_rate': 0.19780302434173727, 'feature_fraction': 0.8212802051198487, 'bagging_fraction': 0.42905042617350564, 'bagging_freq': 5, 'min_child_samples': 88}. Best is trial 3 with value: 0.8134920634920635.
[I 2025-09-17 13:16:49,869] Trial 8 finished with value: 0.6666666666666666 and parameters: {'num_leaves': 249, 'learning_rate': 0.216909850411025, 'feature_fraction': 0.9728822916823526, 'bagging_fraction': 0.9305636235957245, 'bagging_freq': 2, 'min_child_samples': 34}. Best is trial 3 with value: 0.8134920634920635.
[I 2025-09-17 13:16:49,882] Trial 9 finished with value: 0.5 and parameters: {'num_leaves': 60, 'learning_rate': 0.11522839806649494, 'feature_fraction': 0.6149965454700159, 'bagging_fraction': 0.881343524116458, 'bagging_freq': 1, 'min_child_samples': 74}. Best is trial 3 with value: 0.8134920634920635.
[I 2025-09-17 13:16:49,946] Trial 10 finished with value: 0.7301587301587301 and parameters: {'num_leaves': 190, 'learning_rate': 0.0962623392136006, 'feature_fraction': 0.41889828050774525, 'bagging_fraction': 0.6014905890182554, 'bagging_freq': 4, 'min_child_samples': 8}. Best is trial 3 with value: 0.8134920634920635.
[I 2025-09-17 13:16:49,973] Trial 11 finished with value: 0.5833333333333333 and parameters: {'num_leaves': 187, 'learning_rate': 0.18256709794066014, 'feature_fraction': 0.5155729595609737, 'bagging_fraction': 0.7967486579885321, 'bagging_freq': 4, 'min_child_samples': 30}. Best is trial 3 with value: 0.8134920634920635.
[I 2025-09-17 13:16:50,047] Trial 12 finished with value: 0.6507936507936507 and parameters: {'num_leaves': 179, 'learning_rate': 0.24903810353305342, 'feature_fraction': 0.56530604179136, 'bagging_fraction': 0.6885939822134405, 'bagging_freq': 7, 'min_child_samples': 6}. Best is trial 3 with value: 0.8134920634920635.
