[I 2025-09-17 13:17:10,278] Trial 11 finished with value: 0.9166666666666666 and parameters: {'num_leaves': 12, 'learning_rate': 0.20735553674203389, 'feature_fraction': 0.6459442021694827, 'bagging_fraction': 0.8265817242493061, 'bagging_freq': 1, 'min_child_samples': 5}. Best is trial 10 with value: 0.9583333333333333.
[I 2025-09-17 13:17:10,360] Trial 12 finished with value: 0.9625 and parameters: {'num_leaves': 87, 'learning_rate': 0.29548272130219827, 'feature_fraction': 0.6004847811746254, 'bagging_fraction': 0.8197463284025788, 'bagging_freq': 1, 'min_child_samples': 8}. Best is trial 12 with value: 0.9625.
[I 2025-09-17 13:17:10,437] Trial 13 finished with value: 0.9333333333333333 and parameters: {'num_leaves': 17, 'learning_rate': 0.2922748245260459, 'feature_fraction': 0.865117379320443, 'bagging_fraction': 0.9572798883942741, 'bagging_freq': 1, 'min_child_samples': 5}. Best is trial 12 with value: 0.9625.
[I 2025-09-17 13:17:10,474] Trial 14 finished with value: 0.9666666666666667 and parameters: {'num_leaves': 72, 'learning_rate': 0.2234980712512407, 'feature_fraction': 0.49598873729350235, 'bagging_fraction': 0.8717982022046951, 'bagging_freq': 2, 'min_child_samples': 20}. Best is trial 14 with value: 0.9666666666666667.
[I 2025-09-17 13:17:10,513] Trial 15 finished with value: 0.9499999999999998 and parameters: {'num_leaves': 81, 'learning_rate': 0.29811307129125386, 'feature_fraction': 0.49059511442290266, 'bagging_fraction': 0.9170432677949576, 'bagging_freq': 2, 'min_child_samples': 20}. Best is trial 14 with value: 0.9666666666666667.
[I 2025-09-17 13:17:10,558] Trial 16 finished with value: 0.9166666666666667 and parameters: {'num_leaves': 91, 'learning_rate': 0.24409791881525678, 'feature_fraction': 0.41161850287521584, 'bagging_fraction': 0.7680724689730064, 'bagging_freq': 2, 'min_child_samples': 23}. Best is trial 14 with value: 0.9666666666666667.
[I 2025-09-17 13:17:10,625] Trial 17 finished with value: 0.9166666666666666 and parameters: {'num_leaves': 51, 'learning_rate': 0.1846031657707843, 'feature_fraction': 0.5212094145612386, 'bagging_fraction': 0.8975707337689371, 'bagging_freq': 2, 'min_child_samples': 18}. Best is trial 14 with value: 0.9666666666666667.
[I 2025-09-17 13:17:10,638] Trial 18 finished with value: 0.5 and parameters: {'num_leaves': 158, 'learning_rate': 0.2588157041495093, 'feature_fraction': 0.6577070114147958, 'bagging_fraction': 0.7656128119337315, 'bagging_freq': 3, 'min_child_samples': 67}. Best is trial 14 with value: 0.9666666666666667.
[I 2025-09-17 13:17:10,671] Trial 19 finished with value: 0.9125000000000001 and parameters: {'num_leaves': 53, 'learning_rate': 0.22995476853433017, 'feature_fraction': 0.5691058840778682, 'bagging_fraction': 0.887141209130041, 'bagging_freq': 7, 'min_child_samples': 29}. Best is trial 14 with value: 0.9666666666666667.
[I 2025-09-17 13:17:10,719] Trial 20 finished with value: 0.9416666666666667 and parameters: {'num_leaves': 101, 'learning_rate': 0.2728289066796124, 'feature_fraction': 0.8386138334745, 'bagging_fraction': 0.5192492543964866, 'bagging_freq': 1, 'min_child_samples': 14}. Best is trial 14 with value: 0.9666666666666667.
[I 2025-09-17 13:17:10,810] Trial 21 finished with value: 0.9750000000000001 and parameters: {'num_leaves': 40, 'learning_rate': 0.21275337906785027, 'feature_fraction': 0.6090395382434685, 'bagging_fraction': 0.8288685377628496, 'bagging_freq': 1, 'min_child_samples': 10}. Best is trial 21 with value: 0.9750000000000001.
[I 2025-09-17 13:17:10,840] Trial 22 finished with value: 0.9416666666666667 and parameters: {'num_leaves': 43, 'learning_rate': 0.18610872626977393, 'feature_fraction': 0.46034491410391254, 'bagging_fraction': 0.7993854363411036, 'bagging_freq': 1, 'min_child_samples': 28}. Best is trial 21 with value: 0.9750000000000001.
[I 2025-09-17 13:17:10,902] Trial 23 finished with value: 0.9333333333333332 and parameters: {'num_leaves': 74, 'learning_rate': 0.22309323266439657, 'feature_fraction': 0.6781765226897765, 'bagging_fraction': 0.8908864591138099, 'bagging_freq': 2, 'min_child_samples': 10}. Best is trial 21 with value: 0.9750000000000001.
[I 2025-09-17 13:17:10,981] Trial 24 finished with value: 0.95 and parameters: {'num_leaves': 36, 'learning_rate': 0.15893271730565353, 'feature_fraction': 0.6070348161020412, 'bagging_fraction': 0.9933627871439704, 'bagging_freq': 1, 'min_child_samples': 14}. Best is trial 21 with value: 0.9750000000000001.
[I 2025-09-17 13:17:11,028] Trial 25 finished with value: 0.925 and parameters: {'num_leaves': 128, 'learning_rate': 0.27798283820670966, 'feature_fraction': 0.4880278773507159, 'bagging_fraction': 0.723482610953786, 'bagging_freq': 2, 'min_child_samples': 25}. Best is trial 21 with value: 0.9750000000000001.
[I 2025-09-17 13:17:11,070] Trial 26 finished with value: 0.9583333333333334 and parameters: {'num_leaves': 68, 'learning_rate': 0.18529512838139672, 'feature_fraction': 0.580820004472633, 'bagging_fraction': 0.8616658499451836, 'bagging_freq': 3, 'min_child_samples': 18}. Best is trial 21 with value: 0.9750000000000001.
[I 2025-09-17 13:17:11,096] Trial 27 finished with value: 0.8791666666666667 and parameters: {'num_leaves': 99, 'learning_rate': 0.23909306255354698, 'feature_fraction': 0.5186448424132084, 'bagging_fraction': 0.9297380061226316, 'bagging_freq': 1, 'min_child_samples': 35}. Best is trial 21 with value: 0.9750000000000001.
[I 2025-09-17 13:17:11,120] Trial 28 finished with value: 0.8708333333333333 and parameters: {'num_leaves': 28, 'learning_rate': 0.21202767831559588, 'feature_fraction': 0.6413360201051798, 'bagging_fraction': 0.7928086813664523, 'bagging_freq': 2, 'min_child_samples': 48}. Best is trial 21 with value: 0.9750000000000001.
[I 2025-09-17 13:17:11,133] Trial 29 finished with value: 0.5 and parameters: {'num_leaves': 68, 'learning_rate': 0.1320472060845922, 'feature_fraction': 0.9384003335674685, 'bagging_fraction': 0.962464234080504, 'bagging_freq': 3, 'min_child_samples': 65}. Best is trial 21 with value: 0.9750000000000001.
[I 2025-09-17 13:17:11,179] Trial 30 finished with value: 0.9458333333333333 and parameters: {'num_leaves': 148, 'learning_rate': 0.2716096071609906, 'feature_fraction': 0.7254128462410891, 'bagging_fraction': 0.7245035277494861, 'bagging_freq': 1, 'min_child_samples': 11}. Best is trial 21 with value: 0.9750000000000001.
[I 2025-09-17 13:17:11,225] Trial 31 finished with value: 0.9458333333333333 and parameters: {'num_leaves': 71, 'learning_rate': 0.18759634506643966, 'feature_fraction': 0.5759811686293501, 'bagging_fraction': 0.8569995355337565, 'bagging_freq': 3, 'min_child_samples': 18}. Best is trial 21 with value: 0.9750000000000001.
[I 2025-09-17 13:17:11,333] Trial 32 finished with value: 0.9208333333333334 and parameters: {'num_leaves': 66, 'learning_rate': 0.19668598890787126, 'feature_fraction': 0.6271259332862512, 'bagging_fraction': 0.8658741753981938, 'bagging_freq': 2, 'min_child_samples': 5}. Best is trial 21 with value: 0.9750000000000001.
[I 2025-09-17 13:17:11,368] Trial 33 finished with value: 0.9125000000000001 and parameters: {'num_leaves': 108, 'learning_rate': 0.17071062735514897, 'feature_fraction': 0.5820787824225568, 'bagging_fraction': 0.8041137250951115, 'bagging_freq': 3, 'min_child_samples': 34}. Best is trial 21 with value: 0.9750000000000001.
[I 2025-09-17 13:17:11,425] Trial 34 finished with value: 0.925 and parameters: {'num_leaves': 87, 'learning_rate': 0.14234853415031234, 'feature_fraction': 0.45030798637431435, 'bagging_fraction': 0.9439883902575821, 'bagging_freq': 2, 'min_child_samples': 21}. Best is trial 21 with value: 0.9750000000000001.
[I 2025-09-17 13:17:11,484] Trial 35 finished with value: 0.9541666666666666 and parameters: {'num_leaves': 31, 'learning_rate': 0.2273757964073515, 'feature_fraction': 0.49460329290201555, 'bagging_fraction': 0.8668018798451866, 'bagging_freq': 5, 'min_child_samples': 15}. Best is trial 21 with value: 0.9750000000000001.
[I 2025-09-17 13:17:11,510] Trial 36 finished with value: 0.8999999999999999 and parameters: {'num_leaves': 58, 'learning_rate': 0.1473490204092398, 'feature_fraction': 0.5379283230993597, 'bagging_fraction': 0.7354731095382545, 'bagging_freq': 3, 'min_child_samples': 42}. Best is trial 21 with value: 0.9750000000000001.
[I 2025-09-17 13:17:11,548] Trial 37 finished with value: 0.9166666666666666 and parameters: {'num_leaves': 117, 'learning_rate': 0.1754953772533834, 'feature_fraction': 0.5933706568348971, 'bagging_fraction': 0.8243315230119838, 'bagging_freq': 1, 'min_child_samples': 25}. Best is trial 21 with value: 0.9750000000000001.
[I 2025-09-17 13:17:11,564] Trial 38 finished with value: 0.5 and parameters: {'num_leaves': 148, 'learning_rate': 0.24869840990196906, 'feature_fraction': 0.6774684601960739, 'bagging_fraction': 0.6694367660446181, 'bagging_freq': 2, 'min_child_samples': 59}. Best is trial 21 with value: 0.9750000000000001.
[I 2025-09-17 13:17:11,600] Trial 39 finished with value: 0.8916666666666667 and parameters: {'num_leaves': 295, 'learning_rate': 0.10767017985854646, 'feature_fraction': 0.7214478435585662, 'bagging_fraction': 0.9157359003821731, 'bagging_freq': 4, 'min_child_samples': 31}. Best is trial 21 with value: 0.9750000000000001.
[I 2025-09-17 13:17:11,620] Trial 40 finished with value: 0.9083333333333333 and parameters: {'num_leaves': 252, 'learning_rate': 0.20330659925249758, 'feature_fraction': 0.7662666033567882, 'bagging_fraction': 0.9912392467002102, 'bagging_freq': 3, 'min_child_samples': 42}. Best is trial 21 with value: 0.9750000000000001.
Did not meet early stopping. Best iteration is:
[71]	valid_0's binary_logloss: 0.131567
Training until validation scores don't improve for 50 rounds
Early stopping, best iteration is:
[11]	valid_0's binary_logloss: 0.661878
Training until validation scores don't improve for 50 rounds
Did not meet early stopping. Best iteration is:
[87]	valid_0's binary_logloss: 0.135833
Training until validation scores don't improve for 50 rounds
Did not meet early stopping. Best iteration is:
[78]	valid_0's binary_logloss: 0.11473
Training until validation scores don't improve for 50 rounds
Early stopping, best iteration is:
[9]	valid_0's binary_logloss: 0.182287
Training until validation scores don't improve for 50 rounds
Did not meet early stopping. Best iteration is:
[58]	valid_0's binary_logloss: 0.145797
Training until validation scores don't improve for 50 rounds
Did not meet early stopping. Best iteration is:
[98]	valid_0's binary_logloss: 0.186674
Training until validation scores don't improve for 50 rounds
Did not meet early stopping. Best iteration is:
[99]	valid_0's binary_logloss: 0.278847
Training until validation scores don't improve for 50 rounds
Early stopping, best iteration is:
[1]	valid_0's binary_logloss: 0.661878
Training until validation scores don't improve for 50 rounds
Did not meet early stopping. Best iteration is:
[55]	valid_0's binary_logloss: 0.102163
Training until validation scores don't improve for 50 rounds
Early stopping, best iteration is:
[24]	valid_0's binary_logloss: 0.194389
Training until validation scores don't improve for 50 rounds
Did not meet early stopping. Best iteration is:
[100]	valid_0's binary_logloss: 0.133429
Training until validation scores don't improve for 50 rounds
Did not meet early stopping. Best iteration is:
[51]	valid_0's binary_logloss: 0.180988
Training until validation scores don't improve for 50 rounds
Early stopping, best iteration is:
[23]	valid_0's binary_logloss: 0.209348
Training until validation scores don't improve for 50 rounds
Did not meet early stopping. Best iteration is:
[97]	valid_0's binary_logloss: 0.318489
Training until validation scores don't improve for 50 rounds
Early stopping, best iteration is:
[1]	valid_0's binary_logloss: 0.661878
Training until validation scores don't improve for 50 rounds
Early stopping, best iteration is:
[38]	valid_0's binary_logloss: 0.184762
Training until validation scores don't improve for 50 rounds
Early stopping, best iteration is:
[48]	valid_0's binary_logloss: 0.151736
Training until validation scores don't improve for 50 rounds
Did not meet early stopping. Best iteration is:
[54]	valid_0's binary_logloss: 0.391118
Training until validation scores don't improve for 50 rounds
Early stopping, best iteration is:
[2]	valid_0's binary_logloss: 0.661598
Training until validation scores don't improve for 50 rounds
Did not meet early stopping. Best iteration is:
[100]	valid_0's binary_logloss: 0.406942
Training until validation scores don't improve for 50 rounds
Early stopping, best iteration is:
[13]	valid_0's binary_logloss: 0.661598
Training until validation scores don't improve for 50 rounds
Early stopping, best iteration is:
[45]	valid_0's binary_logloss: 0.640621
Training until validation scores don't improve for 50 rounds
Early stopping, best iteration is:
[9]	valid_0's binary_logloss: 0.661598
Training until validation scores don't improve for 50 rounds
Did not meet early stopping. Best iteration is:
[100]	valid_0's binary_logloss: 0.397952
Training until validation scores don't improve for 50 rounds
Early stopping, best iteration is:
[3]	valid_0's binary_logloss: 0.661598
Training until validation scores don't improve for 50 rounds
Early stopping, best iteration is:
[24]	valid_0's binary_logloss: 0.661598
Training until validation scores don't improve for 50 rounds
Early stopping, best iteration is:
[11]	valid_0's binary_logloss: 0.661598
Training until validation scores don't improve for 50 rounds
Did not meet early stopping. Best iteration is:
[62]	valid_0's binary_logloss: 0.291391
Training until validation scores don't improve for 50 rounds
Early stopping, best iteration is:
[13]	valid_0's binary_logloss: 0.295293
Training until validation scores don't improve for 50 rounds
Early stopping, best iteration is:
[43]	valid_0's binary_logloss: 0.245823
Training until validation scores don't improve for 50 rounds
Early stopping, best iteration is:
[12]	valid_0's binary_logloss: 0.281209
Training until validation scores don't improve for 50 rounds
Early stopping, best iteration is:
[12]	valid_0's binary_logloss: 0.278797
Training until validation scores don't improve for 50 rounds
Early stopping, best iteration is:
[9]	valid_0's binary_logloss: 0.265674
Training until validation scores don't improve for 50 rounds
Did not meet early stopping. Best iteration is:
[62]	valid_0's binary_logloss: 0.295014
Training until validation scores don't improve for 50 rounds
Early stopping, best iteration is:
[49]	valid_0's binary_logloss: 0.279474
Training until validation scores don't improve for 50 rounds
Early stopping, best iteration is:
[12]	valid_0's binary_logloss: 0.661598
Training until validation scores don't improve for 50 rounds
Early stopping, best iteration is:
[24]	valid_0's binary_logloss: 0.319845
Training until validation scores don't improve for 50 rounds
Early stopping, best iteration is:
[46]	valid_0's binary_logloss: 0.274371
Training until validation scores don't improve for 50 rounds
Did not meet early stopping. Best iteration is:
[87]	valid_0's binary_logloss: 0.196347
Training until validation scores don't improve for 50 rounds
Early stopping, best iteration is:
[17]	valid_0's binary_logloss: 0.300449
Training until validation scores don't improve for 50 rounds
Early stopping, best iteration is:
[12]	valid_0's binary_logloss: 0.283696
Training until validation scores don't improve for 50 rounds
Early stopping, best iteration is:
[48]	valid_0's binary_logloss: 0.231796
Training until validation scores don't improve for 50 rounds
Did not meet early stopping. Best iteration is:
[80]	valid_0's binary_logloss: 0.310632
Training until validation scores don't improve for 50 rounds
Early stopping, best iteration is:
[19]	valid_0's binary_logloss: 0.248363
Training until validation scores don't improve for 50 rounds
Early stopping, best iteration is:
[19]	valid_0's binary_logloss: 0.329633
Training until validation scores don't improve for 50 rounds
Early stopping, best iteration is:
[48]	valid_0's binary_logloss: 0.406539
Training until validation scores don't improve for 50 rounds
Early stopping, best iteration is:
[1]	valid_0's binary_logloss: 0.661598
Training until validation scores don't improve for 50 rounds
Early stopping, best iteration is:
[7]	valid_0's binary_logloss: 0.274355
Training until validation scores don't improve for 50 rounds
Early stopping, best iteration is:
[19]	valid_0's binary_logloss: 0.273087
Training until validation scores don't improve for 50 rounds
Early stopping, best iteration is:
[13]	valid_0's binary_logloss: 0.279856
Training until validation scores don't improve for 50 rounds
Early stopping, best iteration is:
[48]	valid_0's binary_logloss: 0.328815
Training until validation scores don't improve for 50 rounds
Early stopping, best iteration is:
[44]	valid_0's binary_logloss: 0.287246
Training until validation scores don't improve for 50 rounds
Early stopping, best iteration is:
[30]	valid_0's binary_logloss: 0.234774
Training until validation scores don't improve for 50 rounds
Early stopping, best iteration is:
[46]	valid_0's binary_logloss: 0.380824
Training until validation scores don't improve for 50 rounds
Early stopping, best iteration is:
[15]	valid_0's binary_logloss: 0.304344
Training until validation scores don't improve for 50 rounds
Early stopping, best iteration is:
[30]	valid_0's binary_logloss: 0.661598
Training until validation scores don't improve for 50 rounds
Did not meet early stopping. Best iteration is:
[61]	valid_0's binary_logloss: 0.327626
Training until validation scores don't improve for 50 rounds
Early stopping, best iteration is:
[28]	valid_0's binary_logloss: 0.404073
[I 2025-09-17 13:17:11,704] Trial 41 finished with value: 0.9750000000000001 and parameters: {'num_leaves': 26, 'learning_rate': 0.21541214673792639, 'feature_fraction': 0.6206990456017918, 'bagging_fraction': 0.8537383551008803, 'bagging_freq': 1, 'min_child_samples': 10}. Best is trial 21 with value: 0.9750000000000001.
[I 2025-09-17 13:17:11,814] Trial 42 finished with value: 0.9166666666666667 and parameters: {'num_leaves': 42, 'learning_rate': 0.07200659789954802, 'feature_fraction': 0.5517695508447578, 'bagging_fraction': 0.8436718343678317, 'bagging_freq': 1, 'min_child_samples': 9}. Best is trial 21 with value: 0.9750000000000001.
[I 2025-09-17 13:17:11,873] Trial 43 finished with value: 0.9416666666666668 and parameters: {'num_leaves': 27, 'learning_rate': 0.2198102148194343, 'feature_fraction': 0.6091516166913243, 'bagging_fraction': 0.7871740290610175, 'bagging_freq': 1, 'min_child_samples': 14}. Best is trial 21 with value: 0.9750000000000001.
[I 2025-09-17 13:17:11,975] Trial 44 finished with value: 0.9291666666666667 and parameters: {'num_leaves': 61, 'learning_rate': 0.19766953399858572, 'feature_fraction': 0.6703083695360929, 'bagging_fraction': 0.8213512115647998, 'bagging_freq': 2, 'min_child_samples': 8}. Best is trial 21 with value: 0.9750000000000001.
[I 2025-09-17 13:17:12,022] Trial 45 finished with value: 0.9125 and parameters: {'num_leaves': 85, 'learning_rate': 0.2609685452766769, 'feature_fraction': 0.6962246828683536, 'bagging_fraction': 0.8915608695374958, 'bagging_freq': 1, 'min_child_samples': 18}. Best is trial 21 with value: 0.9750000000000001.
[I 2025-09-17 13:17:12,061] Trial 46 finished with value: 0.9208333333333334 and parameters: {'num_leaves': 19, 'learning_rate': 0.28545080660078426, 'feature_fraction': 0.5557044314897474, 'bagging_fraction': 0.8690748696294199, 'bagging_freq': 1, 'min_child_samples': 25}. Best is trial 21 with value: 0.9750000000000001.
[I 2025-09-17 13:17:12,118] Trial 47 finished with value: 0.8875 and parameters: {'num_leaves': 45, 'learning_rate': 0.2369000091475866, 'feature_fraction': 0.6302083611118205, 'bagging_fraction': 0.7494518147472685, 'bagging_freq': 2, 'min_child_samples': 12}. Best is trial 21 with value: 0.9750000000000001.
[I 2025-09-17 13:17:12,242] Trial 48 finished with value: 0.95 and parameters: {'num_leaves': 179, 'learning_rate': 0.17547885722029924, 'feature_fraction': 0.4394312963647643, 'bagging_fraction': 0.7758559323516093, 'bagging_freq': 2, 'min_child_samples': 7}. Best is trial 21 with value: 0.9750000000000001.
[I 2025-09-17 13:17:12,281] Trial 49 finished with value: 0.9708333333333334 and parameters: {'num_leaves': 11, 'learning_rate': 0.20735286258538976, 'feature_fraction': 0.5081330753044704, 'bagging_fraction': 0.6919043553952233, 'bagging_freq': 4, 'min_child_samples': 16}. Best is trial 21 with value: 0.9750000000000001.
[I 2025-09-17 13:17:12,559] A new study created in memory with name: no-name-a431b020-3995-4b8a-a1a6-a9afd7ef010f
[I 2025-09-17 13:17:12,567] Trial 0 finished with value: 0.5 and parameters: {'num_leaves': 231, 'learning_rate': 0.2568590547546916, 'feature_fraction': 0.8789450346046092, 'bagging_fraction': 0.5719207302180833, 'bagging_freq': 7, 'min_child_samples': 67}. Best is trial 0 with value: 0.5.
[I 2025-09-17 13:17:12,605] Trial 1 finished with value: 0.9791666666666666 and parameters: {'num_leaves': 212, 'learning_rate': 0.1795644780864829, 'feature_fraction': 0.6630605300735412, 'bagging_fraction': 0.9765164345979102, 'bagging_freq': 7, 'min_child_samples': 20}. Best is trial 1 with value: 0.9791666666666666.
[I 2025-09-17 13:17:12,628] Trial 2 finished with value: 0.9166666666666666 and parameters: {'num_leaves': 37, 'learning_rate': 0.1068485566053702, 'feature_fraction': 0.7370227727405436, 'bagging_fraction': 0.5745661151014303, 'bagging_freq': 2, 'min_child_samples': 31}. Best is trial 1 with value: 0.9791666666666666.
