[I 2025-09-17 13:16:14,411] Trial 12 finished with value: 0.757936507936508 and parameters: {'num_leaves': 13, 'learning_rate': 0.1806503329435272, 'feature_fraction': 0.804730487989257, 'bagging_fraction': 0.8466983286944302, 'bagging_freq': 3, 'min_child_samples': 32}. Best is trial 8 with value: 0.8571428571428571.
[I 2025-09-17 13:16:14,556] Trial 13 finished with value: 0.8928571428571429 and parameters: {'num_leaves': 109, 'learning_rate': 0.24660984638211025, 'feature_fraction': 0.6032387366818613, 'bagging_fraction': 0.6430718296496819, 'bagging_freq': 7, 'min_child_samples': 5}. Best is trial 13 with value: 0.8928571428571429.
[I 2025-09-17 13:16:14,575] Trial 14 finished with value: 0.7142857142857143 and parameters: {'num_leaves': 228, 'learning_rate': 0.2774449013084918, 'feature_fraction': 0.6033365041139216, 'bagging_fraction': 0.6187949723883283, 'bagging_freq': 7, 'min_child_samples': 36}. Best is trial 13 with value: 0.8928571428571429.
[I 2025-09-17 13:16:14,610] Trial 15 finished with value: 0.753968253968254 and parameters: {'num_leaves': 122, 'learning_rate': 0.236622866571992, 'feature_fraction': 0.6330883175277338, 'bagging_fraction': 0.8275901480275694, 'bagging_freq': 7, 'min_child_samples': 17}. Best is trial 13 with value: 0.8928571428571429.
[I 2025-09-17 13:16:14,635] Trial 16 finished with value: 0.6845238095238094 and parameters: {'num_leaves': 258, 'learning_rate': 0.09294176088784095, 'feature_fraction': 0.9925818170324846, 'bagging_fraction': 0.9806610570239315, 'bagging_freq': 2, 'min_child_samples': 39}. Best is trial 13 with value: 0.8928571428571429.
[I 2025-09-17 13:16:14,762] Trial 17 finished with value: 0.9484126984126984 and parameters: {'num_leaves': 193, 'learning_rate': 0.24447893507297486, 'feature_fraction': 0.40187552617016375, 'bagging_fraction': 0.6786502233383092, 'bagging_freq': 2, 'min_child_samples': 5}. Best is trial 17 with value: 0.9484126984126984.
[I 2025-09-17 13:16:14,775] Trial 18 finished with value: 0.5 and parameters: {'num_leaves': 196, 'learning_rate': 0.24938271165079562, 'feature_fraction': 0.40317771942265457, 'bagging_fraction': 0.6464997217808641, 'bagging_freq': 5, 'min_child_samples': 84}. Best is trial 17 with value: 0.9484126984126984.
[I 2025-09-17 13:16:14,807] Trial 19 finished with value: 0.75 and parameters: {'num_leaves': 189, 'learning_rate': 0.24951236462765933, 'feature_fraction': 0.4916337702880291, 'bagging_fraction': 0.5579471511008463, 'bagging_freq': 6, 'min_child_samples': 24}. Best is trial 17 with value: 0.9484126984126984.
[I 2025-09-17 13:16:14,825] Trial 20 finished with value: 0.6944444444444444 and parameters: {'num_leaves': 111, 'learning_rate': 0.15469304106567397, 'feature_fraction': 0.6449879177331077, 'bagging_fraction': 0.6878374071636527, 'bagging_freq': 1, 'min_child_samples': 44}. Best is trial 17 with value: 0.9484126984126984.
[I 2025-09-17 13:16:14,917] Trial 21 finished with value: 0.888888888888889 and parameters: {'num_leaves': 259, 'learning_rate': 0.16202442586839444, 'feature_fraction': 0.7766077931911419, 'bagging_fraction': 0.730263864604275, 'bagging_freq': 2, 'min_child_samples': 5}. Best is trial 17 with value: 0.9484126984126984.
[I 2025-09-17 13:16:15,033] Trial 22 finished with value: 0.8650793650793651 and parameters: {'num_leaves': 235, 'learning_rate': 0.22735996848737175, 'feature_fraction': 0.7867177796808668, 'bagging_fraction': 0.7614321895972653, 'bagging_freq': 2, 'min_child_samples': 5}. Best is trial 17 with value: 0.9484126984126984.
[I 2025-09-17 13:16:15,076] Trial 23 finished with value: 0.8134920634920635 and parameters: {'num_leaves': 177, 'learning_rate': 0.16459069049616262, 'feature_fraction': 0.6589010965003401, 'bagging_fraction': 0.6834982526010547, 'bagging_freq': 3, 'min_child_samples': 21}. Best is trial 17 with value: 0.9484126984126984.
[I 2025-09-17 13:16:15,111] Trial 24 finished with value: 0.7063492063492063 and parameters: {'num_leaves': 217, 'learning_rate': 0.2727130361531834, 'feature_fraction': 0.7611884442428646, 'bagging_fraction': 0.5181663832766807, 'bagging_freq': 4, 'min_child_samples': 12}. Best is trial 17 with value: 0.9484126984126984.
[I 2025-09-17 13:16:15,206] Trial 25 finished with value: 0.8551587301587302 and parameters: {'num_leaves': 136, 'learning_rate': 0.26466250203591873, 'feature_fraction': 0.4022520046122073, 'bagging_fraction': 0.6440679790595927, 'bagging_freq': 1, 'min_child_samples': 5}. Best is trial 17 with value: 0.9484126984126984.
[I 2025-09-17 13:16:15,239] Trial 26 finished with value: 0.746031746031746 and parameters: {'num_leaves': 76, 'learning_rate': 0.21848506719239766, 'feature_fraction': 0.8489330388016072, 'bagging_fraction': 0.7914905868555188, 'bagging_freq': 2, 'min_child_samples': 27}. Best is trial 17 with value: 0.9484126984126984.
[I 2025-09-17 13:16:15,294] Trial 27 finished with value: 0.8492063492063492 and parameters: {'num_leaves': 260, 'learning_rate': 0.2998514511935695, 'feature_fraction': 0.5662229927975642, 'bagging_fraction': 0.7185745582957724, 'bagging_freq': 3, 'min_child_samples': 14}. Best is trial 17 with value: 0.9484126984126984.
[I 2025-09-17 13:16:15,315] Trial 28 finished with value: 0.6944444444444444 and parameters: {'num_leaves': 102, 'learning_rate': 0.15430894066894196, 'feature_fraction': 0.46910272338222236, 'bagging_fraction': 0.6547171386564832, 'bagging_freq': 7, 'min_child_samples': 45}. Best is trial 17 with value: 0.9484126984126984.
[I 2025-09-17 13:16:15,349] Trial 29 finished with value: 0.7619047619047619 and parameters: {'num_leaves': 45, 'learning_rate': 0.08106072022786523, 'feature_fraction': 0.6766606206818908, 'bagging_fraction': 0.5003240685794708, 'bagging_freq': 4, 'min_child_samples': 21}. Best is trial 17 with value: 0.9484126984126984.
[I 2025-09-17 13:16:15,412] Trial 30 finished with value: 0.8095238095238095 and parameters: {'num_leaves': 142, 'learning_rate': 0.25086828147815676, 'feature_fraction': 0.5245112306526257, 'bagging_fraction': 0.7241327737533475, 'bagging_freq': 2, 'min_child_samples': 10}. Best is trial 17 with value: 0.9484126984126984.
[I 2025-09-17 13:16:15,535] Trial 31 finished with value: 0.9047619047619049 and parameters: {'num_leaves': 232, 'learning_rate': 0.2281492243960512, 'feature_fraction': 0.7783701490701259, 'bagging_fraction': 0.7581349613989187, 'bagging_freq': 2, 'min_child_samples': 5}. Best is trial 17 with value: 0.9484126984126984.
[I 2025-09-17 13:16:15,623] Trial 32 finished with value: 0.9166666666666666 and parameters: {'num_leaves': 244, 'learning_rate': 0.18441964545372855, 'feature_fraction': 0.8787880192029157, 'bagging_fraction': 0.7884446962990518, 'bagging_freq': 2, 'min_child_samples': 8}. Best is trial 17 with value: 0.9484126984126984.
[I 2025-09-17 13:16:15,662] Trial 33 finished with value: 0.7857142857142857 and parameters: {'num_leaves': 213, 'learning_rate': 0.20267245092352343, 'feature_fraction': 0.8875023554767876, 'bagging_fraction': 0.9000384633836955, 'bagging_freq': 1, 'min_child_samples': 17}. Best is trial 17 with value: 0.9484126984126984.
[I 2025-09-17 13:16:15,675] Trial 34 finished with value: 0.5 and parameters: {'num_leaves': 179, 'learning_rate': 0.2338269403759945, 'feature_fraction': 0.871457843420272, 'bagging_fraction': 0.7887700294397889, 'bagging_freq': 3, 'min_child_samples': 93}. Best is trial 17 with value: 0.9484126984126984.
[I 2025-09-17 13:16:15,735] Trial 35 finished with value: 0.8015873015873016 and parameters: {'num_leaves': 286, 'learning_rate': 0.18162892873887043, 'feature_fraction': 0.44407412301692595, 'bagging_fraction': 0.607535859605904, 'bagging_freq': 3, 'min_child_samples': 10}. Best is trial 17 with value: 0.9484126984126984.
[I 2025-09-17 13:16:15,755] Trial 36 finished with value: 0.5 and parameters: {'num_leaves': 163, 'learning_rate': 0.2603063154955342, 'feature_fraction': 0.8991889956097336, 'bagging_fraction': 0.7852870407537272, 'bagging_freq': 5, 'min_child_samples': 74}. Best is trial 17 with value: 0.9484126984126984.
[I 2025-09-17 13:16:15,798] Trial 37 finished with value: 0.7638888888888888 and parameters: {'num_leaves': 238, 'learning_rate': 0.22132783055428906, 'feature_fraction': 0.9323157277575282, 'bagging_fraction': 0.9105496963138835, 'bagging_freq': 2, 'min_child_samples': 18}. Best is trial 17 with value: 0.9484126984126984.
[I 2025-09-17 13:16:15,820] Trial 38 finished with value: 0.8075396825396826 and parameters: {'num_leaves': 221, 'learning_rate': 0.18738082327238015, 'feature_fraction': 0.8338749993376307, 'bagging_fraction': 0.5885427275244356, 'bagging_freq': 1, 'min_child_samples': 31}. Best is trial 17 with value: 0.9484126984126984.
[I 2025-09-17 13:16:15,846] Trial 39 finished with value: 0.6865079365079365 and parameters: {'num_leaves': 202, 'learning_rate': 0.23630053274405854, 'feature_fraction': 0.7538855335484475, 'bagging_fraction': 0.8228131198945535, 'bagging_freq': 4, 'min_child_samples': 23}. Best is trial 17 with value: 0.9484126984126984.
[I 2025-09-17 13:16:15,864] Trial 40 finished with value: 0.5 and parameters: {'num_leaves': 298, 'learning_rate': 0.20912977137211236, 'feature_fraction': 0.7192185574026533, 'bagging_fraction': 0.6695653921887939, 'bagging_freq': 6, 'min_child_samples': 60}. Best is trial 17 with value: 0.9484126984126984.
[I 2025-09-17 13:16:15,949] Trial 41 finished with value: 0.8809523809523808 and parameters: {'num_leaves': 253, 'learning_rate': 0.13422191528575306, 'feature_fraction': 0.7795997915372901, 'bagging_fraction': 0.7357895485759948, 'bagging_freq': 2, 'min_child_samples': 8}. Best is trial 17 with value: 0.9484126984126984.
[I 2025-09-17 13:16:16,013] Trial 42 finished with value: 0.8809523809523809 and parameters: {'num_leaves': 278, 'learning_rate': 0.16738301017551493, 'feature_fraction': 0.797523182632152, 'bagging_fraction': 0.7641979830878569, 'bagging_freq': 2, 'min_child_samples': 14}. Best is trial 17 with value: 0.9484126984126984.
[I 2025-09-17 13:16:16,118] Trial 43 finished with value: 0.8849206349206349 and parameters: {'num_leaves': 245, 'learning_rate': 0.16745168224037502, 'feature_fraction': 0.6867668003674503, 'bagging_fraction': 0.7212429724769664, 'bagging_freq': 1, 'min_child_samples': 5}. Best is trial 17 with value: 0.9484126984126984.
[I 2025-09-17 13:16:16,177] Trial 44 finished with value: 0.7936507936507937 and parameters: {'num_leaves': 270, 'learning_rate': 0.14100994432558983, 'feature_fraction': 0.9142531541356193, 'bagging_fraction': 0.7000928299007242, 'bagging_freq': 3, 'min_child_samples': 16}. Best is trial 17 with value: 0.9484126984126984.
[I 2025-09-17 13:16:16,261] Trial 45 finished with value: 0.8928571428571428 and parameters: {'num_leaves': 152, 'learning_rate': 0.19412152943914376, 'feature_fraction': 0.8625951143684722, 'bagging_fraction': 0.8737780536794887, 'bagging_freq': 2, 'min_child_samples': 9}. Best is trial 17 with value: 0.9484126984126984.
[I 2025-09-17 13:16:16,318] Trial 46 finished with value: 0.8611111111111112 and parameters: {'num_leaves': 155, 'learning_rate': 0.19854654874746483, 'feature_fraction': 0.8638019098891757, 'bagging_fraction': 0.8701664138052756, 'bagging_freq': 1, 'min_child_samples': 12}. Best is trial 17 with value: 0.9484126984126984.
[I 2025-09-17 13:16:16,408] Trial 47 finished with value: 0.9126984126984127 and parameters: {'num_leaves': 181, 'learning_rate': 0.28284672815927475, 'feature_fraction': 0.820939760253857, 'bagging_fraction': 0.8145084083261632, 'bagging_freq': 3, 'min_child_samples': 9}. Best is trial 17 with value: 0.9484126984126984.
[I 2025-09-17 13:16:16,442] Trial 48 finished with value: 0.7242063492063493 and parameters: {'num_leaves': 180, 'learning_rate': 0.286184488234963, 'feature_fraction': 0.8155589222411654, 'bagging_fraction': 0.8203285399426633, 'bagging_freq': 3, 'min_child_samples': 24}. Best is trial 17 with value: 0.9484126984126984.
[I 2025-09-17 13:16:16,508] Trial 49 finished with value: 0.8888888888888888 and parameters: {'num_leaves': 87, 'learning_rate': 0.2801069838390272, 'feature_fraction': 0.9699927083820583, 'bagging_fraction': 0.9296580290161635, 'bagging_freq': 3, 'min_child_samples': 9}. Best is trial 17 with value: 0.9484126984126984.
[I 2025-09-17 13:16:16,860] A new study created in memory with name: no-name-24df77bd-3e66-4010-b6e7-bc39269cf796
[I 2025-09-17 13:16:16,881] Trial 0 finished with value: 0.7579365079365079 and parameters: {'num_leaves': 118, 'learning_rate': 0.06894085980339157, 'feature_fraction': 0.4724051532399569, 'bagging_fraction': 0.6149577793807818, 'bagging_freq': 6, 'min_child_samples': 35}. Best is trial 0 with value: 0.7579365079365079.
[I 2025-09-17 13:16:16,911] Trial 1 finished with value: 0.7579365079365079 and parameters: {'num_leaves': 151, 'learning_rate': 0.2809923727614656, 'feature_fraction': 0.7766469050917313, 'bagging_fraction': 0.7868089925201157, 'bagging_freq': 5, 'min_child_samples': 19}. Best is trial 0 with value: 0.7579365079365079.
[I 2025-09-17 13:16:16,919] Trial 2 finished with value: 0.5 and parameters: {'num_leaves': 250, 'learning_rate': 0.1464518417103294, 'feature_fraction': 0.7648425458336212, 'bagging_fraction': 0.6189138756626689, 'bagging_freq': 3, 'min_child_samples': 71}. Best is trial 0 with value: 0.7579365079365079.
[I 2025-09-17 13:16:16,945] Trial 3 finished with value: 0.7976190476190477 and parameters: {'num_leaves': 241, 'learning_rate': 0.2793630931920246, 'feature_fraction': 0.6956103340879876, 'bagging_fraction': 0.8636706635843594, 'bagging_freq': 2, 'min_child_samples': 36}. Best is trial 3 with value: 0.7976190476190477.
[I 2025-09-17 13:16:16,965] Trial 4 finished with value: 0.7738095238095238 and parameters: {'num_leaves': 72, 'learning_rate': 0.20750771802197424, 'feature_fraction': 0.5501982756840822, 'bagging_fraction': 0.8612447964981642, 'bagging_freq': 4, 'min_child_samples': 48}. Best is trial 3 with value: 0.7976190476190477.
[I 2025-09-17 13:16:16,977] Trial 5 finished with value: 0.5 and parameters: {'num_leaves': 266, 'learning_rate': 0.09529900699292382, 'feature_fraction': 0.8635937064793054, 'bagging_fraction': 0.4835106578744944, 'bagging_freq': 3, 'min_child_samples': 41}. Best is trial 3 with value: 0.7976190476190477.
[I 2025-09-17 13:16:17,006] Trial 6 finished with value: 0.746031746031746 and parameters: {'num_leaves': 154, 'learning_rate': 0.09114784607113136, 'feature_fraction': 0.6116220833647815, 'bagging_fraction': 0.9731062651810664, 'bagging_freq': 3, 'min_child_samples': 32}. Best is trial 3 with value: 0.7976190476190477.
[I 2025-09-17 13:16:17,014] Trial 7 finished with value: 0.5 and parameters: {'num_leaves': 103, 'learning_rate': 0.1485784378139801, 'feature_fraction': 0.9644144028838029, 'bagging_fraction': 0.7708390133952875, 'bagging_freq': 3, 'min_child_samples': 74}. Best is trial 3 with value: 0.7976190476190477.
[I 2025-09-17 13:16:17,023] Trial 8 finished with value: 0.5 and parameters: {'num_leaves': 247, 'learning_rate': 0.07671755236793158, 'feature_fraction': 0.4538379851553662, 'bagging_fraction': 0.4278000926558764, 'bagging_freq': 5, 'min_child_samples': 52}. Best is trial 3 with value: 0.7976190476190477.
[I 2025-09-17 13:16:17,031] Trial 9 finished with value: 0.5 and parameters: {'num_leaves': 149, 'learning_rate': 0.14132065957794426, 'feature_fraction': 0.7103837956452175, 'bagging_fraction': 0.9462131668163686, 'bagging_freq': 1, 'min_child_samples': 74}. Best is trial 3 with value: 0.7976190476190477.
[I 2025-09-17 13:16:17,041] Trial 10 finished with value: 0.5 and parameters: {'num_leaves': 23, 'learning_rate': 0.2876329837123295, 'feature_fraction': 0.5932132601383977, 'bagging_fraction': 0.6739922316517817, 'bagging_freq': 1, 'min_child_samples': 97}. Best is trial 3 with value: 0.7976190476190477.
