[I 2025-09-17 13:18:24,817] Trial 38 finished with value: 0.5 and parameters: {'num_leaves': 135, 'learning_rate': 0.11206427163558634, 'feature_fraction': 0.7158009705965017, 'bagging_fraction': 0.9323834454581892, 'bagging_freq': 7, 'min_child_samples': 85}. Best is trial 11 with value: 0.9330357142857143.
[I 2025-09-17 13:18:24,859] Trial 39 finished with value: 0.9107142857142857 and parameters: {'num_leaves': 203, 'learning_rate': 0.1381381955796952, 'feature_fraction': 0.6737936092207044, 'bagging_fraction': 0.588218776234191, 'bagging_freq': 7, 'min_child_samples': 10}. Best is trial 11 with value: 0.9330357142857143.
[I 2025-09-17 13:18:24,890] Trial 40 finished with value: 0.8482142857142857 and parameters: {'num_leaves': 116, 'learning_rate': 0.17489570065162932, 'feature_fraction': 0.7382308866730544, 'bagging_fraction': 0.8614671517365647, 'bagging_freq': 2, 'min_child_samples': 30}. Best is trial 11 with value: 0.9330357142857143.
[I 2025-09-17 13:18:24,985] Trial 41 finished with value: 0.9062499999999999 and parameters: {'num_leaves': 30, 'learning_rate': 0.026336224467723456, 'feature_fraction': 0.6019698440467999, 'bagging_fraction': 0.9756065444577178, 'bagging_freq': 6, 'min_child_samples': 10}. Best is trial 11 with value: 0.9330357142857143.
[I 2025-09-17 13:18:25,028] Trial 42 finished with value: 0.8794642857142857 and parameters: {'num_leaves': 60, 'learning_rate': 0.05426571959789439, 'feature_fraction': 0.5518567537431234, 'bagging_fraction': 0.9027896367907571, 'bagging_freq': 6, 'min_child_samples': 18}. Best is trial 11 with value: 0.9330357142857143.
[I 2025-09-17 13:18:25,105] Trial 43 finished with value: 0.9375 and parameters: {'num_leaves': 89, 'learning_rate': 0.09186751318733244, 'feature_fraction': 0.6550612004179782, 'bagging_fraction': 0.9742630612255185, 'bagging_freq': 6, 'min_child_samples': 9}. Best is trial 43 with value: 0.9375.
[I 2025-09-17 13:18:25,163] Trial 44 finished with value: 0.9062499999999999 and parameters: {'num_leaves': 155, 'learning_rate': 0.09081143656698129, 'feature_fraction': 0.8045264473635318, 'bagging_fraction': 0.9439026065383188, 'bagging_freq': 7, 'min_child_samples': 11}. Best is trial 43 with value: 0.9375.
[I 2025-09-17 13:18:25,213] Trial 45 finished with value: 0.8705357142857143 and parameters: {'num_leaves': 91, 'learning_rate': 0.11251976089274546, 'feature_fraction': 0.6811529633760425, 'bagging_fraction': 0.7244261044736525, 'bagging_freq': 5, 'min_child_samples': 17}. Best is trial 43 with value: 0.9375.
[I 2025-09-17 13:18:25,258] Trial 46 finished with value: 0.8883928571428572 and parameters: {'num_leaves': 109, 'learning_rate': 0.07742578149113799, 'feature_fraction': 0.641030099409271, 'bagging_fraction': 0.9727765770395262, 'bagging_freq': 6, 'min_child_samples': 20}. Best is trial 43 with value: 0.9375.
[I 2025-09-17 13:18:25,272] Trial 47 finished with value: 0.5 and parameters: {'num_leaves': 172, 'learning_rate': 0.17451733236587255, 'feature_fraction': 0.7229435347097164, 'bagging_fraction': 0.4067670603730266, 'bagging_freq': 6, 'min_child_samples': 39}. Best is trial 43 with value: 0.9375.
[I 2025-09-17 13:18:25,332] Trial 48 finished with value: 0.9464285714285714 and parameters: {'num_leaves': 135, 'learning_rate': 0.1319458366093269, 'feature_fraction': 0.8915837755082587, 'bagging_fraction': 0.9303803870321846, 'bagging_freq': 7, 'min_child_samples': 9}. Best is trial 48 with value: 0.9464285714285714.
[I 2025-09-17 13:18:25,393] Trial 49 finished with value: 0.9151785714285714 and parameters: {'num_leaves': 139, 'learning_rate': 0.12723519825566307, 'feature_fraction': 0.8813366582889162, 'bagging_fraction': 0.8814336803269716, 'bagging_freq': 7, 'min_child_samples': 9}. Best is trial 48 with value: 0.9464285714285714.
[I 2025-09-17 13:18:25,706] A new study created in memory with name: no-name-ec0e4307-bdd9-4f8b-b48a-7a89ded9f210
[I 2025-09-17 13:18:25,719] Trial 0 finished with value: 0.5 and parameters: {'num_leaves': 238, 'learning_rate': 0.12591345006292592, 'feature_fraction': 0.6489024811744635, 'bagging_fraction': 0.814591249736575, 'bagging_freq': 6, 'min_child_samples': 98}. Best is trial 0 with value: 0.5.
[I 2025-09-17 13:18:25,739] Trial 1 finished with value: 0.7232142857142857 and parameters: {'num_leaves': 276, 'learning_rate': 0.28165262424622045, 'feature_fraction': 0.43429178985618744, 'bagging_fraction': 0.9232984484142743, 'bagging_freq': 4, 'min_child_samples': 54}. Best is trial 1 with value: 0.7232142857142857.
[I 2025-09-17 13:18:25,796] Trial 2 finished with value: 0.8705357142857142 and parameters: {'num_leaves': 54, 'learning_rate': 0.29844526937743926, 'feature_fraction': 0.5609726155719046, 'bagging_fraction': 0.7954440053503056, 'bagging_freq': 5, 'min_child_samples': 8}. Best is trial 2 with value: 0.8705357142857142.
[I 2025-09-17 13:18:25,820] Trial 3 finished with value: 0.8080357142857142 and parameters: {'num_leaves': 295, 'learning_rate': 0.05282882698760762, 'feature_fraction': 0.9242555693391407, 'bagging_fraction': 0.45247317218376293, 'bagging_freq': 1, 'min_child_samples': 24}. Best is trial 2 with value: 0.8705357142857142.
[I 2025-09-17 13:18:25,868] Trial 4 finished with value: 0.8928571428571428 and parameters: {'num_leaves': 207, 'learning_rate': 0.19824280490745153, 'feature_fraction': 0.6362280839655232, 'bagging_fraction': 0.9586028002541549, 'bagging_freq': 3, 'min_child_samples': 10}. Best is trial 4 with value: 0.8928571428571428.
[I 2025-09-17 13:18:25,876] Trial 5 finished with value: 0.5 and parameters: {'num_leaves': 27, 'learning_rate': 0.047677620614649883, 'feature_fraction': 0.8512773217702883, 'bagging_fraction': 0.5997122581194196, 'bagging_freq': 3, 'min_child_samples': 93}. Best is trial 4 with value: 0.8928571428571428.
[I 2025-09-17 13:18:25,885] Trial 6 finished with value: 0.5 and parameters: {'num_leaves': 135, 'learning_rate': 0.0719963968964843, 'feature_fraction': 0.4008439378606016, 'bagging_fraction': 0.7818423223758535, 'bagging_freq': 6, 'min_child_samples': 76}. Best is trial 4 with value: 0.8928571428571428.
[I 2025-09-17 13:18:25,898] Trial 7 finished with value: 0.5 and parameters: {'num_leaves': 101, 'learning_rate': 0.0853917017082446, 'feature_fraction': 0.9603890493089379, 'bagging_fraction': 0.9065659448938787, 'bagging_freq': 3, 'min_child_samples': 64}. Best is trial 4 with value: 0.8928571428571428.
[I 2025-09-17 13:18:25,924] Trial 8 finished with value: 0.8482142857142857 and parameters: {'num_leaves': 290, 'learning_rate': 0.036297379819559286, 'feature_fraction': 0.7016926391750073, 'bagging_fraction': 0.8862247878454053, 'bagging_freq': 7, 'min_child_samples': 30}. Best is trial 4 with value: 0.8928571428571428.
[I 2025-09-17 13:18:25,941] Trial 9 finished with value: 0.7700892857142857 and parameters: {'num_leaves': 95, 'learning_rate': 0.028431599177306983, 'feature_fraction': 0.5921634219762139, 'bagging_fraction': 0.5531288260741342, 'bagging_freq': 2, 'min_child_samples': 35}. Best is trial 4 with value: 0.8928571428571428.
[I 2025-09-17 13:18:25,996] Trial 10 finished with value: 0.8973214285714285 and parameters: {'num_leaves': 195, 'learning_rate': 0.2151439215485794, 'feature_fraction': 0.7465905968909186, 'bagging_fraction': 0.9995457057257873, 'bagging_freq': 1, 'min_child_samples': 9}. Best is trial 10 with value: 0.8973214285714285.
[I 2025-09-17 13:18:26,042] Trial 11 finished with value: 0.90625 and parameters: {'num_leaves': 200, 'learning_rate': 0.21582802339060422, 'feature_fraction': 0.7706440465490719, 'bagging_fraction': 0.9885632736651561, 'bagging_freq': 1, 'min_child_samples': 13}. Best is trial 11 with value: 0.90625.
[I 2025-09-17 13:18:26,145] Trial 12 finished with value: 0.8660714285714286 and parameters: {'num_leaves': 184, 'learning_rate': 0.21421538117296118, 'feature_fraction': 0.7824330055681687, 'bagging_fraction': 0.9895228726867594, 'bagging_freq': 1, 'min_child_samples': 5}. Best is trial 11 with value: 0.90625.
[I 2025-09-17 13:18:26,165] Trial 13 finished with value: 0.7633928571428572 and parameters: {'num_leaves': 169, 'learning_rate': 0.2291802262907977, 'feature_fraction': 0.780862689222285, 'bagging_fraction': 0.6601858087257295, 'bagging_freq': 1, 'min_child_samples': 40}. Best is trial 11 with value: 0.90625.
[I 2025-09-17 13:18:26,214] Trial 14 finished with value: 0.8169642857142857 and parameters: {'num_leaves': 227, 'learning_rate': 0.16560449447513137, 'feature_fraction': 0.756981024690939, 'bagging_fraction': 0.9940464772778578, 'bagging_freq': 2, 'min_child_samples': 20}. Best is trial 11 with value: 0.90625.
[I 2025-09-17 13:18:26,232] Trial 15 finished with value: 0.8035714285714285 and parameters: {'num_leaves': 136, 'learning_rate': 0.24904033965049982, 'feature_fraction': 0.8641576505696573, 'bagging_fraction': 0.8559558732199084, 'bagging_freq': 2, 'min_child_samples': 48}. Best is trial 11 with value: 0.90625.
[I 2025-09-17 13:18:26,281] Trial 16 finished with value: 0.8169642857142858 and parameters: {'num_leaves': 236, 'learning_rate': 0.16793587493613854, 'feature_fraction': 0.5035711148112404, 'bagging_fraction': 0.7192885481302695, 'bagging_freq': 1, 'min_child_samples': 17}. Best is trial 11 with value: 0.90625.
[I 2025-09-17 13:18:26,314] Trial 17 finished with value: 0.8169642857142857 and parameters: {'num_leaves': 188, 'learning_rate': 0.11551534104449333, 'feature_fraction': 0.7220434013599052, 'bagging_fraction': 0.7274070580904001, 'bagging_freq': 4, 'min_child_samples': 26}. Best is trial 11 with value: 0.90625.
[I 2025-09-17 13:18:26,339] Trial 18 finished with value: 0.7991071428571429 and parameters: {'num_leaves': 144, 'learning_rate': 0.25918866796706036, 'feature_fraction': 0.8478984695580359, 'bagging_fraction': 0.8530802996486537, 'bagging_freq': 2, 'min_child_samples': 43}. Best is trial 11 with value: 0.90625.
Training until validation scores don't improve for 50 rounds
Did not meet early stopping. Best iteration is:
[68]	valid_0's binary_logloss: 0.334964
Training until validation scores don't improve for 50 rounds
Did not meet early stopping. Best iteration is:
[58]	valid_0's binary_logloss: 0.472668
Training until validation scores don't improve for 50 rounds
Did not meet early stopping. Best iteration is:
[89]	valid_0's binary_logloss: 0.406597
Training until validation scores don't improve for 50 rounds
Early stopping, best iteration is:
[37]	valid_0's binary_logloss: 0.691035
Training until validation scores don't improve for 50 rounds
Did not meet early stopping. Best iteration is:
[71]	valid_0's binary_logloss: 0.419416
Training until validation scores don't improve for 50 rounds
Early stopping, best iteration is:
[35]	valid_0's binary_logloss: 0.691035
Training until validation scores don't improve for 50 rounds
Early stopping, best iteration is:
[28]	valid_0's binary_logloss: 0.379955
Training until validation scores don't improve for 50 rounds
Early stopping, best iteration is:
[28]	valid_0's binary_logloss: 0.397417
Training until validation scores don't improve for 50 rounds
Early stopping, best iteration is:
[19]	valid_0's binary_logloss: 0.392174
Training until validation scores don't improve for 50 rounds
Did not meet early stopping. Best iteration is:
[93]	valid_0's binary_logloss: 0.562322
Training until validation scores don't improve for 50 rounds
Did not meet early stopping. Best iteration is:
[100]	valid_0's binary_logloss: 0.40592
Training until validation scores don't improve for 50 rounds
Did not meet early stopping. Best iteration is:
[100]	valid_0's binary_logloss: 0.505299
Training until validation scores don't improve for 50 rounds
Early stopping, best iteration is:
[49]	valid_0's binary_logloss: 0.387398
Training until validation scores don't improve for 50 rounds
Early stopping, best iteration is:
[40]	valid_0's binary_logloss: 0.389292
Training until validation scores don't improve for 50 rounds
Early stopping, best iteration is:
[22]	valid_0's binary_logloss: 0.379314
Training until validation scores don't improve for 50 rounds
Did not meet early stopping. Best iteration is:
[91]	valid_0's binary_logloss: 0.437957
Training until validation scores don't improve for 50 rounds
Early stopping, best iteration is:
[28]	valid_0's binary_logloss: 0.382995
Training until validation scores don't improve for 50 rounds
Early stopping, best iteration is:
[1]	valid_0's binary_logloss: 0.691035
Training until validation scores don't improve for 50 rounds
Early stopping, best iteration is:
[4]	valid_0's binary_logloss: 0.691035
Training until validation scores don't improve for 50 rounds
Early stopping, best iteration is:
[16]	valid_0's binary_logloss: 0.556592
Training until validation scores don't improve for 50 rounds
Did not meet early stopping. Best iteration is:
[100]	valid_0's binary_logloss: 0.370633
Training until validation scores don't improve for 50 rounds
Did not meet early stopping. Best iteration is:
[100]	valid_0's binary_logloss: 0.407123
Training until validation scores don't improve for 50 rounds
Early stopping, best iteration is:
[35]	valid_0's binary_logloss: 0.354928
Training until validation scores don't improve for 50 rounds
Did not meet early stopping. Best iteration is:
[100]	valid_0's binary_logloss: 0.535861
Training until validation scores don't improve for 50 rounds
Did not meet early stopping. Best iteration is:
[88]	valid_0's binary_logloss: 0.431981
Training until validation scores don't improve for 50 rounds
Early stopping, best iteration is:
[28]	valid_0's binary_logloss: 0.355334
Training until validation scores don't improve for 50 rounds
Did not meet early stopping. Best iteration is:
[71]	valid_0's binary_logloss: 0.491627
Training until validation scores don't improve for 50 rounds
Early stopping, best iteration is:
[14]	valid_0's binary_logloss: 0.691035
Training until validation scores don't improve for 50 rounds
Early stopping, best iteration is:
[19]	valid_0's binary_logloss: 0.38637
Training until validation scores don't improve for 50 rounds
Early stopping, best iteration is:
[42]	valid_0's binary_logloss: 0.503798
Training until validation scores don't improve for 50 rounds
Did not meet early stopping. Best iteration is:
[98]	valid_0's binary_logloss: 0.351729
Training until validation scores don't improve for 50 rounds
Did not meet early stopping. Best iteration is:
[60]	valid_0's binary_logloss: 0.423072
Training until validation scores don't improve for 50 rounds
Early stopping, best iteration is:
[30]	valid_0's binary_logloss: 0.335122
Training until validation scores don't improve for 50 rounds
Early stopping, best iteration is:
[27]	valid_0's binary_logloss: 0.359468
Training until validation scores don't improve for 50 rounds
Did not meet early stopping. Best iteration is:
[65]	valid_0's binary_logloss: 0.458851
Training until validation scores don't improve for 50 rounds
Did not meet early stopping. Best iteration is:
[69]	valid_0's binary_logloss: 0.446897
Training until validation scores don't improve for 50 rounds
Early stopping, best iteration is:
[2]	valid_0's binary_logloss: 0.691035
Training until validation scores don't improve for 50 rounds
Early stopping, best iteration is:
[13]	valid_0's binary_logloss: 0.35456
Training until validation scores don't improve for 50 rounds
Early stopping, best iteration is:
[19]	valid_0's binary_logloss: 0.372669
Training until validation scores don't improve for 50 rounds
Early stopping, best iteration is:
[45]	valid_0's binary_logloss: 0.691035
Training until validation scores don't improve for 50 rounds
Early stopping, best iteration is:
[46]	valid_0's binary_logloss: 0.579864
Training until validation scores don't improve for 50 rounds
Early stopping, best iteration is:
[10]	valid_0's binary_logloss: 0.435463
Training until validation scores don't improve for 50 rounds
Did not meet early stopping. Best iteration is:
[84]	valid_0's binary_logloss: 0.559419
Training until validation scores don't improve for 50 rounds
Early stopping, best iteration is:
[7]	valid_0's binary_logloss: 0.468435
Training until validation scores don't improve for 50 rounds
Early stopping, best iteration is:
[4]	valid_0's binary_logloss: 0.691035
Training until validation scores don't improve for 50 rounds
Early stopping, best iteration is:
[13]	valid_0's binary_logloss: 0.691035
Training until validation scores don't improve for 50 rounds
Early stopping, best iteration is:
[42]	valid_0's binary_logloss: 0.691035
Training until validation scores don't improve for 50 rounds
Did not meet early stopping. Best iteration is:
[98]	valid_0's binary_logloss: 0.515723
Training until validation scores don't improve for 50 rounds
Did not meet early stopping. Best iteration is:
[89]	valid_0's binary_logloss: 0.631247
Training until validation scores don't improve for 50 rounds
Early stopping, best iteration is:
[7]	valid_0's binary_logloss: 0.444162
Training until validation scores don't improve for 50 rounds
Early stopping, best iteration is:
[10]	valid_0's binary_logloss: 0.420911
Training until validation scores don't improve for 50 rounds
Early stopping, best iteration is:
[10]	valid_0's binary_logloss: 0.498454
Training until validation scores don't improve for 50 rounds
Early stopping, best iteration is:
[43]	valid_0's binary_logloss: 0.572208
Training until validation scores don't improve for 50 rounds
Early stopping, best iteration is:
[50]	valid_0's binary_logloss: 0.519408
Training until validation scores don't improve for 50 rounds
Early stopping, best iteration is:
[10]	valid_0's binary_logloss: 0.567094
Training until validation scores don't improve for 50 rounds
Early stopping, best iteration is:
[38]	valid_0's binary_logloss: 0.500222
Training until validation scores don't improve for 50 rounds
Did not meet early stopping. Best iteration is:
[97]	valid_0's binary_logloss: 0.507331
Training until validation scores don't improve for 50 rounds
Did not meet early stopping. Best iteration is:
[82]	valid_0's binary_logloss: 0.537739
[I 2025-09-17 13:18:26,385] Trial 19 finished with value: 0.8705357142857143 and parameters: {'num_leaves': 264, 'learning_rate': 0.19010710584076662, 'feature_fraction': 0.6565432113029961, 'bagging_fraction': 0.9400896690503217, 'bagging_freq': 3, 'min_child_samples': 17}. Best is trial 11 with value: 0.90625.
[I 2025-09-17 13:18:26,397] Trial 20 finished with value: 0.5 and parameters: {'num_leaves': 207, 'learning_rate': 0.1383363992980612, 'feature_fraction': 0.9099823096497328, 'bagging_fraction': 0.41474257433283634, 'bagging_freq': 4, 'min_child_samples': 64}. Best is trial 11 with value: 0.90625.
[I 2025-09-17 13:18:26,445] Trial 21 finished with value: 0.8749999999999999 and parameters: {'num_leaves': 212, 'learning_rate': 0.20117641871647143, 'feature_fraction': 0.6422777709342644, 'bagging_fraction': 0.9965254977263991, 'bagging_freq': 2, 'min_child_samples': 11}. Best is trial 11 with value: 0.90625.
[I 2025-09-17 13:18:26,489] Trial 22 finished with value: 0.875 and parameters: {'num_leaves': 253, 'learning_rate': 0.24313239938623288, 'feature_fraction': 0.5758599644731108, 'bagging_fraction': 0.9470331101097909, 'bagging_freq': 1, 'min_child_samples': 14}. Best is trial 11 with value: 0.90625.
[I 2025-09-17 13:18:26,521] Trial 23 finished with value: 0.8303571428571428 and parameters: {'num_leaves': 197, 'learning_rate': 0.1905813805017808, 'feature_fraction': 0.8142057698836836, 'bagging_fraction': 0.9418837993264325, 'bagging_freq': 3, 'min_child_samples': 29}. Best is trial 11 with value: 0.90625.
[I 2025-09-17 13:18:26,587] Trial 24 finished with value: 0.84375 and parameters: {'num_leaves': 165, 'learning_rate': 0.21261153200121094, 'feature_fraction': 0.7176075734032248, 'bagging_fraction': 0.8634269866824914, 'bagging_freq': 2, 'min_child_samples': 7}. Best is trial 11 with value: 0.90625.
[I 2025-09-17 13:18:26,625] Trial 25 finished with value: 0.8169642857142857 and parameters: {'num_leaves': 112, 'learning_rate': 0.1739854905709751, 'feature_fraction': 0.6710374603127325, 'bagging_fraction': 0.9647504971970335, 'bagging_freq': 1, 'min_child_samples': 19}. Best is trial 11 with value: 0.90625.
[I 2025-09-17 13:18:26,672] Trial 26 finished with value: 0.8928571428571429 and parameters: {'num_leaves': 221, 'learning_rate': 0.27162625695754355, 'feature_fraction': 0.6113293360137183, 'bagging_fraction': 0.9078896583900092, 'bagging_freq': 5, 'min_child_samples': 13}. Best is trial 11 with value: 0.90625.
[I 2025-09-17 13:18:26,693] Trial 27 finished with value: 0.8125 and parameters: {'num_leaves': 166, 'learning_rate': 0.27064342182745055, 'feature_fraction': 0.4859191087304333, 'bagging_fraction': 0.8876648456162358, 'bagging_freq': 5, 'min_child_samples': 35}. Best is trial 11 with value: 0.90625.
[I 2025-09-17 13:18:26,725] Trial 28 finished with value: 0.8437500000000001 and parameters: {'num_leaves': 227, 'learning_rate': 0.23206116657468928, 'feature_fraction': 0.758237193080358, 'bagging_fraction': 0.8285067988845773, 'bagging_freq': 5, 'min_child_samples': 23}. Best is trial 11 with value: 0.90625.
[I 2025-09-17 13:18:26,739] Trial 29 finished with value: 0.5 and parameters: {'num_leaves': 260, 'learning_rate': 0.29708969782464933, 'feature_fraction': 0.6102696539888808, 'bagging_fraction': 0.7740803726533036, 'bagging_freq': 6, 'min_child_samples': 88}. Best is trial 11 with value: 0.90625.
[I 2025-09-17 13:18:26,855] Trial 30 finished with value: 0.84375 and parameters: {'num_leaves': 249, 'learning_rate': 0.1478662177982146, 'feature_fraction': 0.5482655877770074, 'bagging_fraction': 0.9092486572148768, 'bagging_freq': 7, 'min_child_samples': 5}. Best is trial 11 with value: 0.90625.
