[I 2025-09-17 13:16:59,217] Trial 44 finished with value: 0.6857585139318886 and parameters: {'num_leaves': 46, 'learning_rate': 0.2580155400225609, 'feature_fraction': 0.6945353903326809, 'bagging_fraction': 0.8139815197177263, 'bagging_freq': 5, 'min_child_samples': 29}. Best is trial 11 with value: 0.7770897832817337.
Early stopping, best iteration is:
[13]	valid_0's binary_logloss: 0.568021
Training until validation scores don't improve for 50 rounds
Early stopping, best iteration is:
[38]	valid_0's binary_logloss: 0.616899
Training until validation scores don't improve for 50 rounds
Early stopping, best iteration is:
[6]	valid_0's binary_logloss: 0.605035
Training until validation scores don't improve for 50 rounds
Early stopping, best iteration is:
[8]	valid_0's binary_logloss: 0.574172
Training until validation scores don't improve for 50 rounds
Early stopping, best iteration is:
[1]	valid_0's binary_logloss: 0.691991
Training until validation scores don't improve for 50 rounds
Early stopping, best iteration is:
[2]	valid_0's binary_logloss: 0.691991
Training until validation scores don't improve for 50 rounds
Early stopping, best iteration is:
[4]	valid_0's binary_logloss: 0.619087
Training until validation scores don't improve for 50 rounds
Early stopping, best iteration is:
[2]	valid_0's binary_logloss: 0.640356
Training until validation scores don't improve for 50 rounds
Early stopping, best iteration is:
[7]	valid_0's binary_logloss: 0.57497
Training until validation scores don't improve for 50 rounds
Early stopping, best iteration is:
[13]	valid_0's binary_logloss: 0.604346
Training until validation scores don't improve for 50 rounds
Early stopping, best iteration is:
[15]	valid_0's binary_logloss: 0.625271
Training until validation scores don't improve for 50 rounds
Early stopping, best iteration is:
[3]	valid_0's binary_logloss: 0.621421
Training until validation scores don't improve for 50 rounds
Early stopping, best iteration is:
[1]	valid_0's binary_logloss: 0.691991
Training until validation scores don't improve for 50 rounds
Early stopping, best iteration is:
[2]	valid_0's binary_logloss: 0.575696
Training until validation scores don't improve for 50 rounds
Early stopping, best iteration is:
[1]	valid_0's binary_logloss: 0.691991
Training until validation scores don't improve for 50 rounds
Early stopping, best iteration is:
[1]	valid_0's binary_logloss: 0.691991
Training until validation scores don't improve for 50 rounds
Early stopping, best iteration is:
[1]	valid_0's binary_logloss: 0.691991
Training until validation scores don't improve for 50 rounds
Early stopping, best iteration is:
[1]	valid_0's binary_logloss: 0.691991
Training until validation scores don't improve for 50 rounds
Early stopping, best iteration is:
[7]	valid_0's binary_logloss: 0.610091
Training until validation scores don't improve for 50 rounds
Early stopping, best iteration is:
[2]	valid_0's binary_logloss: 0.691991
Training until validation scores don't improve for 50 rounds
Early stopping, best iteration is:
[1]	valid_0's binary_logloss: 0.691991
Training until validation scores don't improve for 50 rounds
Early stopping, best iteration is:
[17]	valid_0's binary_logloss: 0.611461
Training until validation scores don't improve for 50 rounds
Early stopping, best iteration is:
[3]	valid_0's binary_logloss: 0.615247
Training until validation scores don't improve for 50 rounds
Early stopping, best iteration is:
[39]	valid_0's binary_logloss: 0.607694
Training until validation scores don't improve for 50 rounds
Early stopping, best iteration is:
[47]	valid_0's binary_logloss: 0.615155
Training until validation scores don't improve for 50 rounds
Early stopping, best iteration is:
[1]	valid_0's binary_logloss: 0.691991
Training until validation scores don't improve for 50 rounds
Early stopping, best iteration is:
[28]	valid_0's binary_logloss: 0.59715
Training until validation scores don't improve for 50 rounds
Early stopping, best iteration is:
[21]	valid_0's binary_logloss: 0.631586
Training until validation scores don't improve for 50 rounds
Early stopping, best iteration is:
[1]	valid_0's binary_logloss: 0.691991
Training until validation scores don't improve for 50 rounds
Early stopping, best iteration is:
[4]	valid_0's binary_logloss: 0.5933
Training until validation scores don't improve for 50 rounds
Early stopping, best iteration is:
[2]	valid_0's binary_logloss: 0.65502
Training until validation scores don't improve for 50 rounds
Early stopping, best iteration is:
[7]	valid_0's binary_logloss: 0.632244
Training until validation scores don't improve for 50 rounds
Early stopping, best iteration is:
[12]	valid_0's binary_logloss: 0.596509
Training until validation scores don't improve for 50 rounds
Early stopping, best iteration is:
[8]	valid_0's binary_logloss: 0.615013
Training until validation scores don't improve for 50 rounds
Early stopping, best iteration is:
[22]	valid_0's binary_logloss: 0.614301
Training until validation scores don't improve for 50 rounds
Early stopping, best iteration is:
[14]	valid_0's binary_logloss: 0.603833
Training until validation scores don't improve for 50 rounds
Early stopping, best iteration is:
[12]	valid_0's binary_logloss: 0.61005
Training until validation scores don't improve for 50 rounds
Early stopping, best iteration is:
[7]	valid_0's binary_logloss: 0.628032
Training until validation scores don't improve for 50 rounds
Early stopping, best iteration is:
[16]	valid_0's binary_logloss: 0.605785
Training until validation scores don't improve for 50 rounds
Did not meet early stopping. Best iteration is:
[64]	valid_0's binary_logloss: 0.66656
Training until validation scores don't improve for 50 rounds
Did not meet early stopping. Best iteration is:
[56]	valid_0's binary_logloss: 0.614958
Training until validation scores don't improve for 50 rounds
Early stopping, best iteration is:
[6]	valid_0's binary_logloss: 0.595375
Training until validation scores don't improve for 50 rounds
Early stopping, best iteration is:
[3]	valid_0's binary_logloss: 0.612058
Training until validation scores don't improve for 50 rounds
Early stopping, best iteration is:
[1]	valid_0's binary_logloss: 0.691991
Training until validation scores don't improve for 50 rounds
Early stopping, best iteration is:
[18]	valid_0's binary_logloss: 0.595562
Training until validation scores don't improve for 50 rounds
Early stopping, best iteration is:
[5]	valid_0's binary_logloss: 0.609555
Training until validation scores don't improve for 50 rounds
Early stopping, best iteration is:
[10]	valid_0's binary_logloss: 0.620373
Training until validation scores don't improve for 50 rounds
Early stopping, best iteration is:
[15]	valid_0's binary_logloss: 0.606264
Training until validation scores don't improve for 50 rounds
Early stopping, best iteration is:
[24]	valid_0's binary_logloss: 0.643919
Training until validation scores don't improve for 50 rounds
Early stopping, best iteration is:
[7]	valid_0's binary_logloss: 0.607905
Training until validation scores don't improve for 50 rounds
Early stopping, best iteration is:
[24]	valid_0's binary_logloss: 0.618017
Training until validation scores don't improve for 50 rounds
Early stopping, best iteration is:
[5]	valid_0's binary_logloss: 0.618156
Training until validation scores don't improve for 50 rounds
Early stopping, best iteration is:
[22]	valid_0's binary_logloss: 0.599301
Training until validation scores don't improve for 50 rounds
Early stopping, best iteration is:
[1]	valid_0's binary_logloss: 0.691991
Training until validation scores don't improve for 50 rounds
Early stopping, best iteration is:
[11]	valid_0's binary_logloss: 0.633227
Training until validation scores don't improve for 50 rounds
Early stopping, best iteration is:
[6]	valid_0's binary_logloss: 0.604726
Training until validation scores don't improve for 50 rounds
Early stopping, best iteration is:
[3]	valid_0's binary_logloss: 0.586654
Training until validation scores don't improve for 50 rounds
Early stopping, best iteration is:
[3]	valid_0's binary_logloss: 0.621228
Training until validation scores don't improve for 50 rounds
Early stopping, best iteration is:
[3]	valid_0's binary_logloss: 0.617777
Training until validation scores don't improve for 50 rounds
Early stopping, best iteration is:
[2]	valid_0's binary_logloss: 0.634335
Training until validation scores don't improve for 50 rounds
[I 2025-09-17 13:16:59,235] Trial 45 finished with value: 0.6981424148606812 and parameters: {'num_leaves': 73, 'learning_rate': 0.2978536679349294, 'feature_fraction': 0.4756248792019924, 'bagging_fraction': 0.7730471267302808, 'bagging_freq': 7, 'min_child_samples': 38}. Best is trial 11 with value: 0.7770897832817337.
[I 2025-09-17 13:16:59,287] Trial 46 finished with value: 0.7770897832817338 and parameters: {'num_leaves': 144, 'learning_rate': 0.1468825391702417, 'feature_fraction': 0.5470191888886448, 'bagging_fraction': 0.9048414653662942, 'bagging_freq': 3, 'min_child_samples': 13}. Best is trial 46 with value: 0.7770897832817338.
[I 2025-09-17 13:16:59,345] Trial 47 finished with value: 0.7647058823529411 and parameters: {'num_leaves': 92, 'learning_rate': 0.15138803759762962, 'feature_fraction': 0.9960844021963351, 'bagging_fraction': 0.9064309666556005, 'bagging_freq': 4, 'min_child_samples': 10}. Best is trial 46 with value: 0.7770897832817338.
[I 2025-09-17 13:16:59,381] Trial 48 finished with value: 0.7461300309597523 and parameters: {'num_leaves': 24, 'learning_rate': 0.18177959322289003, 'feature_fraction': 0.5466480732395145, 'bagging_fraction': 0.9055155341662731, 'bagging_freq': 6, 'min_child_samples': 22}. Best is trial 46 with value: 0.7770897832817338.
[I 2025-09-17 13:16:59,436] Trial 49 finished with value: 0.7739938080495357 and parameters: {'num_leaves': 71, 'learning_rate': 0.2087856698710786, 'feature_fraction': 0.4309237014956596, 'bagging_fraction': 0.9771469144439333, 'bagging_freq': 5, 'min_child_samples': 15}. Best is trial 46 with value: 0.7770897832817338.
[I 2025-09-17 13:16:59,926] A new study created in memory with name: no-name-561ba196-1d05-4cca-81db-166ac03c9d86
[I 2025-09-17 13:16:59,939] Trial 0 finished with value: 0.5 and parameters: {'num_leaves': 269, 'learning_rate': 0.11948649421410766, 'feature_fraction': 0.44568456396670497, 'bagging_fraction': 0.9174462707059382, 'bagging_freq': 4, 'min_child_samples': 88}. Best is trial 0 with value: 0.5.
[I 2025-09-17 13:16:59,951] Trial 1 finished with value: 0.5 and parameters: {'num_leaves': 24, 'learning_rate': 0.2631226866334546, 'feature_fraction': 0.4821351356968937, 'bagging_fraction': 0.5857003240482817, 'bagging_freq': 4, 'min_child_samples': 61}. Best is trial 0 with value: 0.5.
[I 2025-09-17 13:16:59,959] Trial 2 finished with value: 0.5 and parameters: {'num_leaves': 124, 'learning_rate': 0.02536561448290208, 'feature_fraction': 0.8224816435653965, 'bagging_fraction': 0.5520772182593885, 'bagging_freq': 4, 'min_child_samples': 64}. Best is trial 0 with value: 0.5.
[I 2025-09-17 13:17:00,022] Trial 3 finished with value: 0.875 and parameters: {'num_leaves': 146, 'learning_rate': 0.0851845903751053, 'feature_fraction': 0.7263826692385775, 'bagging_fraction': 0.6579905581284347, 'bagging_freq': 7, 'min_child_samples': 10}. Best is trial 3 with value: 0.875.
[I 2025-09-17 13:17:00,030] Trial 4 finished with value: 0.5 and parameters: {'num_leaves': 288, 'learning_rate': 0.09765788322935717, 'feature_fraction': 0.5931206512836215, 'bagging_fraction': 0.6384607649646094, 'bagging_freq': 7, 'min_child_samples': 97}. Best is trial 3 with value: 0.875.
[I 2025-09-17 13:17:00,042] Trial 5 finished with value: 0.5 and parameters: {'num_leaves': 217, 'learning_rate': 0.23620975809635827, 'feature_fraction': 0.9177270132585906, 'bagging_fraction': 0.4903755375595086, 'bagging_freq': 5, 'min_child_samples': 53}. Best is trial 3 with value: 0.875.
[I 2025-09-17 13:17:00,054] Trial 6 finished with value: 0.4953125 and parameters: {'num_leaves': 104, 'learning_rate': 0.14370582557588207, 'feature_fraction': 0.8851613669301167, 'bagging_fraction': 0.8590108090345473, 'bagging_freq': 4, 'min_child_samples': 64}. Best is trial 3 with value: 0.875.
[I 2025-09-17 13:17:00,062] Trial 7 finished with value: 0.5 and parameters: {'num_leaves': 116, 'learning_rate': 0.09452641255932248, 'feature_fraction': 0.9125013997845571, 'bagging_fraction': 0.5226650618944504, 'bagging_freq': 1, 'min_child_samples': 70}. Best is trial 3 with value: 0.875.
[I 2025-09-17 13:17:00,083] Trial 8 finished with value: 0.7250000000000001 and parameters: {'num_leaves': 293, 'learning_rate': 0.06184198067088108, 'feature_fraction': 0.7590915371406379, 'bagging_fraction': 0.8676239938643734, 'bagging_freq': 6, 'min_child_samples': 44}. Best is trial 3 with value: 0.875.
[I 2025-09-17 13:17:00,150] Trial 9 finished with value: 0.784375 and parameters: {'num_leaves': 224, 'learning_rate': 0.03723200425868045, 'feature_fraction': 0.7364856528824588, 'bagging_fraction': 0.47132175670434884, 'bagging_freq': 1, 'min_child_samples': 10}. Best is trial 3 with value: 0.875.
[I 2025-09-17 13:17:00,208] Trial 10 finished with value: 0.875 and parameters: {'num_leaves': 25, 'learning_rate': 0.19220261333969724, 'feature_fraction': 0.6740803672215551, 'bagging_fraction': 0.748084615259738, 'bagging_freq': 7, 'min_child_samples': 10}. Best is trial 3 with value: 0.875.
[I 2025-09-17 13:17:00,269] Trial 11 finished with value: 0.7906249999999999 and parameters: {'num_leaves': 25, 'learning_rate': 0.19758315166772492, 'feature_fraction': 0.6243864199939406, 'bagging_fraction': 0.7401773149020506, 'bagging_freq': 7, 'min_child_samples': 8}. Best is trial 3 with value: 0.875.
[I 2025-09-17 13:17:00,296] Trial 12 finished with value: 0.7406250000000001 and parameters: {'num_leaves': 79, 'learning_rate': 0.17795270418147038, 'feature_fraction': 0.6382122451744897, 'bagging_fraction': 0.7596105834919576, 'bagging_freq': 6, 'min_child_samples': 30}. Best is trial 3 with value: 0.875.
[I 2025-09-17 13:17:00,320] Trial 13 finished with value: 0.7203124999999999 and parameters: {'num_leaves': 160, 'learning_rate': 0.21260840810859838, 'feature_fraction': 0.5307524030549042, 'bagging_fraction': 0.6826319660265696, 'bagging_freq': 6, 'min_child_samples': 28}. Best is trial 3 with value: 0.875.
[I 2025-09-17 13:17:00,348] Trial 14 finished with value: 0.7921874999999999 and parameters: {'num_leaves': 173, 'learning_rate': 0.29809102826020406, 'feature_fraction': 0.6667898602264756, 'bagging_fraction': 0.9918584994880026, 'bagging_freq': 7, 'min_child_samples': 23}. Best is trial 3 with value: 0.875.
[I 2025-09-17 13:17:00,390] Trial 15 finished with value: 0.78125 and parameters: {'num_leaves': 60, 'learning_rate': 0.15541360675272506, 'feature_fraction': 0.7868027558688292, 'bagging_fraction': 0.7924187943503885, 'bagging_freq': 2, 'min_child_samples': 18}. Best is trial 3 with value: 0.875.
[I 2025-09-17 13:17:00,425] Trial 16 finished with value: 0.7515624999999999 and parameters: {'num_leaves': 205, 'learning_rate': 0.07534366395098052, 'feature_fraction': 0.6978567279764234, 'bagging_fraction': 0.6529939746406601, 'bagging_freq': 5, 'min_child_samples': 40}. Best is trial 3 with value: 0.875.
[I 2025-09-17 13:17:00,468] Trial 17 finished with value: 0.7906249999999999 and parameters: {'num_leaves': 58, 'learning_rate': 0.1322386613299582, 'feature_fraction': 0.8390346808554193, 'bagging_fraction': 0.6188185942636729, 'bagging_freq': 5, 'min_child_samples': 13}. Best is trial 3 with value: 0.875.
[I 2025-09-17 13:17:00,486] Trial 18 finished with value: 0.753125 and parameters: {'num_leaves': 15, 'learning_rate': 0.17244536457144502, 'feature_fraction': 0.57135246007928, 'bagging_fraction': 0.7180222527862207, 'bagging_freq': 3, 'min_child_samples': 36}. Best is trial 3 with value: 0.875.
[I 2025-09-17 13:17:00,568] Trial 19 finished with value: 0.825 and parameters: {'num_leaves': 145, 'learning_rate': 0.2259745555919782, 'feature_fraction': 0.9733814638631102, 'bagging_fraction': 0.789044109534531, 'bagging_freq': 6, 'min_child_samples': 7}. Best is trial 3 with value: 0.875.
[I 2025-09-17 13:17:00,607] Trial 20 finished with value: 0.784375 and parameters: {'num_leaves': 178, 'learning_rate': 0.11146820097385994, 'feature_fraction': 0.722916890885243, 'bagging_fraction': 0.81324761634759, 'bagging_freq': 7, 'min_child_samples': 21}. Best is trial 3 with value: 0.875.
[I 2025-09-17 13:17:00,651] Trial 21 finished with value: 0.853125 and parameters: {'num_leaves': 137, 'learning_rate': 0.23725311263521875, 'feature_fraction': 0.951121526994728, 'bagging_fraction': 0.4046138056424616, 'bagging_freq': 6, 'min_child_samples': 7}. Best is trial 3 with value: 0.875.
[I 2025-09-17 13:17:00,713] Trial 22 finished with value: 0.825 and parameters: {'num_leaves': 85, 'learning_rate': 0.26082631108215054, 'feature_fraction': 0.9961179058965478, 'bagging_fraction': 0.4614997391124685, 'bagging_freq': 7, 'min_child_samples': 6}. Best is trial 3 with value: 0.875.
[I 2025-09-17 13:17:00,747] Trial 23 finished with value: 0.8125 and parameters: {'num_leaves': 137, 'learning_rate': 0.25224112326014997, 'feature_fraction': 0.40576225933003185, 'bagging_fraction': 0.40142211009363044, 'bagging_freq': 6, 'min_child_samples': 16}. Best is trial 3 with value: 0.875.
[I 2025-09-17 13:17:00,791] Trial 24 finished with value: 0.784375 and parameters: {'num_leaves': 242, 'learning_rate': 0.19329027449906322, 'feature_fraction': 0.8312868076535227, 'bagging_fraction': 0.6959914927677674, 'bagging_freq': 7, 'min_child_samples': 27}. Best is trial 3 with value: 0.875.
[I 2025-09-17 13:17:00,813] Trial 25 finished with value: 0.728125 and parameters: {'num_leaves': 199, 'learning_rate': 0.28919829209059533, 'feature_fraction': 0.678201896881953, 'bagging_fraction': 0.4270315057956158, 'bagging_freq': 6, 'min_child_samples': 18}. Best is trial 3 with value: 0.875.
[I 2025-09-17 13:17:00,893] Trial 26 finished with value: 0.7421875 and parameters: {'num_leaves': 48, 'learning_rate': 0.15986383371873322, 'feature_fraction': 0.5424999927460556, 'bagging_fraction': 0.5763845778633275, 'bagging_freq': 5, 'min_child_samples': 5}. Best is trial 3 with value: 0.875.
[I 2025-09-17 13:17:00,911] Trial 27 finished with value: 0.7531249999999999 and parameters: {'num_leaves': 94, 'learning_rate': 0.2079451066485813, 'feature_fraction': 0.7788186722450108, 'bagging_fraction': 0.9360233204943759, 'bagging_freq': 7, 'min_child_samples': 47}. Best is trial 3 with value: 0.875.
[I 2025-09-17 13:17:00,939] Trial 28 finished with value: 0.7531249999999999 and parameters: {'num_leaves': 165, 'learning_rate': 0.05303287306966062, 'feature_fraction': 0.9490252575157536, 'bagging_fraction': 0.8374120993999772, 'bagging_freq': 6, 'min_child_samples': 33}. Best is trial 3 with value: 0.875.
[I 2025-09-17 13:17:00,951] Trial 29 finished with value: 0.5 and parameters: {'num_leaves': 254, 'learning_rate': 0.128418390057465, 'feature_fraction': 0.8715184857359314, 'bagging_fraction': 0.9034012213448592, 'bagging_freq': 5, 'min_child_samples': 77}. Best is trial 3 with value: 0.875.
[I 2025-09-17 13:17:00,963] Trial 30 finished with value: 0.5 and parameters: {'num_leaves': 190, 'learning_rate': 0.2311619030861394, 'feature_fraction': 0.6347196049780104, 'bagging_fraction': 0.677537961339931, 'bagging_freq': 3, 'min_child_samples': 83}. Best is trial 3 with value: 0.875.
[I 2025-09-17 13:17:01,008] Trial 31 finished with value: 0.828125 and parameters: {'num_leaves': 135, 'learning_rate': 0.22581024188596044, 'feature_fraction': 0.9796726002613079, 'bagging_fraction': 0.7497353917214151, 'bagging_freq': 6, 'min_child_samples': 13}. Best is trial 3 with value: 0.875.
[I 2025-09-17 13:17:01,053] Trial 32 finished with value: 0.8374999999999999 and parameters: {'num_leaves': 133, 'learning_rate': 0.24930057835455013, 'feature_fraction': 0.9481963559231205, 'bagging_fraction': 0.7542518435942399, 'bagging_freq': 7, 'min_child_samples': 13}. Best is trial 3 with value: 0.875.
[I 2025-09-17 13:17:01,085] Trial 33 finished with value: 0.79375 and parameters: {'num_leaves': 122, 'learning_rate': 0.27763996476448155, 'feature_fraction': 0.93643793652141, 'bagging_fraction': 0.5962589536161103, 'bagging_freq': 7, 'min_child_samples': 23}. Best is trial 3 with value: 0.875.
[I 2025-09-17 13:17:01,128] Trial 34 finished with value: 0.821875 and parameters: {'num_leaves': 149, 'learning_rate': 0.26973223345172265, 'feature_fraction': 0.870685778760145, 'bagging_fraction': 0.7669044076159326, 'bagging_freq': 7, 'min_child_samples': 13}. Best is trial 3 with value: 0.875.
[I 2025-09-17 13:17:01,144] Trial 35 finished with value: 0.3625 and parameters: {'num_leaves': 115, 'learning_rate': 0.24512601802388598, 'feature_fraction': 0.472606872960906, 'bagging_fraction': 0.7192279164309489, 'bagging_freq': 7, 'min_child_samples': 55}. Best is trial 3 with value: 0.875.
[I 2025-09-17 13:17:01,161] Trial 36 finished with value: 0.5 and parameters: {'num_leaves': 75, 'learning_rate': 0.18983849292577257, 'feature_fraction': 0.9003998230735698, 'bagging_fraction': 0.5377166078377538, 'bagging_freq': 7, 'min_child_samples': 99}. Best is trial 3 with value: 0.875.
[I 2025-09-17 13:17:01,205] Trial 37 finished with value: 0.784375 and parameters: {'num_leaves': 37, 'learning_rate': 0.21095681568129998, 'feature_fraction': 0.8062411727404262, 'bagging_fraction': 0.6457251116995069, 'bagging_freq': 6, 'min_child_samples': 24}. Best is trial 3 with value: 0.875.
[I 2025-09-17 13:17:01,262] Trial 38 finished with value: 0.84375 and parameters: {'num_leaves': 100, 'learning_rate': 0.24654718157545263, 'feature_fraction': 0.9467301331050938, 'bagging_fraction': 0.8880914895020673, 'bagging_freq': 4, 'min_child_samples': 11}. Best is trial 3 with value: 0.875.
