[I 2025-09-17 13:17:01,323] Trial 39 finished with value: 0.834375 and parameters: {'num_leaves': 102, 'learning_rate': 0.017942013609534388, 'feature_fraction': 0.7391169418987599, 'bagging_fraction': 0.9696092935232925, 'bagging_freq': 4, 'min_child_samples': 18}. Best is trial 3 with value: 0.875.
[I 2025-09-17 13:17:01,390] Trial 40 finished with value: 0.8750000000000001 and parameters: {'num_leaves': 67, 'learning_rate': 0.08716651136350685, 'feature_fraction': 0.8477591615891917, 'bagging_fraction': 0.8987631764667862, 'bagging_freq': 3, 'min_child_samples': 11}. Best is trial 40 with value: 0.8750000000000001.
[I 2025-09-17 13:17:01,480] Trial 41 finished with value: 0.859375 and parameters: {'num_leaves': 39, 'learning_rate': 0.08249629927023824, 'feature_fraction': 0.8727625789857122, 'bagging_fraction': 0.8875319464768546, 'bagging_freq': 3, 'min_child_samples': 9}. Best is trial 40 with value: 0.8750000000000001.
[I 2025-09-17 13:17:01,583] Trial 42 finished with value: 0.8500000000000001 and parameters: {'num_leaves': 13, 'learning_rate': 0.08825237569924464, 'feature_fraction': 0.8529170574548801, 'bagging_fraction': 0.930317003158786, 'bagging_freq': 3, 'min_child_samples': 6}. Best is trial 40 with value: 0.8750000000000001.
[I 2025-09-17 13:17:01,651] Trial 43 finished with value: 0.796875 and parameters: {'num_leaves': 34, 'learning_rate': 0.11280418565678924, 'feature_fraction': 0.805978740020438, 'bagging_fraction': 0.8483504613610074, 'bagging_freq': 2, 'min_child_samples': 9}. Best is trial 40 with value: 0.8750000000000001.
[I 2025-09-17 13:17:01,716] Trial 44 finished with value: 0.84375 and parameters: {'num_leaves': 63, 'learning_rate': 0.04389797119836284, 'feature_fraction': 0.7624459886549594, 'bagging_fraction': 0.8776528138008992, 'bagging_freq': 2, 'min_child_samples': 16}. Best is trial 40 with value: 0.8750000000000001.
[I 2025-09-17 13:17:01,885] Trial 45 finished with value: 0.853125 and parameters: {'num_leaves': 42, 'learning_rate': 0.06891180199986537, 'feature_fraction': 0.8935134116071464, 'bagging_fraction': 0.9608627860689652, 'bagging_freq': 3, 'min_child_samples': 5}. Best is trial 40 with value: 0.8750000000000001.
[I 2025-09-17 13:17:01,932] Trial 46 finished with value: 0.76875 and parameters: {'num_leaves': 26, 'learning_rate': 0.08667407687066873, 'feature_fraction': 0.7146246044539867, 'bagging_fraction': 0.8246180982913212, 'bagging_freq': 3, 'min_child_samples': 21}. Best is trial 40 with value: 0.8750000000000001.
[I 2025-09-17 13:17:01,960] Trial 47 finished with value: 0.734375 and parameters: {'num_leaves': 75, 'learning_rate': 0.10103427635610926, 'feature_fraction': 0.6608862007191388, 'bagging_fraction': 0.49537229488133233, 'bagging_freq': 2, 'min_child_samples': 31}. Best is trial 40 with value: 0.8750000000000001.
[I 2025-09-17 13:17:01,992] Trial 48 finished with value: 0.7406250000000001 and parameters: {'num_leaves': 55, 'learning_rate': 0.14194821770325988, 'feature_fraction': 0.8563546212501828, 'bagging_fraction': 0.5623027306825149, 'bagging_freq': 4, 'min_child_samples': 26}. Best is trial 40 with value: 0.8750000000000001.
[I 2025-09-17 13:17:02,049] Trial 49 finished with value: 0.834375 and parameters: {'num_leaves': 69, 'learning_rate': 0.08063901221909268, 'feature_fraction': 0.6011547403326228, 'bagging_fraction': 0.604700716681373, 'bagging_freq': 3, 'min_child_samples': 10}. Best is trial 40 with value: 0.8750000000000001.
[I 2025-09-17 13:17:02,560] A new study created in memory with name: no-name-66ef2e56-3b76-4ec6-84ab-a4221efa9f98
[I 2025-09-17 13:17:02,586] Trial 0 finished with value: 0.734375 and parameters: {'num_leaves': 102, 'learning_rate': 0.20937087869613408, 'feature_fraction': 0.5404195068383505, 'bagging_fraction': 0.5173231675325143, 'bagging_freq': 3, 'min_child_samples': 21}. Best is trial 0 with value: 0.734375.
[I 2025-09-17 13:17:02,600] Trial 1 finished with value: 0.7140625 and parameters: {'num_leaves': 247, 'learning_rate': 0.20316649764199615, 'feature_fraction': 0.6816052711608194, 'bagging_fraction': 0.9172558228152272, 'bagging_freq': 6, 'min_child_samples': 44}. Best is trial 0 with value: 0.734375.
[I 2025-09-17 13:17:02,623] Trial 2 finished with value: 0.740625 and parameters: {'num_leaves': 127, 'learning_rate': 0.2689780126389891, 'feature_fraction': 0.4802401504971439, 'bagging_fraction': 0.4940607391467449, 'bagging_freq': 5, 'min_child_samples': 16}. Best is trial 2 with value: 0.740625.
[I 2025-09-17 13:17:02,631] Trial 3 finished with value: 0.5 and parameters: {'num_leaves': 81, 'learning_rate': 0.27513935732052297, 'feature_fraction': 0.4196254703413538, 'bagging_fraction': 0.7332031922448551, 'bagging_freq': 6, 'min_child_samples': 97}. Best is trial 2 with value: 0.740625.
[I 2025-09-17 13:17:02,639] Trial 4 finished with value: 0.5 and parameters: {'num_leaves': 19, 'learning_rate': 0.12821418765043066, 'feature_fraction': 0.7467599211032689, 'bagging_fraction': 0.6601439933148252, 'bagging_freq': 2, 'min_child_samples': 72}. Best is trial 2 with value: 0.740625.
Early stopping, best iteration is:
[3]	valid_0's binary_logloss: 0.617078
Training until validation scores don't improve for 50 rounds
Early stopping, best iteration is:
[4]	valid_0's binary_logloss: 0.588781
Training until validation scores don't improve for 50 rounds
Early stopping, best iteration is:
[5]	valid_0's binary_logloss: 0.625753
Training until validation scores don't improve for 50 rounds
Early stopping, best iteration is:
[4]	valid_0's binary_logloss: 0.6092
Training until validation scores don't improve for 50 rounds
Early stopping, best iteration is:
[4]	valid_0's binary_logloss: 0.576583
Training until validation scores don't improve for 50 rounds
Did not meet early stopping. Best iteration is:
[51]	valid_0's binary_logloss: 0.687351
Training until validation scores don't improve for 50 rounds
Early stopping, best iteration is:
[29]	valid_0's binary_logloss: 0.687351
Training until validation scores don't improve for 50 rounds
Early stopping, best iteration is:
[2]	valid_0's binary_logloss: 0.687351
Training until validation scores don't improve for 50 rounds
Early stopping, best iteration is:
[45]	valid_0's binary_logloss: 0.454499
Training until validation scores don't improve for 50 rounds
Early stopping, best iteration is:
[1]	valid_0's binary_logloss: 0.687351
Training until validation scores don't improve for 50 rounds
Early stopping, best iteration is:
[33]	valid_0's binary_logloss: 0.687351
Training until validation scores don't improve for 50 rounds
Early stopping, best iteration is:
[19]	valid_0's binary_logloss: 0.671636
Training until validation scores don't improve for 50 rounds
Early stopping, best iteration is:
[15]	valid_0's binary_logloss: 0.687351
Training until validation scores don't improve for 50 rounds
Did not meet early stopping. Best iteration is:
[66]	valid_0's binary_logloss: 0.596496
Training until validation scores don't improve for 50 rounds
Did not meet early stopping. Best iteration is:
[61]	valid_0's binary_logloss: 0.533542
Training until validation scores don't improve for 50 rounds
Early stopping, best iteration is:
[17]	valid_0's binary_logloss: 0.438333
Training until validation scores don't improve for 50 rounds
Early stopping, best iteration is:
[5]	valid_0's binary_logloss: 0.530638
Training until validation scores don't improve for 50 rounds
Early stopping, best iteration is:
[12]	valid_0's binary_logloss: 0.573044
Training until validation scores don't improve for 50 rounds
Early stopping, best iteration is:
[7]	valid_0's binary_logloss: 0.59109
Training until validation scores don't improve for 50 rounds
Early stopping, best iteration is:
[4]	valid_0's binary_logloss: 0.519531
Training until validation scores don't improve for 50 rounds
Early stopping, best iteration is:
[20]	valid_0's binary_logloss: 0.538004
Training until validation scores don't improve for 50 rounds
Early stopping, best iteration is:
[26]	valid_0's binary_logloss: 0.585655
Training until validation scores don't improve for 50 rounds
Early stopping, best iteration is:
[25]	valid_0's binary_logloss: 0.527459
Training until validation scores don't improve for 50 rounds
Early stopping, best iteration is:
[21]	valid_0's binary_logloss: 0.574022
Training until validation scores don't improve for 50 rounds
Early stopping, best iteration is:
[13]	valid_0's binary_logloss: 0.484389
Training until validation scores don't improve for 50 rounds
Early stopping, best iteration is:
[26]	valid_0's binary_logloss: 0.538575
Training until validation scores don't improve for 50 rounds
Early stopping, best iteration is:
[8]	valid_0's binary_logloss: 0.47947
Training until validation scores don't improve for 50 rounds
Early stopping, best iteration is:
[7]	valid_0's binary_logloss: 0.528197
Training until validation scores don't improve for 50 rounds
Early stopping, best iteration is:
[28]	valid_0's binary_logloss: 0.495861
Training until validation scores don't improve for 50 rounds
Early stopping, best iteration is:
[48]	valid_0's binary_logloss: 0.557305
Training until validation scores don't improve for 50 rounds
Early stopping, best iteration is:
[8]	valid_0's binary_logloss: 0.573101
Training until validation scores don't improve for 50 rounds
Early stopping, best iteration is:
[4]	valid_0's binary_logloss: 0.598132
Training until validation scores don't improve for 50 rounds
Early stopping, best iteration is:
[22]	valid_0's binary_logloss: 0.571998
Training until validation scores don't improve for 50 rounds
Early stopping, best iteration is:
[41]	valid_0's binary_logloss: 0.578357
Training until validation scores don't improve for 50 rounds
Early stopping, best iteration is:
[1]	valid_0's binary_logloss: 0.687351
Training until validation scores don't improve for 50 rounds
Early stopping, best iteration is:
[2]	valid_0's binary_logloss: 0.687351
Training until validation scores don't improve for 50 rounds
Early stopping, best iteration is:
[15]	valid_0's binary_logloss: 0.459624
Training until validation scores don't improve for 50 rounds
Early stopping, best iteration is:
[9]	valid_0's binary_logloss: 0.487798
Training until validation scores don't improve for 50 rounds
Early stopping, best iteration is:
[34]	valid_0's binary_logloss: 0.54567
Training until validation scores don't improve for 50 rounds
Early stopping, best iteration is:
[7]	valid_0's binary_logloss: 0.501761
Training until validation scores don't improve for 50 rounds
Early stopping, best iteration is:
[2]	valid_0's binary_logloss: 0.687351
Training until validation scores don't improve for 50 rounds
Early stopping, best iteration is:
[11]	valid_0's binary_logloss: 0.687351
Training until validation scores don't improve for 50 rounds
Early stopping, best iteration is:
[30]	valid_0's binary_logloss: 0.504806
Training until validation scores don't improve for 50 rounds
Early stopping, best iteration is:
[9]	valid_0's binary_logloss: 0.458024
Training until validation scores don't improve for 50 rounds
Did not meet early stopping. Best iteration is:
[95]	valid_0's binary_logloss: 0.499571
Training until validation scores don't improve for 50 rounds
Early stopping, best iteration is:
[19]	valid_0's binary_logloss: 0.47278
Training until validation scores don't improve for 50 rounds
Early stopping, best iteration is:
[18]	valid_0's binary_logloss: 0.490226
Training until validation scores don't improve for 50 rounds
Early stopping, best iteration is:
[30]	valid_0's binary_logloss: 0.483184
Training until validation scores don't improve for 50 rounds
Early stopping, best iteration is:
[13]	valid_0's binary_logloss: 0.526318
Training until validation scores don't improve for 50 rounds
Early stopping, best iteration is:
[50]	valid_0's binary_logloss: 0.485124
Training until validation scores don't improve for 50 rounds
Early stopping, best iteration is:
[23]	valid_0's binary_logloss: 0.487352
Training until validation scores don't improve for 50 rounds
Early stopping, best iteration is:
[32]	valid_0's binary_logloss: 0.539196
Training until validation scores don't improve for 50 rounds
Early stopping, best iteration is:
[18]	valid_0's binary_logloss: 0.597508
Training until validation scores don't improve for 50 rounds
Early stopping, best iteration is:
[28]	valid_0's binary_logloss: 0.603597
Training until validation scores don't improve for 50 rounds
Early stopping, best iteration is:
[16]	valid_0's binary_logloss: 0.528367
Training until validation scores don't improve for 50 rounds
Early stopping, best iteration is:
[19]	valid_0's binary_logloss: 0.585789
Training until validation scores don't improve for 50 rounds
Early stopping, best iteration is:
[11]	valid_0's binary_logloss: 0.623779
Training until validation scores don't improve for 50 rounds
Early stopping, best iteration is:
[3]	valid_0's binary_logloss: 0.60843
Training until validation scores don't improve for 50 rounds
Early stopping, best iteration is:
[2]	valid_0's binary_logloss: 0.687351
Training until validation scores don't improve for 50 rounds
Early stopping, best iteration is:
[1]	valid_0's binary_logloss: 0.687351
Training until validation scores don't improve for 50 rounds
[I 2025-09-17 13:17:02,645] Trial 5 finished with value: 0.5 and parameters: {'num_leaves': 148, 'learning_rate': 0.20031113111874504, 'feature_fraction': 0.6530280876319478, 'bagging_fraction': 0.8201180899552971, 'bagging_freq': 1, 'min_child_samples': 94}. Best is trial 2 with value: 0.740625.
[I 2025-09-17 13:17:02,653] Trial 6 finished with value: 0.5 and parameters: {'num_leaves': 187, 'learning_rate': 0.19155572176932634, 'feature_fraction': 0.5523647500716811, 'bagging_fraction': 0.6479799082280272, 'bagging_freq': 7, 'min_child_samples': 97}. Best is trial 2 with value: 0.740625.
[I 2025-09-17 13:17:02,686] Trial 7 finished with value: 0.7109375 and parameters: {'num_leaves': 11, 'learning_rate': 0.05051893587229632, 'feature_fraction': 0.6769267848761916, 'bagging_fraction': 0.6802181931366029, 'bagging_freq': 1, 'min_child_samples': 20}. Best is trial 2 with value: 0.740625.
[I 2025-09-17 13:17:02,697] Trial 8 finished with value: 0.5 and parameters: {'num_leaves': 202, 'learning_rate': 0.26005414558228546, 'feature_fraction': 0.4576980033841064, 'bagging_fraction': 0.5088173271360011, 'bagging_freq': 2, 'min_child_samples': 87}. Best is trial 2 with value: 0.740625.
[I 2025-09-17 13:17:02,715] Trial 9 finished with value: 0.7359375 and parameters: {'num_leaves': 205, 'learning_rate': 0.05050618985882998, 'feature_fraction': 0.8644858770127934, 'bagging_fraction': 0.6331262822669874, 'bagging_freq': 3, 'min_child_samples': 40}. Best is trial 2 with value: 0.740625.
[I 2025-09-17 13:17:02,777] Trial 10 finished with value: 0.690625 and parameters: {'num_leaves': 298, 'learning_rate': 0.2991415690910847, 'feature_fraction': 0.8910892530351335, 'bagging_fraction': 0.43794617010596876, 'bagging_freq': 5, 'min_child_samples': 5}. Best is trial 2 with value: 0.740625.
[I 2025-09-17 13:17:02,791] Trial 11 finished with value: 0.45000000000000007 and parameters: {'num_leaves': 141, 'learning_rate': 0.04089498388706937, 'feature_fraction': 0.9525829816354815, 'bagging_fraction': 0.5572266169019858, 'bagging_freq': 4, 'min_child_samples': 46}. Best is trial 2 with value: 0.740625.
[I 2025-09-17 13:17:02,815] Trial 12 finished with value: 0.696875 and parameters: {'num_leaves': 223, 'learning_rate': 0.10709809488722784, 'feature_fraction': 0.8337405420688645, 'bagging_fraction': 0.585975909550242, 'bagging_freq': 4, 'min_child_samples': 30}. Best is trial 2 with value: 0.740625.
[I 2025-09-17 13:17:02,833] Trial 13 finished with value: 0.48437500000000006 and parameters: {'num_leaves': 105, 'learning_rate': 0.0825238511110653, 'feature_fraction': 0.7827638413853399, 'bagging_fraction': 0.40060198743374525, 'bagging_freq': 5, 'min_child_samples': 33}. Best is trial 2 with value: 0.740625.
[I 2025-09-17 13:17:02,850] Trial 14 finished with value: 0.475 and parameters: {'num_leaves': 263, 'learning_rate': 0.15980680237820546, 'feature_fraction': 0.9607400931187113, 'bagging_fraction': 0.7765007494739069, 'bagging_freq': 3, 'min_child_samples': 62}. Best is trial 2 with value: 0.740625.
[I 2025-09-17 13:17:02,962] Trial 15 finished with value: 0.7375 and parameters: {'num_leaves': 177, 'learning_rate': 0.017964452450717212, 'feature_fraction': 0.5834070851689811, 'bagging_fraction': 0.5960216583760747, 'bagging_freq': 5, 'min_child_samples': 7}. Best is trial 2 with value: 0.740625.
[I 2025-09-17 13:17:02,998] Trial 16 finished with value: 0.7296874999999999 and parameters: {'num_leaves': 64, 'learning_rate': 0.2281667469449822, 'feature_fraction': 0.5728331875832089, 'bagging_fraction': 0.46574942034402284, 'bagging_freq': 5, 'min_child_samples': 11}. Best is trial 2 with value: 0.740625.
[I 2025-09-17 13:17:03,026] Trial 17 finished with value: 0.6859375 and parameters: {'num_leaves': 170, 'learning_rate': 0.15581914719181178, 'feature_fraction': 0.4751592630184856, 'bagging_fraction': 0.5824902657711227, 'bagging_freq': 7, 'min_child_samples': 18}. Best is trial 2 with value: 0.740625.
[I 2025-09-17 13:17:03,176] Trial 18 finished with value: 0.709375 and parameters: {'num_leaves': 128, 'learning_rate': 0.01694399374808141, 'feature_fraction': 0.6190284507722851, 'bagging_fraction': 0.8801221473125462, 'bagging_freq': 6, 'min_child_samples': 5}. Best is trial 2 with value: 0.740625.
[I 2025-09-17 13:17:03,193] Trial 19 finished with value: 0.5 and parameters: {'num_leaves': 45, 'learning_rate': 0.09039695415631238, 'feature_fraction': 0.5149665938486966, 'bagging_fraction': 0.5018134259914896, 'bagging_freq': 5, 'min_child_samples': 56}. Best is trial 2 with value: 0.740625.
[I 2025-09-17 13:17:03,221] Trial 20 finished with value: 0.7562500000000001 and parameters: {'num_leaves': 165, 'learning_rate': 0.24960364245378575, 'feature_fraction': 0.40004879169002117, 'bagging_fraction': 0.7283363302528743, 'bagging_freq': 4, 'min_child_samples': 29}. Best is trial 20 with value: 0.7562500000000001.
[I 2025-09-17 13:17:03,259] Trial 21 finished with value: 0.7000000000000001 and parameters: {'num_leaves': 175, 'learning_rate': 0.24667515977387905, 'feature_fraction': 0.41235279587826956, 'bagging_fraction': 0.9919890651998948, 'bagging_freq': 4, 'min_child_samples': 28}. Best is trial 20 with value: 0.7562500000000001.
[I 2025-09-17 13:17:03,303] Trial 22 finished with value: 0.7171875 and parameters: {'num_leaves': 113, 'learning_rate': 0.27304347410871727, 'feature_fraction': 0.4763139143355356, 'bagging_fraction': 0.7249318627323678, 'bagging_freq': 4, 'min_child_samples': 13}. Best is trial 20 with value: 0.7562500000000001.
[I 2025-09-17 13:17:03,327] Trial 23 finished with value: 0.7046875 and parameters: {'num_leaves': 156, 'learning_rate': 0.29698926054019414, 'feature_fraction': 0.6070361383491563, 'bagging_fraction': 0.610570878154478, 'bagging_freq': 5, 'min_child_samples': 27}. Best is trial 20 with value: 0.7562500000000001.
[I 2025-09-17 13:17:03,371] Trial 24 finished with value: 0.709375 and parameters: {'num_leaves': 225, 'learning_rate': 0.24410737371996555, 'feature_fraction': 0.5028209212662862, 'bagging_fraction': 0.7831591991831287, 'bagging_freq': 6, 'min_child_samples': 13}. Best is trial 20 with value: 0.7562500000000001.
[I 2025-09-17 13:17:03,389] Trial 25 finished with value: 0.6265625 and parameters: {'num_leaves': 129, 'learning_rate': 0.17326250976394597, 'feature_fraction': 0.4107821826056741, 'bagging_fraction': 0.5392536248861629, 'bagging_freq': 3, 'min_child_samples': 39}. Best is trial 20 with value: 0.7562500000000001.
[I 2025-09-17 13:17:03,437] Trial 26 finished with value: 0.759375 and parameters: {'num_leaves': 163, 'learning_rate': 0.13451062872030028, 'feature_fraction': 0.5905015660892101, 'bagging_fraction': 0.7056909757860936, 'bagging_freq': 5, 'min_child_samples': 22}. Best is trial 26 with value: 0.759375.
[I 2025-09-17 13:17:03,479] Trial 27 finished with value: 0.6875 and parameters: {'num_leaves': 87, 'learning_rate': 0.12876133363176, 'feature_fraction': 0.45438336085907, 'bagging_fraction': 0.7056039472549004, 'bagging_freq': 4, 'min_child_samples': 22}. Best is trial 26 with value: 0.759375.
[I 2025-09-17 13:17:03,498] Trial 28 finished with value: 0.709375 and parameters: {'num_leaves': 158, 'learning_rate': 0.13333643741527218, 'feature_fraction': 0.5197573981394588, 'bagging_fraction': 0.8251284698966572, 'bagging_freq': 6, 'min_child_samples': 36}. Best is trial 26 with value: 0.759375.
[I 2025-09-17 13:17:03,528] Trial 29 finished with value: 0.6734375 and parameters: {'num_leaves': 126, 'learning_rate': 0.2167427197311745, 'feature_fraction': 0.5423010896249288, 'bagging_fraction': 0.7634780926199067, 'bagging_freq': 2, 'min_child_samples': 23}. Best is trial 26 with value: 0.759375.
[I 2025-09-17 13:17:03,552] Trial 30 finished with value: 0.725 and parameters: {'num_leaves': 196, 'learning_rate': 0.17397127695076506, 'feature_fraction': 0.6412197862872118, 'bagging_fraction': 0.8491592462343862, 'bagging_freq': 3, 'min_child_samples': 49}. Best is trial 26 with value: 0.759375.
[I 2025-09-17 13:17:03,614] Trial 31 finished with value: 0.7281249999999999 and parameters: {'num_leaves': 174, 'learning_rate': 0.01292320542589229, 'feature_fraction': 0.604745369530643, 'bagging_fraction': 0.6868123015768886, 'bagging_freq': 5, 'min_child_samples': 14}. Best is trial 26 with value: 0.759375.
[I 2025-09-17 13:17:03,686] Trial 32 finished with value: 0.734375 and parameters: {'num_leaves': 214, 'learning_rate': 0.2341092031243161, 'feature_fraction': 0.595815341632486, 'bagging_fraction': 0.610604954969872, 'bagging_freq': 4, 'min_child_samples': 8}. Best is trial 26 with value: 0.759375.
