[I 2025-09-17 13:16:29,208] Trial 20 finished with value: 0.9074074074074074 and parameters: {'num_leaves': 255, 'learning_rate': 0.25139145943097196, 'feature_fraction': 0.44771584893084443, 'bagging_fraction': 0.8312864653775174, 'bagging_freq': 5, 'min_child_samples': 14}. Best is trial 5 with value: 0.9074074074074074.
[I 2025-09-17 13:16:29,265] Trial 21 finished with value: 0.8703703703703703 and parameters: {'num_leaves': 251, 'learning_rate': 0.2505561811041215, 'feature_fraction': 0.4542276678073659, 'bagging_fraction': 0.8486588619850733, 'bagging_freq': 5, 'min_child_samples': 17}. Best is trial 5 with value: 0.9074074074074074.
[I 2025-09-17 13:16:29,374] Trial 22 finished with value: 0.9120370370370371 and parameters: {'num_leaves': 223, 'learning_rate': 0.2449233004145084, 'feature_fraction': 0.5481383463935142, 'bagging_fraction': 0.9161858385561785, 'bagging_freq': 6, 'min_child_samples': 13}. Best is trial 22 with value: 0.9120370370370371.
[I 2025-09-17 13:16:29,415] Trial 23 finished with value: 0.9027777777777778 and parameters: {'num_leaves': 229, 'learning_rate': 0.25729175236476737, 'feature_fraction': 0.5654430080788482, 'bagging_fraction': 0.9457913686495407, 'bagging_freq': 5, 'min_child_samples': 27}. Best is trial 22 with value: 0.9120370370370371.
[I 2025-09-17 13:16:29,490] Trial 24 finished with value: 0.9074074074074074 and parameters: {'num_leaves': 262, 'learning_rate': 0.28234265714444784, 'feature_fraction': 0.5338496615719521, 'bagging_fraction': 0.9210785180872645, 'bagging_freq': 7, 'min_child_samples': 14}. Best is trial 22 with value: 0.9120370370370371.
[I 2025-09-17 13:16:29,525] Trial 25 finished with value: 0.8703703703703703 and parameters: {'num_leaves': 219, 'learning_rate': 0.23767323398148163, 'feature_fraction': 0.4052520063772034, 'bagging_fraction': 0.8266518396019984, 'bagging_freq': 4, 'min_child_samples': 33}. Best is trial 22 with value: 0.9120370370370371.
[I 2025-09-17 13:16:29,547] Trial 26 finished with value: 0.7685185185185185 and parameters: {'num_leaves': 263, 'learning_rate': 0.18938507006471259, 'feature_fraction': 0.6433048638387739, 'bagging_fraction': 0.9470607258151497, 'bagging_freq': 6, 'min_child_samples': 41}. Best is trial 22 with value: 0.9120370370370371.
[I 2025-09-17 13:16:29,605] Trial 27 finished with value: 0.861111111111111 and parameters: {'num_leaves': 14, 'learning_rate': 0.22571997971939425, 'feature_fraction': 0.5454055189318607, 'bagging_fraction': 0.8181537400409534, 'bagging_freq': 5, 'min_child_samples': 13}. Best is trial 22 with value: 0.9120370370370371.
[I 2025-09-17 13:16:29,652] Trial 28 finished with value: 0.8981481481481481 and parameters: {'num_leaves': 150, 'learning_rate': 0.20222380920068952, 'feature_fraction': 0.4813480448507593, 'bagging_fraction': 0.7264108796134615, 'bagging_freq': 2, 'min_child_samples': 22}. Best is trial 22 with value: 0.9120370370370371.
[I 2025-09-17 13:16:29,716] Trial 29 finished with value: 0.888888888888889 and parameters: {'num_leaves': 238, 'learning_rate': 0.2779482458591528, 'feature_fraction': 0.6155747649606971, 'bagging_fraction': 0.8721798181092633, 'bagging_freq': 6, 'min_child_samples': 14}. Best is trial 22 with value: 0.9120370370370371.
[I 2025-09-17 13:16:29,805] Trial 30 finished with value: 0.9537037037037037 and parameters: {'num_leaves': 261, 'learning_rate': 0.24373373198324622, 'feature_fraction': 0.4625687387882936, 'bagging_fraction': 0.9365257605789271, 'bagging_freq': 4, 'min_child_samples': 11}. Best is trial 30 with value: 0.9537037037037037.
[I 2025-09-17 13:16:29,897] Trial 31 finished with value: 0.9027777777777777 and parameters: {'num_leaves': 261, 'learning_rate': 0.24462696133703687, 'feature_fraction': 0.4461694627208752, 'bagging_fraction': 0.9475239619067173, 'bagging_freq': 4, 'min_child_samples': 12}. Best is trial 30 with value: 0.9537037037037037.
[I 2025-09-17 13:16:29,937] Trial 32 finished with value: 0.8981481481481481 and parameters: {'num_leaves': 237, 'learning_rate': 0.2985390716107838, 'feature_fraction': 0.47354492617555366, 'bagging_fraction': 0.9941426393946003, 'bagging_freq': 4, 'min_child_samples': 22}. Best is trial 30 with value: 0.9537037037037037.
[I 2025-09-17 13:16:30,024] Trial 33 finished with value: 0.875 and parameters: {'num_leaves': 221, 'learning_rate': 0.18084494398452322, 'feature_fraction': 0.54447741915846, 'bagging_fraction': 0.92253564141218, 'bagging_freq': 5, 'min_child_samples': 12}. Best is trial 30 with value: 0.9537037037037037.
[I 2025-09-17 13:16:30,036] Trial 34 finished with value: 0.5 and parameters: {'num_leaves': 269, 'learning_rate': 0.2672176066318095, 'feature_fraction': 0.5880153034488964, 'bagging_fraction': 0.8519033540463248, 'bagging_freq': 3, 'min_child_samples': 91}. Best is trial 30 with value: 0.9537037037037037.
[I 2025-09-17 13:16:30,060] Trial 35 finished with value: 0.6805555555555556 and parameters: {'num_leaves': 245, 'learning_rate': 0.2107287707332245, 'feature_fraction': 0.43249704020376006, 'bagging_fraction': 0.968185434486558, 'bagging_freq': 7, 'min_child_samples': 59}. Best is trial 30 with value: 0.9537037037037037.
[I 2025-09-17 13:16:30,121] Trial 36 finished with value: 0.8842592592592593 and parameters: {'num_leaves': 192, 'learning_rate': 0.23648015429807154, 'feature_fraction': 0.4005996853363556, 'bagging_fraction': 0.890740911403057, 'bagging_freq': 4, 'min_child_samples': 18}. Best is trial 30 with value: 0.9537037037037037.
[I 2025-09-17 13:16:30,173] Trial 37 finished with value: 0.8425925925925926 and parameters: {'num_leaves': 289, 'learning_rate': 0.06703963299362756, 'feature_fraction': 0.49632247821120995, 'bagging_fraction': 0.9985025430638861, 'bagging_freq': 3, 'min_child_samples': 25}. Best is trial 30 with value: 0.9537037037037037.
[I 2025-09-17 13:16:30,280] Trial 38 finished with value: 0.8981481481481483 and parameters: {'num_leaves': 210, 'learning_rate': 0.11143941791334742, 'feature_fraction': 0.9850627963999634, 'bagging_fraction': 0.9204149005949986, 'bagging_freq': 2, 'min_child_samples': 9}. Best is trial 30 with value: 0.9537037037037037.
[I 2025-09-17 13:16:30,315] Trial 39 finished with value: 0.8703703703703703 and parameters: {'num_leaves': 107, 'learning_rate': 0.26158791950915283, 'feature_fraction': 0.6191707218084957, 'bagging_fraction': 0.7924932819376506, 'bagging_freq': 5, 'min_child_samples': 30}. Best is trial 30 with value: 0.9537037037037037.
[I 2025-09-17 13:16:30,343] Trial 40 finished with value: 0.8240740740740741 and parameters: {'num_leaves': 229, 'learning_rate': 0.04780921378677039, 'feature_fraction': 0.6857691863898225, 'bagging_fraction': 0.9554860490241153, 'bagging_freq': 4, 'min_child_samples': 36}. Best is trial 30 with value: 0.9537037037037037.
[I 2025-09-17 13:16:30,409] Trial 41 finished with value: 0.9027777777777779 and parameters: {'num_leaves': 269, 'learning_rate': 0.2829578741150324, 'feature_fraction': 0.5308589216830815, 'bagging_fraction': 0.9296714392571056, 'bagging_freq': 7, 'min_child_samples': 15}. Best is trial 30 with value: 0.9537037037037037.
[I 2025-09-17 13:16:30,484] Trial 42 finished with value: 0.8472222222222221 and parameters: {'num_leaves': 255, 'learning_rate': 0.28123652203339256, 'feature_fraction': 0.5645137863378555, 'bagging_fraction': 0.858442580692047, 'bagging_freq': 7, 'min_child_samples': 9}. Best is trial 30 with value: 0.9537037037037037.
[I 2025-09-17 13:16:30,540] Trial 43 finished with value: 0.8796296296296297 and parameters: {'num_leaves': 276, 'learning_rate': 0.23498427146754897, 'feature_fraction': 0.5361105184671081, 'bagging_fraction': 0.9008581642909953, 'bagging_freq': 7, 'min_child_samples': 17}. Best is trial 30 with value: 0.9537037037037037.
[I 2025-09-17 13:16:30,589] Trial 44 finished with value: 0.8888888888888888 and parameters: {'num_leaves': 74, 'learning_rate': 0.29047462123769574, 'feature_fraction': 0.509929872244388, 'bagging_fraction': 0.9213194105858062, 'bagging_freq': 6, 'min_child_samples': 22}. Best is trial 30 with value: 0.9537037037037037.
[I 2025-09-17 13:16:30,675] Trial 45 finished with value: 0.9305555555555555 and parameters: {'num_leaves': 288, 'learning_rate': 0.27163401850292207, 'feature_fraction': 0.43006097858467496, 'bagging_fraction': 0.8171674493627608, 'bagging_freq': 5, 'min_child_samples': 10}. Best is trial 30 with value: 0.9537037037037037.
[I 2025-09-17 13:16:30,757] Trial 46 finished with value: 0.9398148148148149 and parameters: {'num_leaves': 285, 'learning_rate': 0.20541123729423807, 'feature_fraction': 0.43867827489259287, 'bagging_fraction': 0.7663690035161439, 'bagging_freq': 5, 'min_child_samples': 8}. Best is trial 30 with value: 0.9537037037037037.
[I 2025-09-17 13:16:30,918] Trial 47 finished with value: 0.962962962962963 and parameters: {'num_leaves': 288, 'learning_rate': 0.20516049654401616, 'feature_fraction': 0.42284901069002295, 'bagging_fraction': 0.7606355978353587, 'bagging_freq': 5, 'min_child_samples': 5}. Best is trial 47 with value: 0.962962962962963.
[I 2025-09-17 13:16:31,058] Trial 48 finished with value: 0.861111111111111 and parameters: {'num_leaves': 288, 'learning_rate': 0.204541370956713, 'feature_fraction': 0.42749784095220705, 'bagging_fraction': 0.750799993375845, 'bagging_freq': 5, 'min_child_samples': 5}. Best is trial 47 with value: 0.962962962962963.
[I 2025-09-17 13:16:31,155] Trial 49 finished with value: 0.8981481481481481 and parameters: {'num_leaves': 298, 'learning_rate': 0.15405213492898934, 'feature_fraction': 0.47302385421368964, 'bagging_fraction': 0.6573441284940099, 'bagging_freq': 5, 'min_child_samples': 8}. Best is trial 47 with value: 0.962962962962963.
[I 2025-09-17 13:16:31,530] A new study created in memory with name: no-name-064966e1-bfd5-4d09-8165-fe7fcbd01a44
[I 2025-09-17 13:16:31,542] Trial 0 finished with value: 0.5714285714285714 and parameters: {'num_leaves': 274, 'learning_rate': 0.2831650698096345, 'feature_fraction': 0.839207812576113, 'bagging_fraction': 0.6257114177600094, 'bagging_freq': 2, 'min_child_samples': 39}. Best is trial 0 with value: 0.5714285714285714.
[I 2025-09-17 13:16:31,580] Trial 1 finished with value: 0.9821428571428571 and parameters: {'num_leaves': 234, 'learning_rate': 0.2554983212072911, 'feature_fraction': 0.9457838998129613, 'bagging_fraction': 0.45251303561917794, 'bagging_freq': 4, 'min_child_samples': 10}. Best is trial 1 with value: 0.9821428571428571.
[I 2025-09-17 13:16:31,602] Trial 2 finished with value: 0.7857142857142857 and parameters: {'num_leaves': 84, 'learning_rate': 0.14437865021396318, 'feature_fraction': 0.4818202687343611, 'bagging_fraction': 0.7046262811920732, 'bagging_freq': 3, 'min_child_samples': 39}. Best is trial 1 with value: 0.9821428571428571.
Training until validation scores don't improve for 50 rounds
Early stopping, best iteration is:
[22]	valid_0's binary_logloss: 0.568424
Training until validation scores don't improve for 50 rounds
Early stopping, best iteration is:
[11]	valid_0's binary_logloss: 0.654936
Training until validation scores don't improve for 50 rounds
Early stopping, best iteration is:
[43]	valid_0's binary_logloss: 0.484833
Training until validation scores don't improve for 50 rounds
Early stopping, best iteration is:
[14]	valid_0's binary_logloss: 0.513128
Training until validation scores don't improve for 50 rounds
Did not meet early stopping. Best iteration is:
[100]	valid_0's binary_logloss: 0.493823
Training until validation scores don't improve for 50 rounds
Early stopping, best iteration is:
[1]	valid_0's binary_logloss: 0.673596
Training until validation scores don't improve for 50 rounds
Early stopping, best iteration is:
[41]	valid_0's binary_logloss: 0.673596
Training until validation scores don't improve for 50 rounds
Did not meet early stopping. Best iteration is:
[100]	valid_0's binary_logloss: 0.636077
Training until validation scores don't improve for 50 rounds
Did not meet early stopping. Best iteration is:
[99]	valid_0's binary_logloss: 0.656899
Training until validation scores don't improve for 50 rounds
Did not meet early stopping. Best iteration is:
[89]	valid_0's binary_logloss: 0.416337
Training until validation scores don't improve for 50 rounds
Did not meet early stopping. Best iteration is:
[100]	valid_0's binary_logloss: 0.468656
Training until validation scores don't improve for 50 rounds
Early stopping, best iteration is:
[40]	valid_0's binary_logloss: 0.673596
Training until validation scores don't improve for 50 rounds
Did not meet early stopping. Best iteration is:
[72]	valid_0's binary_logloss: 0.452196
Training until validation scores don't improve for 50 rounds
Did not meet early stopping. Best iteration is:
[73]	valid_0's binary_logloss: 0.542301
Training until validation scores don't improve for 50 rounds
Early stopping, best iteration is:
[7]	valid_0's binary_logloss: 0.673596
Training until validation scores don't improve for 50 rounds
Did not meet early stopping. Best iteration is:
[78]	valid_0's binary_logloss: 0.621683
Training until validation scores don't improve for 50 rounds
Did not meet early stopping. Best iteration is:
[99]	valid_0's binary_logloss: 0.400436
Training until validation scores don't improve for 50 rounds
Early stopping, best iteration is:
[50]	valid_0's binary_logloss: 0.515093
Training until validation scores don't improve for 50 rounds
Did not meet early stopping. Best iteration is:
[100]	valid_0's binary_logloss: 0.504513
Training until validation scores don't improve for 50 rounds
Early stopping, best iteration is:
[7]	valid_0's binary_logloss: 0.673596
Training until validation scores don't improve for 50 rounds
Did not meet early stopping. Best iteration is:
[53]	valid_0's binary_logloss: 0.606311
Training until validation scores don't improve for 50 rounds
Did not meet early stopping. Best iteration is:
[91]	valid_0's binary_logloss: 0.381345
Training until validation scores don't improve for 50 rounds
Did not meet early stopping. Best iteration is:
[100]	valid_0's binary_logloss: 0.584493
Training until validation scores don't improve for 50 rounds
Early stopping, best iteration is:
[23]	valid_0's binary_logloss: 0.673596
Training until validation scores don't improve for 50 rounds
Early stopping, best iteration is:
[33]	valid_0's binary_logloss: 0.362026
Training until validation scores don't improve for 50 rounds
Did not meet early stopping. Best iteration is:
[52]	valid_0's binary_logloss: 0.470896
Training until validation scores don't improve for 50 rounds
Did not meet early stopping. Best iteration is:
[76]	valid_0's binary_logloss: 0.378546
Training until validation scores don't improve for 50 rounds
Did not meet early stopping. Best iteration is:
[59]	valid_0's binary_logloss: 0.435079
Training until validation scores don't improve for 50 rounds
Did not meet early stopping. Best iteration is:
[63]	valid_0's binary_logloss: 0.455047
Training until validation scores don't improve for 50 rounds
Did not meet early stopping. Best iteration is:
[99]	valid_0's binary_logloss: 0.453551
Training until validation scores don't improve for 50 rounds
Did not meet early stopping. Best iteration is:
[100]	valid_0's binary_logloss: 0.55196
Training until validation scores don't improve for 50 rounds
Early stopping, best iteration is:
[22]	valid_0's binary_logloss: 0.465085
Training until validation scores don't improve for 50 rounds
Did not meet early stopping. Best iteration is:
[100]	valid_0's binary_logloss: 0.38952
Training until validation scores don't improve for 50 rounds
Early stopping, best iteration is:
[42]	valid_0's binary_logloss: 0.439671
Training until validation scores don't improve for 50 rounds
Did not meet early stopping. Best iteration is:
[67]	valid_0's binary_logloss: 0.267971
Training until validation scores don't improve for 50 rounds
Early stopping, best iteration is:
[50]	valid_0's binary_logloss: 0.389171
Training until validation scores don't improve for 50 rounds
Early stopping, best iteration is:
[20]	valid_0's binary_logloss: 0.42778
Training until validation scores don't improve for 50 rounds
Did not meet early stopping. Best iteration is:
[51]	valid_0's binary_logloss: 0.466437
Training until validation scores don't improve for 50 rounds
Early stopping, best iteration is:
[4]	valid_0's binary_logloss: 0.673596
Training until validation scores don't improve for 50 rounds
Early stopping, best iteration is:
[47]	valid_0's binary_logloss: 0.624878
Training until validation scores don't improve for 50 rounds
Early stopping, best iteration is:
[46]	valid_0's binary_logloss: 0.409237
Training until validation scores don't improve for 50 rounds
Did not meet early stopping. Best iteration is:
[100]	valid_0's binary_logloss: 0.493631
Training until validation scores don't improve for 50 rounds
Did not meet early stopping. Best iteration is:
[97]	valid_0's binary_logloss: 0.404969
Training until validation scores don't improve for 50 rounds
Did not meet early stopping. Best iteration is:
[96]	valid_0's binary_logloss: 0.448017
Training until validation scores don't improve for 50 rounds
Did not meet early stopping. Best iteration is:
[99]	valid_0's binary_logloss: 0.541647
Training until validation scores don't improve for 50 rounds
Early stopping, best iteration is:
[32]	valid_0's binary_logloss: 0.385678
Training until validation scores don't improve for 50 rounds
Early stopping, best iteration is:
[15]	valid_0's binary_logloss: 0.469701
Training until validation scores don't improve for 50 rounds
Early stopping, best iteration is:
[38]	valid_0's binary_logloss: 0.478186
Training until validation scores don't improve for 50 rounds
Early stopping, best iteration is:
[31]	valid_0's binary_logloss: 0.414204
Training until validation scores don't improve for 50 rounds
Early stopping, best iteration is:
[44]	valid_0's binary_logloss: 0.37449
Training until validation scores don't improve for 50 rounds
Early stopping, best iteration is:
[20]	valid_0's binary_logloss: 0.349319
Training until validation scores don't improve for 50 rounds
Did not meet early stopping. Best iteration is:
[58]	valid_0's binary_logloss: 0.252751
Training until validation scores don't improve for 50 rounds
Early stopping, best iteration is:
[34]	valid_0's binary_logloss: 0.451711
Training until validation scores don't improve for 50 rounds
Did not meet early stopping. Best iteration is:
[89]	valid_0's binary_logloss: 0.462353
Training model for P071... (normalize_per_user=True)
Training until validation scores don't improve for 50 rounds
Early stopping, best iteration is:
[17]	valid_0's binary_logloss: 0.212351
Training until validation scores don't improve for 50 rounds
Early stopping, best iteration is:
[4]	valid_0's binary_logloss: 0.158027
Training until validation scores don't improve for 50 rounds
Did not meet early stopping. Best iteration is:
[99]	valid_0's binary_logloss: 0.195003
[I 2025-09-17 13:16:31,631] Trial 3 finished with value: 0.9285714285714286 and parameters: {'num_leaves': 55, 'learning_rate': 0.21781231691717184, 'feature_fraction': 0.6968120613163005, 'bagging_fraction': 0.9205439062367985, 'bagging_freq': 5, 'min_child_samples': 23}. Best is trial 1 with value: 0.9821428571428571.
[I 2025-09-17 13:16:31,642] Trial 4 finished with value: 0.5 and parameters: {'num_leaves': 43, 'learning_rate': 0.24373363957103883, 'feature_fraction': 0.5769532027008449, 'bagging_fraction': 0.8274193164150575, 'bagging_freq': 1, 'min_child_samples': 67}. Best is trial 1 with value: 0.9821428571428571.
[I 2025-09-17 13:16:31,663] Trial 5 finished with value: 0.7142857142857143 and parameters: {'num_leaves': 251, 'learning_rate': 0.1538788451978128, 'feature_fraction': 0.48009307837781307, 'bagging_fraction': 0.6666969400740879, 'bagging_freq': 3, 'min_child_samples': 38}. Best is trial 1 with value: 0.9821428571428571.
[I 2025-09-17 13:16:31,673] Trial 6 finished with value: 0.5 and parameters: {'num_leaves': 279, 'learning_rate': 0.021159245605976536, 'feature_fraction': 0.6457481910391097, 'bagging_fraction': 0.5964561360573423, 'bagging_freq': 1, 'min_child_samples': 91}. Best is trial 1 with value: 0.9821428571428571.
[I 2025-09-17 13:16:31,681] Trial 7 finished with value: 0.5 and parameters: {'num_leaves': 257, 'learning_rate': 0.22277228542203292, 'feature_fraction': 0.8580265469625714, 'bagging_fraction': 0.8980320555126844, 'bagging_freq': 1, 'min_child_samples': 91}. Best is trial 1 with value: 0.9821428571428571.
[I 2025-09-17 13:16:31,703] Trial 8 finished with value: 0.9821428571428572 and parameters: {'num_leaves': 81, 'learning_rate': 0.2330033469445754, 'feature_fraction': 0.6666421269717557, 'bagging_fraction': 0.8993738923167542, 'bagging_freq': 7, 'min_child_samples': 38}. Best is trial 8 with value: 0.9821428571428572.
[I 2025-09-17 13:16:31,724] Trial 9 finished with value: 0.6428571428571428 and parameters: {'num_leaves': 193, 'learning_rate': 0.064485745841524, 'feature_fraction': 0.8430451930798746, 'bagging_fraction': 0.7406167633816432, 'bagging_freq': 4, 'min_child_samples': 37}. Best is trial 8 with value: 0.9821428571428572.
[I 2025-09-17 13:16:31,734] Trial 10 finished with value: 0.5 and parameters: {'num_leaves': 124, 'learning_rate': 0.09725704876639862, 'feature_fraction': 0.5880907163367837, 'bagging_fraction': 0.982292105494579, 'bagging_freq': 7, 'min_child_samples': 66}. Best is trial 8 with value: 0.9821428571428572.
[I 2025-09-17 13:16:31,790] Trial 11 finished with value: 1.0 and parameters: {'num_leaves': 182, 'learning_rate': 0.2652377575964578, 'feature_fraction': 0.9976691793842817, 'bagging_fraction': 0.46270964707154144, 'bagging_freq': 7, 'min_child_samples': 6}. Best is trial 11 with value: 1.0.
