[I 2025-09-17 13:16:40,783] Trial 40 finished with value: 0.9821428571428572 and parameters: {'num_leaves': 104, 'learning_rate': 0.15808315145008528, 'feature_fraction': 0.6136397161247247, 'bagging_fraction': 0.8540097918108273, 'bagging_freq': 2, 'min_child_samples': 5}. Best is trial 40 with value: 0.9821428571428572.
[I 2025-09-17 13:16:40,893] Trial 41 finished with value: 0.9642857142857143 and parameters: {'num_leaves': 100, 'learning_rate': 0.1561025881002423, 'feature_fraction': 0.6166144923554345, 'bagging_fraction': 0.8506545553538264, 'bagging_freq': 2, 'min_child_samples': 7}. Best is trial 40 with value: 0.9821428571428572.
[I 2025-09-17 13:16:40,999] Trial 42 finished with value: 0.9464285714285715 and parameters: {'num_leaves': 88, 'learning_rate': 0.1604912018777554, 'feature_fraction': 0.6971536965023212, 'bagging_fraction': 0.9106058023960967, 'bagging_freq': 2, 'min_child_samples': 5}. Best is trial 40 with value: 0.9821428571428572.
[I 2025-09-17 13:16:41,080] Trial 43 finished with value: 0.9464285714285715 and parameters: {'num_leaves': 55, 'learning_rate': 0.19389525016867756, 'feature_fraction': 0.6286703066253071, 'bagging_fraction': 0.8325849802769831, 'bagging_freq': 2, 'min_child_samples': 11}. Best is trial 40 with value: 0.9821428571428572.
[I 2025-09-17 13:16:41,131] Trial 44 finished with value: 0.9642857142857143 and parameters: {'num_leaves': 103, 'learning_rate': 0.1779018867862915, 'feature_fraction': 0.6080284461142985, 'bagging_fraction': 0.9450506882118874, 'bagging_freq': 1, 'min_child_samples': 19}. Best is trial 40 with value: 0.9821428571428572.
[I 2025-09-17 13:16:41,181] Trial 45 finished with value: 0.9464285714285714 and parameters: {'num_leaves': 66, 'learning_rate': 0.22113047589032037, 'feature_fraction': 0.7499510024611523, 'bagging_fraction': 0.9417483215554446, 'bagging_freq': 1, 'min_child_samples': 19}. Best is trial 40 with value: 0.9821428571428572.
[I 2025-09-17 13:16:41,267] Trial 46 finished with value: 0.9285714285714286 and parameters: {'num_leaves': 41, 'learning_rate': 0.18113359979900168, 'feature_fraction': 0.6098600157048202, 'bagging_fraction': 0.8657519155991735, 'bagging_freq': 1, 'min_child_samples': 10}. Best is trial 40 with value: 0.9821428571428572.
[I 2025-09-17 13:16:41,392] Trial 47 finished with value: 0.9821428571428572 and parameters: {'num_leaves': 82, 'learning_rate': 0.15125775516686352, 'feature_fraction': 0.6754349704601761, 'bagging_fraction': 0.8184326753669493, 'bagging_freq': 2, 'min_child_samples': 5}. Best is trial 40 with value: 0.9821428571428572.
[I 2025-09-17 13:16:41,511] Trial 48 finished with value: 0.9642857142857143 and parameters: {'num_leaves': 82, 'learning_rate': 0.14697524040348642, 'feature_fraction': 0.7644042838937312, 'bagging_fraction': 0.8000343285461465, 'bagging_freq': 2, 'min_child_samples': 6}. Best is trial 40 with value: 0.9821428571428572.
[I 2025-09-17 13:16:41,546] Trial 49 finished with value: 0.9821428571428572 and parameters: {'num_leaves': 27, 'learning_rate': 0.13314591322424243, 'feature_fraction': 0.6735063641261748, 'bagging_fraction': 0.4700023394751855, 'bagging_freq': 2, 'min_child_samples': 15}. Best is trial 40 with value: 0.9821428571428572.
[I 2025-09-17 13:16:41,807] A new study created in memory with name: no-name-cbbbe295-3522-4c36-b7e0-1d978627c324
[I 2025-09-17 13:16:41,816] Trial 0 finished with value: 0.5 and parameters: {'num_leaves': 152, 'learning_rate': 0.08627105660409767, 'feature_fraction': 0.6890537256086626, 'bagging_fraction': 0.7068118490544435, 'bagging_freq': 4, 'min_child_samples': 82}. Best is trial 0 with value: 0.5.
[I 2025-09-17 13:16:41,825] Trial 1 finished with value: 0.5 and parameters: {'num_leaves': 137, 'learning_rate': 0.19030644448284867, 'feature_fraction': 0.7629152291037506, 'bagging_fraction': 0.6463408795108552, 'bagging_freq': 2, 'min_child_samples': 97}. Best is trial 0 with value: 0.5.
[I 2025-09-17 13:16:41,839] Trial 2 finished with value: 0.5 and parameters: {'num_leaves': 30, 'learning_rate': 0.19429043151643735, 'feature_fraction': 0.6100410779224786, 'bagging_fraction': 0.5104060483449832, 'bagging_freq': 4, 'min_child_samples': 65}. Best is trial 0 with value: 0.5.
[I 2025-09-17 13:16:41,850] Trial 3 finished with value: 0.5 and parameters: {'num_leaves': 164, 'learning_rate': 0.2516468014505207, 'feature_fraction': 0.9712833582516643, 'bagging_fraction': 0.7966826659817761, 'bagging_freq': 1, 'min_child_samples': 54}. Best is trial 0 with value: 0.5.
[I 2025-09-17 13:16:41,860] Trial 4 finished with value: 0.5 and parameters: {'num_leaves': 272, 'learning_rate': 0.20937627200908396, 'feature_fraction': 0.4697297932215522, 'bagging_fraction': 0.5999875289819773, 'bagging_freq': 5, 'min_child_samples': 81}. Best is trial 0 with value: 0.5.
[I 2025-09-17 13:16:41,868] Trial 5 finished with value: 0.5 and parameters: {'num_leaves': 222, 'learning_rate': 0.05598971771909477, 'feature_fraction': 0.6239331655458954, 'bagging_fraction': 0.8801485213389353, 'bagging_freq': 6, 'min_child_samples': 93}. Best is trial 0 with value: 0.5.
[I 2025-09-17 13:16:41,876] Trial 6 finished with value: 0.5 and parameters: {'num_leaves': 62, 'learning_rate': 0.2559643035267078, 'feature_fraction': 0.834313421347436, 'bagging_fraction': 0.41707670572705846, 'bagging_freq': 4, 'min_child_samples': 92}. Best is trial 0 with value: 0.5.
[I 2025-09-17 13:16:41,891] Trial 7 finished with value: 0.5 and parameters: {'num_leaves': 195, 'learning_rate': 0.046448923681121454, 'feature_fraction': 0.4481749847773155, 'bagging_fraction': 0.9573862612503578, 'bagging_freq': 3, 'min_child_samples': 65}. Best is trial 0 with value: 0.5.
[I 2025-09-17 13:16:41,902] Trial 8 finished with value: 0.5 and parameters: {'num_leaves': 172, 'learning_rate': 0.14041545118649526, 'feature_fraction': 0.916171519346759, 'bagging_fraction': 0.6539189057443818, 'bagging_freq': 5, 'min_child_samples': 56}. Best is trial 0 with value: 0.5.
[I 2025-09-17 13:16:41,940] Trial 9 finished with value: 0.9107142857142857 and parameters: {'num_leaves': 19, 'learning_rate': 0.2727492971664424, 'feature_fraction': 0.7891665802669856, 'bagging_fraction': 0.6484977098904199, 'bagging_freq': 2, 'min_child_samples': 20}. Best is trial 9 with value: 0.9107142857142857.
[I 2025-09-17 13:16:41,986] Trial 10 finished with value: 0.9107142857142858 and parameters: {'num_leaves': 92, 'learning_rate': 0.299982432060793, 'feature_fraction': 0.8406379749432042, 'bagging_fraction': 0.7727672323930661, 'bagging_freq': 1, 'min_child_samples': 11}. Best is trial 10 with value: 0.9107142857142858.
[I 2025-09-17 13:16:42,047] Trial 11 finished with value: 0.6607142857142857 and parameters: {'num_leaves': 92, 'learning_rate': 0.2905410956003185, 'feature_fraction': 0.837552290865517, 'bagging_fraction': 0.7845447473286747, 'bagging_freq': 1, 'min_child_samples': 7}. Best is trial 10 with value: 0.9107142857142858.
[I 2025-09-17 13:16:42,098] Trial 12 finished with value: 0.9464285714285715 and parameters: {'num_leaves': 17, 'learning_rate': 0.2949226869387503, 'feature_fraction': 0.8025347776192211, 'bagging_fraction': 0.7603802927561825, 'bagging_freq': 2, 'min_child_samples': 13}. Best is trial 12 with value: 0.9464285714285715.
[I 2025-09-17 13:16:42,126] Trial 13 finished with value: 0.8928571428571428 and parameters: {'num_leaves': 92, 'learning_rate': 0.2930910847376847, 'feature_fraction': 0.9012362819273305, 'bagging_fraction': 0.7639097030821018, 'bagging_freq': 2, 'min_child_samples': 32}. Best is trial 12 with value: 0.9464285714285715.
[I 2025-09-17 13:16:42,159] Trial 14 finished with value: 0.9285714285714286 and parameters: {'num_leaves': 81, 'learning_rate': 0.23009761272773382, 'feature_fraction': 0.6834836617244244, 'bagging_fraction': 0.8672703378870039, 'bagging_freq': 1, 'min_child_samples': 32}. Best is trial 12 with value: 0.9464285714285715.
[I 2025-09-17 13:16:42,190] Trial 15 finished with value: 0.9107142857142857 and parameters: {'num_leaves': 55, 'learning_rate': 0.23088758484428476, 'feature_fraction': 0.560858769793718, 'bagging_fraction': 0.901989216383871, 'bagging_freq': 3, 'min_child_samples': 34}. Best is trial 12 with value: 0.9464285714285715.
[I 2025-09-17 13:16:42,211] Trial 16 finished with value: 0.9821428571428572 and parameters: {'num_leaves': 10, 'learning_rate': 0.12962337168387844, 'feature_fraction': 0.7092467062814051, 'bagging_fraction': 0.8644343764004825, 'bagging_freq': 3, 'min_child_samples': 35}. Best is trial 16 with value: 0.9821428571428572.
[I 2025-09-17 13:16:42,248] Trial 17 finished with value: 0.9285714285714286 and parameters: {'num_leaves': 15, 'learning_rate': 0.13390827938850908, 'feature_fraction': 0.742323053988263, 'bagging_fraction': 0.9776620693102461, 'bagging_freq': 7, 'min_child_samples': 22}. Best is trial 16 with value: 0.9821428571428572.
[I 2025-09-17 13:16:42,272] Trial 18 finished with value: 0.9107142857142857 and parameters: {'num_leaves': 128, 'learning_rate': 0.10791080768636473, 'feature_fraction': 0.5278962198436578, 'bagging_fraction': 0.8396059694981284, 'bagging_freq': 3, 'min_child_samples': 44}. Best is trial 16 with value: 0.9821428571428572.
[I 2025-09-17 13:16:42,324] Trial 19 finished with value: 0.9285714285714286 and parameters: {'num_leaves': 47, 'learning_rate': 0.16700805914240505, 'feature_fraction': 0.6388617943488787, 'bagging_fraction': 0.7261094020479361, 'bagging_freq': 2, 'min_child_samples': 19}. Best is trial 16 with value: 0.9821428571428572.
[I 2025-09-17 13:16:42,337] Trial 20 finished with value: 0.5 and parameters: {'num_leaves': 13, 'learning_rate': 0.09112993435491373, 'feature_fraction': 0.7342916457488533, 'bagging_fraction': 0.5432669304409132, 'bagging_freq': 3, 'min_child_samples': 43}. Best is trial 16 with value: 0.9821428571428572.
[I 2025-09-17 13:16:42,373] Trial 21 finished with value: 0.9285714285714286 and parameters: {'num_leaves': 77, 'learning_rate': 0.23761244613997284, 'feature_fraction': 0.6772133831727417, 'bagging_fraction': 0.9011614518490781, 'bagging_freq': 1, 'min_child_samples': 32}. Best is trial 16 with value: 0.9821428571428572.
[I 2025-09-17 13:16:42,406] Trial 22 finished with value: 0.8392857142857143 and parameters: {'num_leaves': 118, 'learning_rate': 0.16552077625707923, 'feature_fraction': 0.6874005885524394, 'bagging_fraction': 0.8396533888495666, 'bagging_freq': 2, 'min_child_samples': 25}. Best is trial 16 with value: 0.9821428571428572.
[I 2025-09-17 13:16:42,432] Trial 23 finished with value: 0.8392857142857143 and parameters: {'num_leaves': 42, 'learning_rate': 0.21571909315434806, 'feature_fraction': 0.79760803742406, 'bagging_fraction': 0.8485453899819578, 'bagging_freq': 3, 'min_child_samples': 42}. Best is trial 16 with value: 0.9821428571428572.
[I 2025-09-17 13:16:42,485] Trial 24 finished with value: 0.9642857142857143 and parameters: {'num_leaves': 68, 'learning_rate': 0.2700110720360852, 'feature_fraction': 0.5723527684379836, 'bagging_fraction': 0.9704841015569691, 'bagging_freq': 1, 'min_child_samples': 14}. Best is trial 16 with value: 0.9821428571428572.
[I 2025-09-17 13:16:42,538] Trial 25 finished with value: 0.9732142857142857 and parameters: {'num_leaves': 40, 'learning_rate': 0.2708011696184323, 'feature_fraction': 0.5398935610707623, 'bagging_fraction': 0.9340905289820571, 'bagging_freq': 2, 'min_child_samples': 14}. Best is trial 16 with value: 0.9821428571428572.
[I 2025-09-17 13:16:42,722] Trial 26 finished with value: 0.8928571428571428 and parameters: {'num_leaves': 111, 'learning_rate': 0.02146360181552326, 'feature_fraction': 0.530571393074093, 'bagging_fraction': 0.945593870240446, 'bagging_freq': 2, 'min_child_samples': 6}. Best is trial 16 with value: 0.9821428571428572.
[I 2025-09-17 13:16:42,779] Trial 27 finished with value: 0.9107142857142858 and parameters: {'num_leaves': 65, 'learning_rate': 0.26922381864511014, 'feature_fraction': 0.4083991121936787, 'bagging_fraction': 0.9382023174333071, 'bagging_freq': 5, 'min_child_samples': 16}. Best is trial 16 with value: 0.9821428571428572.
[I 2025-09-17 13:16:42,821] Trial 28 finished with value: 0.9285714285714286 and parameters: {'num_leaves': 35, 'learning_rate': 0.12967780115999653, 'feature_fraction': 0.564009180416977, 'bagging_fraction': 0.9963943282685113, 'bagging_freq': 1, 'min_child_samples': 23}. Best is trial 16 with value: 0.9821428571428572.
[I 2025-09-17 13:16:42,872] Trial 29 finished with value: 0.9285714285714286 and parameters: {'num_leaves': 292, 'learning_rate': 0.18297618510556554, 'feature_fraction': 0.4855978734689942, 'bagging_fraction': 0.9257874021158733, 'bagging_freq': 3, 'min_child_samples': 28}. Best is trial 16 with value: 0.9821428571428572.
[I 2025-09-17 13:16:42,894] Trial 30 finished with value: 0.9821428571428572 and parameters: {'num_leaves': 44, 'learning_rate': 0.11488771839295589, 'feature_fraction': 0.5878851586749098, 'bagging_fraction': 0.9862295250004437, 'bagging_freq': 4, 'min_child_samples': 39}. Best is trial 16 with value: 0.9821428571428572.
[I 2025-09-17 13:16:42,916] Trial 31 finished with value: 0.9642857142857143 and parameters: {'num_leaves': 44, 'learning_rate': 0.11335982146771453, 'feature_fraction': 0.5884531947193776, 'bagging_fraction': 0.985327122740945, 'bagging_freq': 4, 'min_child_samples': 38}. Best is trial 16 with value: 0.9821428571428572.
[I 2025-09-17 13:16:42,939] Trial 32 finished with value: 0.8571428571428571 and parameters: {'num_leaves': 67, 'learning_rate': 0.07338343618609305, 'feature_fraction': 0.6454470269431055, 'bagging_fraction': 0.9170583686681596, 'bagging_freq': 5, 'min_child_samples': 50}. Best is trial 16 with value: 0.9821428571428572.
[I 2025-09-17 13:16:42,958] Trial 33 finished with value: 0.9285714285714286 and parameters: {'num_leaves': 33, 'learning_rate': 0.15025396702719143, 'feature_fraction': 0.5227991674618465, 'bagging_fraction': 0.9932766506339056, 'bagging_freq': 4, 'min_child_samples': 49}. Best is trial 16 with value: 0.9821428571428572.
[I 2025-09-17 13:16:42,972] Trial 34 finished with value: 0.5 and parameters: {'num_leaves': 141, 'learning_rate': 0.10449789706545302, 'feature_fraction': 0.5915833036372973, 'bagging_fraction': 0.9519278722347101, 'bagging_freq': 4, 'min_child_samples': 60}. Best is trial 16 with value: 0.9821428571428572.
[I 2025-09-17 13:16:43,035] Trial 35 finished with value: 0.9107142857142857 and parameters: {'num_leaves': 105, 'learning_rate': 0.1851300473387171, 'feature_fraction': 0.7207514607969587, 'bagging_fraction': 0.8205764069673541, 'bagging_freq': 2, 'min_child_samples': 10}. Best is trial 16 with value: 0.9821428571428572.
[I 2025-09-17 13:16:43,064] Trial 36 finished with value: 0.9285714285714286 and parameters: {'num_leaves': 30, 'learning_rate': 0.20763773931243723, 'feature_fraction': 0.653675968958771, 'bagging_fraction': 0.8968374288435471, 'bagging_freq': 3, 'min_child_samples': 27}. Best is trial 16 with value: 0.9821428571428572.
