[I 2025-09-17 13:17:06,458] Trial 23 finished with value: 0.925 and parameters: {'num_leaves': 72, 'learning_rate': 0.22159586624737312, 'feature_fraction': 0.8548965177302477, 'bagging_fraction': 0.653039019408494, 'bagging_freq': 5, 'min_child_samples': 29}. Best is trial 22 with value: 0.9708333333333332.
Early stopping, best iteration is:
[12]	valid_0's binary_logloss: 0.614393
Training until validation scores don't improve for 50 rounds
Early stopping, best iteration is:
[4]	valid_0's binary_logloss: 0.623124
Training until validation scores don't improve for 50 rounds
Early stopping, best iteration is:
[3]	valid_0's binary_logloss: 0.628793
Training until validation scores don't improve for 50 rounds
Early stopping, best iteration is:
[5]	valid_0's binary_logloss: 0.63189
Training until validation scores don't improve for 50 rounds
Early stopping, best iteration is:
[8]	valid_0's binary_logloss: 0.612702
Training until validation scores don't improve for 50 rounds
Early stopping, best iteration is:
[6]	valid_0's binary_logloss: 0.687351
Training until validation scores don't improve for 50 rounds
Early stopping, best iteration is:
[7]	valid_0's binary_logloss: 0.614544
Training until validation scores don't improve for 50 rounds
Early stopping, best iteration is:
[46]	valid_0's binary_logloss: 0.687351
Training until validation scores don't improve for 50 rounds
Did not meet early stopping. Best iteration is:
[70]	valid_0's binary_logloss: 0.673219
Training until validation scores don't improve for 50 rounds
Early stopping, best iteration is:
[3]	valid_0's binary_logloss: 0.687351
Training until validation scores don't improve for 50 rounds
Early stopping, best iteration is:
[3]	valid_0's binary_logloss: 0.687351
Training until validation scores don't improve for 50 rounds
Early stopping, best iteration is:
[7]	valid_0's binary_logloss: 0.603714
Training until validation scores don't improve for 50 rounds
Early stopping, best iteration is:
[28]	valid_0's binary_logloss: 0.609357
Training until validation scores don't improve for 50 rounds
Early stopping, best iteration is:
[5]	valid_0's binary_logloss: 0.570737
Training until validation scores don't improve for 50 rounds
Early stopping, best iteration is:
[5]	valid_0's binary_logloss: 0.642278
Training until validation scores don't improve for 50 rounds
Early stopping, best iteration is:
[30]	valid_0's binary_logloss: 0.635697
Training until validation scores don't improve for 50 rounds
Early stopping, best iteration is:
[9]	valid_0's binary_logloss: 0.632261
Training until validation scores don't improve for 50 rounds
Early stopping, best iteration is:
[1]	valid_0's binary_logloss: 0.687351
Training until validation scores don't improve for 50 rounds
Early stopping, best iteration is:
[6]	valid_0's binary_logloss: 0.619943
Training until validation scores don't improve for 50 rounds
Early stopping, best iteration is:
[31]	valid_0's binary_logloss: 0.687351
Training until validation scores don't improve for 50 rounds
Early stopping, best iteration is:
[7]	valid_0's binary_logloss: 0.614317
Training until validation scores don't improve for 50 rounds
Early stopping, best iteration is:
[3]	valid_0's binary_logloss: 0.619321
Training until validation scores don't improve for 50 rounds
Early stopping, best iteration is:
[13]	valid_0's binary_logloss: 0.637637
Training until validation scores don't improve for 50 rounds
Early stopping, best iteration is:
[7]	valid_0's binary_logloss: 0.668365
Training until validation scores don't improve for 50 rounds
Early stopping, best iteration is:
[6]	valid_0's binary_logloss: 0.599217
Training until validation scores don't improve for 50 rounds
Early stopping, best iteration is:
[46]	valid_0's binary_logloss: 0.619024
Training until validation scores don't improve for 50 rounds
Early stopping, best iteration is:
[4]	valid_0's binary_logloss: 0.611954
Training until validation scores don't improve for 50 rounds
Early stopping, best iteration is:
[3]	valid_0's binary_logloss: 0.564653
Training until validation scores don't improve for 50 rounds
Early stopping, best iteration is:
[4]	valid_0's binary_logloss: 0.582573
Training until validation scores don't improve for 50 rounds
Early stopping, best iteration is:
[3]	valid_0's binary_logloss: 0.59949
Training until validation scores don't improve for 50 rounds
Early stopping, best iteration is:
[5]	valid_0's binary_logloss: 0.617255
Training until validation scores don't improve for 50 rounds
Early stopping, best iteration is:
[4]	valid_0's binary_logloss: 0.684077
Training until validation scores don't improve for 50 rounds
Early stopping, best iteration is:
[2]	valid_0's binary_logloss: 0.62219
Training until validation scores don't improve for 50 rounds
Early stopping, best iteration is:
[3]	valid_0's binary_logloss: 0.613082
Training until validation scores don't improve for 50 rounds
Early stopping, best iteration is:
[3]	valid_0's binary_logloss: 0.631987
Training model for P124... (normalize_per_user=True)
Training until validation scores don't improve for 50 rounds
Early stopping, best iteration is:
[25]	valid_0's binary_logloss: 0.661878
Training until validation scores don't improve for 50 rounds
Did not meet early stopping. Best iteration is:
[79]	valid_0's binary_logloss: 0.363521
Training until validation scores don't improve for 50 rounds
Early stopping, best iteration is:
[5]	valid_0's binary_logloss: 0.661878
Training until validation scores don't improve for 50 rounds
Did not meet early stopping. Best iteration is:
[93]	valid_0's binary_logloss: 0.291587
Training until validation scores don't improve for 50 rounds
Did not meet early stopping. Best iteration is:
[99]	valid_0's binary_logloss: 0.433959
Training until validation scores don't improve for 50 rounds
Early stopping, best iteration is:
[29]	valid_0's binary_logloss: 0.260968
Training until validation scores don't improve for 50 rounds
Early stopping, best iteration is:
[32]	valid_0's binary_logloss: 0.661878
Training until validation scores don't improve for 50 rounds
Early stopping, best iteration is:
[11]	valid_0's binary_logloss: 0.661878
Training until validation scores don't improve for 50 rounds
Early stopping, best iteration is:
[4]	valid_0's binary_logloss: 0.661878
Training until validation scores don't improve for 50 rounds
Early stopping, best iteration is:
[33]	valid_0's binary_logloss: 0.661878
Training until validation scores don't improve for 50 rounds
Early stopping, best iteration is:
[35]	valid_0's binary_logloss: 0.28898
Training until validation scores don't improve for 50 rounds
Early stopping, best iteration is:
[15]	valid_0's binary_logloss: 0.296304
Training until validation scores don't improve for 50 rounds
Early stopping, best iteration is:
[30]	valid_0's binary_logloss: 0.260983
Training until validation scores don't improve for 50 rounds
Did not meet early stopping. Best iteration is:
[77]	valid_0's binary_logloss: 0.243562
Training until validation scores don't improve for 50 rounds
Early stopping, best iteration is:
[46]	valid_0's binary_logloss: 0.27138
Training until validation scores don't improve for 50 rounds
Early stopping, best iteration is:
[16]	valid_0's binary_logloss: 0.341079
Training until validation scores don't improve for 50 rounds
Did not meet early stopping. Best iteration is:
[51]	valid_0's binary_logloss: 0.386934
Training until validation scores don't improve for 50 rounds
Did not meet early stopping. Best iteration is:
[51]	valid_0's binary_logloss: 0.661878
Training until validation scores don't improve for 50 rounds
Early stopping, best iteration is:
[1]	valid_0's binary_logloss: 0.661878
Training until validation scores don't improve for 50 rounds
Early stopping, best iteration is:
[44]	valid_0's binary_logloss: 0.36029
Training until validation scores don't improve for 50 rounds
Early stopping, best iteration is:
[26]	valid_0's binary_logloss: 0.270657
Training until validation scores don't improve for 50 rounds
Early stopping, best iteration is:
[29]	valid_0's binary_logloss: 0.268245
Training until validation scores don't improve for 50 rounds
Did not meet early stopping. Best iteration is:
[92]	valid_0's binary_logloss: 0.19856
Training until validation scores don't improve for 50 rounds
Early stopping, best iteration is:
[23]	valid_0's binary_logloss: 0.317759
Training until validation scores don't improve for 50 rounds
[I 2025-09-17 13:17:06,478] Trial 24 finished with value: 0.9083333333333333 and parameters: {'num_leaves': 123, 'learning_rate': 0.19278203519963327, 'feature_fraction': 0.9295176192206571, 'bagging_fraction': 0.9031433226154696, 'bagging_freq': 6, 'min_child_samples': 42}. Best is trial 22 with value: 0.9708333333333332.
[I 2025-09-17 13:17:06,515] Trial 25 finished with value: 0.9916666666666666 and parameters: {'num_leaves': 30, 'learning_rate': 0.24808399439078385, 'feature_fraction': 0.9434288703735718, 'bagging_fraction': 0.7724906555258552, 'bagging_freq': 4, 'min_child_samples': 24}. Best is trial 25 with value: 0.9916666666666666.
[I 2025-09-17 13:17:06,546] Trial 26 finished with value: 0.9791666666666667 and parameters: {'num_leaves': 30, 'learning_rate': 0.29948463952327214, 'feature_fraction': 0.8089199662836037, 'bagging_fraction': 0.7561394468642834, 'bagging_freq': 2, 'min_child_samples': 23}. Best is trial 25 with value: 0.9916666666666666.
[I 2025-09-17 13:17:06,580] Trial 27 finished with value: 0.9708333333333333 and parameters: {'num_leaves': 28, 'learning_rate': 0.2939623866949935, 'feature_fraction': 0.8190357871030097, 'bagging_fraction': 0.758945998449218, 'bagging_freq': 2, 'min_child_samples': 23}. Best is trial 25 with value: 0.9916666666666666.
[I 2025-09-17 13:17:06,610] Trial 28 finished with value: 0.9375 and parameters: {'num_leaves': 30, 'learning_rate': 0.298991916851449, 'feature_fraction': 0.6673196578172723, 'bagging_fraction': 0.5948320278896507, 'bagging_freq': 2, 'min_child_samples': 21}. Best is trial 25 with value: 0.9916666666666666.
[I 2025-09-17 13:17:06,627] Trial 29 finished with value: 0.5 and parameters: {'num_leaves': 41, 'learning_rate': 0.27264078870734976, 'feature_fraction': 0.8236731032209691, 'bagging_fraction': 0.682346594908137, 'bagging_freq': 2, 'min_child_samples': 74}. Best is trial 25 with value: 0.9916666666666666.
[I 2025-09-17 13:17:06,680] Trial 30 finished with value: 0.9375 and parameters: {'num_leaves': 33, 'learning_rate': 0.279658967690441, 'feature_fraction': 0.7707965784895653, 'bagging_fraction': 0.744053398484163, 'bagging_freq': 1, 'min_child_samples': 10}. Best is trial 25 with value: 0.9916666666666666.
[I 2025-09-17 13:17:06,723] Trial 31 finished with value: 0.9625 and parameters: {'num_leaves': 56, 'learning_rate': 0.2595250125941215, 'feature_fraction': 0.8988985519048923, 'bagging_fraction': 0.7669287270990014, 'bagging_freq': 2, 'min_child_samples': 24}. Best is trial 25 with value: 0.9916666666666666.
[I 2025-09-17 13:17:06,754] Trial 32 finished with value: 0.9375 and parameters: {'num_leaves': 24, 'learning_rate': 0.2970809208428793, 'feature_fraction': 0.851448916750692, 'bagging_fraction': 0.6942725585563118, 'bagging_freq': 1, 'min_child_samples': 24}. Best is trial 25 with value: 0.9916666666666666.
[I 2025-09-17 13:17:06,774] Trial 33 finished with value: 0.9208333333333333 and parameters: {'num_leaves': 14, 'learning_rate': 0.15231904570665572, 'feature_fraction': 0.9329991650251634, 'bagging_fraction': 0.7572107691771108, 'bagging_freq': 3, 'min_child_samples': 35}. Best is trial 25 with value: 0.9916666666666666.
[I 2025-09-17 13:17:06,827] Trial 34 finished with value: 0.9208333333333333 and parameters: {'num_leaves': 61, 'learning_rate': 0.10034874927470175, 'feature_fraction': 0.8178914481820763, 'bagging_fraction': 0.8083464521567374, 'bagging_freq': 4, 'min_child_samples': 18}. Best is trial 25 with value: 0.9916666666666666.
[I 2025-09-17 13:17:06,849] Trial 35 finished with value: 0.8458333333333333 and parameters: {'num_leaves': 42, 'learning_rate': 0.2794180207868625, 'feature_fraction': 0.7054189713446264, 'bagging_fraction': 0.6715638022639471, 'bagging_freq': 1, 'min_child_samples': 43}. Best is trial 25 with value: 0.9916666666666666.
[I 2025-09-17 13:17:06,883] Trial 36 finished with value: 0.9500000000000001 and parameters: {'num_leaves': 226, 'learning_rate': 0.24832296589332148, 'feature_fraction': 0.8825539438713658, 'bagging_fraction': 0.6176893868652881, 'bagging_freq': 2, 'min_child_samples': 25}. Best is trial 25 with value: 0.9916666666666666.
[I 2025-09-17 13:17:06,930] Trial 37 finished with value: 0.8833333333333334 and parameters: {'num_leaves': 33, 'learning_rate': 0.2710000781078479, 'feature_fraction': 0.7704449556703873, 'bagging_fraction': 0.7168927223729596, 'bagging_freq': 4, 'min_child_samples': 12}. Best is trial 25 with value: 0.9916666666666666.
[I 2025-09-17 13:17:07,000] Trial 38 finished with value: 0.95 and parameters: {'num_leaves': 161, 'learning_rate': 0.07776506560871697, 'feature_fraction': 0.4030186038255686, 'bagging_fraction': 0.8180483071189085, 'bagging_freq': 1, 'min_child_samples': 16}. Best is trial 25 with value: 0.9916666666666666.
[I 2025-09-17 13:17:07,014] Trial 39 finished with value: 0.5 and parameters: {'num_leaves': 46, 'learning_rate': 0.10640807518085331, 'feature_fraction': 0.9514811298752386, 'bagging_fraction': 0.5563977919501929, 'bagging_freq': 4, 'min_child_samples': 70}. Best is trial 25 with value: 0.9916666666666666.
[I 2025-09-17 13:17:07,038] Trial 40 finished with value: 0.8791666666666667 and parameters: {'num_leaves': 67, 'learning_rate': 0.11991140158889395, 'feature_fraction': 0.853377017519717, 'bagging_fraction': 0.8791401869572372, 'bagging_freq': 3, 'min_child_samples': 48}. Best is trial 25 with value: 0.9916666666666666.
[I 2025-09-17 13:17:07,068] Trial 41 finished with value: 0.9749999999999999 and parameters: {'num_leaves': 51, 'learning_rate': 0.25991456877058483, 'feature_fraction': 0.9187921699329874, 'bagging_fraction': 0.7618615057774286, 'bagging_freq': 2, 'min_child_samples': 22}. Best is trial 25 with value: 0.9916666666666666.
[I 2025-09-17 13:17:07,103] Trial 42 finished with value: 0.9833333333333334 and parameters: {'num_leaves': 24, 'learning_rate': 0.28810698431747633, 'feature_fraction': 0.9165457277249582, 'bagging_fraction': 0.7669320865603466, 'bagging_freq': 2, 'min_child_samples': 25}. Best is trial 25 with value: 0.9916666666666666.
[I 2025-09-17 13:17:07,134] Trial 43 finished with value: 0.9708333333333334 and parameters: {'num_leaves': 26, 'learning_rate': 0.2890117658335658, 'feature_fraction': 0.8987587754229699, 'bagging_fraction': 0.7422739721822349, 'bagging_freq': 2, 'min_child_samples': 20}. Best is trial 25 with value: 0.9916666666666666.
[I 2025-09-17 13:17:07,166] Trial 44 finished with value: 0.9208333333333333 and parameters: {'num_leaves': 13, 'learning_rate': 0.28484337078488275, 'feature_fraction': 0.9025278636032492, 'bagging_fraction': 0.7171984674638656, 'bagging_freq': 3, 'min_child_samples': 17}. Best is trial 25 with value: 0.9916666666666666.
[I 2025-09-17 13:17:07,229] Trial 45 finished with value: 0.9249999999999999 and parameters: {'num_leaves': 48, 'learning_rate': 0.26492198783810383, 'feature_fraction': 0.8691220865741132, 'bagging_fraction': 0.7349509424158777, 'bagging_freq': 1, 'min_child_samples': 8}. Best is trial 25 with value: 0.9916666666666666.
[I 2025-09-17 13:17:07,250] Trial 46 finished with value: 0.9041666666666667 and parameters: {'num_leaves': 10, 'learning_rate': 0.24323711634937836, 'feature_fraction': 0.966896413974547, 'bagging_fraction': 0.6985254217651612, 'bagging_freq': 2, 'min_child_samples': 35}. Best is trial 25 with value: 0.9916666666666666.
[I 2025-09-17 13:17:07,289] Trial 47 finished with value: 0.9708333333333333 and parameters: {'num_leaves': 22, 'learning_rate': 0.28889606393236483, 'feature_fraction': 0.9107649016849758, 'bagging_fraction': 0.6421011634229012, 'bagging_freq': 3, 'min_child_samples': 12}. Best is trial 25 with value: 0.9916666666666666.
[I 2025-09-17 13:17:07,390] Trial 48 finished with value: 0.925 and parameters: {'num_leaves': 33, 'learning_rate': 0.230262257216259, 'feature_fraction': 0.9597485381858799, 'bagging_fraction': 0.8127225428322238, 'bagging_freq': 2, 'min_child_samples': 5}. Best is trial 25 with value: 0.9916666666666666.
[I 2025-09-17 13:17:07,427] Trial 49 finished with value: 0.9458333333333333 and parameters: {'num_leaves': 49, 'learning_rate': 0.2539712141983032, 'feature_fraction': 0.5721167298011203, 'bagging_fraction': 0.7715925023047029, 'bagging_freq': 1, 'min_child_samples': 20}. Best is trial 25 with value: 0.9916666666666666.
[I 2025-09-17 13:17:07,576] A new study created in memory with name: no-name-7339807f-88d0-445a-9c4f-3ab18b2df7bc
[I 2025-09-17 13:17:07,586] Trial 0 finished with value: 0.5 and parameters: {'num_leaves': 151, 'learning_rate': 0.23030627355187838, 'feature_fraction': 0.6209421346488306, 'bagging_fraction': 0.7423375022501322, 'bagging_freq': 3, 'min_child_samples': 71}. Best is trial 0 with value: 0.5.
[I 2025-09-17 13:17:07,600] Trial 1 finished with value: 0.5 and parameters: {'num_leaves': 284, 'learning_rate': 0.2689312422414061, 'feature_fraction': 0.6578037384742279, 'bagging_fraction': 0.5206509052088415, 'bagging_freq': 6, 'min_child_samples': 54}. Best is trial 0 with value: 0.5.
[I 2025-09-17 13:17:07,608] Trial 2 finished with value: 0.5 and parameters: {'num_leaves': 221, 'learning_rate': 0.2665421342385918, 'feature_fraction': 0.685217123087029, 'bagging_fraction': 0.6035118227829284, 'bagging_freq': 7, 'min_child_samples': 78}. Best is trial 0 with value: 0.5.
[I 2025-09-17 13:17:07,638] Trial 3 finished with value: 0.9375 and parameters: {'num_leaves': 289, 'learning_rate': 0.16763810446668695, 'feature_fraction': 0.4636870315619688, 'bagging_fraction': 0.5891402807703067, 'bagging_freq': 2, 'min_child_samples': 28}. Best is trial 3 with value: 0.9375.
[I 2025-09-17 13:17:07,653] Trial 4 finished with value: 0.5 and parameters: {'num_leaves': 108, 'learning_rate': 0.058640590416624144, 'feature_fraction': 0.6141783238922893, 'bagging_fraction': 0.720556780539281, 'bagging_freq': 2, 'min_child_samples': 67}. Best is trial 3 with value: 0.9375.
[I 2025-09-17 13:17:07,659] Trial 5 finished with value: 0.5 and parameters: {'num_leaves': 120, 'learning_rate': 0.25934063141457364, 'feature_fraction': 0.5066317914950552, 'bagging_fraction': 0.9506926055860372, 'bagging_freq': 1, 'min_child_samples': 71}. Best is trial 3 with value: 0.9375.
[I 2025-09-17 13:17:07,689] Trial 6 finished with value: 0.9416666666666667 and parameters: {'num_leaves': 100, 'learning_rate': 0.10105386543674404, 'feature_fraction': 0.40461815055002825, 'bagging_fraction': 0.5824504311772751, 'bagging_freq': 1, 'min_child_samples': 27}. Best is trial 6 with value: 0.9416666666666667.
[I 2025-09-17 13:17:07,709] Trial 7 finished with value: 0.9583333333333334 and parameters: {'num_leaves': 216, 'learning_rate': 0.17221171896613213, 'feature_fraction': 0.7837301354140627, 'bagging_fraction': 0.8135283303522094, 'bagging_freq': 5, 'min_child_samples': 36}. Best is trial 7 with value: 0.9583333333333334.
[I 2025-09-17 13:17:07,731] Trial 8 finished with value: 0.9875 and parameters: {'num_leaves': 106, 'learning_rate': 0.2396973981540326, 'feature_fraction': 0.5580629300986841, 'bagging_fraction': 0.8673501674073354, 'bagging_freq': 6, 'min_child_samples': 35}. Best is trial 8 with value: 0.9875.
[I 2025-09-17 13:17:07,743] Trial 9 finished with value: 0.5 and parameters: {'num_leaves': 82, 'learning_rate': 0.17132440693630296, 'feature_fraction': 0.9295582317943126, 'bagging_fraction': 0.577998854420239, 'bagging_freq': 2, 'min_child_samples': 88}. Best is trial 8 with value: 0.9875.
[I 2025-09-17 13:17:07,798] Trial 10 finished with value: 1.0 and parameters: {'num_leaves': 19, 'learning_rate': 0.20882268354972344, 'feature_fraction': 0.8634841871106745, 'bagging_fraction': 0.9993644365593801, 'bagging_freq': 5, 'min_child_samples': 13}. Best is trial 10 with value: 1.0.
[I 2025-09-17 13:17:07,855] Trial 11 finished with value: 0.9875 and parameters: {'num_leaves': 17, 'learning_rate': 0.2103181765853538, 'feature_fraction': 0.8807541745387808, 'bagging_fraction': 0.9944374418020988, 'bagging_freq': 5, 'min_child_samples': 15}. Best is trial 10 with value: 1.0.
[I 2025-09-17 13:17:07,926] Trial 12 finished with value: 0.9958333333333333 and parameters: {'num_leaves': 13, 'learning_rate': 0.2979251537634707, 'feature_fraction': 0.8111514692981232, 'bagging_fraction': 0.8842746780994905, 'bagging_freq': 5, 'min_child_samples': 5}. Best is trial 10 with value: 1.0.
[I 2025-09-17 13:17:08,004] Trial 13 finished with value: 0.9708333333333333 and parameters: {'num_leaves': 19, 'learning_rate': 0.2967275654674395, 'feature_fraction': 0.7954198015113598, 'bagging_fraction': 0.8984934339710519, 'bagging_freq': 4, 'min_child_samples': 5}. Best is trial 10 with value: 1.0.
[I 2025-09-17 13:17:08,055] Trial 14 finished with value: 0.9874999999999999 and parameters: {'num_leaves': 58, 'learning_rate': 0.12330344159718834, 'feature_fraction': 0.8065413287598089, 'bagging_fraction': 0.4192976856346702, 'bagging_freq': 4, 'min_child_samples': 10}. Best is trial 10 with value: 1.0.
[I 2025-09-17 13:17:08,094] Trial 15 finished with value: 0.9541666666666666 and parameters: {'num_leaves': 53, 'learning_rate': 0.2985816022652286, 'feature_fraction': 0.9626506025533077, 'bagging_fraction': 0.8147280437748506, 'bagging_freq': 5, 'min_child_samples': 17}. Best is trial 10 with value: 1.0.
[I 2025-09-17 13:17:08,120] Trial 16 finished with value: 0.9 and parameters: {'num_leaves': 10, 'learning_rate': 0.20427570604392398, 'feature_fraction': 0.8530369156198393, 'bagging_fraction': 0.9924736348640713, 'bagging_freq': 7, 'min_child_samples': 52}. Best is trial 10 with value: 1.0.
