[I 2025-09-17 13:15:23,557] Trial 2 finished with value: 0.6578947368421052 and parameters: {'num_leaves': 108, 'learning_rate': 0.16700006429546416, 'feature_fraction': 0.9309031509630433, 'bagging_fraction': 0.7215335214606118, 'bagging_freq': 3, 'min_child_samples': 52}. Best is trial 2 with value: 0.6578947368421052.
[I 2025-09-17 13:15:23,583] Trial 3 finished with value: 0.8666666666666667 and parameters: {'num_leaves': 115, 'learning_rate': 0.10123586867381945, 'feature_fraction': 0.9402298772640122, 'bagging_fraction': 0.8203321516474336, 'bagging_freq': 4, 'min_child_samples': 27}. Best is trial 3 with value: 0.8666666666666667.
[I 2025-09-17 13:15:23,592] Trial 4 finished with value: 0.5 and parameters: {'num_leaves': 186, 'learning_rate': 0.1382088560479046, 'feature_fraction': 0.6186168682705199, 'bagging_fraction': 0.48637073992583185, 'bagging_freq': 7, 'min_child_samples': 73}. Best is trial 3 with value: 0.8666666666666667.
[I 2025-09-17 13:15:23,599] Trial 5 finished with value: 0.5 and parameters: {'num_leaves': 202, 'learning_rate': 0.031511267437701294, 'feature_fraction': 0.9977345466647791, 'bagging_fraction': 0.5229618302516863, 'bagging_freq': 1, 'min_child_samples': 98}. Best is trial 3 with value: 0.8666666666666667.
[I 2025-09-17 13:15:23,611] Trial 6 finished with value: 0.749122807017544 and parameters: {'num_leaves': 187, 'learning_rate': 0.1856998238315967, 'feature_fraction': 0.658753267369707, 'bagging_fraction': 0.8400765192177326, 'bagging_freq': 4, 'min_child_samples': 49}. Best is trial 3 with value: 0.8666666666666667.
[I 2025-09-17 13:15:23,620] Trial 7 finished with value: 0.5 and parameters: {'num_leaves': 190, 'learning_rate': 0.15258703730827317, 'feature_fraction': 0.8510923394121646, 'bagging_fraction': 0.4274755493686416, 'bagging_freq': 3, 'min_child_samples': 78}. Best is trial 3 with value: 0.8666666666666667.
[I 2025-09-17 13:15:23,632] Trial 8 finished with value: 0.7807017543859649 and parameters: {'num_leaves': 11, 'learning_rate': 0.2659224065527893, 'feature_fraction': 0.8598313354270964, 'bagging_fraction': 0.814586689915803, 'bagging_freq': 4, 'min_child_samples': 45}. Best is trial 3 with value: 0.8666666666666667.
[I 2025-09-17 13:15:23,648] Trial 9 finished with value: 0.7754385964912281 and parameters: {'num_leaves': 30, 'learning_rate': 0.0307819659267766, 'feature_fraction': 0.9971229619884387, 'bagging_fraction': 0.5425368492830204, 'bagging_freq': 2, 'min_child_samples': 39}. Best is trial 3 with value: 0.8666666666666667.
[I 2025-09-17 13:15:23,712] Trial 10 finished with value: 0.8175438596491228 and parameters: {'num_leaves': 290, 'learning_rate': 0.08384013145373376, 'feature_fraction': 0.4209042940165829, 'bagging_fraction': 0.6422239519808193, 'bagging_freq': 6, 'min_child_samples': 9}. Best is trial 3 with value: 0.8666666666666667.
[I 2025-09-17 13:15:23,764] Trial 11 finished with value: 0.8140350877192983 and parameters: {'num_leaves': 274, 'learning_rate': 0.0830039692350626, 'feature_fraction': 0.4107542483425694, 'bagging_fraction': 0.6493715772708499, 'bagging_freq': 6, 'min_child_samples': 14}. Best is trial 3 with value: 0.8666666666666667.
[I 2025-09-17 13:15:23,872] Trial 12 finished with value: 0.8315789473684211 and parameters: {'num_leaves': 267, 'learning_rate': 0.08401665926661926, 'feature_fraction': 0.417918213933141, 'bagging_fraction': 0.6687530567715142, 'bagging_freq': 6, 'min_child_samples': 6}. Best is trial 3 with value: 0.8666666666666667.
[I 2025-09-17 13:15:23,923] Trial 13 finished with value: 0.856140350877193 and parameters: {'num_leaves': 79, 'learning_rate': 0.06592268975179394, 'feature_fraction': 0.5405512861267102, 'bagging_fraction': 0.9660716927811399, 'bagging_freq': 5, 'min_child_samples': 24}. Best is trial 3 with value: 0.8666666666666667.
[I 2025-09-17 13:15:23,950] Trial 14 finished with value: 0.8701754385964912 and parameters: {'num_leaves': 81, 'learning_rate': 0.21271806456356282, 'feature_fraction': 0.5550030765787526, 'bagging_fraction': 0.9755807848254475, 'bagging_freq': 5, 'min_child_samples': 27}. Best is trial 14 with value: 0.8701754385964912.
[I 2025-09-17 13:15:23,974] Trial 15 finished with value: 0.856140350877193 and parameters: {'num_leaves': 63, 'learning_rate': 0.21123730919113834, 'feature_fraction': 0.7681767857247455, 'bagging_fraction': 0.9099426887763378, 'bagging_freq': 5, 'min_child_samples': 32}. Best is trial 14 with value: 0.8701754385964912.
[I 2025-09-17 13:15:24,013] Trial 16 finished with value: 0.8736842105263158 and parameters: {'num_leaves': 127, 'learning_rate': 0.19873433709767457, 'feature_fraction': 0.5409670149882375, 'bagging_fraction': 0.902158662138635, 'bagging_freq': 5, 'min_child_samples': 22}. Best is trial 16 with value: 0.8736842105263158.
[I 2025-09-17 13:15:24,030] Trial 17 finished with value: 0.7578947368421053 and parameters: {'num_leaves': 66, 'learning_rate': 0.22735032924535908, 'feature_fraction': 0.5350207975281018, 'bagging_fraction': 0.9920214273718815, 'bagging_freq': 5, 'min_child_samples': 62}. Best is trial 16 with value: 0.8736842105263158.
[I 2025-09-17 13:15:24,065] Trial 18 finished with value: 0.8912280701754386 and parameters: {'num_leaves': 150, 'learning_rate': 0.2345105513200883, 'feature_fraction': 0.5133298912915604, 'bagging_fraction': 0.887094078083953, 'bagging_freq': 5, 'min_child_samples': 20}. Best is trial 18 with value: 0.8912280701754386.
Training until validation scores don't improve for 50 rounds
Did not meet early stopping. Best iteration is:
[63]	valid_0's binary_logloss: 0.327532
Training until validation scores don't improve for 50 rounds
Did not meet early stopping. Best iteration is:
[54]	valid_0's binary_logloss: 0.357352
Training until validation scores don't improve for 50 rounds
Early stopping, best iteration is:
[40]	valid_0's binary_logloss: 0.405893
Training until validation scores don't improve for 50 rounds
Did not meet early stopping. Best iteration is:
[58]	valid_0's binary_logloss: 0.362702
Training until validation scores don't improve for 50 rounds
Early stopping, best iteration is:
[36]	valid_0's binary_logloss: 0.336703
Training until validation scores don't improve for 50 rounds
Did not meet early stopping. Best iteration is:
[100]	valid_0's binary_logloss: 0.413895
Training until validation scores don't improve for 50 rounds
Early stopping, best iteration is:
[38]	valid_0's binary_logloss: 0.367396
Training until validation scores don't improve for 50 rounds
Did not meet early stopping. Best iteration is:
[83]	valid_0's binary_logloss: 0.41636
Training until validation scores don't improve for 50 rounds
Did not meet early stopping. Best iteration is:
[51]	valid_0's binary_logloss: 0.3539
Training until validation scores don't improve for 50 rounds
Early stopping, best iteration is:
[28]	valid_0's binary_logloss: 0.398508
Training until validation scores don't improve for 50 rounds
Early stopping, best iteration is:
[32]	valid_0's binary_logloss: 0.341553
Training until validation scores don't improve for 50 rounds
Early stopping, best iteration is:
[34]	valid_0's binary_logloss: 0.426369
Training until validation scores don't improve for 50 rounds
Did not meet early stopping. Best iteration is:
[53]	valid_0's binary_logloss: 0.343741
Training until validation scores don't improve for 50 rounds
Early stopping, best iteration is:
[29]	valid_0's binary_logloss: 0.36704
Training until validation scores don't improve for 50 rounds
Did not meet early stopping. Best iteration is:
[91]	valid_0's binary_logloss: 0.447319
Training until validation scores don't improve for 50 rounds
Early stopping, best iteration is:
[24]	valid_0's binary_logloss: 0.4286
Training until validation scores don't improve for 50 rounds
Did not meet early stopping. Best iteration is:
[79]	valid_0's binary_logloss: 0.404352
Training until validation scores don't improve for 50 rounds
Did not meet early stopping. Best iteration is:
[99]	valid_0's binary_logloss: 0.419863
Training until validation scores don't improve for 50 rounds
Early stopping, best iteration is:
[37]	valid_0's binary_logloss: 0.425376
Training until validation scores don't improve for 50 rounds
Early stopping, best iteration is:
[36]	valid_0's binary_logloss: 0.356764
Training until validation scores don't improve for 50 rounds
Early stopping, best iteration is:
[44]	valid_0's binary_logloss: 0.328477
Training until validation scores don't improve for 50 rounds
Did not meet early stopping. Best iteration is:
[51]	valid_0's binary_logloss: 0.399575
Training until validation scores don't improve for 50 rounds
Early stopping, best iteration is:
[44]	valid_0's binary_logloss: 0.378237
Training until validation scores don't improve for 50 rounds
Early stopping, best iteration is:
[20]	valid_0's binary_logloss: 0.686352
Training until validation scores don't improve for 50 rounds
Did not meet early stopping. Best iteration is:
[78]	valid_0's binary_logloss: 0.373391
Training until validation scores don't improve for 50 rounds
Early stopping, best iteration is:
[46]	valid_0's binary_logloss: 0.291119
Training until validation scores don't improve for 50 rounds
Early stopping, best iteration is:
[5]	valid_0's binary_logloss: 0.686352
Training until validation scores don't improve for 50 rounds
Did not meet early stopping. Best iteration is:
[98]	valid_0's binary_logloss: 0.357447
Training until validation scores don't improve for 50 rounds
Early stopping, best iteration is:
[30]	valid_0's binary_logloss: 0.398712
Training until validation scores don't improve for 50 rounds
Early stopping, best iteration is:
[37]	valid_0's binary_logloss: 0.686352
Training until validation scores don't improve for 50 rounds
Early stopping, best iteration is:
[50]	valid_0's binary_logloss: 0.366064
Training until validation scores don't improve for 50 rounds
Early stopping, best iteration is:
[42]	valid_0's binary_logloss: 0.363857
Training until validation scores don't improve for 50 rounds
Early stopping, best iteration is:
[17]	valid_0's binary_logloss: 0.686352
Training until validation scores don't improve for 50 rounds
Did not meet early stopping. Best iteration is:
[100]	valid_0's binary_logloss: 0.417016
Training until validation scores don't improve for 50 rounds
Did not meet early stopping. Best iteration is:
[51]	valid_0's binary_logloss: 0.345314
Training until validation scores don't improve for 50 rounds
Did not meet early stopping. Best iteration is:
[56]	valid_0's binary_logloss: 0.367231
Training until validation scores don't improve for 50 rounds
Early stopping, best iteration is:
[38]	valid_0's binary_logloss: 0.367976
Training until validation scores don't improve for 50 rounds
Did not meet early stopping. Best iteration is:
[77]	valid_0's binary_logloss: 0.442744
Training until validation scores don't improve for 50 rounds
Did not meet early stopping. Best iteration is:
[51]	valid_0's binary_logloss: 0.354574
Training until validation scores don't improve for 50 rounds
Early stopping, best iteration is:
[12]	valid_0's binary_logloss: 0.68672
Training until validation scores don't improve for 50 rounds
Early stopping, best iteration is:
[18]	valid_0's binary_logloss: 0.68672
Training until validation scores don't improve for 50 rounds
Did not meet early stopping. Best iteration is:
[68]	valid_0's binary_logloss: 0.604917
Training until validation scores don't improve for 50 rounds
Early stopping, best iteration is:
[44]	valid_0's binary_logloss: 0.484197
Training until validation scores don't improve for 50 rounds
Early stopping, best iteration is:
[12]	valid_0's binary_logloss: 0.68672
Training until validation scores don't improve for 50 rounds
Early stopping, best iteration is:
[25]	valid_0's binary_logloss: 0.68672
Training until validation scores don't improve for 50 rounds
Early stopping, best iteration is:
[6]	valid_0's binary_logloss: 0.600575
Training until validation scores don't improve for 50 rounds
Early stopping, best iteration is:
[10]	valid_0's binary_logloss: 0.68672
Training until validation scores don't improve for 50 rounds
Early stopping, best iteration is:
[6]	valid_0's binary_logloss: 0.598528
Training until validation scores don't improve for 50 rounds
Did not meet early stopping. Best iteration is:
[93]	valid_0's binary_logloss: 0.602854
Training until validation scores don't improve for 50 rounds
Early stopping, best iteration is:
[20]	valid_0's binary_logloss: 0.522627
Training until validation scores don't improve for 50 rounds
Early stopping, best iteration is:
[35]	valid_0's binary_logloss: 0.544302
Training until validation scores don't improve for 50 rounds
Early stopping, best iteration is:
[24]	valid_0's binary_logloss: 0.514815
Training until validation scores don't improve for 50 rounds
Did not meet early stopping. Best iteration is:
[55]	valid_0's binary_logloss: 0.468926
Training until validation scores don't improve for 50 rounds
Early stopping, best iteration is:
[9]	valid_0's binary_logloss: 0.457115
Training until validation scores don't improve for 50 rounds
Early stopping, best iteration is:
[15]	valid_0's binary_logloss: 0.486066
Training until validation scores don't improve for 50 rounds
Early stopping, best iteration is:
[16]	valid_0's binary_logloss: 0.465431
Training until validation scores don't improve for 50 rounds
Early stopping, best iteration is:
[18]	valid_0's binary_logloss: 0.591092
Training until validation scores don't improve for 50 rounds
Early stopping, best iteration is:
[7]	valid_0's binary_logloss: 0.461611
[I 2025-09-17 13:15:24,104] Trial 19 finished with value: 0.8631578947368422 and parameters: {'num_leaves': 234, 'learning_rate': 0.24796565714207555, 'feature_fraction': 0.47309957327176916, 'bagging_fraction': 0.8822703637837653, 'bagging_freq': 3, 'min_child_samples': 16}. Best is trial 18 with value: 0.8912280701754386.
[I 2025-09-17 13:15:24,132] Trial 20 finished with value: 0.8631578947368421 and parameters: {'num_leaves': 151, 'learning_rate': 0.18673028748726195, 'feature_fraction': 0.6058244296579716, 'bagging_fraction': 0.7478673876239353, 'bagging_freq': 6, 'min_child_samples': 21}. Best is trial 18 with value: 0.8912280701754386.
[I 2025-09-17 13:15:24,152] Trial 21 finished with value: 0.8385964912280702 and parameters: {'num_leaves': 109, 'learning_rate': 0.21527292863425693, 'feature_fraction': 0.5239416932326411, 'bagging_fraction': 0.9086954570067513, 'bagging_freq': 5, 'min_child_samples': 36}. Best is trial 18 with value: 0.8912280701754386.
[I 2025-09-17 13:15:24,174] Trial 22 finished with value: 0.9017543859649123 and parameters: {'num_leaves': 140, 'learning_rate': 0.24817008433522425, 'feature_fraction': 0.5833992098278672, 'bagging_fraction': 0.9349183242009822, 'bagging_freq': 5, 'min_child_samples': 30}. Best is trial 22 with value: 0.9017543859649123.
[I 2025-09-17 13:15:24,214] Trial 23 finished with value: 0.8842105263157896 and parameters: {'num_leaves': 163, 'learning_rate': 0.25764631085873213, 'feature_fraction': 0.4745033853098142, 'bagging_fraction': 0.7697350483299293, 'bagging_freq': 6, 'min_child_samples': 18}. Best is trial 22 with value: 0.9017543859649123.
[I 2025-09-17 13:15:24,253] Trial 24 finished with value: 0.8070175438596492 and parameters: {'num_leaves': 160, 'learning_rate': 0.2950823911671345, 'feature_fraction': 0.47623848701999244, 'bagging_fraction': 0.7607713640115727, 'bagging_freq': 7, 'min_child_samples': 15}. Best is trial 22 with value: 0.9017543859649123.
[I 2025-09-17 13:15:24,268] Trial 25 finished with value: 0.7473684210526317 and parameters: {'num_leaves': 165, 'learning_rate': 0.2541143941697469, 'feature_fraction': 0.48050768541193245, 'bagging_fraction': 0.781174286581027, 'bagging_freq': 6, 'min_child_samples': 41}. Best is trial 22 with value: 0.9017543859649123.
[I 2025-09-17 13:15:24,286] Trial 26 finished with value: 0.8403508771929824 and parameters: {'num_leaves': 221, 'learning_rate': 0.2387828611547546, 'feature_fraction': 0.5989321399552233, 'bagging_fraction': 0.8590030504579131, 'bagging_freq': 6, 'min_child_samples': 32}. Best is trial 22 with value: 0.9017543859649123.
[I 2025-09-17 13:15:24,388] Trial 27 finished with value: 0.8491228070175438 and parameters: {'num_leaves': 167, 'learning_rate': 0.27310374098773454, 'feature_fraction': 0.7166822289143471, 'bagging_fraction': 0.9329523755582803, 'bagging_freq': 7, 'min_child_samples': 5}. Best is trial 22 with value: 0.9017543859649123.
[I 2025-09-17 13:15:24,424] Trial 28 finished with value: 0.8771929824561403 and parameters: {'num_leaves': 234, 'learning_rate': 0.2745479483045512, 'feature_fraction': 0.4853535837519949, 'bagging_fraction': 0.6034931425347615, 'bagging_freq': 5, 'min_child_samples': 16}. Best is trial 22 with value: 0.9017543859649123.
[I 2025-09-17 13:15:24,442] Trial 29 finished with value: 0.5 and parameters: {'num_leaves': 142, 'learning_rate': 0.23975265567759524, 'feature_fraction': 0.6828844105881656, 'bagging_fraction': 0.7086926408114833, 'bagging_freq': 7, 'min_child_samples': 61}. Best is trial 22 with value: 0.9017543859649123.
[I 2025-09-17 13:15:24,460] Trial 30 finished with value: 0.8333333333333333 and parameters: {'num_leaves': 135, 'learning_rate': 0.2977483701754044, 'feature_fraction': 0.5768530257644744, 'bagging_fraction': 0.7935714784900497, 'bagging_freq': 6, 'min_child_samples': 31}. Best is trial 22 with value: 0.9017543859649123.
[I 2025-09-17 13:15:24,495] Trial 31 finished with value: 0.8456140350877193 and parameters: {'num_leaves': 241, 'learning_rate': 0.2757429571416618, 'feature_fraction': 0.4801877096572393, 'bagging_fraction': 0.5932560456568083, 'bagging_freq': 5, 'min_child_samples': 18}. Best is trial 22 with value: 0.9017543859649123.
[I 2025-09-17 13:15:24,551] Trial 32 finished with value: 0.8280701754385965 and parameters: {'num_leaves': 213, 'learning_rate': 0.2624467882957768, 'feature_fraction': 0.5081849729859375, 'bagging_fraction': 0.6077593951208373, 'bagging_freq': 4, 'min_child_samples': 10}. Best is trial 22 with value: 0.9017543859649123.
[I 2025-09-17 13:15:24,614] Trial 33 finished with value: 0.8912280701754386 and parameters: {'num_leaves': 172, 'learning_rate': 0.27906154726923016, 'feature_fraction': 0.444144379020587, 'bagging_fraction': 0.8684772212878239, 'bagging_freq': 5, 'min_child_samples': 12}. Best is trial 22 with value: 0.9017543859649123.
[I 2025-09-17 13:15:24,646] Trial 34 finished with value: 0.8631578947368421 and parameters: {'num_leaves': 168, 'learning_rate': 0.22670983927611443, 'feature_fraction': 0.44704908499123674, 'bagging_fraction': 0.8517423739231205, 'bagging_freq': 4, 'min_child_samples': 26}. Best is trial 22 with value: 0.9017543859649123.
[I 2025-09-17 13:15:24,716] Trial 35 finished with value: 0.8491228070175438 and parameters: {'num_leaves': 121, 'learning_rate': 0.28353084614645857, 'feature_fraction': 0.6378551120385285, 'bagging_fraction': 0.9498168715623894, 'bagging_freq': 5, 'min_child_samples': 9}. Best is trial 22 with value: 0.9017543859649123.
[I 2025-09-17 13:15:24,733] Trial 36 finished with value: 0.7105263157894737 and parameters: {'num_leaves': 102, 'learning_rate': 0.25390982895213876, 'feature_fraction': 0.449562676622164, 'bagging_fraction': 0.8680721519629983, 'bagging_freq': 4, 'min_child_samples': 58}. Best is trial 22 with value: 0.9017543859649123.
[I 2025-09-17 13:15:24,748] Trial 37 finished with value: 0.5 and parameters: {'num_leaves': 178, 'learning_rate': 0.17657813806872866, 'feature_fraction': 0.5712930637931797, 'bagging_fraction': 0.8187256750946703, 'bagging_freq': 6, 'min_child_samples': 94}. Best is trial 22 with value: 0.9017543859649123.
[I 2025-09-17 13:15:24,780] Trial 38 finished with value: 0.9017543859649122 and parameters: {'num_leaves': 146, 'learning_rate': 0.23163078318937574, 'feature_fraction': 0.5103515421474212, 'bagging_fraction': 0.740350056611494, 'bagging_freq': 3, 'min_child_samples': 20}. Best is trial 22 with value: 0.9017543859649123.
[I 2025-09-17 13:15:24,797] Trial 39 finished with value: 0.7087719298245614 and parameters: {'num_leaves': 153, 'learning_rate': 0.1384736111929195, 'feature_fraction': 0.7485521435349654, 'bagging_fraction': 0.7313592819927579, 'bagging_freq': 3, 'min_child_samples': 46}. Best is trial 22 with value: 0.9017543859649123.
[I 2025-09-17 13:15:24,820] Trial 40 finished with value: 0.8210526315789474 and parameters: {'num_leaves': 93, 'learning_rate': 0.16511903349836868, 'feature_fraction': 0.5079898491280049, 'bagging_fraction': 0.9320511197586617, 'bagging_freq': 2, 'min_child_samples': 29}. Best is trial 22 with value: 0.9017543859649123.
[I 2025-09-17 13:15:24,850] Trial 41 finished with value: 0.8350877192982455 and parameters: {'num_leaves': 199, 'learning_rate': 0.22901966064811213, 'feature_fraction': 0.44393561455329683, 'bagging_fraction': 0.6858563821314497, 'bagging_freq': 2, 'min_child_samples': 21}. Best is trial 22 with value: 0.9017543859649123.
[I 2025-09-17 13:15:24,905] Trial 42 finished with value: 0.8842105263157896 and parameters: {'num_leaves': 128, 'learning_rate': 0.25938367485405356, 'feature_fraction': 0.573149796532424, 'bagging_fraction': 0.7845892059644635, 'bagging_freq': 3, 'min_child_samples': 11}. Best is trial 22 with value: 0.9017543859649123.
[I 2025-09-17 13:15:24,940] Trial 43 finished with value: 0.8877192982456141 and parameters: {'num_leaves': 141, 'learning_rate': 0.28596093421869656, 'feature_fraction': 0.500720803590282, 'bagging_fraction': 0.8367586156823622, 'bagging_freq': 4, 'min_child_samples': 21}. Best is trial 22 with value: 0.9017543859649123.
[I 2025-09-17 13:15:24,958] Trial 44 finished with value: 0.8157894736842106 and parameters: {'num_leaves': 178, 'learning_rate': 0.2871768567682279, 'feature_fraction': 0.6306188711379025, 'bagging_fraction': 0.8339259909020171, 'bagging_freq': 4, 'min_child_samples': 37}. Best is trial 22 with value: 0.9017543859649123.
