[I 2025-09-17 13:15:25,024] Trial 45 finished with value: 0.8631578947368421 and parameters: {'num_leaves': 142, 'learning_rate': 0.2413962215639304, 'feature_fraction': 0.5116897039224337, 'bagging_fraction': 0.8900437356039171, 'bagging_freq': 4, 'min_child_samples': 12}. Best is trial 22 with value: 0.9017543859649123.
[I 2025-09-17 13:15:25,058] Trial 46 finished with value: 0.8543859649122808 and parameters: {'num_leaves': 146, 'learning_rate': 0.28113448730608986, 'feature_fraction': 0.4034017533598592, 'bagging_fraction': 0.8044963160275164, 'bagging_freq': 3, 'min_child_samples': 24}. Best is trial 22 with value: 0.9017543859649123.
[I 2025-09-17 13:15:25,082] Trial 47 finished with value: 0.8175438596491228 and parameters: {'num_leaves': 118, 'learning_rate': 0.20224469446293436, 'feature_fraction': 0.44296279118627063, 'bagging_fraction': 0.9977545223136458, 'bagging_freq': 4, 'min_child_samples': 35}. Best is trial 22 with value: 0.9017543859649123.
[I 2025-09-17 13:15:25,102] Trial 48 finished with value: 0.8052631578947369 and parameters: {'num_leaves': 186, 'learning_rate': 0.2685835757666245, 'feature_fraction': 0.6589543258683277, 'bagging_fraction': 0.9247388734299791, 'bagging_freq': 2, 'min_child_samples': 41}. Best is trial 22 with value: 0.9017543859649123.
[I 2025-09-17 13:15:25,141] Trial 49 finished with value: 0.856140350877193 and parameters: {'num_leaves': 133, 'learning_rate': 0.29532437375208803, 'feature_fraction': 0.552270851113214, 'bagging_fraction': 0.836668265860514, 'bagging_freq': 5, 'min_child_samples': 20}. Best is trial 22 with value: 0.9017543859649123.
[I 2025-09-17 13:15:25,403] A new study created in memory with name: no-name-9a75669b-0297-4cb6-b056-d42ed42916f4
[I 2025-09-17 13:15:25,421] Trial 0 finished with value: 0.9008264462809918 and parameters: {'num_leaves': 80, 'learning_rate': 0.08326932554506175, 'feature_fraction': 0.4854318227483889, 'bagging_fraction': 0.9557229548566483, 'bagging_freq': 1, 'min_child_samples': 46}. Best is trial 0 with value: 0.9008264462809918.
[I 2025-09-17 13:15:25,438] Trial 1 finished with value: 0.6983471074380165 and parameters: {'num_leaves': 183, 'learning_rate': 0.24811128312397196, 'feature_fraction': 0.4119319062612623, 'bagging_fraction': 0.44667600111590927, 'bagging_freq': 5, 'min_child_samples': 31}. Best is trial 0 with value: 0.9008264462809918.
[I 2025-09-17 13:15:25,463] Trial 2 finished with value: 0.9504132231404958 and parameters: {'num_leaves': 242, 'learning_rate': 0.09149310914205612, 'feature_fraction': 0.9407661839768707, 'bagging_fraction': 0.606853316156746, 'bagging_freq': 4, 'min_child_samples': 18}. Best is trial 2 with value: 0.9504132231404958.
[I 2025-09-17 13:15:25,495] Trial 3 finished with value: 0.9628099173553719 and parameters: {'num_leaves': 76, 'learning_rate': 0.016167237394348256, 'feature_fraction': 0.5606913216679851, 'bagging_fraction': 0.5855014350435448, 'bagging_freq': 7, 'min_child_samples': 22}. Best is trial 3 with value: 0.9628099173553719.
[I 2025-09-17 13:15:25,505] Trial 4 finished with value: 0.5 and parameters: {'num_leaves': 196, 'learning_rate': 0.2538206013820342, 'feature_fraction': 0.8374227026538268, 'bagging_fraction': 0.5277381104378379, 'bagging_freq': 7, 'min_child_samples': 88}. Best is trial 3 with value: 0.9628099173553719.
[I 2025-09-17 13:15:25,515] Trial 5 finished with value: 0.5 and parameters: {'num_leaves': 12, 'learning_rate': 0.21782007997094965, 'feature_fraction': 0.9676515868600566, 'bagging_fraction': 0.6137977934389833, 'bagging_freq': 4, 'min_child_samples': 58}. Best is trial 3 with value: 0.9628099173553719.
[I 2025-09-17 13:15:25,523] Trial 6 finished with value: 0.5 and parameters: {'num_leaves': 99, 'learning_rate': 0.2536661288774081, 'feature_fraction': 0.6780616013217823, 'bagging_fraction': 0.49260822369178825, 'bagging_freq': 1, 'min_child_samples': 51}. Best is trial 3 with value: 0.9628099173553719.
[I 2025-09-17 13:15:25,568] Trial 7 finished with value: 0.9545454545454546 and parameters: {'num_leaves': 13, 'learning_rate': 0.28049231939074787, 'feature_fraction': 0.5571407616259249, 'bagging_fraction': 0.8854411601647947, 'bagging_freq': 4, 'min_child_samples': 13}. Best is trial 3 with value: 0.9628099173553719.
[I 2025-09-17 13:15:25,597] Trial 8 finished with value: 0.9297520661157026 and parameters: {'num_leaves': 43, 'learning_rate': 0.1954145576217429, 'feature_fraction': 0.8345407040175408, 'bagging_fraction': 0.9900485956983492, 'bagging_freq': 7, 'min_child_samples': 25}. Best is trial 3 with value: 0.9628099173553719.
[I 2025-09-17 13:15:25,624] Trial 9 finished with value: 0.9421487603305785 and parameters: {'num_leaves': 215, 'learning_rate': 0.08543466367729118, 'feature_fraction': 0.5123313834431727, 'bagging_fraction': 0.5992430781633022, 'bagging_freq': 2, 'min_child_samples': 28}. Best is trial 3 with value: 0.9628099173553719.
[I 2025-09-17 13:15:25,639] Trial 10 finished with value: 0.5 and parameters: {'num_leaves': 290, 'learning_rate': 0.031344022011404286, 'feature_fraction': 0.6846297993504893, 'bagging_fraction': 0.7788473572301933, 'bagging_freq': 6, 'min_child_samples': 77}. Best is trial 3 with value: 0.9628099173553719.
[I 2025-09-17 13:15:25,759] Trial 11 finished with value: 0.921487603305785 and parameters: {'num_leaves': 116, 'learning_rate': 0.15973075659797942, 'feature_fraction': 0.5895334978765806, 'bagging_fraction': 0.7980781700392001, 'bagging_freq': 3, 'min_child_samples': 6}. Best is trial 3 with value: 0.9628099173553719.
[I 2025-09-17 13:15:25,830] Trial 12 finished with value: 0.9297520661157025 and parameters: {'num_leaves': 11, 'learning_rate': 0.295667618855696, 'feature_fraction': 0.5856113082229906, 'bagging_fraction': 0.8570609485039846, 'bagging_freq': 5, 'min_child_samples': 7}. Best is trial 3 with value: 0.9628099173553719.
[I 2025-09-17 13:15:25,854] Trial 13 finished with value: 0.9173553719008264 and parameters: {'num_leaves': 63, 'learning_rate': 0.012966660864794172, 'feature_fraction': 0.5737613980522447, 'bagging_fraction': 0.7401672625882224, 'bagging_freq': 3, 'min_child_samples': 40}. Best is trial 3 with value: 0.9628099173553719.
[I 2025-09-17 13:15:25,867] Trial 14 finished with value: 0.5 and parameters: {'num_leaves': 138, 'learning_rate': 0.13719497495280256, 'feature_fraction': 0.4209853615098442, 'bagging_fraction': 0.878685994201339, 'bagging_freq': 5, 'min_child_samples': 64}. Best is trial 3 with value: 0.9628099173553719.
[I 2025-09-17 13:15:25,904] Trial 15 finished with value: 0.9338842975206612 and parameters: {'num_leaves': 48, 'learning_rate': 0.14313869827661255, 'feature_fraction': 0.7716242706991014, 'bagging_fraction': 0.6765780549723852, 'bagging_freq': 6, 'min_child_samples': 18}. Best is trial 3 with value: 0.9628099173553719.
[I 2025-09-17 13:15:25,927] Trial 16 finished with value: 0.7603305785123967 and parameters: {'num_leaves': 149, 'learning_rate': 0.04598275524784172, 'feature_fraction': 0.6310236364606939, 'bagging_fraction': 0.6832804341389878, 'bagging_freq': 3, 'min_child_samples': 38}. Best is trial 3 with value: 0.9628099173553719.
[I 2025-09-17 13:15:26,029] Trial 17 finished with value: 0.9297520661157024 and parameters: {'num_leaves': 33, 'learning_rate': 0.2876683584901567, 'feature_fraction': 0.5081067880297746, 'bagging_fraction': 0.8976265824580664, 'bagging_freq': 6, 'min_child_samples': 6}. Best is trial 3 with value: 0.9628099173553719.
[I 2025-09-17 13:15:26,044] Trial 18 finished with value: 0.5 and parameters: {'num_leaves': 85, 'learning_rate': 0.18178561708256838, 'feature_fraction': 0.7261256642313854, 'bagging_fraction': 0.5453015795618498, 'bagging_freq': 2, 'min_child_samples': 100}. Best is trial 3 with value: 0.9628099173553719.
[I 2025-09-17 13:15:26,075] Trial 19 finished with value: 0.9132231404958677 and parameters: {'num_leaves': 109, 'learning_rate': 0.10405133970652056, 'feature_fraction': 0.47375552009964805, 'bagging_fraction': 0.4198562684496193, 'bagging_freq': 4, 'min_child_samples': 19}. Best is trial 3 with value: 0.9628099173553719.
[I 2025-09-17 13:15:26,109] Trial 20 finished with value: 0.9462809917355371 and parameters: {'num_leaves': 67, 'learning_rate': 0.05991111190467095, 'feature_fraction': 0.5427958086665463, 'bagging_fraction': 0.8248562806945426, 'bagging_freq': 7, 'min_child_samples': 36}. Best is trial 3 with value: 0.9628099173553719.
[I 2025-09-17 13:15:26,142] Trial 21 finished with value: 0.9338842975206612 and parameters: {'num_leaves': 246, 'learning_rate': 0.10887303990773395, 'feature_fraction': 0.9901198939256737, 'bagging_fraction': 0.6227765375844275, 'bagging_freq': 4, 'min_child_samples': 16}. Best is trial 3 with value: 0.9628099173553719.
[I 2025-09-17 13:15:26,190] Trial 22 finished with value: 0.9380165289256199 and parameters: {'num_leaves': 258, 'learning_rate': 0.05936131805593565, 'feature_fraction': 0.8919050517760279, 'bagging_fraction': 0.7269367889359427, 'bagging_freq': 4, 'min_child_samples': 16}. Best is trial 3 with value: 0.9628099173553719.
[I 2025-09-17 13:15:26,213] Trial 23 finished with value: 0.9359504132231405 and parameters: {'num_leaves': 176, 'learning_rate': 0.11592279600237382, 'feature_fraction': 0.6356081863775517, 'bagging_fraction': 0.5648342120479086, 'bagging_freq': 5, 'min_child_samples': 25}. Best is trial 3 with value: 0.9628099173553719.
[I 2025-09-17 13:15:26,272] Trial 24 finished with value: 0.9504132231404958 and parameters: {'num_leaves': 244, 'learning_rate': 0.02183322692214537, 'feature_fraction': 0.7526074396229366, 'bagging_fraction': 0.6631781679171995, 'bagging_freq': 3, 'min_child_samples': 12}. Best is trial 3 with value: 0.9628099173553719.
[I 2025-09-17 13:15:26,300] Trial 25 finished with value: 0.9504132231404958 and parameters: {'num_leaves': 296, 'learning_rate': 0.06852543385716454, 'feature_fraction': 0.9014469608630906, 'bagging_fraction': 0.485762468855667, 'bagging_freq': 4, 'min_child_samples': 23}. Best is trial 3 with value: 0.9628099173553719.
[I 2025-09-17 13:15:26,325] Trial 26 finished with value: 0.8966942148760331 and parameters: {'num_leaves': 29, 'learning_rate': 0.17643184300746456, 'feature_fraction': 0.6536039714074322, 'bagging_fraction': 0.6392326483386691, 'bagging_freq': 2, 'min_child_samples': 34}. Best is trial 3 with value: 0.9628099173553719.
[I 2025-09-17 13:15:26,339] Trial 27 finished with value: 0.5 and parameters: {'num_leaves': 139, 'learning_rate': 0.22663826978163865, 'feature_fraction': 0.8040463558092026, 'bagging_fraction': 0.5825206165753126, 'bagging_freq': 6, 'min_child_samples': 45}. Best is trial 3 with value: 0.9628099173553719.
Training until validation scores don't improve for 50 rounds
Early stopping, best iteration is:
[5]	valid_0's binary_logloss: 0.488847
Training until validation scores don't improve for 50 rounds
Early stopping, best iteration is:
[9]	valid_0's binary_logloss: 0.48204
Training until validation scores don't improve for 50 rounds
Early stopping, best iteration is:
[11]	valid_0's binary_logloss: 0.531773
Training until validation scores don't improve for 50 rounds
Early stopping, best iteration is:
[10]	valid_0's binary_logloss: 0.437053
Training until validation scores don't improve for 50 rounds
Early stopping, best iteration is:
[19]	valid_0's binary_logloss: 0.456786
Training until validation scores don't improve for 50 rounds
Early stopping, best iteration is:
[8]	valid_0's binary_logloss: 0.524221
Training until validation scores don't improve for 50 rounds
Early stopping, best iteration is:
[5]	valid_0's binary_logloss: 0.60285
Training until validation scores don't improve for 50 rounds
Early stopping, best iteration is:
[5]	valid_0's binary_logloss: 0.524199
Training until validation scores don't improve for 50 rounds
Early stopping, best iteration is:
[10]	valid_0's binary_logloss: 0.566581
Training until validation scores don't improve for 50 rounds
Early stopping, best iteration is:
[5]	valid_0's binary_logloss: 0.500549
Training until validation scores don't improve for 50 rounds
Early stopping, best iteration is:
[24]	valid_0's binary_logloss: 0.68672
Training until validation scores don't improve for 50 rounds
Early stopping, best iteration is:
[5]	valid_0's binary_logloss: 0.523914
Training until validation scores don't improve for 50 rounds
Early stopping, best iteration is:
[17]	valid_0's binary_logloss: 0.495846
Training until validation scores don't improve for 50 rounds
Early stopping, best iteration is:
[6]	valid_0's binary_logloss: 0.523206
Training until validation scores don't improve for 50 rounds
Early stopping, best iteration is:
[10]	valid_0's binary_logloss: 0.449673
Training until validation scores don't improve for 50 rounds
Early stopping, best iteration is:
[14]	valid_0's binary_logloss: 0.482985
Training until validation scores don't improve for 50 rounds
Early stopping, best iteration is:
[8]	valid_0's binary_logloss: 0.484777
Training until validation scores don't improve for 50 rounds
Early stopping, best iteration is:
[14]	valid_0's binary_logloss: 0.613641
Training until validation scores don't improve for 50 rounds
Early stopping, best iteration is:
[30]	valid_0's binary_logloss: 0.68672
Training until validation scores don't improve for 50 rounds
Early stopping, best iteration is:
[8]	valid_0's binary_logloss: 0.481755
Training until validation scores don't improve for 50 rounds
Early stopping, best iteration is:
[10]	valid_0's binary_logloss: 0.608253
Training until validation scores don't improve for 50 rounds
Early stopping, best iteration is:
[11]	valid_0's binary_logloss: 0.498934
Training until validation scores don't improve for 50 rounds
Early stopping, best iteration is:
[7]	valid_0's binary_logloss: 0.52438
Training until validation scores don't improve for 50 rounds
Early stopping, best iteration is:
[11]	valid_0's binary_logloss: 0.460504
Training until validation scores don't improve for 50 rounds
Early stopping, best iteration is:
[11]	valid_0's binary_logloss: 0.476173
Training until validation scores don't improve for 50 rounds
Early stopping, best iteration is:
[3]	valid_0's binary_logloss: 0.554025
Training until validation scores don't improve for 50 rounds
Early stopping, best iteration is:
[11]	valid_0's binary_logloss: 0.455576
Training until validation scores don't improve for 50 rounds
Early stopping, best iteration is:
[6]	valid_0's binary_logloss: 0.496051
Training until validation scores don't improve for 50 rounds
Early stopping, best iteration is:
[10]	valid_0's binary_logloss: 0.532996
Training until validation scores don't improve for 50 rounds
Early stopping, best iteration is:
[4]	valid_0's binary_logloss: 0.52911
Training until validation scores don't improve for 50 rounds
Early stopping, best iteration is:
[7]	valid_0's binary_logloss: 0.481293
Training model for P046... (normalize_per_user=True)
Training until validation scores don't improve for 50 rounds
Early stopping, best iteration is:
[31]	valid_0's binary_logloss: 0.520519
Training until validation scores don't improve for 50 rounds
Did not meet early stopping. Best iteration is:
[75]	valid_0's binary_logloss: 0.509625
Training until validation scores don't improve for 50 rounds
Early stopping, best iteration is:
[22]	valid_0's binary_logloss: 0.342816
Training until validation scores don't improve for 50 rounds
Did not meet early stopping. Best iteration is:
[100]	valid_0's binary_logloss: 0.403234
Training until validation scores don't improve for 50 rounds
Early stopping, best iteration is:
[28]	valid_0's binary_logloss: 0.636901
Training until validation scores don't improve for 50 rounds
Early stopping, best iteration is:
[17]	valid_0's binary_logloss: 0.636901
Training until validation scores don't improve for 50 rounds
Early stopping, best iteration is:
[4]	valid_0's binary_logloss: 0.636901
Training until validation scores don't improve for 50 rounds
Early stopping, best iteration is:
[9]	valid_0's binary_logloss: 0.297783
Training until validation scores don't improve for 50 rounds
Early stopping, best iteration is:
[23]	valid_0's binary_logloss: 0.320875
Training until validation scores don't improve for 50 rounds
Did not meet early stopping. Best iteration is:
[83]	valid_0's binary_logloss: 0.330342
Training until validation scores don't improve for 50 rounds
Early stopping, best iteration is:
[33]	valid_0's binary_logloss: 0.636901
Training until validation scores don't improve for 50 rounds
Early stopping, best iteration is:
[33]	valid_0's binary_logloss: 0.346131
Training until validation scores don't improve for 50 rounds
Early stopping, best iteration is:
[6]	valid_0's binary_logloss: 0.355635
Training until validation scores don't improve for 50 rounds
Did not meet early stopping. Best iteration is:
[100]	valid_0's binary_logloss: 0.562667
Training until validation scores don't improve for 50 rounds
Early stopping, best iteration is:
[20]	valid_0's binary_logloss: 0.636901
Training until validation scores don't improve for 50 rounds
Early stopping, best iteration is:
[28]	valid_0's binary_logloss: 0.352749
Training until validation scores don't improve for 50 rounds
Did not meet early stopping. Best iteration is:
[100]	valid_0's binary_logloss: 0.549029
Training until validation scores don't improve for 50 rounds
Early stopping, best iteration is:
[11]	valid_0's binary_logloss: 0.289875
Training until validation scores don't improve for 50 rounds
Early stopping, best iteration is:
[33]	valid_0's binary_logloss: 0.636901
Training until validation scores don't improve for 50 rounds
Did not meet early stopping. Best iteration is:
[85]	valid_0's binary_logloss: 0.372733
Training until validation scores don't improve for 50 rounds
Did not meet early stopping. Best iteration is:
[99]	valid_0's binary_logloss: 0.330824
Training until validation scores don't improve for 50 rounds
Early stopping, best iteration is:
[20]	valid_0's binary_logloss: 0.35747
Training until validation scores don't improve for 50 rounds
Did not meet early stopping. Best iteration is:
[97]	valid_0's binary_logloss: 0.321479
Training until validation scores don't improve for 50 rounds
Early stopping, best iteration is:
[25]	valid_0's binary_logloss: 0.364294
Training until validation scores don't improve for 50 rounds
Did not meet early stopping. Best iteration is:
[99]	valid_0's binary_logloss: 0.335102
Training until validation scores don't improve for 50 rounds
Early stopping, best iteration is:
[46]	valid_0's binary_logloss: 0.369953
Training until validation scores don't improve for 50 rounds
Early stopping, best iteration is:
[37]	valid_0's binary_logloss: 0.393965
Training until validation scores don't improve for 50 rounds
Early stopping, best iteration is:
[12]	valid_0's binary_logloss: 0.636901
[I 2025-09-17 13:15:26,403] Trial 28 finished with value: 0.9545454545454546 and parameters: {'num_leaves': 209, 'learning_rate': 0.1282206327299926, 'feature_fraction': 0.4600471925748764, 'bagging_fraction': 0.7258533476022451, 'bagging_freq': 5, 'min_child_samples': 11}. Best is trial 3 with value: 0.9628099173553719.
[I 2025-09-17 13:15:26,492] Trial 29 finished with value: 0.9669421487603306 and parameters: {'num_leaves': 208, 'learning_rate': 0.13281890268792582, 'feature_fraction': 0.4655053793160054, 'bagging_fraction': 0.9109193917328137, 'bagging_freq': 7, 'min_child_samples': 11}. Best is trial 29 with value: 0.9669421487603306.
[I 2025-09-17 13:15:26,580] Trial 30 finished with value: 0.9545454545454546 and parameters: {'num_leaves': 83, 'learning_rate': 0.1629606883702506, 'feature_fraction': 0.5478370893047854, 'bagging_fraction': 0.9731027369349957, 'bagging_freq': 7, 'min_child_samples': 11}. Best is trial 29 with value: 0.9669421487603306.
[I 2025-09-17 13:15:26,677] Trial 31 finished with value: 0.9669421487603306 and parameters: {'num_leaves': 223, 'learning_rate': 0.1336402154121679, 'feature_fraction': 0.4541897102423025, 'bagging_fraction': 0.9243859361391813, 'bagging_freq': 6, 'min_child_samples': 11}. Best is trial 29 with value: 0.9669421487603306.
[I 2025-09-17 13:15:26,715] Trial 32 finished with value: 0.9793388429752066 and parameters: {'num_leaves': 168, 'learning_rate': 0.192924913228995, 'feature_fraction': 0.4366021651268914, 'bagging_fraction': 0.8872523202101306, 'bagging_freq': 7, 'min_child_samples': 29}. Best is trial 32 with value: 0.9793388429752066.
[I 2025-09-17 13:15:26,745] Trial 33 finished with value: 0.9545454545454546 and parameters: {'num_leaves': 168, 'learning_rate': 0.20540086874604138, 'feature_fraction': 0.40756621642509516, 'bagging_fraction': 0.9321396486252479, 'bagging_freq': 7, 'min_child_samples': 30}. Best is trial 32 with value: 0.9793388429752066.
[I 2025-09-17 13:15:26,793] Trial 34 finished with value: 0.9504132231404958 and parameters: {'num_leaves': 221, 'learning_rate': 0.1491896539554586, 'feature_fraction': 0.4526787192868241, 'bagging_fraction': 0.9366523323118028, 'bagging_freq': 6, 'min_child_samples': 21}. Best is trial 32 with value: 0.9793388429752066.
[I 2025-09-17 13:15:26,821] Trial 35 finished with value: 0.9545454545454546 and parameters: {'num_leaves': 193, 'learning_rate': 0.22834146577811865, 'feature_fraction': 0.4325611667660886, 'bagging_fraction': 0.929393679949913, 'bagging_freq': 7, 'min_child_samples': 30}. Best is trial 32 with value: 0.9793388429752066.
[I 2025-09-17 13:15:26,835] Trial 36 finished with value: 0.5 and parameters: {'num_leaves': 268, 'learning_rate': 0.17777066789163176, 'feature_fraction': 0.5079226739928706, 'bagging_fraction': 0.8415782652794026, 'bagging_freq': 7, 'min_child_samples': 63}. Best is trial 32 with value: 0.9793388429752066.
