[I 2025-09-17 13:17:42,835] Trial 16 finished with value: 0.5 and parameters: {'num_leaves': 158, 'learning_rate': 0.1045505453213749, 'feature_fraction': 0.9126120302055921, 'bagging_fraction': 0.8051650474362312, 'bagging_freq': 1, 'min_child_samples': 60}. Best is trial 5 with value: 0.7996031746031745.
[I 2025-09-17 13:17:42,848] Trial 17 finished with value: 0.5 and parameters: {'num_leaves': 267, 'learning_rate': 0.2968205755607014, 'feature_fraction': 0.6261525374845389, 'bagging_fraction': 0.7384340699725014, 'bagging_freq': 2, 'min_child_samples': 87}. Best is trial 5 with value: 0.7996031746031745.
[I 2025-09-17 13:17:42,869] Trial 18 finished with value: 0.6527777777777778 and parameters: {'num_leaves': 201, 'learning_rate': 0.2393611725938981, 'feature_fraction': 0.7736445023447265, 'bagging_fraction': 0.6203899628835682, 'bagging_freq': 6, 'min_child_samples': 39}. Best is trial 5 with value: 0.7996031746031745.
[I 2025-09-17 13:17:42,928] Trial 19 finished with value: 0.6150793650793651 and parameters: {'num_leaves': 162, 'learning_rate': 0.1891445847513809, 'feature_fraction': 0.9211057150253011, 'bagging_fraction': 0.8623776080117787, 'bagging_freq': 4, 'min_child_samples': 8}. Best is trial 5 with value: 0.7996031746031745.
[I 2025-09-17 13:17:42,956] Trial 20 finished with value: 0.75 and parameters: {'num_leaves': 232, 'learning_rate': 0.11737800430509931, 'feature_fraction': 0.5615903720893936, 'bagging_fraction': 0.9999188191196757, 'bagging_freq': 2, 'min_child_samples': 36}. Best is trial 5 with value: 0.7996031746031745.
[I 2025-09-17 13:17:42,974] Trial 21 finished with value: 0.7341269841269843 and parameters: {'num_leaves': 193, 'learning_rate': 0.1816217755073481, 'feature_fraction': 0.6527920560538248, 'bagging_fraction': 0.9220518153075997, 'bagging_freq': 3, 'min_child_samples': 39}. Best is trial 5 with value: 0.7996031746031745.
[I 2025-09-17 13:17:42,986] Trial 22 finished with value: 0.4920634920634921 and parameters: {'num_leaves': 182, 'learning_rate': 0.15817579233941484, 'feature_fraction': 0.5874833376345535, 'bagging_fraction': 0.8689530232961266, 'bagging_freq': 3, 'min_child_samples': 59}. Best is trial 5 with value: 0.7996031746031745.
[I 2025-09-17 13:17:43,010] Trial 23 finished with value: 0.75 and parameters: {'num_leaves': 128, 'learning_rate': 0.06691328912906595, 'feature_fraction': 0.46636014371441514, 'bagging_fraction': 0.9250628437843502, 'bagging_freq': 4, 'min_child_samples': 46}. Best is trial 5 with value: 0.7996031746031745.
[I 2025-09-17 13:17:43,029] Trial 24 finished with value: 0.8134920634920635 and parameters: {'num_leaves': 234, 'learning_rate': 0.2769484378053948, 'feature_fraction': 0.6860458205791022, 'bagging_fraction': 0.5921963245534613, 'bagging_freq': 2, 'min_child_samples': 33}. Best is trial 24 with value: 0.8134920634920635.
[I 2025-09-17 13:17:43,056] Trial 25 finished with value: 0.8154761904761905 and parameters: {'num_leaves': 233, 'learning_rate': 0.27288180488767133, 'feature_fraction': 0.6969769976473609, 'bagging_fraction': 0.5936433166152271, 'bagging_freq': 2, 'min_child_samples': 18}. Best is trial 25 with value: 0.8154761904761905.
[I 2025-09-17 13:17:43,088] Trial 26 finished with value: 0.8095238095238094 and parameters: {'num_leaves': 227, 'learning_rate': 0.23545650947023775, 'feature_fraction': 0.705025791469482, 'bagging_fraction': 0.6038721869349158, 'bagging_freq': 1, 'min_child_samples': 25}. Best is trial 25 with value: 0.8154761904761905.
[I 2025-09-17 13:17:43,117] Trial 27 finished with value: 0.7142857142857143 and parameters: {'num_leaves': 225, 'learning_rate': 0.2350301138359323, 'feature_fraction': 0.6952013510256678, 'bagging_fraction': 0.5892753340708006, 'bagging_freq': 1, 'min_child_samples': 32}. Best is trial 25 with value: 0.8154761904761905.
[I 2025-09-17 13:17:43,147] Trial 28 finished with value: 0.75 and parameters: {'num_leaves': 218, 'learning_rate': 0.2000516610146571, 'feature_fraction': 0.6914815195252769, 'bagging_fraction': 0.4688973836957907, 'bagging_freq': 2, 'min_child_samples': 12}. Best is trial 25 with value: 0.8154761904761905.
[I 2025-09-17 13:17:43,174] Trial 29 finished with value: 0.6944444444444444 and parameters: {'num_leaves': 285, 'learning_rate': 0.2530859086710816, 'feature_fraction': 0.8361756155977313, 'bagging_fraction': 0.5856917298583579, 'bagging_freq': 1, 'min_child_samples': 23}. Best is trial 25 with value: 0.8154761904761905.
[I 2025-09-17 13:17:43,191] Trial 30 finished with value: 0.7321428571428572 and parameters: {'num_leaves': 132, 'learning_rate': 0.2986208179981625, 'feature_fraction': 0.6042101511287151, 'bagging_fraction': 0.4764960738655363, 'bagging_freq': 2, 'min_child_samples': 30}. Best is trial 25 with value: 0.8154761904761905.
[I 2025-09-17 13:17:43,204] Trial 31 finished with value: 0.5 and parameters: {'num_leaves': 277, 'learning_rate': 0.2716606746197651, 'feature_fraction': 0.7495025516653966, 'bagging_fraction': 0.7273323295184274, 'bagging_freq': 6, 'min_child_samples': 54}. Best is trial 25 with value: 0.8154761904761905.
Training until validation scores don't improve for 50 rounds
Did not meet early stopping. Best iteration is:
[71]	valid_0's binary_logloss: 0.168633
Training until validation scores don't improve for 50 rounds
Did not meet early stopping. Best iteration is:
[97]	valid_0's binary_logloss: 0.249292
Training until validation scores don't improve for 50 rounds
Did not meet early stopping. Best iteration is:
[95]	valid_0's binary_logloss: 0.380957
Training until validation scores don't improve for 50 rounds
Did not meet early stopping. Best iteration is:
[68]	valid_0's binary_logloss: 0.178546
Training until validation scores don't improve for 50 rounds
Did not meet early stopping. Best iteration is:
[72]	valid_0's binary_logloss: 0.427978
Training until validation scores don't improve for 50 rounds
Did not meet early stopping. Best iteration is:
[87]	valid_0's binary_logloss: 0.197718
Training until validation scores don't improve for 50 rounds
Did not meet early stopping. Best iteration is:
[70]	valid_0's binary_logloss: 0.180608
Training until validation scores don't improve for 50 rounds
Did not meet early stopping. Best iteration is:
[70]	valid_0's binary_logloss: 0.199513
Training until validation scores don't improve for 50 rounds
Early stopping, best iteration is:
[48]	valid_0's binary_logloss: 0.24565
Training until validation scores don't improve for 50 rounds
Early stopping, best iteration is:
[1]	valid_0's binary_logloss: 0.691651
Training until validation scores don't improve for 50 rounds
Did not meet early stopping. Best iteration is:
[59]	valid_0's binary_logloss: 0.239434
Training until validation scores don't improve for 50 rounds
Did not meet early stopping. Best iteration is:
[66]	valid_0's binary_logloss: 0.214545
Training until validation scores don't improve for 50 rounds
Did not meet early stopping. Best iteration is:
[76]	valid_0's binary_logloss: 0.177498
Training until validation scores don't improve for 50 rounds
Did not meet early stopping. Best iteration is:
[61]	valid_0's binary_logloss: 0.227404
Training until validation scores don't improve for 50 rounds
Did not meet early stopping. Best iteration is:
[100]	valid_0's binary_logloss: 0.331957
Training until validation scores don't improve for 50 rounds
Did not meet early stopping. Best iteration is:
[66]	valid_0's binary_logloss: 0.201321
Training until validation scores don't improve for 50 rounds
Did not meet early stopping. Best iteration is:
[69]	valid_0's binary_logloss: 0.21126
Training until validation scores don't improve for 50 rounds
Did not meet early stopping. Best iteration is:
[60]	valid_0's binary_logloss: 0.234769
Training until validation scores don't improve for 50 rounds
Did not meet early stopping. Best iteration is:
[78]	valid_0's binary_logloss: 0.242975
Training until validation scores don't improve for 50 rounds
Early stopping, best iteration is:
[25]	valid_0's binary_logloss: 0.544666
Training until validation scores don't improve for 50 rounds
Did not meet early stopping. Best iteration is:
[60]	valid_0's binary_logloss: 0.168194
Training until validation scores don't improve for 50 rounds
Early stopping, best iteration is:
[49]	valid_0's binary_logloss: 0.171669
Training until validation scores don't improve for 50 rounds
Did not meet early stopping. Best iteration is:
[73]	valid_0's binary_logloss: 0.224559
Training until validation scores don't improve for 50 rounds
Early stopping, best iteration is:
[1]	valid_0's binary_logloss: 0.691651
Training until validation scores don't improve for 50 rounds
Early stopping, best iteration is:
[38]	valid_0's binary_logloss: 0.271959

2. Training models on reduced 49-feature dataset (user-wise normalized)...
Training model for P024... (normalize_per_user=True)
Training until validation scores don't improve for 50 rounds
Early stopping, best iteration is:
[1]	valid_0's binary_logloss: 0.685521
Training until validation scores don't improve for 50 rounds
Early stopping, best iteration is:
[2]	valid_0's binary_logloss: 0.605008
Training until validation scores don't improve for 50 rounds
Early stopping, best iteration is:
[5]	valid_0's binary_logloss: 0.685521
Training until validation scores don't improve for 50 rounds
Early stopping, best iteration is:
[10]	valid_0's binary_logloss: 0.685521
Training until validation scores don't improve for 50 rounds
Early stopping, best iteration is:
[23]	valid_0's binary_logloss: 0.59827
Training until validation scores don't improve for 50 rounds
Early stopping, best iteration is:
[8]	valid_0's binary_logloss: 0.579767
Training until validation scores don't improve for 50 rounds
Early stopping, best iteration is:
[6]	valid_0's binary_logloss: 0.59815
Training until validation scores don't improve for 50 rounds
Early stopping, best iteration is:
[44]	valid_0's binary_logloss: 0.617331
Training until validation scores don't improve for 50 rounds
Early stopping, best iteration is:
[8]	valid_0's binary_logloss: 0.595785
Training until validation scores don't improve for 50 rounds
Did not meet early stopping. Best iteration is:
[79]	valid_0's binary_logloss: 0.615388
Training until validation scores don't improve for 50 rounds
Early stopping, best iteration is:
[3]	valid_0's binary_logloss: 0.685521
Training until validation scores don't improve for 50 rounds
Early stopping, best iteration is:
[22]	valid_0's binary_logloss: 0.574725
Training until validation scores don't improve for 50 rounds
Early stopping, best iteration is:
[2]	valid_0's binary_logloss: 0.625195
Training until validation scores don't improve for 50 rounds
Early stopping, best iteration is:
[4]	valid_0's binary_logloss: 0.685521
Training until validation scores don't improve for 50 rounds
Early stopping, best iteration is:
[50]	valid_0's binary_logloss: 0.588743
Training until validation scores don't improve for 50 rounds
Early stopping, best iteration is:
[1]	valid_0's binary_logloss: 0.685521
Training until validation scores don't improve for 50 rounds
Early stopping, best iteration is:
[6]	valid_0's binary_logloss: 0.685521
Training until validation scores don't improve for 50 rounds
Early stopping, best iteration is:
[6]	valid_0's binary_logloss: 0.685521
Training until validation scores don't improve for 50 rounds
Early stopping, best iteration is:
[32]	valid_0's binary_logloss: 0.637456
Training until validation scores don't improve for 50 rounds
Early stopping, best iteration is:
[2]	valid_0's binary_logloss: 0.67821
Training until validation scores don't improve for 50 rounds
Early stopping, best iteration is:
[24]	valid_0's binary_logloss: 0.594493
Training until validation scores don't improve for 50 rounds
Early stopping, best iteration is:
[15]	valid_0's binary_logloss: 0.59751
Training until validation scores don't improve for 50 rounds
Early stopping, best iteration is:
[3]	valid_0's binary_logloss: 0.685521
Training until validation scores don't improve for 50 rounds
Did not meet early stopping. Best iteration is:
[98]	valid_0's binary_logloss: 0.596183
Training until validation scores don't improve for 50 rounds
Early stopping, best iteration is:
[3]	valid_0's binary_logloss: 0.577081
Training until validation scores don't improve for 50 rounds
Early stopping, best iteration is:
[4]	valid_0's binary_logloss: 0.562538
Training until validation scores don't improve for 50 rounds
Early stopping, best iteration is:
[39]	valid_0's binary_logloss: 0.54369
Training until validation scores don't improve for 50 rounds
Early stopping, best iteration is:
[41]	valid_0's binary_logloss: 0.613256
Training until validation scores don't improve for 50 rounds
Early stopping, best iteration is:
[8]	valid_0's binary_logloss: 0.585251
Training until validation scores don't improve for 50 rounds
Early stopping, best iteration is:
[27]	valid_0's binary_logloss: 0.611219
Training until validation scores don't improve for 50 rounds
Early stopping, best iteration is:
[9]	valid_0's binary_logloss: 0.600095
Training until validation scores don't improve for 50 rounds
Early stopping, best iteration is:
[2]	valid_0's binary_logloss: 0.685521
Training until validation scores don't improve for 50 rounds
[I 2025-09-17 13:17:43,227] Trial 32 finished with value: 0.748015873015873 and parameters: {'num_leaves': 241, 'learning_rate': 0.2736217836765312, 'feature_fraction': 0.6800347562850536, 'bagging_fraction': 0.5981771059597485, 'bagging_freq': 1, 'min_child_samples': 21}. Best is trial 25 with value: 0.8154761904761905.
[I 2025-09-17 13:17:43,265] Trial 33 finished with value: 0.7837301587301587 and parameters: {'num_leaves': 247, 'learning_rate': 0.2336804576726629, 'feature_fraction': 0.7486093909231879, 'bagging_fraction': 0.6810077051634591, 'bagging_freq': 2, 'min_child_samples': 12}. Best is trial 25 with value: 0.8154761904761905.
[I 2025-09-17 13:17:43,282] Trial 34 finished with value: 0.7202380952380952 and parameters: {'num_leaves': 266, 'learning_rate': 0.27706459243488774, 'feature_fraction': 0.8211527481806236, 'bagging_fraction': 0.5620859427379631, 'bagging_freq': 1, 'min_child_samples': 32}. Best is trial 25 with value: 0.8154761904761905.
[I 2025-09-17 13:17:43,294] Trial 35 finished with value: 0.5 and parameters: {'num_leaves': 210, 'learning_rate': 0.25808246402659196, 'feature_fraction': 0.7096523906876088, 'bagging_fraction': 0.49810548852966946, 'bagging_freq': 5, 'min_child_samples': 44}. Best is trial 25 with value: 0.8154761904761905.
[I 2025-09-17 13:17:43,320] Trial 36 finished with value: 0.7579365079365079 and parameters: {'num_leaves': 173, 'learning_rate': 0.27898977175855566, 'feature_fraction': 0.7761497610853804, 'bagging_fraction': 0.6231916325854455, 'bagging_freq': 2, 'min_child_samples': 22}. Best is trial 25 with value: 0.8154761904761905.
[I 2025-09-17 13:17:43,330] Trial 37 finished with value: 0.5 and parameters: {'num_leaves': 248, 'learning_rate': 0.2600967816106762, 'feature_fraction': 0.6664958613606385, 'bagging_fraction': 0.6335447680666523, 'bagging_freq': 1, 'min_child_samples': 54}. Best is trial 25 with value: 0.8154761904761905.
[I 2025-09-17 13:17:43,356] Trial 38 finished with value: 0.7738095238095238 and parameters: {'num_leaves': 280, 'learning_rate': 0.21874231380681425, 'feature_fraction': 0.8685981484528179, 'bagging_fraction': 0.5618906408675703, 'bagging_freq': 4, 'min_child_samples': 14}. Best is trial 25 with value: 0.8154761904761905.
[I 2025-09-17 13:17:43,367] Trial 39 finished with value: 0.5 and parameters: {'num_leaves': 46, 'learning_rate': 0.24380603208184715, 'feature_fraction': 0.7227820491895199, 'bagging_fraction': 0.4467479176073502, 'bagging_freq': 6, 'min_child_samples': 66}. Best is trial 25 with value: 0.8154761904761905.
[I 2025-09-17 13:17:43,390] Trial 40 finished with value: 0.6706349206349207 and parameters: {'num_leaves': 128, 'learning_rate': 0.26716639253701757, 'feature_fraction': 0.6079681926372336, 'bagging_fraction': 0.5189102740872735, 'bagging_freq': 7, 'min_child_samples': 34}. Best is trial 25 with value: 0.8154761904761905.
[I 2025-09-17 13:17:43,426] Trial 41 finished with value: 0.8035714285714285 and parameters: {'num_leaves': 249, 'learning_rate': 0.23273282832785272, 'feature_fraction': 0.7600947785462134, 'bagging_fraction': 0.6721703139591297, 'bagging_freq': 2, 'min_child_samples': 11}. Best is trial 25 with value: 0.8154761904761905.
[I 2025-09-17 13:17:43,464] Trial 42 finished with value: 0.7063492063492064 and parameters: {'num_leaves': 239, 'learning_rate': 0.20482124342828928, 'feature_fraction': 0.7657569553786167, 'bagging_fraction': 0.6962258012050996, 'bagging_freq': 2, 'min_child_samples': 17}. Best is trial 25 with value: 0.8154761904761905.
[I 2025-09-17 13:17:43,490] Trial 43 finished with value: 0.7738095238095238 and parameters: {'num_leaves': 265, 'learning_rate': 0.28305749116220613, 'feature_fraction': 0.7284139119261617, 'bagging_fraction': 0.7802670218364316, 'bagging_freq': 3, 'min_child_samples': 28}. Best is trial 25 with value: 0.8154761904761905.
[I 2025-09-17 13:17:43,579] Trial 44 finished with value: 0.7619047619047619 and parameters: {'num_leaves': 221, 'learning_rate': 0.01230463166443943, 'feature_fraction': 0.8089766025521842, 'bagging_fraction': 0.7387498632011879, 'bagging_freq': 1, 'min_child_samples': 8}. Best is trial 25 with value: 0.8154761904761905.
[I 2025-09-17 13:17:43,606] Trial 45 finished with value: 0.7222222222222222 and parameters: {'num_leaves': 204, 'learning_rate': 0.22824330983429642, 'feature_fraction': 0.677771687294437, 'bagging_fraction': 0.6631295700055283, 'bagging_freq': 2, 'min_child_samples': 24}. Best is trial 25 with value: 0.8154761904761905.
[I 2025-09-17 13:17:43,633] Trial 46 finished with value: 0.7757936507936508 and parameters: {'num_leaves': 290, 'learning_rate': 0.2484361602852454, 'feature_fraction': 0.8455475653638302, 'bagging_fraction': 0.5572155844870952, 'bagging_freq': 3, 'min_child_samples': 17}. Best is trial 25 with value: 0.8154761904761905.
[I 2025-09-17 13:17:43,654] Trial 47 finished with value: 0.5 and parameters: {'num_leaves': 252, 'learning_rate': 0.28961857990897577, 'feature_fraction': 0.7475142174126715, 'bagging_fraction': 0.5980784079165773, 'bagging_freq': 4, 'min_child_samples': 51}. Best is trial 25 with value: 0.8154761904761905.
[I 2025-09-17 13:17:43,761] Trial 48 finished with value: 0.8015873015873016 and parameters: {'num_leaves': 233, 'learning_rate': 0.25859648285554854, 'feature_fraction': 0.7117018781130322, 'bagging_fraction': 0.8353133064916659, 'bagging_freq': 1, 'min_child_samples': 5}. Best is trial 25 with value: 0.8154761904761905.
[I 2025-09-17 13:17:43,821] Trial 49 finished with value: 0.6825396825396826 and parameters: {'num_leaves': 229, 'learning_rate': 0.19316365249592743, 'feature_fraction': 0.6196948102798339, 'bagging_fraction': 0.8215778663904749, 'bagging_freq': 1, 'min_child_samples': 8}. Best is trial 25 with value: 0.8154761904761905.
[I 2025-09-17 13:17:44,039] A new study created in memory with name: no-name-09cab40b-da4b-4395-bffe-c17b5ef87ac4
[I 2025-09-17 13:17:44,048] Trial 0 finished with value: 0.5 and parameters: {'num_leaves': 50, 'learning_rate': 0.1567216185009068, 'feature_fraction': 0.8849956994677246, 'bagging_fraction': 0.6603325133517295, 'bagging_freq': 4, 'min_child_samples': 92}. Best is trial 0 with value: 0.5.
[I 2025-09-17 13:17:44,075] Trial 1 finished with value: 0.75 and parameters: {'num_leaves': 33, 'learning_rate': 0.29857033508393427, 'feature_fraction': 0.9057253786715036, 'bagging_fraction': 0.6988466068410084, 'bagging_freq': 2, 'min_child_samples': 14}. Best is trial 1 with value: 0.75.
[I 2025-09-17 13:17:44,082] Trial 2 finished with value: 0.5 and parameters: {'num_leaves': 87, 'learning_rate': 0.24736254065185392, 'feature_fraction': 0.706874283224465, 'bagging_fraction': 0.4083885345176601, 'bagging_freq': 6, 'min_child_samples': 80}. Best is trial 1 with value: 0.75.
[I 2025-09-17 13:17:44,098] Trial 3 finished with value: 0.5714285714285714 and parameters: {'num_leaves': 184, 'learning_rate': 0.01872959129743519, 'feature_fraction': 0.7415312102471172, 'bagging_fraction': 0.7119261625182842, 'bagging_freq': 7, 'min_child_samples': 46}. Best is trial 1 with value: 0.75.
[I 2025-09-17 13:17:44,122] Trial 4 finished with value: 0.8412698412698413 and parameters: {'num_leaves': 192, 'learning_rate': 0.058757523319134, 'feature_fraction': 0.9400735373363895, 'bagging_fraction': 0.7944326870749454, 'bagging_freq': 6, 'min_child_samples': 19}. Best is trial 4 with value: 0.8412698412698413.
[I 2025-09-17 13:17:44,130] Trial 5 finished with value: 0.5 and parameters: {'num_leaves': 163, 'learning_rate': 0.04912061836125104, 'feature_fraction': 0.7436083778343932, 'bagging_fraction': 0.5626559164406358, 'bagging_freq': 4, 'min_child_samples': 54}. Best is trial 4 with value: 0.8412698412698413.
[I 2025-09-17 13:17:44,170] Trial 6 finished with value: 0.7698412698412699 and parameters: {'num_leaves': 24, 'learning_rate': 0.06939160131868485, 'feature_fraction': 0.5866049850916827, 'bagging_fraction': 0.5036691945416192, 'bagging_freq': 2, 'min_child_samples': 10}. Best is trial 4 with value: 0.8412698412698413.
[I 2025-09-17 13:17:44,185] Trial 7 finished with value: 0.7083333333333334 and parameters: {'num_leaves': 90, 'learning_rate': 0.288698491110938, 'feature_fraction': 0.510546775636157, 'bagging_fraction': 0.6998118640851794, 'bagging_freq': 7, 'min_child_samples': 41}. Best is trial 4 with value: 0.8412698412698413.
[I 2025-09-17 13:17:44,218] Trial 8 finished with value: 0.8015873015873016 and parameters: {'num_leaves': 269, 'learning_rate': 0.13171498970362586, 'feature_fraction': 0.40167375056214616, 'bagging_fraction': 0.5621364435534754, 'bagging_freq': 1, 'min_child_samples': 23}. Best is trial 4 with value: 0.8412698412698413.
