[I 2025-09-17 13:15:19,025] Trial 9 finished with value: 0.5 and parameters: {'num_leaves': 150, 'learning_rate': 0.03105968640070183, 'feature_fraction': 0.4983462298345017, 'bagging_fraction': 0.6380019066985472, 'bagging_freq': 5, 'min_child_samples': 62}. Best is trial 1 with value: 0.9017543859649123.
[I 2025-09-17 13:15:19,098] Trial 10 finished with value: 0.9087719298245615 and parameters: {'num_leaves': 90, 'learning_rate': 0.10903663782123899, 'feature_fraction': 0.9610606839990092, 'bagging_fraction': 0.42324824822896856, 'bagging_freq': 2, 'min_child_samples': 5}. Best is trial 10 with value: 0.9087719298245615.
[I 2025-09-17 13:15:19,169] Trial 11 finished with value: 0.9157894736842106 and parameters: {'num_leaves': 78, 'learning_rate': 0.10995416298542111, 'feature_fraction': 0.9752744817032247, 'bagging_fraction': 0.41694203896873894, 'bagging_freq': 2, 'min_child_samples': 5}. Best is trial 11 with value: 0.9157894736842106.
[I 2025-09-17 13:15:19,192] Trial 12 finished with value: 0.8385964912280702 and parameters: {'num_leaves': 73, 'learning_rate': 0.1394905865764627, 'feature_fraction': 0.9749001568052565, 'bagging_fraction': 0.40577056308246906, 'bagging_freq': 3, 'min_child_samples': 25}. Best is trial 11 with value: 0.9157894736842106.
[I 2025-09-17 13:15:19,211] Trial 13 finished with value: 0.8333333333333334 and parameters: {'num_leaves': 71, 'learning_rate': 0.15093850358451916, 'feature_fraction': 0.979466226522363, 'bagging_fraction': 0.5076403663532703, 'bagging_freq': 2, 'min_child_samples': 30}. Best is trial 11 with value: 0.9157894736842106.
[I 2025-09-17 13:15:19,235] Trial 14 finished with value: 0.8842105263157893 and parameters: {'num_leaves': 80, 'learning_rate': 0.08972190528766477, 'feature_fraction': 0.9113483273362625, 'bagging_fraction': 0.6165949826994299, 'bagging_freq': 2, 'min_child_samples': 34}. Best is trial 11 with value: 0.9157894736842106.
[I 2025-09-17 13:15:19,298] Trial 15 finished with value: 0.887719298245614 and parameters: {'num_leaves': 47, 'learning_rate': 0.13102200088422367, 'feature_fraction': 0.9960760478610411, 'bagging_fraction': 0.7211643075892605, 'bagging_freq': 4, 'min_child_samples': 10}. Best is trial 11 with value: 0.9157894736842106.
[I 2025-09-17 13:15:19,370] Trial 16 finished with value: 0.9017543859649122 and parameters: {'num_leaves': 112, 'learning_rate': 0.19082330224572713, 'feature_fraction': 0.915703247357641, 'bagging_fraction': 0.47422186597102683, 'bagging_freq': 2, 'min_child_samples': 5}. Best is trial 11 with value: 0.9157894736842106.
[I 2025-09-17 13:15:19,405] Trial 17 finished with value: 0.8982456140350877 and parameters: {'num_leaves': 170, 'learning_rate': 0.27675258883065224, 'feature_fraction': 0.4266309437525984, 'bagging_fraction': 0.9950798491775834, 'bagging_freq': 5, 'min_child_samples': 22}. Best is trial 11 with value: 0.9157894736842106.
[I 2025-09-17 13:15:19,427] Trial 18 finished with value: 0.7456140350877194 and parameters: {'num_leaves': 46, 'learning_rate': 0.0625037982742338, 'feature_fraction': 0.9141191250559625, 'bagging_fraction': 0.598423057012252, 'bagging_freq': 4, 'min_child_samples': 40}. Best is trial 11 with value: 0.9157894736842106.
[I 2025-09-17 13:15:19,455] Trial 19 finished with value: 0.9140350877192982 and parameters: {'num_leaves': 96, 'learning_rate': 0.16565939556120668, 'feature_fraction': 0.7894749603524369, 'bagging_fraction': 0.7495112174935343, 'bagging_freq': 3, 'min_child_samples': 21}. Best is trial 11 with value: 0.9157894736842106.
[I 2025-09-17 13:15:19,484] Trial 20 finished with value: 0.8842105263157894 and parameters: {'num_leaves': 47, 'learning_rate': 0.17945602641866829, 'feature_fraction': 0.7744846052984049, 'bagging_fraction': 0.7625975040342701, 'bagging_freq': 3, 'min_child_samples': 19}. Best is trial 11 with value: 0.9157894736842106.
[I 2025-09-17 13:15:19,595] Trial 21 finished with value: 0.887719298245614 and parameters: {'num_leaves': 99, 'learning_rate': 0.12514256058633605, 'feature_fraction': 0.6223072517813003, 'bagging_fraction': 0.76923838159267, 'bagging_freq': 2, 'min_child_samples': 5}. Best is trial 11 with value: 0.9157894736842106.
[I 2025-09-17 13:15:19,622] Trial 22 finished with value: 0.887719298245614 and parameters: {'num_leaves': 136, 'learning_rate': 0.08662029367330967, 'feature_fraction': 0.9265600882828214, 'bagging_fraction': 0.45409839340271396, 'bagging_freq': 3, 'min_child_samples': 16}. Best is trial 11 with value: 0.9157894736842106.
[I 2025-09-17 13:15:19,649] Trial 23 finished with value: 0.8736842105263158 and parameters: {'num_leaves': 87, 'learning_rate': 0.15899452929030683, 'feature_fraction': 0.865855480401131, 'bagging_fraction': 0.6762538285659643, 'bagging_freq': 1, 'min_child_samples': 36}. Best is trial 11 with value: 0.9157894736842106.
[I 2025-09-17 13:15:19,677] Trial 24 finished with value: 0.912280701754386 and parameters: {'num_leaves': 190, 'learning_rate': 0.11618941751882808, 'feature_fraction': 0.9498087936566635, 'bagging_fraction': 0.8213044296722676, 'bagging_freq': 2, 'min_child_samples': 26}. Best is trial 11 with value: 0.9157894736842106.
[I 2025-09-17 13:15:19,702] Trial 25 finished with value: 0.9087719298245613 and parameters: {'num_leaves': 197, 'learning_rate': 0.169632784539118, 'feature_fraction': 0.6634140549293204, 'bagging_fraction': 0.8197464811019829, 'bagging_freq': 4, 'min_child_samples': 27}. Best is trial 11 with value: 0.9157894736842106.
[I 2025-09-17 13:15:19,719] Trial 26 finished with value: 0.8350877192982455 and parameters: {'num_leaves': 243, 'learning_rate': 0.2208670945914377, 'feature_fraction': 0.776408836111031, 'bagging_fraction': 0.9055026337054772, 'bagging_freq': 3, 'min_child_samples': 44}. Best is trial 11 with value: 0.9157894736842106.
[I 2025-09-17 13:15:19,757] Trial 27 finished with value: 0.9052631578947368 and parameters: {'num_leaves': 180, 'learning_rate': 0.12385156323735431, 'feature_fraction': 0.8855619960561512, 'bagging_fraction': 0.7734604487026724, 'bagging_freq': 2, 'min_child_samples': 16}. Best is trial 11 with value: 0.9157894736842106.
[I 2025-09-17 13:15:19,791] Trial 28 finished with value: 0.9052631578947369 and parameters: {'num_leaves': 138, 'learning_rate': 0.06429581982177798, 'feature_fraction': 0.9379885560042496, 'bagging_fraction': 0.8975160634893232, 'bagging_freq': 1, 'min_child_samples': 23}. Best is trial 11 with value: 0.9157894736842106.
[I 2025-09-17 13:15:19,834] Trial 29 finished with value: 0.9175438596491228 and parameters: {'num_leaves': 188, 'learning_rate': 0.15150118863050813, 'feature_fraction': 0.5696332128458972, 'bagging_fraction': 0.7086188723409738, 'bagging_freq': 5, 'min_child_samples': 15}. Best is trial 29 with value: 0.9175438596491228.
[I 2025-09-17 13:15:19,897] Trial 30 finished with value: 0.912280701754386 and parameters: {'num_leaves': 274, 'learning_rate': 0.010951312144540037, 'feature_fraction': 0.56304889656198, 'bagging_fraction': 0.7007421625055525, 'bagging_freq': 7, 'min_child_samples': 14}. Best is trial 29 with value: 0.9175438596491228.
[I 2025-09-17 13:15:19,919] Trial 31 finished with value: 0.8508771929824561 and parameters: {'num_leaves': 188, 'learning_rate': 0.15141780464368002, 'feature_fraction': 0.542090674828195, 'bagging_fraction': 0.7337790139675592, 'bagging_freq': 5, 'min_child_samples': 32}. Best is trial 29 with value: 0.9175438596491228.
[I 2025-09-17 13:15:19,969] Trial 32 finished with value: 0.8982456140350877 and parameters: {'num_leaves': 218, 'learning_rate': 0.14124944167258102, 'feature_fraction': 0.728077563469701, 'bagging_fraction': 0.6661646515465861, 'bagging_freq': 6, 'min_child_samples': 12}. Best is trial 29 with value: 0.9175438596491228.
[I 2025-09-17 13:15:20,017] Trial 33 finished with value: 0.8842105263157893 and parameters: {'num_leaves': 156, 'learning_rate': 0.09319185673750646, 'feature_fraction': 0.45553380499678003, 'bagging_fraction': 0.8180082275237112, 'bagging_freq': 6, 'min_child_samples': 19}. Best is trial 29 with value: 0.9175438596491228.
[I 2025-09-17 13:15:20,090] Trial 34 finished with value: 0.8982456140350876 and parameters: {'num_leaves': 256, 'learning_rate': 0.11696522254739697, 'feature_fraction': 0.5972864956416641, 'bagging_fraction': 0.7918120816535416, 'bagging_freq': 4, 'min_child_samples': 11}. Best is trial 29 with value: 0.9175438596491228.
[I 2025-09-17 13:15:20,119] Trial 35 finished with value: 0.9157894736842105 and parameters: {'num_leaves': 292, 'learning_rate': 0.16698962817584054, 'feature_fraction': 0.6995633675140661, 'bagging_fraction': 0.8698161684553599, 'bagging_freq': 1, 'min_child_samples': 25}. Best is trial 29 with value: 0.9175438596491228.
[I 2025-09-17 13:15:20,140] Trial 36 finished with value: 0.8929824561403509 and parameters: {'num_leaves': 28, 'learning_rate': 0.20070702240708935, 'feature_fraction': 0.6940074262959821, 'bagging_fraction': 0.954129337451011, 'bagging_freq': 1, 'min_child_samples': 37}. Best is trial 29 with value: 0.9175438596491228.
[I 2025-09-17 13:15:20,150] Trial 37 finished with value: 0.5 and parameters: {'num_leaves': 286, 'learning_rate': 0.17137766330245008, 'feature_fraction': 0.7497619993959951, 'bagging_fraction': 0.5855354509188107, 'bagging_freq': 1, 'min_child_samples': 72}. Best is trial 29 with value: 0.9175438596491228.
[I 2025-09-17 13:15:20,184] Trial 38 finished with value: 0.9157894736842105 and parameters: {'num_leaves': 118, 'learning_rate': 0.21627555315188365, 'feature_fraction': 0.6505226545436489, 'bagging_fraction': 0.8763537630648502, 'bagging_freq': 1, 'min_child_samples': 20}. Best is trial 29 with value: 0.9175438596491228.
[I 2025-09-17 13:15:20,202] Trial 39 finished with value: 0.8333333333333335 and parameters: {'num_leaves': 298, 'learning_rate': 0.22697303690975507, 'feature_fraction': 0.6513075380172421, 'bagging_fraction': 0.8772938490070158, 'bagging_freq': 1, 'min_child_samples': 47}. Best is trial 29 with value: 0.9175438596491228.
[I 2025-09-17 13:15:20,217] Trial 40 finished with value: 0.5 and parameters: {'num_leaves': 129, 'learning_rate': 0.2580577656909785, 'feature_fraction': 0.5771848915239508, 'bagging_fraction': 0.9378731305963661, 'bagging_freq': 1, 'min_child_samples': 98}. Best is trial 29 with value: 0.9175438596491228.
[I 2025-09-17 13:15:20,258] Trial 41 finished with value: 0.9087719298245613 and parameters: {'num_leaves': 116, 'learning_rate': 0.20824361763204738, 'feature_fraction': 0.5258451403495543, 'bagging_fraction': 0.8555377812510548, 'bagging_freq': 1, 'min_child_samples': 19}. Best is trial 29 with value: 0.9175438596491228.
[I 2025-09-17 13:15:20,305] Trial 42 finished with value: 0.9017543859649122 and parameters: {'num_leaves': 101, 'learning_rate': 0.18950090974583675, 'feature_fraction': 0.6278107095019481, 'bagging_fraction': 0.6428340078229873, 'bagging_freq': 2, 'min_child_samples': 10}. Best is trial 29 with value: 0.9175438596491228.
[I 2025-09-17 13:15:20,325] Trial 43 finished with value: 0.8824561403508773 and parameters: {'num_leaves': 59, 'learning_rate': 0.17210679979023755, 'feature_fraction': 0.7091473707209653, 'bagging_fraction': 0.7395166841755353, 'bagging_freq': 5, 'min_child_samples': 30}. Best is trial 29 with value: 0.9175438596491228.
[I 2025-09-17 13:15:20,361] Trial 44 finished with value: 0.868421052631579 and parameters: {'num_leaves': 146, 'learning_rate': 0.29890342338870185, 'feature_fraction': 0.8268439043798904, 'bagging_fraction': 0.8584362263322249, 'bagging_freq': 1, 'min_child_samples': 20}. Best is trial 29 with value: 0.9175438596491228.
[I 2025-09-17 13:15:20,387] Trial 45 finished with value: 0.912280701754386 and parameters: {'num_leaves': 100, 'learning_rate': 0.14153301236104673, 'feature_fraction': 0.6945228081667358, 'bagging_fraction': 0.9383071435033786, 'bagging_freq': 3, 'min_child_samples': 27}. Best is trial 29 with value: 0.9175438596491228.
[I 2025-09-17 13:15:20,429] Trial 46 finished with value: 0.9157894736842105 and parameters: {'num_leaves': 258, 'learning_rate': 0.23390308656575756, 'feature_fraction': 0.6453266444009368, 'bagging_fraction': 0.7056422329152447, 'bagging_freq': 2, 'min_child_samples': 14}. Best is trial 29 with value: 0.9175438596491228.
[I 2025-09-17 13:15:20,503] Trial 47 finished with value: 0.9263157894736842 and parameters: {'num_leaves': 256, 'learning_rate': 0.2619575613013273, 'feature_fraction': 0.4873002674681956, 'bagging_fraction': 0.7044392480277476, 'bagging_freq': 2, 'min_child_samples': 8}. Best is trial 47 with value: 0.9263157894736842.
[I 2025-09-17 13:15:20,560] Trial 48 finished with value: 0.9052631578947369 and parameters: {'num_leaves': 232, 'learning_rate': 0.26022582178019993, 'feature_fraction': 0.4888883548258839, 'bagging_fraction': 0.5362674360200725, 'bagging_freq': 1, 'min_child_samples': 10}. Best is trial 47 with value: 0.9263157894736842.
[I 2025-09-17 13:15:20,674] Trial 49 finished with value: 0.9087719298245613 and parameters: {'num_leaves': 285, 'learning_rate': 0.2764566169531325, 'feature_fraction': 0.4753775465052451, 'bagging_fraction': 0.7934570671879373, 'bagging_freq': 6, 'min_child_samples': 5}. Best is trial 47 with value: 0.9263157894736842.
[I 2025-09-17 13:15:20,989] A new study created in memory with name: no-name-adb3ea97-f90d-4f0c-be88-6d7775dd1707
[I 2025-09-17 13:15:21,001] Trial 0 finished with value: 0.5 and parameters: {'num_leaves': 265, 'learning_rate': 0.29456093131983674, 'feature_fraction': 0.511819735077381, 'bagging_fraction': 0.7426627527491132, 'bagging_freq': 7, 'min_child_samples': 90}. Best is trial 0 with value: 0.5.
[I 2025-09-17 13:15:21,013] Trial 1 finished with value: 0.5 and parameters: {'num_leaves': 230, 'learning_rate': 0.21729634664647027, 'feature_fraction': 0.7728401713464987, 'bagging_fraction': 0.46774989964144464, 'bagging_freq': 1, 'min_child_samples': 85}. Best is trial 0 with value: 0.5.
[I 2025-09-17 13:15:21,025] Trial 2 finished with value: 0.5 and parameters: {'num_leaves': 294, 'learning_rate': 0.04492051652123128, 'feature_fraction': 0.8961454774663148, 'bagging_fraction': 0.5027147728524533, 'bagging_freq': 4, 'min_child_samples': 53}. Best is trial 0 with value: 0.5.
[I 2025-09-17 13:15:21,040] Trial 3 finished with value: 0.5 and parameters: {'num_leaves': 69, 'learning_rate': 0.24666541827817945, 'feature_fraction': 0.4770831396043413, 'bagging_fraction': 0.46211650110402647, 'bagging_freq': 5, 'min_child_samples': 75}. Best is trial 0 with value: 0.5.
[I 2025-09-17 13:15:21,049] Trial 4 finished with value: 0.5 and parameters: {'num_leaves': 240, 'learning_rate': 0.16037140861827376, 'feature_fraction': 0.5952079365831198, 'bagging_fraction': 0.6067731551489423, 'bagging_freq': 3, 'min_child_samples': 63}. Best is trial 0 with value: 0.5.
[I 2025-09-17 13:15:21,064] Trial 5 finished with value: 0.5 and parameters: {'num_leaves': 189, 'learning_rate': 0.22362252357689086, 'feature_fraction': 0.958620262338737, 'bagging_fraction': 0.4857911956417241, 'bagging_freq': 3, 'min_child_samples': 93}. Best is trial 0 with value: 0.5.
[I 2025-09-17 13:15:21,082] Trial 6 finished with value: 0.8561403508771931 and parameters: {'num_leaves': 158, 'learning_rate': 0.23189113369261197, 'feature_fraction': 0.5152377097335007, 'bagging_fraction': 0.6423675767707513, 'bagging_freq': 7, 'min_child_samples': 44}. Best is trial 6 with value: 0.8561403508771931.
[I 2025-09-17 13:15:21,103] Trial 7 finished with value: 0.5 and parameters: {'num_leaves': 219, 'learning_rate': 0.24675589640749987, 'feature_fraction': 0.8434166552870805, 'bagging_fraction': 0.4524408530092229, 'bagging_freq': 3, 'min_child_samples': 55}. Best is trial 6 with value: 0.8561403508771931.
[I 2025-09-17 13:15:21,114] Trial 8 finished with value: 0.5 and parameters: {'num_leaves': 87, 'learning_rate': 0.02323113830394631, 'feature_fraction': 0.64837031161033, 'bagging_fraction': 0.5667367024624994, 'bagging_freq': 5, 'min_child_samples': 66}. Best is trial 6 with value: 0.8561403508771931.
[I 2025-09-17 13:15:21,143] Trial 9 finished with value: 0.9192982456140352 and parameters: {'num_leaves': 87, 'learning_rate': 0.16302059949221526, 'feature_fraction': 0.9033866151553819, 'bagging_fraction': 0.8417833390215423, 'bagging_freq': 7, 'min_child_samples': 31}. Best is trial 9 with value: 0.9192982456140352.
