[I 2025-09-17 13:18:12,909] Trial 27 finished with value: 0.8305785123966942 and parameters: {'num_leaves': 148, 'learning_rate': 0.1261831778178818, 'feature_fraction': 0.45402819361913227, 'bagging_fraction': 0.49319124438622275, 'bagging_freq': 5, 'min_child_samples': 25}. Best is trial 25 with value: 0.9049586776859504.
Training until validation scores don't improve for 50 rounds
Did not meet early stopping. Best iteration is:
[90]	valid_0's binary_logloss: 0.589597
Training until validation scores don't improve for 50 rounds
Did not meet early stopping. Best iteration is:
[54]	valid_0's binary_logloss: 0.367041
Training until validation scores don't improve for 50 rounds
Early stopping, best iteration is:
[23]	valid_0's binary_logloss: 0.429596
Training until validation scores don't improve for 50 rounds
Early stopping, best iteration is:
[48]	valid_0's binary_logloss: 0.371057
Training until validation scores don't improve for 50 rounds
Did not meet early stopping. Best iteration is:
[69]	valid_0's binary_logloss: 0.505378
Training until validation scores don't improve for 50 rounds
Early stopping, best iteration is:
[1]	valid_0's binary_logloss: 0.63665
Training until validation scores don't improve for 50 rounds
Early stopping, best iteration is:
[35]	valid_0's binary_logloss: 0.400048
Training until validation scores don't improve for 50 rounds
Did not meet early stopping. Best iteration is:
[74]	valid_0's binary_logloss: 0.332689
Training until validation scores don't improve for 50 rounds
Early stopping, best iteration is:
[11]	valid_0's binary_logloss: 0.434964
Training until validation scores don't improve for 50 rounds
Early stopping, best iteration is:
[2]	valid_0's binary_logloss: 0.63665
Training until validation scores don't improve for 50 rounds
Early stopping, best iteration is:
[18]	valid_0's binary_logloss: 0.39187
Training until validation scores don't improve for 50 rounds
Early stopping, best iteration is:
[28]	valid_0's binary_logloss: 0.397443
Training until validation scores don't improve for 50 rounds
Early stopping, best iteration is:
[33]	valid_0's binary_logloss: 0.617043
Training until validation scores don't improve for 50 rounds
Early stopping, best iteration is:
[12]	valid_0's binary_logloss: 0.406367
Training until validation scores don't improve for 50 rounds
Early stopping, best iteration is:
[32]	valid_0's binary_logloss: 0.39506
Training until validation scores don't improve for 50 rounds
Did not meet early stopping. Best iteration is:
[99]	valid_0's binary_logloss: 0.508436
Training until validation scores don't improve for 50 rounds
Early stopping, best iteration is:
[17]	valid_0's binary_logloss: 0.63665
Training until validation scores don't improve for 50 rounds
Early stopping, best iteration is:
[2]	valid_0's binary_logloss: 0.63665
Training until validation scores don't improve for 50 rounds
Early stopping, best iteration is:
[45]	valid_0's binary_logloss: 0.456251
Training until validation scores don't improve for 50 rounds
Early stopping, best iteration is:
[15]	valid_0's binary_logloss: 0.417639
Training until validation scores don't improve for 50 rounds
Early stopping, best iteration is:
[23]	valid_0's binary_logloss: 0.423231
Training until validation scores don't improve for 50 rounds
Did not meet early stopping. Best iteration is:
[69]	valid_0's binary_logloss: 0.384239
Training until validation scores don't improve for 50 rounds
Early stopping, best iteration is:
[15]	valid_0's binary_logloss: 0.423578
Training until validation scores don't improve for 50 rounds
Did not meet early stopping. Best iteration is:
[91]	valid_0's binary_logloss: 0.490263
Training until validation scores don't improve for 50 rounds
Early stopping, best iteration is:
[22]	valid_0's binary_logloss: 0.386474
Training until validation scores don't improve for 50 rounds
Did not meet early stopping. Best iteration is:
[100]	valid_0's binary_logloss: 0.392615
Training until validation scores don't improve for 50 rounds
Did not meet early stopping. Best iteration is:
[100]	valid_0's binary_logloss: 0.536258
Training until validation scores don't improve for 50 rounds
Did not meet early stopping. Best iteration is:
[83]	valid_0's binary_logloss: 0.624599
Training until validation scores don't improve for 50 rounds
Early stopping, best iteration is:
[50]	valid_0's binary_logloss: 0.381395
Training until validation scores don't improve for 50 rounds
Did not meet early stopping. Best iteration is:
[98]	valid_0's binary_logloss: 0.411591
Training until validation scores don't improve for 50 rounds
Early stopping, best iteration is:
[4]	valid_0's binary_logloss: 0.63665
Training until validation scores don't improve for 50 rounds
Early stopping, best iteration is:
[6]	valid_0's binary_logloss: 0.63665
Training until validation scores don't improve for 50 rounds
Early stopping, best iteration is:
[13]	valid_0's binary_logloss: 0.63665
Training until validation scores don't improve for 50 rounds
Early stopping, best iteration is:
[22]	valid_0's binary_logloss: 0.467987
Training until validation scores don't improve for 50 rounds
Did not meet early stopping. Best iteration is:
[56]	valid_0's binary_logloss: 0.560138
Training until validation scores don't improve for 50 rounds
Early stopping, best iteration is:
[4]	valid_0's binary_logloss: 0.63665
Training until validation scores don't improve for 50 rounds
Early stopping, best iteration is:
[10]	valid_0's binary_logloss: 0.63665
Training until validation scores don't improve for 50 rounds
Early stopping, best iteration is:
[2]	valid_0's binary_logloss: 0.63665
Training until validation scores don't improve for 50 rounds
Early stopping, best iteration is:
[17]	valid_0's binary_logloss: 0.63665
Training until validation scores don't improve for 50 rounds
Early stopping, best iteration is:
[27]	valid_0's binary_logloss: 0.419343
Training until validation scores don't improve for 50 rounds
Early stopping, best iteration is:
[8]	valid_0's binary_logloss: 0.446774
Training until validation scores don't improve for 50 rounds
Early stopping, best iteration is:
[7]	valid_0's binary_logloss: 0.474184
Training until validation scores don't improve for 50 rounds
Early stopping, best iteration is:
[24]	valid_0's binary_logloss: 0.425672
Training until validation scores don't improve for 50 rounds
Early stopping, best iteration is:
[19]	valid_0's binary_logloss: 0.380918
Training until validation scores don't improve for 50 rounds
Early stopping, best iteration is:
[45]	valid_0's binary_logloss: 0.422024
Training until validation scores don't improve for 50 rounds
Did not meet early stopping. Best iteration is:
[71]	valid_0's binary_logloss: 0.403602
Training until validation scores don't improve for 50 rounds
Early stopping, best iteration is:
[30]	valid_0's binary_logloss: 0.470026
Training until validation scores don't improve for 50 rounds
Did not meet early stopping. Best iteration is:
[100]	valid_0's binary_logloss: 0.432196
Training until validation scores don't improve for 50 rounds
Did not meet early stopping. Best iteration is:
[53]	valid_0's binary_logloss: 0.627309
Training until validation scores don't improve for 50 rounds
Did not meet early stopping. Best iteration is:
[72]	valid_0's binary_logloss: 0.621458
Training until validation scores don't improve for 50 rounds
Early stopping, best iteration is:
[18]	valid_0's binary_logloss: 0.40615
Training until validation scores don't improve for 50 rounds
Early stopping, best iteration is:
[25]	valid_0's binary_logloss: 0.445414
Training until validation scores don't improve for 50 rounds
Did not meet early stopping. Best iteration is:
[73]	valid_0's binary_logloss: 0.617516
Training until validation scores don't improve for 50 rounds
Early stopping, best iteration is:
[6]	valid_0's binary_logloss: 0.481275
Training until validation scores don't improve for 50 rounds
Did not meet early stopping. Best iteration is:
[62]	valid_0's binary_logloss: 0.421866
Training until validation scores don't improve for 50 rounds
Did not meet early stopping. Best iteration is:
[56]	valid_0's binary_logloss: 0.396088
Training until validation scores don't improve for 50 rounds
Early stopping, best iteration is:
[3]	valid_0's binary_logloss: 0.63665
Training until validation scores don't improve for 50 rounds
Early stopping, best iteration is:
[36]	valid_0's binary_logloss: 0.470413
Training until validation scores don't improve for 50 rounds
[I 2025-09-17 13:18:12,986] Trial 28 finished with value: 0.8884297520661157 and parameters: {'num_leaves': 73, 'learning_rate': 0.01773860942435032, 'feature_fraction': 0.5344174143630307, 'bagging_fraction': 0.7067288827044556, 'bagging_freq': 5, 'min_child_samples': 11}. Best is trial 25 with value: 0.9049586776859504.
[I 2025-09-17 13:18:13,003] Trial 29 finished with value: 0.5165289256198348 and parameters: {'num_leaves': 37, 'learning_rate': 0.08717668357481052, 'feature_fraction': 0.4480481786403472, 'bagging_fraction': 0.5745214627136868, 'bagging_freq': 7, 'min_child_samples': 37}. Best is trial 25 with value: 0.9049586776859504.
[I 2025-09-17 13:18:13,036] Trial 30 finished with value: 0.8925619834710744 and parameters: {'num_leaves': 113, 'learning_rate': 0.04138096579601404, 'feature_fraction': 0.629604165925036, 'bagging_fraction': 0.6446323374292772, 'bagging_freq': 4, 'min_child_samples': 21}. Best is trial 25 with value: 0.9049586776859504.
[I 2025-09-17 13:18:13,070] Trial 31 finished with value: 0.8636363636363635 and parameters: {'num_leaves': 115, 'learning_rate': 0.035621167569014345, 'feature_fraction': 0.6296081581444202, 'bagging_fraction': 0.6379828125707216, 'bagging_freq': 4, 'min_child_samples': 20}. Best is trial 25 with value: 0.9049586776859504.
[I 2025-09-17 13:18:13,104] Trial 32 finished with value: 0.8719008264462811 and parameters: {'num_leaves': 134, 'learning_rate': 0.052162101440416664, 'feature_fraction': 0.5693287406562796, 'bagging_fraction': 0.7125314547510958, 'bagging_freq': 4, 'min_child_samples': 27}. Best is trial 25 with value: 0.9049586776859504.
[I 2025-09-17 13:18:13,145] Trial 33 finished with value: 0.8512396694214877 and parameters: {'num_leaves': 103, 'learning_rate': 0.13394614481819173, 'feature_fraction': 0.9601912444309335, 'bagging_fraction': 0.7664262188067823, 'bagging_freq': 5, 'min_child_samples': 14}. Best is trial 25 with value: 0.9049586776859504.
[I 2025-09-17 13:18:13,178] Trial 34 finished with value: 0.8719008264462811 and parameters: {'num_leaves': 72, 'learning_rate': 0.1590878107807466, 'feature_fraction': 0.713216259755685, 'bagging_fraction': 0.8180919169830115, 'bagging_freq': 4, 'min_child_samples': 20}. Best is trial 25 with value: 0.9049586776859504.
[I 2025-09-17 13:18:13,200] Trial 35 finished with value: 0.8099173553719008 and parameters: {'num_leaves': 42, 'learning_rate': 0.10328184284516026, 'feature_fraction': 0.6382396762858139, 'bagging_fraction': 0.6535023284809849, 'bagging_freq': 6, 'min_child_samples': 36}. Best is trial 25 with value: 0.9049586776859504.
[I 2025-09-17 13:18:13,244] Trial 36 finished with value: 0.8677685950413223 and parameters: {'num_leaves': 177, 'learning_rate': 0.1743728131008757, 'feature_fraction': 0.6670837911419797, 'bagging_fraction': 0.5319799585509736, 'bagging_freq': 2, 'min_child_samples': 10}. Best is trial 25 with value: 0.9049586776859504.
[I 2025-09-17 13:18:13,268] Trial 37 finished with value: 0.6115702479338843 and parameters: {'num_leaves': 162, 'learning_rate': 0.075370810510497, 'feature_fraction': 0.4913093509528639, 'bagging_fraction': 0.6932641697327823, 'bagging_freq': 5, 'min_child_samples': 45}. Best is trial 25 with value: 0.9049586776859504.
[I 2025-09-17 13:18:13,282] Trial 38 finished with value: 0.5 and parameters: {'num_leaves': 224, 'learning_rate': 0.04813166318626457, 'feature_fraction': 0.6018736049214833, 'bagging_fraction': 0.8371306793714225, 'bagging_freq': 4, 'min_child_samples': 96}. Best is trial 25 with value: 0.9049586776859504.
[I 2025-09-17 13:18:13,296] Trial 39 finished with value: 0.5 and parameters: {'num_leaves': 107, 'learning_rate': 0.14577228593095537, 'feature_fraction': 0.7438828109153608, 'bagging_fraction': 0.5725040154050935, 'bagging_freq': 3, 'min_child_samples': 63}. Best is trial 25 with value: 0.9049586776859504.
[I 2025-09-17 13:18:13,326] Trial 40 finished with value: 0.8801652892561984 and parameters: {'num_leaves': 144, 'learning_rate': 0.033786245021008854, 'feature_fraction': 0.5616624203992349, 'bagging_fraction': 0.7273123258958258, 'bagging_freq': 4, 'min_child_samples': 27}. Best is trial 25 with value: 0.9049586776859504.
[I 2025-09-17 13:18:13,413] Trial 41 finished with value: 0.8801652892561984 and parameters: {'num_leaves': 75, 'learning_rate': 0.01123022310011526, 'feature_fraction': 0.5216141708339271, 'bagging_fraction': 0.7044058672820219, 'bagging_freq': 5, 'min_child_samples': 9}. Best is trial 25 with value: 0.9049586776859504.
[I 2025-09-17 13:18:13,427] Trial 42 finished with value: 0.5 and parameters: {'num_leaves': 67, 'learning_rate': 0.03126106424346112, 'feature_fraction': 0.4357519522329518, 'bagging_fraction': 0.6319371572635784, 'bagging_freq': 5, 'min_child_samples': 83}. Best is trial 25 with value: 0.9049586776859504.
[I 2025-09-17 13:18:13,461] Trial 43 finished with value: 0.9049586776859504 and parameters: {'num_leaves': 26, 'learning_rate': 0.06717532113281352, 'feature_fraction': 0.5423147691050346, 'bagging_fraction': 0.5903282204491815, 'bagging_freq': 6, 'min_child_samples': 16}. Best is trial 25 with value: 0.9049586776859504.
[I 2025-09-17 13:18:13,499] Trial 44 finished with value: 0.9132231404958677 and parameters: {'num_leaves': 27, 'learning_rate': 0.06552554024571051, 'feature_fraction': 0.48771681957099344, 'bagging_fraction': 0.581103197727297, 'bagging_freq': 6, 'min_child_samples': 16}. Best is trial 44 with value: 0.9132231404958677.
[I 2025-09-17 13:18:13,534] Trial 45 finished with value: 0.8884297520661156 and parameters: {'num_leaves': 26, 'learning_rate': 0.06442536436399494, 'feature_fraction': 0.4749477010741434, 'bagging_fraction': 0.5871595985353869, 'bagging_freq': 6, 'min_child_samples': 17}. Best is trial 44 with value: 0.9132231404958677.
[I 2025-09-17 13:18:13,601] Trial 46 finished with value: 0.8636363636363635 and parameters: {'num_leaves': 22, 'learning_rate': 0.07867253365366764, 'feature_fraction': 0.5816293528631197, 'bagging_fraction': 0.4797727683899614, 'bagging_freq': 6, 'min_child_samples': 8}. Best is trial 44 with value: 0.9132231404958677.
[I 2025-09-17 13:18:13,649] Trial 47 finished with value: 0.884297520661157 and parameters: {'num_leaves': 49, 'learning_rate': 0.046365823682999255, 'feature_fraction': 0.43197692311997826, 'bagging_fraction': 0.5399022801210096, 'bagging_freq': 7, 'min_child_samples': 15}. Best is trial 44 with value: 0.9132231404958677.
[I 2025-09-17 13:18:13,679] Trial 48 finished with value: 0.8760330578512396 and parameters: {'num_leaves': 31, 'learning_rate': 0.10506720834784054, 'feature_fraction': 0.676077766509816, 'bagging_fraction': 0.5962497535881146, 'bagging_freq': 7, 'min_child_samples': 23}. Best is trial 44 with value: 0.9132231404958677.
[I 2025-09-17 13:18:13,699] Trial 49 finished with value: 0.4834710743801653 and parameters: {'num_leaves': 125, 'learning_rate': 0.06904808735262712, 'feature_fraction': 0.5125543152355264, 'bagging_fraction': 0.42896897911207044, 'bagging_freq': 6, 'min_child_samples': 32}. Best is trial 44 with value: 0.9132231404958677.
[I 2025-09-17 13:18:14,157] A new study created in memory with name: no-name-730664b1-5549-4864-bd7f-266291a01244
[I 2025-09-17 13:18:14,165] Trial 0 finished with value: 0.5 and parameters: {'num_leaves': 187, 'learning_rate': 0.2755921594264965, 'feature_fraction': 0.745383120390366, 'bagging_fraction': 0.40590695671251514, 'bagging_freq': 7, 'min_child_samples': 99}. Best is trial 0 with value: 0.5.
[I 2025-09-17 13:18:14,189] Trial 1 finished with value: 0.9173553719008264 and parameters: {'num_leaves': 223, 'learning_rate': 0.13151331150942566, 'feature_fraction': 0.8800157946125844, 'bagging_fraction': 0.6600736885082891, 'bagging_freq': 5, 'min_child_samples': 26}. Best is trial 1 with value: 0.9173553719008264.
[I 2025-09-17 13:18:14,197] Trial 2 finished with value: 0.5 and parameters: {'num_leaves': 26, 'learning_rate': 0.11233004417042795, 'feature_fraction': 0.9803334981755462, 'bagging_fraction': 0.6781384856897843, 'bagging_freq': 6, 'min_child_samples': 53}. Best is trial 1 with value: 0.9173553719008264.
[I 2025-09-17 13:18:14,205] Trial 3 finished with value: 0.5 and parameters: {'num_leaves': 18, 'learning_rate': 0.06636139675166453, 'feature_fraction': 0.4070751164893517, 'bagging_fraction': 0.7007300329901727, 'bagging_freq': 4, 'min_child_samples': 52}. Best is trial 1 with value: 0.9173553719008264.
[I 2025-09-17 13:18:14,224] Trial 4 finished with value: 0.8801652892561983 and parameters: {'num_leaves': 31, 'learning_rate': 0.163729551491016, 'feature_fraction': 0.8759008727061087, 'bagging_fraction': 0.88492627227908, 'bagging_freq': 5, 'min_child_samples': 43}. Best is trial 1 with value: 0.9173553719008264.
[I 2025-09-17 13:18:14,234] Trial 5 finished with value: 0.5888429752066116 and parameters: {'num_leaves': 277, 'learning_rate': 0.03202589059752164, 'feature_fraction': 0.952662687921924, 'bagging_fraction': 0.5737263637544082, 'bagging_freq': 1, 'min_child_samples': 42}. Best is trial 1 with value: 0.9173553719008264.
[I 2025-09-17 13:18:14,254] Trial 6 finished with value: 0.8223140495867769 and parameters: {'num_leaves': 76, 'learning_rate': 0.03223675988295211, 'feature_fraction': 0.7391126158705912, 'bagging_fraction': 0.8406639427653761, 'bagging_freq': 3, 'min_child_samples': 44}. Best is trial 1 with value: 0.9173553719008264.
[I 2025-09-17 13:18:14,277] Trial 7 finished with value: 0.9380165289256198 and parameters: {'num_leaves': 214, 'learning_rate': 0.2579296539722427, 'feature_fraction': 0.6106064939126137, 'bagging_fraction': 0.9540646249226338, 'bagging_freq': 6, 'min_child_samples': 38}. Best is trial 7 with value: 0.9380165289256198.
[I 2025-09-17 13:18:14,289] Trial 8 finished with value: 0.5 and parameters: {'num_leaves': 212, 'learning_rate': 0.2097497551938263, 'feature_fraction': 0.9494767464348096, 'bagging_fraction': 0.4269667963464068, 'bagging_freq': 2, 'min_child_samples': 47}. Best is trial 7 with value: 0.9380165289256198.
[I 2025-09-17 13:18:14,317] Trial 9 finished with value: 0.9297520661157024 and parameters: {'num_leaves': 207, 'learning_rate': 0.21204429238077538, 'feature_fraction': 0.4957582499660011, 'bagging_fraction': 0.43278272135817064, 'bagging_freq': 1, 'min_child_samples': 19}. Best is trial 7 with value: 0.9380165289256198.
[I 2025-09-17 13:18:14,328] Trial 10 finished with value: 0.5 and parameters: {'num_leaves': 125, 'learning_rate': 0.27973779678816185, 'feature_fraction': 0.5638171486495508, 'bagging_fraction': 0.9473749387431478, 'bagging_freq': 7, 'min_child_samples': 76}. Best is trial 7 with value: 0.9380165289256198.
[I 2025-09-17 13:18:14,421] Trial 11 finished with value: 0.9132231404958676 and parameters: {'num_leaves': 278, 'learning_rate': 0.22008726574502735, 'feature_fraction': 0.546309624465393, 'bagging_fraction': 0.5212574699759543, 'bagging_freq': 1, 'min_child_samples': 5}. Best is trial 7 with value: 0.9380165289256198.
[I 2025-09-17 13:18:14,479] Trial 12 finished with value: 0.9090909090909092 and parameters: {'num_leaves': 143, 'learning_rate': 0.22390170628668116, 'feature_fraction': 0.5889397126619942, 'bagging_fraction': 0.8089167938882533, 'bagging_freq': 3, 'min_child_samples': 17}. Best is trial 7 with value: 0.9380165289256198.
[I 2025-09-17 13:18:14,512] Trial 13 finished with value: 0.9338842975206612 and parameters: {'num_leaves': 235, 'learning_rate': 0.18450897247503462, 'feature_fraction': 0.428322638517802, 'bagging_fraction': 0.9772700533508352, 'bagging_freq': 5, 'min_child_samples': 29}. Best is trial 7 with value: 0.9380165289256198.
[I 2025-09-17 13:18:14,522] Trial 14 finished with value: 0.5 and parameters: {'num_leaves': 249, 'learning_rate': 0.17423005371061404, 'feature_fraction': 0.4040442584209528, 'bagging_fraction': 0.987092422417941, 'bagging_freq': 5, 'min_child_samples': 67}. Best is trial 7 with value: 0.9380165289256198.
[I 2025-09-17 13:18:14,552] Trial 15 finished with value: 0.9049586776859504 and parameters: {'num_leaves': 174, 'learning_rate': 0.256201996958603, 'feature_fraction': 0.6650079382853227, 'bagging_fraction': 0.9119289892772486, 'bagging_freq': 6, 'min_child_samples': 30}. Best is trial 7 with value: 0.9380165289256198.
[I 2025-09-17 13:18:14,587] Trial 16 finished with value: 0.9297520661157024 and parameters: {'num_leaves': 297, 'learning_rate': 0.24375083096406194, 'feature_fraction': 0.6527272075900397, 'bagging_fraction': 0.7971144975818146, 'bagging_freq': 6, 'min_child_samples': 31}. Best is trial 7 with value: 0.9380165289256198.
[I 2025-09-17 13:18:14,608] Trial 17 finished with value: 0.7231404958677686 and parameters: {'num_leaves': 247, 'learning_rate': 0.17990341461829104, 'feature_fraction': 0.4813696976013614, 'bagging_fraction': 0.9985576126910329, 'bagging_freq': 4, 'min_child_samples': 63}. Best is trial 7 with value: 0.9380165289256198.
[I 2025-09-17 13:18:14,674] Trial 18 finished with value: 0.9297520661157024 and parameters: {'num_leaves': 123, 'learning_rate': 0.11388446199467366, 'feature_fraction': 0.48132982474414426, 'bagging_fraction': 0.7721561386678746, 'bagging_freq': 4, 'min_child_samples': 13}. Best is trial 7 with value: 0.9380165289256198.
