[I 2025-09-17 13:15:29,209] Trial 35 finished with value: 0.9834710743801653 and parameters: {'num_leaves': 146, 'learning_rate': 0.27257802655318114, 'feature_fraction': 0.5253247237584175, 'bagging_fraction': 0.809004326098093, 'bagging_freq': 3, 'min_child_samples': 23}. Best is trial 18 with value: 0.9917355371900827.
Training until validation scores don't improve for 50 rounds
Early stopping, best iteration is:
[22]	valid_0's binary_logloss: 0.31254
Training until validation scores don't improve for 50 rounds
Early stopping, best iteration is:
[38]	valid_0's binary_logloss: 0.243839
Training until validation scores don't improve for 50 rounds
Early stopping, best iteration is:
[36]	valid_0's binary_logloss: 0.266842
Training until validation scores don't improve for 50 rounds
Early stopping, best iteration is:
[46]	valid_0's binary_logloss: 0.243554
Training until validation scores don't improve for 50 rounds
Early stopping, best iteration is:
[37]	valid_0's binary_logloss: 0.265511
Training until validation scores don't improve for 50 rounds
Early stopping, best iteration is:
[38]	valid_0's binary_logloss: 0.294995
Training until validation scores don't improve for 50 rounds
Early stopping, best iteration is:
[33]	valid_0's binary_logloss: 0.278272
Training until validation scores don't improve for 50 rounds
Early stopping, best iteration is:
[36]	valid_0's binary_logloss: 0.302016
Training until validation scores don't improve for 50 rounds
Early stopping, best iteration is:
[15]	valid_0's binary_logloss: 0.636901
Training until validation scores don't improve for 50 rounds
Early stopping, best iteration is:
[15]	valid_0's binary_logloss: 0.581245
Training until validation scores don't improve for 50 rounds
Early stopping, best iteration is:
[9]	valid_0's binary_logloss: 0.627
Training until validation scores don't improve for 50 rounds
Early stopping, best iteration is:
[42]	valid_0's binary_logloss: 0.325943
Training until validation scores don't improve for 50 rounds
Early stopping, best iteration is:
[10]	valid_0's binary_logloss: 0.301603
Training until validation scores don't improve for 50 rounds
Early stopping, best iteration is:
[9]	valid_0's binary_logloss: 0.344658
Training until validation scores don't improve for 50 rounds
Early stopping, best iteration is:
[11]	valid_0's binary_logloss: 0.322304
Training until validation scores don't improve for 50 rounds
Early stopping, best iteration is:
[26]	valid_0's binary_logloss: 0.318026
Training until validation scores don't improve for 50 rounds
Early stopping, best iteration is:
[47]	valid_0's binary_logloss: 0.316959
Training until validation scores don't improve for 50 rounds
Early stopping, best iteration is:
[43]	valid_0's binary_logloss: 0.285542
Training until validation scores don't improve for 50 rounds
Early stopping, best iteration is:
[48]	valid_0's binary_logloss: 0.290147
Training until validation scores don't improve for 50 rounds
Early stopping, best iteration is:
[29]	valid_0's binary_logloss: 0.636901
Training until validation scores don't improve for 50 rounds
Did not meet early stopping. Best iteration is:
[98]	valid_0's binary_logloss: 0.294314
Training until validation scores don't improve for 50 rounds
Did not meet early stopping. Best iteration is:
[68]	valid_0's binary_logloss: 0.616186
Training until validation scores don't improve for 50 rounds
Did not meet early stopping. Best iteration is:
[73]	valid_0's binary_logloss: 0.578262
Training until validation scores don't improve for 50 rounds
Did not meet early stopping. Best iteration is:
[84]	valid_0's binary_logloss: 0.562114
Training until validation scores don't improve for 50 rounds
Early stopping, best iteration is:
[26]	valid_0's binary_logloss: 0.636576
Training until validation scores don't improve for 50 rounds
Early stopping, best iteration is:
[4]	valid_0's binary_logloss: 0.636576
Training until validation scores don't improve for 50 rounds
Did not meet early stopping. Best iteration is:
[89]	valid_0's binary_logloss: 0.527343
Training until validation scores don't improve for 50 rounds
Early stopping, best iteration is:
[2]	valid_0's binary_logloss: 0.636576
Training until validation scores don't improve for 50 rounds
Early stopping, best iteration is:
[33]	valid_0's binary_logloss: 0.636576
Training until validation scores don't improve for 50 rounds
Early stopping, best iteration is:
[16]	valid_0's binary_logloss: 0.292641
Training until validation scores don't improve for 50 rounds
Did not meet early stopping. Best iteration is:
[60]	valid_0's binary_logloss: 0.297604
Training until validation scores don't improve for 50 rounds
Did not meet early stopping. Best iteration is:
[99]	valid_0's binary_logloss: 0.314038
Training until validation scores don't improve for 50 rounds
Early stopping, best iteration is:
[32]	valid_0's binary_logloss: 0.261673
Training until validation scores don't improve for 50 rounds
Early stopping, best iteration is:
[20]	valid_0's binary_logloss: 0.243302
Training until validation scores don't improve for 50 rounds
Early stopping, best iteration is:
[10]	valid_0's binary_logloss: 0.636576
Training until validation scores don't improve for 50 rounds
Early stopping, best iteration is:
[3]	valid_0's binary_logloss: 0.636576
Training until validation scores don't improve for 50 rounds
Did not meet early stopping. Best iteration is:
[100]	valid_0's binary_logloss: 0.376133
Training until validation scores don't improve for 50 rounds
Did not meet early stopping. Best iteration is:
[57]	valid_0's binary_logloss: 0.237659
Training until validation scores don't improve for 50 rounds
Did not meet early stopping. Best iteration is:
[74]	valid_0's binary_logloss: 0.254593
Training until validation scores don't improve for 50 rounds
Early stopping, best iteration is:
[17]	valid_0's binary_logloss: 0.241945
Training until validation scores don't improve for 50 rounds
Did not meet early stopping. Best iteration is:
[97]	valid_0's binary_logloss: 0.206907
Training until validation scores don't improve for 50 rounds
Early stopping, best iteration is:
[3]	valid_0's binary_logloss: 0.636576
Training until validation scores don't improve for 50 rounds
Early stopping, best iteration is:
[13]	valid_0's binary_logloss: 0.273754
Training until validation scores don't improve for 50 rounds
Did not meet early stopping. Best iteration is:
[86]	valid_0's binary_logloss: 0.253918
Training until validation scores don't improve for 50 rounds
Did not meet early stopping. Best iteration is:
[60]	valid_0's binary_logloss: 0.220192
Training until validation scores don't improve for 50 rounds
Did not meet early stopping. Best iteration is:
[71]	valid_0's binary_logloss: 0.264854
Training until validation scores don't improve for 50 rounds
Early stopping, best iteration is:
[24]	valid_0's binary_logloss: 0.349146
Training until validation scores don't improve for 50 rounds
Did not meet early stopping. Best iteration is:
[92]	valid_0's binary_logloss: 0.211386
Training until validation scores don't improve for 50 rounds
Did not meet early stopping. Best iteration is:
[100]	valid_0's binary_logloss: 0.21608
Training until validation scores don't improve for 50 rounds
Did not meet early stopping. Best iteration is:
[80]	valid_0's binary_logloss: 0.312573
Training until validation scores don't improve for 50 rounds
Early stopping, best iteration is:
[42]	valid_0's binary_logloss: 0.519277
Training until validation scores don't improve for 50 rounds
Did not meet early stopping. Best iteration is:
[51]	valid_0's binary_logloss: 0.561278
Training until validation scores don't improve for 50 rounds
Did not meet early stopping. Best iteration is:
[85]	valid_0's binary_logloss: 0.271012
Training until validation scores don't improve for 50 rounds
Did not meet early stopping. Best iteration is:
[62]	valid_0's binary_logloss: 0.292291
Training until validation scores don't improve for 50 rounds
Did not meet early stopping. Best iteration is:
[84]	valid_0's binary_logloss: 0.180355
Training until validation scores don't improve for 50 rounds
Early stopping, best iteration is:
[16]	valid_0's binary_logloss: 0.257806
Training until validation scores don't improve for 50 rounds
Early stopping, best iteration is:
[22]	valid_0's binary_logloss: 0.275168
Training until validation scores don't improve for 50 rounds
Did not meet early stopping. Best iteration is:
[99]	valid_0's binary_logloss: 0.184839
[I 2025-09-17 13:15:29,286] Trial 36 finished with value: 0.9793388429752066 and parameters: {'num_leaves': 85, 'learning_rate': 0.17385688303202984, 'feature_fraction': 0.46377014307360204, 'bagging_fraction': 0.7315692029315032, 'bagging_freq': 2, 'min_child_samples': 11}. Best is trial 18 with value: 0.9917355371900827.
[I 2025-09-17 13:15:29,297] Trial 37 finished with value: 0.5 and parameters: {'num_leaves': 70, 'learning_rate': 0.2322164900766031, 'feature_fraction': 0.6841493772309788, 'bagging_fraction': 0.533957958631022, 'bagging_freq': 1, 'min_child_samples': 45}. Best is trial 18 with value: 0.9917355371900827.
[I 2025-09-17 13:15:29,320] Trial 38 finished with value: 0.9545454545454546 and parameters: {'num_leaves': 105, 'learning_rate': 0.16280485417257254, 'feature_fraction': 0.7299341092047938, 'bagging_fraction': 0.6247411082730299, 'bagging_freq': 6, 'min_child_samples': 34}. Best is trial 18 with value: 0.9917355371900827.
[I 2025-09-17 13:15:29,393] Trial 39 finished with value: 0.987603305785124 and parameters: {'num_leaves': 32, 'learning_rate': 0.1829245655994216, 'feature_fraction': 0.5595521965435228, 'bagging_fraction': 0.6582964044937687, 'bagging_freq': 3, 'min_child_samples': 10}. Best is trial 18 with value: 0.9917355371900827.
[I 2025-09-17 13:15:29,509] Trial 40 finished with value: 0.9545454545454546 and parameters: {'num_leaves': 223, 'learning_rate': 0.19208489505653745, 'feature_fraction': 0.5075018351577785, 'bagging_fraction': 0.6700288074022825, 'bagging_freq': 4, 'min_child_samples': 6}. Best is trial 18 with value: 0.9917355371900827.
[I 2025-09-17 13:15:29,586] Trial 41 finished with value: 0.9917355371900827 and parameters: {'num_leaves': 36, 'learning_rate': 0.21258722524937199, 'feature_fraction': 0.5685629152335767, 'bagging_fraction': 0.5953322227417713, 'bagging_freq': 3, 'min_child_samples': 10}. Best is trial 18 with value: 0.9917355371900827.
[I 2025-09-17 13:15:29,651] Trial 42 finished with value: 0.9545454545454546 and parameters: {'num_leaves': 30, 'learning_rate': 0.18019507454002223, 'feature_fraction': 0.5699595750249618, 'bagging_fraction': 0.5576364838085437, 'bagging_freq': 3, 'min_child_samples': 10}. Best is trial 18 with value: 0.9917355371900827.
[I 2025-09-17 13:15:29,718] Trial 43 finished with value: 0.9793388429752066 and parameters: {'num_leaves': 33, 'learning_rate': 0.22784603079099588, 'feature_fraction': 0.6500109556296358, 'bagging_fraction': 0.5897176400047038, 'bagging_freq': 3, 'min_child_samples': 9}. Best is trial 18 with value: 0.9917355371900827.
[I 2025-09-17 13:15:29,748] Trial 44 finished with value: 0.9504132231404958 and parameters: {'num_leaves': 11, 'learning_rate': 0.08447338488822506, 'feature_fraction': 0.6139599327584561, 'bagging_fraction': 0.5165826903350687, 'bagging_freq': 4, 'min_child_samples': 23}. Best is trial 18 with value: 0.9917355371900827.
[I 2025-09-17 13:15:29,780] Trial 45 finished with value: 0.9793388429752067 and parameters: {'num_leaves': 164, 'learning_rate': 0.20973684556727332, 'feature_fraction': 0.5585442693574705, 'bagging_fraction': 0.6827477077712352, 'bagging_freq': 3, 'min_child_samples': 29}. Best is trial 18 with value: 0.9917355371900827.
[I 2025-09-17 13:15:29,827] Trial 46 finished with value: 0.9834710743801653 and parameters: {'num_leaves': 61, 'learning_rate': 0.24340170989317333, 'feature_fraction': 0.4768271140954564, 'bagging_fraction': 0.6458458215651768, 'bagging_freq': 3, 'min_child_samples': 20}. Best is trial 18 with value: 0.9917355371900827.
[I 2025-09-17 13:15:29,919] Trial 47 finished with value: 0.9669421487603306 and parameters: {'num_leaves': 194, 'learning_rate': 0.1608791931062524, 'feature_fraction': 0.4095388342176192, 'bagging_fraction': 0.47147472125960876, 'bagging_freq': 4, 'min_child_samples': 6}. Best is trial 18 with value: 0.9917355371900827.
[I 2025-09-17 13:15:29,932] Trial 48 finished with value: 0.5 and parameters: {'num_leaves': 20, 'learning_rate': 0.18427775667619473, 'feature_fraction': 0.524364375321793, 'bagging_fraction': 0.5953446856304642, 'bagging_freq': 2, 'min_child_samples': 78}. Best is trial 18 with value: 0.9917355371900827.
[I 2025-09-17 13:15:29,998] Trial 49 finished with value: 0.9710743801652892 and parameters: {'num_leaves': 99, 'learning_rate': 0.25816868557028994, 'feature_fraction': 0.6325119583768135, 'bagging_fraction': 0.7288714286254456, 'bagging_freq': 3, 'min_child_samples': 12}. Best is trial 18 with value: 0.9917355371900827.
[I 2025-09-17 13:15:30,310] A new study created in memory with name: no-name-6873af63-15ef-4229-b86c-39546065c359
[I 2025-09-17 13:15:30,327] Trial 0 finished with value: 0.5 and parameters: {'num_leaves': 202, 'learning_rate': 0.2530493154871888, 'feature_fraction': 0.5430816638910158, 'bagging_fraction': 0.6537708906471034, 'bagging_freq': 3, 'min_child_samples': 51}. Best is trial 0 with value: 0.5.
[I 2025-09-17 13:15:30,349] Trial 1 finished with value: 0.8801652892561984 and parameters: {'num_leaves': 33, 'learning_rate': 0.2966148505298089, 'feature_fraction': 0.8805768167708035, 'bagging_fraction': 0.9390403703976467, 'bagging_freq': 4, 'min_child_samples': 45}. Best is trial 1 with value: 0.8801652892561984.
[I 2025-09-17 13:15:30,382] Trial 2 finished with value: 0.9132231404958677 and parameters: {'num_leaves': 243, 'learning_rate': 0.2551372352097897, 'feature_fraction': 0.5696396694420083, 'bagging_fraction': 0.6954263918775345, 'bagging_freq': 4, 'min_child_samples': 18}. Best is trial 2 with value: 0.9132231404958677.
[I 2025-09-17 13:15:30,390] Trial 3 finished with value: 0.5 and parameters: {'num_leaves': 73, 'learning_rate': 0.27864803980063174, 'feature_fraction': 0.9281800161396442, 'bagging_fraction': 0.909683205933971, 'bagging_freq': 7, 'min_child_samples': 76}. Best is trial 2 with value: 0.9132231404958677.
[I 2025-09-17 13:15:30,396] Trial 4 finished with value: 0.5 and parameters: {'num_leaves': 52, 'learning_rate': 0.21991124158512043, 'feature_fraction': 0.9172028025730316, 'bagging_fraction': 0.7515139103679438, 'bagging_freq': 1, 'min_child_samples': 98}. Best is trial 2 with value: 0.9132231404958677.
[I 2025-09-17 13:15:30,415] Trial 5 finished with value: 0.9049586776859504 and parameters: {'num_leaves': 135, 'learning_rate': 0.27313114850466486, 'feature_fraction': 0.5895173477103426, 'bagging_fraction': 0.843066666082436, 'bagging_freq': 5, 'min_child_samples': 27}. Best is trial 2 with value: 0.9132231404958677.
[I 2025-09-17 13:15:30,423] Trial 6 finished with value: 0.5 and parameters: {'num_leaves': 109, 'learning_rate': 0.19442044525566374, 'feature_fraction': 0.8476051698759106, 'bagging_fraction': 0.8237279475006929, 'bagging_freq': 4, 'min_child_samples': 100}. Best is trial 2 with value: 0.9132231404958677.
[I 2025-09-17 13:15:30,431] Trial 7 finished with value: 0.5 and parameters: {'num_leaves': 117, 'learning_rate': 0.04942030004032475, 'feature_fraction': 0.6372016898993512, 'bagging_fraction': 0.46197884026385017, 'bagging_freq': 4, 'min_child_samples': 44}. Best is trial 2 with value: 0.9132231404958677.
[I 2025-09-17 13:15:30,493] Trial 8 finished with value: 0.8677685950413223 and parameters: {'num_leaves': 204, 'learning_rate': 0.11793944590165997, 'feature_fraction': 0.5337691743151097, 'bagging_fraction': 0.996547494225456, 'bagging_freq': 1, 'min_child_samples': 12}. Best is trial 2 with value: 0.9132231404958677.
[I 2025-09-17 13:15:30,528] Trial 9 finished with value: 0.9090909090909091 and parameters: {'num_leaves': 245, 'learning_rate': 0.22366637418487734, 'feature_fraction': 0.6792127851112973, 'bagging_fraction': 0.71053426145658, 'bagging_freq': 6, 'min_child_samples': 21}. Best is trial 2 with value: 0.9132231404958677.
[I 2025-09-17 13:15:30,655] Trial 10 finished with value: 0.921487603305785 and parameters: {'num_leaves': 282, 'learning_rate': 0.14169376730079714, 'feature_fraction': 0.4429248090539316, 'bagging_fraction': 0.5609901343060162, 'bagging_freq': 2, 'min_child_samples': 5}. Best is trial 10 with value: 0.921487603305785.
[I 2025-09-17 13:15:30,709] Trial 11 finished with value: 0.9173553719008265 and parameters: {'num_leaves': 284, 'learning_rate': 0.13526341440251785, 'feature_fraction': 0.4026058819965879, 'bagging_fraction': 0.5645759992462653, 'bagging_freq': 2, 'min_child_samples': 12}. Best is trial 10 with value: 0.921487603305785.
[I 2025-09-17 13:15:30,757] Trial 12 finished with value: 0.8223140495867768 and parameters: {'num_leaves': 298, 'learning_rate': 0.12435065636868406, 'feature_fraction': 0.42916416626529774, 'bagging_fraction': 0.5468334334072656, 'bagging_freq': 2, 'min_child_samples': 9}. Best is trial 10 with value: 0.921487603305785.
[I 2025-09-17 13:15:30,782] Trial 13 finished with value: 0.8884297520661157 and parameters: {'num_leaves': 297, 'learning_rate': 0.07019011192626225, 'feature_fraction': 0.4020319140435524, 'bagging_fraction': 0.5625943338370492, 'bagging_freq': 2, 'min_child_samples': 31}. Best is trial 10 with value: 0.921487603305785.
[I 2025-09-17 13:15:30,840] Trial 14 finished with value: 0.9214876033057852 and parameters: {'num_leaves': 247, 'learning_rate': 0.15635661754543934, 'feature_fraction': 0.780009048345373, 'bagging_fraction': 0.42368957537767005, 'bagging_freq': 2, 'min_child_samples': 5}. Best is trial 14 with value: 0.9214876033057852.
[I 2025-09-17 13:15:30,900] Trial 15 finished with value: 0.9256198347107438 and parameters: {'num_leaves': 195, 'learning_rate': 0.171329274989113, 'feature_fraction': 0.7824497317901681, 'bagging_fraction': 0.4137614330899353, 'bagging_freq': 3, 'min_child_samples': 5}. Best is trial 15 with value: 0.9256198347107438.
[I 2025-09-17 13:15:30,911] Trial 16 finished with value: 0.5 and parameters: {'num_leaves': 175, 'learning_rate': 0.1813053547150012, 'feature_fraction': 0.7916488947708169, 'bagging_fraction': 0.4038704360642548, 'bagging_freq': 3, 'min_child_samples': 68}. Best is trial 15 with value: 0.9256198347107438.
[I 2025-09-17 13:15:30,931] Trial 17 finished with value: 0.8471074380165289 and parameters: {'num_leaves': 233, 'learning_rate': 0.07703500985832841, 'feature_fraction': 0.7664634939648949, 'bagging_fraction': 0.46627219920608726, 'bagging_freq': 3, 'min_child_samples': 34}. Best is trial 15 with value: 0.9256198347107438.
[I 2025-09-17 13:15:30,942] Trial 18 finished with value: 0.5 and parameters: {'num_leaves': 179, 'learning_rate': 0.17049681382957177, 'feature_fraction': 0.7487882983013829, 'bagging_fraction': 0.41395966218363867, 'bagging_freq': 5, 'min_child_samples': 65}. Best is trial 15 with value: 0.9256198347107438.
[I 2025-09-17 13:15:30,957] Trial 19 finished with value: 0.6239669421487604 and parameters: {'num_leaves': 212, 'learning_rate': 0.012907200185256373, 'feature_fraction': 0.8152731351111343, 'bagging_fraction': 0.5004677774954338, 'bagging_freq': 1, 'min_child_samples': 37}. Best is trial 15 with value: 0.9256198347107438.
[I 2025-09-17 13:15:30,982] Trial 20 finished with value: 0.8884297520661156 and parameters: {'num_leaves': 161, 'learning_rate': 0.20739407311961697, 'feature_fraction': 0.9787986091278142, 'bagging_fraction': 0.635887877676727, 'bagging_freq': 3, 'min_child_samples': 23}. Best is trial 15 with value: 0.9256198347107438.
[I 2025-09-17 13:15:31,022] Trial 21 finished with value: 0.8801652892561982 and parameters: {'num_leaves': 266, 'learning_rate': 0.14938688272872117, 'feature_fraction': 0.6961124957909195, 'bagging_fraction': 0.5192717572363914, 'bagging_freq': 2, 'min_child_samples': 10}. Best is trial 15 with value: 0.9256198347107438.
[I 2025-09-17 13:15:31,105] Trial 22 finished with value: 0.8801652892561984 and parameters: {'num_leaves': 259, 'learning_rate': 0.11268970823469202, 'feature_fraction': 0.471070652058022, 'bagging_fraction': 0.45345354559509166, 'bagging_freq': 2, 'min_child_samples': 6}. Best is trial 15 with value: 0.9256198347107438.
[I 2025-09-17 13:15:31,133] Trial 23 finished with value: 0.9297520661157024 and parameters: {'num_leaves': 219, 'learning_rate': 0.16528370326917252, 'feature_fraction': 0.721254714478898, 'bagging_fraction': 0.5934190260452703, 'bagging_freq': 3, 'min_child_samples': 18}. Best is trial 23 with value: 0.9297520661157024.
[I 2025-09-17 13:15:31,155] Trial 24 finished with value: 0.896694214876033 and parameters: {'num_leaves': 230, 'learning_rate': 0.16843699886460808, 'feature_fraction': 0.7459562003793849, 'bagging_fraction': 0.40151036595291956, 'bagging_freq': 3, 'min_child_samples': 19}. Best is trial 23 with value: 0.9297520661157024.
[I 2025-09-17 13:15:31,196] Trial 25 finished with value: 0.9090909090909091 and parameters: {'num_leaves': 186, 'learning_rate': 0.10364282096279623, 'feature_fraction': 0.6458232008419846, 'bagging_fraction': 0.6355532558740675, 'bagging_freq': 5, 'min_child_samples': 16}. Best is trial 23 with value: 0.9297520661157024.
[I 2025-09-17 13:15:31,221] Trial 26 finished with value: 0.9008264462809916 and parameters: {'num_leaves': 148, 'learning_rate': 0.1893147077496423, 'feature_fraction': 0.722417635801928, 'bagging_fraction': 0.49304015039928495, 'bagging_freq': 3, 'min_child_samples': 26}. Best is trial 23 with value: 0.9297520661157024.
