[I 2025-09-17 13:15:26,852] Trial 37 finished with value: 0.7685950413223142 and parameters: {'num_leaves': 158, 'learning_rate': 0.11958481892160455, 'feature_fraction': 0.401102652452447, 'bagging_fraction': 0.7798228666441012, 'bagging_freq': 6, 'min_child_samples': 43}. Best is trial 32 with value: 0.9793388429752066.
[I 2025-09-17 13:15:26,868] Trial 38 finished with value: 0.5516528925619835 and parameters: {'num_leaves': 227, 'learning_rate': 0.09239635431997592, 'feature_fraction': 0.4865204665281733, 'bagging_fraction': 0.9129865831005834, 'bagging_freq': 7, 'min_child_samples': 54}. Best is trial 32 with value: 0.9793388429752066.
[I 2025-09-17 13:15:26,914] Trial 39 finished with value: 0.9090909090909091 and parameters: {'num_leaves': 193, 'learning_rate': 0.19775143764578773, 'feature_fraction': 0.43762311066777776, 'bagging_fraction': 0.9937894682868997, 'bagging_freq': 7, 'min_child_samples': 24}. Best is trial 32 with value: 0.9793388429752066.
[I 2025-09-17 13:15:26,965] Trial 40 finished with value: 0.9504132231404958 and parameters: {'num_leaves': 200, 'learning_rate': 0.2691095915306443, 'feature_fraction': 0.5260448579362345, 'bagging_fraction': 0.8670291021916702, 'bagging_freq': 6, 'min_child_samples': 14}. Best is trial 32 with value: 0.9793388429752066.
[I 2025-09-17 13:15:27,084] Trial 41 finished with value: 0.9173553719008264 and parameters: {'num_leaves': 129, 'learning_rate': 0.2717919601653745, 'feature_fraction': 0.48831245847761995, 'bagging_fraction': 0.9597608968739461, 'bagging_freq': 7, 'min_child_samples': 5}. Best is trial 32 with value: 0.9793388429752066.
[I 2025-09-17 13:15:27,156] Trial 42 finished with value: 0.9338842975206612 and parameters: {'num_leaves': 169, 'learning_rate': 0.23161903545530776, 'feature_fraction': 0.5606260444163284, 'bagging_fraction': 0.8964885207579335, 'bagging_freq': 6, 'min_child_samples': 11}. Best is trial 32 with value: 0.9793388429752066.
[I 2025-09-17 13:15:27,184] Trial 43 finished with value: 0.9421487603305785 and parameters: {'num_leaves': 183, 'learning_rate': 0.20945709384966466, 'feature_fraction': 0.6042047798534675, 'bagging_fraction': 0.8130997108136269, 'bagging_freq': 7, 'min_child_samples': 28}. Best is trial 32 with value: 0.9793388429752066.
[I 2025-09-17 13:15:27,238] Trial 44 finished with value: 0.9421487603305785 and parameters: {'num_leaves': 232, 'learning_rate': 0.2438092036930058, 'feature_fraction': 0.4626495215324212, 'bagging_fraction': 0.8446858022663746, 'bagging_freq': 5, 'min_child_samples': 20}. Best is trial 32 with value: 0.9793388429752066.
[I 2025-09-17 13:15:27,343] Trial 45 finished with value: 0.9504132231404958 and parameters: {'num_leaves': 100, 'learning_rate': 0.09596543751842307, 'feature_fraction': 0.5239475849155877, 'bagging_fraction': 0.880993305591021, 'bagging_freq': 6, 'min_child_samples': 9}. Best is trial 32 with value: 0.9793388429752066.
[I 2025-09-17 13:15:27,398] Trial 46 finished with value: 0.9421487603305785 and parameters: {'num_leaves': 49, 'learning_rate': 0.13038314173299326, 'feature_fraction': 0.6106169692295417, 'bagging_fraction': 0.7619592993584337, 'bagging_freq': 7, 'min_child_samples': 15}. Best is trial 32 with value: 0.9793388429752066.
[I 2025-09-17 13:15:27,415] Trial 47 finished with value: 0.5 and parameters: {'num_leaves': 23, 'learning_rate': 0.16448205888596706, 'feature_fraction': 0.49997670344260114, 'bagging_fraction': 0.9541499814965162, 'bagging_freq': 6, 'min_child_samples': 74}. Best is trial 32 with value: 0.9793388429752066.
[I 2025-09-17 13:15:27,444] Trial 48 finished with value: 0.9586776859504131 and parameters: {'num_leaves': 267, 'learning_rate': 0.07200840333243744, 'feature_fraction': 0.4355160532234504, 'bagging_fraction': 0.9075024092773307, 'bagging_freq': 7, 'min_child_samples': 33}. Best is trial 32 with value: 0.9793388429752066.
[I 2025-09-17 13:15:27,467] Trial 49 finished with value: 0.6322314049586776 and parameters: {'num_leaves': 282, 'learning_rate': 0.03956103267714145, 'feature_fraction': 0.4428543899789904, 'bagging_fraction': 0.500162378631207, 'bagging_freq': 7, 'min_child_samples': 33}. Best is trial 32 with value: 0.9793388429752066.
[I 2025-09-17 13:15:27,750] A new study created in memory with name: no-name-b804658f-50c7-49a2-9684-9cf8ab1da9ff
[I 2025-09-17 13:15:27,770] Trial 0 finished with value: 0.6818181818181818 and parameters: {'num_leaves': 198, 'learning_rate': 0.05785352098098076, 'feature_fraction': 0.7033665409240787, 'bagging_fraction': 0.6527997167610644, 'bagging_freq': 6, 'min_child_samples': 39}. Best is trial 0 with value: 0.6818181818181818.
[I 2025-09-17 13:15:27,791] Trial 1 finished with value: 0.6735537190082644 and parameters: {'num_leaves': 76, 'learning_rate': 0.22089677006638564, 'feature_fraction': 0.5016778390108475, 'bagging_fraction': 0.4262321741556668, 'bagging_freq': 5, 'min_child_samples': 31}. Best is trial 0 with value: 0.6818181818181818.
[I 2025-09-17 13:15:27,803] Trial 2 finished with value: 0.5 and parameters: {'num_leaves': 174, 'learning_rate': 0.16971066700435544, 'feature_fraction': 0.6685938709272978, 'bagging_fraction': 0.4031770244741202, 'bagging_freq': 3, 'min_child_samples': 45}. Best is trial 0 with value: 0.6818181818181818.
[I 2025-09-17 13:15:27,811] Trial 3 finished with value: 0.5 and parameters: {'num_leaves': 161, 'learning_rate': 0.04940166879101516, 'feature_fraction': 0.7593900839452358, 'bagging_fraction': 0.5665413919286558, 'bagging_freq': 3, 'min_child_samples': 83}. Best is trial 0 with value: 0.6818181818181818.
[I 2025-09-17 13:15:27,830] Trial 4 finished with value: 0.7396694214876033 and parameters: {'num_leaves': 203, 'learning_rate': 0.18273468828222084, 'feature_fraction': 0.6784599162996922, 'bagging_fraction': 0.8525894368028752, 'bagging_freq': 7, 'min_child_samples': 52}. Best is trial 4 with value: 0.7396694214876033.
[I 2025-09-17 13:15:27,837] Trial 5 finished with value: 0.5 and parameters: {'num_leaves': 105, 'learning_rate': 0.25376042356224704, 'feature_fraction': 0.4964418459544777, 'bagging_fraction': 0.5809172100362024, 'bagging_freq': 7, 'min_child_samples': 74}. Best is trial 4 with value: 0.7396694214876033.
[I 2025-09-17 13:15:27,848] Trial 6 finished with value: 0.5 and parameters: {'num_leaves': 179, 'learning_rate': 0.041382917054037203, 'feature_fraction': 0.6405069287013935, 'bagging_fraction': 0.4311399972020016, 'bagging_freq': 2, 'min_child_samples': 86}. Best is trial 4 with value: 0.7396694214876033.
[I 2025-09-17 13:15:27,942] Trial 7 finished with value: 0.9669421487603306 and parameters: {'num_leaves': 111, 'learning_rate': 0.15259223841944664, 'feature_fraction': 0.5486112101999455, 'bagging_fraction': 0.544894031879419, 'bagging_freq': 1, 'min_child_samples': 5}. Best is trial 7 with value: 0.9669421487603306.
[I 2025-09-17 13:15:27,968] Trial 8 finished with value: 0.9628099173553719 and parameters: {'num_leaves': 211, 'learning_rate': 0.09912341571377033, 'feature_fraction': 0.7238099465688905, 'bagging_fraction': 0.6559202820571722, 'bagging_freq': 4, 'min_child_samples': 27}. Best is trial 7 with value: 0.9669421487603306.
[I 2025-09-17 13:15:27,992] Trial 9 finished with value: 0.9710743801652892 and parameters: {'num_leaves': 176, 'learning_rate': 0.038562451363529274, 'feature_fraction': 0.9280757627346393, 'bagging_fraction': 0.9332079009042162, 'bagging_freq': 5, 'min_child_samples': 39}. Best is trial 9 with value: 0.9710743801652892.
[I 2025-09-17 13:15:28,132] Trial 10 finished with value: 0.9669421487603305 and parameters: {'num_leaves': 266, 'learning_rate': 0.10770806284823442, 'feature_fraction': 0.9688624000648952, 'bagging_fraction': 0.9967594793422703, 'bagging_freq': 5, 'min_child_samples': 6}. Best is trial 9 with value: 0.9710743801652892.
[I 2025-09-17 13:15:28,236] Trial 11 finished with value: 0.9793388429752066 and parameters: {'num_leaves': 30, 'learning_rate': 0.28783866816959147, 'feature_fraction': 0.9154449567871358, 'bagging_fraction': 0.8066681270109386, 'bagging_freq': 1, 'min_child_samples': 5}. Best is trial 11 with value: 0.9793388429752066.
[I 2025-09-17 13:15:28,247] Trial 12 finished with value: 0.5 and parameters: {'num_leaves': 18, 'learning_rate': 0.2999605109627095, 'feature_fraction': 0.9644391661705528, 'bagging_fraction': 0.8326377108747429, 'bagging_freq': 1, 'min_child_samples': 66}. Best is trial 11 with value: 0.9793388429752066.
[I 2025-09-17 13:15:28,262] Trial 13 finished with value: 0.5 and parameters: {'num_leaves': 28, 'learning_rate': 0.29307621169036246, 'feature_fraction': 0.8475500496630513, 'bagging_fraction': 0.8336455654305037, 'bagging_freq': 4, 'min_child_samples': 100}. Best is trial 11 with value: 0.9793388429752066.
[I 2025-09-17 13:15:28,315] Trial 14 finished with value: 0.9628099173553719 and parameters: {'num_leaves': 263, 'learning_rate': 0.011429536131505783, 'feature_fraction': 0.8619886064319724, 'bagging_fraction': 0.9591264919109569, 'bagging_freq': 5, 'min_child_samples': 19}. Best is trial 11 with value: 0.9793388429752066.
[I 2025-09-17 13:15:28,366] Trial 15 finished with value: 0.9752066115702479 and parameters: {'num_leaves': 63, 'learning_rate': 0.11684946437321819, 'feature_fraction': 0.8507612488453781, 'bagging_fraction': 0.9031646490579278, 'bagging_freq': 3, 'min_child_samples': 20}. Best is trial 11 with value: 0.9793388429752066.
[I 2025-09-17 13:15:28,416] Trial 16 finished with value: 0.9793388429752067 and parameters: {'num_leaves': 56, 'learning_rate': 0.12468437735224339, 'feature_fraction': 0.8270634552181849, 'bagging_fraction': 0.7910870353835864, 'bagging_freq': 2, 'min_child_samples': 18}. Best is trial 16 with value: 0.9793388429752067.
[I 2025-09-17 13:15:28,458] Trial 17 finished with value: 0.9834710743801653 and parameters: {'num_leaves': 48, 'learning_rate': 0.21523736339151994, 'feature_fraction': 0.8068710708376015, 'bagging_fraction': 0.767912770273772, 'bagging_freq': 2, 'min_child_samples': 16}. Best is trial 17 with value: 0.9834710743801653.
[I 2025-09-17 13:15:28,517] Trial 18 finished with value: 0.9917355371900827 and parameters: {'num_leaves': 121, 'learning_rate': 0.21184545994246975, 'feature_fraction': 0.41168122722306266, 'bagging_fraction': 0.7595270397190742, 'bagging_freq': 2, 'min_child_samples': 16}. Best is trial 18 with value: 0.9917355371900827.
[I 2025-09-17 13:15:28,530] Trial 19 finished with value: 0.5 and parameters: {'num_leaves': 126, 'learning_rate': 0.2107180765722251, 'feature_fraction': 0.4088982420404117, 'bagging_fraction': 0.714297485818744, 'bagging_freq': 2, 'min_child_samples': 60}. Best is trial 18 with value: 0.9917355371900827.
[I 2025-09-17 13:15:28,577] Trial 20 finished with value: 0.9710743801652892 and parameters: {'num_leaves': 134, 'learning_rate': 0.24094339240109425, 'feature_fraction': 0.5862538795284673, 'bagging_fraction': 0.7309527231490697, 'bagging_freq': 2, 'min_child_samples': 16}. Best is trial 18 with value: 0.9917355371900827.
[I 2025-09-17 13:15:28,620] Trial 21 finished with value: 0.9628099173553719 and parameters: {'num_leaves': 71, 'learning_rate': 0.13504870165546573, 'feature_fraction': 0.7851290882038326, 'bagging_fraction': 0.7580957250233182, 'bagging_freq': 2, 'min_child_samples': 28}. Best is trial 18 with value: 0.9917355371900827.
[I 2025-09-17 13:15:28,676] Trial 22 finished with value: 0.9793388429752066 and parameters: {'num_leaves': 51, 'learning_rate': 0.19385232048766093, 'feature_fraction': 0.8118876843862488, 'bagging_fraction': 0.7673887875689711, 'bagging_freq': 3, 'min_child_samples': 15}. Best is trial 18 with value: 0.9917355371900827.
[I 2025-09-17 13:15:28,708] Trial 23 finished with value: 0.9586776859504131 and parameters: {'num_leaves': 92, 'learning_rate': 0.2544403182243931, 'feature_fraction': 0.7562896739474302, 'bagging_fraction': 0.6627134708640557, 'bagging_freq': 2, 'min_child_samples': 31}. Best is trial 18 with value: 0.9917355371900827.
[I 2025-09-17 13:15:28,782] Trial 24 finished with value: 0.9338842975206612 and parameters: {'num_leaves': 47, 'learning_rate': 0.14645721040472387, 'feature_fraction': 0.4422530802115732, 'bagging_fraction': 0.888021013317714, 'bagging_freq': 1, 'min_child_samples': 12}. Best is trial 18 with value: 0.9917355371900827.
[I 2025-09-17 13:15:28,824] Trial 25 finished with value: 0.9917355371900827 and parameters: {'num_leaves': 11, 'learning_rate': 0.21051251697686296, 'feature_fraction': 0.6143246914053855, 'bagging_fraction': 0.764357889587189, 'bagging_freq': 3, 'min_child_samples': 24}. Best is trial 18 with value: 0.9917355371900827.
[I 2025-09-17 13:15:28,864] Trial 26 finished with value: 0.9834710743801653 and parameters: {'num_leaves': 11, 'learning_rate': 0.22248949351444214, 'feature_fraction': 0.5762387806755791, 'bagging_fraction': 0.6999622430257068, 'bagging_freq': 3, 'min_child_samples': 24}. Best is trial 18 with value: 0.9917355371900827.
[I 2025-09-17 13:15:28,887] Trial 27 finished with value: 0.9421487603305785 and parameters: {'num_leaves': 300, 'learning_rate': 0.19837030598395508, 'feature_fraction': 0.6164606913464691, 'bagging_fraction': 0.6949366352883339, 'bagging_freq': 4, 'min_child_samples': 37}. Best is trial 18 with value: 0.9917355371900827.
[I 2025-09-17 13:15:28,909] Trial 28 finished with value: 0.7933884297520661 and parameters: {'num_leaves': 87, 'learning_rate': 0.2709631476767129, 'feature_fraction': 0.4920506687627507, 'bagging_fraction': 0.8701679511452932, 'bagging_freq': 3, 'min_child_samples': 47}. Best is trial 18 with value: 0.9917355371900827.
[I 2025-09-17 13:15:28,931] Trial 29 finished with value: 0.6942148760330579 and parameters: {'num_leaves': 37, 'learning_rate': 0.175071599058878, 'feature_fraction': 0.708537183231178, 'bagging_fraction': 0.6078015389720003, 'bagging_freq': 4, 'min_child_samples': 38}. Best is trial 18 with value: 0.9917355371900827.
[I 2025-09-17 13:15:28,967] Trial 30 finished with value: 0.9628099173553719 and parameters: {'num_leaves': 122, 'learning_rate': 0.23242620511817108, 'feature_fraction': 0.5389111633041994, 'bagging_fraction': 0.7608945370649349, 'bagging_freq': 1, 'min_child_samples': 33}. Best is trial 18 with value: 0.9917355371900827.
[I 2025-09-17 13:15:29,004] Trial 31 finished with value: 0.9586776859504131 and parameters: {'num_leaves': 23, 'learning_rate': 0.21358938638385722, 'feature_fraction': 0.6073944692733984, 'bagging_fraction': 0.6951268067159959, 'bagging_freq': 3, 'min_child_samples': 24}. Best is trial 18 with value: 0.9917355371900827.
[I 2025-09-17 13:15:29,073] Trial 32 finished with value: 0.9876033057851239 and parameters: {'num_leaves': 20, 'learning_rate': 0.22893801243021997, 'feature_fraction': 0.5597778224884187, 'bagging_fraction': 0.625247884811421, 'bagging_freq': 2, 'min_child_samples': 11}. Best is trial 18 with value: 0.9917355371900827.
[I 2025-09-17 13:15:29,111] Trial 33 finished with value: 0.9669421487603306 and parameters: {'num_leaves': 42, 'learning_rate': 0.2510283951001664, 'feature_fraction': 0.4444952012960422, 'bagging_fraction': 0.491068177196102, 'bagging_freq': 2, 'min_child_samples': 14}. Best is trial 18 with value: 0.9917355371900827.
[I 2025-09-17 13:15:29,163] Trial 34 finished with value: 0.9586776859504132 and parameters: {'num_leaves': 11, 'learning_rate': 0.1997680725860636, 'feature_fraction': 0.652022301594434, 'bagging_fraction': 0.6243194045137266, 'bagging_freq': 2, 'min_child_samples': 10}. Best is trial 18 with value: 0.9917355371900827.
