[I 2025-09-17 13:17:25,415] Trial 25 finished with value: 0.887218045112782 and parameters: {'num_leaves': 169, 'learning_rate': 0.2737226980471205, 'feature_fraction': 0.407185762874322, 'bagging_fraction': 0.8955431461614592, 'bagging_freq': 1, 'min_child_samples': 23}. Best is trial 21 with value: 0.962406015037594.
Training until validation scores don't improve for 50 rounds
Early stopping, best iteration is:
[37]	valid_0's binary_logloss: 0.682256
Training until validation scores don't improve for 50 rounds
Early stopping, best iteration is:
[3]	valid_0's binary_logloss: 0.509969
Training until validation scores don't improve for 50 rounds
Early stopping, best iteration is:
[26]	valid_0's binary_logloss: 0.614545
Training until validation scores don't improve for 50 rounds
Early stopping, best iteration is:
[46]	valid_0's binary_logloss: 0.591011
Training until validation scores don't improve for 50 rounds
Early stopping, best iteration is:
[21]	valid_0's binary_logloss: 0.527602
Training until validation scores don't improve for 50 rounds
Early stopping, best iteration is:
[21]	valid_0's binary_logloss: 0.512055
Training until validation scores don't improve for 50 rounds
Early stopping, best iteration is:
[15]	valid_0's binary_logloss: 0.550776
Training until validation scores don't improve for 50 rounds
Early stopping, best iteration is:
[30]	valid_0's binary_logloss: 0.534617
Training until validation scores don't improve for 50 rounds
Did not meet early stopping. Best iteration is:
[62]	valid_0's binary_logloss: 0.57719
Training until validation scores don't improve for 50 rounds
Early stopping, best iteration is:
[14]	valid_0's binary_logloss: 0.555518
Training until validation scores don't improve for 50 rounds
Did not meet early stopping. Best iteration is:
[71]	valid_0's binary_logloss: 0.586143
Training until validation scores don't improve for 50 rounds
Did not meet early stopping. Best iteration is:
[84]	valid_0's binary_logloss: 0.614035
Training until validation scores don't improve for 50 rounds
Early stopping, best iteration is:
[3]	valid_0's binary_logloss: 0.682256
Training until validation scores don't improve for 50 rounds
Did not meet early stopping. Best iteration is:
[62]	valid_0's binary_logloss: 0.595961
Training until validation scores don't improve for 50 rounds
Early stopping, best iteration is:
[5]	valid_0's binary_logloss: 0.491935
Training until validation scores don't improve for 50 rounds
Early stopping, best iteration is:
[6]	valid_0's binary_logloss: 0.58614
Training until validation scores don't improve for 50 rounds
Early stopping, best iteration is:
[16]	valid_0's binary_logloss: 0.450641
Training until validation scores don't improve for 50 rounds
Early stopping, best iteration is:
[29]	valid_0's binary_logloss: 0.582419
Training until validation scores don't improve for 50 rounds
Early stopping, best iteration is:
[13]	valid_0's binary_logloss: 0.475485
Training until validation scores don't improve for 50 rounds
Early stopping, best iteration is:
[44]	valid_0's binary_logloss: 0.5557
Training until validation scores don't improve for 50 rounds
Early stopping, best iteration is:
[19]	valid_0's binary_logloss: 0.561076
Training until validation scores don't improve for 50 rounds
Early stopping, best iteration is:
[26]	valid_0's binary_logloss: 0.682256
Training until validation scores don't improve for 50 rounds
Early stopping, best iteration is:
[41]	valid_0's binary_logloss: 0.502721
Training until validation scores don't improve for 50 rounds
Did not meet early stopping. Best iteration is:
[58]	valid_0's binary_logloss: 0.519365
Training until validation scores don't improve for 50 rounds
Early stopping, best iteration is:
[11]	valid_0's binary_logloss: 0.580267
Training until validation scores don't improve for 50 rounds
Early stopping, best iteration is:
[19]	valid_0's binary_logloss: 0.501309
Training until validation scores don't improve for 50 rounds
Early stopping, best iteration is:
[19]	valid_0's binary_logloss: 0.530584
Training until validation scores don't improve for 50 rounds
Early stopping, best iteration is:
[1]	valid_0's binary_logloss: 0.682256
Training until validation scores don't improve for 50 rounds
Early stopping, best iteration is:
[3]	valid_0's binary_logloss: 0.682256
Training until validation scores don't improve for 50 rounds
Early stopping, best iteration is:
[7]	valid_0's binary_logloss: 0.539524
Training until validation scores don't improve for 50 rounds
Early stopping, best iteration is:
[3]	valid_0's binary_logloss: 0.600672
Training until validation scores don't improve for 50 rounds
Early stopping, best iteration is:
[8]	valid_0's binary_logloss: 0.499212
Training until validation scores don't improve for 50 rounds
Early stopping, best iteration is:
[11]	valid_0's binary_logloss: 0.513406
Training until validation scores don't improve for 50 rounds
Early stopping, best iteration is:
[15]	valid_0's binary_logloss: 0.682256
Training until validation scores don't improve for 50 rounds
Early stopping, best iteration is:
[31]	valid_0's binary_logloss: 0.470339
Training until validation scores don't improve for 50 rounds
Did not meet early stopping. Best iteration is:
[65]	valid_0's binary_logloss: 0.531893
Training until validation scores don't improve for 50 rounds
Did not meet early stopping. Best iteration is:
[67]	valid_0's binary_logloss: 0.397313
Training until validation scores don't improve for 50 rounds
Did not meet early stopping. Best iteration is:
[99]	valid_0's binary_logloss: 0.51479
Training until validation scores don't improve for 50 rounds
Early stopping, best iteration is:
[5]	valid_0's binary_logloss: 0.682256
Training until validation scores don't improve for 50 rounds
Early stopping, best iteration is:
[50]	valid_0's binary_logloss: 0.476313
Training until validation scores don't improve for 50 rounds
Did not meet early stopping. Best iteration is:
[98]	valid_0's binary_logloss: 0.48967
Training until validation scores don't improve for 50 rounds
Did not meet early stopping. Best iteration is:
[85]	valid_0's binary_logloss: 0.531087
Training until validation scores don't improve for 50 rounds
Early stopping, best iteration is:
[46]	valid_0's binary_logloss: 0.436951
Training until validation scores don't improve for 50 rounds
Early stopping, best iteration is:
[8]	valid_0's binary_logloss: 0.682256
Training until validation scores don't improve for 50 rounds
Did not meet early stopping. Best iteration is:
[100]	valid_0's binary_logloss: 0.506927
Training until validation scores don't improve for 50 rounds
Early stopping, best iteration is:
[21]	valid_0's binary_logloss: 0.376747
Training until validation scores don't improve for 50 rounds
Early stopping, best iteration is:
[33]	valid_0's binary_logloss: 0.343265
Training until validation scores don't improve for 50 rounds
Did not meet early stopping. Best iteration is:
[52]	valid_0's binary_logloss: 0.511518
Training until validation scores don't improve for 50 rounds
Did not meet early stopping. Best iteration is:
[98]	valid_0's binary_logloss: 0.414996
Training until validation scores don't improve for 50 rounds
Did not meet early stopping. Best iteration is:
[76]	valid_0's binary_logloss: 0.439803
Training until validation scores don't improve for 50 rounds
Early stopping, best iteration is:
[21]	valid_0's binary_logloss: 0.338495
Training until validation scores don't improve for 50 rounds
Early stopping, best iteration is:
[31]	valid_0's binary_logloss: 0.682256
Training until validation scores don't improve for 50 rounds
Early stopping, best iteration is:
[32]	valid_0's binary_logloss: 0.333208
Training until validation scores don't improve for 50 rounds
Early stopping, best iteration is:
[1]	valid_0's binary_logloss: 0.682256
Training until validation scores don't improve for 50 rounds
Early stopping, best iteration is:
[28]	valid_0's binary_logloss: 0.324649
Training until validation scores don't improve for 50 rounds
Early stopping, best iteration is:
[30]	valid_0's binary_logloss: 0.435414
Training until validation scores don't improve for 50 rounds
Early stopping, best iteration is:
[31]	valid_0's binary_logloss: 0.368841
Training until validation scores don't improve for 50 rounds
Early stopping, best iteration is:
[38]	valid_0's binary_logloss: 0.286971
Training until validation scores don't improve for 50 rounds
Early stopping, best iteration is:
[30]	valid_0's binary_logloss: 0.433222
[I 2025-09-17 13:17:25,434] Trial 26 finished with value: 0.7406015037593985 and parameters: {'num_leaves': 121, 'learning_rate': 0.18689121858717458, 'feature_fraction': 0.4617173631440362, 'bagging_fraction': 0.6042084971814197, 'bagging_freq': 1, 'min_child_samples': 42}. Best is trial 21 with value: 0.962406015037594.
[I 2025-09-17 13:17:25,495] Trial 27 finished with value: 0.8947368421052632 and parameters: {'num_leaves': 156, 'learning_rate': 0.2776942792725206, 'feature_fraction': 0.8515263302515775, 'bagging_fraction': 0.7121101638610603, 'bagging_freq': 2, 'min_child_samples': 17}. Best is trial 21 with value: 0.962406015037594.
[I 2025-09-17 13:17:25,537] Trial 28 finished with value: 0.8609022556390977 and parameters: {'num_leaves': 195, 'learning_rate': 0.22477701354315516, 'feature_fraction': 0.7346289832651238, 'bagging_fraction': 0.8010936770748387, 'bagging_freq': 6, 'min_child_samples': 27}. Best is trial 21 with value: 0.962406015037594.
[I 2025-09-17 13:17:25,549] Trial 29 finished with value: 0.5 and parameters: {'num_leaves': 227, 'learning_rate': 0.1902647649948118, 'feature_fraction': 0.9387023370086119, 'bagging_fraction': 0.944829752504228, 'bagging_freq': 1, 'min_child_samples': 79}. Best is trial 21 with value: 0.962406015037594.
[I 2025-09-17 13:17:25,626] Trial 30 finished with value: 0.906015037593985 and parameters: {'num_leaves': 113, 'learning_rate': 0.2512630711006159, 'feature_fraction': 0.4499009349821479, 'bagging_fraction': 0.8766704746014251, 'bagging_freq': 3, 'min_child_samples': 10}. Best is trial 21 with value: 0.962406015037594.
[I 2025-09-17 13:17:25,742] Trial 31 finished with value: 0.9398496240601505 and parameters: {'num_leaves': 266, 'learning_rate': 0.2389405868173952, 'feature_fraction': 0.5409547509333801, 'bagging_fraction': 0.8129850827734622, 'bagging_freq': 2, 'min_child_samples': 6}. Best is trial 21 with value: 0.962406015037594.
[I 2025-09-17 13:17:25,807] Trial 32 finished with value: 0.8759398496240601 and parameters: {'num_leaves': 227, 'learning_rate': 0.2843777696441603, 'feature_fraction': 0.5299277298296681, 'bagging_fraction': 0.7997758190409924, 'bagging_freq': 1, 'min_child_samples': 20}. Best is trial 21 with value: 0.962406015037594.
[I 2025-09-17 13:17:25,895] Trial 33 finished with value: 0.9022556390977443 and parameters: {'num_leaves': 182, 'learning_rate': 0.2604051968849897, 'feature_fraction': 0.44953179336453386, 'bagging_fraction': 0.9298483752099065, 'bagging_freq': 1, 'min_child_samples': 11}. Best is trial 21 with value: 0.962406015037594.
[I 2025-09-17 13:17:26,020] Trial 34 finished with value: 0.906015037593985 and parameters: {'num_leaves': 157, 'learning_rate': 0.22890699834145534, 'feature_fraction': 0.5396417396125852, 'bagging_fraction': 0.8613356589415829, 'bagging_freq': 2, 'min_child_samples': 5}. Best is trial 21 with value: 0.962406015037594.
[I 2025-09-17 13:17:26,088] Trial 35 finished with value: 0.868421052631579 and parameters: {'num_leaves': 258, 'learning_rate': 0.20320357432753472, 'feature_fraction': 0.488875692454822, 'bagging_fraction': 0.9966885073897832, 'bagging_freq': 3, 'min_child_samples': 19}. Best is trial 21 with value: 0.962406015037594.
[I 2025-09-17 13:17:26,137] Trial 36 finished with value: 0.7969924812030075 and parameters: {'num_leaves': 231, 'learning_rate': 0.29839603398524794, 'feature_fraction': 0.6770988471216683, 'bagging_fraction': 0.648907169149631, 'bagging_freq': 1, 'min_child_samples': 11}. Best is trial 21 with value: 0.962406015037594.
[I 2025-09-17 13:17:26,172] Trial 37 finished with value: 0.8195488721804511 and parameters: {'num_leaves': 210, 'learning_rate': 0.20331982954167838, 'feature_fraction': 0.6012987139294176, 'bagging_fraction': 0.7290994158574957, 'bagging_freq': 2, 'min_child_samples': 31}. Best is trial 21 with value: 0.962406015037594.
[I 2025-09-17 13:17:26,190] Trial 38 finished with value: 0.7330827067669173 and parameters: {'num_leaves': 14, 'learning_rate': 0.285038899592803, 'feature_fraction': 0.7363105904971199, 'bagging_fraction': 0.8027134788384273, 'bagging_freq': 3, 'min_child_samples': 57}. Best is trial 21 with value: 0.962406015037594.
[I 2025-09-17 13:17:26,236] Trial 39 finished with value: 0.7894736842105263 and parameters: {'num_leaves': 250, 'learning_rate': 0.17039786511979624, 'feature_fraction': 0.429999174238436, 'bagging_fraction': 0.6722856851276792, 'bagging_freq': 1, 'min_child_samples': 25}. Best is trial 21 with value: 0.962406015037594.
[I 2025-09-17 13:17:26,258] Trial 40 finished with value: 0.7819548872180452 and parameters: {'num_leaves': 190, 'learning_rate': 0.09001489670519294, 'feature_fraction': 0.5548385391701123, 'bagging_fraction': 0.7428422817099826, 'bagging_freq': 4, 'min_child_samples': 48}. Best is trial 21 with value: 0.962406015037594.
[I 2025-09-17 13:17:26,348] Trial 41 finished with value: 0.9360902255639098 and parameters: {'num_leaves': 276, 'learning_rate': 0.24057006293351937, 'feature_fraction': 0.6119877982823766, 'bagging_fraction': 0.8294265053341385, 'bagging_freq': 2, 'min_child_samples': 8}. Best is trial 21 with value: 0.962406015037594.
[I 2025-09-17 13:17:26,407] Trial 42 finished with value: 0.8984962406015038 and parameters: {'num_leaves': 283, 'learning_rate': 0.24515475927555938, 'feature_fraction': 0.6116459476757689, 'bagging_fraction': 0.9616943247041397, 'bagging_freq': 2, 'min_child_samples': 11}. Best is trial 21 with value: 0.962406015037594.
[I 2025-09-17 13:17:26,451] Trial 43 finished with value: 0.8909774436090225 and parameters: {'num_leaves': 297, 'learning_rate': 0.21989991714800253, 'feature_fraction': 0.6822681198008766, 'bagging_fraction': 0.8373193587554363, 'bagging_freq': 2, 'min_child_samples': 15}. Best is trial 21 with value: 0.962406015037594.
[I 2025-09-17 13:17:26,546] Trial 44 finished with value: 0.9285714285714286 and parameters: {'num_leaves': 237, 'learning_rate': 0.2688012650432942, 'feature_fraction': 0.5030449577296876, 'bagging_fraction': 0.8981537848161074, 'bagging_freq': 3, 'min_child_samples': 9}. Best is trial 21 with value: 0.962406015037594.
[I 2025-09-17 13:17:26,587] Trial 45 finished with value: 0.8646616541353382 and parameters: {'num_leaves': 141, 'learning_rate': 0.12265074922755297, 'feature_fraction': 0.6712179985794147, 'bagging_fraction': 0.7829157554375218, 'bagging_freq': 1, 'min_child_samples': 21}. Best is trial 21 with value: 0.962406015037594.
[I 2025-09-17 13:17:26,747] Trial 46 finished with value: 0.9285714285714286 and parameters: {'num_leaves': 257, 'learning_rate': 0.15147035157036798, 'feature_fraction': 0.7121746444155991, 'bagging_fraction': 0.8797310434229196, 'bagging_freq': 3, 'min_child_samples': 5}. Best is trial 21 with value: 0.962406015037594.
[I 2025-09-17 13:17:26,792] Trial 47 finished with value: 0.8721804511278196 and parameters: {'num_leaves': 166, 'learning_rate': 0.22988132845411174, 'feature_fraction': 0.7590851686810595, 'bagging_fraction': 0.5940507769301137, 'bagging_freq': 2, 'min_child_samples': 17}. Best is trial 21 with value: 0.962406015037594.
[I 2025-09-17 13:17:26,866] Trial 48 finished with value: 0.9097744360902256 and parameters: {'num_leaves': 64, 'learning_rate': 0.2580374657923037, 'feature_fraction': 0.8197364977396209, 'bagging_fraction': 0.8535358136337067, 'bagging_freq': 3, 'min_child_samples': 10}. Best is trial 21 with value: 0.962406015037594.
[I 2025-09-17 13:17:26,883] Trial 49 finished with value: 0.5 and parameters: {'num_leaves': 243, 'learning_rate': 0.19396741040323345, 'feature_fraction': 0.5668052924271817, 'bagging_fraction': 0.8179860338233446, 'bagging_freq': 4, 'min_child_samples': 67}. Best is trial 21 with value: 0.962406015037594.
[I 2025-09-17 13:17:27,152] A new study created in memory with name: no-name-d405605c-a1ae-4a86-862c-24604405c59a
[I 2025-09-17 13:17:27,162] Trial 0 finished with value: 0.5 and parameters: {'num_leaves': 152, 'learning_rate': 0.07707349516998906, 'feature_fraction': 0.8948126985008291, 'bagging_fraction': 0.4528672655896599, 'bagging_freq': 7, 'min_child_samples': 47}. Best is trial 0 with value: 0.5.
[I 2025-09-17 13:17:27,171] Trial 1 finished with value: 0.5 and parameters: {'num_leaves': 268, 'learning_rate': 0.21500408624226938, 'feature_fraction': 0.4406059032080881, 'bagging_fraction': 0.44735380918210155, 'bagging_freq': 3, 'min_child_samples': 95}. Best is trial 0 with value: 0.5.
[I 2025-09-17 13:17:27,220] Trial 2 finished with value: 0.6842105263157895 and parameters: {'num_leaves': 78, 'learning_rate': 0.11809098765188782, 'feature_fraction': 0.8408935720517436, 'bagging_fraction': 0.7697195107342398, 'bagging_freq': 1, 'min_child_samples': 12}. Best is trial 2 with value: 0.6842105263157895.
[I 2025-09-17 13:17:27,231] Trial 3 finished with value: 0.5 and parameters: {'num_leaves': 218, 'learning_rate': 0.23222611137915122, 'feature_fraction': 0.8116845670591484, 'bagging_fraction': 0.4032982141716332, 'bagging_freq': 6, 'min_child_samples': 94}. Best is trial 2 with value: 0.6842105263157895.
[I 2025-09-17 13:17:27,243] Trial 4 finished with value: 0.6259398496240601 and parameters: {'num_leaves': 212, 'learning_rate': 0.20584645427151607, 'feature_fraction': 0.5779655470030013, 'bagging_fraction': 0.8070563467923844, 'bagging_freq': 6, 'min_child_samples': 36}. Best is trial 2 with value: 0.6842105263157895.
[I 2025-09-17 13:17:27,251] Trial 5 finished with value: 0.5 and parameters: {'num_leaves': 185, 'learning_rate': 0.25942193936330193, 'feature_fraction': 0.9785306330864944, 'bagging_fraction': 0.4990653123556931, 'bagging_freq': 6, 'min_child_samples': 68}. Best is trial 2 with value: 0.6842105263157895.
[I 2025-09-17 13:17:27,294] Trial 6 finished with value: 0.6578947368421053 and parameters: {'num_leaves': 165, 'learning_rate': 0.027401720293159577, 'feature_fraction': 0.5326516193093239, 'bagging_fraction': 0.6329109454408129, 'bagging_freq': 3, 'min_child_samples': 17}. Best is trial 2 with value: 0.6842105263157895.
[I 2025-09-17 13:17:27,308] Trial 7 finished with value: 0.5 and parameters: {'num_leaves': 238, 'learning_rate': 0.19658807113378804, 'feature_fraction': 0.5369701251523454, 'bagging_fraction': 0.8293404118916057, 'bagging_freq': 5, 'min_child_samples': 64}. Best is trial 2 with value: 0.6842105263157895.
[I 2025-09-17 13:17:27,315] Trial 8 finished with value: 0.5 and parameters: {'num_leaves': 48, 'learning_rate': 0.28788997738066485, 'feature_fraction': 0.9055852243725467, 'bagging_fraction': 0.691797913636007, 'bagging_freq': 1, 'min_child_samples': 67}. Best is trial 2 with value: 0.6842105263157895.
[I 2025-09-17 13:17:27,356] Trial 9 finished with value: 0.6578947368421053 and parameters: {'num_leaves': 75, 'learning_rate': 0.28893691090745205, 'feature_fraction': 0.7887920332879683, 'bagging_fraction': 0.8991200219500457, 'bagging_freq': 3, 'min_child_samples': 13}. Best is trial 2 with value: 0.6842105263157895.
[I 2025-09-17 13:17:27,383] Trial 10 finished with value: 0.7105263157894737 and parameters: {'num_leaves': 113, 'learning_rate': 0.12061442853483086, 'feature_fraction': 0.6811745596103459, 'bagging_fraction': 0.9458956769271212, 'bagging_freq': 1, 'min_child_samples': 29}. Best is trial 10 with value: 0.7105263157894737.
[I 2025-09-17 13:17:27,414] Trial 11 finished with value: 0.6766917293233083 and parameters: {'num_leaves': 108, 'learning_rate': 0.12590045434896843, 'feature_fraction': 0.687615076783905, 'bagging_fraction': 0.9973235476883756, 'bagging_freq': 1, 'min_child_samples': 26}. Best is trial 10 with value: 0.7105263157894737.
[I 2025-09-17 13:17:27,482] Trial 12 finished with value: 0.6090225563909775 and parameters: {'num_leaves': 111, 'learning_rate': 0.13136542769356244, 'feature_fraction': 0.6848751692425248, 'bagging_fraction': 0.9882423012761629, 'bagging_freq': 2, 'min_child_samples': 7}. Best is trial 10 with value: 0.7105263157894737.
[I 2025-09-17 13:17:27,502] Trial 13 finished with value: 0.6466165413533834 and parameters: {'num_leaves': 27, 'learning_rate': 0.0747111740038019, 'feature_fraction': 0.7821991266964586, 'bagging_fraction': 0.7799366232037255, 'bagging_freq': 1, 'min_child_samples': 31}. Best is trial 10 with value: 0.7105263157894737.
[I 2025-09-17 13:17:27,519] Trial 14 finished with value: 0.5507518796992481 and parameters: {'num_leaves': 110, 'learning_rate': 0.09150152534836664, 'feature_fraction': 0.6265161725515417, 'bagging_fraction': 0.6097096564111699, 'bagging_freq': 2, 'min_child_samples': 46}. Best is trial 10 with value: 0.7105263157894737.
[I 2025-09-17 13:17:27,550] Trial 15 finished with value: 0.6635338345864662 and parameters: {'num_leaves': 72, 'learning_rate': 0.16637013618738355, 'feature_fraction': 0.7374742307773084, 'bagging_fraction': 0.8989956977246233, 'bagging_freq': 2, 'min_child_samples': 22}. Best is trial 10 with value: 0.7105263157894737.
[I 2025-09-17 13:17:27,566] Trial 16 finished with value: 0.5733082706766917 and parameters: {'num_leaves': 12, 'learning_rate': 0.04039498366554527, 'feature_fraction': 0.857403403037567, 'bagging_fraction': 0.7329250467091029, 'bagging_freq': 4, 'min_child_samples': 38}. Best is trial 10 with value: 0.7105263157894737.
