[I 2025-09-17 13:15:56,963] Trial 3 finished with value: 0.8461538461538461 and parameters: {'num_leaves': 99, 'learning_rate': 0.15100710792469121, 'feature_fraction': 0.9236918685158082, 'bagging_fraction': 0.6541992232301983, 'bagging_freq': 3, 'min_child_samples': 5}. Best is trial 3 with value: 0.8461538461538461.
[I 2025-09-17 13:15:56,970] Trial 4 finished with value: 0.5 and parameters: {'num_leaves': 276, 'learning_rate': 0.15705081165992624, 'feature_fraction': 0.5054358490954268, 'bagging_fraction': 0.941361192258501, 'bagging_freq': 1, 'min_child_samples': 71}. Best is trial 3 with value: 0.8461538461538461.
[I 2025-09-17 13:15:56,979] Trial 5 finished with value: 0.5 and parameters: {'num_leaves': 103, 'learning_rate': 0.24229965636871467, 'feature_fraction': 0.7738157444872685, 'bagging_fraction': 0.7416653258181023, 'bagging_freq': 2, 'min_child_samples': 65}. Best is trial 3 with value: 0.8461538461538461.
[I 2025-09-17 13:15:57,011] Trial 6 finished with value: 0.8146853146853147 and parameters: {'num_leaves': 295, 'learning_rate': 0.09336781730528636, 'feature_fraction': 0.5763405464185781, 'bagging_fraction': 0.9508996739042456, 'bagging_freq': 5, 'min_child_samples': 37}. Best is trial 3 with value: 0.8461538461538461.
[I 2025-09-17 13:15:57,061] Trial 7 finished with value: 0.7937062937062938 and parameters: {'num_leaves': 13, 'learning_rate': 0.1459642935566143, 'feature_fraction': 0.798297357457027, 'bagging_fraction': 0.5358471523553888, 'bagging_freq': 1, 'min_child_samples': 11}. Best is trial 3 with value: 0.8461538461538461.
[I 2025-09-17 13:15:57,071] Trial 8 finished with value: 0.5 and parameters: {'num_leaves': 34, 'learning_rate': 0.020293820831481256, 'feature_fraction': 0.5595884979649677, 'bagging_fraction': 0.4515675333513159, 'bagging_freq': 4, 'min_child_samples': 84}. Best is trial 3 with value: 0.8461538461538461.
[I 2025-09-17 13:15:57,113] Trial 9 finished with value: 0.7342657342657342 and parameters: {'num_leaves': 173, 'learning_rate': 0.011114153667955004, 'feature_fraction': 0.5952907368885866, 'bagging_fraction': 0.7209626119113619, 'bagging_freq': 1, 'min_child_samples': 24}. Best is trial 3 with value: 0.8461538461538461.
[I 2025-09-17 13:15:57,221] Trial 10 finished with value: 0.8391608391608392 and parameters: {'num_leaves': 70, 'learning_rate': 0.25141949295811883, 'feature_fraction': 0.9950547128463552, 'bagging_fraction': 0.8225288129125972, 'bagging_freq': 7, 'min_child_samples': 5}. Best is trial 3 with value: 0.8461538461538461.
[I 2025-09-17 13:15:57,326] Trial 11 finished with value: 0.8216783216783218 and parameters: {'num_leaves': 71, 'learning_rate': 0.2846725067407232, 'feature_fraction': 0.9680823890760809, 'bagging_fraction': 0.8174384280947272, 'bagging_freq': 7, 'min_child_samples': 5}. Best is trial 3 with value: 0.8461538461538461.
[I 2025-09-17 13:15:57,358] Trial 12 finished with value: 0.7482517482517482 and parameters: {'num_leaves': 90, 'learning_rate': 0.2065684915841098, 'feature_fraction': 0.8817308857188023, 'bagging_fraction': 0.8424961405940964, 'bagging_freq': 7, 'min_child_samples': 20}. Best is trial 3 with value: 0.8461538461538461.
[I 2025-09-17 13:15:57,377] Trial 13 finished with value: 0.6206293706293707 and parameters: {'num_leaves': 148, 'learning_rate': 0.20463007049239418, 'feature_fraction': 0.9959974753811088, 'bagging_fraction': 0.569721975170307, 'bagging_freq': 6, 'min_child_samples': 42}. Best is trial 3 with value: 0.8461538461538461.
[I 2025-09-17 13:15:57,482] Trial 14 finished with value: 0.8041958041958042 and parameters: {'num_leaves': 59, 'learning_rate': 0.2621013791676724, 'feature_fraction': 0.8938028611446945, 'bagging_fraction': 0.819201277638611, 'bagging_freq': 3, 'min_child_samples': 5}. Best is trial 3 with value: 0.8461538461538461.
[I 2025-09-17 13:15:57,509] Trial 15 finished with value: 0.8251748251748252 and parameters: {'num_leaves': 112, 'learning_rate': 0.1907665612949021, 'feature_fraction': 0.7306605793595708, 'bagging_fraction': 0.5787432673389049, 'bagging_freq': 5, 'min_child_samples': 29}. Best is trial 3 with value: 0.8461538461538461.
[I 2025-09-17 13:15:57,522] Trial 16 finished with value: 0.5 and parameters: {'num_leaves': 200, 'learning_rate': 0.229772229917773, 'feature_fraction': 0.8509789287874537, 'bagging_fraction': 0.4108599410851453, 'bagging_freq': 3, 'min_child_samples': 52}. Best is trial 3 with value: 0.8461538461538461.
[I 2025-09-17 13:15:57,577] Trial 17 finished with value: 0.7762237762237763 and parameters: {'num_leaves': 48, 'learning_rate': 0.10358675959712393, 'feature_fraction': 0.688673263489564, 'bagging_fraction': 0.7850732379175287, 'bagging_freq': 6, 'min_child_samples': 14}. Best is trial 3 with value: 0.8461538461538461.
[I 2025-09-17 13:15:57,595] Trial 18 finished with value: 0.5 and parameters: {'num_leaves': 123, 'learning_rate': 0.17408965903656098, 'feature_fraction': 0.9248091470050751, 'bagging_fraction': 0.8966658800523742, 'bagging_freq': 5, 'min_child_samples': 99}. Best is trial 3 with value: 0.8461538461538461.
[I 2025-09-17 13:15:57,620] Trial 19 finished with value: 0.7832167832167832 and parameters: {'num_leaves': 79, 'learning_rate': 0.291966740255954, 'feature_fraction': 0.8344164803643468, 'bagging_fraction': 0.6724610816689597, 'bagging_freq': 2, 'min_child_samples': 35}. Best is trial 3 with value: 0.8461538461538461.
[I 2025-09-17 13:15:57,676] Trial 20 finished with value: 0.8216783216783217 and parameters: {'num_leaves': 174, 'learning_rate': 0.06847636921746804, 'feature_fraction': 0.6657843126155194, 'bagging_fraction': 0.7587740446362078, 'bagging_freq': 4, 'min_child_samples': 15}. Best is trial 3 with value: 0.8461538461538461.
Training until validation scores don't improve for 50 rounds
Early stopping, best iteration is:
[5]	valid_0's binary_logloss: 0.612693
Training until validation scores don't improve for 50 rounds
Early stopping, best iteration is:
[42]	valid_0's binary_logloss: 0.577235
Training until validation scores don't improve for 50 rounds
Early stopping, best iteration is:
[21]	valid_0's binary_logloss: 0.516997
Training until validation scores don't improve for 50 rounds
Early stopping, best iteration is:
[29]	valid_0's binary_logloss: 0.527941
Training until validation scores don't improve for 50 rounds
Early stopping, best iteration is:
[5]	valid_0's binary_logloss: 0.492819
Training until validation scores don't improve for 50 rounds
Early stopping, best iteration is:
[6]	valid_0's binary_logloss: 0.481394
Training until validation scores don't improve for 50 rounds
Early stopping, best iteration is:
[10]	valid_0's binary_logloss: 0.486233
Training until validation scores don't improve for 50 rounds
Early stopping, best iteration is:
[4]	valid_0's binary_logloss: 0.659919
Training until validation scores don't improve for 50 rounds
Early stopping, best iteration is:
[34]	valid_0's binary_logloss: 0.579838
Training until validation scores don't improve for 50 rounds
Early stopping, best iteration is:
[4]	valid_0's binary_logloss: 0.526584
Training until validation scores don't improve for 50 rounds
Early stopping, best iteration is:
[14]	valid_0's binary_logloss: 0.558126
Training until validation scores don't improve for 50 rounds
Early stopping, best iteration is:
[5]	valid_0's binary_logloss: 0.555616
Training until validation scores don't improve for 50 rounds
Did not meet early stopping. Best iteration is:
[57]	valid_0's binary_logloss: 0.511357
Training until validation scores don't improve for 50 rounds
Early stopping, best iteration is:
[16]	valid_0's binary_logloss: 0.501886
Training until validation scores don't improve for 50 rounds
Did not meet early stopping. Best iteration is:
[55]	valid_0's binary_logloss: 0.575876
Training until validation scores don't improve for 50 rounds
Early stopping, best iteration is:
[47]	valid_0's binary_logloss: 0.520028
Training until validation scores don't improve for 50 rounds
Early stopping, best iteration is:
[47]	valid_0's binary_logloss: 0.659919
Training until validation scores don't improve for 50 rounds
Early stopping, best iteration is:
[17]	valid_0's binary_logloss: 0.555112
Training until validation scores don't improve for 50 rounds
Early stopping, best iteration is:
[42]	valid_0's binary_logloss: 0.464982
Training until validation scores don't improve for 50 rounds
Early stopping, best iteration is:
[20]	valid_0's binary_logloss: 0.570231
Training until validation scores don't improve for 50 rounds
Early stopping, best iteration is:
[5]	valid_0's binary_logloss: 0.495904
Training until validation scores don't improve for 50 rounds
Did not meet early stopping. Best iteration is:
[69]	valid_0's binary_logloss: 0.479775
Training until validation scores don't improve for 50 rounds
Early stopping, best iteration is:
[1]	valid_0's binary_logloss: 0.613841
Training until validation scores don't improve for 50 rounds
Early stopping, best iteration is:
[24]	valid_0's binary_logloss: 0.48918
Training until validation scores don't improve for 50 rounds
Early stopping, best iteration is:
[18]	valid_0's binary_logloss: 0.555727
Training until validation scores don't improve for 50 rounds
Early stopping, best iteration is:
[4]	valid_0's binary_logloss: 0.473231
Training until validation scores don't improve for 50 rounds
Did not meet early stopping. Best iteration is:
[66]	valid_0's binary_logloss: 0.534412
Training until validation scores don't improve for 50 rounds
Early stopping, best iteration is:
[1]	valid_0's binary_logloss: 0.659919
Training until validation scores don't improve for 50 rounds
Did not meet early stopping. Best iteration is:
[98]	valid_0's binary_logloss: 0.546657
Training until validation scores don't improve for 50 rounds
Early stopping, best iteration is:
[9]	valid_0's binary_logloss: 0.484217
Training until validation scores don't improve for 50 rounds
Early stopping, best iteration is:
[5]	valid_0's binary_logloss: 0.523737
Training until validation scores don't improve for 50 rounds
Early stopping, best iteration is:
[26]	valid_0's binary_logloss: 0.60929
Training until validation scores don't improve for 50 rounds
Did not meet early stopping. Best iteration is:
[87]	valid_0's binary_logloss: 0.451441
Training until validation scores don't improve for 50 rounds
Early stopping, best iteration is:
[31]	valid_0's binary_logloss: 0.486566
Training until validation scores don't improve for 50 rounds
Early stopping, best iteration is:
[34]	valid_0's binary_logloss: 0.629355
Training until validation scores don't improve for 50 rounds
Early stopping, best iteration is:
[30]	valid_0's binary_logloss: 0.503435
Training until validation scores don't improve for 50 rounds
Did not meet early stopping. Best iteration is:
[81]	valid_0's binary_logloss: 0.50894
Training until validation scores don't improve for 50 rounds
Early stopping, best iteration is:
[34]	valid_0's binary_logloss: 0.493445
Training until validation scores don't improve for 50 rounds
Did not meet early stopping. Best iteration is:
[100]	valid_0's binary_logloss: 0.656114
Training until validation scores don't improve for 50 rounds
Early stopping, best iteration is:
[40]	valid_0's binary_logloss: 0.487688
Training until validation scores don't improve for 50 rounds
Early stopping, best iteration is:
[10]	valid_0's binary_logloss: 0.660144
Training until validation scores don't improve for 50 rounds
Early stopping, best iteration is:
[30]	valid_0's binary_logloss: 0.441752
Training until validation scores don't improve for 50 rounds
Early stopping, best iteration is:
[11]	valid_0's binary_logloss: 0.660144
Training until validation scores don't improve for 50 rounds
Early stopping, best iteration is:
[18]	valid_0's binary_logloss: 0.660144
Training until validation scores don't improve for 50 rounds
Did not meet early stopping. Best iteration is:
[85]	valid_0's binary_logloss: 0.492937
Training until validation scores don't improve for 50 rounds
Early stopping, best iteration is:
[31]	valid_0's binary_logloss: 0.519158
Training until validation scores don't improve for 50 rounds
Early stopping, best iteration is:
[2]	valid_0's binary_logloss: 0.660144
Training until validation scores don't improve for 50 rounds
Did not meet early stopping. Best iteration is:
[100]	valid_0's binary_logloss: 0.596764
Training until validation scores don't improve for 50 rounds
Early stopping, best iteration is:
[13]	valid_0's binary_logloss: 0.50368
Training until validation scores don't improve for 50 rounds
Early stopping, best iteration is:
[16]	valid_0's binary_logloss: 0.518054
Training until validation scores don't improve for 50 rounds
Early stopping, best iteration is:
[10]	valid_0's binary_logloss: 0.557964
Training until validation scores don't improve for 50 rounds
Early stopping, best iteration is:
[17]	valid_0's binary_logloss: 0.626257
Training until validation scores don't improve for 50 rounds
Early stopping, best iteration is:
[8]	valid_0's binary_logloss: 0.503296
Training until validation scores don't improve for 50 rounds
Did not meet early stopping. Best iteration is:
[84]	valid_0's binary_logloss: 0.487249
Training until validation scores don't improve for 50 rounds
Early stopping, best iteration is:
[5]	valid_0's binary_logloss: 0.660144
Training until validation scores don't improve for 50 rounds
Early stopping, best iteration is:
[33]	valid_0's binary_logloss: 0.535917
Training until validation scores don't improve for 50 rounds
Early stopping, best iteration is:
[36]	valid_0's binary_logloss: 0.660144
Training until validation scores don't improve for 50 rounds
Early stopping, best iteration is:
[46]	valid_0's binary_logloss: 0.520294
Training until validation scores don't improve for 50 rounds
Early stopping, best iteration is:
[46]	valid_0's binary_logloss: 0.492336
[I 2025-09-17 13:15:57,715] Trial 21 finished with value: 0.8076923076923077 and parameters: {'num_leaves': 230, 'learning_rate': 0.10625157265363765, 'feature_fraction': 0.9380961397353335, 'bagging_fraction': 0.9938230907849297, 'bagging_freq': 2, 'min_child_samples': 27}. Best is trial 3 with value: 0.8461538461538461.
[I 2025-09-17 13:15:57,769] Trial 22 finished with value: 0.8566433566433568 and parameters: {'num_leaves': 228, 'learning_rate': 0.12401091806164775, 'feature_fraction': 0.998472857006699, 'bagging_fraction': 0.8851542516082268, 'bagging_freq': 2, 'min_child_samples': 15}. Best is trial 22 with value: 0.8566433566433568.
[I 2025-09-17 13:15:57,880] Trial 23 finished with value: 0.8006993006993007 and parameters: {'num_leaves': 214, 'learning_rate': 0.12212796518349059, 'feature_fraction': 0.9976261944835865, 'bagging_fraction': 0.86199337177968, 'bagging_freq': 3, 'min_child_samples': 6}. Best is trial 22 with value: 0.8566433566433568.
[I 2025-09-17 13:15:57,923] Trial 24 finished with value: 0.8636363636363636 and parameters: {'num_leaves': 173, 'learning_rate': 0.16295174870638104, 'feature_fraction': 0.898161760942596, 'bagging_fraction': 0.888611424674044, 'bagging_freq': 2, 'min_child_samples': 18}. Best is trial 24 with value: 0.8636363636363636.
[I 2025-09-17 13:15:57,969] Trial 25 finished with value: 0.8636363636363635 and parameters: {'num_leaves': 182, 'learning_rate': 0.1700253870075725, 'feature_fraction': 0.8930128527275453, 'bagging_fraction': 0.8927829335774509, 'bagging_freq': 2, 'min_child_samples': 17}. Best is trial 24 with value: 0.8636363636363636.
[I 2025-09-17 13:15:57,996] Trial 26 finished with value: 0.8006993006993006 and parameters: {'num_leaves': 177, 'learning_rate': 0.1868697250490095, 'feature_fraction': 0.8238869780015992, 'bagging_fraction': 0.8993594459649138, 'bagging_freq': 2, 'min_child_samples': 43}. Best is trial 24 with value: 0.8636363636363636.
[I 2025-09-17 13:15:58,035] Trial 27 finished with value: 0.9020979020979022 and parameters: {'num_leaves': 199, 'learning_rate': 0.17061111451720679, 'feature_fraction': 0.8830307374355955, 'bagging_fraction': 0.9983307404119482, 'bagging_freq': 2, 'min_child_samples': 17}. Best is trial 27 with value: 0.9020979020979022.
[I 2025-09-17 13:15:58,062] Trial 28 finished with value: 0.8321678321678322 and parameters: {'num_leaves': 195, 'learning_rate': 0.17547115958459136, 'feature_fraction': 0.7486206838093576, 'bagging_fraction': 0.999255631051864, 'bagging_freq': 2, 'min_child_samples': 35}. Best is trial 27 with value: 0.9020979020979022.
[I 2025-09-17 13:15:58,099] Trial 29 finished with value: 0.8356643356643356 and parameters: {'num_leaves': 134, 'learning_rate': 0.22728132271190624, 'feature_fraction': 0.8738964086493182, 'bagging_fraction': 0.9652464222996087, 'bagging_freq': 4, 'min_child_samples': 20}. Best is trial 27 with value: 0.9020979020979022.
[I 2025-09-17 13:15:58,127] Trial 30 finished with value: 0.7797202797202797 and parameters: {'num_leaves': 158, 'learning_rate': 0.06622749455709567, 'feature_fraction': 0.7971409310677483, 'bagging_fraction': 0.9167639562206727, 'bagging_freq': 1, 'min_child_samples': 59}. Best is trial 27 with value: 0.9020979020979022.
[I 2025-09-17 13:15:58,179] Trial 31 finished with value: 0.8636363636363636 and parameters: {'num_leaves': 245, 'learning_rate': 0.12109530500683365, 'feature_fraction': 0.8944522631859964, 'bagging_fraction': 0.8709838004285604, 'bagging_freq': 2, 'min_child_samples': 15}. Best is trial 27 with value: 0.9020979020979022.
[I 2025-09-17 13:15:58,221] Trial 32 finished with value: 0.8531468531468531 and parameters: {'num_leaves': 249, 'learning_rate': 0.15576595678676491, 'feature_fraction': 0.8928778015685688, 'bagging_fraction': 0.8664457034119198, 'bagging_freq': 2, 'min_child_samples': 20}. Best is trial 27 with value: 0.9020979020979022.
[I 2025-09-17 13:15:58,256] Trial 33 finished with value: 0.8041958041958043 and parameters: {'num_leaves': 199, 'learning_rate': 0.16749809435775734, 'feature_fraction': 0.4391997766665226, 'bagging_fraction': 0.9243177765545418, 'bagging_freq': 3, 'min_child_samples': 31}. Best is trial 27 with value: 0.9020979020979022.
[I 2025-09-17 13:15:58,284] Trial 34 finished with value: 0.7832167832167832 and parameters: {'num_leaves': 253, 'learning_rate': 0.12998987034211124, 'feature_fraction': 0.8535524130586896, 'bagging_fraction': 0.9514050407506609, 'bagging_freq': 1, 'min_child_samples': 44}. Best is trial 27 with value: 0.9020979020979022.
[I 2025-09-17 13:15:58,322] Trial 35 finished with value: 0.8216783216783217 and parameters: {'num_leaves': 216, 'learning_rate': 0.20560955941864603, 'feature_fraction': 0.9054253828882086, 'bagging_fraction': 0.9905595509557386, 'bagging_freq': 2, 'min_child_samples': 23}. Best is trial 27 with value: 0.9020979020979022.
[I 2025-09-17 13:15:58,374] Trial 36 finished with value: 0.8286713286713286 and parameters: {'num_leaves': 268, 'learning_rate': 0.08301659383061191, 'feature_fraction': 0.9527490134549326, 'bagging_fraction': 0.796281351868292, 'bagging_freq': 3, 'min_child_samples': 13}. Best is trial 27 with value: 0.9020979020979022.
[I 2025-09-17 13:15:58,436] Trial 37 finished with value: 0.8076923076923077 and parameters: {'num_leaves': 243, 'learning_rate': 0.13727209542040916, 'feature_fraction': 0.8003330687225721, 'bagging_fraction': 0.8694754296548364, 'bagging_freq': 1, 'min_child_samples': 11}. Best is trial 27 with value: 0.9020979020979022.
[I 2025-09-17 13:15:58,474] Trial 38 finished with value: 0.7902097902097902 and parameters: {'num_leaves': 288, 'learning_rate': 0.16163619734321102, 'feature_fraction': 0.9218590011072548, 'bagging_fraction': 0.9613919973706628, 'bagging_freq': 3, 'min_child_samples': 31}. Best is trial 27 with value: 0.9020979020979022.
[I 2025-09-17 13:15:58,521] Trial 39 finished with value: 0.8496503496503497 and parameters: {'num_leaves': 158, 'learning_rate': 0.14328132700025373, 'feature_fraction': 0.7521159574689361, 'bagging_fraction': 0.9156289107744979, 'bagging_freq': 2, 'min_child_samples': 20}. Best is trial 27 with value: 0.9020979020979022.
[I 2025-09-17 13:15:58,550] Trial 40 finished with value: 0.7272727272727273 and parameters: {'num_leaves': 181, 'learning_rate': 0.11268805328303394, 'feature_fraction': 0.6553778545658113, 'bagging_fraction': 0.6972624626057176, 'bagging_freq': 1, 'min_child_samples': 48}. Best is trial 27 with value: 0.9020979020979022.
[I 2025-09-17 13:15:58,597] Trial 41 finished with value: 0.8916083916083917 and parameters: {'num_leaves': 217, 'learning_rate': 0.12295688806789432, 'feature_fraction': 0.9615245565988315, 'bagging_fraction': 0.8829890145013954, 'bagging_freq': 2, 'min_child_samples': 17}. Best is trial 27 with value: 0.9020979020979022.
[I 2025-09-17 13:15:58,676] Trial 42 finished with value: 0.8741258741258742 and parameters: {'num_leaves': 192, 'learning_rate': 0.1497447907497111, 'feature_fraction': 0.9578157080961212, 'bagging_fraction': 0.8556123401396023, 'bagging_freq': 2, 'min_child_samples': 10}. Best is trial 27 with value: 0.9020979020979022.
[I 2025-09-17 13:15:58,749] Trial 43 finished with value: 0.8216783216783217 and parameters: {'num_leaves': 214, 'learning_rate': 0.1478927398996696, 'feature_fraction': 0.9584467636559214, 'bagging_fraction': 0.765598597805972, 'bagging_freq': 1, 'min_child_samples': 9}. Best is trial 27 with value: 0.9020979020979022.
[I 2025-09-17 13:15:58,800] Trial 44 finished with value: 0.8216783216783217 and parameters: {'num_leaves': 235, 'learning_rate': 0.08407782763793867, 'feature_fraction': 0.962072681356305, 'bagging_fraction': 0.840469988642471, 'bagging_freq': 3, 'min_child_samples': 24}. Best is trial 27 with value: 0.9020979020979022.
[I 2025-09-17 13:15:58,879] Trial 45 finished with value: 0.8496503496503496 and parameters: {'num_leaves': 278, 'learning_rate': 0.1863049460021817, 'feature_fraction': 0.8572023678613027, 'bagging_fraction': 0.9365271000452132, 'bagging_freq': 2, 'min_child_samples': 9}. Best is trial 27 with value: 0.9020979020979022.
