[I 2025-09-17 13:17:32,640] Trial 0 finished with value: 0.5 and parameters: {'num_leaves': 223, 'learning_rate': 0.24115553787790583, 'feature_fraction': 0.8172049142785832, 'bagging_fraction': 0.7621403921548469, 'bagging_freq': 6, 'min_child_samples': 83}. Best is trial 0 with value: 0.5.
Did not meet early stopping. Best iteration is:
[51]	valid_0's binary_logloss: 0.642464
Training until validation scores don't improve for 50 rounds
Did not meet early stopping. Best iteration is:
[86]	valid_0's binary_logloss: 0.524648
Training until validation scores don't improve for 50 rounds
Early stopping, best iteration is:
[42]	valid_0's binary_logloss: 0.529671
Training until validation scores don't improve for 50 rounds
Early stopping, best iteration is:
[12]	valid_0's binary_logloss: 0.545231
Training until validation scores don't improve for 50 rounds
Early stopping, best iteration is:
[45]	valid_0's binary_logloss: 0.539101
Training until validation scores don't improve for 50 rounds
Early stopping, best iteration is:
[13]	valid_0's binary_logloss: 0.689533
Training model for P135... (normalize_per_user=True)
Training until validation scores don't improve for 50 rounds
Early stopping, best iteration is:
[2]	valid_0's binary_logloss: 0.691293
Training until validation scores don't improve for 50 rounds
Did not meet early stopping. Best iteration is:
[100]	valid_0's binary_logloss: 0.343212
Training until validation scores don't improve for 50 rounds
Did not meet early stopping. Best iteration is:
[68]	valid_0's binary_logloss: 0.278768
Training until validation scores don't improve for 50 rounds
Early stopping, best iteration is:
[34]	valid_0's binary_logloss: 0.43116
Training until validation scores don't improve for 50 rounds
Early stopping, best iteration is:
[5]	valid_0's binary_logloss: 0.691293
Training until validation scores don't improve for 50 rounds
Did not meet early stopping. Best iteration is:
[100]	valid_0's binary_logloss: 0.339989
Training until validation scores don't improve for 50 rounds
Did not meet early stopping. Best iteration is:
[92]	valid_0's binary_logloss: 0.20238
Training until validation scores don't improve for 50 rounds
Did not meet early stopping. Best iteration is:
[92]	valid_0's binary_logloss: 0.399972
Training until validation scores don't improve for 50 rounds
Early stopping, best iteration is:
[2]	valid_0's binary_logloss: 0.691293
Training until validation scores don't improve for 50 rounds
Did not meet early stopping. Best iteration is:
[100]	valid_0's binary_logloss: 0.474079
Training until validation scores don't improve for 50 rounds
Did not meet early stopping. Best iteration is:
[61]	valid_0's binary_logloss: 0.210045
Training until validation scores don't improve for 50 rounds
Did not meet early stopping. Best iteration is:
[90]	valid_0's binary_logloss: 0.197403
Training until validation scores don't improve for 50 rounds
Did not meet early stopping. Best iteration is:
[94]	valid_0's binary_logloss: 0.263445
Training until validation scores don't improve for 50 rounds
Did not meet early stopping. Best iteration is:
[94]	valid_0's binary_logloss: 0.271613
Training until validation scores don't improve for 50 rounds
Did not meet early stopping. Best iteration is:
[53]	valid_0's binary_logloss: 0.20874
Training until validation scores don't improve for 50 rounds
Did not meet early stopping. Best iteration is:
[75]	valid_0's binary_logloss: 0.292063
Training until validation scores don't improve for 50 rounds
Early stopping, best iteration is:
[32]	valid_0's binary_logloss: 0.19024
Training until validation scores don't improve for 50 rounds
Early stopping, best iteration is:
[31]	valid_0's binary_logloss: 0.188747
Training until validation scores don't improve for 50 rounds
Early stopping, best iteration is:
[1]	valid_0's binary_logloss: 0.691293
Training until validation scores don't improve for 50 rounds
Early stopping, best iteration is:
[16]	valid_0's binary_logloss: 0.2444
Training until validation scores don't improve for 50 rounds
Did not meet early stopping. Best iteration is:
[67]	valid_0's binary_logloss: 0.28231
Training until validation scores don't improve for 50 rounds
Did not meet early stopping. Best iteration is:
[64]	valid_0's binary_logloss: 0.239759
Training until validation scores don't improve for 50 rounds
Early stopping, best iteration is:
[41]	valid_0's binary_logloss: 0.152192
Training until validation scores don't improve for 50 rounds
Early stopping, best iteration is:
[40]	valid_0's binary_logloss: 0.140235
Training until validation scores don't improve for 50 rounds
Did not meet early stopping. Best iteration is:
[60]	valid_0's binary_logloss: 0.319535
Training until validation scores don't improve for 50 rounds
Early stopping, best iteration is:
[1]	valid_0's binary_logloss: 0.691293
Training until validation scores don't improve for 50 rounds
Did not meet early stopping. Best iteration is:
[82]	valid_0's binary_logloss: 0.147504
Training until validation scores don't improve for 50 rounds
Did not meet early stopping. Best iteration is:
[96]	valid_0's binary_logloss: 0.386645
Training until validation scores don't improve for 50 rounds
Early stopping, best iteration is:
[1]	valid_0's binary_logloss: 0.691293
Training until validation scores don't improve for 50 rounds
Did not meet early stopping. Best iteration is:
[66]	valid_0's binary_logloss: 0.26045
Training until validation scores don't improve for 50 rounds
Early stopping, best iteration is:
[43]	valid_0's binary_logloss: 0.271906
Training until validation scores don't improve for 50 rounds
Did not meet early stopping. Best iteration is:
[91]	valid_0's binary_logloss: 0.172544
Training until validation scores don't improve for 50 rounds
Did not meet early stopping. Best iteration is:
[96]	valid_0's binary_logloss: 0.20768
Training until validation scores don't improve for 50 rounds
Early stopping, best iteration is:
[20]	valid_0's binary_logloss: 0.244056
Training until validation scores don't improve for 50 rounds
Early stopping, best iteration is:
[45]	valid_0's binary_logloss: 0.290855
Training until validation scores don't improve for 50 rounds
Early stopping, best iteration is:
[50]	valid_0's binary_logloss: 0.248724
Training until validation scores don't improve for 50 rounds
Early stopping, best iteration is:
[1]	valid_0's binary_logloss: 0.691293
Training until validation scores don't improve for 50 rounds
Early stopping, best iteration is:
[1]	valid_0's binary_logloss: 0.691293
Training until validation scores don't improve for 50 rounds
Did not meet early stopping. Best iteration is:
[52]	valid_0's binary_logloss: 0.136501
Training until validation scores don't improve for 50 rounds
Early stopping, best iteration is:
[38]	valid_0's binary_logloss: 0.254949
Training until validation scores don't improve for 50 rounds
Early stopping, best iteration is:
[2]	valid_0's binary_logloss: 0.691293
Training until validation scores don't improve for 50 rounds
Early stopping, best iteration is:
[48]	valid_0's binary_logloss: 0.216015
Training until validation scores don't improve for 50 rounds
Did not meet early stopping. Best iteration is:
[54]	valid_0's binary_logloss: 0.204185
Training until validation scores don't improve for 50 rounds
Early stopping, best iteration is:
[30]	valid_0's binary_logloss: 0.231493
Training until validation scores don't improve for 50 rounds
Did not meet early stopping. Best iteration is:
[60]	valid_0's binary_logloss: 0.266091
Training until validation scores don't improve for 50 rounds
Early stopping, best iteration is:
[23]	valid_0's binary_logloss: 0.241187
Training until validation scores don't improve for 50 rounds
Did not meet early stopping. Best iteration is:
[70]	valid_0's binary_logloss: 0.218155
Training until validation scores don't improve for 50 rounds
Did not meet early stopping. Best iteration is:
[93]	valid_0's binary_logloss: 0.282986
Training until validation scores don't improve for 50 rounds
Early stopping, best iteration is:
[37]	valid_0's binary_logloss: 0.235647
Training until validation scores don't improve for 50 rounds
Did not meet early stopping. Best iteration is:
[51]	valid_0's binary_logloss: 0.20868
Training until validation scores don't improve for 50 rounds
Early stopping, best iteration is:
[3]	valid_0's binary_logloss: 0.691293
Training until validation scores don't improve for 50 rounds
[I 2025-09-17 13:17:32,648] Trial 1 finished with value: 0.5 and parameters: {'num_leaves': 217, 'learning_rate': 0.27021327476597695, 'feature_fraction': 0.6161302950546128, 'bagging_fraction': 0.7975986530376955, 'bagging_freq': 4, 'min_child_samples': 65}. Best is trial 0 with value: 0.5.
[I 2025-09-17 13:17:32,676] Trial 2 finished with value: 0.9333333333333333 and parameters: {'num_leaves': 232, 'learning_rate': 0.14919689769476827, 'feature_fraction': 0.9737450210964264, 'bagging_fraction': 0.7959148325069916, 'bagging_freq': 7, 'min_child_samples': 20}. Best is trial 2 with value: 0.9333333333333333.
[I 2025-09-17 13:17:32,697] Trial 3 finished with value: 0.8705882352941177 and parameters: {'num_leaves': 109, 'learning_rate': 0.01897143185606617, 'feature_fraction': 0.5585288671746177, 'bagging_fraction': 0.7500392033451795, 'bagging_freq': 4, 'min_child_samples': 34}. Best is trial 2 with value: 0.9333333333333333.
[I 2025-09-17 13:17:32,718] Trial 4 finished with value: 0.8980392156862745 and parameters: {'num_leaves': 37, 'learning_rate': 0.013999095149171244, 'feature_fraction': 0.530609104241824, 'bagging_fraction': 0.6491589206262112, 'bagging_freq': 5, 'min_child_samples': 26}. Best is trial 2 with value: 0.9333333333333333.
[I 2025-09-17 13:17:32,788] Trial 5 finished with value: 0.9647058823529412 and parameters: {'num_leaves': 56, 'learning_rate': 0.2251417965962235, 'feature_fraction': 0.7251945268123439, 'bagging_fraction': 0.754854282042491, 'bagging_freq': 6, 'min_child_samples': 7}. Best is trial 5 with value: 0.9647058823529412.
[I 2025-09-17 13:17:32,807] Trial 6 finished with value: 0.9450980392156864 and parameters: {'num_leaves': 279, 'learning_rate': 0.20544527385201072, 'feature_fraction': 0.9272024980577761, 'bagging_fraction': 0.8351664424710962, 'bagging_freq': 7, 'min_child_samples': 33}. Best is trial 5 with value: 0.9647058823529412.
[I 2025-09-17 13:17:32,814] Trial 7 finished with value: 0.5 and parameters: {'num_leaves': 200, 'learning_rate': 0.208577773352322, 'feature_fraction': 0.998444552317676, 'bagging_fraction': 0.851640485423647, 'bagging_freq': 6, 'min_child_samples': 65}. Best is trial 5 with value: 0.9647058823529412.
[I 2025-09-17 13:17:32,822] Trial 8 finished with value: 0.5 and parameters: {'num_leaves': 62, 'learning_rate': 0.2719325855418724, 'feature_fraction': 0.638130024086949, 'bagging_fraction': 0.857859927818484, 'bagging_freq': 4, 'min_child_samples': 70}. Best is trial 5 with value: 0.9647058823529412.
[I 2025-09-17 13:17:32,857] Trial 9 finished with value: 0.9294117647058824 and parameters: {'num_leaves': 257, 'learning_rate': 0.1656536106008225, 'feature_fraction': 0.7954581702322405, 'bagging_fraction': 0.7084306732687851, 'bagging_freq': 1, 'min_child_samples': 23}. Best is trial 5 with value: 0.9647058823529412.
[I 2025-09-17 13:17:32,929] Trial 10 finished with value: 0.9294117647058824 and parameters: {'num_leaves': 129, 'learning_rate': 0.09756715092676513, 'feature_fraction': 0.7513893708399615, 'bagging_fraction': 0.5120074618153085, 'bagging_freq': 2, 'min_child_samples': 8}. Best is trial 5 with value: 0.9647058823529412.
[I 2025-09-17 13:17:32,953] Trial 11 finished with value: 0.8745098039215686 and parameters: {'num_leaves': 300, 'learning_rate': 0.2027628702259981, 'feature_fraction': 0.8897655564962387, 'bagging_fraction': 0.9688162073385334, 'bagging_freq': 7, 'min_child_samples': 43}. Best is trial 5 with value: 0.9647058823529412.
[I 2025-09-17 13:17:33,047] Trial 12 finished with value: 0.9294117647058824 and parameters: {'num_leaves': 172, 'learning_rate': 0.13575839724518546, 'feature_fraction': 0.42657967538190705, 'bagging_fraction': 0.5644695165186033, 'bagging_freq': 6, 'min_child_samples': 7}. Best is trial 5 with value: 0.9647058823529412.
[I 2025-09-17 13:17:33,063] Trial 13 finished with value: 0.5 and parameters: {'num_leaves': 95, 'learning_rate': 0.2986058232257335, 'feature_fraction': 0.8864936852702959, 'bagging_fraction': 0.4101902980899938, 'bagging_freq': 7, 'min_child_samples': 47}. Best is trial 5 with value: 0.9647058823529412.
[I 2025-09-17 13:17:33,087] Trial 14 finished with value: 0.9333333333333333 and parameters: {'num_leaves': 22, 'learning_rate': 0.2011163364761614, 'feature_fraction': 0.6983816393977947, 'bagging_fraction': 0.9481898976594746, 'bagging_freq': 5, 'min_child_samples': 36}. Best is trial 5 with value: 0.9647058823529412.
[I 2025-09-17 13:17:33,152] Trial 15 finished with value: 0.9333333333333333 and parameters: {'num_leaves': 150, 'learning_rate': 0.09832931531938838, 'feature_fraction': 0.9114501488807527, 'bagging_fraction': 0.8841165782120075, 'bagging_freq': 5, 'min_child_samples': 14}. Best is trial 5 with value: 0.9647058823529412.
[I 2025-09-17 13:17:33,167] Trial 16 finished with value: 0.5 and parameters: {'num_leaves': 299, 'learning_rate': 0.2235326571615315, 'feature_fraction': 0.7434469139361987, 'bagging_fraction': 0.649998611557893, 'bagging_freq': 6, 'min_child_samples': 53}. Best is trial 5 with value: 0.9647058823529412.
[I 2025-09-17 13:17:33,202] Trial 17 finished with value: 0.9333333333333333 and parameters: {'num_leaves': 76, 'learning_rate': 0.17841268042495884, 'feature_fraction': 0.8326458491819027, 'bagging_fraction': 0.9043705384221552, 'bagging_freq': 3, 'min_child_samples': 31}. Best is trial 5 with value: 0.9647058823529412.
[I 2025-09-17 13:17:33,213] Trial 18 finished with value: 0.5 and parameters: {'num_leaves': 177, 'learning_rate': 0.2444628119721231, 'feature_fraction': 0.44826405576166684, 'bagging_fraction': 0.6563044057913844, 'bagging_freq': 7, 'min_child_samples': 98}. Best is trial 5 with value: 0.9647058823529412.
[I 2025-09-17 13:17:33,252] Trial 19 finished with value: 0.9333333333333333 and parameters: {'num_leaves': 265, 'learning_rate': 0.1172673473771425, 'feature_fraction': 0.6827136932135405, 'bagging_fraction': 0.5810934016712543, 'bagging_freq': 6, 'min_child_samples': 17}. Best is trial 5 with value: 0.9647058823529412.
[I 2025-09-17 13:17:33,275] Trial 20 finished with value: 0.8666666666666667 and parameters: {'num_leaves': 54, 'learning_rate': 0.0759655967446789, 'feature_fraction': 0.9417908202785562, 'bagging_fraction': 0.8179764930744647, 'bagging_freq': 5, 'min_child_samples': 52}. Best is trial 5 with value: 0.9647058823529412.
[I 2025-09-17 13:17:33,303] Trial 21 finished with value: 0.9333333333333333 and parameters: {'num_leaves': 257, 'learning_rate': 0.1498580011750508, 'feature_fraction': 0.9959298349783782, 'bagging_fraction': 0.7263343077766722, 'bagging_freq': 7, 'min_child_samples': 19}. Best is trial 5 with value: 0.9647058823529412.
[I 2025-09-17 13:17:33,394] Trial 22 finished with value: 0.9529411764705883 and parameters: {'num_leaves': 240, 'learning_rate': 0.1844549471487576, 'feature_fraction': 0.949063947217479, 'bagging_fraction': 0.7974407305258763, 'bagging_freq': 7, 'min_child_samples': 6}. Best is trial 5 with value: 0.9647058823529412.
[I 2025-09-17 13:17:33,505] Trial 23 finished with value: 0.9176470588235295 and parameters: {'num_leaves': 268, 'learning_rate': 0.18553608312746334, 'feature_fraction': 0.8553805145802608, 'bagging_fraction': 0.9156218580893769, 'bagging_freq': 7, 'min_child_samples': 6}. Best is trial 5 with value: 0.9647058823529412.
[I 2025-09-17 13:17:33,559] Trial 24 finished with value: 0.9607843137254903 and parameters: {'num_leaves': 192, 'learning_rate': 0.23265220408642498, 'feature_fraction': 0.7640212967583861, 'bagging_fraction': 0.8285763735793397, 'bagging_freq': 6, 'min_child_samples': 12}. Best is trial 5 with value: 0.9647058823529412.
[I 2025-09-17 13:17:33,622] Trial 25 finished with value: 0.9411764705882353 and parameters: {'num_leaves': 199, 'learning_rate': 0.24309697095374294, 'feature_fraction': 0.7455860880001722, 'bagging_fraction': 0.994450776027027, 'bagging_freq': 6, 'min_child_samples': 13}. Best is trial 5 with value: 0.9647058823529412.
[I 2025-09-17 13:17:33,692] Trial 26 finished with value: 0.9333333333333333 and parameters: {'num_leaves': 142, 'learning_rate': 0.22720712456331346, 'feature_fraction': 0.7754478860937836, 'bagging_fraction': 0.7608412764533179, 'bagging_freq': 3, 'min_child_samples': 11}. Best is trial 5 with value: 0.9647058823529412.
[I 2025-09-17 13:17:33,712] Trial 27 finished with value: 0.9137254901960785 and parameters: {'num_leaves': 189, 'learning_rate': 0.2690288667633691, 'feature_fraction': 0.6560868429770395, 'bagging_fraction': 0.688749740263428, 'bagging_freq': 5, 'min_child_samples': 27}. Best is trial 5 with value: 0.9647058823529412.
[I 2025-09-17 13:17:33,754] Trial 28 finished with value: 0.9254901960784314 and parameters: {'num_leaves': 236, 'learning_rate': 0.29327844537461656, 'feature_fraction': 0.5830017601286064, 'bagging_fraction': 0.6007806471111246, 'bagging_freq': 6, 'min_child_samples': 14}. Best is trial 5 with value: 0.9647058823529412.
[I 2025-09-17 13:17:33,851] Trial 29 finished with value: 0.9490196078431373 and parameters: {'num_leaves': 217, 'learning_rate': 0.25191155208022276, 'feature_fraction': 0.8411970395071486, 'bagging_fraction': 0.776505095044954, 'bagging_freq': 5, 'min_child_samples': 5}. Best is trial 5 with value: 0.9647058823529412.
[I 2025-09-17 13:17:33,875] Trial 30 finished with value: 0.9058823529411765 and parameters: {'num_leaves': 124, 'learning_rate': 0.17531795289752103, 'feature_fraction': 0.7211021840322943, 'bagging_fraction': 0.7362222017401254, 'bagging_freq': 3, 'min_child_samples': 39}. Best is trial 5 with value: 0.9647058823529412.
[I 2025-09-17 13:17:33,988] Trial 31 finished with value: 0.9686274509803922 and parameters: {'num_leaves': 219, 'learning_rate': 0.25392603212147985, 'feature_fraction': 0.833454286464931, 'bagging_fraction': 0.7912566443531528, 'bagging_freq': 5, 'min_child_samples': 5}. Best is trial 31 with value: 0.9686274509803922.
[I 2025-09-17 13:17:34,024] Trial 32 finished with value: 0.9333333333333333 and parameters: {'num_leaves': 163, 'learning_rate': 0.22490037699537743, 'feature_fraction': 0.8035181939582648, 'bagging_fraction': 0.801169703022015, 'bagging_freq': 6, 'min_child_samples': 20}. Best is trial 31 with value: 0.9686274509803922.
[I 2025-09-17 13:17:34,135] Trial 33 finished with value: 0.9058823529411766 and parameters: {'num_leaves': 239, 'learning_rate': 0.2632935354833869, 'feature_fraction': 0.8660752981691849, 'bagging_fraction': 0.8616830341130022, 'bagging_freq': 5, 'min_child_samples': 5}. Best is trial 31 with value: 0.9686274509803922.
[I 2025-09-17 13:17:34,197] Trial 34 finished with value: 0.9333333333333333 and parameters: {'num_leaves': 213, 'learning_rate': 0.2838755944854578, 'feature_fraction': 0.9554392213741513, 'bagging_fraction': 0.7783993255898924, 'bagging_freq': 4, 'min_child_samples': 11}. Best is trial 31 with value: 0.9686274509803922.
[I 2025-09-17 13:17:34,227] Trial 35 finished with value: 0.9254901960784314 and parameters: {'num_leaves': 242, 'learning_rate': 0.18982533091612602, 'feature_fraction': 0.784628079911586, 'bagging_fraction': 0.8095741543564137, 'bagging_freq': 6, 'min_child_samples': 26}. Best is trial 31 with value: 0.9686274509803922.
[I 2025-09-17 13:17:34,261] Trial 36 finished with value: 0.9372549019607843 and parameters: {'num_leaves': 187, 'learning_rate': 0.23002790670939396, 'feature_fraction': 0.8209742037151602, 'bagging_fraction': 0.6777179933238147, 'bagging_freq': 6, 'min_child_samples': 17}. Best is trial 31 with value: 0.9686274509803922.
[I 2025-09-17 13:17:34,273] Trial 37 finished with value: 0.5 and parameters: {'num_leaves': 217, 'learning_rate': 0.25907254820601555, 'feature_fraction': 0.6764072914992455, 'bagging_fraction': 0.7535609713694633, 'bagging_freq': 7, 'min_child_samples': 87}. Best is trial 31 with value: 0.9686274509803922.
[I 2025-09-17 13:17:34,302] Trial 38 finished with value: 0.9333333333333333 and parameters: {'num_leaves': 202, 'learning_rate': 0.2224540067120803, 'feature_fraction': 0.7178548614975272, 'bagging_fraction': 0.8379428053748508, 'bagging_freq': 4, 'min_child_samples': 23}. Best is trial 31 with value: 0.9686274509803922.
[I 2025-09-17 13:17:34,332] Trial 39 finished with value: 0.9333333333333333 and parameters: {'num_leaves': 226, 'learning_rate': 0.1612105581507866, 'feature_fraction': 0.9136022679088703, 'bagging_fraction': 0.8817549052209467, 'bagging_freq': 4, 'min_child_samples': 30}. Best is trial 31 with value: 0.9686274509803922.
[I 2025-09-17 13:17:34,388] Trial 40 finished with value: 0.9647058823529412 and parameters: {'num_leaves': 15, 'learning_rate': 0.21259692653658063, 'feature_fraction': 0.76718469457186, 'bagging_fraction': 0.7165612910348792, 'bagging_freq': 7, 'min_child_samples': 10}. Best is trial 31 with value: 0.9686274509803922.
[I 2025-09-17 13:17:34,460] Trial 41 finished with value: 0.9764705882352941 and parameters: {'num_leaves': 10, 'learning_rate': 0.21205352304361513, 'feature_fraction': 0.7655810075177473, 'bagging_fraction': 0.7214673616852039, 'bagging_freq': 7, 'min_child_samples': 10}. Best is trial 41 with value: 0.9764705882352941.
[I 2025-09-17 13:17:34,518] Trial 42 finished with value: 0.9647058823529412 and parameters: {'num_leaves': 14, 'learning_rate': 0.2359687950321553, 'feature_fraction': 0.7727365099399133, 'bagging_fraction': 0.721137466603936, 'bagging_freq': 7, 'min_child_samples': 11}. Best is trial 41 with value: 0.9764705882352941.
