[I 2025-09-17 13:16:36,043] Trial 3 finished with value: 0.5 and parameters: {'num_leaves': 134, 'learning_rate': 0.07682852389697614, 'feature_fraction': 0.5405310004111772, 'bagging_fraction': 0.42542033356091824, 'bagging_freq': 4, 'min_child_samples': 70}. Best is trial 1 with value: 0.7142857142857143.
[I 2025-09-17 13:16:36,051] Trial 4 finished with value: 0.5 and parameters: {'num_leaves': 117, 'learning_rate': 0.025897228205096746, 'feature_fraction': 0.8043868263625928, 'bagging_fraction': 0.47104096270995716, 'bagging_freq': 6, 'min_child_samples': 81}. Best is trial 1 with value: 0.7142857142857143.
[I 2025-09-17 13:16:36,059] Trial 5 finished with value: 0.5 and parameters: {'num_leaves': 88, 'learning_rate': 0.2185560373298051, 'feature_fraction': 0.6353383457707457, 'bagging_fraction': 0.8768468852164744, 'bagging_freq': 4, 'min_child_samples': 65}. Best is trial 1 with value: 0.7142857142857143.
[I 2025-09-17 13:16:36,066] Trial 6 finished with value: 0.5 and parameters: {'num_leaves': 56, 'learning_rate': 0.10454531147623075, 'feature_fraction': 0.7136702133218039, 'bagging_fraction': 0.9342774165623065, 'bagging_freq': 7, 'min_child_samples': 82}. Best is trial 1 with value: 0.7142857142857143.
[I 2025-09-17 13:16:36,074] Trial 7 finished with value: 0.5 and parameters: {'num_leaves': 44, 'learning_rate': 0.19818477112462374, 'feature_fraction': 0.8077563659038205, 'bagging_fraction': 0.4310898820443656, 'bagging_freq': 2, 'min_child_samples': 43}. Best is trial 1 with value: 0.7142857142857143.
[I 2025-09-17 13:16:36,083] Trial 8 finished with value: 0.5 and parameters: {'num_leaves': 216, 'learning_rate': 0.2748710078003809, 'feature_fraction': 0.6808106254430325, 'bagging_fraction': 0.4446992925549053, 'bagging_freq': 4, 'min_child_samples': 94}. Best is trial 1 with value: 0.7142857142857143.
[I 2025-09-17 13:16:36,089] Trial 9 finished with value: 0.5 and parameters: {'num_leaves': 200, 'learning_rate': 0.2469200387240241, 'feature_fraction': 0.9147102179841311, 'bagging_fraction': 0.5777104122746564, 'bagging_freq': 1, 'min_child_samples': 92}. Best is trial 1 with value: 0.7142857142857143.
[I 2025-09-17 13:16:36,220] Trial 10 finished with value: 1.0 and parameters: {'num_leaves': 299, 'learning_rate': 0.12926763663111746, 'feature_fraction': 0.4019980102700955, 'bagging_fraction': 0.7489307161695562, 'bagging_freq': 6, 'min_child_samples': 5}. Best is trial 10 with value: 1.0.
[I 2025-09-17 13:16:36,315] Trial 11 finished with value: 0.9464285714285715 and parameters: {'num_leaves': 288, 'learning_rate': 0.1425421161123217, 'feature_fraction': 0.41387485635327537, 'bagging_fraction': 0.770460699519914, 'bagging_freq': 6, 'min_child_samples': 6}. Best is trial 10 with value: 1.0.
[I 2025-09-17 13:16:36,405] Trial 12 finished with value: 0.9196428571428571 and parameters: {'num_leaves': 288, 'learning_rate': 0.13509210354967147, 'feature_fraction': 0.4216453447335437, 'bagging_fraction': 0.7830507640110198, 'bagging_freq': 7, 'min_child_samples': 6}. Best is trial 10 with value: 1.0.
[I 2025-09-17 13:16:36,534] Trial 13 finished with value: 1.0 and parameters: {'num_leaves': 192, 'learning_rate': 0.14901280684173368, 'feature_fraction': 0.40247790299811137, 'bagging_fraction': 0.8044478418013254, 'bagging_freq': 6, 'min_child_samples': 5}. Best is trial 10 with value: 1.0.
[I 2025-09-17 13:16:36,583] Trial 14 finished with value: 0.8571428571428572 and parameters: {'num_leaves': 192, 'learning_rate': 0.07665455573507038, 'feature_fraction': 0.45043083676163115, 'bagging_fraction': 0.8455590773717707, 'bagging_freq': 6, 'min_child_samples': 23}. Best is trial 10 with value: 1.0.
[I 2025-09-17 13:16:36,624] Trial 15 finished with value: 0.875 and parameters: {'num_leaves': 166, 'learning_rate': 0.1675747579159633, 'feature_fraction': 0.4946005641544826, 'bagging_fraction': 0.9653266582990543, 'bagging_freq': 5, 'min_child_samples': 23}. Best is trial 10 with value: 1.0.
[I 2025-09-17 13:16:36,639] Trial 16 finished with value: 0.5535714285714286 and parameters: {'num_leaves': 239, 'learning_rate': 0.10484869917112599, 'feature_fraction': 0.9894516451188009, 'bagging_fraction': 0.6804398334847469, 'bagging_freq': 5, 'min_child_samples': 38}. Best is trial 10 with value: 1.0.
[I 2025-09-17 13:16:36,720] Trial 17 finished with value: 0.9464285714285715 and parameters: {'num_leaves': 247, 'learning_rate': 0.03102388770840883, 'feature_fraction': 0.6085490673937186, 'bagging_fraction': 0.7956983572221673, 'bagging_freq': 7, 'min_child_samples': 12}. Best is trial 10 with value: 1.0.
[I 2025-09-17 13:16:36,741] Trial 18 finished with value: 0.75 and parameters: {'num_leaves': 182, 'learning_rate': 0.16258390756092705, 'feature_fraction': 0.48785801663018924, 'bagging_fraction': 0.6689125606425472, 'bagging_freq': 6, 'min_child_samples': 32}. Best is trial 10 with value: 1.0.
[I 2025-09-17 13:16:36,800] Trial 19 finished with value: 0.8928571428571428 and parameters: {'num_leaves': 140, 'learning_rate': 0.09962375425030609, 'feature_fraction': 0.4581819221354252, 'bagging_fraction': 0.8848814617946885, 'bagging_freq': 5, 'min_child_samples': 17}. Best is trial 10 with value: 1.0.
[I 2025-09-17 13:16:36,813] Trial 20 finished with value: 0.5 and parameters: {'num_leaves': 96, 'learning_rate': 0.12984142018533248, 'feature_fraction': 0.4025361771587532, 'bagging_fraction': 0.7171602572194844, 'bagging_freq': 7, 'min_child_samples': 51}. Best is trial 10 with value: 1.0.
Early stopping, best iteration is:
[7]	valid_0's binary_logloss: 0.116482
Training until validation scores don't improve for 50 rounds
Early stopping, best iteration is:
[1]	valid_0's binary_logloss: 0.172254
Training until validation scores don't improve for 50 rounds
Early stopping, best iteration is:
[7]	valid_0's binary_logloss: 0.1909
Training until validation scores don't improve for 50 rounds
Did not meet early stopping. Best iteration is:
[57]	valid_0's binary_logloss: 0.140819
Training until validation scores don't improve for 50 rounds
Did not meet early stopping. Best iteration is:
[55]	valid_0's binary_logloss: 0.148152
Training until validation scores don't improve for 50 rounds
Early stopping, best iteration is:
[10]	valid_0's binary_logloss: 0.162797
Training until validation scores don't improve for 50 rounds
Early stopping, best iteration is:
[2]	valid_0's binary_logloss: 0.244933
Training until validation scores don't improve for 50 rounds
Early stopping, best iteration is:
[27]	valid_0's binary_logloss: 0.244933
Training until validation scores don't improve for 50 rounds
Early stopping, best iteration is:
[20]	valid_0's binary_logloss: 0.155417
Training until validation scores don't improve for 50 rounds
Early stopping, best iteration is:
[32]	valid_0's binary_logloss: 0.129628
Training until validation scores don't improve for 50 rounds
Early stopping, best iteration is:
[47]	valid_0's binary_logloss: 0.131743
Training until validation scores don't improve for 50 rounds
Early stopping, best iteration is:
[13]	valid_0's binary_logloss: 0.139535
Training until validation scores don't improve for 50 rounds
Early stopping, best iteration is:
[48]	valid_0's binary_logloss: 0.109664
Training until validation scores don't improve for 50 rounds
Early stopping, best iteration is:
[16]	valid_0's binary_logloss: 0.192572
Training until validation scores don't improve for 50 rounds
Early stopping, best iteration is:
[15]	valid_0's binary_logloss: 0.137417
Training until validation scores don't improve for 50 rounds
Early stopping, best iteration is:
[14]	valid_0's binary_logloss: 0.155159
Training until validation scores don't improve for 50 rounds
Early stopping, best iteration is:
[46]	valid_0's binary_logloss: 0.131051
Training until validation scores don't improve for 50 rounds
Early stopping, best iteration is:
[20]	valid_0's binary_logloss: 0.129512
Training until validation scores don't improve for 50 rounds
Early stopping, best iteration is:
[16]	valid_0's binary_logloss: 0.15624
Training until validation scores don't improve for 50 rounds
Did not meet early stopping. Best iteration is:
[57]	valid_0's binary_logloss: 0.148002
Training until validation scores don't improve for 50 rounds
Early stopping, best iteration is:
[46]	valid_0's binary_logloss: 0.117951
Training until validation scores don't improve for 50 rounds
Early stopping, best iteration is:
[15]	valid_0's binary_logloss: 0.167517
Training until validation scores don't improve for 50 rounds
Early stopping, best iteration is:
[41]	valid_0's binary_logloss: 0.117555
Training until validation scores don't improve for 50 rounds
Early stopping, best iteration is:
[19]	valid_0's binary_logloss: 0.118981
Training until validation scores don't improve for 50 rounds
Early stopping, best iteration is:
[13]	valid_0's binary_logloss: 0.150617
Training until validation scores don't improve for 50 rounds
Early stopping, best iteration is:
[10]	valid_0's binary_logloss: 0.244933
Training until validation scores don't improve for 50 rounds
Early stopping, best iteration is:
[9]	valid_0's binary_logloss: 0.244933
Training until validation scores don't improve for 50 rounds
Early stopping, best iteration is:
[41]	valid_0's binary_logloss: 0.139996
Training until validation scores don't improve for 50 rounds
Early stopping, best iteration is:
[44]	valid_0's binary_logloss: 0.0719487
Training until validation scores don't improve for 50 rounds
Did not meet early stopping. Best iteration is:
[100]	valid_0's binary_logloss: 0.167296
Training until validation scores don't improve for 50 rounds
Early stopping, best iteration is:
[38]	valid_0's binary_logloss: 0.0692499
Training until validation scores don't improve for 50 rounds
Early stopping, best iteration is:
[24]	valid_0's binary_logloss: 0.138131
Training until validation scores don't improve for 50 rounds
Early stopping, best iteration is:
[19]	valid_0's binary_logloss: 0.108667
Training until validation scores don't improve for 50 rounds
Early stopping, best iteration is:
[24]	valid_0's binary_logloss: 0.137171
Training until validation scores don't improve for 50 rounds
Early stopping, best iteration is:
[16]	valid_0's binary_logloss: 0.160526
Training until validation scores don't improve for 50 rounds
Did not meet early stopping. Best iteration is:
[83]	valid_0's binary_logloss: 0.0403404
Training until validation scores don't improve for 50 rounds
Did not meet early stopping. Best iteration is:
[60]	valid_0's binary_logloss: 0.12229
Training until validation scores don't improve for 50 rounds
Early stopping, best iteration is:
[37]	valid_0's binary_logloss: 0.0789421
Training until validation scores don't improve for 50 rounds
Early stopping, best iteration is:
[37]	valid_0's binary_logloss: 0.140748
Training until validation scores don't improve for 50 rounds
Early stopping, best iteration is:
[1]	valid_0's binary_logloss: 0.245449
Training until validation scores don't improve for 50 rounds
Early stopping, best iteration is:
[50]	valid_0's binary_logloss: 0.226497
Training until validation scores don't improve for 50 rounds
Early stopping, best iteration is:
[1]	valid_0's binary_logloss: 0.245449
Training until validation scores don't improve for 50 rounds
Early stopping, best iteration is:
[2]	valid_0's binary_logloss: 0.245449
Training until validation scores don't improve for 50 rounds
Early stopping, best iteration is:
[3]	valid_0's binary_logloss: 0.245449
Training until validation scores don't improve for 50 rounds
Early stopping, best iteration is:
[1]	valid_0's binary_logloss: 0.245449
Training until validation scores don't improve for 50 rounds
Early stopping, best iteration is:
[2]	valid_0's binary_logloss: 0.245449
Training until validation scores don't improve for 50 rounds
Early stopping, best iteration is:
[3]	valid_0's binary_logloss: 0.245449
Training until validation scores don't improve for 50 rounds
Early stopping, best iteration is:
[1]	valid_0's binary_logloss: 0.245449
Training until validation scores don't improve for 50 rounds
Early stopping, best iteration is:
[5]	valid_0's binary_logloss: 0.245449
Training until validation scores don't improve for 50 rounds
Early stopping, best iteration is:
[23]	valid_0's binary_logloss: 0.0930111
Training until validation scores don't improve for 50 rounds
Early stopping, best iteration is:
[8]	valid_0's binary_logloss: 0.174756
Training until validation scores don't improve for 50 rounds
Early stopping, best iteration is:
[2]	valid_0's binary_logloss: 0.209164
Training until validation scores don't improve for 50 rounds
Early stopping, best iteration is:
[13]	valid_0's binary_logloss: 0.110873
Training until validation scores don't improve for 50 rounds
Did not meet early stopping. Best iteration is:
[53]	valid_0's binary_logloss: 0.185763
Training until validation scores don't improve for 50 rounds
Early stopping, best iteration is:
[22]	valid_0's binary_logloss: 0.18143
Training until validation scores don't improve for 50 rounds
Early stopping, best iteration is:
[2]	valid_0's binary_logloss: 0.244223
Training until validation scores don't improve for 50 rounds
Did not meet early stopping. Best iteration is:
[82]	valid_0's binary_logloss: 0.187611
Training until validation scores don't improve for 50 rounds
Early stopping, best iteration is:
[36]	valid_0's binary_logloss: 0.191879
Training until validation scores don't improve for 50 rounds
Early stopping, best iteration is:
[30]	valid_0's binary_logloss: 0.188189
Training until validation scores don't improve for 50 rounds
Early stopping, best iteration is:
[7]	valid_0's binary_logloss: 0.245449
[I 2025-09-17 13:16:36,939] Trial 21 finished with value: 0.9642857142857143 and parameters: {'num_leaves': 275, 'learning_rate': 0.14348139233856672, 'feature_fraction': 0.40949142860172694, 'bagging_fraction': 0.7804737723254364, 'bagging_freq': 6, 'min_child_samples': 6}. Best is trial 10 with value: 1.0.
[I 2025-09-17 13:16:36,997] Trial 22 finished with value: 0.9107142857142857 and parameters: {'num_leaves': 270, 'learning_rate': 0.1720475696397952, 'feature_fraction': 0.5040139045428029, 'bagging_fraction': 0.8255552107513832, 'bagging_freq': 6, 'min_child_samples': 14}. Best is trial 10 with value: 1.0.
[I 2025-09-17 13:16:37,148] Trial 23 finished with value: 0.9821428571428572 and parameters: {'num_leaves': 220, 'learning_rate': 0.05455280216285824, 'feature_fraction': 0.4687102956664757, 'bagging_fraction': 0.7462394565745725, 'bagging_freq': 5, 'min_child_samples': 5}. Best is trial 10 with value: 1.0.
[I 2025-09-17 13:16:37,183] Trial 24 finished with value: 0.9107142857142857 and parameters: {'num_leaves': 221, 'learning_rate': 0.052564944661111404, 'feature_fraction': 0.4660441180778312, 'bagging_fraction': 0.723489337040885, 'bagging_freq': 5, 'min_child_samples': 30}. Best is trial 10 with value: 1.0.
[I 2025-09-17 13:16:37,229] Trial 25 finished with value: 0.8392857142857143 and parameters: {'num_leaves': 166, 'learning_rate': 0.29965127523131374, 'feature_fraction': 0.5211919259252412, 'bagging_fraction': 0.6497103457032583, 'bagging_freq': 4, 'min_child_samples': 16}. Best is trial 10 with value: 1.0.
[I 2025-09-17 13:16:37,387] Trial 26 finished with value: 0.9642857142857143 and parameters: {'num_leaves': 231, 'learning_rate': 0.010829102145210018, 'feature_fraction': 0.574652158796156, 'bagging_fraction': 0.7497299356899437, 'bagging_freq': 5, 'min_child_samples': 5}. Best is trial 10 with value: 1.0.
[I 2025-09-17 13:16:37,430] Trial 27 finished with value: 0.875 and parameters: {'num_leaves': 212, 'learning_rate': 0.06441721578460029, 'feature_fraction': 0.7205830130549903, 'bagging_fraction': 0.5299305548197177, 'bagging_freq': 3, 'min_child_samples': 18}. Best is trial 10 with value: 1.0.
[I 2025-09-17 13:16:37,463] Trial 28 finished with value: 0.6607142857142857 and parameters: {'num_leaves': 260, 'learning_rate': 0.11412373860807624, 'feature_fraction': 0.4464766866723011, 'bagging_fraction': 0.6349192636082908, 'bagging_freq': 7, 'min_child_samples': 30}. Best is trial 10 with value: 1.0.
[I 2025-09-17 13:16:37,527] Trial 29 finished with value: 0.9642857142857143 and parameters: {'num_leaves': 18, 'learning_rate': 0.17942778921031013, 'feature_fraction': 0.5826606614042812, 'bagging_fraction': 0.9037584227335497, 'bagging_freq': 3, 'min_child_samples': 12}. Best is trial 10 with value: 1.0.
[I 2025-09-17 13:16:37,583] Trial 30 finished with value: 0.8928571428571428 and parameters: {'num_leaves': 150, 'learning_rate': 0.08795876676246392, 'feature_fraction': 0.5420102606790143, 'bagging_fraction': 0.8378631382002777, 'bagging_freq': 6, 'min_child_samples': 23}. Best is trial 10 with value: 1.0.
[I 2025-09-17 13:16:37,678] Trial 31 finished with value: 0.9285714285714286 and parameters: {'num_leaves': 277, 'learning_rate': 0.14875648986496842, 'feature_fraction': 0.40870676684085566, 'bagging_fraction': 0.7269967159621592, 'bagging_freq': 6, 'min_child_samples': 10}. Best is trial 10 with value: 1.0.
[I 2025-09-17 13:16:37,829] Trial 32 finished with value: 1.0 and parameters: {'num_leaves': 298, 'learning_rate': 0.12353801686824611, 'feature_fraction': 0.4005953265985906, 'bagging_fraction': 0.8038316313275495, 'bagging_freq': 6, 'min_child_samples': 5}. Best is trial 10 with value: 1.0.
[I 2025-09-17 13:16:37,889] Trial 33 finished with value: 0.8392857142857143 and parameters: {'num_leaves': 296, 'learning_rate': 0.0501857653912203, 'feature_fraction': 0.4681978069488521, 'bagging_fraction': 0.8141771560073893, 'bagging_freq': 5, 'min_child_samples': 19}. Best is trial 10 with value: 1.0.
[I 2025-09-17 13:16:37,958] Trial 34 finished with value: 0.9642857142857143 and parameters: {'num_leaves': 255, 'learning_rate': 0.12298407755198729, 'feature_fraction': 0.43584158079606344, 'bagging_fraction': 0.7504465444228721, 'bagging_freq': 6, 'min_child_samples': 10}. Best is trial 10 with value: 1.0.
[I 2025-09-17 13:16:38,077] Trial 35 finished with value: 0.9821428571428572 and parameters: {'num_leaves': 299, 'learning_rate': 0.1904694026202202, 'feature_fraction': 0.5347187527077112, 'bagging_fraction': 0.8591821675381626, 'bagging_freq': 5, 'min_child_samples': 5}. Best is trial 10 with value: 1.0.
[I 2025-09-17 13:16:38,104] Trial 36 finished with value: 0.6071428571428572 and parameters: {'num_leaves': 178, 'learning_rate': 0.21845678825024437, 'feature_fraction': 0.4786995691936868, 'bagging_fraction': 0.6956006335310101, 'bagging_freq': 7, 'min_child_samples': 38}. Best is trial 10 with value: 1.0.
[I 2025-09-17 13:16:38,121] Trial 37 finished with value: 0.5 and parameters: {'num_leaves': 235, 'learning_rate': 0.21915154690279104, 'feature_fraction': 0.7559437712820479, 'bagging_fraction': 0.6135172646873166, 'bagging_freq': 4, 'min_child_samples': 50}. Best is trial 10 with value: 1.0.
[I 2025-09-17 13:16:38,134] Trial 38 finished with value: 0.5 and parameters: {'num_leaves': 261, 'learning_rate': 0.08517104825864452, 'feature_fraction': 0.43590499343974554, 'bagging_fraction': 0.9287512208083915, 'bagging_freq': 5, 'min_child_samples': 60}. Best is trial 10 with value: 1.0.
[I 2025-09-17 13:16:38,180] Trial 39 finished with value: 0.8571428571428572 and parameters: {'num_leaves': 117, 'learning_rate': 0.11721459259166771, 'feature_fraction': 0.6166786849834538, 'bagging_fraction': 0.9898470691177955, 'bagging_freq': 4, 'min_child_samples': 26}. Best is trial 10 with value: 1.0.
[I 2025-09-17 13:16:38,195] Trial 40 finished with value: 0.5 and parameters: {'num_leaves': 204, 'learning_rate': 0.1581867747791211, 'feature_fraction': 0.659889343678188, 'bagging_fraction': 0.7569161360848362, 'bagging_freq': 6, 'min_child_samples': 75}. Best is trial 10 with value: 1.0.
[I 2025-09-17 13:16:38,273] Trial 41 finished with value: 1.0 and parameters: {'num_leaves': 300, 'learning_rate': 0.17815496756371146, 'feature_fraction': 0.538482144822929, 'bagging_fraction': 0.8617105244906982, 'bagging_freq': 5, 'min_child_samples': 10}. Best is trial 10 with value: 1.0.
[I 2025-09-17 13:16:38,346] Trial 42 finished with value: 0.8571428571428572 and parameters: {'num_leaves': 278, 'learning_rate': 0.18624657220652213, 'feature_fraction': 0.5149523786776112, 'bagging_fraction': 0.8065460963846036, 'bagging_freq': 5, 'min_child_samples': 10}. Best is trial 10 with value: 1.0.
[I 2025-09-17 13:16:38,386] Trial 43 finished with value: 0.9642857142857142 and parameters: {'num_leaves': 289, 'learning_rate': 0.1575849774142777, 'feature_fraction': 0.5557112500274018, 'bagging_fraction': 0.8734493849996439, 'bagging_freq': 6, 'min_child_samples': 20}. Best is trial 10 with value: 1.0.
[I 2025-09-17 13:16:38,442] Trial 44 finished with value: 0.8392857142857143 and parameters: {'num_leaves': 246, 'learning_rate': 0.20899880339199822, 'feature_fraction': 0.44045488541817834, 'bagging_fraction': 0.9053374612901736, 'bagging_freq': 5, 'min_child_samples': 14}. Best is trial 10 with value: 1.0.
[I 2025-09-17 13:16:38,523] Trial 45 finished with value: 1.0 and parameters: {'num_leaves': 226, 'learning_rate': 0.13766327791351446, 'feature_fraction': 0.49097654156801845, 'bagging_fraction': 0.8340170609524108, 'bagging_freq': 6, 'min_child_samples': 9}. Best is trial 10 with value: 1.0.
[I 2025-09-17 13:16:38,598] Trial 46 finished with value: 1.0 and parameters: {'num_leaves': 268, 'learning_rate': 0.13759189397405255, 'feature_fraction': 0.85235685670648, 'bagging_fraction': 0.8499619658615891, 'bagging_freq': 7, 'min_child_samples': 9}. Best is trial 10 with value: 1.0.
[I 2025-09-17 13:16:38,611] Trial 47 finished with value: 0.5 and parameters: {'num_leaves': 283, 'learning_rate': 0.13096659518194703, 'feature_fraction': 0.42711639704649706, 'bagging_fraction': 0.7977478180184104, 'bagging_freq': 6, 'min_child_samples': 100}. Best is trial 10 with value: 1.0.
