[I 2025-09-17 13:18:26,904] Trial 31 finished with value: 0.9107142857142857 and parameters: {'num_leaves': 218, 'learning_rate': 0.22536136174876367, 'feature_fraction': 0.6286634610628621, 'bagging_fraction': 0.9699351292547125, 'bagging_freq': 5, 'min_child_samples': 13}. Best is trial 31 with value: 0.9107142857142857.
[I 2025-09-17 13:18:26,944] Trial 32 finished with value: 0.8727678571428572 and parameters: {'num_leaves': 224, 'learning_rate': 0.2680916635088943, 'feature_fraction': 0.6807861397763048, 'bagging_fraction': 0.9982265397155802, 'bagging_freq': 5, 'min_child_samples': 15}. Best is trial 31 with value: 0.9107142857142857.
[I 2025-09-17 13:18:27,004] Trial 33 finished with value: 0.8616071428571429 and parameters: {'num_leaves': 186, 'learning_rate': 0.22666855403706793, 'feature_fraction': 0.5271331116534457, 'bagging_fraction': 0.9196006887695267, 'bagging_freq': 4, 'min_child_samples': 11}. Best is trial 31 with value: 0.9107142857142857.
[I 2025-09-17 13:18:27,034] Trial 34 finished with value: 0.7946428571428571 and parameters: {'num_leaves': 243, 'learning_rate': 0.2782380780954705, 'feature_fraction': 0.6093036956884378, 'bagging_fraction': 0.9663498273239504, 'bagging_freq': 6, 'min_child_samples': 31}. Best is trial 31 with value: 0.9107142857142857.
[I 2025-09-17 13:18:27,069] Trial 35 finished with value: 0.8214285714285714 and parameters: {'num_leaves': 279, 'learning_rate': 0.2461235742273894, 'feature_fraction': 0.7345289709725467, 'bagging_fraction': 0.8317891609526591, 'bagging_freq': 5, 'min_child_samples': 23}. Best is trial 31 with value: 0.9107142857142857.
[I 2025-09-17 13:18:27,140] Trial 36 finished with value: 0.875 and parameters: {'num_leaves': 214, 'learning_rate': 0.010321950393272605, 'feature_fraction': 0.8117839605306044, 'bagging_fraction': 0.9281101079451541, 'bagging_freq': 4, 'min_child_samples': 13}. Best is trial 31 with value: 0.9107142857142857.
[I 2025-09-17 13:18:27,157] Trial 37 finished with value: 0.5 and parameters: {'num_leaves': 198, 'learning_rate': 0.29888505047330277, 'feature_fraction': 0.6880751372708965, 'bagging_fraction': 0.5035782726380299, 'bagging_freq': 6, 'min_child_samples': 60}. Best is trial 31 with value: 0.9107142857142857.
[I 2025-09-17 13:18:27,203] Trial 38 finished with value: 0.8571428571428572 and parameters: {'num_leaves': 173, 'learning_rate': 0.21051352831758194, 'feature_fraction': 0.472188758231922, 'bagging_fraction': 0.6713432091491788, 'bagging_freq': 5, 'min_child_samples': 20}. Best is trial 31 with value: 0.9107142857142857.
[I 2025-09-17 13:18:27,219] Trial 39 finished with value: 0.5 and parameters: {'num_leaves': 145, 'learning_rate': 0.18105655091152117, 'feature_fraction': 0.626733320963104, 'bagging_fraction': 0.8872037659179025, 'bagging_freq': 4, 'min_child_samples': 79}. Best is trial 31 with value: 0.9107142857142857.
[I 2025-09-17 13:18:27,286] Trial 40 finished with value: 0.8392857142857143 and parameters: {'num_leaves': 45, 'learning_rate': 0.2576557906859448, 'feature_fraction': 0.5543381285134719, 'bagging_fraction': 0.9604732348569338, 'bagging_freq': 5, 'min_child_samples': 9}. Best is trial 31 with value: 0.9107142857142857.
[I 2025-09-17 13:18:27,346] Trial 41 finished with value: 0.8392857142857142 and parameters: {'num_leaves': 205, 'learning_rate': 0.2035920630921667, 'feature_fraction': 0.6493664220927807, 'bagging_fraction': 0.9686744782209159, 'bagging_freq': 3, 'min_child_samples': 9}. Best is trial 31 with value: 0.9107142857142857.
[I 2025-09-17 13:18:27,398] Trial 42 finished with value: 0.8258928571428572 and parameters: {'num_leaves': 219, 'learning_rate': 0.23131450494033934, 'feature_fraction': 0.5904323486306168, 'bagging_fraction': 0.9106510551540933, 'bagging_freq': 1, 'min_child_samples': 26}. Best is trial 31 with value: 0.9107142857142857.
[I 2025-09-17 13:18:27,504] Trial 43 finished with value: 0.8348214285714286 and parameters: {'num_leaves': 239, 'learning_rate': 0.2250749422050769, 'feature_fraction': 0.6974713894421449, 'bagging_fraction': 0.9741193155057785, 'bagging_freq': 3, 'min_child_samples': 5}. Best is trial 31 with value: 0.9107142857142857.
[I 2025-09-17 13:18:27,549] Trial 44 finished with value: 0.8839285714285714 and parameters: {'num_leaves': 271, 'learning_rate': 0.19136086709411848, 'feature_fraction': 0.6228291952238783, 'bagging_fraction': 0.9341037450036573, 'bagging_freq': 6, 'min_child_samples': 14}. Best is trial 31 with value: 0.9107142857142857.
[I 2025-09-17 13:18:27,579] Trial 45 finished with value: 0.7991071428571429 and parameters: {'num_leaves': 180, 'learning_rate': 0.24388315984330552, 'feature_fraction': 0.7555995809771328, 'bagging_fraction': 0.7947993211399288, 'bagging_freq': 1, 'min_child_samples': 36}. Best is trial 31 with value: 0.9107142857142857.
[I 2025-09-17 13:18:27,599] Trial 46 finished with value: 0.5 and parameters: {'num_leaves': 156, 'learning_rate': 0.1557324001055447, 'feature_fraction': 0.7976286634873498, 'bagging_fraction': 0.615581817260832, 'bagging_freq': 2, 'min_child_samples': 99}. Best is trial 31 with value: 0.9107142857142857.
[I 2025-09-17 13:18:27,652] Trial 47 finished with value: 0.8571428571428571 and parameters: {'num_leaves': 196, 'learning_rate': 0.10636510713102679, 'feature_fraction': 0.711852710198348, 'bagging_fraction': 0.8641825090142464, 'bagging_freq': 4, 'min_child_samples': 19}. Best is trial 31 with value: 0.9107142857142857.
[I 2025-09-17 13:18:27,705] Trial 48 finished with value: 0.8772321428571429 and parameters: {'num_leaves': 231, 'learning_rate': 0.28591754400660974, 'feature_fraction': 0.7446431562072795, 'bagging_fraction': 0.894829093340206, 'bagging_freq': 7, 'min_child_samples': 10}. Best is trial 31 with value: 0.9107142857142857.
[I 2025-09-17 13:18:27,728] Trial 49 finished with value: 0.71875 and parameters: {'num_leaves': 122, 'learning_rate': 0.2197633528824539, 'feature_fraction': 0.8549659182363732, 'bagging_fraction': 0.764608431551826, 'bagging_freq': 5, 'min_child_samples': 48}. Best is trial 31 with value: 0.9107142857142857.
[I 2025-09-17 13:18:28,021] A new study created in memory with name: no-name-bece91b2-e93f-4ada-90c8-fc52758841ee
[I 2025-09-17 13:18:28,031] Trial 0 finished with value: 0.5 and parameters: {'num_leaves': 123, 'learning_rate': 0.2500950941081925, 'feature_fraction': 0.6325855882179049, 'bagging_fraction': 0.9329040149810646, 'bagging_freq': 2, 'min_child_samples': 91}. Best is trial 0 with value: 0.5.
[I 2025-09-17 13:18:28,039] Trial 1 finished with value: 0.5 and parameters: {'num_leaves': 14, 'learning_rate': 0.2832064205927696, 'feature_fraction': 0.703968016196832, 'bagging_fraction': 0.41176570190707773, 'bagging_freq': 5, 'min_child_samples': 49}. Best is trial 0 with value: 0.5.
[I 2025-09-17 13:18:28,047] Trial 2 finished with value: 0.5 and parameters: {'num_leaves': 242, 'learning_rate': 0.04667045352591922, 'feature_fraction': 0.8781046068730258, 'bagging_fraction': 0.45580543390837647, 'bagging_freq': 5, 'min_child_samples': 45}. Best is trial 0 with value: 0.5.
[I 2025-09-17 13:18:28,054] Trial 3 finished with value: 0.5 and parameters: {'num_leaves': 23, 'learning_rate': 0.2971729239876907, 'feature_fraction': 0.8228498670345226, 'bagging_fraction': 0.4886406222650521, 'bagging_freq': 1, 'min_child_samples': 75}. Best is trial 0 with value: 0.5.
[I 2025-09-17 13:18:28,062] Trial 4 finished with value: 0.5 and parameters: {'num_leaves': 223, 'learning_rate': 0.06769848626987396, 'feature_fraction': 0.8957430473061706, 'bagging_fraction': 0.663653069696953, 'bagging_freq': 5, 'min_child_samples': 70}. Best is trial 0 with value: 0.5.
[I 2025-09-17 13:18:28,094] Trial 5 finished with value: 0.8006993006993006 and parameters: {'num_leaves': 14, 'learning_rate': 0.06510899374751074, 'feature_fraction': 0.7447811133692321, 'bagging_fraction': 0.8797929389257686, 'bagging_freq': 1, 'min_child_samples': 34}. Best is trial 5 with value: 0.8006993006993006.
[I 2025-09-17 13:18:28,162] Trial 6 finished with value: 0.7937062937062936 and parameters: {'num_leaves': 127, 'learning_rate': 0.19965462317058696, 'feature_fraction': 0.4269859364833359, 'bagging_fraction': 0.4563301145916112, 'bagging_freq': 5, 'min_child_samples': 5}. Best is trial 5 with value: 0.8006993006993006.
[I 2025-09-17 13:18:28,170] Trial 7 finished with value: 0.5 and parameters: {'num_leaves': 241, 'learning_rate': 0.07978727952532186, 'feature_fraction': 0.8160785232002372, 'bagging_fraction': 0.6982804667575244, 'bagging_freq': 7, 'min_child_samples': 87}. Best is trial 5 with value: 0.8006993006993006.
[I 2025-09-17 13:18:28,177] Trial 8 finished with value: 0.5 and parameters: {'num_leaves': 194, 'learning_rate': 0.20577017094657876, 'feature_fraction': 0.957260463552591, 'bagging_fraction': 0.6695920388862102, 'bagging_freq': 6, 'min_child_samples': 69}. Best is trial 5 with value: 0.8006993006993006.
[I 2025-09-17 13:18:28,185] Trial 9 finished with value: 0.5 and parameters: {'num_leaves': 223, 'learning_rate': 0.27928789729176384, 'feature_fraction': 0.6387120789339176, 'bagging_fraction': 0.5011761624530296, 'bagging_freq': 6, 'min_child_samples': 99}. Best is trial 5 with value: 0.8006993006993006.
[I 2025-09-17 13:18:28,228] Trial 10 finished with value: 0.8706293706293706 and parameters: {'num_leaves': 67, 'learning_rate': 0.12678012309974312, 'feature_fraction': 0.4839575059299513, 'bagging_fraction': 0.9987065466903775, 'bagging_freq': 3, 'min_child_samples': 23}. Best is trial 10 with value: 0.8706293706293706.
[I 2025-09-17 13:18:28,273] Trial 11 finished with value: 0.8776223776223777 and parameters: {'num_leaves': 71, 'learning_rate': 0.12480194646883269, 'feature_fraction': 0.41993290425512747, 'bagging_fraction': 0.9793403826764311, 'bagging_freq': 3, 'min_child_samples': 23}. Best is trial 11 with value: 0.8776223776223777.
[I 2025-09-17 13:18:28,331] Trial 12 finished with value: 0.8426573426573427 and parameters: {'num_leaves': 74, 'learning_rate': 0.12710380081797173, 'feature_fraction': 0.4010471119850016, 'bagging_fraction': 0.999550078210839, 'bagging_freq': 3, 'min_child_samples': 21}. Best is trial 11 with value: 0.8776223776223777.
[I 2025-09-17 13:18:28,368] Trial 13 finished with value: 0.8776223776223776 and parameters: {'num_leaves': 77, 'learning_rate': 0.12621852122209556, 'feature_fraction': 0.521568628803097, 'bagging_fraction': 0.8420452813632244, 'bagging_freq': 3, 'min_child_samples': 23}. Best is trial 11 with value: 0.8776223776223777.
[I 2025-09-17 13:18:28,557] Trial 14 finished with value: 0.7482517482517482 and parameters: {'num_leaves': 83, 'learning_rate': 0.01048111916724577, 'feature_fraction': 0.5478362732646739, 'bagging_fraction': 0.8185116729613504, 'bagging_freq': 3, 'min_child_samples': 5}. Best is trial 11 with value: 0.8776223776223777.
[I 2025-09-17 13:18:28,598] Trial 15 finished with value: 0.8426573426573427 and parameters: {'num_leaves': 161, 'learning_rate': 0.16364216371103835, 'feature_fraction': 0.5260747553860007, 'bagging_fraction': 0.791664275040764, 'bagging_freq': 2, 'min_child_samples': 25}. Best is trial 11 with value: 0.8776223776223777.
[I 2025-09-17 13:18:28,625] Trial 16 finished with value: 0.7937062937062938 and parameters: {'num_leaves': 111, 'learning_rate': 0.11183241268824762, 'feature_fraction': 0.5879660401688032, 'bagging_fraction': 0.7973048788977218, 'bagging_freq': 4, 'min_child_samples': 35}. Best is trial 11 with value: 0.8776223776223777.
[I 2025-09-17 13:18:28,686] Trial 17 finished with value: 0.8636363636363636 and parameters: {'num_leaves': 51, 'learning_rate': 0.16495593133474787, 'feature_fraction': 0.46452811191658333, 'bagging_fraction': 0.8967737851487471, 'bagging_freq': 4, 'min_child_samples': 15}. Best is trial 11 with value: 0.8776223776223777.
[I 2025-09-17 13:18:28,705] Trial 18 finished with value: 0.6940559440559441 and parameters: {'num_leaves': 290, 'learning_rate': 0.20124298287357167, 'feature_fraction': 0.5054539086101278, 'bagging_fraction': 0.584148463038292, 'bagging_freq': 2, 'min_child_samples': 38}. Best is trial 11 with value: 0.8776223776223777.
[I 2025-09-17 13:18:28,725] Trial 19 finished with value: 0.5891608391608392 and parameters: {'num_leaves': 170, 'learning_rate': 0.14483985619989226, 'feature_fraction': 0.5835912551909835, 'bagging_fraction': 0.8444595013890659, 'bagging_freq': 3, 'min_child_samples': 55}. Best is trial 11 with value: 0.8776223776223777.
[I 2025-09-17 13:18:28,794] Trial 20 finished with value: 0.8601398601398602 and parameters: {'num_leaves': 101, 'learning_rate': 0.09670996917253255, 'feature_fraction': 0.4447037790701201, 'bagging_fraction': 0.7539707613997559, 'bagging_freq': 4, 'min_child_samples': 15}. Best is trial 11 with value: 0.8776223776223777.
[I 2025-09-17 13:18:28,838] Trial 21 finished with value: 0.8566433566433566 and parameters: {'num_leaves': 56, 'learning_rate': 0.1327330354890692, 'feature_fraction': 0.4906583202485998, 'bagging_fraction': 0.9861146907948392, 'bagging_freq': 3, 'min_child_samples': 24}. Best is trial 11 with value: 0.8776223776223777.
[I 2025-09-17 13:18:28,877] Trial 22 finished with value: 0.9090909090909091 and parameters: {'num_leaves': 64, 'learning_rate': 0.1748332959976744, 'feature_fraction': 0.40525760930490373, 'bagging_fraction': 0.9401070159403963, 'bagging_freq': 2, 'min_child_samples': 30}. Best is trial 22 with value: 0.9090909090909091.
[I 2025-09-17 13:18:28,895] Trial 23 finished with value: 0.6031468531468531 and parameters: {'num_leaves': 39, 'learning_rate': 0.17308065086579535, 'feature_fraction': 0.41021601351300485, 'bagging_fraction': 0.9281084374486179, 'bagging_freq': 2, 'min_child_samples': 56}. Best is trial 22 with value: 0.9090909090909091.
[I 2025-09-17 13:18:28,933] Trial 24 finished with value: 0.9195804195804196 and parameters: {'num_leaves': 93, 'learning_rate': 0.2339031441518356, 'feature_fraction': 0.56338859287081, 'bagging_fraction': 0.9466707224313734, 'bagging_freq': 1, 'min_child_samples': 32}. Best is trial 24 with value: 0.9195804195804196.
