[I 2025-09-17 13:17:51,056] Trial 36 finished with value: 0.5 and parameters: {'num_leaves': 77, 'learning_rate': 0.18659269386421085, 'feature_fraction': 0.9440575599608498, 'bagging_fraction': 0.7414753487985617, 'bagging_freq': 4, 'min_child_samples': 86}. Best is trial 32 with value: 0.7698412698412699.
[I 2025-09-17 13:17:51,096] Trial 37 finished with value: 0.7698412698412699 and parameters: {'num_leaves': 125, 'learning_rate': 0.1401275121791822, 'feature_fraction': 0.988058177684338, 'bagging_fraction': 0.8837892011909695, 'bagging_freq': 5, 'min_child_samples': 12}. Best is trial 32 with value: 0.7698412698412699.
[I 2025-09-17 13:17:51,139] Trial 38 finished with value: 0.7698412698412699 and parameters: {'num_leaves': 127, 'learning_rate': 0.14340323393957988, 'feature_fraction': 0.9032553988763019, 'bagging_fraction': 0.8765888327900928, 'bagging_freq': 5, 'min_child_samples': 12}. Best is trial 32 with value: 0.7698412698412699.
[I 2025-09-17 13:17:51,167] Trial 39 finished with value: 0.7440476190476191 and parameters: {'num_leaves': 128, 'learning_rate': 0.14915463228364467, 'feature_fraction': 0.725681738637096, 'bagging_fraction': 0.9003937430321238, 'bagging_freq': 4, 'min_child_samples': 22}. Best is trial 32 with value: 0.7698412698412699.
[I 2025-09-17 13:17:51,194] Trial 40 finished with value: 0.6884920634920636 and parameters: {'num_leaves': 169, 'learning_rate': 0.13559782852082725, 'feature_fraction': 0.8112560559854728, 'bagging_fraction': 0.9656103970623515, 'bagging_freq': 6, 'min_child_samples': 32}. Best is trial 32 with value: 0.7698412698412699.
[I 2025-09-17 13:17:51,248] Trial 41 finished with value: 0.7043650793650794 and parameters: {'num_leaves': 107, 'learning_rate': 0.20109812578017527, 'feature_fraction': 0.8990834039564575, 'bagging_fraction': 0.8710193798744665, 'bagging_freq': 5, 'min_child_samples': 10}. Best is trial 32 with value: 0.7698412698412699.
[I 2025-09-17 13:17:51,298] Trial 42 finished with value: 0.6746031746031746 and parameters: {'num_leaves': 125, 'learning_rate': 0.14158702745831417, 'feature_fraction': 0.9463344144150745, 'bagging_fraction': 0.8488041710755707, 'bagging_freq': 5, 'min_child_samples': 11}. Best is trial 32 with value: 0.7698412698412699.
[I 2025-09-17 13:17:51,310] Trial 43 finished with value: 0.5 and parameters: {'num_leaves': 158, 'learning_rate': 0.11802362439929634, 'feature_fraction': 0.9748333210465621, 'bagging_fraction': 0.899481077337253, 'bagging_freq': 5, 'min_child_samples': 76}. Best is trial 32 with value: 0.7698412698412699.
[I 2025-09-17 13:17:51,342] Trial 44 finished with value: 0.7202380952380952 and parameters: {'num_leaves': 98, 'learning_rate': 0.10440940710292594, 'feature_fraction': 0.9265977774251077, 'bagging_fraction': 0.784344775861343, 'bagging_freq': 4, 'min_child_samples': 21}. Best is trial 32 with value: 0.7698412698412699.
[I 2025-09-17 13:17:51,362] Trial 45 finished with value: 0.6884920634920635 and parameters: {'num_leaves': 59, 'learning_rate': 0.17137608260290782, 'feature_fraction': 0.8768772119421369, 'bagging_fraction': 0.8353788812186691, 'bagging_freq': 6, 'min_child_samples': 39}. Best is trial 32 with value: 0.7698412698412699.
[I 2025-09-17 13:17:51,407] Trial 46 finished with value: 0.6309523809523809 and parameters: {'num_leaves': 158, 'learning_rate': 0.15385196982001972, 'feature_fraction': 0.9645024860266078, 'bagging_fraction': 0.8704770397495009, 'bagging_freq': 5, 'min_child_samples': 11}. Best is trial 32 with value: 0.7698412698412699.
[I 2025-09-17 13:17:51,433] Trial 47 finished with value: 0.7182539682539683 and parameters: {'num_leaves': 133, 'learning_rate': 0.20120961342247987, 'feature_fraction': 0.9974243537782145, 'bagging_fraction': 0.6958413433841784, 'bagging_freq': 3, 'min_child_samples': 26}. Best is trial 32 with value: 0.7698412698412699.
[I 2025-09-17 13:17:51,461] Trial 48 finished with value: 0.7202380952380952 and parameters: {'num_leaves': 181, 'learning_rate': 0.2800691793399869, 'feature_fraction': 0.8906906130199199, 'bagging_fraction': 0.9571243054655099, 'bagging_freq': 6, 'min_child_samples': 21}. Best is trial 32 with value: 0.7698412698412699.
[I 2025-09-17 13:17:51,492] Trial 49 finished with value: 0.5773809523809523 and parameters: {'num_leaves': 115, 'learning_rate': 0.2422683043163164, 'feature_fraction': 0.9323770765077041, 'bagging_fraction': 0.46313753620178255, 'bagging_freq': 5, 'min_child_samples': 9}. Best is trial 32 with value: 0.7698412698412699.
[I 2025-09-17 13:17:51,846] A new study created in memory with name: no-name-595d829c-ad29-4323-b705-6c2125d2917a
[I 2025-09-17 13:17:51,855] Trial 0 finished with value: 0.5 and parameters: {'num_leaves': 115, 'learning_rate': 0.21730926913927756, 'feature_fraction': 0.43383285894446494, 'bagging_fraction': 0.7631482996550891, 'bagging_freq': 3, 'min_child_samples': 73}. Best is trial 0 with value: 0.5.
[I 2025-09-17 13:17:51,872] Trial 1 finished with value: 0.863157894736842 and parameters: {'num_leaves': 272, 'learning_rate': 0.1696176391457531, 'feature_fraction': 0.8209424008308119, 'bagging_fraction': 0.9863815658995375, 'bagging_freq': 4, 'min_child_samples': 57}. Best is trial 1 with value: 0.863157894736842.
[I 2025-09-17 13:17:51,882] Trial 2 finished with value: 0.5 and parameters: {'num_leaves': 275, 'learning_rate': 0.12832878500048672, 'feature_fraction': 0.7765531522758697, 'bagging_fraction': 0.7594783325321912, 'bagging_freq': 4, 'min_child_samples': 97}. Best is trial 1 with value: 0.863157894736842.
[I 2025-09-17 13:17:51,891] Trial 3 finished with value: 0.5 and parameters: {'num_leaves': 230, 'learning_rate': 0.26866245205325084, 'feature_fraction': 0.7278086600801006, 'bagging_fraction': 0.7341816254851157, 'bagging_freq': 5, 'min_child_samples': 76}. Best is trial 1 with value: 0.863157894736842.
[I 2025-09-17 13:17:51,901] Trial 4 finished with value: 0.5 and parameters: {'num_leaves': 162, 'learning_rate': 0.21725722463971042, 'feature_fraction': 0.5066134890317973, 'bagging_fraction': 0.5680047398735355, 'bagging_freq': 4, 'min_child_samples': 54}. Best is trial 1 with value: 0.863157894736842.
[I 2025-09-17 13:17:51,989] Trial 5 finished with value: 0.9614035087719298 and parameters: {'num_leaves': 277, 'learning_rate': 0.17132805119353495, 'feature_fraction': 0.4845853890865822, 'bagging_fraction': 0.8735470517210222, 'bagging_freq': 1, 'min_child_samples': 13}. Best is trial 5 with value: 0.9614035087719298.
[I 2025-09-17 13:17:51,998] Trial 6 finished with value: 0.5 and parameters: {'num_leaves': 43, 'learning_rate': 0.25490507868216133, 'feature_fraction': 0.7756824320312057, 'bagging_fraction': 0.7928617207979349, 'bagging_freq': 3, 'min_child_samples': 87}. Best is trial 5 with value: 0.9614035087719298.
[I 2025-09-17 13:17:52,011] Trial 7 finished with value: 0.6631578947368422 and parameters: {'num_leaves': 101, 'learning_rate': 0.09360676360965352, 'feature_fraction': 0.8888849785134882, 'bagging_fraction': 0.8642507288207659, 'bagging_freq': 4, 'min_child_samples': 64}. Best is trial 5 with value: 0.9614035087719298.
[I 2025-09-17 13:17:52,019] Trial 8 finished with value: 0.5 and parameters: {'num_leaves': 104, 'learning_rate': 0.27239426179470233, 'feature_fraction': 0.7300919977066558, 'bagging_fraction': 0.8360642097614619, 'bagging_freq': 4, 'min_child_samples': 71}. Best is trial 5 with value: 0.9614035087719298.
[I 2025-09-17 13:17:52,044] Trial 9 finished with value: 0.8912280701754386 and parameters: {'num_leaves': 95, 'learning_rate': 0.09299599186504838, 'feature_fraction': 0.45594009236565763, 'bagging_fraction': 0.838356947828307, 'bagging_freq': 2, 'min_child_samples': 42}. Best is trial 5 with value: 0.9614035087719298.
[I 2025-09-17 13:17:52,114] Trial 10 finished with value: 0.9719298245614036 and parameters: {'num_leaves': 205, 'learning_rate': 0.0502931095692872, 'feature_fraction': 0.5909897398366888, 'bagging_fraction': 0.4517723912322131, 'bagging_freq': 6, 'min_child_samples': 9}. Best is trial 10 with value: 0.9719298245614036.
[I 2025-09-17 13:17:52,197] Trial 11 finished with value: 0.9543859649122808 and parameters: {'num_leaves': 205, 'learning_rate': 0.04323828870156298, 'feature_fraction': 0.591823328442141, 'bagging_fraction': 0.42508103761913574, 'bagging_freq': 7, 'min_child_samples': 6}. Best is trial 10 with value: 0.9719298245614036.
[I 2025-09-17 13:17:52,296] Trial 12 finished with value: 0.9789473684210527 and parameters: {'num_leaves': 210, 'learning_rate': 0.16813427285512422, 'feature_fraction': 0.6011733942871083, 'bagging_fraction': 0.6052503475348978, 'bagging_freq': 1, 'min_child_samples': 7}. Best is trial 12 with value: 0.9789473684210527.
[I 2025-09-17 13:17:52,319] Trial 13 finished with value: 0.9192982456140352 and parameters: {'num_leaves': 195, 'learning_rate': 0.030173489572394407, 'feature_fraction': 0.6194199418208698, 'bagging_fraction': 0.57748530340629, 'bagging_freq': 7, 'min_child_samples': 27}. Best is trial 12 with value: 0.9789473684210527.
[I 2025-09-17 13:17:52,349] Trial 14 finished with value: 0.887719298245614 and parameters: {'num_leaves': 232, 'learning_rate': 0.1166621456022057, 'feature_fraction': 0.6048773799095719, 'bagging_fraction': 0.4054462860223183, 'bagging_freq': 6, 'min_child_samples': 24}. Best is trial 12 with value: 0.9789473684210527.
[I 2025-09-17 13:17:52,371] Trial 15 finished with value: 0.856140350877193 and parameters: {'num_leaves': 161, 'learning_rate': 0.01150005304910394, 'feature_fraction': 0.6559634946632148, 'bagging_fraction': 0.5602170611729774, 'bagging_freq': 1, 'min_child_samples': 37}. Best is trial 12 with value: 0.9789473684210527.
[I 2025-09-17 13:17:52,409] Trial 16 finished with value: 0.9298245614035088 and parameters: {'num_leaves': 226, 'learning_rate': 0.0669372644773983, 'feature_fraction': 0.9822972108159731, 'bagging_fraction': 0.4928665360892512, 'bagging_freq': 6, 'min_child_samples': 18}. Best is trial 12 with value: 0.9789473684210527.
[I 2025-09-17 13:17:52,516] Trial 17 finished with value: 0.9298245614035088 and parameters: {'num_leaves': 184, 'learning_rate': 0.19403898179836251, 'feature_fraction': 0.5487826417295809, 'bagging_fraction': 0.6574151031952492, 'bagging_freq': 6, 'min_child_samples': 6}. Best is trial 12 with value: 0.9789473684210527.
[I 2025-09-17 13:17:52,541] Trial 18 finished with value: 0.880701754385965 and parameters: {'num_leaves': 24, 'learning_rate': 0.14279340435854815, 'feature_fraction': 0.6737920600351555, 'bagging_fraction': 0.644032556634342, 'bagging_freq': 2, 'min_child_samples': 38}. Best is trial 12 with value: 0.9789473684210527.
Early stopping, best iteration is:
[27]	valid_0's binary_logloss: 0.613913
Training until validation scores don't improve for 50 rounds
Did not meet early stopping. Best iteration is:
[68]	valid_0's binary_logloss: 0.654403
Training until validation scores don't improve for 50 rounds
Did not meet early stopping. Best iteration is:
[93]	valid_0's binary_logloss: 0.628142
Training until validation scores don't improve for 50 rounds
Did not meet early stopping. Best iteration is:
[76]	valid_0's binary_logloss: 0.636521
Training until validation scores don't improve for 50 rounds
Early stopping, best iteration is:
[34]	valid_0's binary_logloss: 0.62716
Training until validation scores don't improve for 50 rounds
Early stopping, best iteration is:
[23]	valid_0's binary_logloss: 0.646672
Training until validation scores don't improve for 50 rounds
Early stopping, best iteration is:
[1]	valid_0's binary_logloss: 0.686414
Training until validation scores don't improve for 50 rounds
Early stopping, best iteration is:
[42]	valid_0's binary_logloss: 0.685988
Training until validation scores don't improve for 50 rounds
Early stopping, best iteration is:
[8]	valid_0's binary_logloss: 0.641573
Training until validation scores don't improve for 50 rounds
Early stopping, best iteration is:
[14]	valid_0's binary_logloss: 0.632743
Training until validation scores don't improve for 50 rounds
Early stopping, best iteration is:
[30]	valid_0's binary_logloss: 0.634871
Training until validation scores don't improve for 50 rounds
Early stopping, best iteration is:
[12]	valid_0's binary_logloss: 0.646044
Training until validation scores don't improve for 50 rounds
Early stopping, best iteration is:
[1]	valid_0's binary_logloss: 0.647884
Training until validation scores don't improve for 50 rounds
Early stopping, best iteration is:
[14]	valid_0's binary_logloss: 0.648766
Training until validation scores don't improve for 50 rounds
Early stopping, best iteration is:
[2]	valid_0's binary_logloss: 0.640015
Training until validation scores don't improve for 50 rounds
Early stopping, best iteration is:
[1]	valid_0's binary_logloss: 0.628603
Training until validation scores don't improve for 50 rounds
Early stopping, best iteration is:
[1]	valid_0's binary_logloss: 0.632805
Training until validation scores don't improve for 50 rounds
Early stopping, best iteration is:
[1]	valid_0's binary_logloss: 0.642335
Training until validation scores don't improve for 50 rounds
Early stopping, best iteration is:
[2]	valid_0's binary_logloss: 0.670895
Training until validation scores don't improve for 50 rounds
Early stopping, best iteration is:
[22]	valid_0's binary_logloss: 0.685988
Training until validation scores don't improve for 50 rounds
Early stopping, best iteration is:
[12]	valid_0's binary_logloss: 0.65178
Training until validation scores don't improve for 50 rounds
Early stopping, best iteration is:
[6]	valid_0's binary_logloss: 0.623188
Training until validation scores don't improve for 50 rounds
Early stopping, best iteration is:
[1]	valid_0's binary_logloss: 0.646764
Training until validation scores don't improve for 50 rounds
Early stopping, best iteration is:
[10]	valid_0's binary_logloss: 0.677934
Training until validation scores don't improve for 50 rounds
Early stopping, best iteration is:
[11]	valid_0's binary_logloss: 0.633213
Training until validation scores don't improve for 50 rounds
Early stopping, best iteration is:
[2]	valid_0's binary_logloss: 0.685988
Training until validation scores don't improve for 50 rounds
Early stopping, best iteration is:
[45]	valid_0's binary_logloss: 0.685988
Training until validation scores don't improve for 50 rounds
Early stopping, best iteration is:
[1]	valid_0's binary_logloss: 0.649916
Training until validation scores don't improve for 50 rounds
Early stopping, best iteration is:
[1]	valid_0's binary_logloss: 0.649149
Training until validation scores don't improve for 50 rounds
Early stopping, best iteration is:
[6]	valid_0's binary_logloss: 0.60501
Training until validation scores don't improve for 50 rounds
Early stopping, best iteration is:
[24]	valid_0's binary_logloss: 0.617446
Training until validation scores don't improve for 50 rounds
Early stopping, best iteration is:
[5]	valid_0's binary_logloss: 0.623846
Training until validation scores don't improve for 50 rounds
Early stopping, best iteration is:
[15]	valid_0's binary_logloss: 0.659679
Training until validation scores don't improve for 50 rounds
Early stopping, best iteration is:
[11]	valid_0's binary_logloss: 0.685988
Training until validation scores don't improve for 50 rounds
Early stopping, best iteration is:
[10]	valid_0's binary_logloss: 0.621227
Training until validation scores don't improve for 50 rounds
Early stopping, best iteration is:
[19]	valid_0's binary_logloss: 0.652618
Training until validation scores don't improve for 50 rounds
Early stopping, best iteration is:
[3]	valid_0's binary_logloss: 0.650799
Training until validation scores don't improve for 50 rounds
Early stopping, best iteration is:
[20]	valid_0's binary_logloss: 0.605256
Training until validation scores don't improve for 50 rounds
Early stopping, best iteration is:
[2]	valid_0's binary_logloss: 0.604123
Training until validation scores don't improve for 50 rounds
Early stopping, best iteration is:
[1]	valid_0's binary_logloss: 0.678564
Training model for P045... (normalize_per_user=True)
Training until validation scores don't improve for 50 rounds
Early stopping, best iteration is:
[11]	valid_0's binary_logloss: 0.686352
Training until validation scores don't improve for 50 rounds
Early stopping, best iteration is:
[41]	valid_0's binary_logloss: 0.441571
Training until validation scores don't improve for 50 rounds
Early stopping, best iteration is:
[11]	valid_0's binary_logloss: 0.686352
Training until validation scores don't improve for 50 rounds
Early stopping, best iteration is:
[8]	valid_0's binary_logloss: 0.686352
Training until validation scores don't improve for 50 rounds
Early stopping, best iteration is:
[3]	valid_0's binary_logloss: 0.686352
Training until validation scores don't improve for 50 rounds
Did not meet early stopping. Best iteration is:
[55]	valid_0's binary_logloss: 0.253224
Training until validation scores don't improve for 50 rounds
Early stopping, best iteration is:
[17]	valid_0's binary_logloss: 0.686352
Training until validation scores don't improve for 50 rounds
Early stopping, best iteration is:
[44]	valid_0's binary_logloss: 0.674968
Training until validation scores don't improve for 50 rounds
Early stopping, best iteration is:
[6]	valid_0's binary_logloss: 0.686352
Training until validation scores don't improve for 50 rounds
Did not meet early stopping. Best iteration is:
[60]	valid_0's binary_logloss: 0.43162
Training until validation scores don't improve for 50 rounds
Did not meet early stopping. Best iteration is:
[54]	valid_0's binary_logloss: 0.285464
Training until validation scores don't improve for 50 rounds
Did not meet early stopping. Best iteration is:
[79]	valid_0's binary_logloss: 0.302629
Training until validation scores don't improve for 50 rounds
Did not meet early stopping. Best iteration is:
[51]	valid_0's binary_logloss: 0.250043
Training until validation scores don't improve for 50 rounds
Did not meet early stopping. Best iteration is:
[100]	valid_0's binary_logloss: 0.421941
Training until validation scores don't improve for 50 rounds
Did not meet early stopping. Best iteration is:
[66]	valid_0's binary_logloss: 0.412274
Training until validation scores don't improve for 50 rounds
Did not meet early stopping. Best iteration is:
[100]	valid_0's binary_logloss: 0.584713
Training until validation scores don't improve for 50 rounds
Early stopping, best iteration is:
[48]	valid_0's binary_logloss: 0.376569
Training until validation scores don't improve for 50 rounds
Early stopping, best iteration is:
[34]	valid_0's binary_logloss: 0.306778
Training until validation scores don't improve for 50 rounds
Did not meet early stopping. Best iteration is:
[52]	valid_0's binary_logloss: 0.432292
[I 2025-09-17 13:17:52,566] Trial 19 finished with value: 0.8842105263157894 and parameters: {'num_leaves': 134, 'learning_rate': 0.07636983899264004, 'feature_fraction': 0.4043730644546867, 'bagging_fraction': 0.4954354552574054, 'bagging_freq': 5, 'min_child_samples': 31}. Best is trial 12 with value: 0.9789473684210527.
[I 2025-09-17 13:17:52,610] Trial 20 finished with value: 0.9157894736842105 and parameters: {'num_leaves': 251, 'learning_rate': 0.22107086365584838, 'feature_fraction': 0.5445306240511448, 'bagging_fraction': 0.49726522765038295, 'bagging_freq': 2, 'min_child_samples': 15}. Best is trial 12 with value: 0.9789473684210527.
[I 2025-09-17 13:17:52,685] Trial 21 finished with value: 0.8877192982456139 and parameters: {'num_leaves': 294, 'learning_rate': 0.1679736545307222, 'feature_fraction': 0.48977953698590826, 'bagging_fraction': 0.9399017711548341, 'bagging_freq': 1, 'min_child_samples': 12}. Best is trial 12 with value: 0.9789473684210527.
[I 2025-09-17 13:17:52,723] Trial 22 finished with value: 0.9333333333333333 and parameters: {'num_leaves': 259, 'learning_rate': 0.18359752654200223, 'feature_fraction': 0.5506548096946876, 'bagging_fraction': 0.6739576937562629, 'bagging_freq': 1, 'min_child_samples': 20}. Best is trial 12 with value: 0.9789473684210527.
[I 2025-09-17 13:17:52,826] Trial 23 finished with value: 0.9614035087719298 and parameters: {'num_leaves': 212, 'learning_rate': 0.15308103096020492, 'feature_fraction': 0.4924296317557631, 'bagging_fraction': 0.6274421984094334, 'bagging_freq': 3, 'min_child_samples': 7}. Best is trial 12 with value: 0.9789473684210527.
[I 2025-09-17 13:17:52,852] Trial 24 finished with value: 0.8385964912280703 and parameters: {'num_leaves': 177, 'learning_rate': 0.11572289625432003, 'feature_fraction': 0.6596373753586382, 'bagging_fraction': 0.8949490579809228, 'bagging_freq': 2, 'min_child_samples': 46}. Best is trial 12 with value: 0.9789473684210527.
[I 2025-09-17 13:17:52,878] Trial 25 finished with value: 0.8245614035087718 and parameters: {'num_leaves': 290, 'learning_rate': 0.19636257041578375, 'feature_fraction': 0.5829032245344216, 'bagging_fraction': 0.453358909992782, 'bagging_freq': 1, 'min_child_samples': 31}. Best is trial 12 with value: 0.9789473684210527.
[I 2025-09-17 13:17:52,945] Trial 26 finished with value: 0.943859649122807 and parameters: {'num_leaves': 140, 'learning_rate': 0.24065757631441176, 'feature_fraction': 0.525341579230165, 'bagging_fraction': 0.7031523371443779, 'bagging_freq': 5, 'min_child_samples': 14}. Best is trial 12 with value: 0.9789473684210527.
[I 2025-09-17 13:17:52,974] Trial 27 finished with value: 0.9192982456140351 and parameters: {'num_leaves': 250, 'learning_rate': 0.13918224104676497, 'feature_fraction': 0.6300364428268146, 'bagging_fraction': 0.6065723690076756, 'bagging_freq': 3, 'min_child_samples': 22}. Best is trial 12 with value: 0.9789473684210527.
