[I 2025-09-17 13:15:13,199] Trial 33 finished with value: 0.7023809523809524 and parameters: {'num_leaves': 79, 'learning_rate': 0.08264252865469052, 'feature_fraction': 0.839716099303663, 'bagging_fraction': 0.6347276839526597, 'bagging_freq': 2, 'min_child_samples': 34}. Best is trial 16 with value: 0.7242063492063493.
Did not meet early stopping. Best iteration is:
[72]	valid_0's binary_logloss: 0.520614
Training until validation scores don't improve for 50 rounds
Did not meet early stopping. Best iteration is:
[100]	valid_0's binary_logloss: 0.559451
Training until validation scores don't improve for 50 rounds
Early stopping, best iteration is:
[1]	valid_0's binary_logloss: 0.685988
Training until validation scores don't improve for 50 rounds
Did not meet early stopping. Best iteration is:
[57]	valid_0's binary_logloss: 0.493388
Training until validation scores don't improve for 50 rounds
Early stopping, best iteration is:
[2]	valid_0's binary_logloss: 0.612857
Training until validation scores don't improve for 50 rounds
Early stopping, best iteration is:
[31]	valid_0's binary_logloss: 0.685988
Training until validation scores don't improve for 50 rounds
Early stopping, best iteration is:
[49]	valid_0's binary_logloss: 0.418138
Training until validation scores don't improve for 50 rounds
Early stopping, best iteration is:
[17]	valid_0's binary_logloss: 0.515375
Training until validation scores don't improve for 50 rounds
Early stopping, best iteration is:
[46]	valid_0's binary_logloss: 0.487855
Training until validation scores don't improve for 50 rounds
Early stopping, best iteration is:
[35]	valid_0's binary_logloss: 0.46035
Training until validation scores don't improve for 50 rounds
Did not meet early stopping. Best iteration is:
[92]	valid_0's binary_logloss: 0.507006
Training until validation scores don't improve for 50 rounds
Early stopping, best iteration is:
[47]	valid_0's binary_logloss: 0.490697
Training until validation scores don't improve for 50 rounds
Did not meet early stopping. Best iteration is:
[95]	valid_0's binary_logloss: 0.473012
Training until validation scores don't improve for 50 rounds
Did not meet early stopping. Best iteration is:
[93]	valid_0's binary_logloss: 0.480142
Training until validation scores don't improve for 50 rounds
Did not meet early stopping. Best iteration is:
[100]	valid_0's binary_logloss: 0.492779
Training until validation scores don't improve for 50 rounds
Early stopping, best iteration is:
[21]	valid_0's binary_logloss: 0.685988
Training until validation scores don't improve for 50 rounds
Did not meet early stopping. Best iteration is:
[90]	valid_0's binary_logloss: 0.495966
Training until validation scores don't improve for 50 rounds
Early stopping, best iteration is:
[1]	valid_0's binary_logloss: 0.685988
Training until validation scores don't improve for 50 rounds
Did not meet early stopping. Best iteration is:
[77]	valid_0's binary_logloss: 0.503428
Training until validation scores don't improve for 50 rounds
Did not meet early stopping. Best iteration is:
[73]	valid_0's binary_logloss: 0.510161
Training until validation scores don't improve for 50 rounds
Did not meet early stopping. Best iteration is:
[76]	valid_0's binary_logloss: 0.491708
Training until validation scores don't improve for 50 rounds
Did not meet early stopping. Best iteration is:
[87]	valid_0's binary_logloss: 0.509518
Training until validation scores don't improve for 50 rounds
Did not meet early stopping. Best iteration is:
[58]	valid_0's binary_logloss: 0.506819
Training until validation scores don't improve for 50 rounds
Early stopping, best iteration is:
[11]	valid_0's binary_logloss: 0.685988
Training until validation scores don't improve for 50 rounds
Early stopping, best iteration is:
[1]	valid_0's binary_logloss: 0.685988
Training until validation scores don't improve for 50 rounds
Early stopping, best iteration is:
[37]	valid_0's binary_logloss: 0.603247
Training until validation scores don't improve for 50 rounds
Early stopping, best iteration is:
[3]	valid_0's binary_logloss: 0.685988
Training until validation scores don't improve for 50 rounds
Early stopping, best iteration is:
[47]	valid_0's binary_logloss: 0.685988
Training until validation scores don't improve for 50 rounds
Early stopping, best iteration is:
[2]	valid_0's binary_logloss: 0.664408
Training until validation scores don't improve for 50 rounds
Early stopping, best iteration is:
[5]	valid_0's binary_logloss: 0.685988
Training until validation scores don't improve for 50 rounds
Early stopping, best iteration is:
[7]	valid_0's binary_logloss: 0.636733
Training until validation scores don't improve for 50 rounds
Early stopping, best iteration is:
[45]	valid_0's binary_logloss: 0.66541
Training until validation scores don't improve for 50 rounds
Early stopping, best iteration is:
[17]	valid_0's binary_logloss: 0.628991
Training until validation scores don't improve for 50 rounds
Early stopping, best iteration is:
[8]	valid_0's binary_logloss: 0.685988
Training until validation scores don't improve for 50 rounds
Early stopping, best iteration is:
[23]	valid_0's binary_logloss: 0.685988
Training until validation scores don't improve for 50 rounds
Early stopping, best iteration is:
[1]	valid_0's binary_logloss: 0.685988
Training until validation scores don't improve for 50 rounds
Early stopping, best iteration is:
[40]	valid_0's binary_logloss: 0.650277
Training until validation scores don't improve for 50 rounds
Early stopping, best iteration is:
[9]	valid_0's binary_logloss: 0.635881
Training until validation scores don't improve for 50 rounds
Early stopping, best iteration is:
[23]	valid_0's binary_logloss: 0.649003
Training until validation scores don't improve for 50 rounds
Early stopping, best iteration is:
[17]	valid_0's binary_logloss: 0.631112
Training until validation scores don't improve for 50 rounds
Early stopping, best iteration is:
[1]	valid_0's binary_logloss: 0.751936
Training until validation scores don't improve for 50 rounds
Early stopping, best iteration is:
[26]	valid_0's binary_logloss: 0.626796
Training until validation scores don't improve for 50 rounds
Early stopping, best iteration is:
[14]	valid_0's binary_logloss: 0.685988
Training until validation scores don't improve for 50 rounds
Early stopping, best iteration is:
[7]	valid_0's binary_logloss: 0.645089
Training until validation scores don't improve for 50 rounds
Early stopping, best iteration is:
[25]	valid_0's binary_logloss: 0.685988
Training until validation scores don't improve for 50 rounds
Early stopping, best iteration is:
[34]	valid_0's binary_logloss: 0.685988
Training until validation scores don't improve for 50 rounds
Early stopping, best iteration is:
[41]	valid_0's binary_logloss: 0.633932
Training until validation scores don't improve for 50 rounds
Early stopping, best iteration is:
[7]	valid_0's binary_logloss: 0.648097
Training until validation scores don't improve for 50 rounds
Early stopping, best iteration is:
[12]	valid_0's binary_logloss: 0.628251
Training until validation scores don't improve for 50 rounds
Early stopping, best iteration is:
[33]	valid_0's binary_logloss: 0.639543
Training until validation scores don't improve for 50 rounds
Did not meet early stopping. Best iteration is:
[51]	valid_0's binary_logloss: 0.685988
Training until validation scores don't improve for 50 rounds
Early stopping, best iteration is:
[5]	valid_0's binary_logloss: 0.646837
Training until validation scores don't improve for 50 rounds
Early stopping, best iteration is:
[10]	valid_0's binary_logloss: 0.636088
Training until validation scores don't improve for 50 rounds
Early stopping, best iteration is:
[15]	valid_0's binary_logloss: 0.636019
Training until validation scores don't improve for 50 rounds
Early stopping, best iteration is:
[12]	valid_0's binary_logloss: 0.644266
Training until validation scores don't improve for 50 rounds
Early stopping, best iteration is:
[21]	valid_0's binary_logloss: 0.685988
Training until validation scores don't improve for 50 rounds
Early stopping, best iteration is:
[44]	valid_0's binary_logloss: 0.652248
Training until validation scores don't improve for 50 rounds
Early stopping, best iteration is:
[47]	valid_0's binary_logloss: 0.629309
Training until validation scores don't improve for 50 rounds
Early stopping, best iteration is:
[7]	valid_0's binary_logloss: 0.652679
Training until validation scores don't improve for 50 rounds
[I 2025-09-17 13:15:13,226] Trial 34 finished with value: 0.6547619047619048 and parameters: {'num_leaves': 67, 'learning_rate': 0.16938689827645295, 'feature_fraction': 0.6303037884597553, 'bagging_fraction': 0.7767724228060224, 'bagging_freq': 1, 'min_child_samples': 46}. Best is trial 16 with value: 0.7242063492063493.
[I 2025-09-17 13:15:13,259] Trial 35 finished with value: 0.6666666666666667 and parameters: {'num_leaves': 11, 'learning_rate': 0.12343923370859927, 'feature_fraction': 0.8892752785993416, 'bagging_fraction': 0.8213631604030487, 'bagging_freq': 2, 'min_child_samples': 21}. Best is trial 16 with value: 0.7242063492063493.
[I 2025-09-17 13:15:13,277] Trial 36 finished with value: 0.5 and parameters: {'num_leaves': 217, 'learning_rate': 0.2127424032847493, 'feature_fraction': 0.9596445165208243, 'bagging_fraction': 0.5327895586986391, 'bagging_freq': 5, 'min_child_samples': 56}. Best is trial 16 with value: 0.7242063492063493.
[I 2025-09-17 13:15:13,302] Trial 37 finished with value: 0.7023809523809523 and parameters: {'num_leaves': 34, 'learning_rate': 0.1666979413009635, 'feature_fraction': 0.7177944862515884, 'bagging_fraction': 0.7600640613251326, 'bagging_freq': 3, 'min_child_samples': 25}. Best is trial 16 with value: 0.7242063492063493.
[I 2025-09-17 13:15:13,356] Trial 38 finished with value: 0.6865079365079365 and parameters: {'num_leaves': 280, 'learning_rate': 0.03148574478032703, 'feature_fraction': 0.7975512450794763, 'bagging_fraction': 0.6991484552221391, 'bagging_freq': 5, 'min_child_samples': 13}. Best is trial 16 with value: 0.7242063492063493.
[I 2025-09-17 13:15:13,372] Trial 39 finished with value: 0.5 and parameters: {'num_leaves': 53, 'learning_rate': 0.19646969424583757, 'feature_fraction': 0.4860721946462531, 'bagging_fraction': 0.6615020697489405, 'bagging_freq': 7, 'min_child_samples': 48}. Best is trial 16 with value: 0.7242063492063493.
[I 2025-09-17 13:15:13,396] Trial 40 finished with value: 0.6349206349206349 and parameters: {'num_leaves': 228, 'learning_rate': 0.0664387367998574, 'feature_fraction': 0.9592680551873385, 'bagging_fraction': 0.9135165435311738, 'bagging_freq': 4, 'min_child_samples': 42}. Best is trial 16 with value: 0.7242063492063493.
[I 2025-09-17 13:15:13,415] Trial 41 finished with value: 0.7261904761904762 and parameters: {'num_leaves': 73, 'learning_rate': 0.09031548348241994, 'feature_fraction': 0.8493815800561666, 'bagging_fraction': 0.5926931422865491, 'bagging_freq': 2, 'min_child_samples': 33}. Best is trial 41 with value: 0.7261904761904762.
[I 2025-09-17 13:15:13,442] Trial 42 finished with value: 0.7103174603174603 and parameters: {'num_leaves': 69, 'learning_rate': 0.10361761289534213, 'feature_fraction': 0.9105040190688343, 'bagging_fraction': 0.7236772601653404, 'bagging_freq': 2, 'min_child_samples': 33}. Best is trial 41 with value: 0.7261904761904762.
[I 2025-09-17 13:15:13,460] Trial 43 finished with value: 0.7182539682539684 and parameters: {'num_leaves': 174, 'learning_rate': 0.09221694835158967, 'feature_fraction': 0.8765713056129657, 'bagging_fraction': 0.5945527014712298, 'bagging_freq': 1, 'min_child_samples': 32}. Best is trial 41 with value: 0.7261904761904762.
[I 2025-09-17 13:15:13,486] Trial 44 finished with value: 0.75 and parameters: {'num_leaves': 184, 'learning_rate': 0.29826176670468973, 'feature_fraction': 0.8214270342114631, 'bagging_fraction': 0.5741235186084306, 'bagging_freq': 1, 'min_child_samples': 18}. Best is trial 44 with value: 0.75.
[I 2025-09-17 13:15:13,518] Trial 45 finished with value: 0.6746031746031746 and parameters: {'num_leaves': 181, 'learning_rate': 0.2669117929608137, 'feature_fraction': 0.8794376372286337, 'bagging_fraction': 0.5606019342409387, 'bagging_freq': 1, 'min_child_samples': 15}. Best is trial 44 with value: 0.75.
[I 2025-09-17 13:15:13,542] Trial 46 finished with value: 0.6031746031746031 and parameters: {'num_leaves': 160, 'learning_rate': 0.2987035776211169, 'feature_fraction': 0.7991265427766151, 'bagging_fraction': 0.48161255457014635, 'bagging_freq': 1, 'min_child_samples': 18}. Best is trial 44 with value: 0.75.
[I 2025-09-17 13:15:13,560] Trial 47 finished with value: 0.7281746031746033 and parameters: {'num_leaves': 146, 'learning_rate': 0.24976225421043285, 'feature_fraction': 0.40064920045349195, 'bagging_fraction': 0.6018692780581117, 'bagging_freq': 1, 'min_child_samples': 29}. Best is trial 44 with value: 0.75.
[I 2025-09-17 13:15:13,602] Trial 48 finished with value: 0.5793650793650793 and parameters: {'num_leaves': 144, 'learning_rate': 0.241144921373393, 'feature_fraction': 0.40857530617340126, 'bagging_fraction': 0.5301258126841459, 'bagging_freq': 1, 'min_child_samples': 10}. Best is trial 44 with value: 0.75.
[I 2025-09-17 13:15:13,627] Trial 49 finished with value: 0.6626984126984127 and parameters: {'num_leaves': 200, 'learning_rate': 0.2814755252010414, 'feature_fraction': 0.5039096092409402, 'bagging_fraction': 0.6114976417338581, 'bagging_freq': 1, 'min_child_samples': 26}. Best is trial 44 with value: 0.75.
[I 2025-09-17 13:15:13,916] A new study created in memory with name: no-name-0147c8b2-1f24-474d-9b27-50fec688d7b6
[I 2025-09-17 13:15:13,939] Trial 0 finished with value: 0.8701754385964913 and parameters: {'num_leaves': 264, 'learning_rate': 0.07865740382023148, 'feature_fraction': 0.43493922170179955, 'bagging_fraction': 0.9413888568914323, 'bagging_freq': 2, 'min_child_samples': 54}. Best is trial 0 with value: 0.8701754385964913.
[I 2025-09-17 13:15:13,947] Trial 1 finished with value: 0.5 and parameters: {'num_leaves': 276, 'learning_rate': 0.26867286713172545, 'feature_fraction': 0.9823342944501002, 'bagging_fraction': 0.8068556177072003, 'bagging_freq': 6, 'min_child_samples': 74}. Best is trial 0 with value: 0.8701754385964913.
[I 2025-09-17 13:15:13,957] Trial 2 finished with value: 0.5 and parameters: {'num_leaves': 141, 'learning_rate': 0.1124722800724973, 'feature_fraction': 0.4935466098623987, 'bagging_fraction': 0.40720230905920535, 'bagging_freq': 2, 'min_child_samples': 52}. Best is trial 0 with value: 0.8701754385964913.
[I 2025-09-17 13:15:13,972] Trial 3 finished with value: 0.8526315789473684 and parameters: {'num_leaves': 298, 'learning_rate': 0.22590900596349645, 'feature_fraction': 0.8485950587977357, 'bagging_fraction': 0.9208923462579189, 'bagging_freq': 6, 'min_child_samples': 50}. Best is trial 0 with value: 0.8701754385964913.
[I 2025-09-17 13:15:13,992] Trial 4 finished with value: 0.912280701754386 and parameters: {'num_leaves': 208, 'learning_rate': 0.18321708356422886, 'feature_fraction': 0.4023388425607214, 'bagging_fraction': 0.9460085917084028, 'bagging_freq': 4, 'min_child_samples': 32}. Best is trial 4 with value: 0.912280701754386.
[I 2025-09-17 13:15:14,010] Trial 5 finished with value: 0.8473684210526315 and parameters: {'num_leaves': 36, 'learning_rate': 0.016984972657314575, 'feature_fraction': 0.9527165869619474, 'bagging_fraction': 0.4384034119923462, 'bagging_freq': 6, 'min_child_samples': 31}. Best is trial 4 with value: 0.912280701754386.
[I 2025-09-17 13:15:14,084] Trial 6 finished with value: 0.9403508771929825 and parameters: {'num_leaves': 116, 'learning_rate': 0.07400327385672512, 'feature_fraction': 0.6489101034190621, 'bagging_fraction': 0.7453049541305978, 'bagging_freq': 2, 'min_child_samples': 11}. Best is trial 6 with value: 0.9403508771929825.
[I 2025-09-17 13:15:14,106] Trial 7 finished with value: 0.9087719298245615 and parameters: {'num_leaves': 238, 'learning_rate': 0.2876694130976044, 'feature_fraction': 0.8880978799669118, 'bagging_fraction': 0.8358460604695531, 'bagging_freq': 6, 'min_child_samples': 38}. Best is trial 6 with value: 0.9403508771929825.
[I 2025-09-17 13:15:14,140] Trial 8 finished with value: 0.9403508771929825 and parameters: {'num_leaves': 238, 'learning_rate': 0.10538173830930787, 'feature_fraction': 0.6456079516783944, 'bagging_fraction': 0.7017498089128068, 'bagging_freq': 3, 'min_child_samples': 21}. Best is trial 6 with value: 0.9403508771929825.
[I 2025-09-17 13:15:14,149] Trial 9 finished with value: 0.5 and parameters: {'num_leaves': 149, 'learning_rate': 0.18251079414386454, 'feature_fraction': 0.8387733670294721, 'bagging_fraction': 0.8085022880910986, 'bagging_freq': 4, 'min_child_samples': 63}. Best is trial 6 with value: 0.9403508771929825.
[I 2025-09-17 13:15:14,221] Trial 10 finished with value: 0.9017543859649122 and parameters: {'num_leaves': 70, 'learning_rate': 0.01717585397532336, 'feature_fraction': 0.6675862270991235, 'bagging_fraction': 0.5642586496845962, 'bagging_freq': 1, 'min_child_samples': 9}. Best is trial 6 with value: 0.9403508771929825.
[I 2025-09-17 13:15:14,345] Trial 11 finished with value: 0.9403508771929825 and parameters: {'num_leaves': 104, 'learning_rate': 0.09480380632621602, 'feature_fraction': 0.6380173218883586, 'bagging_fraction': 0.6676681177410535, 'bagging_freq': 3, 'min_child_samples': 7}. Best is trial 6 with value: 0.9403508771929825.
[I 2025-09-17 13:15:14,400] Trial 12 finished with value: 0.9473684210526316 and parameters: {'num_leaves': 205, 'learning_rate': 0.13049532146625956, 'feature_fraction': 0.5682944918092874, 'bagging_fraction': 0.6819637828514047, 'bagging_freq': 1, 'min_child_samples': 18}. Best is trial 12 with value: 0.9473684210526316.
[I 2025-09-17 13:15:14,413] Trial 13 finished with value: 0.5 and parameters: {'num_leaves': 188, 'learning_rate': 0.058050439995092545, 'feature_fraction': 0.5609431099167576, 'bagging_fraction': 0.6259504800765444, 'bagging_freq': 1, 'min_child_samples': 87}. Best is trial 12 with value: 0.9473684210526316.
[I 2025-09-17 13:15:14,454] Trial 14 finished with value: 0.9649122807017545 and parameters: {'num_leaves': 101, 'learning_rate': 0.16061852836483967, 'feature_fraction': 0.7496148768090354, 'bagging_fraction': 0.734598510164669, 'bagging_freq': 2, 'min_child_samples': 17}. Best is trial 14 with value: 0.9649122807017545.
[I 2025-09-17 13:15:14,490] Trial 15 finished with value: 0.9368421052631578 and parameters: {'num_leaves': 183, 'learning_rate': 0.1478008154561372, 'feature_fraction': 0.7330833864823894, 'bagging_fraction': 0.5393262776438993, 'bagging_freq': 1, 'min_child_samples': 22}. Best is trial 14 with value: 0.9649122807017545.
[I 2025-09-17 13:15:14,532] Trial 16 finished with value: 0.9333333333333333 and parameters: {'num_leaves': 18, 'learning_rate': 0.14148957054117334, 'feature_fraction': 0.7572593964359629, 'bagging_fraction': 0.5920806863833206, 'bagging_freq': 3, 'min_child_samples': 20}. Best is trial 14 with value: 0.9649122807017545.
[I 2025-09-17 13:15:14,554] Trial 17 finished with value: 0.8912280701754386 and parameters: {'num_leaves': 81, 'learning_rate': 0.2002173644010918, 'feature_fraction': 0.5610568939442704, 'bagging_fraction': 0.7331221194610893, 'bagging_freq': 2, 'min_child_samples': 39}. Best is trial 14 with value: 0.9649122807017545.
[I 2025-09-17 13:15:14,567] Trial 18 finished with value: 0.5 and parameters: {'num_leaves': 174, 'learning_rate': 0.2349438375458663, 'feature_fraction': 0.7790986548484324, 'bagging_fraction': 0.4884180718233797, 'bagging_freq': 5, 'min_child_samples': 99}. Best is trial 14 with value: 0.9649122807017545.
[I 2025-09-17 13:15:14,619] Trial 19 finished with value: 0.9333333333333333 and parameters: {'num_leaves': 122, 'learning_rate': 0.13075753954723743, 'feature_fraction': 0.57889944889727, 'bagging_fraction': 0.8648370528365145, 'bagging_freq': 1, 'min_child_samples': 17}. Best is trial 14 with value: 0.9649122807017545.
[I 2025-09-17 13:15:14,646] Trial 20 finished with value: 0.887719298245614 and parameters: {'num_leaves': 58, 'learning_rate': 0.17553865061074914, 'feature_fraction': 0.47820162187261595, 'bagging_fraction': 0.6491221019609712, 'bagging_freq': 3, 'min_child_samples': 29}. Best is trial 14 with value: 0.9649122807017545.
[I 2025-09-17 13:15:14,816] Trial 21 finished with value: 0.9438596491228071 and parameters: {'num_leaves': 109, 'learning_rate': 0.06360608459822162, 'feature_fraction': 0.6871342068535622, 'bagging_fraction': 0.7599522937674951, 'bagging_freq': 2, 'min_child_samples': 5}. Best is trial 14 with value: 0.9649122807017545.
[I 2025-09-17 13:15:14,974] Trial 22 finished with value: 0.9228070175438596 and parameters: {'num_leaves': 89, 'learning_rate': 0.05225134260814723, 'feature_fraction': 0.6974708198557261, 'bagging_fraction': 0.7419092013862176, 'bagging_freq': 2, 'min_child_samples': 5}. Best is trial 14 with value: 0.9649122807017545.
[I 2025-09-17 13:15:15,048] Trial 23 finished with value: 0.9333333333333333 and parameters: {'num_leaves': 143, 'learning_rate': 0.11673987208744815, 'feature_fraction': 0.6018994714436829, 'bagging_fraction': 0.7654480814663327, 'bagging_freq': 1, 'min_child_samples': 14}. Best is trial 14 with value: 0.9649122807017545.
[I 2025-09-17 13:15:15,084] Trial 24 finished with value: 0.9298245614035088 and parameters: {'num_leaves': 219, 'learning_rate': 0.1610686991782304, 'feature_fraction': 0.7233025120597908, 'bagging_fraction': 0.6882491689188014, 'bagging_freq': 7, 'min_child_samples': 26}. Best is trial 14 with value: 0.9649122807017545.
