[I 2025-09-17 13:16:52,244] Trial 15 finished with value: 0.753968253968254 and parameters: {'num_leaves': 179, 'learning_rate': 0.01757082543393977, 'feature_fraction': 0.5709326969669183, 'bagging_fraction': 0.8315076733948022, 'bagging_freq': 3, 'min_child_samples': 24}. Best is trial 14 with value: 0.7896825396825397.
Early stopping, best iteration is:
[42]	valid_0's binary_logloss: 0.627362
Training until validation scores don't improve for 50 rounds
Early stopping, best iteration is:
[11]	valid_0's binary_logloss: 0.655607
Training until validation scores don't improve for 50 rounds
Early stopping, best iteration is:
[19]	valid_0's binary_logloss: 0.612554
Training until validation scores don't improve for 50 rounds
Early stopping, best iteration is:
[39]	valid_0's binary_logloss: 0.655607
Training until validation scores don't improve for 50 rounds
Early stopping, best iteration is:
[15]	valid_0's binary_logloss: 0.570327
Training until validation scores don't improve for 50 rounds
Early stopping, best iteration is:
[17]	valid_0's binary_logloss: 0.64062
Training until validation scores don't improve for 50 rounds
Early stopping, best iteration is:
[2]	valid_0's binary_logloss: 0.634581
Training until validation scores don't improve for 50 rounds
Early stopping, best iteration is:
[1]	valid_0's binary_logloss: 0.658042
Training until validation scores don't improve for 50 rounds
Early stopping, best iteration is:
[7]	valid_0's binary_logloss: 0.575074
Training until validation scores don't improve for 50 rounds
Early stopping, best iteration is:
[37]	valid_0's binary_logloss: 0.632754
Training until validation scores don't improve for 50 rounds
Early stopping, best iteration is:
[6]	valid_0's binary_logloss: 0.596273
Training until validation scores don't improve for 50 rounds
Early stopping, best iteration is:
[4]	valid_0's binary_logloss: 0.568762
Training until validation scores don't improve for 50 rounds
Did not meet early stopping. Best iteration is:
[59]	valid_0's binary_logloss: 0.655607
Training until validation scores don't improve for 50 rounds
Early stopping, best iteration is:
[1]	valid_0's binary_logloss: 0.658358
Training until validation scores don't improve for 50 rounds
Early stopping, best iteration is:
[29]	valid_0's binary_logloss: 0.655607
Training until validation scores don't improve for 50 rounds
Early stopping, best iteration is:
[17]	valid_0's binary_logloss: 0.560994
Training until validation scores don't improve for 50 rounds
Early stopping, best iteration is:
[4]	valid_0's binary_logloss: 0.54579
Training until validation scores don't improve for 50 rounds
Early stopping, best iteration is:
[1]	valid_0's binary_logloss: 0.671473
Training until validation scores don't improve for 50 rounds
Early stopping, best iteration is:
[19]	valid_0's binary_logloss: 0.513501
Training until validation scores don't improve for 50 rounds
Early stopping, best iteration is:
[9]	valid_0's binary_logloss: 0.57033
Training until validation scores don't improve for 50 rounds
Early stopping, best iteration is:
[1]	valid_0's binary_logloss: 0.64313
Training until validation scores don't improve for 50 rounds
Early stopping, best iteration is:
[5]	valid_0's binary_logloss: 0.549917
Training until validation scores don't improve for 50 rounds
Early stopping, best iteration is:
[1]	valid_0's binary_logloss: 0.676149
Training until validation scores don't improve for 50 rounds
Early stopping, best iteration is:
[7]	valid_0's binary_logloss: 0.653348
Training until validation scores don't improve for 50 rounds
Early stopping, best iteration is:
[45]	valid_0's binary_logloss: 0.579919
Training until validation scores don't improve for 50 rounds
Early stopping, best iteration is:
[21]	valid_0's binary_logloss: 0.650016
Training until validation scores don't improve for 50 rounds
Early stopping, best iteration is:
[19]	valid_0's binary_logloss: 0.548203
Training until validation scores don't improve for 50 rounds
Early stopping, best iteration is:
[7]	valid_0's binary_logloss: 0.537094
Training until validation scores don't improve for 50 rounds
Early stopping, best iteration is:
[7]	valid_0's binary_logloss: 0.655607
Training until validation scores don't improve for 50 rounds
Early stopping, best iteration is:
[6]	valid_0's binary_logloss: 0.531712
Training until validation scores don't improve for 50 rounds
Early stopping, best iteration is:
[1]	valid_0's binary_logloss: 0.658774
Training until validation scores don't improve for 50 rounds
Early stopping, best iteration is:
[23]	valid_0's binary_logloss: 0.655607
Training until validation scores don't improve for 50 rounds
Early stopping, best iteration is:
[37]	valid_0's binary_logloss: 0.638689
Training until validation scores don't improve for 50 rounds
Early stopping, best iteration is:
[6]	valid_0's binary_logloss: 0.580667
Training until validation scores don't improve for 50 rounds
Early stopping, best iteration is:
[21]	valid_0's binary_logloss: 0.640535
Training until validation scores don't improve for 50 rounds
Early stopping, best iteration is:
[3]	valid_0's binary_logloss: 0.562349
Training until validation scores don't improve for 50 rounds
Early stopping, best iteration is:
[8]	valid_0's binary_logloss: 0.526054
Training until validation scores don't improve for 50 rounds
Early stopping, best iteration is:
[6]	valid_0's binary_logloss: 0.584815
Training until validation scores don't improve for 50 rounds
Early stopping, best iteration is:
[7]	valid_0's binary_logloss: 0.538665
Training until validation scores don't improve for 50 rounds
Early stopping, best iteration is:
[18]	valid_0's binary_logloss: 0.607644
Training until validation scores don't improve for 50 rounds
Early stopping, best iteration is:
[18]	valid_0's binary_logloss: 0.655607
Training until validation scores don't improve for 50 rounds
Did not meet early stopping. Best iteration is:
[51]	valid_0's binary_logloss: 0.58033
Training until validation scores don't improve for 50 rounds
Early stopping, best iteration is:
[9]	valid_0's binary_logloss: 0.646858
Training until validation scores don't improve for 50 rounds
Early stopping, best iteration is:
[1]	valid_0's binary_logloss: 0.621998
Training until validation scores don't improve for 50 rounds
Early stopping, best iteration is:
[33]	valid_0's binary_logloss: 0.535273
Training until validation scores don't improve for 50 rounds
Early stopping, best iteration is:
[3]	valid_0's binary_logloss: 0.565141
Training until validation scores don't improve for 50 rounds
Early stopping, best iteration is:
[2]	valid_0's binary_logloss: 0.655607
Training until validation scores don't improve for 50 rounds
Early stopping, best iteration is:
[44]	valid_0's binary_logloss: 0.626057
Training until validation scores don't improve for 50 rounds
Early stopping, best iteration is:
[11]	valid_0's binary_logloss: 0.579312
Training until validation scores don't improve for 50 rounds
Did not meet early stopping. Best iteration is:
[99]	valid_0's binary_logloss: 0.605308
Training until validation scores don't improve for 50 rounds
Early stopping, best iteration is:
[24]	valid_0's binary_logloss: 0.655607
Training until validation scores don't improve for 50 rounds
Early stopping, best iteration is:
[45]	valid_0's binary_logloss: 0.647487
Training until validation scores don't improve for 50 rounds
Early stopping, best iteration is:
[13]	valid_0's binary_logloss: 0.655607
Training until validation scores don't improve for 50 rounds
Early stopping, best iteration is:
[3]	valid_0's binary_logloss: 0.638448
Training until validation scores don't improve for 50 rounds
Early stopping, best iteration is:
[35]	valid_0's binary_logloss: 0.544423
Training until validation scores don't improve for 50 rounds
Early stopping, best iteration is:
[8]	valid_0's binary_logloss: 0.543603
Training until validation scores don't improve for 50 rounds
Early stopping, best iteration is:
[24]	valid_0's binary_logloss: 0.568717
Training until validation scores don't improve for 50 rounds
Early stopping, best iteration is:
[19]	valid_0's binary_logloss: 0.655607
Training until validation scores don't improve for 50 rounds
Early stopping, best iteration is:
[28]	valid_0's binary_logloss: 0.528385
Training until validation scores don't improve for 50 rounds
Did not meet early stopping. Best iteration is:
[72]	valid_0's binary_logloss: 0.57786
Training until validation scores don't improve for 50 rounds
[I 2025-09-17 13:16:52,259] Trial 16 finished with value: 0.5 and parameters: {'num_leaves': 246, 'learning_rate': 0.10336087152484259, 'feature_fraction': 0.6735306975375588, 'bagging_fraction': 0.8998272807259359, 'bagging_freq': 7, 'min_child_samples': 64}. Best is trial 14 with value: 0.7896825396825397.
[I 2025-09-17 13:16:52,298] Trial 17 finished with value: 0.75 and parameters: {'num_leaves': 230, 'learning_rate': 0.20885586901203737, 'feature_fraction': 0.5264022317018258, 'bagging_fraction': 0.9895697598920861, 'bagging_freq': 6, 'min_child_samples': 21}. Best is trial 14 with value: 0.7896825396825397.
[I 2025-09-17 13:16:52,316] Trial 18 finished with value: 0.5 and parameters: {'num_leaves': 259, 'learning_rate': 0.12896250428900655, 'feature_fraction': 0.7522825934029869, 'bagging_fraction': 0.7889880502943768, 'bagging_freq': 2, 'min_child_samples': 61}. Best is trial 14 with value: 0.7896825396825397.
[I 2025-09-17 13:16:52,348] Trial 19 finished with value: 0.7182539682539683 and parameters: {'num_leaves': 194, 'learning_rate': 0.2185624811224663, 'feature_fraction': 0.5055627723844229, 'bagging_fraction': 0.6052426549705461, 'bagging_freq': 5, 'min_child_samples': 27}. Best is trial 14 with value: 0.7896825396825397.
[I 2025-09-17 13:16:52,364] Trial 20 finished with value: 0.5634920634920635 and parameters: {'num_leaves': 269, 'learning_rate': 0.11626333685653983, 'feature_fraction': 0.6248381033735644, 'bagging_fraction': 0.9040503152259058, 'bagging_freq': 4, 'min_child_samples': 58}. Best is trial 14 with value: 0.7896825396825397.
[I 2025-09-17 13:16:52,481] Trial 21 finished with value: 0.7420634920634921 and parameters: {'num_leaves': 278, 'learning_rate': 0.16212380948428695, 'feature_fraction': 0.40965351545731354, 'bagging_fraction': 0.7560266047760911, 'bagging_freq': 5, 'min_child_samples': 5}. Best is trial 14 with value: 0.7896825396825397.
[I 2025-09-17 13:16:52,525] Trial 22 finished with value: 0.7936507936507936 and parameters: {'num_leaves': 217, 'learning_rate': 0.19362807982419478, 'feature_fraction': 0.48876710021625835, 'bagging_fraction': 0.6785794426653168, 'bagging_freq': 6, 'min_child_samples': 19}. Best is trial 22 with value: 0.7936507936507936.
[I 2025-09-17 13:16:52,570] Trial 23 finished with value: 0.7619047619047619 and parameters: {'num_leaves': 221, 'learning_rate': 0.19795286120961894, 'feature_fraction': 0.5025531273666561, 'bagging_fraction': 0.6753593859769604, 'bagging_freq': 6, 'min_child_samples': 18}. Best is trial 22 with value: 0.7936507936507936.
[I 2025-09-17 13:16:52,604] Trial 24 finished with value: 0.8134920634920635 and parameters: {'num_leaves': 203, 'learning_rate': 0.14222579216408354, 'feature_fraction': 0.598900418305822, 'bagging_fraction': 0.8388075126204648, 'bagging_freq': 7, 'min_child_samples': 27}. Best is trial 24 with value: 0.8134920634920635.
[I 2025-09-17 13:16:52,630] Trial 25 finished with value: 0.748015873015873 and parameters: {'num_leaves': 167, 'learning_rate': 0.1878450264970235, 'feature_fraction': 0.6205334612200024, 'bagging_fraction': 0.8192875090617993, 'bagging_freq': 7, 'min_child_samples': 24}. Best is trial 24 with value: 0.8134920634920635.
[I 2025-09-17 13:16:52,655] Trial 26 finished with value: 0.7936507936507937 and parameters: {'num_leaves': 199, 'learning_rate': 0.23274312324362617, 'feature_fraction': 0.7199180758673426, 'bagging_fraction': 0.5703408910935363, 'bagging_freq': 7, 'min_child_samples': 28}. Best is trial 24 with value: 0.8134920634920635.
[I 2025-09-17 13:16:52,680] Trial 27 finished with value: 0.7103174603174603 and parameters: {'num_leaves': 142, 'learning_rate': 0.23856001025368218, 'feature_fraction': 0.7331953781913415, 'bagging_fraction': 0.5872498524148722, 'bagging_freq': 7, 'min_child_samples': 29}. Best is trial 24 with value: 0.8134920634920635.
[I 2025-09-17 13:16:52,692] Trial 28 finished with value: 0.5 and parameters: {'num_leaves': 206, 'learning_rate': 0.22911605182263003, 'feature_fraction': 0.8166933923420888, 'bagging_fraction': 0.535251885594787, 'bagging_freq': 7, 'min_child_samples': 42}. Best is trial 24 with value: 0.8134920634920635.
[I 2025-09-17 13:16:52,704] Trial 29 finished with value: 0.5 and parameters: {'num_leaves': 161, 'learning_rate': 0.1455625125053355, 'feature_fraction': 0.6217449188432868, 'bagging_fraction': 0.5668770041528448, 'bagging_freq': 6, 'min_child_samples': 77}. Best is trial 24 with value: 0.8134920634920635.
[I 2025-09-17 13:16:52,731] Trial 30 finished with value: 0.628968253968254 and parameters: {'num_leaves': 211, 'learning_rate': 0.19211439870570599, 'feature_fraction': 0.6932182350437331, 'bagging_fraction': 0.49396779104654887, 'bagging_freq': 7, 'min_child_samples': 13}. Best is trial 24 with value: 0.8134920634920635.
[I 2025-09-17 13:16:52,770] Trial 31 finished with value: 0.7261904761904762 and parameters: {'num_leaves': 188, 'learning_rate': 0.12289000669547206, 'feature_fraction': 0.48730646257986343, 'bagging_fraction': 0.6612138954038439, 'bagging_freq': 6, 'min_child_samples': 19}. Best is trial 24 with value: 0.8134920634920635.
[I 2025-09-17 13:16:52,804] Trial 32 finished with value: 0.761904761904762 and parameters: {'num_leaves': 243, 'learning_rate': 0.09432891045679571, 'feature_fraction': 0.6073507159218012, 'bagging_fraction': 0.8681468643514374, 'bagging_freq': 6, 'min_child_samples': 28}. Best is trial 24 with value: 0.8134920634920635.
[I 2025-09-17 13:16:52,878] Trial 33 finished with value: 0.75 and parameters: {'num_leaves': 207, 'learning_rate': 0.21274583740629713, 'feature_fraction': 0.5280664084244898, 'bagging_fraction': 0.7709598368089604, 'bagging_freq': 7, 'min_child_samples': 12}. Best is trial 24 with value: 0.8134920634920635.
[I 2025-09-17 13:16:52,923] Trial 34 finished with value: 0.75 and parameters: {'num_leaves': 177, 'learning_rate': 0.1485778285782399, 'feature_fraction': 0.6480389661698147, 'bagging_fraction': 0.9402964831285778, 'bagging_freq': 6, 'min_child_samples': 17}. Best is trial 24 with value: 0.8134920634920635.
[I 2025-09-17 13:16:52,936] Trial 35 finished with value: 0.5 and parameters: {'num_leaves': 141, 'learning_rate': 0.24783721593879987, 'feature_fraction': 0.7136450462949324, 'bagging_fraction': 0.6837212981594561, 'bagging_freq': 5, 'min_child_samples': 54}. Best is trial 24 with value: 0.8134920634920635.
[I 2025-09-17 13:16:52,971] Trial 36 finished with value: 0.7261904761904762 and parameters: {'num_leaves': 258, 'learning_rate': 0.17828693222821457, 'feature_fraction': 0.5883482852832387, 'bagging_fraction': 0.6215035144862862, 'bagging_freq': 7, 'min_child_samples': 34}. Best is trial 24 with value: 0.8134920634920635.
[I 2025-09-17 13:16:52,989] Trial 37 finished with value: 0.5575396825396826 and parameters: {'num_leaves': 111, 'learning_rate': 0.07445430312326495, 'feature_fraction': 0.8012686725052334, 'bagging_fraction': 0.5590949626376428, 'bagging_freq': 6, 'min_child_samples': 38}. Best is trial 24 with value: 0.8134920634920635.
[I 2025-09-17 13:16:53,017] Trial 38 finished with value: 0.7936507936507936 and parameters: {'num_leaves': 226, 'learning_rate': 0.29616089991091, 'feature_fraction': 0.5369913230626121, 'bagging_fraction': 0.7023406368069712, 'bagging_freq': 7, 'min_child_samples': 23}. Best is trial 24 with value: 0.8134920634920635.
[I 2025-09-17 13:16:53,036] Trial 39 finished with value: 0.4920634920634921 and parameters: {'num_leaves': 196, 'learning_rate': 0.2678370882004941, 'feature_fraction': 0.47491986113754003, 'bagging_fraction': 0.4017215704861919, 'bagging_freq': 7, 'min_child_samples': 30}. Best is trial 24 with value: 0.8134920634920635.
[I 2025-09-17 13:16:53,051] Trial 40 finished with value: 0.6071428571428572 and parameters: {'num_leaves': 173, 'learning_rate': 0.29990426344588744, 'feature_fraction': 0.7576618629604894, 'bagging_fraction': 0.7027559400718566, 'bagging_freq': 7, 'min_child_samples': 41}. Best is trial 24 with value: 0.8134920634920635.
[I 2025-09-17 13:16:53,089] Trial 41 finished with value: 0.7738095238095237 and parameters: {'num_leaves': 233, 'learning_rate': 0.2859412549391189, 'feature_fraction': 0.5320884973166341, 'bagging_fraction': 0.8117535150809578, 'bagging_freq': 6, 'min_child_samples': 24}. Best is trial 24 with value: 0.8134920634920635.
[I 2025-09-17 13:16:53,137] Trial 42 finished with value: 0.7182539682539683 and parameters: {'num_leaves': 209, 'learning_rate': 0.2528674490169918, 'feature_fraction': 0.5430045273133018, 'bagging_fraction': 0.874492908187167, 'bagging_freq': 7, 'min_child_samples': 12}. Best is trial 24 with value: 0.8134920634920635.
[I 2025-09-17 13:16:53,172] Trial 43 finished with value: 0.7559523809523809 and parameters: {'num_leaves': 220, 'learning_rate': 0.22819016980761908, 'feature_fraction': 0.5903110830087028, 'bagging_fraction': 0.9425176005459518, 'bagging_freq': 6, 'min_child_samples': 21}. Best is trial 24 with value: 0.8134920634920635.
[I 2025-09-17 13:16:53,233] Trial 44 finished with value: 0.8015873015873016 and parameters: {'num_leaves': 258, 'learning_rate': 0.1329055602910141, 'feature_fraction': 0.5599797550026984, 'bagging_fraction': 0.725179548753871, 'bagging_freq': 5, 'min_child_samples': 9}. Best is trial 24 with value: 0.8134920634920635.
[I 2025-09-17 13:16:53,280] Trial 45 finished with value: 0.8095238095238095 and parameters: {'num_leaves': 270, 'learning_rate': 0.27482207522743624, 'feature_fraction': 0.6507121089797718, 'bagging_fraction': 0.7348510363749181, 'bagging_freq': 7, 'min_child_samples': 10}. Best is trial 24 with value: 0.8134920634920635.
[I 2025-09-17 13:16:53,327] Trial 46 finished with value: 0.8134920634920635 and parameters: {'num_leaves': 277, 'learning_rate': 0.2729370940240489, 'feature_fraction': 0.6637329474514049, 'bagging_fraction': 0.7265530471574834, 'bagging_freq': 5, 'min_child_samples': 10}. Best is trial 24 with value: 0.8134920634920635.
[I 2025-09-17 13:16:53,384] Trial 47 finished with value: 0.7757936507936508 and parameters: {'num_leaves': 300, 'learning_rate': 0.2565828227034681, 'feature_fraction': 0.654129568891625, 'bagging_fraction': 0.7225693882916903, 'bagging_freq': 4, 'min_child_samples': 9}. Best is trial 24 with value: 0.8134920634920635.
[I 2025-09-17 13:16:53,452] Trial 48 finished with value: 0.8373015873015873 and parameters: {'num_leaves': 272, 'learning_rate': 0.27110425235236996, 'feature_fraction': 0.8483830463780744, 'bagging_fraction': 0.7435362063793035, 'bagging_freq': 5, 'min_child_samples': 6}. Best is trial 48 with value: 0.8373015873015873.
[I 2025-09-17 13:16:53,503] Trial 49 finished with value: 0.7281746031746031 and parameters: {'num_leaves': 282, 'learning_rate': 0.27370021501457154, 'feature_fraction': 0.8543757444793089, 'bagging_fraction': 0.7456715509928429, 'bagging_freq': 3, 'min_child_samples': 9}. Best is trial 48 with value: 0.8373015873015873.
[I 2025-09-17 13:16:53,748] A new study created in memory with name: no-name-3da30630-7d22-4fea-bba6-a86e128d37ac
[I 2025-09-17 13:16:53,800] Trial 0 finished with value: 0.6746031746031745 and parameters: {'num_leaves': 186, 'learning_rate': 0.10393823507520936, 'feature_fraction': 0.9195901323897073, 'bagging_fraction': 0.9020080554633567, 'bagging_freq': 7, 'min_child_samples': 13}. Best is trial 0 with value: 0.6746031746031745.
[I 2025-09-17 13:16:53,886] Trial 1 finished with value: 0.7182539682539683 and parameters: {'num_leaves': 228, 'learning_rate': 0.2712189517968156, 'feature_fraction': 0.8532176305801132, 'bagging_fraction': 0.8159896597559888, 'bagging_freq': 3, 'min_child_samples': 5}. Best is trial 1 with value: 0.7182539682539683.
[I 2025-09-17 13:16:53,896] Trial 2 finished with value: 0.5 and parameters: {'num_leaves': 288, 'learning_rate': 0.02940979878959559, 'feature_fraction': 0.9187912665673431, 'bagging_fraction': 0.5246840889602264, 'bagging_freq': 6, 'min_child_samples': 83}. Best is trial 1 with value: 0.7182539682539683.
[I 2025-09-17 13:16:53,904] Trial 3 finished with value: 0.5 and parameters: {'num_leaves': 194, 'learning_rate': 0.029392450262699273, 'feature_fraction': 0.8392501569970098, 'bagging_fraction': 0.840532233063134, 'bagging_freq': 6, 'min_child_samples': 68}. Best is trial 1 with value: 0.7182539682539683.
[I 2025-09-17 13:16:53,911] Trial 4 finished with value: 0.5 and parameters: {'num_leaves': 19, 'learning_rate': 0.10600930491677514, 'feature_fraction': 0.7851687524469988, 'bagging_fraction': 0.8121621029332304, 'bagging_freq': 7, 'min_child_samples': 100}. Best is trial 1 with value: 0.7182539682539683.
[I 2025-09-17 13:16:53,944] Trial 5 finished with value: 0.7420634920634921 and parameters: {'num_leaves': 17, 'learning_rate': 0.09417099657755992, 'feature_fraction': 0.6181522597081754, 'bagging_fraction': 0.8980978895845311, 'bagging_freq': 5, 'min_child_samples': 31}. Best is trial 5 with value: 0.7420634920634921.
[I 2025-09-17 13:16:53,952] Trial 6 finished with value: 0.5 and parameters: {'num_leaves': 279, 'learning_rate': 0.040598463880981275, 'feature_fraction': 0.8783317075902028, 'bagging_fraction': 0.5526484785641008, 'bagging_freq': 5, 'min_child_samples': 64}. Best is trial 5 with value: 0.7420634920634921.
