[I 2025-09-17 13:15:11,672] Trial 34 finished with value: 0.873015873015873 and parameters: {'num_leaves': 164, 'learning_rate': 0.1713293139476127, 'feature_fraction': 0.781105744475201, 'bagging_fraction': 0.968455473253082, 'bagging_freq': 2, 'min_child_samples': 16}. Best is trial 15 with value: 0.9285714285714286.
[I 2025-09-17 13:15:11,699] Trial 35 finished with value: 0.8571428571428572 and parameters: {'num_leaves': 163, 'learning_rate': 0.1265238966296447, 'feature_fraction': 0.7814307313950458, 'bagging_fraction': 0.8220594329104827, 'bagging_freq': 2, 'min_child_samples': 38}. Best is trial 15 with value: 0.9285714285714286.
[I 2025-09-17 13:15:11,757] Trial 36 finished with value: 0.8492063492063493 and parameters: {'num_leaves': 142, 'learning_rate': 0.16552631629471676, 'feature_fraction': 0.8544003006934004, 'bagging_fraction': 0.9014974097211101, 'bagging_freq': 1, 'min_child_samples': 18}. Best is trial 15 with value: 0.9285714285714286.
[I 2025-09-17 13:15:11,784] Trial 37 finished with value: 0.876984126984127 and parameters: {'num_leaves': 156, 'learning_rate': 0.18039883030735832, 'feature_fraction': 0.7147364908657796, 'bagging_fraction': 0.97422516316849, 'bagging_freq': 3, 'min_child_samples': 41}. Best is trial 15 with value: 0.9285714285714286.
[I 2025-09-17 13:15:11,808] Trial 38 finished with value: 0.9087301587301587 and parameters: {'num_leaves': 221, 'learning_rate': 0.19145388819904471, 'feature_fraction': 0.7060763913437819, 'bagging_fraction': 0.9086826533296165, 'bagging_freq': 3, 'min_child_samples': 47}. Best is trial 15 with value: 0.9285714285714286.
[I 2025-09-17 13:15:11,832] Trial 39 finished with value: 0.8611111111111112 and parameters: {'num_leaves': 228, 'learning_rate': 0.1311639560076995, 'feature_fraction': 0.6797778999713627, 'bagging_fraction': 0.9189599726828156, 'bagging_freq': 4, 'min_child_samples': 49}. Best is trial 15 with value: 0.9285714285714286.
[I 2025-09-17 13:15:11,847] Trial 40 finished with value: 0.5 and parameters: {'num_leaves': 282, 'learning_rate': 0.11049408403508568, 'feature_fraction': 0.6623331779788771, 'bagging_fraction': 0.5754525485632422, 'bagging_freq': 3, 'min_child_samples': 57}. Best is trial 15 with value: 0.9285714285714286.
[I 2025-09-17 13:15:11,870] Trial 41 finished with value: 0.8571428571428572 and parameters: {'num_leaves': 207, 'learning_rate': 0.19094044855361691, 'feature_fraction': 0.7059243251893186, 'bagging_fraction': 0.9833641436961795, 'bagging_freq': 3, 'min_child_samples': 42}. Best is trial 15 with value: 0.9285714285714286.
[I 2025-09-17 13:15:11,880] Trial 42 finished with value: 0.5 and parameters: {'num_leaves': 267, 'learning_rate': 0.199227173589394, 'feature_fraction': 0.7281624115905255, 'bagging_fraction': 0.9721165505510403, 'bagging_freq': 4, 'min_child_samples': 63}. Best is trial 15 with value: 0.9285714285714286.
[I 2025-09-17 13:15:11,906] Trial 43 finished with value: 0.8690476190476191 and parameters: {'num_leaves': 237, 'learning_rate': 0.17574382328186167, 'feature_fraction': 0.7595996605118818, 'bagging_fraction': 0.8872987739681022, 'bagging_freq': 3, 'min_child_samples': 47}. Best is trial 15 with value: 0.9285714285714286.
[I 2025-09-17 13:15:11,935] Trial 44 finished with value: 0.8531746031746033 and parameters: {'num_leaves': 115, 'learning_rate': 0.1409475896611382, 'feature_fraction': 0.6920914603817996, 'bagging_fraction': 0.9257310692255774, 'bagging_freq': 2, 'min_child_samples': 40}. Best is trial 15 with value: 0.9285714285714286.
[I 2025-09-17 13:15:11,982] Trial 45 finished with value: 0.8412698412698414 and parameters: {'num_leaves': 197, 'learning_rate': 0.2559230914076962, 'feature_fraction': 0.5822595912065569, 'bagging_fraction': 0.9697360895425522, 'bagging_freq': 4, 'min_child_samples': 28}. Best is trial 15 with value: 0.9285714285714286.
[I 2025-09-17 13:15:12,016] Trial 46 finished with value: 0.8174603174603174 and parameters: {'num_leaves': 140, 'learning_rate': 0.1845194530818148, 'feature_fraction': 0.9267258695678932, 'bagging_fraction': 0.8321789288101615, 'bagging_freq': 3, 'min_child_samples': 33}. Best is trial 15 with value: 0.9285714285714286.
[I 2025-09-17 13:15:12,068] Trial 47 finished with value: 0.8293650793650794 and parameters: {'num_leaves': 299, 'learning_rate': 0.2128923586798072, 'feature_fraction': 0.6149082622763193, 'bagging_fraction': 0.9235752388071852, 'bagging_freq': 2, 'min_child_samples': 23}. Best is trial 15 with value: 0.9285714285714286.
[I 2025-09-17 13:15:12,082] Trial 48 finished with value: 0.5 and parameters: {'num_leaves': 153, 'learning_rate': 0.1496128467906364, 'feature_fraction': 0.7124620669611008, 'bagging_fraction': 0.6738607990249588, 'bagging_freq': 3, 'min_child_samples': 61}. Best is trial 15 with value: 0.9285714285714286.
[I 2025-09-17 13:15:12,096] Trial 49 finished with value: 0.5 and parameters: {'num_leaves': 121, 'learning_rate': 0.09613174285282644, 'feature_fraction': 0.5704287126174121, 'bagging_fraction': 0.41539488081239817, 'bagging_freq': 4, 'min_child_samples': 73}. Best is trial 15 with value: 0.9285714285714286.
[I 2025-09-17 13:15:12,440] A new study created in memory with name: no-name-e7418e5e-03d0-4a3c-a1e5-3e941baaa92f
[I 2025-09-17 13:15:12,469] Trial 0 finished with value: 0.7222222222222223 and parameters: {'num_leaves': 191, 'learning_rate': 0.12574402161619763, 'feature_fraction': 0.9355706606887321, 'bagging_fraction': 0.8172094973434256, 'bagging_freq': 7, 'min_child_samples': 26}. Best is trial 0 with value: 0.7222222222222223.
[I 2025-09-17 13:15:12,479] Trial 1 finished with value: 0.5 and parameters: {'num_leaves': 37, 'learning_rate': 0.2912233727056535, 'feature_fraction': 0.6827627120092858, 'bagging_fraction': 0.9377265807010835, 'bagging_freq': 4, 'min_child_samples': 94}. Best is trial 0 with value: 0.7222222222222223.
[I 2025-09-17 13:15:12,491] Trial 2 finished with value: 0.5 and parameters: {'num_leaves': 65, 'learning_rate': 0.21837547612887032, 'feature_fraction': 0.6238193124338771, 'bagging_fraction': 0.5879543496197406, 'bagging_freq': 1, 'min_child_samples': 61}. Best is trial 0 with value: 0.7222222222222223.
[I 2025-09-17 13:15:12,515] Trial 3 finished with value: 0.6309523809523809 and parameters: {'num_leaves': 218, 'learning_rate': 0.2786788186578269, 'feature_fraction': 0.8928385389901579, 'bagging_fraction': 0.6082042718236202, 'bagging_freq': 7, 'min_child_samples': 15}. Best is trial 0 with value: 0.7222222222222223.
[I 2025-09-17 13:15:12,524] Trial 4 finished with value: 0.5 and parameters: {'num_leaves': 293, 'learning_rate': 0.1809192716086348, 'feature_fraction': 0.9624421898808406, 'bagging_fraction': 0.5654484954841387, 'bagging_freq': 5, 'min_child_samples': 100}. Best is trial 0 with value: 0.7222222222222223.
[I 2025-09-17 13:15:12,565] Trial 5 finished with value: 0.6746031746031746 and parameters: {'num_leaves': 247, 'learning_rate': 0.19035104071194586, 'feature_fraction': 0.44023604175425624, 'bagging_fraction': 0.9344908523804002, 'bagging_freq': 5, 'min_child_samples': 16}. Best is trial 0 with value: 0.7222222222222223.
[I 2025-09-17 13:15:12,581] Trial 6 finished with value: 0.623015873015873 and parameters: {'num_leaves': 259, 'learning_rate': 0.25712147362281756, 'feature_fraction': 0.9335375037627255, 'bagging_fraction': 0.6779235822647751, 'bagging_freq': 5, 'min_child_samples': 48}. Best is trial 0 with value: 0.7222222222222223.
[I 2025-09-17 13:15:12,600] Trial 7 finished with value: 0.7003968253968254 and parameters: {'num_leaves': 200, 'learning_rate': 0.18228113656314907, 'feature_fraction': 0.5520092197321459, 'bagging_fraction': 0.6803712177769015, 'bagging_freq': 5, 'min_child_samples': 27}. Best is trial 0 with value: 0.7222222222222223.
[I 2025-09-17 13:15:12,610] Trial 8 finished with value: 0.5 and parameters: {'num_leaves': 151, 'learning_rate': 0.2684993711024746, 'feature_fraction': 0.42975998309583147, 'bagging_fraction': 0.7458459123301264, 'bagging_freq': 7, 'min_child_samples': 63}. Best is trial 0 with value: 0.7222222222222223.
[I 2025-09-17 13:15:12,620] Trial 9 finished with value: 0.5 and parameters: {'num_leaves': 248, 'learning_rate': 0.09329776946011904, 'feature_fraction': 0.4294146177313908, 'bagging_fraction': 0.8935905488226497, 'bagging_freq': 3, 'min_child_samples': 83}. Best is trial 0 with value: 0.7222222222222223.
[I 2025-09-17 13:15:12,634] Trial 10 finished with value: 0.5 and parameters: {'num_leaves': 119, 'learning_rate': 0.023220999446000798, 'feature_fraction': 0.777510995097098, 'bagging_fraction': 0.40386450231877014, 'bagging_freq': 1, 'min_child_samples': 41}. Best is trial 0 with value: 0.7222222222222223.
[I 2025-09-17 13:15:12,661] Trial 11 finished with value: 0.6626984126984128 and parameters: {'num_leaves': 189, 'learning_rate': 0.11685605368703202, 'feature_fraction': 0.570437266931344, 'bagging_fraction': 0.794586444793467, 'bagging_freq': 6, 'min_child_samples': 32}. Best is trial 0 with value: 0.7222222222222223.
[I 2025-09-17 13:15:12,683] Trial 12 finished with value: 0.6706349206349207 and parameters: {'num_leaves': 171, 'learning_rate': 0.13873915576767756, 'feature_fraction': 0.8351808129039511, 'bagging_fraction': 0.8015110550925877, 'bagging_freq': 3, 'min_child_samples': 29}. Best is trial 0 with value: 0.7222222222222223.
[I 2025-09-17 13:15:12,748] Trial 13 finished with value: 0.6626984126984128 and parameters: {'num_leaves': 107, 'learning_rate': 0.06550597319115178, 'feature_fraction': 0.5444108629054634, 'bagging_fraction': 0.6754934508892193, 'bagging_freq': 6, 'min_child_samples': 10}. Best is trial 0 with value: 0.7222222222222223.
[I 2025-09-17 13:15:12,771] Trial 14 finished with value: 0.6904761904761905 and parameters: {'num_leaves': 200, 'learning_rate': 0.15459921712223854, 'feature_fraction': 0.7488114448210562, 'bagging_fraction': 0.8410712404392535, 'bagging_freq': 7, 'min_child_samples': 28}. Best is trial 0 with value: 0.7222222222222223.
[I 2025-09-17 13:15:12,827] Trial 15 finished with value: 0.376984126984127 and parameters: {'num_leaves': 137, 'learning_rate': 0.2166587114888923, 'feature_fraction': 0.997170655710699, 'bagging_fraction': 0.4908018462294602, 'bagging_freq': 6, 'min_child_samples': 5}. Best is trial 0 with value: 0.7222222222222223.
[I 2025-09-17 13:15:12,846] Trial 16 finished with value: 0.7242063492063493 and parameters: {'num_leaves': 79, 'learning_rate': 0.07716497578153081, 'feature_fraction': 0.5291675995775126, 'bagging_fraction': 0.7335523770211007, 'bagging_freq': 4, 'min_child_samples': 41}. Best is trial 16 with value: 0.7242063492063493.
[I 2025-09-17 13:15:12,860] Trial 17 finished with value: 0.5 and parameters: {'num_leaves': 91, 'learning_rate': 0.05265799213942793, 'feature_fraction': 0.6729082843163553, 'bagging_fraction': 0.8556362437614495, 'bagging_freq': 3, 'min_child_samples': 60}. Best is trial 16 with value: 0.7242063492063493.
[I 2025-09-17 13:15:12,878] Trial 18 finished with value: 0.7123015873015874 and parameters: {'num_leaves': 26, 'learning_rate': 0.10015882634397713, 'feature_fraction': 0.8515986295146424, 'bagging_fraction': 0.7456453291769362, 'bagging_freq': 2, 'min_child_samples': 42}. Best is trial 16 with value: 0.7242063492063493.
[I 2025-09-17 13:15:12,889] Trial 19 finished with value: 0.5 and parameters: {'num_leaves': 75, 'learning_rate': 0.06959155622345248, 'feature_fraction': 0.48767528737789323, 'bagging_fraction': 0.9921150492473454, 'bagging_freq': 4, 'min_child_samples': 81}. Best is trial 16 with value: 0.7242063492063493.
[I 2025-09-17 13:15:12,910] Trial 20 finished with value: 0.5 and parameters: {'num_leaves': 57, 'learning_rate': 0.018789372490606276, 'feature_fraction': 0.7650739134320892, 'bagging_fraction': 0.7443227203594324, 'bagging_freq': 2, 'min_child_samples': 53}. Best is trial 16 with value: 0.7242063492063493.
[I 2025-09-17 13:15:12,944] Trial 21 finished with value: 0.6825396825396827 and parameters: {'num_leaves': 20, 'learning_rate': 0.10103914859704288, 'feature_fraction': 0.8589684299543374, 'bagging_fraction': 0.7509796218360426, 'bagging_freq': 2, 'min_child_samples': 39}. Best is trial 16 with value: 0.7242063492063493.
[I 2025-09-17 13:15:12,964] Trial 22 finished with value: 0.7182539682539683 and parameters: {'num_leaves': 36, 'learning_rate': 0.11888030865021483, 'feature_fraction': 0.8417596968236807, 'bagging_fraction': 0.7955949818683176, 'bagging_freq': 2, 'min_child_samples': 46}. Best is trial 16 with value: 0.7242063492063493.
[I 2025-09-17 13:15:12,998] Trial 23 finished with value: 0.6984126984126985 and parameters: {'num_leaves': 57, 'learning_rate': 0.1337169844559624, 'feature_fraction': 0.9299696552416541, 'bagging_fraction': 0.8219350958024343, 'bagging_freq': 4, 'min_child_samples': 21}. Best is trial 16 with value: 0.7242063492063493.
[I 2025-09-17 13:15:13,021] Trial 24 finished with value: 0.7003968253968254 and parameters: {'num_leaves': 123, 'learning_rate': 0.04580452885805705, 'feature_fraction': 0.8074956131516836, 'bagging_fraction': 0.8829186397982476, 'bagging_freq': 3, 'min_child_samples': 50}. Best is trial 16 with value: 0.7242063492063493.
[I 2025-09-17 13:15:13,038] Trial 25 finished with value: 0.5 and parameters: {'num_leaves': 98, 'learning_rate': 0.08306183232450695, 'feature_fraction': 0.6231390827879437, 'bagging_fraction': 0.7880845208200496, 'bagging_freq': 2, 'min_child_samples': 68}. Best is trial 16 with value: 0.7242063492063493.
[I 2025-09-17 13:15:13,054] Trial 26 finished with value: 0.7023809523809523 and parameters: {'num_leaves': 43, 'learning_rate': 0.12311360777016467, 'feature_fraction': 0.7267347465195751, 'bagging_fraction': 0.6355272096922713, 'bagging_freq': 1, 'min_child_samples': 37}. Best is trial 16 with value: 0.7242063492063493.
[I 2025-09-17 13:15:13,078] Trial 27 finished with value: 0.6607142857142857 and parameters: {'num_leaves': 158, 'learning_rate': 0.15330634301128548, 'feature_fraction': 0.9270140611978148, 'bagging_fraction': 0.7122826065143625, 'bagging_freq': 6, 'min_child_samples': 22}. Best is trial 16 with value: 0.7242063492063493.
[I 2025-09-17 13:15:13,095] Trial 28 finished with value: 0.6865079365079365 and parameters: {'num_leaves': 12, 'learning_rate': 0.11398723923188162, 'feature_fraction': 0.8794069745458526, 'bagging_fraction': 0.9290107852242715, 'bagging_freq': 4, 'min_child_samples': 55}. Best is trial 16 with value: 0.7242063492063493.
[I 2025-09-17 13:15:13,114] Trial 29 finished with value: 0.6884920634920635 and parameters: {'num_leaves': 38, 'learning_rate': 0.08211315630139612, 'feature_fraction': 0.6843743134664138, 'bagging_fraction': 0.8783505495296691, 'bagging_freq': 4, 'min_child_samples': 45}. Best is trial 16 with value: 0.7242063492063493.
[I 2025-09-17 13:15:13,125] Trial 30 finished with value: 0.5 and parameters: {'num_leaves': 88, 'learning_rate': 0.048056154288160194, 'feature_fraction': 0.9942000898590014, 'bagging_fraction': 0.9735972625259732, 'bagging_freq': 3, 'min_child_samples': 72}. Best is trial 16 with value: 0.7242063492063493.
[I 2025-09-17 13:15:13,151] Trial 31 finished with value: 0.6547619047619048 and parameters: {'num_leaves': 27, 'learning_rate': 0.10351563602044128, 'feature_fraction': 0.8136672677565808, 'bagging_fraction': 0.7227871228846309, 'bagging_freq': 2, 'min_child_samples': 36}. Best is trial 16 with value: 0.7242063492063493.
[I 2025-09-17 13:15:13,180] Trial 32 finished with value: 0.6984126984126984 and parameters: {'num_leaves': 45, 'learning_rate': 0.14223019163864736, 'feature_fraction': 0.8951377351679362, 'bagging_fraction': 0.7906229055399394, 'bagging_freq': 1, 'min_child_samples': 42}. Best is trial 16 with value: 0.7242063492063493.
