[I 2025-09-17 13:15:44,119] Trial 41 finished with value: 0.9196428571428571 and parameters: {'num_leaves': 23, 'learning_rate': 0.10804872882577099, 'feature_fraction': 0.8096224284293205, 'bagging_fraction': 0.6630448943016288, 'bagging_freq': 6, 'min_child_samples': 15}. Best is trial 1 with value: 0.9375.
[I 2025-09-17 13:15:44,158] Trial 42 finished with value: 0.8928571428571428 and parameters: {'num_leaves': 14, 'learning_rate': 0.07270058334460688, 'feature_fraction': 0.87541410256638, 'bagging_fraction': 0.5922420037363416, 'bagging_freq': 6, 'min_child_samples': 15}. Best is trial 1 with value: 0.9375.
[I 2025-09-17 13:15:44,231] Trial 43 finished with value: 0.9419642857142857 and parameters: {'num_leaves': 48, 'learning_rate': 0.14350512315164027, 'feature_fraction': 0.7882150414112516, 'bagging_fraction': 0.6298587685626517, 'bagging_freq': 7, 'min_child_samples': 8}. Best is trial 43 with value: 0.9419642857142857.
[I 2025-09-17 13:15:44,325] Trial 44 finished with value: 0.9285714285714286 and parameters: {'num_leaves': 48, 'learning_rate': 0.139180560545984, 'feature_fraction': 0.722872217426818, 'bagging_fraction': 0.721016966959584, 'bagging_freq': 7, 'min_child_samples': 7}. Best is trial 43 with value: 0.9419642857142857.
[I 2025-09-17 13:15:44,383] Trial 45 finished with value: 0.9821428571428571 and parameters: {'num_leaves': 78, 'learning_rate': 0.2018636241499045, 'feature_fraction': 0.6682885320702981, 'bagging_fraction': 0.5194939691210669, 'bagging_freq': 7, 'min_child_samples': 9}. Best is trial 45 with value: 0.9821428571428571.
[I 2025-09-17 13:15:44,408] Trial 46 finished with value: 0.8169642857142857 and parameters: {'num_leaves': 79, 'learning_rate': 0.22695499847516531, 'feature_fraction': 0.676107369973109, 'bagging_fraction': 0.5256881301145421, 'bagging_freq': 7, 'min_child_samples': 29}. Best is trial 45 with value: 0.9821428571428571.
[I 2025-09-17 13:15:44,462] Trial 47 finished with value: 0.9241071428571428 and parameters: {'num_leaves': 267, 'learning_rate': 0.19114428946403153, 'feature_fraction': 0.8508203937511625, 'bagging_fraction': 0.45227441000273044, 'bagging_freq': 3, 'min_child_samples': 9}. Best is trial 45 with value: 0.9821428571428571.
[I 2025-09-17 13:15:44,478] Trial 48 finished with value: 0.5 and parameters: {'num_leaves': 97, 'learning_rate': 0.2538645554750632, 'feature_fraction': 0.7767092310930891, 'bagging_fraction': 0.5707072342696926, 'bagging_freq': 4, 'min_child_samples': 70}. Best is trial 45 with value: 0.9821428571428571.
[I 2025-09-17 13:15:44,504] Trial 49 finished with value: 0.8794642857142857 and parameters: {'num_leaves': 44, 'learning_rate': 0.18074446213011003, 'feature_fraction': 0.9455658356532356, 'bagging_fraction': 0.4740158497647186, 'bagging_freq': 7, 'min_child_samples': 22}. Best is trial 45 with value: 0.9821428571428571.
[I 2025-09-17 13:15:44,729] A new study created in memory with name: no-name-98f69476-137e-41f2-a7c0-780c18a9d117
[I 2025-09-17 13:15:44,737] Trial 0 finished with value: 0.5 and parameters: {'num_leaves': 118, 'learning_rate': 0.013642835574169301, 'feature_fraction': 0.6692815150098586, 'bagging_fraction': 0.45061003754534734, 'bagging_freq': 6, 'min_child_samples': 96}. Best is trial 0 with value: 0.5.
[I 2025-09-17 13:15:44,746] Trial 1 finished with value: 0.5 and parameters: {'num_leaves': 160, 'learning_rate': 0.06245081512827403, 'feature_fraction': 0.6642496246504703, 'bagging_fraction': 0.5669210445546184, 'bagging_freq': 1, 'min_child_samples': 72}. Best is trial 0 with value: 0.5.
[I 2025-09-17 13:15:44,777] Trial 2 finished with value: 0.9196428571428571 and parameters: {'num_leaves': 16, 'learning_rate': 0.19443736885639457, 'feature_fraction': 0.9147118322341959, 'bagging_fraction': 0.8709840470519117, 'bagging_freq': 2, 'min_child_samples': 18}. Best is trial 2 with value: 0.9196428571428571.
[I 2025-09-17 13:15:44,785] Trial 3 finished with value: 0.5 and parameters: {'num_leaves': 132, 'learning_rate': 0.23864783922693705, 'feature_fraction': 0.9579835751255347, 'bagging_fraction': 0.5073837047581322, 'bagging_freq': 1, 'min_child_samples': 85}. Best is trial 2 with value: 0.9196428571428571.
[I 2025-09-17 13:15:44,793] Trial 4 finished with value: 0.5 and parameters: {'num_leaves': 227, 'learning_rate': 0.1913802836151363, 'feature_fraction': 0.6597073680072868, 'bagging_fraction': 0.640414414972676, 'bagging_freq': 5, 'min_child_samples': 59}. Best is trial 2 with value: 0.9196428571428571.
[I 2025-09-17 13:15:44,837] Trial 5 finished with value: 0.9107142857142857 and parameters: {'num_leaves': 233, 'learning_rate': 0.09959566166994424, 'feature_fraction': 0.7802155516148247, 'bagging_fraction': 0.9633345164666735, 'bagging_freq': 6, 'min_child_samples': 14}. Best is trial 2 with value: 0.9196428571428571.
[I 2025-09-17 13:15:44,845] Trial 6 finished with value: 0.5 and parameters: {'num_leaves': 274, 'learning_rate': 0.1439498760136141, 'feature_fraction': 0.6587228554597864, 'bagging_fraction': 0.5949489252213714, 'bagging_freq': 2, 'min_child_samples': 45}. Best is trial 2 with value: 0.9196428571428571.
[I 2025-09-17 13:15:44,852] Trial 7 finished with value: 0.5 and parameters: {'num_leaves': 185, 'learning_rate': 0.2563818466339297, 'feature_fraction': 0.8771939222196038, 'bagging_fraction': 0.7962101062923905, 'bagging_freq': 4, 'min_child_samples': 66}. Best is trial 2 with value: 0.9196428571428571.
[I 2025-09-17 13:15:44,885] Trial 8 finished with value: 0.8839285714285713 and parameters: {'num_leaves': 48, 'learning_rate': 0.16858040788296944, 'feature_fraction': 0.9724520753380137, 'bagging_fraction': 0.4401222197516226, 'bagging_freq': 6, 'min_child_samples': 9}. Best is trial 2 with value: 0.9196428571428571.
[I 2025-09-17 13:15:44,896] Trial 9 finished with value: 0.5 and parameters: {'num_leaves': 160, 'learning_rate': 0.12730586467713406, 'feature_fraction': 0.7717137327364318, 'bagging_fraction': 0.545424479729524, 'bagging_freq': 2, 'min_child_samples': 62}. Best is trial 2 with value: 0.9196428571428571.
[I 2025-09-17 13:15:44,920] Trial 10 finished with value: 0.8705357142857143 and parameters: {'num_leaves': 20, 'learning_rate': 0.2889092760764972, 'feature_fraction': 0.456358918745441, 'bagging_fraction': 0.8115850151902115, 'bagging_freq': 3, 'min_child_samples': 34}. Best is trial 2 with value: 0.9196428571428571.
[I 2025-09-17 13:15:45,030] Trial 11 finished with value: 0.9285714285714286 and parameters: {'num_leaves': 287, 'learning_rate': 0.0896710774283719, 'feature_fraction': 0.8177940692553032, 'bagging_fraction': 0.9793469225256949, 'bagging_freq': 7, 'min_child_samples': 6}. Best is trial 11 with value: 0.9285714285714286.
[I 2025-09-17 13:15:45,065] Trial 12 finished with value: 0.8571428571428572 and parameters: {'num_leaves': 78, 'learning_rate': 0.20037233413977001, 'feature_fraction': 0.8591928923361873, 'bagging_fraction': 0.9655119958803912, 'bagging_freq': 7, 'min_child_samples': 23}. Best is trial 11 with value: 0.9285714285714286.
[I 2025-09-17 13:15:45,188] Trial 13 finished with value: 0.9196428571428572 and parameters: {'num_leaves': 284, 'learning_rate': 0.07060544617612786, 'feature_fraction': 0.8665294704624338, 'bagging_fraction': 0.859930602961225, 'bagging_freq': 4, 'min_child_samples': 6}. Best is trial 11 with value: 0.9285714285714286.
[I 2025-09-17 13:15:45,314] Trial 14 finished with value: 0.9196428571428571 and parameters: {'num_leaves': 300, 'learning_rate': 0.06776858859069233, 'feature_fraction': 0.7942400404353576, 'bagging_fraction': 0.869871994235817, 'bagging_freq': 4, 'min_child_samples': 5}. Best is trial 11 with value: 0.9285714285714286.
[I 2025-09-17 13:15:45,342] Trial 15 finished with value: 0.7276785714285714 and parameters: {'num_leaves': 245, 'learning_rate': 0.011999957729414784, 'feature_fraction': 0.5769303829379521, 'bagging_fraction': 0.7325129132000427, 'bagging_freq': 5, 'min_child_samples': 31}. Best is trial 11 with value: 0.9285714285714286.
[I 2025-09-17 13:15:45,364] Trial 16 finished with value: 0.7589285714285714 and parameters: {'num_leaves': 201, 'learning_rate': 0.06799929382411293, 'feature_fraction': 0.8344822300879802, 'bagging_fraction': 0.9905906232824968, 'bagging_freq': 7, 'min_child_samples': 43}. Best is trial 11 with value: 0.9285714285714286.
[I 2025-09-17 13:15:45,406] Trial 17 finished with value: 0.8883928571428572 and parameters: {'num_leaves': 299, 'learning_rate': 0.09977788191948446, 'feature_fraction': 0.7460431730265908, 'bagging_fraction': 0.8912285378239265, 'bagging_freq': 5, 'min_child_samples': 21}. Best is trial 11 with value: 0.9285714285714286.
[I 2025-09-17 13:15:45,430] Trial 18 finished with value: 0.7767857142857143 and parameters: {'num_leaves': 262, 'learning_rate': 0.0367513450737365, 'feature_fraction': 0.5554152400214796, 'bagging_fraction': 0.7172178524554135, 'bagging_freq': 3, 'min_child_samples': 31}. Best is trial 11 with value: 0.9285714285714286.
[I 2025-09-17 13:15:45,543] Trial 19 finished with value: 0.9285714285714285 and parameters: {'num_leaves': 200, 'learning_rate': 0.10761060217499938, 'feature_fraction': 0.9098101176377427, 'bagging_fraction': 0.9188722500415875, 'bagging_freq': 3, 'min_child_samples': 5}. Best is trial 11 with value: 0.9285714285714286.
[I 2025-09-17 13:15:45,567] Trial 20 finished with value: 0.75 and parameters: {'num_leaves': 203, 'learning_rate': 0.11350914279300886, 'feature_fraction': 0.9951050496361226, 'bagging_fraction': 0.9355048517850367, 'bagging_freq': 3, 'min_child_samples': 47}. Best is trial 11 with value: 0.9285714285714286.
[I 2025-09-17 13:15:45,677] Trial 21 finished with value: 0.9151785714285714 and parameters: {'num_leaves': 272, 'learning_rate': 0.08558783322063035, 'feature_fraction': 0.928943900772141, 'bagging_fraction': 0.8055845981517641, 'bagging_freq': 4, 'min_child_samples': 5}. Best is trial 11 with value: 0.9285714285714286.
[I 2025-09-17 13:15:45,716] Trial 22 finished with value: 0.9151785714285714 and parameters: {'num_leaves': 254, 'learning_rate': 0.13273682662490194, 'feature_fraction': 0.8951335801148131, 'bagging_fraction': 0.9223594315412987, 'bagging_freq': 4, 'min_child_samples': 14}. Best is trial 11 with value: 0.9285714285714286.
[I 2025-09-17 13:15:45,748] Trial 23 finished with value: 0.8616071428571429 and parameters: {'num_leaves': 214, 'learning_rate': 0.041997873914809136, 'feature_fraction': 0.8111812261224064, 'bagging_fraction': 0.8474366589025706, 'bagging_freq': 3, 'min_child_samples': 24}. Best is trial 11 with value: 0.9285714285714286.
[I 2025-09-17 13:15:45,793] Trial 24 finished with value: 0.9241071428571428 and parameters: {'num_leaves': 282, 'learning_rate': 0.1605731307475019, 'feature_fraction': 0.7114585947032909, 'bagging_fraction': 0.9191008325929064, 'bagging_freq': 5, 'min_child_samples': 12}. Best is trial 11 with value: 0.9285714285714286.
[I 2025-09-17 13:15:45,835] Trial 25 finished with value: 0.8973214285714286 and parameters: {'num_leaves': 176, 'learning_rate': 0.1631672583184562, 'feature_fraction': 0.7148576198833826, 'bagging_fraction': 0.9909574370224132, 'bagging_freq': 7, 'min_child_samples': 14}. Best is trial 11 with value: 0.9285714285714286.
[I 2025-09-17 13:15:45,854] Trial 26 finished with value: 0.8080357142857143 and parameters: {'num_leaves': 132, 'learning_rate': 0.17334996436831493, 'feature_fraction': 0.5990872639331382, 'bagging_fraction': 0.7603293855033939, 'bagging_freq': 6, 'min_child_samples': 29}. Best is trial 11 with value: 0.9285714285714286.
[I 2025-09-17 13:15:45,898] Trial 27 finished with value: 0.9107142857142857 and parameters: {'num_leaves': 239, 'learning_rate': 0.12015103123923959, 'feature_fraction': 0.7318537368186416, 'bagging_fraction': 0.9142938280125124, 'bagging_freq': 5, 'min_child_samples': 13}. Best is trial 11 with value: 0.9285714285714286.
[I 2025-09-17 13:15:45,916] Trial 28 finished with value: 0.6785714285714286 and parameters: {'num_leaves': 102, 'learning_rate': 0.14940409255050108, 'feature_fraction': 0.49447258654927845, 'bagging_fraction': 0.6597874160519364, 'bagging_freq': 7, 'min_child_samples': 40}. Best is trial 11 with value: 0.9285714285714286.
[I 2025-09-17 13:15:45,945] Trial 29 finished with value: 0.8883928571428572 and parameters: {'num_leaves': 282, 'learning_rate': 0.2203860945023799, 'feature_fraction': 0.8256165606874853, 'bagging_fraction': 0.9454389290880958, 'bagging_freq': 6, 'min_child_samples': 24}. Best is trial 11 with value: 0.9285714285714286.
[I 2025-09-17 13:15:45,999] Trial 30 finished with value: 0.875 and parameters: {'num_leaves': 218, 'learning_rate': 0.10300785963030235, 'feature_fraction': 0.6169333672787105, 'bagging_fraction': 0.8248580480602986, 'bagging_freq': 5, 'min_child_samples': 11}. Best is trial 11 with value: 0.9285714285714286.
[I 2025-09-17 13:15:46,121] Trial 31 finished with value: 0.9107142857142857 and parameters: {'num_leaves': 289, 'learning_rate': 0.08691009337272579, 'feature_fraction': 0.8713238137132205, 'bagging_fraction': 0.8896086680196809, 'bagging_freq': 3, 'min_child_samples': 6}. Best is trial 11 with value: 0.9285714285714286.
[I 2025-09-17 13:15:46,135] Trial 32 finished with value: 0.5 and parameters: {'num_leaves': 258, 'learning_rate': 0.04700456015045773, 'feature_fraction': 0.9292767804037205, 'bagging_fraction': 0.9099680199842206, 'bagging_freq': 4, 'min_child_samples': 100}. Best is trial 11 with value: 0.9285714285714286.
[I 2025-09-17 13:15:46,184] Trial 33 finished with value: 0.8928571428571428 and parameters: {'num_leaves': 275, 'learning_rate': 0.07986055803755271, 'feature_fraction': 0.6911397380641784, 'bagging_fraction': 0.8489974174210625, 'bagging_freq': 4, 'min_child_samples': 18}. Best is trial 11 with value: 0.9285714285714286.
[I 2025-09-17 13:15:46,197] Trial 34 finished with value: 0.5 and parameters: {'num_leaves': 258, 'learning_rate': 0.026667094353786364, 'feature_fraction': 0.8519265340553626, 'bagging_fraction': 0.7774116560114424, 'bagging_freq': 2, 'min_child_samples': 77}. Best is trial 11 with value: 0.9285714285714286.
