[I 2025-09-17 13:16:17,093] Trial 11 finished with value: 0.8611111111111112 and parameters: {'num_leaves': 37, 'learning_rate': 0.22610682887415595, 'feature_fraction': 0.5671962314512822, 'bagging_fraction': 0.8598679363922184, 'bagging_freq': 7, 'min_child_samples': 13}. Best is trial 11 with value: 0.8611111111111112.
Did not meet early stopping. Best iteration is:
[65]	valid_0's binary_logloss: 0.655607
Training until validation scores don't improve for 50 rounds
Did not meet early stopping. Best iteration is:
[52]	valid_0's binary_logloss: 0.545298
Training until validation scores don't improve for 50 rounds
Early stopping, best iteration is:
[25]	valid_0's binary_logloss: 0.655607
Training until validation scores don't improve for 50 rounds
Early stopping, best iteration is:
[4]	valid_0's binary_logloss: 0.655607
Training until validation scores don't improve for 50 rounds
Early stopping, best iteration is:
[14]	valid_0's binary_logloss: 0.655607
Training until validation scores don't improve for 50 rounds
Early stopping, best iteration is:
[4]	valid_0's binary_logloss: 0.655607
Training until validation scores don't improve for 50 rounds
Early stopping, best iteration is:
[27]	valid_0's binary_logloss: 0.434938
Training until validation scores don't improve for 50 rounds
Early stopping, best iteration is:
[9]	valid_0's binary_logloss: 0.479628
Training until validation scores don't improve for 50 rounds
Early stopping, best iteration is:
[3]	valid_0's binary_logloss: 0.609287
Training until validation scores don't improve for 50 rounds
Early stopping, best iteration is:
[7]	valid_0's binary_logloss: 0.521069
Training until validation scores don't improve for 50 rounds
Early stopping, best iteration is:
[35]	valid_0's binary_logloss: 0.578246
Training until validation scores don't improve for 50 rounds
Early stopping, best iteration is:
[43]	valid_0's binary_logloss: 0.479123
Training until validation scores don't improve for 50 rounds
Early stopping, best iteration is:
[26]	valid_0's binary_logloss: 0.583105
Training until validation scores don't improve for 50 rounds
Early stopping, best iteration is:
[12]	valid_0's binary_logloss: 0.578634
Training until validation scores don't improve for 50 rounds
Early stopping, best iteration is:
[22]	valid_0's binary_logloss: 0.605492
Training until validation scores don't improve for 50 rounds
Early stopping, best iteration is:
[21]	valid_0's binary_logloss: 0.31487
Training until validation scores don't improve for 50 rounds
Early stopping, best iteration is:
[3]	valid_0's binary_logloss: 0.655607
Training until validation scores don't improve for 50 rounds
Did not meet early stopping. Best iteration is:
[52]	valid_0's binary_logloss: 0.616732
Training until validation scores don't improve for 50 rounds
Early stopping, best iteration is:
[18]	valid_0's binary_logloss: 0.606354
Training until validation scores don't improve for 50 rounds
Early stopping, best iteration is:
[10]	valid_0's binary_logloss: 0.443495
Training until validation scores don't improve for 50 rounds
Early stopping, best iteration is:
[22]	valid_0's binary_logloss: 0.46023
Training until validation scores don't improve for 50 rounds
Early stopping, best iteration is:
[42]	valid_0's binary_logloss: 0.551584
Training until validation scores don't improve for 50 rounds
Early stopping, best iteration is:
[5]	valid_0's binary_logloss: 0.582921
Training until validation scores don't improve for 50 rounds
Early stopping, best iteration is:
[5]	valid_0's binary_logloss: 0.476166
Training until validation scores don't improve for 50 rounds
Early stopping, best iteration is:
[22]	valid_0's binary_logloss: 0.583498
Training until validation scores don't improve for 50 rounds
Early stopping, best iteration is:
[22]	valid_0's binary_logloss: 0.467441
Training until validation scores don't improve for 50 rounds
Early stopping, best iteration is:
[46]	valid_0's binary_logloss: 0.602839
Training until validation scores don't improve for 50 rounds
Early stopping, best iteration is:
[44]	valid_0's binary_logloss: 0.566066
Training until validation scores don't improve for 50 rounds
Early stopping, best iteration is:
[15]	valid_0's binary_logloss: 0.50762
Training until validation scores don't improve for 50 rounds
Early stopping, best iteration is:
[28]	valid_0's binary_logloss: 0.39812
Training until validation scores don't improve for 50 rounds
Early stopping, best iteration is:
[30]	valid_0's binary_logloss: 0.358208
Training until validation scores don't improve for 50 rounds
Early stopping, best iteration is:
[13]	valid_0's binary_logloss: 0.525032
Training until validation scores don't improve for 50 rounds
Early stopping, best iteration is:
[9]	valid_0's binary_logloss: 0.655607
Training until validation scores don't improve for 50 rounds
Early stopping, best iteration is:
[21]	valid_0's binary_logloss: 0.515941
Training until validation scores don't improve for 50 rounds
Early stopping, best iteration is:
[41]	valid_0's binary_logloss: 0.655607
Training until validation scores don't improve for 50 rounds
Early stopping, best iteration is:
[12]	valid_0's binary_logloss: 0.560244
Training until validation scores don't improve for 50 rounds
Early stopping, best iteration is:
[9]	valid_0's binary_logloss: 0.569505
Training until validation scores don't improve for 50 rounds
Early stopping, best iteration is:
[3]	valid_0's binary_logloss: 0.613556
Training until validation scores don't improve for 50 rounds
Early stopping, best iteration is:
[47]	valid_0's binary_logloss: 0.655607
Training until validation scores don't improve for 50 rounds
Early stopping, best iteration is:
[29]	valid_0's binary_logloss: 0.429507
Training until validation scores don't improve for 50 rounds
Early stopping, best iteration is:
[50]	valid_0's binary_logloss: 0.464427
Training until validation scores don't improve for 50 rounds
Early stopping, best iteration is:
[15]	valid_0's binary_logloss: 0.419681
Training until validation scores don't improve for 50 rounds
Did not meet early stopping. Best iteration is:
[65]	valid_0's binary_logloss: 0.573853
Training until validation scores don't improve for 50 rounds
Early stopping, best iteration is:
[21]	valid_0's binary_logloss: 0.422517
Training until validation scores don't improve for 50 rounds
Early stopping, best iteration is:
[17]	valid_0's binary_logloss: 0.428048
Training until validation scores don't improve for 50 rounds
Early stopping, best iteration is:
[48]	valid_0's binary_logloss: 0.415787
Training until validation scores don't improve for 50 rounds
Early stopping, best iteration is:
[9]	valid_0's binary_logloss: 0.582192
Training until validation scores don't improve for 50 rounds
Early stopping, best iteration is:
[8]	valid_0's binary_logloss: 0.400889
Training until validation scores don't improve for 50 rounds
Did not meet early stopping. Best iteration is:
[99]	valid_0's binary_logloss: 0.566239
Training until validation scores don't improve for 50 rounds
Early stopping, best iteration is:
[14]	valid_0's binary_logloss: 0.560762
Training until validation scores don't improve for 50 rounds
Early stopping, best iteration is:
[8]	valid_0's binary_logloss: 0.655607
Training until validation scores don't improve for 50 rounds
Did not meet early stopping. Best iteration is:
[83]	valid_0's binary_logloss: 0.566217
Training until validation scores don't improve for 50 rounds
Did not meet early stopping. Best iteration is:
[92]	valid_0's binary_logloss: 0.536146
Training until validation scores don't improve for 50 rounds
Early stopping, best iteration is:
[32]	valid_0's binary_logloss: 0.655607
Training until validation scores don't improve for 50 rounds
Did not meet early stopping. Best iteration is:
[97]	valid_0's binary_logloss: 0.542947
Training until validation scores don't improve for 50 rounds
Early stopping, best iteration is:
[6]	valid_0's binary_logloss: 0.655607
Training until validation scores don't improve for 50 rounds
Early stopping, best iteration is:
[7]	valid_0's binary_logloss: 0.655607
Training until validation scores don't improve for 50 rounds
Early stopping, best iteration is:
[34]	valid_0's binary_logloss: 0.655607
Training until validation scores don't improve for 50 rounds
Early stopping, best iteration is:
[3]	valid_0's binary_logloss: 0.655607
Training until validation scores don't improve for 50 rounds
Early stopping, best iteration is:
[8]	valid_0's binary_logloss: 0.457417
[I 2025-09-17 13:16:17,129] Trial 12 finished with value: 0.8015873015873016 and parameters: {'num_leaves': 207, 'learning_rate': 0.22964600007590227, 'feature_fraction': 0.6344831004960017, 'bagging_fraction': 0.8527023916830954, 'bagging_freq': 7, 'min_child_samples': 16}. Best is trial 11 with value: 0.8611111111111112.
[I 2025-09-17 13:16:17,224] Trial 13 finished with value: 0.9206349206349206 and parameters: {'num_leaves': 207, 'learning_rate': 0.21697945641700267, 'feature_fraction': 0.5352093572961962, 'bagging_fraction': 0.881452293117481, 'bagging_freq': 7, 'min_child_samples': 7}. Best is trial 13 with value: 0.9206349206349206.
[I 2025-09-17 13:16:17,362] Trial 14 finished with value: 0.8849206349206349 and parameters: {'num_leaves': 198, 'learning_rate': 0.21304958141768637, 'feature_fraction': 0.5219810975245093, 'bagging_fraction': 0.9924427083691812, 'bagging_freq': 7, 'min_child_samples': 5}. Best is trial 13 with value: 0.9206349206349206.
[I 2025-09-17 13:16:17,468] Trial 15 finished with value: 0.8492063492063492 and parameters: {'num_leaves': 200, 'learning_rate': 0.1831866529218705, 'feature_fraction': 0.4079479679693585, 'bagging_fraction': 0.9784301807480894, 'bagging_freq': 6, 'min_child_samples': 8}. Best is trial 13 with value: 0.9206349206349206.
[I 2025-09-17 13:16:17,520] Trial 16 finished with value: 0.7817460317460317 and parameters: {'num_leaves': 296, 'learning_rate': 0.018063659067716564, 'feature_fraction': 0.5082597174935135, 'bagging_fraction': 0.9995458298035589, 'bagging_freq': 7, 'min_child_samples': 24}. Best is trial 13 with value: 0.9206349206349206.
[I 2025-09-17 13:16:17,649] Trial 17 finished with value: 0.873015873015873 and parameters: {'num_leaves': 199, 'learning_rate': 0.25106749668782297, 'feature_fraction': 0.5194980250563429, 'bagging_fraction': 0.9174478685816434, 'bagging_freq': 6, 'min_child_samples': 5}. Best is trial 13 with value: 0.9206349206349206.
[I 2025-09-17 13:16:17,692] Trial 18 finished with value: 0.8333333333333333 and parameters: {'num_leaves': 182, 'learning_rate': 0.1847169985004801, 'feature_fraction': 0.40647379961019864, 'bagging_fraction': 0.7843857877518847, 'bagging_freq': 5, 'min_child_samples': 24}. Best is trial 13 with value: 0.9206349206349206.
[I 2025-09-17 13:16:17,715] Trial 19 finished with value: 0.6666666666666666 and parameters: {'num_leaves': 220, 'learning_rate': 0.1837561493499285, 'feature_fraction': 0.6693124308520684, 'bagging_fraction': 0.8995989864942527, 'bagging_freq': 7, 'min_child_samples': 61}. Best is trial 13 with value: 0.9206349206349206.
[I 2025-09-17 13:16:17,729] Trial 20 finished with value: 0.5 and parameters: {'num_leaves': 179, 'learning_rate': 0.2504357638975164, 'feature_fraction': 0.4625019698540035, 'bagging_fraction': 0.727066655634487, 'bagging_freq': 6, 'min_child_samples': 98}. Best is trial 13 with value: 0.9206349206349206.
[I 2025-09-17 13:16:17,858] Trial 21 finished with value: 0.8849206349206349 and parameters: {'num_leaves': 189, 'learning_rate': 0.2534790851456662, 'feature_fraction': 0.5259839461641089, 'bagging_fraction': 0.9196816168175749, 'bagging_freq': 6, 'min_child_samples': 5}. Best is trial 13 with value: 0.9206349206349206.
[I 2025-09-17 13:16:17,999] Trial 22 finished with value: 0.9007936507936508 and parameters: {'num_leaves': 175, 'learning_rate': 0.25132461648328974, 'feature_fraction': 0.5253866322377937, 'bagging_fraction': 0.9240708100904435, 'bagging_freq': 7, 'min_child_samples': 5}. Best is trial 13 with value: 0.9206349206349206.
[I 2025-09-17 13:16:18,029] Trial 23 finished with value: 0.726190476190476 and parameters: {'num_leaves': 117, 'learning_rate': 0.20597083684498402, 'feature_fraction': 0.6294336537908654, 'bagging_fraction': 0.8242106682031709, 'bagging_freq': 7, 'min_child_samples': 26}. Best is trial 13 with value: 0.9206349206349206.
[I 2025-09-17 13:16:18,088] Trial 24 finished with value: 0.8055555555555556 and parameters: {'num_leaves': 219, 'learning_rate': 0.2281286594162728, 'feature_fraction': 0.4766023463666593, 'bagging_fraction': 0.9936130315861974, 'bagging_freq': 7, 'min_child_samples': 12}. Best is trial 13 with value: 0.9206349206349206.
[I 2025-09-17 13:16:18,142] Trial 25 finished with value: 0.8452380952380952 and parameters: {'num_leaves': 167, 'learning_rate': 0.17026376166156426, 'feature_fraction': 0.5675921354370959, 'bagging_fraction': 0.9348543558513868, 'bagging_freq': 5, 'min_child_samples': 20}. Best is trial 13 with value: 0.9206349206349206.
[I 2025-09-17 13:16:18,198] Trial 26 finished with value: 0.8611111111111112 and parameters: {'num_leaves': 285, 'learning_rate': 0.262039372531291, 'feature_fraction': 0.5051607015282725, 'bagging_fraction': 0.8993229183558703, 'bagging_freq': 6, 'min_child_samples': 14}. Best is trial 13 with value: 0.9206349206349206.
[I 2025-09-17 13:16:18,225] Trial 27 finished with value: 0.7896825396825397 and parameters: {'num_leaves': 131, 'learning_rate': 0.2984630938919044, 'feature_fraction': 0.7474868000862691, 'bagging_fraction': 0.7249951161914421, 'bagging_freq': 4, 'min_child_samples': 30}. Best is trial 13 with value: 0.9206349206349206.
[I 2025-09-17 13:16:18,330] Trial 28 finished with value: 0.9166666666666666 and parameters: {'num_leaves': 85, 'learning_rate': 0.21530711216444617, 'feature_fraction': 0.6580093896940068, 'bagging_fraction': 0.8176028934933569, 'bagging_freq': 7, 'min_child_samples': 5}. Best is trial 13 with value: 0.9206349206349206.
[I 2025-09-17 13:16:18,354] Trial 29 finished with value: 0.7857142857142857 and parameters: {'num_leaves': 84, 'learning_rate': 0.11011804798936889, 'feature_fraction': 0.8435418813558, 'bagging_fraction': 0.8122890242050584, 'bagging_freq': 6, 'min_child_samples': 41}. Best is trial 13 with value: 0.9206349206349206.
[I 2025-09-17 13:16:18,423] Trial 30 finished with value: 0.8452380952380952 and parameters: {'num_leaves': 62, 'learning_rate': 0.03421817165127443, 'feature_fraction': 0.6815041963639855, 'bagging_fraction': 0.6735525076167941, 'bagging_freq': 6, 'min_child_samples': 11}. Best is trial 13 with value: 0.9206349206349206.
[I 2025-09-17 13:16:18,557] Trial 31 finished with value: 0.9007936507936507 and parameters: {'num_leaves': 129, 'learning_rate': 0.2017282363882687, 'feature_fraction': 0.5937627913203484, 'bagging_fraction': 0.941727027034114, 'bagging_freq': 7, 'min_child_samples': 5}. Best is trial 13 with value: 0.9206349206349206.
[I 2025-09-17 13:16:18,597] Trial 32 finished with value: 0.7341269841269842 and parameters: {'num_leaves': 125, 'learning_rate': 0.20099358807154322, 'feature_fraction': 0.6477767984102117, 'bagging_fraction': 0.8223788412763485, 'bagging_freq': 7, 'min_child_samples': 18}. Best is trial 13 with value: 0.9206349206349206.
[I 2025-09-17 13:16:18,640] Trial 33 finished with value: 0.8055555555555555 and parameters: {'num_leaves': 94, 'learning_rate': 0.2336505121201954, 'feature_fraction': 0.5940456115258638, 'bagging_fraction': 0.8891571530360385, 'bagging_freq': 7, 'min_child_samples': 19}. Best is trial 13 with value: 0.9206349206349206.
[I 2025-09-17 13:16:18,698] Trial 34 finished with value: 0.8134920634920635 and parameters: {'num_leaves': 145, 'learning_rate': 0.2707128819084282, 'feature_fraction': 0.7330614115961357, 'bagging_fraction': 0.9495319188472389, 'bagging_freq': 5, 'min_child_samples': 10}. Best is trial 13 with value: 0.9206349206349206.
[I 2025-09-17 13:16:18,713] Trial 35 finished with value: 0.5 and parameters: {'num_leaves': 62, 'learning_rate': 0.1660224192823935, 'feature_fraction': 0.7942890141443998, 'bagging_fraction': 0.8791303279892381, 'bagging_freq': 6, 'min_child_samples': 89}. Best is trial 13 with value: 0.9206349206349206.
[I 2025-09-17 13:16:18,749] Trial 36 finished with value: 0.7420634920634921 and parameters: {'num_leaves': 169, 'learning_rate': 0.24327634571447437, 'feature_fraction': 0.555360163367072, 'bagging_fraction': 0.7656520992552118, 'bagging_freq': 7, 'min_child_samples': 23}. Best is trial 13 with value: 0.9206349206349206.
[I 2025-09-17 13:16:18,775] Trial 37 finished with value: 0.753968253968254 and parameters: {'num_leaves': 108, 'learning_rate': 0.13051366446335713, 'feature_fraction': 0.5977385049979268, 'bagging_fraction': 0.5817415187677306, 'bagging_freq': 4, 'min_child_samples': 36}. Best is trial 13 with value: 0.9206349206349206.
[I 2025-09-17 13:16:18,809] Trial 38 finished with value: 0.8253968253968254 and parameters: {'num_leaves': 141, 'learning_rate': 0.21580580841723182, 'feature_fraction': 0.6564841516480457, 'bagging_fraction': 0.8434947079091957, 'bagging_freq': 2, 'min_child_samples': 30}. Best is trial 13 with value: 0.9206349206349206.
[I 2025-09-17 13:16:18,832] Trial 39 finished with value: 0.7261904761904762 and parameters: {'num_leaves': 235, 'learning_rate': 0.19455025729356967, 'feature_fraction': 0.9755978598542114, 'bagging_fraction': 0.9639917195437588, 'bagging_freq': 5, 'min_child_samples': 62}. Best is trial 13 with value: 0.9206349206349206.
[I 2025-09-17 13:16:18,905] Trial 40 finished with value: 0.8928571428571428 and parameters: {'num_leaves': 165, 'learning_rate': 0.16374588212805716, 'feature_fraction': 0.711906497293587, 'bagging_fraction': 0.5596555403167699, 'bagging_freq': 6, 'min_child_samples': 9}. Best is trial 13 with value: 0.9206349206349206.
[I 2025-09-17 13:16:18,957] Trial 41 finished with value: 0.876984126984127 and parameters: {'num_leaves': 165, 'learning_rate': 0.16342006569087195, 'feature_fraction': 0.6911970400032748, 'bagging_fraction': 0.565493796437069, 'bagging_freq': 7, 'min_child_samples': 8}. Best is trial 13 with value: 0.9206349206349206.
[I 2025-09-17 13:16:18,987] Trial 42 finished with value: 0.7222222222222222 and parameters: {'num_leaves': 138, 'learning_rate': 0.13437628759297734, 'feature_fraction': 0.8255328256787897, 'bagging_fraction': 0.4934517789544227, 'bagging_freq': 7, 'min_child_samples': 14}. Best is trial 13 with value: 0.9206349206349206.
[I 2025-09-17 13:16:19,068] Trial 43 finished with value: 0.8531746031746033 and parameters: {'num_leaves': 86, 'learning_rate': 0.19487744594296627, 'feature_fraction': 0.6178700448797261, 'bagging_fraction': 0.6273461820639438, 'bagging_freq': 6, 'min_child_samples': 5}. Best is trial 13 with value: 0.9206349206349206.
[I 2025-09-17 13:16:19,094] Trial 44 finished with value: 0.6825396825396826 and parameters: {'num_leaves': 112, 'learning_rate': 0.15460353596601145, 'feature_fraction': 0.8912500205970925, 'bagging_fraction': 0.4167102294555182, 'bagging_freq': 7, 'min_child_samples': 17}. Best is trial 13 with value: 0.9206349206349206.
[I 2025-09-17 13:16:19,153] Trial 45 finished with value: 0.8253968253968254 and parameters: {'num_leaves': 159, 'learning_rate': 0.21700348599534583, 'feature_fraction': 0.7169167251045337, 'bagging_fraction': 0.48896474546598395, 'bagging_freq': 6, 'min_child_samples': 11}. Best is trial 13 with value: 0.9206349206349206.
[I 2025-09-17 13:16:19,199] Trial 46 finished with value: 0.8333333333333334 and parameters: {'num_leaves': 217, 'learning_rate': 0.2764094570465078, 'feature_fraction': 0.7725412786846945, 'bagging_fraction': 0.5293159979799631, 'bagging_freq': 7, 'min_child_samples': 8}. Best is trial 13 with value: 0.9206349206349206.
[I 2025-09-17 13:16:19,241] Trial 47 finished with value: 0.8015873015873016 and parameters: {'num_leaves': 231, 'learning_rate': 0.2399445840971251, 'feature_fraction': 0.5808957248924248, 'bagging_fraction': 0.74236366450857, 'bagging_freq': 7, 'min_child_samples': 15}. Best is trial 13 with value: 0.9206349206349206.
[I 2025-09-17 13:16:19,268] Trial 48 finished with value: 0.7301587301587301 and parameters: {'num_leaves': 183, 'learning_rate': 0.11487816887549362, 'feature_fraction': 0.48418649786017887, 'bagging_fraction': 0.6448637394701549, 'bagging_freq': 6, 'min_child_samples': 43}. Best is trial 13 with value: 0.9206349206349206.
[I 2025-09-17 13:16:19,287] Trial 49 finished with value: 0.5 and parameters: {'num_leaves': 260, 'learning_rate': 0.176680834238514, 'feature_fraction': 0.44109279001219814, 'bagging_fraction': 0.801816293565917, 'bagging_freq': 7, 'min_child_samples': 83}. Best is trial 13 with value: 0.9206349206349206.
[I 2025-09-17 13:16:19,677] A new study created in memory with name: no-name-f22049d1-8fc9-44c9-a420-6a5999bd7101
[I 2025-09-17 13:16:19,690] Trial 0 finished with value: 0.6746411483253588 and parameters: {'num_leaves': 51, 'learning_rate': 0.18098862250103648, 'feature_fraction': 0.9562181029832638, 'bagging_fraction': 0.684287336257549, 'bagging_freq': 1, 'min_child_samples': 43}. Best is trial 0 with value: 0.6746411483253588.
[I 2025-09-17 13:16:19,700] Trial 1 finished with value: 0.5 and parameters: {'num_leaves': 122, 'learning_rate': 0.05605725894145017, 'feature_fraction': 0.7137849238192986, 'bagging_fraction': 0.8656358717151418, 'bagging_freq': 4, 'min_child_samples': 66}. Best is trial 0 with value: 0.6746411483253588.
[I 2025-09-17 13:16:19,710] Trial 2 finished with value: 0.5 and parameters: {'num_leaves': 167, 'learning_rate': 0.03088799730571084, 'feature_fraction': 0.5172215196254408, 'bagging_fraction': 0.8440846369856516, 'bagging_freq': 3, 'min_child_samples': 93}. Best is trial 0 with value: 0.6746411483253588.
