[I 2025-09-17 13:15:34,951] Trial 12 finished with value: 0.8925619834710744 and parameters: {'num_leaves': 68, 'learning_rate': 0.28764580743785384, 'feature_fraction': 0.6893462148050662, 'bagging_fraction': 0.9989938992304442, 'bagging_freq': 7, 'min_child_samples': 7}. Best is trial 10 with value: 0.9380165289256198.
[I 2025-09-17 13:15:35,040] Trial 13 finished with value: 0.8966942148760331 and parameters: {'num_leaves': 92, 'learning_rate': 0.18644789599406403, 'feature_fraction': 0.7933858581682789, 'bagging_fraction': 0.9198111517687196, 'bagging_freq': 7, 'min_child_samples': 7}. Best is trial 10 with value: 0.9380165289256198.
[I 2025-09-17 13:15:35,072] Trial 14 finished with value: 0.884297520661157 and parameters: {'num_leaves': 11, 'learning_rate': 0.23537053589621001, 'feature_fraction': 0.6236534882742949, 'bagging_fraction': 0.9115488420658743, 'bagging_freq': 6, 'min_child_samples': 19}. Best is trial 10 with value: 0.9380165289256198.
[I 2025-09-17 13:15:35,099] Trial 15 finished with value: 0.9008264462809917 and parameters: {'num_leaves': 85, 'learning_rate': 0.1630927307085861, 'feature_fraction': 0.8362895474865466, 'bagging_fraction': 0.6217729503396691, 'bagging_freq': 6, 'min_child_samples': 20}. Best is trial 10 with value: 0.9380165289256198.
[I 2025-09-17 13:15:35,126] Trial 16 finished with value: 0.9111570247933884 and parameters: {'num_leaves': 118, 'learning_rate': 0.2948766118072266, 'feature_fraction': 0.6269568248299648, 'bagging_fraction': 0.9037741354078536, 'bagging_freq': 6, 'min_child_samples': 23}. Best is trial 10 with value: 0.9380165289256198.
[I 2025-09-17 13:15:35,139] Trial 17 finished with value: 0.5 and parameters: {'num_leaves': 56, 'learning_rate': 0.1445184643757258, 'feature_fraction': 0.7407070379195825, 'bagging_fraction': 0.6835522481504699, 'bagging_freq': 7, 'min_child_samples': 61}. Best is trial 10 with value: 0.9380165289256198.
[I 2025-09-17 13:15:35,162] Trial 18 finished with value: 0.8181818181818181 and parameters: {'num_leaves': 103, 'learning_rate': 0.2390961193757245, 'feature_fraction': 0.44916191612970136, 'bagging_fraction': 0.407541035103324, 'bagging_freq': 5, 'min_child_samples': 28}. Best is trial 10 with value: 0.9380165289256198.
[I 2025-09-17 13:15:35,302] Trial 19 finished with value: 0.9669421487603305 and parameters: {'num_leaves': 41, 'learning_rate': 0.17982115008093794, 'feature_fraction': 0.41138104811378173, 'bagging_fraction': 0.9483054754488717, 'bagging_freq': 6, 'min_child_samples': 5}. Best is trial 19 with value: 0.9669421487603305.
[I 2025-09-17 13:15:35,329] Trial 20 finished with value: 0.9008264462809917 and parameters: {'num_leaves': 13, 'learning_rate': 0.10165241362506841, 'feature_fraction': 0.9978287330310505, 'bagging_fraction': 0.8890321223484713, 'bagging_freq': 6, 'min_child_samples': 29}. Best is trial 19 with value: 0.9669421487603305.
[I 2025-09-17 13:15:35,460] Trial 21 finished with value: 0.9214876033057852 and parameters: {'num_leaves': 51, 'learning_rate': 0.17347855967744427, 'feature_fraction': 0.42189947501779596, 'bagging_fraction': 0.9600884485470034, 'bagging_freq': 7, 'min_child_samples': 6}. Best is trial 19 with value: 0.9669421487603305.
[I 2025-09-17 13:15:35,517] Trial 22 finished with value: 0.9876033057851239 and parameters: {'num_leaves': 45, 'learning_rate': 0.16122443531704211, 'feature_fraction': 0.40297681423874565, 'bagging_fraction': 0.9417095080458643, 'bagging_freq': 7, 'min_child_samples': 14}. Best is trial 22 with value: 0.9876033057851239.
[I 2025-09-17 13:15:35,566] Trial 23 finished with value: 0.9049586776859504 and parameters: {'num_leaves': 36, 'learning_rate': 0.136659733682353, 'feature_fraction': 0.40881752631143603, 'bagging_fraction': 0.8752281038491894, 'bagging_freq': 6, 'min_child_samples': 15}. Best is trial 22 with value: 0.9876033057851239.
[I 2025-09-17 13:15:35,611] Trial 24 finished with value: 0.9297520661157024 and parameters: {'num_leaves': 37, 'learning_rate': 0.21381637902073858, 'feature_fraction': 0.6094345245491859, 'bagging_fraction': 0.9441526193608992, 'bagging_freq': 5, 'min_child_samples': 14}. Best is trial 22 with value: 0.9876033057851239.
[I 2025-09-17 13:15:35,636] Trial 25 finished with value: 0.9256198347107438 and parameters: {'num_leaves': 145, 'learning_rate': 0.17190658244588777, 'feature_fraction': 0.4750708622812094, 'bagging_fraction': 0.7314464070832164, 'bagging_freq': 7, 'min_child_samples': 31}. Best is trial 22 with value: 0.9876033057851239.
[I 2025-09-17 13:15:35,709] Trial 26 finished with value: 0.9256198347107438 and parameters: {'num_leaves': 109, 'learning_rate': 0.13083814479498587, 'feature_fraction': 0.40304434046732596, 'bagging_fraction': 0.8602243628534946, 'bagging_freq': 6, 'min_child_samples': 14}. Best is trial 22 with value: 0.9876033057851239.
[I 2025-09-17 13:15:35,721] Trial 27 finished with value: 0.5 and parameters: {'num_leaves': 60, 'learning_rate': 0.259143753546615, 'feature_fraction': 0.5058100329552853, 'bagging_fraction': 0.7636393545352622, 'bagging_freq': 7, 'min_child_samples': 73}. Best is trial 22 with value: 0.9876033057851239.
[I 2025-09-17 13:15:35,739] Trial 28 finished with value: 0.859504132231405 and parameters: {'num_leaves': 24, 'learning_rate': 0.22196251333966427, 'feature_fraction': 0.5890377710280434, 'bagging_fraction': 0.9541805165011688, 'bagging_freq': 6, 'min_child_samples': 50}. Best is trial 22 with value: 0.9876033057851239.
[I 2025-09-17 13:15:35,795] Trial 29 finished with value: 0.8966942148760331 and parameters: {'num_leaves': 81, 'learning_rate': 0.07164115623061022, 'feature_fraction': 0.741605681898867, 'bagging_fraction': 0.7825124178550209, 'bagging_freq': 3, 'min_child_samples': 14}. Best is trial 22 with value: 0.9876033057851239.
[I 2025-09-17 13:15:35,836] Trial 30 finished with value: 0.9297520661157025 and parameters: {'num_leaves': 45, 'learning_rate': 0.11817959175606241, 'feature_fraction': 0.8059584366310885, 'bagging_fraction': 0.9398303025701983, 'bagging_freq': 5, 'min_child_samples': 25}. Best is trial 22 with value: 0.9876033057851239.
[I 2025-09-17 13:15:35,876] Trial 31 finished with value: 0.9049586776859504 and parameters: {'num_leaves': 47, 'learning_rate': 0.12412735852535925, 'feature_fraction': 0.8278724222684612, 'bagging_fraction': 0.9422985600801365, 'bagging_freq': 5, 'min_child_samples': 24}. Best is trial 22 with value: 0.9876033057851239.
[I 2025-09-17 13:15:36,009] Trial 32 finished with value: 0.9338842975206612 and parameters: {'num_leaves': 65, 'learning_rate': 0.1125733551656138, 'feature_fraction': 0.7860290743858005, 'bagging_fraction': 0.9637674752183943, 'bagging_freq': 6, 'min_child_samples': 5}. Best is trial 22 with value: 0.9876033057851239.
[I 2025-09-17 13:15:36,084] Trial 33 finished with value: 0.9132231404958677 and parameters: {'num_leaves': 88, 'learning_rate': 0.07871576594801202, 'feature_fraction': 0.6525724332951354, 'bagging_fraction': 0.8571763123461061, 'bagging_freq': 7, 'min_child_samples': 12}. Best is trial 22 with value: 0.9876033057851239.
[I 2025-09-17 13:15:36,114] Trial 34 finished with value: 0.921487603305785 and parameters: {'num_leaves': 69, 'learning_rate': 0.15937973605509723, 'feature_fraction': 0.7704797503583197, 'bagging_fraction': 0.968190987805949, 'bagging_freq': 6, 'min_child_samples': 33}. Best is trial 22 with value: 0.9876033057851239.
[I 2025-09-17 13:15:36,207] Trial 35 finished with value: 0.8884297520661157 and parameters: {'num_leaves': 128, 'learning_rate': 0.18228991119110935, 'feature_fraction': 0.8724105603847834, 'bagging_fraction': 0.8269048066862043, 'bagging_freq': 4, 'min_child_samples': 6}. Best is trial 22 with value: 0.9876033057851239.
[I 2025-09-17 13:15:36,257] Trial 36 finished with value: 0.9008264462809917 and parameters: {'num_leaves': 19, 'learning_rate': 0.08953772079105701, 'feature_fraction': 0.7182816152160084, 'bagging_fraction': 0.9095305846885033, 'bagging_freq': 7, 'min_child_samples': 18}. Best is trial 22 with value: 0.9876033057851239.
[I 2025-09-17 13:15:36,325] Trial 37 finished with value: 0.9132231404958677 and parameters: {'num_leaves': 298, 'learning_rate': 0.19336865805773443, 'feature_fraction': 0.4550097932115163, 'bagging_fraction': 0.7970860372080454, 'bagging_freq': 6, 'min_child_samples': 10}. Best is trial 22 with value: 0.9876033057851239.
[I 2025-09-17 13:15:36,356] Trial 38 finished with value: 0.8966942148760331 and parameters: {'num_leaves': 29, 'learning_rate': 0.1535283928347942, 'feature_fraction': 0.6633521957491082, 'bagging_fraction': 0.9786925159994618, 'bagging_freq': 4, 'min_child_samples': 35}. Best is trial 22 with value: 0.9876033057851239.
[I 2025-09-17 13:15:36,399] Trial 39 finished with value: 0.9132231404958677 and parameters: {'num_leaves': 238, 'learning_rate': 0.04460440360890927, 'feature_fraction': 0.7117795524027053, 'bagging_fraction': 0.6465488992598352, 'bagging_freq': 3, 'min_child_samples': 20}. Best is trial 22 with value: 0.9876033057851239.
[I 2025-09-17 13:15:36,468] Trial 40 finished with value: 0.9008264462809917 and parameters: {'num_leaves': 102, 'learning_rate': 0.1085557441745995, 'feature_fraction': 0.9063911177279622, 'bagging_fraction': 0.8438846777697468, 'bagging_freq': 7, 'min_child_samples': 10}. Best is trial 22 with value: 0.9876033057851239.
[I 2025-09-17 13:15:36,497] Trial 41 finished with value: 0.9028925619834711 and parameters: {'num_leaves': 43, 'learning_rate': 0.11693132210126791, 'feature_fraction': 0.804126261342752, 'bagging_fraction': 0.9328665410637358, 'bagging_freq': 5, 'min_child_samples': 27}. Best is trial 22 with value: 0.9876033057851239.
[I 2025-09-17 13:15:36,521] Trial 42 finished with value: 0.8429752066115702 and parameters: {'num_leaves': 60, 'learning_rate': 0.1498607597611685, 'feature_fraction': 0.7688573634660075, 'bagging_fraction': 0.8770172574866271, 'bagging_freq': 5, 'min_child_samples': 48}. Best is trial 22 with value: 0.9876033057851239.
[I 2025-09-17 13:15:36,553] Trial 43 finished with value: 0.9194214876033058 and parameters: {'num_leaves': 69, 'learning_rate': 0.20207744411518136, 'feature_fraction': 0.852626714045835, 'bagging_fraction': 0.9720441444583989, 'bagging_freq': 6, 'min_child_samples': 23}. Best is trial 22 with value: 0.9876033057851239.
[I 2025-09-17 13:15:36,679] Trial 44 finished with value: 0.9132231404958677 and parameters: {'num_leaves': 30, 'learning_rate': 0.09123499289273658, 'feature_fraction': 0.8003081079871601, 'bagging_fraction': 0.998988744734355, 'bagging_freq': 5, 'min_child_samples': 5}. Best is trial 22 with value: 0.9876033057851239.
[I 2025-09-17 13:15:36,743] Trial 45 finished with value: 0.921487603305785 and parameters: {'num_leaves': 55, 'learning_rate': 0.1168867769896086, 'feature_fraction': 0.9061346572008677, 'bagging_fraction': 0.9361134882312913, 'bagging_freq': 4, 'min_child_samples': 11}. Best is trial 22 with value: 0.9876033057851239.
[I 2025-09-17 13:15:36,776] Trial 46 finished with value: 0.9049586776859504 and parameters: {'num_leaves': 167, 'learning_rate': 0.17001809314219646, 'feature_fraction': 0.5381444987641167, 'bagging_fraction': 0.8932270234027345, 'bagging_freq': 6, 'min_child_samples': 37}. Best is trial 22 with value: 0.9876033057851239.
[I 2025-09-17 13:15:36,818] Trial 47 finished with value: 0.9297520661157024 and parameters: {'num_leaves': 276, 'learning_rate': 0.20790728390687652, 'feature_fraction': 0.7701671681619454, 'bagging_fraction': 0.9295920457637383, 'bagging_freq': 7, 'min_child_samples': 17}. Best is trial 22 with value: 0.9876033057851239.
[I 2025-09-17 13:15:36,886] Trial 48 finished with value: 0.9256198347107438 and parameters: {'num_leaves': 194, 'learning_rate': 0.18507050966182745, 'feature_fraction': 0.7271096611095492, 'bagging_fraction': 0.9716369322373166, 'bagging_freq': 5, 'min_child_samples': 10}. Best is trial 22 with value: 0.9876033057851239.
[I 2025-09-17 13:15:36,924] Trial 49 finished with value: 0.884297520661157 and parameters: {'num_leaves': 93, 'learning_rate': 0.2324238161065228, 'feature_fraction': 0.4329226324004688, 'bagging_fraction': 0.5901026400554317, 'bagging_freq': 6, 'min_child_samples': 23}. Best is trial 22 with value: 0.9876033057851239.
[I 2025-09-17 13:15:37,329] A new study created in memory with name: no-name-9e1eccf3-90c3-4f38-a2f7-3d698e58022d
[I 2025-09-17 13:15:37,337] Trial 0 finished with value: 0.5 and parameters: {'num_leaves': 115, 'learning_rate': 0.17314038333880438, 'feature_fraction': 0.8730401952454987, 'bagging_fraction': 0.6312406804768954, 'bagging_freq': 5, 'min_child_samples': 63}. Best is trial 0 with value: 0.5.
[I 2025-09-17 13:15:37,374] Trial 1 finished with value: 0.8857142857142858 and parameters: {'num_leaves': 145, 'learning_rate': 0.19201543441229285, 'feature_fraction': 0.6175039513516128, 'bagging_fraction': 0.7572042221396597, 'bagging_freq': 6, 'min_child_samples': 15}. Best is trial 1 with value: 0.8857142857142858.
[I 2025-09-17 13:15:37,409] Trial 2 finished with value: 0.8571428571428572 and parameters: {'num_leaves': 110, 'learning_rate': 0.27095857301132703, 'feature_fraction': 0.7758390846936891, 'bagging_fraction': 0.9645603754476234, 'bagging_freq': 6, 'min_child_samples': 21}. Best is trial 1 with value: 0.8857142857142858.
[I 2025-09-17 13:15:37,434] Trial 3 finished with value: 0.780952380952381 and parameters: {'num_leaves': 281, 'learning_rate': 0.062317462483323295, 'feature_fraction': 0.7720654843210284, 'bagging_fraction': 0.7742741343436338, 'bagging_freq': 4, 'min_child_samples': 33}. Best is trial 1 with value: 0.8857142857142858.
[I 2025-09-17 13:15:37,444] Trial 4 finished with value: 0.5 and parameters: {'num_leaves': 37, 'learning_rate': 0.10332513599452789, 'feature_fraction': 0.6199604771783331, 'bagging_fraction': 0.5909115791704886, 'bagging_freq': 7, 'min_child_samples': 64}. Best is trial 1 with value: 0.8857142857142858.
[I 2025-09-17 13:15:37,454] Trial 5 finished with value: 0.5 and parameters: {'num_leaves': 82, 'learning_rate': 0.22766201915580023, 'feature_fraction': 0.8230861000380952, 'bagging_fraction': 0.8961453738147225, 'bagging_freq': 5, 'min_child_samples': 94}. Best is trial 1 with value: 0.8857142857142858.
[I 2025-09-17 13:15:37,498] Trial 6 finished with value: 0.8714285714285714 and parameters: {'num_leaves': 80, 'learning_rate': 0.05504662978116035, 'feature_fraction': 0.7905641148800173, 'bagging_fraction': 0.9143617001880506, 'bagging_freq': 1, 'min_child_samples': 23}. Best is trial 1 with value: 0.8857142857142858.
[I 2025-09-17 13:15:37,519] Trial 7 finished with value: 0.8 and parameters: {'num_leaves': 55, 'learning_rate': 0.2588370775059829, 'feature_fraction': 0.6401554876926788, 'bagging_fraction': 0.7253371126433698, 'bagging_freq': 5, 'min_child_samples': 36}. Best is trial 1 with value: 0.8857142857142858.
[I 2025-09-17 13:15:37,527] Trial 8 finished with value: 0.5 and parameters: {'num_leaves': 113, 'learning_rate': 0.26591843593189407, 'feature_fraction': 0.5804435435051181, 'bagging_fraction': 0.9221988627040841, 'bagging_freq': 5, 'min_child_samples': 99}. Best is trial 1 with value: 0.8857142857142858.
[I 2025-09-17 13:15:37,546] Trial 9 finished with value: 0.7380952380952381 and parameters: {'num_leaves': 111, 'learning_rate': 0.05266831250616304, 'feature_fraction': 0.4187970955732807, 'bagging_fraction': 0.7509184918573055, 'bagging_freq': 7, 'min_child_samples': 39}. Best is trial 1 with value: 0.8857142857142858.
[I 2025-09-17 13:15:37,623] Trial 10 finished with value: 0.8095238095238094 and parameters: {'num_leaves': 226, 'learning_rate': 0.17149278033811152, 'feature_fraction': 0.4412006794810398, 'bagging_fraction': 0.46574926673528516, 'bagging_freq': 3, 'min_child_samples': 7}. Best is trial 1 with value: 0.8857142857142858.
[I 2025-09-17 13:15:37,703] Trial 11 finished with value: 0.9238095238095239 and parameters: {'num_leaves': 181, 'learning_rate': 0.11635336811517069, 'feature_fraction': 0.9593768553488681, 'bagging_fraction': 0.8345525892876965, 'bagging_freq': 1, 'min_child_samples': 8}. Best is trial 11 with value: 0.9238095238095239.
