[I 2025-09-17 13:17:48,011] Trial 0 finished with value: 0.8412698412698413 and parameters: {'num_leaves': 194, 'learning_rate': 0.08710254733966229, 'feature_fraction': 0.7472048290208657, 'bagging_fraction': 0.8825384713021446, 'bagging_freq': 7, 'min_child_samples': 22}. Best is trial 0 with value: 0.8412698412698413.
Did not meet early stopping. Best iteration is:
[74]	valid_0's binary_logloss: 0.604184
Training until validation scores don't improve for 50 rounds
Early stopping, best iteration is:
[2]	valid_0's binary_logloss: 0.685521
Training until validation scores don't improve for 50 rounds
Early stopping, best iteration is:
[40]	valid_0's binary_logloss: 0.587696
Training until validation scores don't improve for 50 rounds
Early stopping, best iteration is:
[6]	valid_0's binary_logloss: 0.624476
Training until validation scores don't improve for 50 rounds
Did not meet early stopping. Best iteration is:
[100]	valid_0's binary_logloss: 0.659577
Training until validation scores don't improve for 50 rounds
Early stopping, best iteration is:
[15]	valid_0's binary_logloss: 0.608584
Training until validation scores don't improve for 50 rounds
Early stopping, best iteration is:
[20]	valid_0's binary_logloss: 0.609199
Training until validation scores don't improve for 50 rounds
Early stopping, best iteration is:
[10]	valid_0's binary_logloss: 0.56283
Training until validation scores don't improve for 50 rounds
Early stopping, best iteration is:
[6]	valid_0's binary_logloss: 0.685988
Training until validation scores don't improve for 50 rounds
Early stopping, best iteration is:
[18]	valid_0's binary_logloss: 0.553983
Training until validation scores don't improve for 50 rounds
Early stopping, best iteration is:
[17]	valid_0's binary_logloss: 0.580043
Training until validation scores don't improve for 50 rounds
Early stopping, best iteration is:
[39]	valid_0's binary_logloss: 0.685988
Training until validation scores don't improve for 50 rounds
Early stopping, best iteration is:
[5]	valid_0's binary_logloss: 0.685988
Training until validation scores don't improve for 50 rounds
Early stopping, best iteration is:
[36]	valid_0's binary_logloss: 0.512588
Training until validation scores don't improve for 50 rounds
Did not meet early stopping. Best iteration is:
[53]	valid_0's binary_logloss: 0.685988
Training until validation scores don't improve for 50 rounds
Early stopping, best iteration is:
[16]	valid_0's binary_logloss: 0.685988
Training until validation scores don't improve for 50 rounds
Early stopping, best iteration is:
[17]	valid_0's binary_logloss: 0.444768
Training until validation scores don't improve for 50 rounds
Did not meet early stopping. Best iteration is:
[52]	valid_0's binary_logloss: 0.649757
Training until validation scores don't improve for 50 rounds
Early stopping, best iteration is:
[11]	valid_0's binary_logloss: 0.55286
Training until validation scores don't improve for 50 rounds
Did not meet early stopping. Best iteration is:
[100]	valid_0's binary_logloss: 0.597686
Training until validation scores don't improve for 50 rounds
Early stopping, best iteration is:
[28]	valid_0's binary_logloss: 0.513548
Training until validation scores don't improve for 50 rounds
Did not meet early stopping. Best iteration is:
[97]	valid_0's binary_logloss: 0.46988
Training until validation scores don't improve for 50 rounds
Did not meet early stopping. Best iteration is:
[73]	valid_0's binary_logloss: 0.542309
Training until validation scores don't improve for 50 rounds
Early stopping, best iteration is:
[29]	valid_0's binary_logloss: 0.510845
Training until validation scores don't improve for 50 rounds
Early stopping, best iteration is:
[9]	valid_0's binary_logloss: 0.685988
Training until validation scores don't improve for 50 rounds
Early stopping, best iteration is:
[13]	valid_0's binary_logloss: 0.572404
Training until validation scores don't improve for 50 rounds
Did not meet early stopping. Best iteration is:
[88]	valid_0's binary_logloss: 0.598816
Training until validation scores don't improve for 50 rounds
Did not meet early stopping. Best iteration is:
[100]	valid_0's binary_logloss: 0.60139
Training until validation scores don't improve for 50 rounds
Early stopping, best iteration is:
[9]	valid_0's binary_logloss: 0.582337
Training until validation scores don't improve for 50 rounds
Early stopping, best iteration is:
[49]	valid_0's binary_logloss: 0.558302
Training until validation scores don't improve for 50 rounds
Early stopping, best iteration is:
[14]	valid_0's binary_logloss: 0.580992
Training until validation scores don't improve for 50 rounds
Early stopping, best iteration is:
[47]	valid_0's binary_logloss: 0.648808
Training until validation scores don't improve for 50 rounds
Early stopping, best iteration is:
[42]	valid_0's binary_logloss: 0.543733
Training until validation scores don't improve for 50 rounds
Early stopping, best iteration is:
[24]	valid_0's binary_logloss: 0.529022
Training until validation scores don't improve for 50 rounds
Early stopping, best iteration is:
[9]	valid_0's binary_logloss: 0.685988
Training until validation scores don't improve for 50 rounds
Early stopping, best iteration is:
[20]	valid_0's binary_logloss: 0.492216
Training until validation scores don't improve for 50 rounds
Did not meet early stopping. Best iteration is:
[61]	valid_0's binary_logloss: 0.639013
Training until validation scores don't improve for 50 rounds
Early stopping, best iteration is:
[34]	valid_0's binary_logloss: 0.685988
Training until validation scores don't improve for 50 rounds
Early stopping, best iteration is:
[29]	valid_0's binary_logloss: 0.523954
Training until validation scores don't improve for 50 rounds
Early stopping, best iteration is:
[14]	valid_0's binary_logloss: 0.535747
Training until validation scores don't improve for 50 rounds
Early stopping, best iteration is:
[10]	valid_0's binary_logloss: 0.527822
Training until validation scores don't improve for 50 rounds
Early stopping, best iteration is:
[9]	valid_0's binary_logloss: 0.56135
Training until validation scores don't improve for 50 rounds
Early stopping, best iteration is:
[26]	valid_0's binary_logloss: 0.447977
Training until validation scores don't improve for 50 rounds
Early stopping, best iteration is:
[13]	valid_0's binary_logloss: 0.50488
Training until validation scores don't improve for 50 rounds
Did not meet early stopping. Best iteration is:
[61]	valid_0's binary_logloss: 0.476318
Training until validation scores don't improve for 50 rounds
Did not meet early stopping. Best iteration is:
[63]	valid_0's binary_logloss: 0.500643
Training until validation scores don't improve for 50 rounds
Early stopping, best iteration is:
[21]	valid_0's binary_logloss: 0.507933
Training until validation scores don't improve for 50 rounds
Early stopping, best iteration is:
[10]	valid_0's binary_logloss: 0.542376
Training until validation scores don't improve for 50 rounds
Early stopping, best iteration is:
[3]	valid_0's binary_logloss: 0.685988
Training until validation scores don't improve for 50 rounds
Early stopping, best iteration is:
[17]	valid_0's binary_logloss: 0.539457
Training until validation scores don't improve for 50 rounds
Early stopping, best iteration is:
[13]	valid_0's binary_logloss: 0.534613
Training until validation scores don't improve for 50 rounds
Did not meet early stopping. Best iteration is:
[62]	valid_0's binary_logloss: 0.543988
Training until validation scores don't improve for 50 rounds
Early stopping, best iteration is:
[27]	valid_0's binary_logloss: 0.555943
Training until validation scores don't improve for 50 rounds
Early stopping, best iteration is:
[20]	valid_0's binary_logloss: 0.522066
Training until validation scores don't improve for 50 rounds
Early stopping, best iteration is:
[22]	valid_0's binary_logloss: 0.502398
Training until validation scores don't improve for 50 rounds
Early stopping, best iteration is:
[17]	valid_0's binary_logloss: 0.549795
Training until validation scores don't improve for 50 rounds
Early stopping, best iteration is:
[47]	valid_0's binary_logloss: 0.524609
Training until validation scores don't improve for 50 rounds
Early stopping, best iteration is:
[16]	valid_0's binary_logloss: 0.55839
Training until validation scores don't improve for 50 rounds
Early stopping, best iteration is:
[25]	valid_0's binary_logloss: 0.538163
Training until validation scores don't improve for 50 rounds
[I 2025-09-17 13:17:48,021] Trial 1 finished with value: 0.5 and parameters: {'num_leaves': 62, 'learning_rate': 0.07010169965107854, 'feature_fraction': 0.691861266415941, 'bagging_fraction': 0.48662167537511786, 'bagging_freq': 1, 'min_child_samples': 76}. Best is trial 0 with value: 0.8412698412698413.
[I 2025-09-17 13:17:48,033] Trial 2 finished with value: 0.5 and parameters: {'num_leaves': 36, 'learning_rate': 0.25720385450242234, 'feature_fraction': 0.809026311433774, 'bagging_fraction': 0.6390652284020848, 'bagging_freq': 2, 'min_child_samples': 51}. Best is trial 0 with value: 0.8412698412698413.
[I 2025-09-17 13:17:48,057] Trial 3 finished with value: 0.8253968253968254 and parameters: {'num_leaves': 243, 'learning_rate': 0.13943685707987374, 'feature_fraction': 0.6567899464947352, 'bagging_fraction': 0.5453224543586397, 'bagging_freq': 1, 'min_child_samples': 32}. Best is trial 0 with value: 0.8412698412698413.
[I 2025-09-17 13:17:48,064] Trial 4 finished with value: 0.5 and parameters: {'num_leaves': 280, 'learning_rate': 0.019873766711036613, 'feature_fraction': 0.7647862850076323, 'bagging_fraction': 0.6851667558079307, 'bagging_freq': 1, 'min_child_samples': 49}. Best is trial 0 with value: 0.8412698412698413.
[I 2025-09-17 13:17:48,086] Trial 5 finished with value: 0.7579365079365079 and parameters: {'num_leaves': 277, 'learning_rate': 0.11656915048093112, 'feature_fraction': 0.8454468770608083, 'bagging_fraction': 0.5271240152045809, 'bagging_freq': 5, 'min_child_samples': 25}. Best is trial 0 with value: 0.8412698412698413.
[I 2025-09-17 13:17:48,102] Trial 6 finished with value: 0.7857142857142858 and parameters: {'num_leaves': 34, 'learning_rate': 0.25698996459871426, 'feature_fraction': 0.9949641133605557, 'bagging_fraction': 0.839197007363052, 'bagging_freq': 1, 'min_child_samples': 52}. Best is trial 0 with value: 0.8412698412698413.
[I 2025-09-17 13:17:48,129] Trial 7 finished with value: 0.8928571428571429 and parameters: {'num_leaves': 76, 'learning_rate': 0.1684747803684678, 'feature_fraction': 0.968533450204161, 'bagging_fraction': 0.5946348782739052, 'bagging_freq': 4, 'min_child_samples': 16}. Best is trial 7 with value: 0.8928571428571429.
[I 2025-09-17 13:17:48,142] Trial 8 finished with value: 0.5 and parameters: {'num_leaves': 220, 'learning_rate': 0.0894945003216803, 'feature_fraction': 0.9111813209095386, 'bagging_fraction': 0.8165491988901692, 'bagging_freq': 7, 'min_child_samples': 70}. Best is trial 7 with value: 0.8928571428571429.
[I 2025-09-17 13:17:48,206] Trial 9 finished with value: 0.8492063492063492 and parameters: {'num_leaves': 164, 'learning_rate': 0.14933649562677173, 'feature_fraction': 0.8694187260275797, 'bagging_fraction': 0.5094724570990365, 'bagging_freq': 5, 'min_child_samples': 6}. Best is trial 7 with value: 0.8928571428571429.
[I 2025-09-17 13:17:48,216] Trial 10 finished with value: 0.5 and parameters: {'num_leaves': 94, 'learning_rate': 0.21064445718583627, 'feature_fraction': 0.4633095209869047, 'bagging_fraction': 0.9792093014645048, 'bagging_freq': 3, 'min_child_samples': 99}. Best is trial 7 with value: 0.8928571428571429.
[I 2025-09-17 13:17:48,263] Trial 11 finished with value: 0.8452380952380952 and parameters: {'num_leaves': 130, 'learning_rate': 0.17665044940396823, 'feature_fraction': 0.9821826539054985, 'bagging_fraction': 0.4028720915671355, 'bagging_freq': 5, 'min_child_samples': 7}. Best is trial 7 with value: 0.8928571428571429.
[I 2025-09-17 13:17:48,326] Trial 12 finished with value: 0.8015873015873016 and parameters: {'num_leaves': 154, 'learning_rate': 0.188045882184975, 'feature_fraction': 0.895289692507963, 'bagging_fraction': 0.6121354904063303, 'bagging_freq': 4, 'min_child_samples': 7}. Best is trial 7 with value: 0.8928571428571429.
[I 2025-09-17 13:17:48,340] Trial 13 finished with value: 0.5 and parameters: {'num_leaves': 109, 'learning_rate': 0.22443673395225905, 'feature_fraction': 0.49391565822712624, 'bagging_fraction': 0.4263015028785951, 'bagging_freq': 5, 'min_child_samples': 34}. Best is trial 7 with value: 0.8928571428571429.
[I 2025-09-17 13:17:48,434] Trial 14 finished with value: 0.7777777777777778 and parameters: {'num_leaves': 173, 'learning_rate': 0.15871758457580218, 'feature_fraction': 0.5992716105402273, 'bagging_fraction': 0.7351228042245406, 'bagging_freq': 4, 'min_child_samples': 5}. Best is trial 7 with value: 0.8928571428571429.
[I 2025-09-17 13:17:48,464] Trial 15 finished with value: 0.8333333333333334 and parameters: {'num_leaves': 81, 'learning_rate': 0.295977900474507, 'feature_fraction': 0.9215154713893321, 'bagging_fraction': 0.5929427733967347, 'bagging_freq': 6, 'min_child_samples': 19}. Best is trial 7 with value: 0.8928571428571429.
[I 2025-09-17 13:17:48,482] Trial 16 finished with value: 0.6924603174603174 and parameters: {'num_leaves': 137, 'learning_rate': 0.13119128271421507, 'feature_fraction': 0.8486962118607199, 'bagging_fraction': 0.480616849406504, 'bagging_freq': 3, 'min_child_samples': 37}. Best is trial 7 with value: 0.8928571428571429.
[I 2025-09-17 13:17:48,531] Trial 17 finished with value: 0.7936507936507936 and parameters: {'num_leaves': 189, 'learning_rate': 0.013990662637214407, 'feature_fraction': 0.9456566348947619, 'bagging_fraction': 0.7470413522737802, 'bagging_freq': 6, 'min_child_samples': 17}. Best is trial 7 with value: 0.8928571428571429.
[I 2025-09-17 13:17:48,543] Trial 18 finished with value: 0.5 and parameters: {'num_leaves': 11, 'learning_rate': 0.20165566762392034, 'feature_fraction': 0.588673059205984, 'bagging_fraction': 0.5542404218585413, 'bagging_freq': 3, 'min_child_samples': 69}. Best is trial 7 with value: 0.8928571428571429.
[I 2025-09-17 13:17:48,566] Trial 19 finished with value: 0.746031746031746 and parameters: {'num_leaves': 120, 'learning_rate': 0.16092880103349866, 'feature_fraction': 0.8564181085775149, 'bagging_fraction': 0.664779414710214, 'bagging_freq': 6, 'min_child_samples': 42}. Best is trial 7 with value: 0.8928571428571429.
[I 2025-09-17 13:17:48,618] Trial 20 finished with value: 0.757936507936508 and parameters: {'num_leaves': 68, 'learning_rate': 0.04887947197218427, 'feature_fraction': 0.4024000058249139, 'bagging_fraction': 0.4677493975800727, 'bagging_freq': 4, 'min_child_samples': 12}. Best is trial 7 with value: 0.8928571428571429.
[I 2025-09-17 13:17:48,653] Trial 21 finished with value: 0.8412698412698413 and parameters: {'num_leaves': 135, 'learning_rate': 0.18120704509118973, 'feature_fraction': 0.9834367084330333, 'bagging_fraction': 0.4231392631971554, 'bagging_freq': 5, 'min_child_samples': 12}. Best is trial 7 with value: 0.8928571428571429.
[I 2025-09-17 13:17:48,725] Trial 22 finished with value: 0.8571428571428572 and parameters: {'num_leaves': 161, 'learning_rate': 0.172562532344314, 'feature_fraction': 0.9584920388323249, 'bagging_fraction': 0.4204222847906407, 'bagging_freq': 5, 'min_child_samples': 5}. Best is trial 7 with value: 0.8928571428571429.
[I 2025-09-17 13:17:48,747] Trial 23 finished with value: 0.873015873015873 and parameters: {'num_leaves': 165, 'learning_rate': 0.23597964597091858, 'feature_fraction': 0.9475636326175719, 'bagging_fraction': 0.5742265718714877, 'bagging_freq': 5, 'min_child_samples': 24}. Best is trial 7 with value: 0.8928571428571429.
[I 2025-09-17 13:17:48,769] Trial 24 finished with value: 0.8452380952380952 and parameters: {'num_leaves': 222, 'learning_rate': 0.23731030639895168, 'feature_fraction': 0.9331456379131067, 'bagging_fraction': 0.5884253194386573, 'bagging_freq': 4, 'min_child_samples': 25}. Best is trial 7 with value: 0.8928571428571429.
[I 2025-09-17 13:17:48,800] Trial 25 finished with value: 0.9087301587301587 and parameters: {'num_leaves': 197, 'learning_rate': 0.2671947079630841, 'feature_fraction': 0.7871615957888192, 'bagging_fraction': 0.736423799374471, 'bagging_freq': 6, 'min_child_samples': 27}. Best is trial 25 with value: 0.9087301587301587.
[I 2025-09-17 13:17:48,827] Trial 26 finished with value: 0.8650793650793651 and parameters: {'num_leaves': 206, 'learning_rate': 0.2985432983291966, 'feature_fraction': 0.7627283671514655, 'bagging_fraction': 0.7363151157335466, 'bagging_freq': 6, 'min_child_samples': 29}. Best is trial 25 with value: 0.9087301587301587.
[I 2025-09-17 13:17:48,844] Trial 27 finished with value: 0.8373015873015873 and parameters: {'num_leaves': 245, 'learning_rate': 0.26598705145920415, 'feature_fraction': 0.8060570959991429, 'bagging_fraction': 0.7780681538706554, 'bagging_freq': 7, 'min_child_samples': 41}. Best is trial 25 with value: 0.9087301587301587.
[I 2025-09-17 13:17:48,879] Trial 28 finished with value: 0.7261904761904762 and parameters: {'num_leaves': 249, 'learning_rate': 0.27852529832333084, 'feature_fraction': 0.8021823534919641, 'bagging_fraction': 0.6646707337776797, 'bagging_freq': 6, 'min_child_samples': 14}. Best is trial 25 with value: 0.9087301587301587.
[I 2025-09-17 13:17:48,913] Trial 29 finished with value: 0.8293650793650794 and parameters: {'num_leaves': 184, 'learning_rate': 0.22158076481725747, 'feature_fraction': 0.7137275716459601, 'bagging_fraction': 0.9814697556366412, 'bagging_freq': 7, 'min_child_samples': 22}. Best is trial 25 with value: 0.9087301587301587.
[I 2025-09-17 13:17:48,927] Trial 30 finished with value: 0.5 and parameters: {'num_leaves': 299, 'learning_rate': 0.24401761465984972, 'feature_fraction': 0.8849005456824233, 'bagging_fraction': 0.9117647304782971, 'bagging_freq': 4, 'min_child_samples': 62}. Best is trial 25 with value: 0.9087301587301587.
[I 2025-09-17 13:17:48,953] Trial 31 finished with value: 0.8571428571428572 and parameters: {'num_leaves': 207, 'learning_rate': 0.29789835825476674, 'feature_fraction': 0.7320362237625019, 'bagging_fraction': 0.7015811658623272, 'bagging_freq': 6, 'min_child_samples': 29}. Best is trial 25 with value: 0.9087301587301587.
[I 2025-09-17 13:17:48,982] Trial 32 finished with value: 0.8849206349206349 and parameters: {'num_leaves': 212, 'learning_rate': 0.27536176591037276, 'feature_fraction': 0.6527204708922891, 'bagging_fraction': 0.7234928988845496, 'bagging_freq': 6, 'min_child_samples': 28}. Best is trial 25 with value: 0.9087301587301587.
[I 2025-09-17 13:17:49,012] Trial 33 finished with value: 0.7777777777777779 and parameters: {'num_leaves': 150, 'learning_rate': 0.2777575201995873, 'feature_fraction': 0.6418988048425748, 'bagging_fraction': 0.7908936394997145, 'bagging_freq': 7, 'min_child_samples': 21}. Best is trial 25 with value: 0.9087301587301587.
[I 2025-09-17 13:17:49,036] Trial 34 finished with value: 0.7341269841269842 and parameters: {'num_leaves': 228, 'learning_rate': 0.24278523903592247, 'feature_fraction': 0.6714254972572182, 'bagging_fraction': 0.6276669224165466, 'bagging_freq': 6, 'min_child_samples': 41}. Best is trial 25 with value: 0.9087301587301587.
[I 2025-09-17 13:17:49,049] Trial 35 finished with value: 0.5 and parameters: {'num_leaves': 199, 'learning_rate': 0.2715669837258833, 'feature_fraction': 0.5945859169452612, 'bagging_fraction': 0.706369811753974, 'bagging_freq': 5, 'min_child_samples': 88}. Best is trial 25 with value: 0.9087301587301587.
[I 2025-09-17 13:17:49,062] Trial 36 finished with value: 0.5 and parameters: {'num_leaves': 182, 'learning_rate': 0.1969535289506259, 'feature_fraction': 0.548562538820656, 'bagging_fraction': 0.5550282068307961, 'bagging_freq': 3, 'min_child_samples': 47}. Best is trial 25 with value: 0.9087301587301587.
[I 2025-09-17 13:17:49,076] Trial 37 finished with value: 0.5 and parameters: {'num_leaves': 260, 'learning_rate': 0.2543209607284096, 'feature_fraction': 0.6892565103924284, 'bagging_fraction': 0.6449559233150873, 'bagging_freq': 4, 'min_child_samples': 57}. Best is trial 25 with value: 0.9087301587301587.
[I 2025-09-17 13:17:49,105] Trial 38 finished with value: 0.8690476190476191 and parameters: {'num_leaves': 43, 'learning_rate': 0.1116757318848895, 'feature_fraction': 0.7736101467706565, 'bagging_fraction': 0.5810947329185526, 'bagging_freq': 2, 'min_child_samples': 28}. Best is trial 25 with value: 0.9087301587301587.
[I 2025-09-17 13:17:49,125] Trial 39 finished with value: 0.8214285714285714 and parameters: {'num_leaves': 104, 'learning_rate': 0.23286457087097673, 'feature_fraction': 0.6366259506358065, 'bagging_fraction': 0.869513306824946, 'bagging_freq': 7, 'min_child_samples': 35}. Best is trial 25 with value: 0.9087301587301587.
[I 2025-09-17 13:17:49,163] Trial 40 finished with value: 0.8134920634920636 and parameters: {'num_leaves': 226, 'learning_rate': 0.21217544772569724, 'feature_fraction': 0.9511155818094379, 'bagging_fraction': 0.6766635831150212, 'bagging_freq': 5, 'min_child_samples': 15}. Best is trial 25 with value: 0.9087301587301587.
[I 2025-09-17 13:17:49,192] Trial 41 finished with value: 0.8293650793650794 and parameters: {'num_leaves': 41, 'learning_rate': 0.11112884792695757, 'feature_fraction': 0.7846904040618097, 'bagging_fraction': 0.5723211575488755, 'bagging_freq': 2, 'min_child_samples': 27}. Best is trial 25 with value: 0.9087301587301587.
[I 2025-09-17 13:17:49,219] Trial 42 finished with value: 0.8293650793650794 and parameters: {'num_leaves': 52, 'learning_rate': 0.09430923227338306, 'feature_fraction': 0.8245222771078066, 'bagging_fraction': 0.5243107653992978, 'bagging_freq': 2, 'min_child_samples': 31}. Best is trial 25 with value: 0.9087301587301587.
