[I 2025-09-17 13:16:38,690] Trial 48 finished with value: 0.9821428571428572 and parameters: {'num_leaves': 188, 'learning_rate': 0.10857748893932724, 'feature_fraction': 0.5041458662032337, 'bagging_fraction': 0.9454446724422382, 'bagging_freq': 6, 'min_child_samples': 14}. Best is trial 10 with value: 1.0.
[I 2025-09-17 13:16:38,730] Trial 49 finished with value: 0.7857142857142857 and parameters: {'num_leaves': 299, 'learning_rate': 0.24304902520155386, 'feature_fraction': 0.40173501311273535, 'bagging_fraction': 0.8323739621545314, 'bagging_freq': 1, 'min_child_samples': 26}. Best is trial 10 with value: 1.0.
[I 2025-09-17 13:16:39,083] A new study created in memory with name: no-name-f3da6095-1056-4467-8721-2156fd676b65
[I 2025-09-17 13:16:39,142] Trial 0 finished with value: 0.9285714285714286 and parameters: {'num_leaves': 92, 'learning_rate': 0.228477164829018, 'feature_fraction': 0.8739326494003632, 'bagging_fraction': 0.9676431490147247, 'bagging_freq': 3, 'min_child_samples': 8}. Best is trial 0 with value: 0.9285714285714286.
[I 2025-09-17 13:16:39,150] Trial 1 finished with value: 0.5 and parameters: {'num_leaves': 190, 'learning_rate': 0.21804119029334312, 'feature_fraction': 0.8736545369425782, 'bagging_fraction': 0.4239197623560816, 'bagging_freq': 6, 'min_child_samples': 72}. Best is trial 0 with value: 0.9285714285714286.
[I 2025-09-17 13:16:39,158] Trial 2 finished with value: 0.5 and parameters: {'num_leaves': 56, 'learning_rate': 0.16505301778246817, 'feature_fraction': 0.7767810667420914, 'bagging_fraction': 0.8140089200126682, 'bagging_freq': 2, 'min_child_samples': 79}. Best is trial 0 with value: 0.9285714285714286.
[I 2025-09-17 13:16:39,165] Trial 3 finished with value: 0.5 and parameters: {'num_leaves': 111, 'learning_rate': 0.17803921775384818, 'feature_fraction': 0.5826758226651529, 'bagging_fraction': 0.5497354097432988, 'bagging_freq': 2, 'min_child_samples': 63}. Best is trial 0 with value: 0.9285714285714286.
[I 2025-09-17 13:16:39,185] Trial 4 finished with value: 0.9285714285714286 and parameters: {'num_leaves': 23, 'learning_rate': 0.17662931763254572, 'feature_fraction': 0.4894112686356398, 'bagging_fraction': 0.8975793996417065, 'bagging_freq': 2, 'min_child_samples': 36}. Best is trial 0 with value: 0.9285714285714286.
[I 2025-09-17 13:16:39,193] Trial 5 finished with value: 0.5 and parameters: {'num_leaves': 244, 'learning_rate': 0.015630031564601243, 'feature_fraction': 0.8451612811688787, 'bagging_fraction': 0.52433547875995, 'bagging_freq': 4, 'min_child_samples': 40}. Best is trial 0 with value: 0.9285714285714286.
[I 2025-09-17 13:16:39,212] Trial 6 finished with value: 0.9107142857142857 and parameters: {'num_leaves': 51, 'learning_rate': 0.29741199144809627, 'feature_fraction': 0.48712697119833187, 'bagging_fraction': 0.8216489690986082, 'bagging_freq': 2, 'min_child_samples': 49}. Best is trial 0 with value: 0.9285714285714286.
[I 2025-09-17 13:16:39,219] Trial 7 finished with value: 0.5 and parameters: {'num_leaves': 254, 'learning_rate': 0.15402002059613862, 'feature_fraction': 0.6407662534468322, 'bagging_fraction': 0.9576054056253699, 'bagging_freq': 3, 'min_child_samples': 80}. Best is trial 0 with value: 0.9285714285714286.
[I 2025-09-17 13:16:39,232] Trial 8 finished with value: 0.5 and parameters: {'num_leaves': 36, 'learning_rate': 0.0579343933961977, 'feature_fraction': 0.9454775544217248, 'bagging_fraction': 0.43894572452498193, 'bagging_freq': 7, 'min_child_samples': 88}. Best is trial 0 with value: 0.9285714285714286.
[I 2025-09-17 13:16:39,240] Trial 9 finished with value: 0.5 and parameters: {'num_leaves': 76, 'learning_rate': 0.1483696572969055, 'feature_fraction': 0.43285125849408534, 'bagging_fraction': 0.5866655352061818, 'bagging_freq': 2, 'min_child_samples': 53}. Best is trial 0 with value: 0.9285714285714286.
[I 2025-09-17 13:16:39,310] Trial 10 finished with value: 0.9107142857142857 and parameters: {'num_leaves': 162, 'learning_rate': 0.28523572658339186, 'feature_fraction': 0.7388312232497356, 'bagging_fraction': 0.7438064767131485, 'bagging_freq': 5, 'min_child_samples': 5}. Best is trial 0 with value: 0.9285714285714286.
[I 2025-09-17 13:16:39,364] Trial 11 finished with value: 0.9285714285714286 and parameters: {'num_leaves': 11, 'learning_rate': 0.23236011025287226, 'feature_fraction': 0.98919559412382, 'bagging_fraction': 0.9425384043224043, 'bagging_freq': 1, 'min_child_samples': 14}. Best is trial 0 with value: 0.9285714285714286.
[I 2025-09-17 13:16:39,407] Trial 12 finished with value: 0.9464285714285715 and parameters: {'num_leaves': 107, 'learning_rate': 0.09382342804151933, 'feature_fraction': 0.5482163229536944, 'bagging_fraction': 0.9915955747054258, 'bagging_freq': 4, 'min_child_samples': 25}. Best is trial 12 with value: 0.9464285714285715.
[I 2025-09-17 13:16:39,448] Trial 13 finished with value: 0.9285714285714286 and parameters: {'num_leaves': 107, 'learning_rate': 0.09227660899003569, 'feature_fraction': 0.6070931186749778, 'bagging_fraction': 0.9926328610365539, 'bagging_freq': 4, 'min_child_samples': 23}. Best is trial 12 with value: 0.9464285714285715.
[I 2025-09-17 13:16:39,490] Trial 14 finished with value: 0.9464285714285715 and parameters: {'num_leaves': 113, 'learning_rate': 0.10633622277177351, 'feature_fraction': 0.6493731388561947, 'bagging_fraction': 0.8651918808255361, 'bagging_freq': 5, 'min_child_samples': 26}. Best is trial 12 with value: 0.9464285714285715.
[I 2025-09-17 13:16:39,527] Trial 15 finished with value: 0.9464285714285714 and parameters: {'num_leaves': 140, 'learning_rate': 0.0988992743370033, 'feature_fraction': 0.6727552541839952, 'bagging_fraction': 0.8691016410644242, 'bagging_freq': 5, 'min_child_samples': 27}. Best is trial 12 with value: 0.9464285714285715.
[I 2025-09-17 13:16:39,558] Trial 16 finished with value: 0.9285714285714286 and parameters: {'num_leaves': 201, 'learning_rate': 0.0972050898903001, 'feature_fraction': 0.5374997148214097, 'bagging_fraction': 0.6953879234641713, 'bagging_freq': 5, 'min_child_samples': 24}. Best is trial 12 with value: 0.9464285714285715.
[I 2025-09-17 13:16:39,581] Trial 17 finished with value: 0.9464285714285715 and parameters: {'num_leaves': 295, 'learning_rate': 0.050179579810863115, 'feature_fraction': 0.7052172027602602, 'bagging_fraction': 0.6981480268877334, 'bagging_freq': 6, 'min_child_samples': 37}. Best is trial 12 with value: 0.9464285714285715.
[I 2025-09-17 13:16:39,630] Trial 18 finished with value: 0.9464285714285715 and parameters: {'num_leaves': 136, 'learning_rate': 0.1250327632391214, 'feature_fraction': 0.41472396788541405, 'bagging_fraction': 0.7594699376120028, 'bagging_freq': 4, 'min_child_samples': 18}. Best is trial 12 with value: 0.9464285714285715.
[I 2025-09-17 13:16:39,652] Trial 19 finished with value: 0.9285714285714286 and parameters: {'num_leaves': 177, 'learning_rate': 0.05679956607529525, 'feature_fraction': 0.5400751590214723, 'bagging_fraction': 0.8909254841742734, 'bagging_freq': 7, 'min_child_samples': 49}. Best is trial 12 with value: 0.9464285714285715.
[I 2025-09-17 13:16:39,675] Trial 20 finished with value: 0.8928571428571428 and parameters: {'num_leaves': 118, 'learning_rate': 0.12072535750953094, 'feature_fraction': 0.7857977231680855, 'bagging_fraction': 0.6443820348545337, 'bagging_freq': 6, 'min_child_samples': 33}. Best is trial 12 with value: 0.9464285714285715.
[I 2025-09-17 13:16:39,696] Trial 21 finished with value: 0.8571428571428571 and parameters: {'num_leaves': 265, 'learning_rate': 0.05004921944571368, 'feature_fraction': 0.6990772814628066, 'bagging_fraction': 0.6615629461142014, 'bagging_freq': 6, 'min_child_samples': 41}. Best is trial 12 with value: 0.9464285714285715.
[I 2025-09-17 13:16:39,726] Trial 22 finished with value: 0.9285714285714286 and parameters: {'num_leaves': 221, 'learning_rate': 0.011803633833827612, 'feature_fraction': 0.6418032419806128, 'bagging_fraction': 0.7975049041344954, 'bagging_freq': 5, 'min_child_samples': 31}. Best is trial 12 with value: 0.9464285714285715.
[I 2025-09-17 13:16:39,798] Trial 23 finished with value: 0.9464285714285715 and parameters: {'num_leaves': 278, 'learning_rate': 0.07478115882306202, 'feature_fraction': 0.7307869030240103, 'bagging_fraction': 0.9199227530047113, 'bagging_freq': 6, 'min_child_samples': 16}. Best is trial 12 with value: 0.9464285714285715.
[I 2025-09-17 13:16:39,810] Trial 24 finished with value: 0.5 and parameters: {'num_leaves': 292, 'learning_rate': 0.04200804697194848, 'feature_fraction': 0.5786281163432948, 'bagging_fraction': 0.8431732666481002, 'bagging_freq': 4, 'min_child_samples': 60}. Best is trial 12 with value: 0.9464285714285715.
[I 2025-09-17 13:16:39,825] Trial 25 finished with value: 0.5 and parameters: {'num_leaves': 75, 'learning_rate': 0.12366740195041884, 'feature_fraction': 0.6560380018963178, 'bagging_fraction': 0.7291891372148646, 'bagging_freq': 3, 'min_child_samples': 98}. Best is trial 12 with value: 0.9464285714285715.
[I 2025-09-17 13:16:39,850] Trial 26 finished with value: 0.9285714285714286 and parameters: {'num_leaves': 155, 'learning_rate': 0.07636669500466972, 'feature_fraction': 0.5302386810500888, 'bagging_fraction': 0.6231217774985514, 'bagging_freq': 5, 'min_child_samples': 41}. Best is trial 12 with value: 0.9464285714285715.
[I 2025-09-17 13:16:39,902] Trial 27 finished with value: 0.9285714285714286 and parameters: {'num_leaves': 225, 'learning_rate': 0.03359189680084469, 'feature_fraction': 0.7881427042274518, 'bagging_fraction': 0.9960880884138831, 'bagging_freq': 7, 'min_child_samples': 22}. Best is trial 12 with value: 0.9464285714285715.
[I 2025-09-17 13:16:39,994] Trial 28 finished with value: 0.9464285714285715 and parameters: {'num_leaves': 132, 'learning_rate': 0.07402883869699343, 'feature_fraction': 0.5983735420267757, 'bagging_fraction': 0.7786476221738298, 'bagging_freq': 6, 'min_child_samples': 12}. Best is trial 12 with value: 0.9464285714285715.
Training until validation scores don't improve for 50 rounds
Early stopping, best iteration is:
[24]	valid_0's binary_logloss: 0.187867
Training until validation scores don't improve for 50 rounds
Early stopping, best iteration is:
[12]	valid_0's binary_logloss: 0.182731
Training until validation scores don't improve for 50 rounds
Early stopping, best iteration is:
[31]	valid_0's binary_logloss: 0.17899
Training until validation scores don't improve for 50 rounds
Did not meet early stopping. Best iteration is:
[99]	valid_0's binary_logloss: 0.170702
Training until validation scores don't improve for 50 rounds
Early stopping, best iteration is:
[24]	valid_0's binary_logloss: 0.18307
Training until validation scores don't improve for 50 rounds
Did not meet early stopping. Best iteration is:
[100]	valid_0's binary_logloss: 0.20537
Training until validation scores don't improve for 50 rounds
Did not meet early stopping. Best iteration is:
[55]	valid_0's binary_logloss: 0.203041
Training until validation scores don't improve for 50 rounds
Early stopping, best iteration is:
[46]	valid_0's binary_logloss: 0.203949
Training until validation scores don't improve for 50 rounds
Early stopping, best iteration is:
[10]	valid_0's binary_logloss: 0.168794
Training until validation scores don't improve for 50 rounds
Did not meet early stopping. Best iteration is:
[53]	valid_0's binary_logloss: 0.177102
Training until validation scores don't improve for 50 rounds
Early stopping, best iteration is:
[36]	valid_0's binary_logloss: 0.189186
Training until validation scores don't improve for 50 rounds
Early stopping, best iteration is:
[23]	valid_0's binary_logloss: 0.110039
Training until validation scores don't improve for 50 rounds
Did not meet early stopping. Best iteration is:
[78]	valid_0's binary_logloss: 0.205376
Training until validation scores don't improve for 50 rounds
Early stopping, best iteration is:
[12]	valid_0's binary_logloss: 0.175291
Training until validation scores don't improve for 50 rounds
Early stopping, best iteration is:
[7]	valid_0's binary_logloss: 0.150896
Training until validation scores don't improve for 50 rounds
Did not meet early stopping. Best iteration is:
[55]	valid_0's binary_logloss: 0.219853
Training until validation scores don't improve for 50 rounds
Early stopping, best iteration is:
[1]	valid_0's binary_logloss: 0.245449
Training until validation scores don't improve for 50 rounds
Early stopping, best iteration is:
[7]	valid_0's binary_logloss: 0.245449
Training until validation scores don't improve for 50 rounds
Did not meet early stopping. Best iteration is:
[59]	valid_0's binary_logloss: 0.156602
Training until validation scores don't improve for 50 rounds
Early stopping, best iteration is:
[1]	valid_0's binary_logloss: 0.245449
Training until validation scores don't improve for 50 rounds
Early stopping, best iteration is:
[10]	valid_0's binary_logloss: 0.159868
Training until validation scores don't improve for 50 rounds
Early stopping, best iteration is:
[8]	valid_0's binary_logloss: 0.209498
Training until validation scores don't improve for 50 rounds
Early stopping, best iteration is:
[9]	valid_0's binary_logloss: 0.164358
Training until validation scores don't improve for 50 rounds
Early stopping, best iteration is:
[6]	valid_0's binary_logloss: 0.227969
Training until validation scores don't improve for 50 rounds
Early stopping, best iteration is:
[12]	valid_0's binary_logloss: 0.143839
Training until validation scores don't improve for 50 rounds
Early stopping, best iteration is:
[13]	valid_0's binary_logloss: 0.133461
Training until validation scores don't improve for 50 rounds
Early stopping, best iteration is:
[3]	valid_0's binary_logloss: 0.245449
Training until validation scores don't improve for 50 rounds
Early stopping, best iteration is:
[29]	valid_0's binary_logloss: 0.169168
Training until validation scores don't improve for 50 rounds
Early stopping, best iteration is:
[20]	valid_0's binary_logloss: 0.2057
Training until validation scores don't improve for 50 rounds
Early stopping, best iteration is:
[7]	valid_0's binary_logloss: 0.182332
Training until validation scores don't improve for 50 rounds
Early stopping, best iteration is:
[9]	valid_0's binary_logloss: 0.245449
Training until validation scores don't improve for 50 rounds
Early stopping, best iteration is:
[1]	valid_0's binary_logloss: 0.245449
Training until validation scores don't improve for 50 rounds
Early stopping, best iteration is:
[2]	valid_0's binary_logloss: 0.245449
Training until validation scores don't improve for 50 rounds
Early stopping, best iteration is:
[21]	valid_0's binary_logloss: 0.157533
Training until validation scores don't improve for 50 rounds
Early stopping, best iteration is:
[1]	valid_0's binary_logloss: 0.245449
Training until validation scores don't improve for 50 rounds
Did not meet early stopping. Best iteration is:
[90]	valid_0's binary_logloss: 0.135409
Training until validation scores don't improve for 50 rounds
Early stopping, best iteration is:
[1]	valid_0's binary_logloss: 0.245449
Training until validation scores don't improve for 50 rounds
Early stopping, best iteration is:
[22]	valid_0's binary_logloss: 0.245449
Training until validation scores don't improve for 50 rounds
Early stopping, best iteration is:
[1]	valid_0's binary_logloss: 0.245449
Training until validation scores don't improve for 50 rounds
Did not meet early stopping. Best iteration is:
[62]	valid_0's binary_logloss: 0.214605
Training until validation scores don't improve for 50 rounds
Early stopping, best iteration is:
[12]	valid_0's binary_logloss: 0.155947
Training until validation scores don't improve for 50 rounds
Did not meet early stopping. Best iteration is:
[54]	valid_0's binary_logloss: 0.146591
Training until validation scores don't improve for 50 rounds
Did not meet early stopping. Best iteration is:
[51]	valid_0's binary_logloss: 0.150921
Training until validation scores don't improve for 50 rounds
Early stopping, best iteration is:
[48]	valid_0's binary_logloss: 0.13141
Training until validation scores don't improve for 50 rounds
Early stopping, best iteration is:
[39]	valid_0's binary_logloss: 0.127507
Training until validation scores don't improve for 50 rounds
Early stopping, best iteration is:
[40]	valid_0's binary_logloss: 0.144786
Training until validation scores don't improve for 50 rounds
Did not meet early stopping. Best iteration is:
[77]	valid_0's binary_logloss: 0.169515
Training until validation scores don't improve for 50 rounds
Early stopping, best iteration is:
[30]	valid_0's binary_logloss: 0.139305
Training until validation scores don't improve for 50 rounds
Did not meet early stopping. Best iteration is:
[97]	valid_0's binary_logloss: 0.159271
Training until validation scores don't improve for 50 rounds
Did not meet early stopping. Best iteration is:
[58]	valid_0's binary_logloss: 0.151939
Training until validation scores don't improve for 50 rounds
Did not meet early stopping. Best iteration is:
[75]	valid_0's binary_logloss: 0.200466
Training until validation scores don't improve for 50 rounds
Did not meet early stopping. Best iteration is:
[100]	valid_0's binary_logloss: 0.19201
Training until validation scores don't improve for 50 rounds
Did not meet early stopping. Best iteration is:
[58]	valid_0's binary_logloss: 0.127258
Training until validation scores don't improve for 50 rounds
Early stopping, best iteration is:
[5]	valid_0's binary_logloss: 0.245449
Training until validation scores don't improve for 50 rounds
Early stopping, best iteration is:
[15]	valid_0's binary_logloss: 0.245449
Training until validation scores don't improve for 50 rounds
Did not meet early stopping. Best iteration is:
[96]	valid_0's binary_logloss: 0.183609
Training until validation scores don't improve for 50 rounds
Did not meet early stopping. Best iteration is:
[91]	valid_0's binary_logloss: 0.147653
Training until validation scores don't improve for 50 rounds
Early stopping, best iteration is:
[47]	valid_0's binary_logloss: 0.126694
Training until validation scores don't improve for 50 rounds
[I 2025-09-17 13:16:40,031] Trial 29 finished with value: 0.9642857142857143 and parameters: {'num_leaves': 89, 'learning_rate': 0.11176900983090224, 'feature_fraction': 0.7069893651967941, 'bagging_fraction': 0.8605731225556639, 'bagging_freq': 4, 'min_child_samples': 29}. Best is trial 29 with value: 0.9642857142857143.
[I 2025-09-17 13:16:40,167] Trial 30 finished with value: 0.9642857142857143 and parameters: {'num_leaves': 90, 'learning_rate': 0.13893731058640635, 'feature_fraction': 0.4732411841767481, 'bagging_fraction': 0.8582041020219624, 'bagging_freq': 3, 'min_child_samples': 8}. Best is trial 29 with value: 0.9642857142857143.
[I 2025-09-17 13:16:40,283] Trial 31 finished with value: 0.9464285714285715 and parameters: {'num_leaves': 87, 'learning_rate': 0.14080890606115448, 'feature_fraction': 0.4742880897568543, 'bagging_fraction': 0.8626204016338164, 'bagging_freq': 3, 'min_child_samples': 8}. Best is trial 29 with value: 0.9642857142857143.
[I 2025-09-17 13:16:40,320] Trial 32 finished with value: 0.9464285714285715 and parameters: {'num_leaves': 94, 'learning_rate': 0.19895356328092884, 'feature_fraction': 0.4501409067469132, 'bagging_fraction': 0.9293682454989662, 'bagging_freq': 4, 'min_child_samples': 29}. Best is trial 29 with value: 0.9642857142857143.
[I 2025-09-17 13:16:40,439] Trial 33 finished with value: 0.9285714285714286 and parameters: {'num_leaves': 58, 'learning_rate': 0.1086563655301557, 'feature_fraction': 0.5164018021449934, 'bagging_fraction': 0.8919823614748549, 'bagging_freq': 3, 'min_child_samples': 8}. Best is trial 29 with value: 0.9642857142857143.
[I 2025-09-17 13:16:40,500] Trial 34 finished with value: 0.9464285714285715 and parameters: {'num_leaves': 98, 'learning_rate': 0.13614458690469608, 'feature_fraction': 0.5749714050220245, 'bagging_fraction': 0.8409852985727596, 'bagging_freq': 4, 'min_child_samples': 19}. Best is trial 29 with value: 0.9642857142857143.
[I 2025-09-17 13:16:40,566] Trial 35 finished with value: 0.9285714285714286 and parameters: {'num_leaves': 118, 'learning_rate': 0.16857350538052338, 'feature_fraction': 0.6302844821150617, 'bagging_fraction': 0.9681298051964726, 'bagging_freq': 3, 'min_child_samples': 13}. Best is trial 29 with value: 0.9642857142857143.
[I 2025-09-17 13:16:40,597] Trial 36 finished with value: 0.9464285714285715 and parameters: {'num_leaves': 70, 'learning_rate': 0.19828677668822875, 'feature_fraction': 0.8309862285241401, 'bagging_fraction': 0.8131306334989419, 'bagging_freq': 4, 'min_child_samples': 27}. Best is trial 29 with value: 0.9642857142857143.
[I 2025-09-17 13:16:40,625] Trial 37 finished with value: 0.9285714285714286 and parameters: {'num_leaves': 40, 'learning_rate': 0.08417151373900086, 'feature_fraction': 0.5596909827154206, 'bagging_fraction': 0.8988380741451533, 'bagging_freq': 1, 'min_child_samples': 46}. Best is trial 29 with value: 0.9642857142857143.
[I 2025-09-17 13:16:40,637] Trial 38 finished with value: 0.5 and parameters: {'num_leaves': 152, 'learning_rate': 0.1184802143336047, 'feature_fraction': 0.5048743331574265, 'bagging_fraction': 0.7808835320330565, 'bagging_freq': 3, 'min_child_samples': 65}. Best is trial 29 with value: 0.9642857142857143.
[I 2025-09-17 13:16:40,669] Trial 39 finished with value: 0.9285714285714286 and parameters: {'num_leaves': 126, 'learning_rate': 0.10740413010695647, 'feature_fraction': 0.4555572304688176, 'bagging_fraction': 0.9715643890280625, 'bagging_freq': 5, 'min_child_samples': 34}. Best is trial 29 with value: 0.9642857142857143.
