[I 2025-09-17 13:17:27,665] Trial 17 finished with value: 0.650375939849624 and parameters: {'num_leaves': 130, 'learning_rate': 0.15208077551910837, 'feature_fraction': 0.9531043806859923, 'bagging_fraction': 0.8973939986997455, 'bagging_freq': 1, 'min_child_samples': 6}. Best is trial 10 with value: 0.7105263157894737.
[I 2025-09-17 13:17:27,690] Trial 18 finished with value: 0.5845864661654135 and parameters: {'num_leaves': 71, 'learning_rate': 0.1071892826830945, 'feature_fraction': 0.6431761344247011, 'bagging_fraction': 0.5690397559251315, 'bagging_freq': 4, 'min_child_samples': 20}. Best is trial 10 with value: 0.7105263157894737.
[I 2025-09-17 13:17:27,702] Trial 19 finished with value: 0.5 and parameters: {'num_leaves': 140, 'learning_rate': 0.16921456759825793, 'feature_fraction': 0.7394683976009663, 'bagging_fraction': 0.7123368198238781, 'bagging_freq': 2, 'min_child_samples': 59}. Best is trial 10 with value: 0.7105263157894737.
[I 2025-09-17 13:17:27,715] Trial 20 finished with value: 0.5 and parameters: {'num_leaves': 92, 'learning_rate': 0.05428587522519515, 'feature_fraction': 0.4110316726506395, 'bagging_fraction': 0.9413803409944461, 'bagging_freq': 3, 'min_child_samples': 77}. Best is trial 10 with value: 0.7105263157894737.
[I 2025-09-17 13:17:27,742] Trial 21 finished with value: 0.7518796992481203 and parameters: {'num_leaves': 111, 'learning_rate': 0.12026451513208408, 'feature_fraction': 0.6887122182327512, 'bagging_fraction': 0.9534604394691396, 'bagging_freq': 1, 'min_child_samples': 28}. Best is trial 21 with value: 0.7518796992481203.
[I 2025-09-17 13:17:27,766] Trial 22 finished with value: 0.6390977443609023 and parameters: {'num_leaves': 55, 'learning_rate': 0.11996791031875007, 'feature_fraction': 0.6283971811280875, 'bagging_fraction': 0.856567614202329, 'bagging_freq': 1, 'min_child_samples': 32}. Best is trial 21 with value: 0.7518796992481203.
[I 2025-09-17 13:17:27,785] Trial 23 finished with value: 0.612781954887218 and parameters: {'num_leaves': 300, 'learning_rate': 0.14452641825068793, 'feature_fraction': 0.7417488885577737, 'bagging_fraction': 0.942028048507271, 'bagging_freq': 2, 'min_child_samples': 42}. Best is trial 21 with value: 0.7518796992481203.
[I 2025-09-17 13:17:27,833] Trial 24 finished with value: 0.6203007518796992 and parameters: {'num_leaves': 171, 'learning_rate': 0.09697375775954482, 'feature_fraction': 0.8425766835283548, 'bagging_fraction': 0.772202310151596, 'bagging_freq': 1, 'min_child_samples': 12}. Best is trial 21 with value: 0.7518796992481203.
[I 2025-09-17 13:17:27,856] Trial 25 finished with value: 0.6954887218045113 and parameters: {'num_leaves': 132, 'learning_rate': 0.1771777630679326, 'feature_fraction': 0.5760045465261177, 'bagging_fraction': 0.8643667638127498, 'bagging_freq': 2, 'min_child_samples': 27}. Best is trial 21 with value: 0.7518796992481203.
[I 2025-09-17 13:17:27,878] Trial 26 finished with value: 0.5281954887218046 and parameters: {'num_leaves': 126, 'learning_rate': 0.1857474563296161, 'feature_fraction': 0.4842075760606165, 'bagging_fraction': 0.9474315164035434, 'bagging_freq': 2, 'min_child_samples': 54}. Best is trial 21 with value: 0.7518796992481203.
[I 2025-09-17 13:17:27,904] Trial 27 finished with value: 0.6954887218045113 and parameters: {'num_leaves': 191, 'learning_rate': 0.1815505388331301, 'feature_fraction': 0.5541606289809046, 'bagging_fraction': 0.8626702217282767, 'bagging_freq': 2, 'min_child_samples': 27}. Best is trial 21 with value: 0.7518796992481203.
[I 2025-09-17 13:17:27,919] Trial 28 finished with value: 0.5488721804511278 and parameters: {'num_leaves': 150, 'learning_rate': 0.24524565834858142, 'feature_fraction': 0.6140443842399219, 'bagging_fraction': 0.9632153154199558, 'bagging_freq': 3, 'min_child_samples': 50}. Best is trial 21 with value: 0.7518796992481203.
[I 2025-09-17 13:17:27,938] Trial 29 finished with value: 0.5977443609022558 and parameters: {'num_leaves': 96, 'learning_rate': 0.07574600019641455, 'feature_fraction': 0.671016653075613, 'bagging_fraction': 0.87333398819842, 'bagging_freq': 7, 'min_child_samples': 41}. Best is trial 21 with value: 0.7518796992481203.
[I 2025-09-17 13:17:27,967] Trial 30 finished with value: 0.7236842105263158 and parameters: {'num_leaves': 148, 'learning_rate': 0.14942040337976076, 'feature_fraction': 0.5007327708490704, 'bagging_fraction': 0.8210529974810992, 'bagging_freq': 1, 'min_child_samples': 26}. Best is trial 21 with value: 0.7518796992481203.
[I 2025-09-17 13:17:27,994] Trial 31 finished with value: 0.6917293233082706 and parameters: {'num_leaves': 145, 'learning_rate': 0.15512418051808052, 'feature_fraction': 0.4962794840999299, 'bagging_fraction': 0.9185197962600568, 'bagging_freq': 1, 'min_child_samples': 29}. Best is trial 21 with value: 0.7518796992481203.
[I 2025-09-17 13:17:28,028] Trial 32 finished with value: 0.618421052631579 and parameters: {'num_leaves': 134, 'learning_rate': 0.14043976381523873, 'feature_fraction': 0.582166371819097, 'bagging_fraction': 0.82871721174908, 'bagging_freq': 1, 'min_child_samples': 21}. Best is trial 21 with value: 0.7518796992481203.
[I 2025-09-17 13:17:28,049] Trial 33 finished with value: 0.6447368421052632 and parameters: {'num_leaves': 163, 'learning_rate': 0.22176405630590604, 'feature_fraction': 0.4780589389980504, 'bagging_fraction': 0.9737818673323497, 'bagging_freq': 2, 'min_child_samples': 35}. Best is trial 21 with value: 0.7518796992481203.
[I 2025-09-17 13:17:28,096] Trial 34 finished with value: 0.6766917293233082 and parameters: {'num_leaves': 116, 'learning_rate': 0.17101282952660463, 'feature_fraction': 0.4493352203812311, 'bagging_fraction': 0.8306719786375029, 'bagging_freq': 1, 'min_child_samples': 15}. Best is trial 21 with value: 0.7518796992481203.
Training until validation scores don't improve for 50 rounds
Did not meet early stopping. Best iteration is:
[100]	valid_0's binary_logloss: 0.601413
Training until validation scores don't improve for 50 rounds
Did not meet early stopping. Best iteration is:
[99]	valid_0's binary_logloss: 0.454358
Training until validation scores don't improve for 50 rounds
Did not meet early stopping. Best iteration is:
[58]	valid_0's binary_logloss: 0.46139
Training until validation scores don't improve for 50 rounds
Early stopping, best iteration is:
[3]	valid_0's binary_logloss: 0.682256
Training until validation scores don't improve for 50 rounds
Early stopping, best iteration is:
[19]	valid_0's binary_logloss: 0.386253
Training until validation scores don't improve for 50 rounds
Early stopping, best iteration is:
[26]	valid_0's binary_logloss: 0.318079
Training until validation scores don't improve for 50 rounds
Early stopping, best iteration is:
[50]	valid_0's binary_logloss: 0.430096
Training until validation scores don't improve for 50 rounds
Early stopping, best iteration is:
[37]	valid_0's binary_logloss: 0.403136
Training until validation scores don't improve for 50 rounds
Early stopping, best iteration is:
[15]	valid_0's binary_logloss: 0.38982
Training until validation scores don't improve for 50 rounds
Did not meet early stopping. Best iteration is:
[55]	valid_0's binary_logloss: 0.454821
Training until validation scores don't improve for 50 rounds
Early stopping, best iteration is:
[15]	valid_0's binary_logloss: 0.55282
Training until validation scores don't improve for 50 rounds
Early stopping, best iteration is:
[46]	valid_0's binary_logloss: 0.491493
Training until validation scores don't improve for 50 rounds
Early stopping, best iteration is:
[48]	valid_0's binary_logloss: 0.615194
Training until validation scores don't improve for 50 rounds
Did not meet early stopping. Best iteration is:
[99]	valid_0's binary_logloss: 0.489728
Training until validation scores don't improve for 50 rounds
Did not meet early stopping. Best iteration is:
[100]	valid_0's binary_logloss: 0.550912
Training until validation scores don't improve for 50 rounds
Early stopping, best iteration is:
[32]	valid_0's binary_logloss: 0.322766
Training until validation scores don't improve for 50 rounds
Early stopping, best iteration is:
[13]	valid_0's binary_logloss: 0.39063
Training until validation scores don't improve for 50 rounds
Early stopping, best iteration is:
[15]	valid_0's binary_logloss: 0.432333
Training until validation scores don't improve for 50 rounds
Early stopping, best iteration is:
[31]	valid_0's binary_logloss: 0.334349
Training until validation scores don't improve for 50 rounds
Early stopping, best iteration is:
[32]	valid_0's binary_logloss: 0.447825
Training until validation scores don't improve for 50 rounds
Early stopping, best iteration is:
[40]	valid_0's binary_logloss: 0.360871
Training until validation scores don't improve for 50 rounds
Did not meet early stopping. Best iteration is:
[70]	valid_0's binary_logloss: 0.449272
Training until validation scores don't improve for 50 rounds
Early stopping, best iteration is:
[33]	valid_0's binary_logloss: 0.357108
Training until validation scores don't improve for 50 rounds
Early stopping, best iteration is:
[3]	valid_0's binary_logloss: 0.682256
Training until validation scores don't improve for 50 rounds
Early stopping, best iteration is:
[10]	valid_0's binary_logloss: 0.682036
Training until validation scores don't improve for 50 rounds
Early stopping, best iteration is:
[4]	valid_0's binary_logloss: 0.682036
Training until validation scores don't improve for 50 rounds
Early stopping, best iteration is:
[11]	valid_0's binary_logloss: 0.614934
Training until validation scores don't improve for 50 rounds
Early stopping, best iteration is:
[29]	valid_0's binary_logloss: 0.682036
Training until validation scores don't improve for 50 rounds
Early stopping, best iteration is:
[9]	valid_0's binary_logloss: 0.665598
Training until validation scores don't improve for 50 rounds
Early stopping, best iteration is:
[1]	valid_0's binary_logloss: 0.682036
Training until validation scores don't improve for 50 rounds
Early stopping, best iteration is:
[35]	valid_0's binary_logloss: 0.613131
Training until validation scores don't improve for 50 rounds
Early stopping, best iteration is:
[49]	valid_0's binary_logloss: 0.682036
Training until validation scores don't improve for 50 rounds
Early stopping, best iteration is:
[16]	valid_0's binary_logloss: 0.682036
Training until validation scores don't improve for 50 rounds
Early stopping, best iteration is:
[1]	valid_0's binary_logloss: 0.635667
Training until validation scores don't improve for 50 rounds
Early stopping, best iteration is:
[9]	valid_0's binary_logloss: 0.600319
Training until validation scores don't improve for 50 rounds
Early stopping, best iteration is:
[23]	valid_0's binary_logloss: 0.611088
Training until validation scores don't improve for 50 rounds
Early stopping, best iteration is:
[2]	valid_0's binary_logloss: 0.651824
Training until validation scores don't improve for 50 rounds
Early stopping, best iteration is:
[9]	valid_0's binary_logloss: 0.652966
Training until validation scores don't improve for 50 rounds
Did not meet early stopping. Best iteration is:
[73]	valid_0's binary_logloss: 0.679855
Training until validation scores don't improve for 50 rounds
Early stopping, best iteration is:
[11]	valid_0's binary_logloss: 0.592209
Training until validation scores don't improve for 50 rounds
Early stopping, best iteration is:
[4]	valid_0's binary_logloss: 0.671762
Training until validation scores don't improve for 50 rounds
Early stopping, best iteration is:
[8]	valid_0's binary_logloss: 0.64282
Training until validation scores don't improve for 50 rounds
Early stopping, best iteration is:
[4]	valid_0's binary_logloss: 0.668512
Training until validation scores don't improve for 50 rounds
Early stopping, best iteration is:
[2]	valid_0's binary_logloss: 0.682036
Training until validation scores don't improve for 50 rounds
Early stopping, best iteration is:
[7]	valid_0's binary_logloss: 0.682036
Training until validation scores don't improve for 50 rounds
Early stopping, best iteration is:
[12]	valid_0's binary_logloss: 0.591054
Training until validation scores don't improve for 50 rounds
Early stopping, best iteration is:
[6]	valid_0's binary_logloss: 0.653087
Training until validation scores don't improve for 50 rounds
Early stopping, best iteration is:
[5]	valid_0's binary_logloss: 0.656619
Training until validation scores don't improve for 50 rounds
Early stopping, best iteration is:
[10]	valid_0's binary_logloss: 0.623036
Training until validation scores don't improve for 50 rounds
Early stopping, best iteration is:
[9]	valid_0's binary_logloss: 0.607134
Training until validation scores don't improve for 50 rounds
Early stopping, best iteration is:
[2]	valid_0's binary_logloss: 0.678167
Training until validation scores don't improve for 50 rounds
Early stopping, best iteration is:
[9]	valid_0's binary_logloss: 0.60729
Training until validation scores don't improve for 50 rounds
Early stopping, best iteration is:
[3]	valid_0's binary_logloss: 0.675809
Training until validation scores don't improve for 50 rounds
Early stopping, best iteration is:
[31]	valid_0's binary_logloss: 0.649075
Training until validation scores don't improve for 50 rounds
Early stopping, best iteration is:
[5]	valid_0's binary_logloss: 0.611136
Training until validation scores don't improve for 50 rounds
Early stopping, best iteration is:
[23]	valid_0's binary_logloss: 0.599412
Training until validation scores don't improve for 50 rounds
Early stopping, best iteration is:
[8]	valid_0's binary_logloss: 0.623309
Training until validation scores don't improve for 50 rounds
Early stopping, best iteration is:
[10]	valid_0's binary_logloss: 0.666005
Training until validation scores don't improve for 50 rounds
Early stopping, best iteration is:
[8]	valid_0's binary_logloss: 0.605919
Training until validation scores don't improve for 50 rounds
[I 2025-09-17 13:17:28,127] Trial 35 finished with value: 0.631578947368421 and parameters: {'num_leaves': 188, 'learning_rate': 0.10704423693916623, 'feature_fraction': 0.5898174306563333, 'bagging_fraction': 0.9226234604940011, 'bagging_freq': 1, 'min_child_samples': 26}. Best is trial 21 with value: 0.7518796992481203.
[I 2025-09-17 13:17:28,161] Trial 36 finished with value: 0.7105263157894737 and parameters: {'num_leaves': 94, 'learning_rate': 0.2003254867084957, 'feature_fraction': 0.6659226391972566, 'bagging_fraction': 0.8563802723430525, 'bagging_freq': 2, 'min_child_samples': 22}. Best is trial 21 with value: 0.7518796992481203.
[I 2025-09-17 13:17:28,176] Trial 37 finished with value: 0.5733082706766917 and parameters: {'num_leaves': 91, 'learning_rate': 0.20637804576752805, 'feature_fraction': 0.7106150344786524, 'bagging_fraction': 0.8011625927522287, 'bagging_freq': 5, 'min_child_samples': 46}. Best is trial 21 with value: 0.7518796992481203.
[I 2025-09-17 13:17:28,193] Trial 38 finished with value: 0.5 and parameters: {'num_leaves': 52, 'learning_rate': 0.0644384695387512, 'feature_fraction': 0.7787873611541895, 'bagging_fraction': 0.7325883440285178, 'bagging_freq': 4, 'min_child_samples': 77}. Best is trial 21 with value: 0.7518796992481203.
[I 2025-09-17 13:17:28,207] Trial 39 finished with value: 0.5 and parameters: {'num_leaves': 218, 'learning_rate': 0.19335132840614863, 'feature_fraction': 0.67134188854368, 'bagging_fraction': 0.6668826232029297, 'bagging_freq': 1, 'min_child_samples': 100}. Best is trial 21 with value: 0.7518796992481203.
[I 2025-09-17 13:17:28,245] Trial 40 finished with value: 0.6447368421052632 and parameters: {'num_leaves': 174, 'learning_rate': 0.23496139510577352, 'feature_fraction': 0.5169196689181733, 'bagging_fraction': 0.8000048524124147, 'bagging_freq': 3, 'min_child_samples': 19}. Best is trial 21 with value: 0.7518796992481203.
[I 2025-09-17 13:17:28,267] Trial 41 finished with value: 0.6616541353383458 and parameters: {'num_leaves': 97, 'learning_rate': 0.1365975473244869, 'feature_fraction': 0.6486122254611018, 'bagging_fraction': 0.8717322542052038, 'bagging_freq': 2, 'min_child_samples': 35}. Best is trial 21 with value: 0.7518796992481203.
[I 2025-09-17 13:17:28,301] Trial 42 finished with value: 0.7142857142857143 and parameters: {'num_leaves': 123, 'learning_rate': 0.11463640831577507, 'feature_fraction': 0.5640202559139493, 'bagging_fraction': 0.8458870424754757, 'bagging_freq': 2, 'min_child_samples': 25}. Best is trial 21 with value: 0.7518796992481203.
[I 2025-09-17 13:17:28,341] Trial 43 finished with value: 0.6992481203007519 and parameters: {'num_leaves': 150, 'learning_rate': 0.1097502904804775, 'feature_fraction': 0.7165891158141986, 'bagging_fraction': 0.9216470267400481, 'bagging_freq': 1, 'min_child_samples': 23}. Best is trial 21 with value: 0.7518796992481203.
[I 2025-09-17 13:17:28,407] Trial 44 finished with value: 0.6466165413533834 and parameters: {'num_leaves': 122, 'learning_rate': 0.09451230368336012, 'feature_fraction': 0.4499872734557041, 'bagging_fraction': 0.8274498307003014, 'bagging_freq': 3, 'min_child_samples': 9}. Best is trial 21 with value: 0.7518796992481203.
[I 2025-09-17 13:17:28,456] Trial 45 finished with value: 0.6466165413533835 and parameters: {'num_leaves': 82, 'learning_rate': 0.12576676164810585, 'feature_fraction': 0.5536186629635526, 'bagging_fraction': 0.9979558257966124, 'bagging_freq': 2, 'min_child_samples': 15}. Best is trial 21 with value: 0.7518796992481203.
[I 2025-09-17 13:17:28,476] Trial 46 finished with value: 0.5789473684210527 and parameters: {'num_leaves': 200, 'learning_rate': 0.15544547244381843, 'feature_fraction': 0.6111397789791395, 'bagging_fraction': 0.7572638743162157, 'bagging_freq': 1, 'min_child_samples': 33}. Best is trial 21 with value: 0.7518796992481203.
[I 2025-09-17 13:17:28,499] Trial 47 finished with value: 0.6221804511278195 and parameters: {'num_leaves': 105, 'learning_rate': 0.11938062409968923, 'feature_fraction': 0.7613635591650698, 'bagging_fraction': 0.8969330777526031, 'bagging_freq': 1, 'min_child_samples': 39}. Best is trial 21 with value: 0.7518796992481203.
[I 2025-09-17 13:17:28,561] Trial 48 finished with value: 0.6917293233082706 and parameters: {'num_leaves': 157, 'learning_rate': 0.08675624475983688, 'feature_fraction': 0.40058072445853865, 'bagging_fraction': 0.9677141716502875, 'bagging_freq': 2, 'min_child_samples': 17}. Best is trial 21 with value: 0.7518796992481203.
[I 2025-09-17 13:17:28,584] Trial 49 finished with value: 0.4605263157894737 and parameters: {'num_leaves': 233, 'learning_rate': 0.2556925514592631, 'feature_fraction': 0.8131096506802291, 'bagging_fraction': 0.45067218313195867, 'bagging_freq': 1, 'min_child_samples': 24}. Best is trial 21 with value: 0.7518796992481203.
[I 2025-09-17 13:17:28,971] A new study created in memory with name: no-name-03ef7058-9142-4dff-95a1-c09126a163f8
[I 2025-09-17 13:17:28,980] Trial 0 finished with value: 0.5 and parameters: {'num_leaves': 88, 'learning_rate': 0.11843874824628804, 'feature_fraction': 0.9635769139104624, 'bagging_fraction': 0.535434791948842, 'bagging_freq': 3, 'min_child_samples': 44}. Best is trial 0 with value: 0.5.
[I 2025-09-17 13:17:28,989] Trial 1 finished with value: 0.5 and parameters: {'num_leaves': 149, 'learning_rate': 0.08079043914766212, 'feature_fraction': 0.5631300403527003, 'bagging_fraction': 0.6648356038598693, 'bagging_freq': 7, 'min_child_samples': 84}. Best is trial 0 with value: 0.5.
[I 2025-09-17 13:17:29,009] Trial 2 finished with value: 0.7888888888888889 and parameters: {'num_leaves': 221, 'learning_rate': 0.06984829611208426, 'feature_fraction': 0.9468947401160921, 'bagging_fraction': 0.573642459731528, 'bagging_freq': 4, 'min_child_samples': 36}. Best is trial 2 with value: 0.7888888888888889.
[I 2025-09-17 13:17:29,021] Trial 3 finished with value: 0.5 and parameters: {'num_leaves': 187, 'learning_rate': 0.05790624334986703, 'feature_fraction': 0.4206485643445601, 'bagging_fraction': 0.7101565849798843, 'bagging_freq': 7, 'min_child_samples': 90}. Best is trial 2 with value: 0.7888888888888889.
[I 2025-09-17 13:17:29,052] Trial 4 finished with value: 0.8148148148148148 and parameters: {'num_leaves': 213, 'learning_rate': 0.11757860924088304, 'feature_fraction': 0.5202630473074304, 'bagging_fraction': 0.5367138093623075, 'bagging_freq': 4, 'min_child_samples': 15}. Best is trial 4 with value: 0.8148148148148148.
[I 2025-09-17 13:17:29,123] Trial 5 finished with value: 0.8333333333333334 and parameters: {'num_leaves': 67, 'learning_rate': 0.16464624384842086, 'feature_fraction': 0.5927205476506004, 'bagging_fraction': 0.4884802958547538, 'bagging_freq': 6, 'min_child_samples': 5}. Best is trial 5 with value: 0.8333333333333334.
[I 2025-09-17 13:17:29,154] Trial 6 finished with value: 0.7962962962962963 and parameters: {'num_leaves': 131, 'learning_rate': 0.2406465090098592, 'feature_fraction': 0.7450898760748372, 'bagging_fraction': 0.9743068695083333, 'bagging_freq': 3, 'min_child_samples': 19}. Best is trial 5 with value: 0.8333333333333334.
[I 2025-09-17 13:17:29,174] Trial 7 finished with value: 0.8296296296296297 and parameters: {'num_leaves': 193, 'learning_rate': 0.2943867490291174, 'feature_fraction': 0.8648489440981106, 'bagging_fraction': 0.967510334926971, 'bagging_freq': 2, 'min_child_samples': 31}. Best is trial 5 with value: 0.8333333333333334.
[I 2025-09-17 13:17:29,194] Trial 8 finished with value: 0.7962962962962963 and parameters: {'num_leaves': 89, 'learning_rate': 0.2168346004350857, 'feature_fraction': 0.717764848439461, 'bagging_fraction': 0.4597872627829284, 'bagging_freq': 3, 'min_child_samples': 25}. Best is trial 5 with value: 0.8333333333333334.
