[I 2025-09-17 13:15:21,212] Trial 10 finished with value: 0.9157894736842106 and parameters: {'num_leaves': 24, 'learning_rate': 0.09420292611284778, 'feature_fraction': 0.7413971542146106, 'bagging_fraction': 0.9397371113733162, 'bagging_freq': 6, 'min_child_samples': 15}. Best is trial 9 with value: 0.9192982456140352.
Early stopping, best iteration is:
[23]	valid_0's binary_logloss: 0.443553
Training until validation scores don't improve for 50 rounds
Early stopping, best iteration is:
[12]	valid_0's binary_logloss: 0.686352
Training until validation scores don't improve for 50 rounds
Did not meet early stopping. Best iteration is:
[59]	valid_0's binary_logloss: 0.508477
Training until validation scores don't improve for 50 rounds
Early stopping, best iteration is:
[5]	valid_0's binary_logloss: 0.686352
Training until validation scores don't improve for 50 rounds
Early stopping, best iteration is:
[17]	valid_0's binary_logloss: 0.507479
Training until validation scores don't improve for 50 rounds
Early stopping, best iteration is:
[3]	valid_0's binary_logloss: 0.686352
Training until validation scores don't improve for 50 rounds
Early stopping, best iteration is:
[31]	valid_0's binary_logloss: 0.686352
Training until validation scores don't improve for 50 rounds
Early stopping, best iteration is:
[4]	valid_0's binary_logloss: 0.686352
Training until validation scores don't improve for 50 rounds
Early stopping, best iteration is:
[2]	valid_0's binary_logloss: 0.686352
Training until validation scores don't improve for 50 rounds
Early stopping, best iteration is:
[20]	valid_0's binary_logloss: 0.399978
Training until validation scores don't improve for 50 rounds
Early stopping, best iteration is:
[22]	valid_0's binary_logloss: 0.378698
Training until validation scores don't improve for 50 rounds
Early stopping, best iteration is:
[32]	valid_0's binary_logloss: 0.473134
Training until validation scores don't improve for 50 rounds
Early stopping, best iteration is:
[16]	valid_0's binary_logloss: 0.507793
Training until validation scores don't improve for 50 rounds
Did not meet early stopping. Best iteration is:
[74]	valid_0's binary_logloss: 0.48433
Training until validation scores don't improve for 50 rounds
Early stopping, best iteration is:
[30]	valid_0's binary_logloss: 0.441394
Training until validation scores don't improve for 50 rounds
Early stopping, best iteration is:
[14]	valid_0's binary_logloss: 0.42763
Training until validation scores don't improve for 50 rounds
Early stopping, best iteration is:
[11]	valid_0's binary_logloss: 0.407104
Training until validation scores don't improve for 50 rounds
Did not meet early stopping. Best iteration is:
[59]	valid_0's binary_logloss: 0.548674
Training until validation scores don't improve for 50 rounds
Early stopping, best iteration is:
[12]	valid_0's binary_logloss: 0.379685
Training until validation scores don't improve for 50 rounds
Early stopping, best iteration is:
[12]	valid_0's binary_logloss: 0.421881
Training until validation scores don't improve for 50 rounds
Early stopping, best iteration is:
[16]	valid_0's binary_logloss: 0.431673
Training until validation scores don't improve for 50 rounds
Early stopping, best iteration is:
[18]	valid_0's binary_logloss: 0.478607
Training until validation scores don't improve for 50 rounds
Did not meet early stopping. Best iteration is:
[58]	valid_0's binary_logloss: 0.497118
Training until validation scores don't improve for 50 rounds
Early stopping, best iteration is:
[25]	valid_0's binary_logloss: 0.406805
Training until validation scores don't improve for 50 rounds
Early stopping, best iteration is:
[16]	valid_0's binary_logloss: 0.438014
Training until validation scores don't improve for 50 rounds
Early stopping, best iteration is:
[12]	valid_0's binary_logloss: 0.498727
Training until validation scores don't improve for 50 rounds
Early stopping, best iteration is:
[14]	valid_0's binary_logloss: 0.412928
Training until validation scores don't improve for 50 rounds
Early stopping, best iteration is:
[24]	valid_0's binary_logloss: 0.43502
Training until validation scores don't improve for 50 rounds
Early stopping, best iteration is:
[20]	valid_0's binary_logloss: 0.386593
Training until validation scores don't improve for 50 rounds
Did not meet early stopping. Best iteration is:
[100]	valid_0's binary_logloss: 0.470745
Training until validation scores don't improve for 50 rounds
Early stopping, best iteration is:
[20]	valid_0's binary_logloss: 0.495859
Training until validation scores don't improve for 50 rounds
Early stopping, best iteration is:
[24]	valid_0's binary_logloss: 0.409163
Training until validation scores don't improve for 50 rounds
Early stopping, best iteration is:
[42]	valid_0's binary_logloss: 0.415331
Training until validation scores don't improve for 50 rounds
Early stopping, best iteration is:
[30]	valid_0's binary_logloss: 0.409045
Training until validation scores don't improve for 50 rounds
Early stopping, best iteration is:
[8]	valid_0's binary_logloss: 0.434379
Training until validation scores don't improve for 50 rounds
Early stopping, best iteration is:
[12]	valid_0's binary_logloss: 0.477228
Training until validation scores don't improve for 50 rounds
Early stopping, best iteration is:
[2]	valid_0's binary_logloss: 0.686352
Training until validation scores don't improve for 50 rounds
Early stopping, best iteration is:
[10]	valid_0's binary_logloss: 0.36204
Training until validation scores don't improve for 50 rounds
Early stopping, best iteration is:
[9]	valid_0's binary_logloss: 0.509052
Training until validation scores don't improve for 50 rounds
Early stopping, best iteration is:
[47]	valid_0's binary_logloss: 0.686352
Training until validation scores don't improve for 50 rounds
Early stopping, best iteration is:
[11]	valid_0's binary_logloss: 0.384648
Training until validation scores don't improve for 50 rounds
Early stopping, best iteration is:
[9]	valid_0's binary_logloss: 0.416098
Training until validation scores don't improve for 50 rounds
Early stopping, best iteration is:
[22]	valid_0's binary_logloss: 0.473779
Training until validation scores don't improve for 50 rounds
Early stopping, best iteration is:
[10]	valid_0's binary_logloss: 0.441188
Training until validation scores don't improve for 50 rounds
Early stopping, best iteration is:
[13]	valid_0's binary_logloss: 0.408376
Training until validation scores don't improve for 50 rounds
Early stopping, best iteration is:
[8]	valid_0's binary_logloss: 0.374882
Training until validation scores don't improve for 50 rounds
Early stopping, best iteration is:
[9]	valid_0's binary_logloss: 0.362298
Training until validation scores don't improve for 50 rounds
Early stopping, best iteration is:
[18]	valid_0's binary_logloss: 0.400482
Training until validation scores don't improve for 50 rounds
Early stopping, best iteration is:
[7]	valid_0's binary_logloss: 0.39847
Training until validation scores don't improve for 50 rounds
Early stopping, best iteration is:
[4]	valid_0's binary_logloss: 0.686352
Training until validation scores don't improve for 50 rounds
Early stopping, best iteration is:
[16]	valid_0's binary_logloss: 0.686352
Training until validation scores don't improve for 50 rounds
Early stopping, best iteration is:
[7]	valid_0's binary_logloss: 0.686352
Training until validation scores don't improve for 50 rounds
Early stopping, best iteration is:
[43]	valid_0's binary_logloss: 0.686352
Training until validation scores don't improve for 50 rounds
Early stopping, best iteration is:
[2]	valid_0's binary_logloss: 0.686352
Training until validation scores don't improve for 50 rounds
Early stopping, best iteration is:
[50]	valid_0's binary_logloss: 0.686352
Training until validation scores don't improve for 50 rounds
Early stopping, best iteration is:
[29]	valid_0's binary_logloss: 0.440765
Training until validation scores don't improve for 50 rounds
Early stopping, best iteration is:
[49]	valid_0's binary_logloss: 0.686352
Training until validation scores don't improve for 50 rounds
Early stopping, best iteration is:
[15]	valid_0's binary_logloss: 0.686352
Training until validation scores don't improve for 50 rounds
Did not meet early stopping. Best iteration is:
[62]	valid_0's binary_logloss: 0.35456
Training until validation scores don't improve for 50 rounds
Did not meet early stopping. Best iteration is:
[53]	valid_0's binary_logloss: 0.381018
[I 2025-09-17 13:15:21,290] Trial 11 finished with value: 0.9333333333333333 and parameters: {'num_leaves': 19, 'learning_rate': 0.09691809826448988, 'feature_fraction': 0.7623026436234778, 'bagging_fraction': 0.9427269488074767, 'bagging_freq': 6, 'min_child_samples': 14}. Best is trial 11 with value: 0.9333333333333333.
[I 2025-09-17 13:15:21,360] Trial 12 finished with value: 0.9228070175438596 and parameters: {'num_leaves': 10, 'learning_rate': 0.12704649372143306, 'feature_fraction': 0.9734656345798057, 'bagging_fraction': 0.9336082110214298, 'bagging_freq': 6, 'min_child_samples': 14}. Best is trial 11 with value: 0.9333333333333333.
[I 2025-09-17 13:15:21,509] Trial 13 finished with value: 0.9157894736842105 and parameters: {'num_leaves': 18, 'learning_rate': 0.09553406674099177, 'feature_fraction': 0.98500851506068, 'bagging_fraction': 0.9902137061155776, 'bagging_freq': 5, 'min_child_samples': 5}. Best is trial 11 with value: 0.9333333333333333.
[I 2025-09-17 13:15:21,540] Trial 14 finished with value: 0.9192982456140351 and parameters: {'num_leaves': 53, 'learning_rate': 0.11172558217603437, 'feature_fraction': 0.8042070338008203, 'bagging_fraction': 0.8381519655573988, 'bagging_freq': 6, 'min_child_samples': 28}. Best is trial 11 with value: 0.9333333333333333.
[I 2025-09-17 13:15:21,578] Trial 15 finished with value: 0.9263157894736842 and parameters: {'num_leaves': 134, 'learning_rate': 0.1378442954699539, 'feature_fraction': 0.6953562231394892, 'bagging_fraction': 0.8835577904328552, 'bagging_freq': 6, 'min_child_samples': 22}. Best is trial 11 with value: 0.9333333333333333.
[I 2025-09-17 13:15:21,605] Trial 16 finished with value: 0.8912280701754386 and parameters: {'num_leaves': 118, 'learning_rate': 0.06238497701745463, 'feature_fraction': 0.6683283690369173, 'bagging_fraction': 0.8177437755912008, 'bagging_freq': 4, 'min_child_samples': 35}. Best is trial 11 with value: 0.9333333333333333.
[I 2025-09-17 13:15:21,660] Trial 17 finished with value: 0.9087719298245615 and parameters: {'num_leaves': 132, 'learning_rate': 0.18073261565301071, 'feature_fraction': 0.5892004429463175, 'bagging_fraction': 0.7409129934868464, 'bagging_freq': 6, 'min_child_samples': 19}. Best is trial 11 with value: 0.9333333333333333.
[I 2025-09-17 13:15:21,689] Trial 18 finished with value: 0.8982456140350877 and parameters: {'num_leaves': 175, 'learning_rate': 0.07045966538528388, 'feature_fraction': 0.40563244073591526, 'bagging_fraction': 0.9066194868448261, 'bagging_freq': 1, 'min_child_samples': 39}. Best is trial 11 with value: 0.9333333333333333.
[I 2025-09-17 13:15:21,737] Trial 19 finished with value: 0.9228070175438596 and parameters: {'num_leaves': 121, 'learning_rate': 0.12833184073703227, 'feature_fraction': 0.7134799042422761, 'bagging_fraction': 0.9975129966786049, 'bagging_freq': 5, 'min_child_samples': 23}. Best is trial 11 with value: 0.9333333333333333.
[I 2025-09-17 13:15:21,864] Trial 20 finished with value: 0.9228070175438596 and parameters: {'num_leaves': 44, 'learning_rate': 0.189845733311448, 'feature_fraction': 0.8268924226536971, 'bagging_fraction': 0.7715256047481182, 'bagging_freq': 7, 'min_child_samples': 5}. Best is trial 11 with value: 0.9333333333333333.
[I 2025-09-17 13:15:21,921] Trial 21 finished with value: 0.9192982456140352 and parameters: {'num_leaves': 14, 'learning_rate': 0.13920130630050903, 'feature_fraction': 0.8986698822730919, 'bagging_fraction': 0.9042004926525878, 'bagging_freq': 6, 'min_child_samples': 14}. Best is trial 11 with value: 0.9333333333333333.
[I 2025-09-17 13:15:21,994] Trial 22 finished with value: 0.894736842105263 and parameters: {'num_leaves': 47, 'learning_rate': 0.13299056503132006, 'feature_fraction': 0.620802585799276, 'bagging_fraction': 0.9335107991705064, 'bagging_freq': 6, 'min_child_samples': 12}. Best is trial 11 with value: 0.9333333333333333.
[I 2025-09-17 13:15:22,028] Trial 23 finished with value: 0.9192982456140352 and parameters: {'num_leaves': 94, 'learning_rate': 0.09270290394707253, 'feature_fraction': 0.761767190406613, 'bagging_fraction': 0.8867245598085495, 'bagging_freq': 5, 'min_child_samples': 26}. Best is trial 11 with value: 0.9333333333333333.
[I 2025-09-17 13:15:22,072] Trial 24 finished with value: 0.9192982456140352 and parameters: {'num_leaves': 64, 'learning_rate': 0.1097594514127763, 'feature_fraction': 0.6895376018935464, 'bagging_fraction': 0.9678333857233969, 'bagging_freq': 6, 'min_child_samples': 21}. Best is trial 11 with value: 0.9333333333333333.
[I 2025-09-17 13:15:22,096] Trial 25 finished with value: 0.887719298245614 and parameters: {'num_leaves': 33, 'learning_rate': 0.058903024974612944, 'feature_fraction': 0.8500841294745454, 'bagging_fraction': 0.871835831325144, 'bagging_freq': 7, 'min_child_samples': 45}. Best is trial 11 with value: 0.9333333333333333.
[I 2025-09-17 13:15:22,193] Trial 26 finished with value: 0.9017543859649123 and parameters: {'num_leaves': 197, 'learning_rate': 0.18880725276296087, 'feature_fraction': 0.7163387635708359, 'bagging_fraction': 0.7922937207805878, 'bagging_freq': 4, 'min_child_samples': 7}. Best is trial 11 with value: 0.9333333333333333.
[I 2025-09-17 13:15:22,218] Trial 27 finished with value: 0.8982456140350876 and parameters: {'num_leaves': 102, 'learning_rate': 0.1413092814013191, 'feature_fraction': 0.933342208925585, 'bagging_fraction': 0.7046978614924299, 'bagging_freq': 2, 'min_child_samples': 33}. Best is trial 11 with value: 0.9333333333333333.
[I 2025-09-17 13:15:22,296] Trial 28 finished with value: 0.8842105263157894 and parameters: {'num_leaves': 149, 'learning_rate': 0.02057819661535651, 'feature_fraction': 0.5455683352030142, 'bagging_fraction': 0.9374025433701392, 'bagging_freq': 5, 'min_child_samples': 14}. Best is trial 11 with value: 0.9333333333333333.
[I 2025-09-17 13:15:22,318] Trial 29 finished with value: 0.887719298245614 and parameters: {'num_leaves': 271, 'learning_rate': 0.285143853112804, 'feature_fraction': 0.7983961441484856, 'bagging_fraction': 0.8564021498323147, 'bagging_freq': 7, 'min_child_samples': 40}. Best is trial 11 with value: 0.9333333333333333.
[I 2025-09-17 13:15:22,352] Trial 30 finished with value: 0.9228070175438596 and parameters: {'num_leaves': 61, 'learning_rate': 0.11526930043337497, 'feature_fraction': 0.8750871629328132, 'bagging_fraction': 0.7460904766335785, 'bagging_freq': 6, 'min_child_samples': 21}. Best is trial 11 with value: 0.9333333333333333.
[I 2025-09-17 13:15:22,390] Trial 31 finished with value: 0.9263157894736842 and parameters: {'num_leaves': 162, 'learning_rate': 0.12402816618482043, 'feature_fraction': 0.7193837565442703, 'bagging_fraction': 0.9764988845893111, 'bagging_freq': 5, 'min_child_samples': 24}. Best is trial 11 with value: 0.9333333333333333.
[I 2025-09-17 13:15:22,482] Trial 32 finished with value: 0.8912280701754386 and parameters: {'num_leaves': 147, 'learning_rate': 0.07921237567429879, 'feature_fraction': 0.7389710217483052, 'bagging_fraction': 0.9633514779931037, 'bagging_freq': 6, 'min_child_samples': 11}. Best is trial 11 with value: 0.9333333333333333.
[I 2025-09-17 13:15:22,514] Trial 33 finished with value: 0.912280701754386 and parameters: {'num_leaves': 169, 'learning_rate': 0.15404149564201558, 'feature_fraction': 0.6577573414582706, 'bagging_fraction': 0.9141480839338676, 'bagging_freq': 5, 'min_child_samples': 27}. Best is trial 11 with value: 0.9333333333333333.
[I 2025-09-17 13:15:22,526] Trial 34 finished with value: 0.5 and parameters: {'num_leaves': 210, 'learning_rate': 0.17821462681008415, 'feature_fraction': 0.7650115947140103, 'bagging_fraction': 0.97020706208877, 'bagging_freq': 4, 'min_child_samples': 84}. Best is trial 11 with value: 0.9333333333333333.
[I 2025-09-17 13:15:22,585] Trial 35 finished with value: 0.9017543859649123 and parameters: {'num_leaves': 238, 'learning_rate': 0.0463847407101924, 'feature_fraction': 0.6908317360926456, 'bagging_fraction': 0.8687280436540503, 'bagging_freq': 6, 'min_child_samples': 19}. Best is trial 11 with value: 0.9333333333333333.
[I 2025-09-17 13:15:22,650] Trial 36 finished with value: 0.9508771929824562 and parameters: {'num_leaves': 75, 'learning_rate': 0.12369794254435629, 'feature_fraction': 0.6168430408773552, 'bagging_fraction': 0.9490063401836483, 'bagging_freq': 5, 'min_child_samples': 17}. Best is trial 36 with value: 0.9508771929824562.
[I 2025-09-17 13:15:22,663] Trial 37 finished with value: 0.5 and parameters: {'num_leaves': 130, 'learning_rate': 0.15862153696096332, 'feature_fraction': 0.6062413285217615, 'bagging_fraction': 0.41912784602765996, 'bagging_freq': 4, 'min_child_samples': 49}. Best is trial 36 with value: 0.9508771929824562.
[I 2025-09-17 13:15:22,692] Trial 38 finished with value: 0.9298245614035088 and parameters: {'num_leaves': 180, 'learning_rate': 0.0817377402079514, 'feature_fraction': 0.5679697549517668, 'bagging_fraction': 0.9627884138081496, 'bagging_freq': 5, 'min_child_samples': 36}. Best is trial 36 with value: 0.9508771929824562.
[I 2025-09-17 13:15:22,716] Trial 39 finished with value: 0.8912280701754387 and parameters: {'num_leaves': 82, 'learning_rate': 0.20635359303506595, 'feature_fraction': 0.5645770577635858, 'bagging_fraction': 0.8146833493182875, 'bagging_freq': 5, 'min_child_samples': 34}. Best is trial 36 with value: 0.9508771929824562.
[I 2025-09-17 13:15:22,732] Trial 40 finished with value: 0.5 and parameters: {'num_leaves': 106, 'learning_rate': 0.08089136868540787, 'feature_fraction': 0.48005334673624045, 'bagging_fraction': 0.6373710360825013, 'bagging_freq': 3, 'min_child_samples': 57}. Best is trial 36 with value: 0.9508771929824562.
[I 2025-09-17 13:15:22,769] Trial 41 finished with value: 0.9157894736842106 and parameters: {'num_leaves': 175, 'learning_rate': 0.10512752139304293, 'feature_fraction': 0.632652390757647, 'bagging_fraction': 0.9598186727443618, 'bagging_freq': 5, 'min_child_samples': 25}. Best is trial 36 with value: 0.9508771929824562.
[I 2025-09-17 13:15:22,803] Trial 42 finished with value: 0.9122807017543859 and parameters: {'num_leaves': 192, 'learning_rate': 0.1214249922681943, 'feature_fraction': 0.550243210592176, 'bagging_fraction': 0.9892410713173603, 'bagging_freq': 5, 'min_child_samples': 29}. Best is trial 36 with value: 0.9508771929824562.
[I 2025-09-17 13:15:22,820] Trial 43 finished with value: 0.5 and parameters: {'num_leaves': 162, 'learning_rate': 0.14555437475505878, 'feature_fraction': 0.5775593544760174, 'bagging_fraction': 0.9040718522354972, 'bagging_freq': 4, 'min_child_samples': 100}. Best is trial 36 with value: 0.9508771929824562.
[I 2025-09-17 13:15:22,847] Trial 44 finished with value: 0.894736842105263 and parameters: {'num_leaves': 137, 'learning_rate': 0.04241688594901191, 'feature_fraction': 0.6692502466035049, 'bagging_fraction': 0.9541560785448668, 'bagging_freq': 5, 'min_child_samples': 38}. Best is trial 36 with value: 0.9508771929824562.
[I 2025-09-17 13:15:22,902] Trial 45 finished with value: 0.9157894736842105 and parameters: {'num_leaves': 206, 'learning_rate': 0.10565704477072939, 'feature_fraction': 0.7398649415668267, 'bagging_fraction': 0.9189476541544406, 'bagging_freq': 4, 'min_child_samples': 19}. Best is trial 36 with value: 0.9508771929824562.
[I 2025-09-17 13:15:23,025] Trial 46 finished with value: 0.9087719298245615 and parameters: {'num_leaves': 225, 'learning_rate': 0.08945492924002556, 'feature_fraction': 0.5262011256976914, 'bagging_fraction': 0.9981555463930872, 'bagging_freq': 7, 'min_child_samples': 10}. Best is trial 36 with value: 0.9508771929824562.
[I 2025-09-17 13:15:23,081] Trial 47 finished with value: 0.9157894736842105 and parameters: {'num_leaves': 72, 'learning_rate': 0.1664312762930958, 'feature_fraction': 0.48541725749064046, 'bagging_fraction': 0.8934269977717509, 'bagging_freq': 5, 'min_child_samples': 17}. Best is trial 36 with value: 0.9508771929824562.
[I 2025-09-17 13:15:23,109] Trial 48 finished with value: 0.8842105263157894 and parameters: {'num_leaves': 182, 'learning_rate': 0.12258844829109528, 'feature_fraction': 0.7875421003075501, 'bagging_fraction': 0.5766879648629146, 'bagging_freq': 6, 'min_child_samples': 30}. Best is trial 36 with value: 0.9508771929824562.
[I 2025-09-17 13:15:23,150] Trial 49 finished with value: 0.9157894736842106 and parameters: {'num_leaves': 110, 'learning_rate': 0.07939149456204048, 'feature_fraction': 0.6425948423292179, 'bagging_fraction': 0.8391136012548894, 'bagging_freq': 6, 'min_child_samples': 24}. Best is trial 36 with value: 0.9508771929824562.
[I 2025-09-17 13:15:23,523] A new study created in memory with name: no-name-a3e18d0c-dfb3-4fca-bbad-7700db8080f6
[I 2025-09-17 13:15:23,533] Trial 0 finished with value: 0.5 and parameters: {'num_leaves': 138, 'learning_rate': 0.1124306498795021, 'feature_fraction': 0.6896911833585299, 'bagging_fraction': 0.9546892859164805, 'bagging_freq': 7, 'min_child_samples': 82}. Best is trial 0 with value: 0.5.
[I 2025-09-17 13:15:23,542] Trial 1 finished with value: 0.5 and parameters: {'num_leaves': 200, 'learning_rate': 0.2906696749373567, 'feature_fraction': 0.935689440852608, 'bagging_fraction': 0.8213055065865658, 'bagging_freq': 4, 'min_child_samples': 70}. Best is trial 0 with value: 0.5.
